
Initial statistics: 2 variables; iteration 0; function evaluation 0; phase 1
Function value 1.3796251e+04; maximum gradient component mag 4.9751e+04
Var    Value     Gradient |Var    Value     Gradient |Var    Value     Gradient
  1  0.33333  4.97508e+04 |  2  0.21635  2.24795e+04 |

 - final statistics:
2 variables; iteration 10; function evaluation 22
Function value 8.6494e+02; maximum gradient component mag -6.1060e+00
Exit code = 1;  converg criter 1.0000e+01
Var    Value     Gradient |Var    Value     Gradient |Var    Value     Gradient
  1 -0.06535 -6.10598e+00 |  2  0.23857  1.66054e-02 |

Initial statistics: 45 variables; iteration 0; function evaluation 0; phase 2
Function value 8.6494280e+02; maximum gradient component mag -5.2647e+03
Var    Value     Gradient |Var    Value     Gradient |Var    Value     Gradient
  1 -0.06535 -6.10598e+00 |  2  0.00000  3.27100e+02 |  3  0.00000  1.49185e+02
  4  0.00000  1.48650e+01 |  5  0.00000  7.71647e+01 |  6  0.00000  1.15181e+01
  7  0.00000  4.22778e+01 |  8  0.00000  9.10464e+01 |  9  0.00000  5.30175e+01
 10  0.00000  5.54579e+01 | 11  0.00000 -9.04316e+00 | 12  0.00000  2.64092e+01
 13  0.00000 -1.96466e+01 | 14  0.00000  6.13819e-02 | 15  0.00000 -7.56165e+00
 16  0.00000 -8.55430e+01 | 17  0.00000 -4.16860e+01 | 18  0.00000  2.22059e+01
 19  0.00000 -5.84102e+01 | 20  0.00000 -3.41360e+01 | 21  0.00000 -6.57156e+01
 22  0.00000  1.62535e+01 | 23  0.00000  2.53118e+02 | 24  0.00000  2.82702e+02
 25  0.00000  4.52070e+02 | 26  0.00000  4.08610e+02 | 27  0.00000  4.74871e+02
 28  0.00000  5.29468e+02 | 29  0.00000  1.53230e+02 | 30  0.00000  6.72859e+01
 31  0.00000 -9.99615e+02 | 32  0.00000  5.25660e+01 | 33  0.00000 -5.39577e+02
 34  0.00000  1.59156e+02 | 35  0.00000 -5.70333e+02 | 36  0.00000 -1.93868e+02
 37  0.00000  2.45670e+01 | 38  0.00000 -6.40410e+02 | 39  0.00000  1.24869e+01
 40  0.21635 -5.26472e+03 | 41  0.21635 -3.16600e+03 | 42  0.23857  1.66054e-02
 43 -0.30909 -9.43625e+02 | 44  0.12819  1.13671e+01 | 45 -0.30909  1.32265e+03

Intermediate statistics: 45 variables; iteration 20; function evaluation 35; phase 2
Function value 5.5159239e+02; maximum gradient component mag 3.5146e+04
Var    Value     Gradient |Var    Value     Gradient |Var    Value     Gradient
  1 -0.07680  3.51459e+04 |  2 -0.21515  2.39725e+02 |  3 -0.10400  2.65323e+02
  4  0.00337  5.10980e+02 |  5 -0.01203 -3.35021e+01 |  6  0.01627  2.51217e+01
  7 -0.08154 -3.49775e+02 |  8 -0.12006 -3.87095e+02 |  9 -0.08109 -3.81133e+02
 10 -0.07751 -3.58527e+02 | 11 -0.00409 -3.03436e+02 | 12 -0.01703 -3.62786e+02
 13  0.02767 -3.29445e+02 | 14  0.00171 -3.61654e+02 | 15 -0.01004 -2.29123e+02
 16  0.06411 -7.21472e+01 | 17  0.04051 -1.41351e+02 | 18 -0.00579 -2.03683e+02
 19  0.04451  2.77306e+00 | 20  0.03519 -7.64196e+00 | 21  0.03925  6.30570e+01
 22  0.01387  2.19125e+01 | 23 -0.09525 -2.15228e+02 | 24 -0.06798 -2.84361e+01
 25 -0.08774  4.35999e+01 | 26 -0.01610  4.21295e+02 | 27 -0.00275  6.45600e+02
 28  0.00541  7.14349e+02 | 29  0.06624  1.15610e+03 | 30  0.02330  5.72655e+02
 31  0.10351  1.88964e+03 | 32 -0.00791  3.08518e+01 | 33  0.04154  4.41638e+02
 34 -0.04574 -5.48682e+02 | 35  0.05007 -4.73694e+01 | 36  0.01454 -3.97238e+02
 37 -0.01382 -6.43912e+02 | 38  0.07497 -4.52575e+02 | 39  0.07673 -3.96750e+02
 40  0.23032 -4.94457e+03 | 41  0.23032 -2.43515e+03 | 42  0.27813  2.85957e+03
 43 -0.28640 -1.44981e+03 | 44  0.01027  2.37945e+02 | 45 -0.28503  9.69102e+02
45 variables; iteration 40; function evaluation 62; phase 2
Function value 4.5067566e+02; maximum gradient component mag 1.9857e+04
Var    Value     Gradient |Var    Value     Gradient |Var    Value     Gradient
  1 -0.07643  1.98565e+04 |  2 -0.20142  1.42059e+02 |  3 -0.13420  1.02305e+02
  4 -0.01508  1.70883e+02 |  5 -0.01218 -8.73873e+01 |  6  0.02495 -3.87501e+01
  7 -0.08520 -1.93659e+02 |  8 -0.11196 -1.94368e+02 |  9 -0.07042 -1.82687e+02
 10 -0.10020 -2.29303e+02 | 11  0.00610 -1.29394e+02 | 12 -0.04088 -2.66073e+02
 13  0.02975 -2.02835e+02 | 14 -0.00233 -2.09275e+02 | 15 -0.01763 -1.87632e+01
 16  0.09079  3.69299e+02 | 17  0.04058  8.12901e+01 | 18 -0.02824 -9.83202e+01
 19  0.02685  3.04342e+01 | 20  0.01339 -9.93503e+00 | 21  0.05737  2.89115e+02
 22  0.02932  1.72411e+02 | 23 -0.10581 -1.46880e+02 | 24 -0.05575  3.39471e+01
 25 -0.07634  7.36278e+01 | 26 -0.01911  2.06606e+02 | 27 -0.01488  2.87489e+02
 28  0.00141  3.70343e+02 | 29  0.06683  5.97955e+02 | 30  0.02449  3.95824e+02
 31  0.08097  3.26951e+02 | 32 -0.01170 -1.62784e+02 | 33  0.03858  1.52130e+02
 34 -0.02166 -1.96650e+02 | 35  0.05166 -1.06137e+02 | 36  0.01423 -3.66195e+02
 37 -0.01060 -4.77064e+02 | 38  0.07795 -2.74693e+02 | 39  0.09957 -1.23994e+02
 40  0.24200 -2.27644e+03 | 41  0.24182 -7.16311e+02 | 42  0.27045  1.81501e+03
 43 -0.29435 -2.62531e+03 | 44 -0.02579  3.78481e+02 | 45 -0.28523  1.25923e+02
45 variables; iteration 60; function evaluation 96; phase 2
Function value 3.8139555e+02; maximum gradient component mag 2.2507e+04
Var    Value     Gradient |Var    Value     Gradient |Var    Value     Gradient
  1 -0.07736  2.25068e+04 |  2 -0.24432  5.72430e+01 |  3 -0.16597  4.43215e+01
  4 -0.00838  1.06421e+02 |  5 -0.00305 -2.01617e+02 |  6  0.03747 -1.70284e+02
  7 -0.09358 -2.68587e+02 |  8 -0.11186 -2.52343e+02 |  9 -0.06454 -2.11339e+02
 10 -0.10320 -9.19076e+01 | 11 -0.02087  1.44015e+02 | 12 -0.01529  1.57989e+02
 13  0.05118  4.69476e+02 | 14  0.00001  2.23158e+02 | 15 -0.02128  2.37982e+02
 16  0.06086  6.22625e+02 | 17  0.05273  4.79839e+02 | 18  0.00683  2.10636e+02
 19  0.01517  9.27731e+01 | 20  0.02247  9.99534e+01 | 21  0.01865  8.41153e+01
 22  0.01718  9.36968e+01 | 23 -0.08747 -1.14766e+02 | 24 -0.06206 -7.37320e-01
 25 -0.08820 -1.36243e+01 | 26  0.01861  3.02620e+02 | 27 -0.00850  1.64564e+02
 28 -0.00471  3.28133e+01 | 29  0.08308  3.00352e+02 | 30  0.01727 -1.22374e+02
 31  0.08281 -6.43050e+01 | 32 -0.00193 -2.33539e+02 | 33  0.02717 -2.47864e+02
 34 -0.01656 -2.39693e+02 | 35  0.05373 -2.12194e+02 | 36  0.02438 -2.85201e+02
 37  0.00469 -3.14957e+02 | 38  0.06932 -2.98857e+02 | 39  0.03955 -3.22843e+02
 40  0.25504  3.72510e+01 | 41  0.25091  3.04771e+01 | 42  0.25663 -2.76569e+00
 43 -0.29879  4.16054e+02 | 44 -0.08050 -9.00412e+01 | 45 -0.28296  1.87117e+02
Maximum number of function evaluations exceeded

 - final statistics:
45 variables; iteration 65; function evaluation 100
Function value 3.7901e+02; maximum gradient component mag 3.3436e+03
Exit code = 3;  converg criter 1.0000e+01
Var    Value     Gradient |Var    Value     Gradient |Var    Value     Gradient
  1 -0.07742  3.34360e+03 |  2 -0.25482  2.07102e+01 |  3 -0.17094  1.80614e+01
  4 -0.00336  4.20269e+01 |  5 -0.00822 -1.54314e+01 |  6  0.03973  7.51804e+00
  7 -0.08723 -1.78982e+01 |  8 -0.11458 -2.35959e+01 |  9 -0.06516 -9.58859e+00
 10 -0.11235  7.15702e-01 | 11 -0.01950  5.49294e+01 | 12 -0.01154  3.74906e+01
 13  0.04732  7.76136e+01 | 14  0.00836  6.76158e+01 | 15 -0.02424  6.45089e+01
 16  0.06223  1.24746e+02 | 17  0.04941  8.86426e+01 | 18  0.00113  4.06600e+01
 19  0.01879 -3.53962e+01 | 20  0.02218 -3.17024e+01 | 21  0.01971 -2.26765e+01
 22  0.01380 -3.02897e+01 | 23 -0.07590 -2.37319e+01 | 24 -0.06604 -2.25558e+01
 25 -0.09535 -1.21628e+01 | 26  0.02124 -9.59647e-01 | 27 -0.01200  3.67778e+00
 28 -0.00014  6.08536e+00 | 29  0.08330  2.97277e+01 | 30  0.01892 -1.99326e+01
 31  0.08283  4.37997e+01 | 32 -0.00176 -2.69465e+01 | 33  0.02742 -6.63093e+01
 34 -0.01730 -3.86039e+01 | 35  0.05275 -5.70250e+01 | 36  0.02503 -6.32998e+01
 37  0.00596 -5.34763e+01 | 38  0.06939 -4.42942e+01 | 39  0.04012 -4.52475e+01
 40  0.25541  4.27348e+01 | 41  0.25134  2.54822e+01 | 42  0.25721  4.27952e+01
 43 -0.29745 -9.62609e+01 | 44 -0.07473  2.09969e+01 | 45 -0.28337 -3.06057e+01

Initial statistics: 49 variables; iteration 0; function evaluation 0; phase 3
Function value 3.7900760e+02; maximum gradient component mag -4.7497e+03
Var    Value     Gradient |Var    Value     Gradient |Var    Value     Gradient
  1 -0.07742  3.34360e+03 |  2 -0.25482  2.07102e+01 |  3 -0.17094  1.80614e+01
  4 -0.00336  4.20269e+01 |  5 -0.00821 -1.50500e+01 |  6  0.03974  7.89868e+00
  7 -0.08722 -1.75204e+01 |  8 -0.11457 -2.32208e+01 |  9 -0.06514 -9.20920e+00
 10 -0.11234  1.09118e+00 | 11 -0.01949  5.53106e+01 | 12 -0.01153  3.78719e+01
 13  0.04734  7.79939e+01 | 14  0.00837  6.79971e+01 | 15 -0.02423  6.48901e+01
 16  0.06224  1.25125e+02 | 17  0.04942  8.90228e+01 | 18  0.00114  4.10414e+01
 19  0.01880 -3.50149e+01 | 20  0.02219 -3.13212e+01 | 21  0.01972 -2.22953e+01
 22  0.01381 -2.99084e+01 | 23 -0.07589 -2.33533e+01 | 24 -0.06603 -2.21765e+01
 25 -0.09534 -1.17857e+01 | 26  0.02125 -5.78461e-01 | 27 -0.01199  4.05911e+00
 28 -0.00013  6.46676e+00 | 29  0.08331  3.01058e+01 | 30  0.01893 -1.95514e+01
 31  0.08284  4.41777e+01 | 32 -0.00175 -2.65651e+01 | 33  0.02743 -6.59282e+01
 34 -0.01729 -3.82226e+01 | 35  0.05276 -5.66448e+01 | 36  0.02504 -6.29186e+01
 37  0.00598 -5.30949e+01 | 38  0.06940 -4.39150e+01 | 39  0.04013 -4.48668e+01
 40  0.25541  4.27348e+01 | 41  0.25134  2.54822e+01 | 42  0.21635 -4.74974e+03
 43  0.25721  4.27952e+01 | 44 -0.29745 -9.62609e+01 | 45 -0.07473  2.09969e+01
 46 -0.30909 -9.50206e+02 | 47 -0.43452  3.26943e-05 | 48 -0.28337 -3.06057e+01
 49 -0.36199  1.49250e+01 |

Intermediate statistics: 49 variables; iteration 20; function evaluation 27; phase 3
Function value 2.6499171e+02; maximum gradient component mag 6.8542e+04
Var    Value     Gradient |Var    Value     Gradient |Var    Value     Gradient
  1 -0.07720  6.85417e+04 |  2 -0.25686  4.45660e+01 |  3 -0.17377  3.66233e+01
  4  0.00017  1.20141e+02 |  5 -0.00602 -8.66250e+02 |  6  0.03742 -8.06523e+02
  7 -0.08500 -8.75349e+02 |  8 -0.11401 -8.76288e+02 |  9 -0.06930 -8.11409e+02
 10 -0.12231 -6.90617e+02 | 11 -0.03167 -3.23973e+02 | 12 -0.01360 -1.86713e+02
 13  0.04626  2.70725e+02 | 14  0.01921  6.53195e+02 | 15 -0.02314  5.23056e+02
 16  0.06390  1.80327e+03 | 17  0.05039  1.26124e+03 | 18 -0.00402  4.60634e+02
 19  0.00768  1.20275e+03 | 20  0.01644  1.04366e+03 | 21  0.02180  3.90004e+02
 22  0.01290  2.26295e+02 | 23 -0.08532 -3.86884e+02 | 24 -0.07628 -3.10152e+02
 25 -0.11583 -4.86260e+02 | 26  0.03663  1.58736e+02 | 27  0.00293 -1.05626e+02
 28 -0.00299  7.98029e+02 | 29  0.07814  1.70181e+03 | 30  0.03035  3.37040e+02
 31  0.07304 -4.88285e+02 | 32 -0.00012 -6.34665e+02 | 33  0.02288 -1.83837e+02
 34 -0.01714 -3.10532e+02 | 35  0.05457  8.72488e+01 | 36  0.03792 -1.14700e+02
 37  0.00925 -6.09444e+02 | 38  0.06663 -8.38378e+02 | 39  0.07586 -9.94805e+02
 40  0.26095  7.59474e+02 | 41  0.27086  1.13652e+02 | 42  0.25296 -1.98428e+03
 43  0.26393  1.83982e+02 | 44 -0.28497 -1.03134e+03 | 45  0.01531  1.76025e+02
 46 -0.26395  8.64668e+02 | 47 -0.43360 -7.47604e+02 | 48 -0.24339  6.14977e+02
 49 -0.27682 -2.27647e+02 |
49 variables; iteration 40; function evaluation 57; phase 3
Function value 2.3395862e+02; maximum gradient component mag 2.8042e+04
Var    Value     Gradient |Var    Value     Gradient |Var    Value     Gradient
  1 -0.07777  2.80424e+04 |  2 -0.26240  1.14470e+01 |  3 -0.17683  1.07474e+01
  4  0.00221  3.64273e+01 |  5 -0.00798 -3.66431e+02 |  6  0.03910 -3.16824e+02
  7 -0.07555 -2.77451e+02 |  8 -0.10423 -2.88461e+02 |  9 -0.07525 -2.85316e+02
 10 -0.12631 -2.78882e+02 | 11 -0.02813 -9.07941e+01 | 12 -0.01337 -4.91326e+01
 13  0.04930  1.69882e+02 | 14  0.01835  3.27365e+02 | 15 -0.02552  2.71328e+02
 16  0.06880  9.27450e+02 | 17  0.05236  6.35857e+02 | 18 -0.00742  2.36114e+02
 19  0.01153  6.95116e+02 | 20  0.01473  5.34128e+02 | 21  0.02347  2.52157e+02
 22  0.00930  1.18406e+02 | 23 -0.08475 -1.45513e+02 | 24 -0.06702 -1.02697e+02
 25 -0.11289 -1.99293e+02 | 26  0.03416  8.06708e+01 | 27  0.00960 -3.22838e+01
 28 -0.00491  3.36588e+02 | 29  0.08001  6.10799e+02 | 30  0.03267  2.74529e+02
 31  0.07843 -1.56292e+02 | 32 -0.00847 -3.46399e+02 | 33  0.02955 -1.75198e+02
 34 -0.01880 -2.59216e+02 | 35  0.05296 -2.19969e+02 | 36  0.03259 -3.38602e+02
 37  0.00722 -4.57941e+02 | 38  0.06421 -5.59977e+02 | 39  0.05365 -4.04491e+02
 40  0.25890  1.28917e+02 | 41  0.27278  4.87688e+02 | 42  0.26724 -9.26520e+02
 43  0.26447  4.13265e+01 | 44 -0.28174 -1.27437e+03 | 45  0.03453  2.18925e+02
 46 -0.26945  5.57442e+02 | 47 -0.43356 -4.23762e+02 | 48 -0.23552  2.44339e+02
 49 -0.24727 -4.82282e+01 |
49 variables; iteration 60; function evaluation 83; phase 3
Function value 2.0674087e+02; maximum gradient component mag 1.1614e+04
Var    Value     Gradient |Var    Value     Gradient |Var    Value     Gradient
  1 -0.07783  1.16135e+04 |  2 -0.26694  2.38647e+00 |  3 -0.18055  3.37679e+00
  4 -0.00248  8.62808e+00 |  5 -0.00142 -1.57082e+02 |  6  0.04125 -1.57210e+02
  7 -0.08963 -1.63588e+02 |  8 -0.11568 -1.62431e+02 |  9 -0.06373 -1.41441e+02
 10 -0.11952 -8.35711e+01 | 11 -0.02478  3.08599e+01 | 12 -0.00623  5.94761e+01
 13  0.05395  1.77284e+02 | 14  0.00105  1.09857e+02 | 15 -0.03365  7.91922e+01
 16  0.06501  3.20132e+02 | 17  0.05653  2.39086e+02 | 18 -0.00184  7.09174e+01
 19  0.00519  2.21885e+02 | 20  0.02080  2.08910e+02 | 21  0.01301  5.80514e+01
 22  0.01121  5.53869e+01 | 23 -0.08617 -5.79348e+01 | 24 -0.05808 -2.67503e+01
 25 -0.09930 -5.75882e+01 | 26  0.02751  9.68662e+00 | 27  0.01788  5.55106e+01
 28 -0.01992  1.67729e+02 | 29  0.09394  5.24752e+02 | 30  0.01961 -1.34112e+01
 31  0.07835 -8.31464e+01 | 32 -0.00626 -1.39595e+02 | 33  0.03002 -1.75494e+02
 34 -0.01989 -1.71797e+02 | 35  0.05067 -1.79103e+02 | 36  0.03398 -1.61077e+02
 37  0.00976 -1.56291e+02 | 38  0.06616 -1.35954e+02 | 39  0.04883 -1.62364e+02
 40  0.25898 -3.55469e+01 | 41  0.26823 -7.44475e+00 | 42  0.27888 -5.72588e+01
 43  0.26194  4.99827e+01 | 44 -0.28343 -1.35922e+02 | 45 -0.01558  3.11359e+01
 46 -0.28157 -4.21537e+01 | 47 -0.43612  2.34292e+01 | 48 -0.26580  9.81856e+00
 49 -0.32135  5.56637e+00 |
49 variables; iteration 80; function evaluation 103; phase 3
Function value 2.0371033e+02; maximum gradient component mag 4.3422e+02
Var    Value     Gradient |Var    Value     Gradient |Var    Value     Gradient
  1 -0.07819  4.34222e+02 |  2 -0.26523  9.61485e-01 |  3 -0.18246  7.48476e-01
  4 -0.00210  2.61018e+00 |  5 -0.00151 -3.64078e+00 |  6  0.04301 -2.58386e+00
  7 -0.08732 -3.29957e+00 |  8 -0.11222 -3.45798e+00 |  9 -0.06500 -2.33156e+00
 10 -0.12538 -2.76090e+00 | 11 -0.03234  1.38357e+00 | 12 -0.00719  2.28587e+00
 13  0.05939  7.61893e+00 | 14  0.00347  6.76296e+00 | 15 -0.03427  6.51374e+00
 16  0.06624  1.81326e+01 | 17  0.05638  1.35942e+01 | 18 -0.00157  5.45780e+00
 19  0.00358  8.47850e+00 | 20  0.01903  8.50912e+00 | 21  0.01778  4.71549e+00
 22  0.00953  2.85385e+00 | 23 -0.08624 -7.03442e-01 | 24 -0.05713  3.77280e-01
 25 -0.10520 -6.83158e-01 | 26  0.03063  2.12161e+00 | 27  0.01904 -3.35224e-01
 28 -0.01298 -7.41594e+00 | 29  0.08610 -7.62029e+00 | 30  0.02293 -4.27808e+00
 31  0.07963 -4.16950e+00 | 32 -0.00495 -5.07446e+00 | 33  0.03066 -6.36697e+00
 34 -0.01902 -6.18017e+00 | 35  0.05174 -5.90931e+00 | 36  0.03481 -5.78870e+00
 37  0.01072 -4.78655e+00 | 38  0.06421 -5.43895e+00 | 39  0.04183 -6.27295e+00
 40  0.25943 -1.24472e+00 | 41  0.26889  8.92189e-01 | 42  0.28058  3.90838e-01
 43  0.26139 -2.21222e+00 | 44 -0.27503  3.86179e+01 | 45  0.01954 -5.95108e+00
 46 -0.29355 -1.78503e+00 | 47 -0.45824  9.81103e-01 | 48 -0.28789 -3.26437e+00
 49 -0.40144  1.13572e+00 |
49 variables; iteration 100; function evaluation 124; phase 3
Function value 2.0366197e+02; maximum gradient component mag 2.3059e+01
Var    Value     Gradient |Var    Value     Gradient |Var    Value     Gradient
  1 -0.07822  2.30585e+01 |  2 -0.26532  3.13851e-01 |  3 -0.18246  2.63503e-01
  4 -0.00196  1.01591e+00 |  5 -0.00153  6.39559e-01 |  6  0.04315  1.20801e+00
  7 -0.08720  7.72853e-01 |  8 -0.11222  5.98769e-01 |  9 -0.06505  9.70643e-01
 10 -0.12587 -1.65853e-01 | 11 -0.03283  4.99725e-02 | 12 -0.00715 -1.01577e-01
 13  0.05977  1.85980e-01 | 14  0.00393 -5.18873e-01 | 15 -0.03482 -9.93392e-01
 16  0.06634 -7.35162e-01 | 17  0.05675 -1.14142e-01 | 18 -0.00203 -7.96062e-01
 19  0.00387  1.84777e+00 | 20  0.01878  1.01763e+00 | 21  0.01802  1.69675e+00
 22  0.00979  1.28633e+00 | 23 -0.08654  2.04462e-01 | 24 -0.05697  4.49607e-01
 25 -0.10586 -1.84752e-02 | 26  0.03068  5.38902e-02 | 27  0.01899 -1.05066e-01
 28 -0.01288  8.55813e-01 | 29  0.08622  8.60452e-01 | 30  0.02296 -7.13483e-01
 31  0.07971 -4.61299e-01 | 32 -0.00486 -4.31061e-02 | 33  0.03072 -2.15629e+00
 34 -0.01895 -1.20500e+00 | 35  0.05180 -1.75684e+00 | 36  0.03488 -1.17718e+00
 37  0.01070 -8.76201e-01 | 38  0.06428 -7.37519e-01 | 39  0.04182 -2.00037e-01
 40  0.25944  6.81069e-01 | 41  0.26890  6.73948e-01 | 42  0.28061  8.84538e-01
 43  0.26141 -5.32751e-01 | 44 -0.28589 -4.66482e+00 | 45 -0.02750  1.12303e+00
 46 -0.29469  2.91711e-01 | 47 -0.46032 -1.64311e-01 | 48 -0.30124 -1.08879e+01
 49 -0.45422  2.67124e+00 |
49 variables; iteration 120; function evaluation 144; phase 3
Function value 2.0366126e+02; maximum gradient component mag 7.7371e-01
Var    Value     Gradient |Var    Value     Gradient |Var    Value     Gradient
  1 -0.07822  7.73708e-01 |  2 -0.26528 -4.11592e-04 |  3 -0.18246 -5.97788e-04
  4 -0.00199 -1.76970e-03 |  5 -0.00152 -1.29416e-02 |  6  0.04314 -1.20526e-02
  7 -0.08723 -1.58152e-02 |  8 -0.11222 -1.36635e-02 |  9 -0.06514 -1.22568e-02
 10 -0.12593 -5.17750e-03 | 11 -0.03290 -8.92772e-05 | 12 -0.00708  3.57155e-03
 13  0.05976  2.05718e-02 | 14  0.00393 -3.19222e-03 | 15 -0.03454  8.33812e-03
 16  0.06633 -7.04127e-03 | 17  0.05652  3.09770e-03 | 18 -0.00182 -9.30317e-04
 19  0.00370  3.58245e-02 | 20  0.01889  2.90561e-02 | 21  0.01798 -3.06845e-02
 22  0.00977 -1.09234e-02 | 23 -0.08647 -1.60084e-02 | 24 -0.05699 -9.73345e-03
 25 -0.10581 -1.82266e-02 | 26  0.03068  2.82928e-02 | 27  0.01900  2.17524e-02
 28 -0.01291  2.22773e-02 | 29  0.08621  4.54959e-02 | 30  0.02297  1.20724e-02
 31  0.07970 -7.31648e-03 | 32 -0.00489 -6.61434e-03 | 33  0.03073 -1.69680e-02
 34 -0.01896 -1.26268e-02 | 35  0.05180 -4.12574e-03 | 36  0.03487 -7.52260e-03
 37  0.01071 -2.06316e-04 | 38  0.06428  1.75081e-03 | 39  0.04182 -1.06289e-02
 40  0.25944  1.53127e-02 | 41  0.26890  2.71734e-03 | 42  0.28060 -1.98913e-02
 43  0.26142  1.85581e-02 | 44 -0.28956 -2.62270e-02 | 45 -0.04347  9.56936e-03
 46 -0.29489  4.77412e-03 | 47 -0.46069 -6.26858e-03 | 48 -0.30492 -5.18164e-01
 49 -0.46934  1.21809e-01 |
49 variables; iteration 140; function evaluation 164; phase 3
Function value 2.0366123e+02; maximum gradient component mag -1.0701e+01
Var    Value     Gradient |Var    Value     Gradient |Var    Value     Gradient
  1 -0.07822 -1.07007e+01 |  2 -0.26530 -1.37924e-02 |  3 -0.18247 -8.56988e-03
  4 -0.00199 -8.55379e-03 |  5 -0.00152  1.42542e-01 |  6  0.04314  1.43756e-01
  7 -0.08722  2.04530e-01 |  8 -0.11222  1.90807e-01 |  9 -0.06514  1.90152e-01
 10 -0.12593  1.95352e-01 | 11 -0.03287  3.01096e-01 | 12 -0.00705  3.25501e-01
 13  0.05974  3.05242e-01 | 14  0.00390 -6.00703e-02 | 15 -0.03456 -1.82221e-02
 16  0.06638 -4.03187e-02 | 17  0.05648 -1.66545e-01 | 18 -0.00182  4.67438e-02
 19  0.00371  8.59187e-02 | 20  0.01889  5.84092e-02 | 21  0.01799  1.16478e-01
 22  0.00976  5.31487e-02 | 23 -0.08647  1.00073e-01 | 24 -0.05700  8.11366e-02
 25 -0.10580  1.14868e-01 | 26  0.03068 -1.02880e-01 | 27  0.01900 -1.07999e-01
 28 -0.01291 -1.44520e-01 | 29  0.08621 -3.18671e-01 | 30  0.02298  9.17353e-02
 31  0.07970 -7.58693e-01 | 32 -0.00489 -1.98619e-01 | 33  0.03073 -3.77426e-01
 34 -0.01896 -1.04080e-01 | 35  0.05180 -3.03288e-01 | 36  0.03487 -1.47209e-01
 37  0.01071 -3.27532e-02 | 38  0.06427 -1.84582e-02 | 39  0.04183  1.98173e-01
 40  0.25944 -8.75309e-02 | 41  0.26890  8.32219e-02 | 42  0.28060 -2.50484e-02
 43  0.26142  7.78852e-02 | 44 -0.29139 -4.71559e-02 | 45 -0.05139  1.10369e-02
 46 -0.29279 -4.01746e-01 | 47 -0.45688  2.18382e-01 | 48 -0.30390 -5.02016e+00
 49 -0.46514  1.21450e+00 |
49 variables; iteration 160; function evaluation 185; phase 3
Function value 2.0366116e+02; maximum gradient component mag -2.6545e+00
Var    Value     Gradient |Var    Value     Gradient |Var    Value     Gradient
  1 -0.07822 -1.68101e+00 |  2 -0.26528 -7.44822e-03 |  3 -0.18246 -5.20538e-03
  4 -0.00199 -1.01752e-02 |  5 -0.00152  1.58647e-02 |  6  0.04314  6.86547e-03
  7 -0.08723  1.69315e-02 |  8 -0.11222  1.79428e-02 |  9 -0.06514  1.78127e-02
 10 -0.12593  2.79529e-02 | 11 -0.03290  2.68908e-02 | 12 -0.00708  3.18359e-02
 13  0.05976  3.64851e-02 | 14  0.00393 -3.93934e-02 | 15 -0.03455 -5.91721e-02
 16  0.06634 -1.11782e-01 | 17  0.05652 -7.62104e-02 | 18 -0.00182 -1.08329e-02
 19  0.00370 -2.84523e-02 | 20  0.01889 -9.27830e-03 | 21  0.01798 -1.84727e-03
 22  0.00977  2.57426e-03 | 23 -0.08647  1.31363e-02 | 24 -0.05700  1.87184e-02
 25 -0.10581  2.40041e-02 | 26  0.03068  6.14044e-02 | 27  0.01900  2.32960e-02
 28 -0.01291  1.44913e-02 | 29  0.08621 -1.65143e-02 | 30  0.02297 -6.68648e-03
 31  0.07970 -7.42040e-02 | 32 -0.00489 -2.98694e-03 | 33  0.03073 -1.85529e-02
 34 -0.01896  1.21059e-02 | 35  0.05180  7.99128e-03 | 36  0.03487  1.99758e-02
 37  0.01071  1.90846e-02 | 38  0.06428  1.27383e-02 | 39  0.04182  3.27068e-02
 40  0.25944 -1.71718e-02 | 41  0.26890 -2.71740e-02 | 42  0.28060 -9.97398e-03
 43  0.26142  1.80277e-02 | 44 -0.30543 -2.65455e+00 | 45 -0.11228  6.10300e-01
 46 -0.28081  4.88809e-02 | 47 -0.43542 -2.96831e-02 | 48 -0.30162 -1.06870e+00
 49 -0.45577  2.59019e-01 |
49 variables; iteration 180; function evaluation 211; phase 3
Function value 2.0366115e+02; maximum gradient component mag -2.2335e+01
Var    Value     Gradient |Var    Value     Gradient |Var    Value     Gradient
  1 -0.07822  5.10096e-01 |  2 -0.26527  3.75230e-03 |  3 -0.18246  2.84617e-03
  4 -0.00199  7.87452e-03 |  5 -0.00152 -1.06055e-03 |  6  0.04314  1.94519e-03
  7 -0.08723 -1.46024e-03 |  8 -0.11222 -2.46335e-03 |  9 -0.06514 -1.21813e-03
 10 -0.12593 -4.04007e-04 | 11 -0.03290  1.11249e-02 | 12 -0.00708  1.40847e-02
 13  0.05976  2.74533e-02 | 14  0.00394  4.94801e-02 | 15 -0.03454  4.06537e-02
 16  0.06634  8.82267e-02 | 17  0.05651  6.44396e-02 | 18 -0.00182  2.77183e-02
 19  0.00370  1.29728e-02 | 20  0.01889  8.13475e-03 | 21  0.01798  8.49977e-03
 22  0.00977  9.20600e-03 | 23 -0.08646  3.86171e-05 | 24 -0.05700 -2.41997e-03
 25 -0.10581 -4.85472e-03 | 26  0.03068 -3.23118e-02 | 27  0.01901 -1.58629e-02
 28 -0.01291 -4.04768e-02 | 29  0.08621 -4.28495e-02 | 30  0.02297 -1.20597e-02
 31  0.07970  8.32577e-03 | 32 -0.00489 -6.52326e-03 | 33  0.03073 -3.78165e-02
 34 -0.01896 -3.22381e-02 | 35  0.05180 -4.92642e-02 | 36  0.03487 -4.38684e-02
 37  0.01071 -2.37294e-02 | 38  0.06428 -1.01279e-02 | 39  0.04182 -1.31986e-02
 40  0.25944  1.56703e-02 | 41  0.26890 -1.88750e-02 | 42  0.28060  8.23722e-03
 43  0.26142 -5.21725e-03 | 44 -0.30886 -2.23346e+01 | 45 -0.12718  5.13327e+00
 46 -0.27703  5.18380e-02 | 47 -0.42872 -2.68411e-02 | 48 -0.30000 -1.42865e-01
 49 -0.44922  3.22495e-02 |
  ic > imax  in fminim is answer attained ?
Var    Value     Gradient |Var    Value     Gradient |Var    Value     Gradient
  1 -0.07822 -1.05249e+00 |  2 -0.26527  4.05654e-03 |  3 -0.18246  2.81439e-03
  4 -0.00199  8.43556e-03 |  5 -0.00152  2.10769e-02 |  6  0.04314  2.18748e-02
  7 -0.08723  1.70567e-02 |  8 -0.11222  1.55052e-02 |  9 -0.06514  1.45593e-02
 10 -0.12593  3.16951e-02 | 11 -0.03289  6.31975e-02 | 12 -0.00707  6.58925e-02
 13  0.05976  8.64690e-02 | 14  0.00393  1.13374e-02 | 15 -0.03454 -4.74693e-03
 16  0.06634 -2.75282e-02 | 17  0.05651 -3.14423e-02 | 18 -0.00182  9.00433e-04
 19  0.00370 -3.64536e-04 | 20  0.01889  1.39686e-03 | 21  0.01798  4.99882e-02
 22  0.00977  3.95737e-02 | 23 -0.08646  2.90053e-02 | 24 -0.05700  2.18800e-02
 25 -0.10581  2.29388e-02 | 26  0.03068 -9.15290e-03 | 27  0.01901 -5.76416e-03
 28 -0.01291 -4.09229e-02 | 29  0.08621 -6.81134e-02 | 30  0.02297 -3.66187e-03
 31  0.07970  1.17917e-02 | 32 -0.00489  1.95562e-02 | 33  0.03072 -1.03234e-01
 34 -0.01896 -5.53106e-02 | 35  0.05180 -9.99181e-02 | 36  0.03487 -7.50704e-02
 37  0.01071 -2.74925e-02 | 38  0.06428 -4.09310e-03 | 39  0.04182  1.22021e-02
 40  0.25944  4.33705e-02 | 41  0.26890 -1.56735e-02 | 42  0.28060 -1.40528e-02
 43  0.26142  1.56809e-02 | 44 -0.30906 -2.21391e+01 | 45 -0.12807  5.08783e+00
 46 -0.27656  4.62068e-02 | 47 -0.42789 -2.26097e-02 | 48 -0.29959 -5.33168e-01
 49 -0.44756  1.28993e-01 |
Function minimizer not making progress ... is minimum attained?
Minimprove criterion = 0.0000e+00

 - final statistics:
49 variables; iteration 185; function evaluation 248
Function value 2.0366e+02; maximum gradient component mag -2.2139e+01
Exit code = 1;  converg criter 1.0000e-04
Var    Value     Gradient |Var    Value     Gradient |Var    Value     Gradient
  1 -0.07822 -1.05249e+00 |  2 -0.26527  4.05654e-03 |  3 -0.18246  2.81439e-03
  4 -0.00199  8.43556e-03 |  5 -0.00152  2.10769e-02 |  6  0.04314  2.18748e-02
  7 -0.08723  1.70567e-02 |  8 -0.11222  1.55052e-02 |  9 -0.06514  1.45593e-02
 10 -0.12593  3.16951e-02 | 11 -0.03289  6.31975e-02 | 12 -0.00707  6.58925e-02
 13  0.05976  8.64690e-02 | 14  0.00393  1.13374e-02 | 15 -0.03454 -4.74693e-03
 16  0.06634 -2.75282e-02 | 17  0.05651 -3.14423e-02 | 18 -0.00182  9.00433e-04
 19  0.00370 -3.64536e-04 | 20  0.01889  1.39686e-03 | 21  0.01798  4.99882e-02
 22  0.00977  3.95737e-02 | 23 -0.08646  2.90053e-02 | 24 -0.05700  2.18800e-02
 25 -0.10581  2.29388e-02 | 26  0.03068 -9.15290e-03 | 27  0.01901 -5.76416e-03
 28 -0.01291 -4.09229e-02 | 29  0.08621 -6.81134e-02 | 30  0.02297 -3.66187e-03
 31  0.07970  1.17917e-02 | 32 -0.00489  1.95562e-02 | 33  0.03072 -1.03234e-01
 34 -0.01896 -5.53106e-02 | 35  0.05180 -9.99181e-02 | 36  0.03487 -7.50704e-02
 37  0.01071 -2.74925e-02 | 38  0.06428 -4.09310e-03 | 39  0.04182  1.22021e-02
 40  0.25944  4.33705e-02 | 41  0.26890 -1.56735e-02 | 42  0.28060 -1.40528e-02
 43  0.26142  1.56809e-02 | 44 -0.30906 -2.21391e+01 | 45 -0.12807  5.08783e+00
 46 -0.27656  4.62068e-02 | 47 -0.42789 -2.26097e-02 | 48 -0.29959 -5.33168e-01
 49 -0.44756  1.28993e-01 |
Estimating row 1 out of 49 for hessian
Estimating row 2 out of 49 for hessian
Estimating row 3 out of 49 for hessian
Estimating row 4 out of 49 for hessian
Estimating row 5 out of 49 for hessian
Estimating row 6 out of 49 for hessian
Estimating row 7 out of 49 for hessian
Estimating row 8 out of 49 for hessian
Estimating row 9 out of 49 for hessian
Estimating row 10 out of 49 for hessian
Estimating row 11 out of 49 for hessian
Estimating row 12 out of 49 for hessian
Estimating row 13 out of 49 for hessian
Estimating row 14 out of 49 for hessian
Estimating row 15 out of 49 for hessian
Estimating row 16 out of 49 for hessian
Estimating row 17 out of 49 for hessian
Estimating row 18 out of 49 for hessian
Estimating row 19 out of 49 for hessian
Estimating row 20 out of 49 for hessian
Estimating row 21 out of 49 for hessian
Estimating row 22 out of 49 for hessian
Estimating row 23 out of 49 for hessian
Estimating row 24 out of 49 for hessian
Estimating row 25 out of 49 for hessian
Estimating row 26 out of 49 for hessian
Estimating row 27 out of 49 for hessian
Estimating row 28 out of 49 for hessian
Estimating row 29 out of 49 for hessian
Estimating row 30 out of 49 for hessian
Estimating row 31 out of 49 for hessian
Estimating row 32 out of 49 for hessian
Estimating row 33 out of 49 for hessian
Estimating row 34 out of 49 for hessian
Estimating row 35 out of 49 for hessian
Estimating row 36 out of 49 for hessian
Estimating row 37 out of 49 for hessian
Estimating row 38 out of 49 for hessian
Estimating row 39 out of 49 for hessian
Estimating row 40 out of 49 for hessian
Estimating row 41 out of 49 for hessian
Estimating row 42 out of 49 for hessian
Estimating row 43 out of 49 for hessian
Estimating row 44 out of 49 for hessian
Estimating row 45 out of 49 for hessian
Estimating row 46 out of 49 for hessian
Estimating row 47 out of 49 for hessian
Estimating row 48 out of 49 for hessian
Estimating row 49 out of 49 for hessian
Warning -- Hessian does not appear to be positive definite
Hessian does not appear to be positive definite.
size of file gradfil1.tmp = 0
size of file gradfil2.tmp = 0
size of file varssave.tmp = 0
size of file cmpdiff.tmp = 0
