
Initial statistics: 34 variables; iteration 0; function evaluation 0; phase 1
Function value 5.0607194e+03; maximum gradient component mag 2.8843e+04
Var    Value     Gradient |Var    Value     Gradient |Var    Value     Gradient
  1  0.33333  2.88430e+04 |  2  0.00000 -4.69960e+02 |  3  0.00000 -5.39587e+02
  4  0.00000 -5.25409e+02 |  5  0.00000 -4.73586e+02 |  6  0.00000 -4.97674e+02
  7  0.00000 -4.93599e+02 |  8  0.00000 -5.29404e+02 |  9  0.00000 -4.37211e+02
 10  0.00000 -3.74895e+02 | 11  0.00000 -2.58825e+02 | 12  0.00000 -3.29869e+02
 13  0.00000 -1.81472e+02 | 14  0.00000 -1.27311e+02 | 15  0.00000 -5.21445e+01
 16  0.00000  1.43829e+01 | 17  0.00000  2.28297e+02 | 18  0.00000  6.05233e+01
 19  0.00000 -2.66794e+01 | 20  0.00000  3.86416e+02 | 21  0.00000 -2.92732e-01
 22  0.00000  2.98766e+02 | 23  0.00000  8.07132e+01 | 24  0.00000 -1.57498e+02
 25  0.00000  3.33766e+02 | 26  0.00000  5.61477e+02 | 27  0.00000  1.09110e+03
 28  0.00000 -1.17642e+02 | 29  0.00000  1.19254e+03 | 30  0.00000 -3.69370e+02
 31  0.00000  1.14174e+03 | 32  0.00000  3.34859e+02 | 33  0.00000  2.25542e+02
 34  0.00000  1.23052e+01 |

Intermediate statistics: 34 variables; iteration 20; function evaluation 29; phase 1
Function value 2.3840729e+03; maximum gradient component mag 1.8009e+04
Var    Value     Gradient |Var    Value     Gradient |Var    Value     Gradient
  1  0.11962  1.80087e+04 |  2 -0.80267 -5.24449e+00 |  3 -0.15037  2.12684e+02
  4 -0.29346  1.15835e+02 |  5 -0.31191  2.01387e+02 |  6 -0.26341  3.39692e+02
  7 -1.03869 -4.29954e-02 |  8 -0.26274  6.30390e+01 |  9 -0.35086  1.61379e+01
 10  0.01590  3.32511e+02 | 11 -0.00352  3.03767e+02 | 12  0.00896  2.95192e+02
 13  0.04878  3.55929e+02 | 14  0.04152  3.80203e+02 | 15  0.02863  3.87597e+02
 16  0.11419  5.02636e+02 | 17  0.17228  7.39411e+02 | 18  0.18250  5.80297e+02
 19  0.19263  5.84138e+02 | 20  0.14059  7.31104e+02 | 21  0.09310  4.42841e+02
 22  0.08775  6.86838e+02 | 23  0.02791  4.02381e+02 | 24 -0.00699  2.07662e+02
 25  0.25241  1.09859e+03 | 26  0.21842  8.83856e+02 | 27  0.20106  1.00868e+03
 28  0.29660  1.30861e+03 | 29  0.17553  7.23628e+02 | 30  0.31918  1.25591e+03
 31  0.13530  4.51867e+01 | 32  0.27485  1.52883e+03 | 33  0.18952  4.78630e+02
 34  0.14547  4.45120e+02 |
34 variables; iteration 40; function evaluation 58; phase 1
Function value 5.9251661e+02; maximum gradient component mag -1.6035e+02
Var    Value     Gradient |Var    Value     Gradient |Var    Value     Gradient
  1  0.04003  2.84857e+01 |  2 -0.02081 -2.91403e+01 |  3  0.03546  2.19444e+00
  4 -0.03040  1.22669e+01 |  5 -0.11092  3.77114e+01 |  6 -0.16642  4.49112e+01
  7 -1.08026  4.05322e+01 |  8 -0.10668 -1.15677e+02 |  9 -0.12986 -1.35487e+02
 10  0.05211 -5.21215e+01 | 11  0.07785 -1.15230e+01 | 12  0.02041 -6.07193e+01
 13  0.10302 -9.61996e+00 | 14  0.07211 -5.85824e+00 | 15  0.03593  1.43969e+01
 16  0.04745 -2.87009e+01 | 17  0.04105 -2.17520e+01 | 18  0.08025 -8.71610e+01
 19  0.12403 -1.13231e+01 | 20  0.01556 -6.84867e+00 | 21  0.02609 -4.04790e+01
 22 -0.01471  4.99905e+01 | 23  0.02211 -8.06056e+00 | 24  0.02760 -1.53409e+00
 25  0.05112  5.23371e+01 | 26  0.08141 -4.10094e+01 | 27  0.00572 -7.17137e+01
 28  0.09170 -1.60347e+02 | 29 -0.02076 -4.59770e+01 | 30  0.16154 -7.24997e+01
 31  0.04990  4.75452e+01 | 32  0.08186  3.09616e+01 | 33  0.00752  7.78992e-01
 34 -0.10890 -4.50413e+01 |
34 variables; iteration 60; function evaluation 78; phase 1
Function value 4.7463674e+02; maximum gradient component mag -7.2331e+01
Var    Value     Gradient |Var    Value     Gradient |Var    Value     Gradient
  1  0.06076 -7.23314e+01 |  2 -0.03137 -1.67327e+01 |  3  0.01700 -2.45889e+01
  4 -0.03563 -4.97469e+01 |  5 -0.05853 -1.47527e+01 |  6 -0.03748 -3.16974e+01
  7 -2.00402  5.34002e-01 |  8  0.06177 -9.41249e+00 |  9  0.02514 -1.14093e+01
 10  0.04316 -1.29169e+01 | 11  0.02647 -1.44745e+01 | 12  0.02218 -1.11096e+01
 13  0.05134 -1.64455e+01 | 14  0.01536 -1.48704e+01 | 15 -0.04094 -1.74872e+01
 16  0.00644 -1.51983e+01 | 17 -0.00482 -1.60200e+01 | 18  0.07117 -8.24460e+00
 19  0.06990 -2.66480e+01 | 20 -0.02873  2.33753e+00 | 21 -0.01357 -1.57330e+01
 22 -0.10118 -7.74919e+00 | 23 -0.02282 -8.62258e+00 | 24 -0.03410 -1.56463e+01
 25 -0.01028  1.04764e+00 | 26  0.04624 -2.67327e+01 | 27 -0.02838 -2.69540e+01
 28  0.06671 -1.30550e+01 | 29 -0.04516  1.57825e+01 | 30  0.11829 -3.44356e+01
 31  0.00020 -1.22463e+01 | 32  0.03327 -8.31694e+00 | 33 -0.04097 -9.99936e+00
 34 -0.15892 -1.93900e+01 |

 - final statistics:
34 variables; iteration 71; function evaluation 89
Function value 4.7246e+02; maximum gradient component mag 1.9640e+00
Exit code = 1;  converg criter 1.0000e+01
Var    Value     Gradient |Var    Value     Gradient |Var    Value     Gradient
  1  0.06422 -8.07995e-01 |  2 -0.01797 -6.01972e-01 |  3  0.05119  5.04514e-01
  4  0.02590 -2.80928e-01 |  5 -0.02221  1.15572e+00 |  6 -0.00203  3.51829e-03
  7 -2.00230  2.48293e-01 |  8  0.05505 -1.53844e+00 |  9  0.01982  1.26036e+00
 10  0.03706 -3.23905e-01 | 11  0.02141  3.80215e-02 | 12  0.01522  3.85551e-01
 13  0.04694 -2.42707e-01 | 14  0.01061  3.75943e-01 | 15 -0.04303  3.06461e-01
 16  0.00245  1.96405e+00 | 17 -0.01063 -1.89341e+00 | 18  0.06280  4.86104e-02
 19  0.06960 -2.92725e-01 | 20 -0.04299  1.67158e+00 | 21 -0.01904 -6.11476e-01
 22 -0.11082 -1.56917e-01 | 23 -0.03112 -1.10757e+00 | 24 -0.03870  2.97070e-01
 25 -0.02216 -2.29268e-01 | 26  0.04170  2.23179e-01 | 27 -0.03335 -5.58197e-01
 28  0.05889 -1.12790e+00 | 29 -0.05659 -9.35836e-01 | 30  0.11428  8.47980e-01
 31 -0.00513 -1.24255e-02 | 32  0.02746  6.88288e-01 | 33 -0.04622 -1.75258e-01
 34 -0.16211 -3.78875e-01 |

Initial statistics: 41 variables; iteration 0; function evaluation 0; phase 2
Function value 4.7245701e+02; maximum gradient component mag -6.5433e+03
Var    Value     Gradient |Var    Value     Gradient |Var    Value     Gradient
  1  0.06422 -8.07995e-01 |  2  0.00000  1.15866e+01 |  3  0.00000  2.61631e+01
  4  0.00000 -6.86205e+01 |  5 -0.01797 -5.72957e-01 |  6  0.05119  5.33447e-01
  7  0.02590 -2.51926e-01 |  8 -0.02221  1.18473e+00 |  9 -0.00203  3.25443e-02
 10  0.00230 -2.19267e-01 | 11  0.05505 -1.50952e+00 | 12  0.01983  1.28937e+00
 13  0.03707 -2.94928e-01 | 14  0.02141  6.70312e-02 | 15  0.01522  4.14568e-01
 16  0.04694 -2.13760e-01 | 17  0.01061  4.04965e-01 | 18 -0.04303  3.35421e-01
 19  0.00245  1.99307e+00 | 20 -0.01063 -1.86439e+00 | 21  0.06280  7.74955e-02
 22  0.06960 -2.63872e-01 | 23 -0.04299  1.70054e+00 | 24 -0.01904 -5.82463e-01
 25 -0.11082 -1.28329e-01 | 26 -0.03112 -1.07857e+00 | 27 -0.03870  3.26043e-01
 28 -0.02216 -2.00260e-01 | 29  0.04170  2.52143e-01 | 30 -0.03335 -5.29211e-01
 31  0.05890 -1.09900e+00 | 32 -0.05659 -9.06925e-01 | 33  0.11428  8.76540e-01
 34 -0.00513  1.65998e-02 | 35  0.02746  7.17287e-01 | 36 -0.04622 -1.46308e-01
 37 -0.16211 -3.50785e-01 | 38  0.21635 -1.17303e+02 | 39  0.21635  6.31039e+02
 40 -0.30909 -6.54331e+03 | 41 -0.43452  1.69855e-02 |

Intermediate statistics: 41 variables; iteration 20; function evaluation 30; phase 2
Function value 4.0895466e+02; maximum gradient component mag -1.0674e+03
Var    Value     Gradient |Var    Value     Gradient |Var    Value     Gradient
  1  0.06301 -8.80509e+02 |  2 -0.03243  1.28792e+00 |  3 -0.04686  2.48541e+00
  4  0.07969 -7.80854e+00 |  5  0.00838  1.65109e+01 |  6  0.06038  1.51183e+01
  7  0.03250  1.58821e+01 |  8 -0.01946  1.62199e+01 |  9 -0.00172  1.56359e+01
 10  0.00106  1.58125e+01 | 11  0.05251  1.50530e+01 | 12  0.01401  1.49649e+01
 13  0.02984  1.21760e+01 | 14  0.01180  1.10029e+01 | 15  0.00542  1.32839e+01
 16  0.03849  9.12565e+00 | 17  0.00310  9.20015e+00 | 18 -0.05071  1.02092e+01
 19 -0.00109  9.81000e+00 | 20 -0.01523  7.94245e+00 | 21  0.05609  5.83840e+00
 22  0.06226  4.70100e+00 | 23 -0.05020  8.85191e+00 | 24 -0.02668  7.92060e+00
 25 -0.11813  9.27006e+00 | 26 -0.03424  5.29216e+00 | 27 -0.05202  1.07868e+01
 28 -0.04197  1.08168e+01 | 29  0.00640  2.03334e+01 | 30 -0.03815 -1.70869e+01
 31  0.04977 -4.08817e+01 | 32 -0.02439 -9.79237e+00 | 33  0.07052 -1.92911e+01
 34 -0.00875 -3.56535e+01 | 35  0.03810 -3.41747e+01 | 36 -0.00632 -4.97441e+01
 37 -0.04983 -5.31829e+00 | 38  0.21921 -2.48148e+02 | 39  0.20548 -1.06744e+03
 40 -0.29574 -7.92126e+02 | 41 -0.43511  2.10740e+02 |
41 variables; iteration 40; function evaluation 61; phase 2
Function value 3.9922621e+02; maximum gradient component mag -1.1497e+02
Var    Value     Gradient |Var    Value     Gradient |Var    Value     Gradient
  1  0.06396 -3.85625e+01 |  2 -0.03413  6.85845e-01 |  3 -0.05478 -4.28665e-01
  4  0.08813 -1.30367e+00 |  5  0.01198  1.68184e+00 |  6  0.06168 -7.47407e-01
  7  0.03521  1.99856e+00 |  8 -0.01811  5.84719e-01 |  9  0.00076  2.07451e+00
 10  0.00170  4.78226e-01 | 11  0.05237  6.71843e-01 | 12  0.01233 -3.27813e-01
 13  0.02933  5.91058e-01 | 14  0.01063  4.21795e-01 | 15  0.00329 -2.61392e-01
 16  0.03555 -1.65415e+00 | 17  0.00275  1.58171e+00 | 18 -0.05058  5.39397e-01
 19 -0.00053  1.77636e+00 | 20 -0.01596  9.03066e-02 | 21  0.05459 -1.92497e+00
 22  0.06255  1.57482e+00 | 23 -0.05134 -1.35385e+00 | 24 -0.02675  9.88471e-01
 25 -0.11664  1.46394e+00 | 26 -0.03396 -3.23779e-01 | 27 -0.05576 -6.59667e-01
 28 -0.05075 -1.63767e-01 | 29 -0.01008 -2.15103e+00 | 30 -0.04678 -3.57785e-01
 31  0.04239  8.88196e-01 | 32 -0.02235 -2.47531e-01 | 33  0.05801  7.63426e-01
 34 -0.01013 -2.29947e+00 | 35  0.04108 -2.91366e+00 | 36  0.00867 -2.12218e+00
 37 -0.01557  7.99150e-01 | 38  0.22066  4.86754e+00 | 39  0.21930 -3.12793e+01
 40 -0.29210 -1.14967e+02 | 41 -0.43161  3.64877e+01 |

 - final statistics:
41 variables; iteration 49; function evaluation 75
Function value 3.9919e+02; maximum gradient component mag 4.4920e-01
Exit code = 1;  converg criter 1.0000e+01
Var    Value     Gradient |Var    Value     Gradient |Var    Value     Gradient
  1  0.06402  1.19640e-02 |  2 -0.03718  1.82060e-04 |  3 -0.05322 -3.11886e-05
  4  0.08924  1.77028e-03 |  5  0.01111 -1.03420e-03 |  6  0.06215  6.79419e-04
  7  0.03340 -1.37786e-03 |  8 -0.01929 -7.92970e-04 |  9 -0.00157 -6.77852e-04
 10  0.00092  8.99470e-04 | 11  0.05223 -5.16183e-04 | 12  0.01324 -2.82390e-04
 13  0.02953  1.91497e-04 | 14  0.01102 -9.62276e-04 | 15  0.00440  1.38550e-05
 16  0.03696 -1.64236e-04 | 17  0.00213 -1.33954e-03 | 18 -0.05055 -4.86591e-04
 19 -0.00129 -5.33394e-04 | 20 -0.01570 -1.01535e-03 | 21  0.05570  3.15931e-04
 22  0.06210 -1.11988e-03 | 23 -0.05023  8.07382e-04 | 24 -0.02700 -8.99131e-04
 25 -0.11740 -1.81285e-04 | 26 -0.03367  7.94212e-05 | 27 -0.05527  1.67395e-03
 28 -0.05113  1.95304e-03 | 29 -0.01085  9.27837e-03 | 30 -0.04715  1.59951e-03
 31  0.04193  1.63705e-03 | 32 -0.02204 -5.23978e-03 | 33  0.05725  9.54873e-03
 34 -0.00995 -4.84828e-05 | 35  0.04164 -8.17087e-04 | 36  0.00994 -3.86406e-03
 37 -0.01302 -7.46343e-03 | 38  0.22059 -1.82218e-02 | 39  0.21973 -2.97985e-02
 40 -0.29192  4.49200e-01 | 41 -0.43166 -1.28762e-01 |

Initial statistics: 46 variables; iteration 0; function evaluation 0; phase 3
Function value 3.9919245e+02; maximum gradient component mag -2.2976e+03
Var    Value     Gradient |Var    Value     Gradient |Var    Value     Gradient
  1  0.06402  1.19640e-02 |  2 -0.03718  1.82060e-04 |  3 -0.05322 -3.11886e-05
  4  0.08924  1.77028e-03 |  5  0.01111 -1.03138e-03 |  6  0.06215  6.82226e-04
  7  0.03340 -1.37504e-03 |  8 -0.01929 -7.90151e-04 |  9 -0.00157 -6.75031e-04
 10  0.00092  9.02290e-04 | 11  0.05223 -5.13373e-04 | 12  0.01324 -2.79571e-04
 13  0.02953  1.94314e-04 | 14  0.01102 -9.59456e-04 | 15  0.00440  1.66754e-05
 16  0.03696 -1.61420e-04 | 17  0.00213 -1.33672e-03 | 18 -0.05055 -4.83779e-04
 19 -0.00129 -5.30573e-04 | 20 -0.01570 -1.01253e-03 | 21  0.05570  3.18740e-04
 22  0.06210 -1.11707e-03 | 23 -0.05023  8.10193e-04 | 24 -0.02700 -8.96313e-04
 25 -0.11740 -1.78512e-04 | 26 -0.03367  8.22378e-05 | 27 -0.05527  1.67676e-03
 28 -0.05113  1.95585e-03 | 29 -0.01085  9.28119e-03 | 30 -0.04715  1.60232e-03
 31  0.04193  1.63987e-03 | 32 -0.02204 -5.23696e-03 | 33  0.05725  9.55154e-03
 34 -0.00995 -4.56626e-05 | 35  0.04164 -8.14273e-04 | 36  0.00994 -3.86124e-03
 37 -0.01302 -7.46061e-03 | 38  0.22059 -1.82218e-02 | 39  0.21635  1.71157e+03
 40  0.21973 -2.97985e-02 | 41 -0.30909  9.49117e-01 | 42 -0.36199  1.56567e+00
 43 -0.30909 -2.29757e+03 | 44 -0.43452 -1.02505e-03 | 45 -0.29192  4.49200e-01
 46 -0.43166 -1.28762e-01 |

Intermediate statistics: 46 variables; iteration 20; function evaluation 26; phase 3
Function value 3.4994702e+02; maximum gradient component mag 7.5180e+02
Var    Value     Gradient |Var    Value     Gradient |Var    Value     Gradient
  1  0.08826  7.51798e+02 |  2 -0.03965  1.32632e-01 |  3 -0.05840  1.04745e-01
  4  0.07759 -2.86937e-01 |  5  0.00176 -1.70117e+01 |  6  0.05449 -1.59655e+01
  7  0.02968 -1.62372e+01 |  8 -0.02159 -1.59882e+01 |  9 -0.00476 -1.57866e+01
 10 -0.00185 -1.64957e+01 | 11  0.04419 -1.67073e+01 | 12  0.00339 -1.66678e+01
 13  0.01975 -1.46612e+01 | 14  0.00660 -1.40579e+01 | 15  0.00158 -1.58846e+01
 16  0.03148 -1.03431e+01 | 17 -0.00734 -9.11185e+00 | 18 -0.06108 -1.02786e+01
 19 -0.01984  2.95769e+00 | 20 -0.03213 -3.70132e+00 | 21  0.05003  8.53711e+00
 22  0.05570  8.81028e+00 | 23 -0.04186 -7.52676e+00 | 24 -0.02918  5.11160e-01
 25 -0.11171 -7.83793e+00 | 26 -0.03449  4.63585e-01 | 27 -0.06519 -3.54397e+00
 28 -0.05638  3.25033e+01 | 29 -0.00600  5.94027e+01 | 30 -0.03609  3.32548e+01
 31  0.05253 -4.91709e+01 | 32 -0.01222  2.87441e+01 | 33  0.07666 -6.60815e+01
 34  0.00580 -2.70311e+01 | 35  0.05845  3.78421e+01 | 36  0.03183 -4.04167e+00
 37  0.01317  1.63142e+00 | 38  0.20690  1.44961e+02 | 39  0.21296  6.72444e+02
 40  0.20242  2.51067e+02 | 41 -0.31737  3.14419e-01 | 42 -0.37610  6.11753e-01
 43 -0.27331 -4.21530e+02 | 44 -0.42770  2.61754e+02 | 45 -0.29274 -2.68859e+02
 46 -0.42476  7.34055e+01 |
46 variables; iteration 40; function evaluation 71; phase 3
Function value 3.4658564e+02; maximum gradient component mag 1.9588e+02
Var    Value     Gradient |Var    Value     Gradient |Var    Value     Gradient
  1  0.08478  1.95880e+02 |  2 -0.04702 -1.87560e+00 |  3 -0.04599  2.89514e+00
  4  0.08533  1.52454e+00 |  5  0.01027 -1.68827e+00 |  6  0.05831 -4.21292e+00
  7  0.03313 -2.80187e+00 |  8 -0.01962 -2.70521e+00 |  9 -0.00782 -6.20230e+00
 10 -0.00676 -7.64633e+00 | 11  0.04334 -4.67328e+00 | 12  0.00357 -4.46736e+00
 13  0.01791 -6.73981e+00 | 14  0.00660 -4.29391e+00 | 15  0.00346 -2.46362e+00
 16  0.03016 -4.82623e+00 | 17 -0.00183  8.02499e+00 | 18 -0.06797 -1.08672e+01
 19 -0.02710 -6.52333e+00 | 20 -0.02993  3.55739e+00 | 21  0.04719  3.28735e+00
 22  0.05294  2.99322e+00 | 23 -0.04279 -6.05604e+00 | 24 -0.02976  1.70481e+00
 25 -0.10810  2.39496e+00 | 26 -0.03312  1.17244e-01 | 27 -0.06673 -1.19917e+00
 28 -0.06182  9.78005e+00 | 29 -0.00516  1.72420e+01 | 30 -0.03700  9.00008e+00
 31  0.05663 -1.24460e+01 | 32 -0.01265  6.48986e+00 | 33  0.08582 -1.54584e+01
 34  0.01130 -7.80457e+00 | 35  0.05808  9.71507e+00 | 36  0.03024 -2.25208e+00
 37  0.00775 -2.85783e+00 | 38  0.20824  3.21109e+01 | 39  0.21280  1.57646e+02
 40  0.20184  6.99010e+01 | 41 -0.35235 -1.94131e-03 | 42 -0.45996 -2.76945e-03
 43 -0.27316 -9.68240e+01 | 44 -0.43313  6.62757e+01 | 45 -0.29378  7.27749e-01
 46 -0.42860 -1.56737e-01 |

 - final statistics:
46 variables; iteration 51; function evaluation 91
Function value 3.4620e+02; maximum gradient component mag -4.4468e-01
Exit code = 1;  converg criter 1.0000e+00
Var    Value     Gradient |Var    Value     Gradient |Var    Value     Gradient
  1  0.08375 -2.64481e-02 |  2 -0.03968 -1.67153e-03 |  3 -0.05774 -3.71717e-03
  4  0.07988 -1.96493e-03 |  5  0.00397 -2.40424e-03 |  6  0.05540 -2.92202e-03
  7  0.02991 -2.59682e-03 |  8 -0.02180 -3.63856e-03 |  9 -0.00485 -2.00378e-03
 10 -0.00122 -9.41360e-04 | 11  0.04620 -7.32036e-04 | 12  0.00576  5.97060e-04
 13  0.02103  1.68383e-03 | 14  0.00709  1.82713e-03 | 15  0.00252  1.50854e-03
 16  0.03102  3.11280e-03 | 17 -0.00821  1.84548e-04 | 18 -0.06190  1.50447e-03
 19 -0.02371  2.61037e-03 | 20 -0.03299  6.42016e-04 | 21  0.04534  3.48149e-03
 22  0.05138  2.02601e-03 | 23 -0.04019  1.08805e-03 | 24 -0.03150  2.36713e-03
 25 -0.11150 -4.77453e-05 | 26 -0.03278 -1.72556e-03 | 27 -0.06709 -1.71617e-03
 28 -0.06433  1.35716e-03 | 29 -0.00494 -1.55320e-02 | 30 -0.03747  3.50805e-04
 31  0.05804 -4.28738e-03 | 32 -0.01283  1.28813e-02 | 33  0.08917 -1.66791e-02
 34  0.01356  3.85904e-03 | 35  0.05850 -5.76719e-04 | 36  0.03066  3.30141e-03
 37  0.00746  1.18429e-02 | 38  0.20869  7.36135e-02 | 39  0.21265  1.89904e-02
 40  0.20136  2.14018e-03 | 41 -0.34254 -1.87503e-03 | 42 -0.45220 -2.70207e-03
 43 -0.27325  1.74932e-02 | 44 -0.43467 -5.47837e-03 | 45 -0.29466 -4.44679e-01
 46 -0.43161  1.40592e-01 |

Initial statistics: 47 variables; iteration 0; function evaluation 0; phase 4
Function value 3.4620430e+02; maximum gradient component mag -6.0448e+02
Var    Value     Gradient |Var    Value     Gradient |Var    Value     Gradient
  1  0.08375 -2.64481e-02 |  2 -0.03968 -1.67153e-03 |  3 -0.05774 -3.71717e-03
  4  0.07988 -1.96493e-03 |  5  0.00397 -2.41202e-03 |  6  0.05540 -2.92978e-03
  7  0.02991 -2.60459e-03 |  8 -0.02180 -3.64634e-03 |  9 -0.00485 -2.01157e-03
 10 -0.00122 -9.49142e-04 | 11  0.04620 -7.39798e-04 | 12  0.00576  5.89278e-04
 13  0.02103  1.67605e-03 | 14  0.00709  1.81935e-03 | 15  0.00252  1.50076e-03
 16  0.03102  3.10503e-03 | 17 -0.00821  1.76767e-04 | 18 -0.06190  1.49672e-03
 19 -0.02371  2.60260e-03 | 20 -0.03299  6.34244e-04 | 21  0.04534  3.47372e-03
 22  0.05138  2.01825e-03 | 23 -0.04019  1.08029e-03 | 24 -0.03150  2.35936e-03
 25 -0.11150 -5.54087e-05 | 26 -0.03278 -1.73333e-03 | 27 -0.06709 -1.72391e-03
 28 -0.06433  1.34941e-03 | 29 -0.00494 -1.55398e-02 | 30 -0.03747  3.43036e-04
 31  0.05804 -4.29513e-03 | 32 -0.01283  1.28735e-02 | 33  0.08917 -1.66868e-02
 34  0.01356  3.85126e-03 | 35  0.05850 -5.84469e-04 | 36  0.03066  3.29363e-03
 37  0.00746  1.18351e-02 | 38  0.20869  7.36135e-02 | 39  0.21265  1.89904e-02
 40  0.21635 -6.04476e+02 | 41  0.20136  2.14018e-03 | 42 -0.34254 -1.87503e-03
 43 -0.45220 -2.70207e-03 | 44 -0.27325  1.74932e-02 | 45 -0.43467 -5.47837e-03
 46 -0.29466 -4.44679e-01 | 47 -0.43161  1.40592e-01 |

Intermediate statistics: 47 variables; iteration 20; function evaluation 29; phase 4
Function value 3.3947204e+02; maximum gradient component mag -1.5166e+03
Var    Value     Gradient |Var    Value     Gradient |Var    Value     Gradient
  1  0.05294 -1.51661e+03 |  2 -0.03503  1.55683e-01 |  3 -0.04854  6.09568e-01
  4  0.09169 -4.11059e+00 |  5  0.01637  2.29574e+01 |  6  0.06679  1.92999e+01
  7  0.04084  2.44546e+01 |  8 -0.01102  2.49587e+01 |  9  0.00533  2.26064e+01
 10  0.00878  2.60217e+01 | 11  0.05457  1.98944e+01 | 12  0.01197  1.58847e+01
 13  0.02446  6.31312e+00 | 14  0.00865  1.03713e+01 | 15  0.00132  1.63227e+01
 16  0.03220 -2.52824e+00 | 17 -0.00453 -7.36260e+00 | 18 -0.06207  3.85858e+00
 19 -0.02820 -7.84298e+00 | 20 -0.04326 -3.37647e+00 | 21  0.04103  1.69206e+00
 22  0.04399  4.26641e+00 | 23 -0.05285  8.90723e+00 | 24 -0.03536  6.35418e+00
 25 -0.11658  1.08727e+01 | 26 -0.03576 -2.56071e+01 | 27 -0.06222 -2.10232e+01
 28 -0.06482 -7.74690e+01 | 29 -0.00228 -2.69149e+02 | 30 -0.03735 -2.91429e+01
 31  0.05478  7.56147e+01 | 32 -0.02084 -3.84421e-01 | 33  0.08240  6.08053e+01
 34  0.00853  2.19466e+01 | 35  0.05068 -4.06466e+01 | 36  0.02362  2.01616e+01
 37 -0.00047  2.90461e+01 | 38  0.22643 -3.33279e+02 | 39  0.23041 -4.25411e+02
 40  0.24057 -5.21396e+02 | 41  0.21903 -3.79954e+02 | 42 -0.34250 -1.87475e-03
 43 -0.45214 -2.70155e-03 | 44 -0.30345 -2.71565e+02 | 45 -0.47823  1.79337e+02
 46 -0.29410 -4.07624e+02 | 47 -0.43920  1.31735e+02 |
47 variables; iteration 40; function evaluation 62; phase 4
Function value 3.3334639e+02; maximum gradient component mag -4.4555e+02
Var    Value     Gradient |Var    Value     Gradient |Var    Value     Gradient
  1  0.05129 -4.45551e+02 |  2 -0.00512  6.00525e+00 |  3 -0.05724 -3.58027e+00
  4  0.11400  7.11200e+00 |  5  0.03530  1.45133e+01 |  6  0.07675  8.07079e+00
  7  0.04180  4.12405e+00 |  8 -0.00877  9.59188e+00 |  9  0.00697  8.95590e+00
 10  0.00412  6.74261e+00 | 11  0.05147  2.12650e+00 | 12  0.01220  8.81701e-01
 13  0.03315  1.51687e+00 | 14  0.01114 -5.26859e-01 | 15  0.00801  9.68518e+00
 16  0.04237  8.61574e+00 | 17  0.01031  1.26611e+01 | 18 -0.05683  3.69558e+00
 19 -0.02748 -4.33581e+00 | 20 -0.04907 -1.03849e+01 | 21  0.03628 -1.20369e+01
 22  0.04155  7.03248e-01 | 23 -0.06210 -7.43668e+00 | 24 -0.03287  1.11226e+01
 25 -0.12188  6.84910e-02 | 26 -0.03101 -4.05850e+00 | 27 -0.04728  1.03652e+01
 28 -0.06092 -1.97258e+01 | 29  0.00693 -2.13682e+01 | 30 -0.03648 -2.23706e+00
 31  0.04404 -1.09235e+01 | 32 -0.02975 -8.12158e+00 | 33  0.06762 -1.17641e+01
 34 -0.00343 -5.44650e+00 | 35  0.04285 -1.34789e+01 | 36  0.01142  7.00153e-01
 37 -0.01723  9.55356e+00 | 38  0.22830 -2.15661e+02 | 39  0.23391 -2.64841e+02
 40  0.24727 -1.86355e+02 | 41  0.22548 -1.36394e+02 | 42 -0.34090 -1.86399e-03
 43 -0.44982 -2.68157e-03 | 44 -0.29969 -2.04968e+02 | 45 -0.47299  1.40235e+02
 46 -0.29862  8.66761e+01 | 47 -0.45411 -2.82807e+01 |

 - final statistics:
47 variables; iteration 59; function evaluation 93
Function value 3.3157e+02; maximum gradient component mag 3.8408e-01
Exit code = 1;  converg criter 1.0000e+00
Var    Value     Gradient |Var    Value     Gradient |Var    Value     Gradient
  1  0.04565 -9.67575e-03 |  2 -0.03408 -3.09389e-03 |  3 -0.04745  3.16167e-03
  4  0.10149 -7.85812e-03 |  5  0.02096 -5.80221e-03 |  6  0.07194  2.54989e-03
  7  0.03922  1.56307e-03 |  8 -0.01485 -5.22827e-04 |  9  0.00362  3.11464e-04
 10  0.00434  3.77688e-03 | 11  0.06031  6.83398e-04 | 12  0.02306  1.12055e-04
 13  0.04066  1.08094e-03 | 14  0.01635  7.51098e-03 | 15  0.00667 -5.99529e-03
 16  0.04248 -4.57836e-03 | 17  0.00943 -3.26808e-03 | 18 -0.05540  1.20651e-03
 19 -0.02644  1.87834e-03 | 20 -0.04505 -2.40846e-04 | 21  0.03769  1.28685e-03
 22  0.03779 -2.74294e-03 | 23 -0.05879 -3.78650e-03 | 24 -0.03973 -7.81215e-03
 25 -0.12247 -3.70323e-03 | 26 -0.02549  1.91728e-03 | 27 -0.04794  7.27593e-04
 28 -0.05394  1.77001e-02 | 29  0.01160  2.20441e-02 | 30 -0.03370 -1.29507e-03
 31  0.04326 -1.70513e-02 | 32 -0.03105 -7.08875e-04 | 33  0.06550  4.24192e-03
 34 -0.00502 -1.16331e-03 | 35  0.04137  3.66432e-03 | 36  0.00800 -3.76414e-03
 37 -0.02491 -5.52594e-03 | 38  0.23277  2.40748e-02 | 39  0.24068 -1.96975e-01
 40  0.25412  8.42986e-02 | 41  0.23174  2.16368e-02 | 42 -0.32180 -9.14911e-04
 43 -0.42563  4.17433e-04 | 44 -0.30548 -8.30663e-02 | 45 -0.48188  5.68827e-02
 46 -0.29915  3.84084e-01 | 47 -0.45696 -1.33328e-01 |

Initial statistics: 119 variables; iteration 0; function evaluation 0; phase 5
Function value 3.3156996e+02; maximum gradient component mag -2.4699e+03
Var    Value     Gradient |Var    Value     Gradient |Var    Value     Gradient
  1  0.04565 -9.67575e-03 |  2 -0.03408 -3.09389e-03 |  3 -0.04745  3.16167e-03
  4  0.10149 -7.85812e-03 |  5  0.02096 -5.93136e-03 |  6  0.07194  2.42149e-03
  7  0.03922  1.43409e-03 |  8 -0.01485 -6.52016e-04 |  9  0.00362  1.82242e-04
 10  0.00434  3.64766e-03 | 11  0.06031  5.54754e-04 | 12  0.02306 -1.70845e-05
 13  0.04066  9.51981e-04 | 14  0.01635  7.38180e-03 | 15  0.00667 -6.12450e-03
 16  0.04248 -4.70730e-03 | 17  0.00943 -3.39729e-03 | 18 -0.05540  1.07777e-03
 19 -0.02644  1.74923e-03 | 20 -0.04505 -3.69746e-04 | 21  0.03769  1.15785e-03
 22  0.03779 -2.87194e-03 | 23 -0.05879 -3.91517e-03 | 24 -0.03973 -7.94112e-03
 25 -0.12247 -3.83007e-03 | 26 -0.02549  1.78816e-03 | 27 -0.04794  5.98735e-04
 28 -0.05394  1.75714e-02 | 29  0.01160  2.19149e-02 | 30 -0.03370 -1.42411e-03
 31  0.04326 -1.71802e-02 | 32 -0.03105 -8.37945e-04 | 33  0.06550  4.11338e-03
 34 -0.00502 -1.29253e-03 | 35  0.04137  3.53537e-03 | 36  0.00800 -3.89335e-03
 37 -0.02491 -5.65506e-03 | 38  0.23277  2.40748e-02 | 39  0.24068 -1.96975e-01
 40  0.25412  8.42986e-02 | 41  0.23174  2.16368e-02 | 42 -0.30909 -2.46989e+03
 43  0.12819  1.06746e+01 | 44 -0.32180 -9.14911e-04 | 45 -0.42563  4.17433e-04
 46 -0.30548 -8.30663e-02 | 47 -0.48188  5.68827e-02 | 48 -0.29915  3.84084e-01
 49 -0.45696 -1.33328e-01 | 50  0.00000  4.55104e+01 | 51  0.00000 -5.29798e+01
 52  0.00000  2.44602e+01 | 53  0.00000 -5.17465e+01 | 54  0.00000  3.78875e+01
 55  0.00000 -4.79840e+01 | 56  0.00000  6.36429e+01 | 57  0.00000 -7.18167e+01
 58  0.00000  3.31745e+01 | 59  0.00000 -6.27706e+01 | 60  0.00000  4.28791e+01
 61  0.00000 -5.28141e+01 | 62  0.00000  2.85357e+01 | 63  0.00000 -5.12191e+01
 64  0.00000  1.69477e+01 | 65  0.00000 -2.34811e+01 | 66  0.00000  4.30497e+01
 67  0.00000 -2.68291e+01 | 68  0.00000  4.29495e+01 | 69  0.00000 -4.60589e+01
 70  0.00000  4.63249e+01 | 71  0.00000 -4.62723e+01 | 72  0.00000  4.40567e+01
 73  0.00000 -5.79425e+01 | 74  0.00000  4.01153e+01 | 75  0.00000 -4.31050e+01
 76  0.00000  4.85094e+01 | 77  0.00000 -3.04949e+01 | 78  0.00000  2.71628e+01
 79  0.00000 -3.22840e+01 | 80  0.00000  2.77848e+01 | 81  0.00000 -3.47590e+01
 82  0.00000  3.44109e+01 | 83  0.00000 -3.77251e+01 | 84  0.00000  5.49241e+01
 85  0.00000 -5.77658e+01 | 86  0.00000  3.30697e+01 | 87  0.00000 -4.49502e+01
 88  0.00000  2.95546e+01 | 89  0.00000 -2.51712e+01 | 90  0.00000  5.44178e+01
 91  0.00000 -4.83336e+01 | 92  0.00000  2.78174e+01 | 93  0.00000 -3.65627e+01
 94  0.00000  1.20530e+01 | 95  0.00000 -1.92507e+01 | 96  0.00000  3.28118e+01
 97  0.00000 -3.97652e+01 | 98  0.00000  6.46297e+01 | 99  0.00000 -5.88213e+01
100  0.00000  5.62840e+01 |101  0.00000 -4.65299e+01 |102  0.00000  2.87016e+01
103  0.00000 -3.34497e+01 |104  0.00000  4.94395e+01 |105  0.00000 -5.06573e+01
106  0.00000  4.36437e+01 |107  0.00000 -4.02549e+01 |108  0.00000  3.26691e+01
109  0.00000 -2.74475e+01 |110  0.00000  3.54003e+01 |111  0.00000 -6.16519e+01
112  0.00000  3.15823e+01 |113  0.00000  4.24935e+01 |114  0.00000  3.75847e+01
115  0.00000 -2.11398e+01 |116  0.00000 -1.09709e-10 |117  0.00000  2.79667e-10
118  0.00000 -3.10607e-12 |119  0.00000  9.77799e-09 |

Intermediate statistics: 119 variables; iteration 20; function evaluation 33; phase 5
Function value 1.7064675e+02; maximum gradient component mag -3.9253e+03
Var    Value     Gradient |Var    Value     Gradient |Var    Value     Gradient
  1  0.02450 -3.92534e+03 |  2 -0.04707  5.50645e+00 |  3 -0.07500  9.75492e+00
  4  0.01068  1.53467e+01 |  5 -0.02548  5.85781e+01 |  6  0.01912  6.81185e+01
  7 -0.01414  7.72599e+01 |  8 -0.04550  7.55684e+01 |  9 -0.02236  7.10839e+01
 10 -0.01339  6.52790e+01 | 11  0.05194  5.56496e+01 | 12  0.02495  4.10283e+01
 13  0.05212  2.46113e+00 | 14  0.00723  3.32707e+01 | 15 -0.01049  4.35425e+01
 16  0.05296 -1.04053e+01 | 17  0.01910 -1.46014e+01 | 18 -0.04380  2.85910e+01
 19 -0.02248 -2.08912e+00 | 20 -0.03676 -2.14257e+01 | 21  0.03401  3.94248e+01
 22  0.04157  2.31877e+01 | 23 -0.05206  2.77618e+01 | 24 -0.04361 -6.05004e+00
 25 -0.11524 -1.58282e+01 | 26 -0.01909 -2.44846e+02 | 27 -0.03693 -3.79865e+01
 28 -0.02336 -9.80406e+00 | 29  0.05227  6.31850e+01 | 30 -0.02212 -3.60947e+02
 31  0.04470 -2.81140e+02 | 32 -0.01953  4.69154e+01 | 33  0.06586  1.21280e+02
 34  0.01093  6.11991e+01 | 35  0.05132 -3.68958e+01 | 36  0.02682 -3.55619e+01
 37  0.01042  4.88709e+01 | 38  0.23871 -1.62759e+03 | 39  0.25485 -1.71514e+02
 40  0.26643 -3.55992e+02 | 41  0.25277  3.28408e+01 | 42 -0.19948  6.06911e+02
 43  0.19548 -1.28564e+02 | 44 -0.32180  2.19334e-03 | 45 -0.42562  1.13541e-02
 46 -0.27293 -1.00647e+02 | 47 -0.44030  7.96596e+01 | 48 -0.29723  4.23295e+02
 49 -0.46156 -2.01392e+02 | 50 -0.01297 -7.63489e+00 | 51  0.03161  9.01947e+00
 52  0.00534  5.00893e-02 | 53  0.01297  5.44012e+00 | 54 -0.00376 -2.56604e+00
 55  0.01233  6.58611e+00 | 56 -0.02438 -4.25069e+00 | 57  0.02810  9.32613e+00
 58  0.00780 -3.22141e+00 | 59  0.02090  1.07936e+01 | 60 -0.00268 -4.91710e+00
 61  0.01912  8.20271e+00 | 62  0.01212 -5.06726e+00 | 63  0.01511  9.64278e+00
 64  0.01962 -6.02237e+00 | 65 -0.00352  9.32917e+00 | 66 -0.00632 -8.02362e+00
 67 -0.00120  7.43953e+00 | 68  0.00234 -9.26195e+00 | 69  0.01143  1.00121e+00
 70 -0.01055 -5.47732e+00 | 71  0.01310  1.01876e+01 | 72 -0.00848 -7.95091e+00
 73  0.02075  1.35179e+01 | 74 -0.00326 -7.14183e+00 | 75  0.00637  1.16153e+01
 76 -0.01288 -4.16950e+00 | 77 -0.00073  8.80583e+00 | 78  0.00532  4.11827e+00
 79  0.01234  1.90491e+01 | 80  0.00353 -1.29550e+00 | 81  0.00564  9.07247e+00
 82 -0.00634  1.54377e+00 | 83  0.01029  4.37158e+00 | 84 -0.01601 -8.35497e+00
 85  0.02076  1.18565e+01 | 86  0.00319 -6.20283e+00 | 87  0.00987  9.36674e+00
 88  0.00763 -7.39863e+00 | 89 -0.00436  8.87996e+00 | 90 -0.01727 -8.29194e+00
 91  0.01406  1.07668e+01 | 92 -0.00267 -7.18493e+00 | 93  0.01134  1.25632e+01
 94  0.01099 -4.04211e+01 | 95 -0.00749 -9.08460e+01 | 96 -0.00553  2.34839e+00
 97  0.01287 -5.31492e+00 | 98 -0.02796 -1.18922e+01 | 99  0.01983  1.47367e+01
100 -0.00711  2.10509e+00 |101  0.03138 -2.07475e+01 |102  0.00604 -3.52415e+01
103  0.01676  3.31838e+01 |104 -0.00372 -1.20561e+01 |105  0.02625 -6.94829e+00
106 -0.00994 -5.80408e+00 |107  0.00556  1.37024e+01 |108  0.00397 -6.23164e+00
109  0.00485 -9.87115e-01 |110  0.01026 -3.78919e+00 |111  0.04178 -5.96383e+00
112 -0.00416 -1.14517e+01 |113 -0.04422  2.28255e+01 |114  0.00027 -7.24647e+00
115  0.01141  1.06114e+00 |116  0.00021 -1.37063e+00 |117 -0.00127  1.76638e+00
118  0.00815  7.10230e+00 |119  0.00580 -5.65251e+01 |
119 variables; iteration 40; function evaluation 55; phase 5
Function value 1.5627242e+02; maximum gradient component mag -4.0926e+02
Var    Value     Gradient |Var    Value     Gradient |Var    Value     Gradient
  1  0.02106 -1.67338e+02 |  2 -0.07589 -3.08493e+00 |  3 -0.07015  9.17005e+00
  4  0.01112  8.66613e+00 |  5 -0.02629 -2.60170e+00 |  6  0.00888 -1.07308e+01
  7 -0.04766  1.46125e+01 |  8 -0.10155  1.65792e+00 |  9 -0.07024  1.49255e+01
 10 -0.07047 -2.31940e+00 | 11  0.04305  2.08240e+01 | 12  0.03381  1.63177e+01
 13  0.06575  9.37185e+00 | 14  0.01369  1.01310e+01 | 15 -0.00089  8.74243e+00
 16  0.06913  1.67916e+01 | 17  0.02490 -5.43572e+00 | 18 -0.03916  2.13584e+01
 19 -0.01010  3.23289e+01 | 20 -0.02808  2.93750e+01 | 21  0.04465  3.56596e+01
 22  0.03507 -3.21454e+01 | 23 -0.05147 -3.41909e+00 | 24 -0.04564 -2.70650e+01
 25 -0.10981 -3.79300e+00 | 26 -0.00595 -2.70391e+01 | 27 -0.02807  8.11436e+00
 28 -0.01171  2.08870e+00 | 29  0.05611 -1.92581e+01 | 30 -0.00173  2.32869e+00
 31  0.05866 -1.72093e+01 | 32 -0.01440 -1.62181e+01 | 33  0.06897  1.26326e+01
 34  0.01715  4.75502e+00 | 35  0.06107 -4.58451e+00 | 36  0.04047 -3.25946e+00
 37  0.02408  2.16459e+01 | 38  0.24374 -4.09260e+02 | 39  0.25600  6.78936e+01
 40  0.27085 -1.39406e+01 | 41  0.25050  9.25636e-01 | 42 -0.20542  2.35684e+02
 43  0.17252 -4.58866e+01 | 44 -0.32067 -6.24553e-04 | 45 -0.42461  1.33531e-03
 46 -0.26367 -1.67203e+02 | 47 -0.42851  1.33165e+02 | 48 -0.29635  4.25838e+01
 49 -0.45928 -1.99954e+01 | 50 -0.00934 -4.41121e+00 | 51  0.03755  1.74916e+01
 52  0.01318  7.99414e+00 | 53  0.02175  1.71740e+01 | 54 -0.01016 -9.67827e+00
 55  0.01043 -8.60811e+00 | 56 -0.01767  4.23504e+00 | 57  0.02387  4.73782e+00
 58  0.00792  4.51508e+00 | 59  0.01031  5.21575e-01 | 60 -0.01219 -7.64872e+00
 61  0.02257  9.83606e+00 | 62  0.00286 -2.33504e+00 | 63 -0.00197 -9.39996e+00
 64  0.01711 -3.48423e+00 | 65 -0.01525  2.91760e+00 | 66 -0.00389 -2.32346e+00
 67 -0.01110  6.33276e-01 | 68  0.00807  1.18901e+00 | 69  0.00311  8.93544e-01
 70 -0.00975 -5.09923e+00 | 71  0.00679  3.08103e+00 | 72 -0.00305 -9.43624e-02
 73  0.00891 -1.46640e+00 | 74  0.00012 -4.57632e+00 | 75 -0.00116  2.79482e+00
 76 -0.01421 -4.87193e+00 | 77 -0.01983 -1.49308e+01 | 78 -0.00050 -1.76115e+00
 79  0.00188  7.25108e+00 | 80  0.00323 -2.67022e+00 | 81 -0.00093  2.16249e+00
 82 -0.00748 -5.87270e-01 | 83  0.00019  9.73339e+00 | 84 -0.01238 -8.17007e+00
 85  0.01372  7.46112e+00 | 86  0.00736 -5.93513e-01 | 87  0.00230 -3.17455e-01
 88  0.01122 -3.00359e+00 | 89 -0.00987  4.58269e+00 | 90 -0.01332 -1.87635e+00
 91  0.00477 -7.57901e-01 | 92 -0.00303 -2.84181e+00 | 93  0.00641  4.24731e+00
 94  0.00515 -1.67759e+01 | 95 -0.00613 -1.12420e+01 | 96 -0.01059 -4.17032e+00
 97  0.00989  1.26450e+01 | 98 -0.02239 -1.58442e+00 | 99  0.00993 -8.34448e-01
100  0.00505  1.53574e+00 |101  0.04005  1.81705e+01 |102  0.00926 -6.52352e+00
103  0.01376 -6.54206e+00 |104 -0.00064 -4.13695e+00 |105  0.02904  1.95176e+00
106 -0.00900 -4.27020e+00 |107 -0.00484  1.70988e+00 |108  0.01081  5.57960e-01
109 -0.00138 -4.17404e+00 |110  0.01570 -1.04792e+00 |111  0.04313  4.29824e-01
112  0.00415  5.32311e-01 |113 -0.06785 -1.57707e+01 |114  0.00662  4.65754e-01
115  0.00724 -4.52335e+00 |116  0.00001 -4.31561e-01 |117 -0.00130 -2.59410e-01
118  0.02243  2.08362e+01 |119  0.00963 -1.07570e+01 |
119 variables; iteration 60; function evaluation 89; phase 5
Function value 1.5303816e+02; maximum gradient component mag 1.4589e+02
Var    Value     Gradient |Var    Value     Gradient |Var    Value     Gradient
  1  0.02042 -9.65153e+01 |  2 -0.04835  4.00464e+00 |  3 -0.09582  5.48499e-02
  4  0.00748 -5.58747e-02 |  5 -0.02239 -1.01132e+00 |  6  0.01060 -1.00489e+01
  7 -0.05167 -1.10913e+00 |  8 -0.09601  1.07254e+00 |  9 -0.06967  7.71663e-01
 10 -0.06525  3.25570e-01 | 11  0.03214  5.24372e-02 | 12  0.02733  9.88340e-01
 13  0.06772 -9.70982e+00 | 14  0.01348  3.36279e-01 | 15 -0.00237  6.43142e-01
 16  0.06673 -8.17872e+00 | 17  0.02984 -3.16771e+01 | 18 -0.04090 -3.13946e+01
 19 -0.01277 -1.30517e+01 | 20 -0.02843 -7.72392e+00 | 21  0.03481 -2.60547e+00
 22  0.04450  4.39508e+00 | 23 -0.05059  3.70134e+00 | 24 -0.03659  5.57495e+00
 25 -0.10925  2.23693e+00 | 26 -0.00611  6.69503e+00 | 27 -0.02788  1.62362e+01
 28 -0.01180 -3.24630e+00 | 29  0.05693  1.04105e+01 | 30 -0.00103 -3.26659e+00
 31  0.06017  1.43307e+00 | 32 -0.01203  1.51647e+00 | 33  0.06773 -6.78965e+00
 34  0.01661  4.16652e+00 | 35  0.06147  8.36139e+00 | 36  0.03852  1.29694e+01
 37  0.01443  4.88055e+00 | 38  0.24648  1.45892e+02 | 39  0.25558 -1.11148e+02
 40  0.27142  7.30473e+00 | 41  0.25082 -1.62247e+01 | 42 -0.21256  1.25267e+00
 43  0.15875  3.15845e+01 | 44 -0.31813 -3.29825e-03 | 45 -0.42102 -7.53023e-03
 46 -0.29410 -1.34662e+02 | 47 -0.46782  1.07152e+02 | 48 -0.29689  1.21634e+02
 49 -0.46044 -5.70452e+01 | 50 -0.00954  1.42516e-01 | 51  0.02537  2.43697e+00
 52  0.00085 -2.69923e+00 | 53  0.00654  1.63805e+00 | 54 -0.00503 -2.94338e+00
 55  0.00693 -7.35110e+00 | 56 -0.02513 -9.69262e-01 | 57  0.01998 -1.17095e+00
 58  0.00157 -1.90829e+00 | 59  0.00812  2.82535e-01 | 60 -0.01188 -4.47583e+00
 61  0.01762  2.53237e+00 | 62  0.00573 -1.49339e+00 | 63  0.00153 -2.98247e+00
 64  0.01812 -5.82755e-01 | 65 -0.01470  3.51775e-01 | 66 -0.00576 -1.09155e+00
 67 -0.01064  8.02099e-01 | 68  0.00789 -2.13558e-01 | 69  0.00459 -8.77716e-01
 70 -0.00656  4.61591e-01 | 71  0.00628  1.33049e+00 | 72 -0.00410 -2.09590e-01
 73  0.01071  4.74032e-01 | 74  0.00081 -1.72225e+00 | 75 -0.00140  1.83321e+00
 76 -0.01186 -3.41876e+00 | 77 -0.01158 -2.82699e+00 | 78  0.00006  8.05843e-01
 79 -0.00039 -1.38481e+01 | 80  0.00429  8.04451e-01 | 81 -0.00157  1.14039e-01
 82 -0.00628  1.18910e+00 | 83  0.00218 -1.66861e+00 | 84 -0.00995  1.23130e+00
 85  0.01163 -8.07466e-01 | 86  0.00733 -4.21555e-01 | 87  0.00268  1.35244e+00
 88  0.01208  2.50293e-01 | 89 -0.01113  3.38364e-01 | 90 -0.01128 -1.89829e-01
 91  0.00561  2.27275e-01 | 92 -0.00108 -4.96250e-01 | 93  0.00479  3.35734e-02
 94  0.00935  1.68263e+00 | 95 -0.01432 -6.33983e+00 | 96 -0.00769  9.60018e-01
 97  0.00507  9.26078e+00 | 98 -0.02121 -8.48802e-01 | 99  0.01103  1.02517e+00
100 -0.00121 -9.89735e-01 |101  0.02680 -6.73538e+00 |102  0.01422  8.21477e-02
103  0.01767  1.37689e+00 |104  0.00122 -9.86829e-02 |105  0.02721 -9.88026e-01
106 -0.00628  6.45610e-02 |107 -0.00457  1.12813e-01 |108  0.00950 -5.32207e-01
109  0.00188  1.92321e+00 |110  0.01497 -4.49939e-01 |111  0.04277 -4.52553e-01
112  0.00378 -6.65445e-01 |113 -0.05681  7.72810e-01 |114  0.00625  1.69243e+00
115  0.00790 -4.18781e+00 |116 -0.00031 -6.54138e-01 |117 -0.00027  5.18757e-01
118  0.00716  1.25909e+01 |119  0.02035 -3.05492e+00 |
119 variables; iteration 80; function evaluation 119; phase 5
Function value 1.5201678e+02; maximum gradient component mag -4.6309e+02
Var    Value     Gradient |Var    Value     Gradient |Var    Value     Gradient
  1  0.02010 -4.63092e+02 |  2 -0.06179  1.32337e-01 |  3 -0.09089  1.10437e+00
  4  0.00611 -4.39992e+00 |  5 -0.02301  1.05306e+00 |  6  0.01226 -4.93410e+00
  7 -0.04912  7.28013e+00 |  8 -0.09530  5.75016e+00 |  9 -0.06703  7.02055e+00
 10 -0.06633  6.12438e+00 | 11  0.03230  5.75582e+00 | 12  0.02208 -1.86576e-01
 13  0.07017 -8.75497e+00 | 14  0.01413  3.44352e+00 | 15 -0.00354  7.87053e+00
 16  0.06643  1.88779e+00 | 17  0.03409 -2.75867e+00 | 18 -0.04263 -8.41189e+00
 19 -0.01239 -6.78931e+00 | 20 -0.02847 -1.18592e+01 | 21  0.03516  2.79559e+00
 22  0.04461  3.60881e+00 | 23 -0.05029  5.23194e+00 | 24 -0.03769 -8.23493e-01
 25 -0.11124 -6.56342e+00 | 26 -0.00762 -3.85678e+01 | 27 -0.02879 -1.78671e+01
 28 -0.01117  1.55804e+00 | 29  0.05687 -5.32336e+00 | 30 -0.00013  1.14035e+01
 31  0.06029  8.83654e+00 | 32 -0.01139  9.95023e+00 | 33  0.06733  5.96421e+00
 34  0.01588  4.63636e-01 | 35  0.06090  5.74392e+00 | 36  0.03889  9.63373e+00
 37  0.01432  7.08218e+00 | 38  0.24631 -1.20082e+02 | 39  0.25687 -4.18296e+01
 40  0.27184 -5.18821e+00 | 41  0.25147 -9.83223e+00 | 42 -0.22613  3.19245e+01
 43  0.11826  7.39750e+00 | 44 -0.27156  1.20431e+00 | 45 -0.31850  1.20184e+00
 46 -0.29951  7.87805e+01 | 47 -0.47502 -6.43344e+01 | 48 -0.29727  9.23267e+01
 49 -0.46146 -4.36294e+01 | 50 -0.01153 -1.65697e+00 | 51  0.02212 -4.09091e-01
 52  0.00238 -1.01740e-01 | 53  0.00542  5.31761e-01 | 54 -0.00308 -6.74362e-02
 55  0.00146 -1.26661e+01 | 56 -0.02158  2.24426e+00 | 57  0.01976 -6.31751e-01
 58  0.00288 -3.75869e-01 | 59  0.00636 -1.73516e+00 | 60 -0.00724  1.95317e-01
 61  0.01217 -2.67145e+00 | 62  0.00797  1.55614e-01 | 63  0.00443  5.72289e-01
 64  0.01940 -4.19590e-01 | 65 -0.01540  1.36593e+00 | 66 -0.00524  3.99892e-01
 67 -0.00965  1.43399e+00 | 68  0.00491 -4.45420e+00 | 69 -0.00034 -6.62281e+00
 70 -0.00779 -1.33128e+00 | 71  0.00327 -8.92958e-01 | 72 -0.00578 -2.71365e+00
 73  0.01169  2.67673e+00 | 74  0.00096 -1.28852e+00 | 75 -0.00115  2.26904e+00
 76 -0.00629  1.66502e+00 | 77 -0.00932  2.85781e-02 | 78 -0.00460 -4.50274e+00
 79 -0.00343 -5.24172e+00 | 80  0.00371 -4.60889e-01 | 81 -0.00144  1.15545e+00
 82 -0.00780 -1.29815e-01 | 83 -0.00163 -6.98795e+00 | 84 -0.01079 -3.60372e-01
 85  0.01189  4.09004e-01 | 86  0.00720 -5.65738e-01 | 87 -0.00025 -1.06092e+00
 88  0.01131 -9.96988e-01 | 89 -0.01224  9.13677e-01 | 90 -0.01143 -5.91776e-01
 91  0.00452  3.65880e-01 | 92 -0.00273 -2.20841e+00 | 93  0.00515  2.14550e+00
 94  0.00934 -3.53739e+00 | 95 -0.01347 -1.11319e+01 | 96 -0.00894  5.29271e-01
 97  0.00349 -7.20586e+00 | 98 -0.02053 -2.25921e-01 | 99  0.01112  1.33607e+00
100  0.00059  1.93469e-02 |101  0.02541 -5.09269e+00 |102  0.01504  1.07420e+00
103  0.01650  1.23933e+00 |104  0.00035 -1.04142e+00 |105  0.02587 -1.26502e+00
106 -0.00554  1.54034e-01 |107 -0.00359  2.31215e+00 |108  0.00877 -1.02293e+00
109 -0.00215 -2.39298e+00 |110  0.01392 -1.53365e+00 |111  0.04096 -9.48748e-01
112  0.00497  1.02484e+00 |113 -0.05839 -2.08969e-01 |114  0.00508 -4.70363e-01
115  0.01044  3.73360e+00 |116  0.00063  1.81895e-01 |117 -0.00124 -1.79924e-01
118  0.00644  5.73042e+00 |119  0.01722 -6.13178e+00 |
119 variables; iteration 100; function evaluation 154; phase 5
Function value 1.5156290e+02; maximum gradient component mag -2.2332e+02
Var    Value     Gradient |Var    Value     Gradient |Var    Value     Gradient
  1  0.01991 -2.23324e+02 |  2 -0.06845 -1.53767e+00 |  3 -0.09416 -6.46334e-02
  4  0.00841 -7.43258e-01 |  5 -0.02256  1.03304e-01 |  6  0.01054 -5.06767e+00
  7 -0.04812  4.40762e+00 |  8 -0.09338  2.76771e+00 |  9 -0.06516  4.02605e+00
 10 -0.06438  3.63954e+00 | 11  0.03200  1.84307e+00 | 12  0.02371  2.34636e-01
 13  0.06982 -2.79685e+00 | 14  0.01278  9.86716e-01 | 15 -0.00593  2.84164e+00
 16  0.06547  2.66898e+00 | 17  0.03532  7.11222e+00 | 18 -0.04206  6.33299e-01
 19 -0.01182  2.00894e+00 | 20 -0.02815 -3.17251e+00 | 21  0.03519  5.27195e+00
 22  0.04438  2.38741e+00 | 23 -0.05162  7.97860e-01 | 24 -0.03908 -3.71193e+00
 25 -0.10943 -4.83680e+00 | 26 -0.00728 -3.48773e+01 | 27 -0.02830 -1.65075e+01
 28 -0.01174  6.73598e+00 | 29  0.05775  1.25647e+01 | 30 -0.00020  1.48159e+01
 31  0.06003  6.62934e+00 | 32 -0.01210  6.37799e+00 | 33  0.06695  4.79775e+00
 34  0.01560 -7.67355e-01 | 35  0.06075  4.85998e+00 | 36  0.03833  2.48723e+00
 37  0.01287 -3.38259e+00 | 38  0.24723 -3.11664e+01 | 39  0.25773  3.94016e+01
 40  0.27219  9.88796e-01 | 41  0.25206  8.58862e+00 | 42 -0.23805  4.13127e+01
 43  0.08251 -6.27247e+00 | 44 -0.28831 -4.18048e-01 | 45 -0.28436 -3.22727e-01
 46 -0.29841  6.03559e+00 | 47 -0.47375 -4.96384e+00 | 48 -0.29753  8.54438e+00
 49 -0.46207 -4.04882e+00 | 50 -0.01110 -1.37377e+00 | 51  0.02116 -5.84640e-01
 52  0.00367  8.79866e-01 | 53  0.00548  7.08248e-01 | 54 -0.00369 -1.43598e-01
 55  0.00298 -4.91561e+00 | 56 -0.02480 -1.29483e+00 | 57  0.02049  1.23223e+00
 58  0.00366  2.82305e-01 | 59  0.00698 -3.89264e-01 | 60 -0.00487  2.43890e+00
 61  0.01248 -1.88075e+00 | 62  0.00867  2.50307e-01 | 63  0.00423  9.85828e-01
 64  0.01858 -1.14377e+00 | 65 -0.01646  8.85473e-02 | 66 -0.00458  1.03533e+00
 67 -0.01199 -6.14583e-01 | 68  0.00617 -1.57151e+00 | 69 -0.00103 -3.62167e+00
 70 -0.00686 -2.91324e-01 | 71  0.00407  4.85732e-03 | 72 -0.00372  5.65447e-01
 73  0.00855 -1.25611e+00 | 74  0.00171  1.00879e-01 | 75 -0.00276  3.88070e-01
 76 -0.00797 -4.08558e-01 | 77 -0.00730  2.71463e+00 | 78 -0.00013  5.92435e-01
 79 -0.00371 -5.84573e-01 | 80  0.00267 -1.58836e+00 | 81 -0.00265 -7.72334e-02
 82 -0.00829 -5.55905e-01 | 83 -0.00367 -5.14100e+00 | 84 -0.01184 -1.92693e+00
 85  0.01237  1.43672e+00 | 86  0.00739 -6.18255e-01 | 87 -0.00002 -3.88231e-01
 88  0.01248  5.10175e-01 | 89 -0.01369 -5.01150e-01 | 90 -0.01154 -1.95475e-01
 91  0.00399 -1.19230e-01 | 92 -0.00095  5.46532e-02 | 93  0.00308  3.51599e-01
 94  0.00584 -7.08713e+00 | 95 -0.01369 -1.04615e+01 | 96 -0.01088 -1.53433e+00
 97  0.00115 -9.35903e+00 | 98 -0.02166 -8.52593e-01 | 99  0.01053  3.75283e-01
100 -0.00018 -1.00381e+00 |101  0.02824  3.20006e-01 |102  0.01367  2.63748e-01
103  0.01294 -3.72670e+00 |104  0.00012 -1.56549e+00 |105  0.02648  5.41182e-01
106 -0.00592 -1.03311e-01 |107 -0.00506  1.21512e+00 |108  0.01011  1.37894e-01
109 -0.00054 -2.71264e-01 |110  0.01445 -9.57988e-01 |111  0.04070 -6.43631e-01
112  0.00472  5.69584e-01 |113 -0.05867  2.95990e-01 |114  0.00504 -3.92699e-01
115  0.00813  1.22982e+00 |116  0.00118  6.14883e-01 |117 -0.00176 -3.93922e-01
118  0.00606 -3.33975e+00 |119  0.01745 -4.10554e+00 |
119 variables; iteration 120; function evaluation 189; phase 5
Function value 1.5131772e+02; maximum gradient component mag -1.0729e+02
Var    Value     Gradient |Var    Value     Gradient |Var    Value     Gradient
  1  0.01980 -1.07286e+02 |  2 -0.06625 -9.44627e-01 |  3 -0.09580 -5.43457e-01
  4  0.00861  6.45785e-01 |  5 -0.02234  7.91337e-02 |  6  0.01002 -2.73823e+00
  7 -0.04718  2.50184e+00 |  8 -0.09187  1.90674e+00 |  9 -0.06569  8.33713e-01
 10 -0.06296  1.29525e+00 | 11  0.03320  3.07451e-01 | 12  0.02479  2.48936e-01
 13  0.06910 -1.21950e+00 | 14  0.01285 -2.42356e-01 | 15 -0.00661  7.67447e-01
 16  0.06529 -8.71141e-01 | 17  0.03438  1.92162e+00 | 18 -0.04084  2.89001e+00
 19 -0.01182  2.99097e+00 | 20 -0.02842 -1.33637e-01 | 21  0.03516  1.84616e+00
 22  0.04391  1.28415e-01 | 23 -0.05284 -1.06619e+00 | 24 -0.03911 -3.36213e-01
 25 -0.10876 -1.89670e-01 | 26 -0.00676 -3.21624e+00 | 27 -0.02887 -3.95331e+00
 28 -0.01198  2.40886e+00 | 29  0.05785  6.55399e+00 | 30 -0.00045  1.77210e+00
 31  0.05964 -2.36477e-01 | 32 -0.01274 -2.75145e-01 | 33  0.06644 -3.90784e-01
 34  0.01554 -2.61956e-01 | 35  0.06038  6.65437e-01 | 36  0.03798 -2.09077e+00
 37  0.01228 -8.25391e+00 | 38  0.24875 -3.48193e+01 | 39  0.25785  2.28786e+01
 40  0.27250  3.98660e+00 | 41  0.25239  7.34265e+00 | 42 -0.25461  3.18752e+01
 43  0.03251 -9.57593e+00 | 44 -0.20224  4.85753e-01 | 45 -0.34970  3.24161e-01
 46 -0.29747  2.37704e+01 | 47 -0.47262 -1.95814e+01 | 48 -0.29797 -1.14854e+01
 49 -0.46310  5.44819e+00 | 50 -0.00967  1.12695e-01 | 51  0.02149 -2.05442e-01
 52  0.00282 -1.01716e-01 | 53  0.00399 -7.24142e-01 | 54 -0.00408 -3.64393e-01
 55  0.00350  1.03482e-01 | 56 -0.02394 -3.41886e-01 | 57  0.02045  1.46526e+00
 58  0.00410  1.66497e-01 | 59  0.00678 -3.59239e-02 | 60 -0.00754 -7.55305e-01
 61  0.01369 -1.97536e-01 | 62  0.00892  3.33780e-01 | 63  0.00398  1.25753e+00
 64  0.01989  1.71574e-01 | 65 -0.01677 -1.41093e-01 | 66 -0.00528 -2.44635e-01
 67 -0.01289 -1.13557e+00 | 68  0.00664 -2.84962e-01 | 69 -0.00044 -8.55317e-01
 70 -0.00634  8.85322e-02 | 71  0.00416  4.34209e-01 | 72 -0.00371  4.32079e-01
 73  0.00925 -2.16688e-01 | 74  0.00196  4.25451e-01 | 75 -0.00419 -9.67451e-01
 76 -0.00731  8.47209e-01 | 77 -0.00906  5.58059e-01 | 78  0.00056  1.18204e+00
 79 -0.00380  5.49538e-01 | 80  0.00398 -1.76410e-01 | 81 -0.00235  8.76633e-02
 82 -0.00777  1.10650e-01 | 83 -0.00334 -1.12800e+00 | 84 -0.01044 -3.26340e-01
 85  0.01133  3.01535e-01 | 86  0.00820  1.93083e-02 | 87  0.00076  7.19689e-01
 88  0.01150 -5.01526e-01 | 89 -0.01373 -2.62368e-01 | 90 -0.01129  2.25285e-01
 91  0.00388 -1.42354e-01 | 92 -0.00067  4.93074e-01 | 93  0.00297  1.42507e-01
 94  0.00481 -2.36597e+00 | 95 -0.01190 -6.97135e-01 | 96 -0.00876  1.10106e+00
 97  0.00235 -2.14494e+00 | 98 -0.02046  5.07771e-01 | 99  0.01032  5.27258e-02
100  0.00161  9.11759e-01 |101  0.02910  1.84299e+00 |102  0.01460  1.43196e-01
103  0.01357 -1.06455e+00 |104  0.00183  3.60961e-01 |105  0.02691  7.50448e-01
106 -0.00620 -1.57125e-01 |107 -0.00721 -8.27076e-01 |108  0.00988 -3.49390e-01
109  0.00013  6.22494e-01 |110  0.01549  1.52107e-01 |111  0.04077 -6.55310e-01
112  0.00273 -1.64252e+00 |113 -0.06011 -1.10295e+00 |114  0.00440 -9.94345e-01
115  0.00643 -1.36561e+00 |116 -0.00009 -6.64811e-01 |117 -0.00139  4.47163e-02
118  0.00681 -6.38530e+00 |119  0.01778 -1.94741e+00 |
119 variables; iteration 140; function evaluation 224; phase 5
Function value 1.5125040e+02; maximum gradient component mag 1.2198e+01
Var    Value     Gradient |Var    Value     Gradient |Var    Value     Gradient
  1  0.01977  1.21978e+01 |  2 -0.06263  6.82155e-04 |  3 -0.09454 -4.26824e-02
  4  0.00774  3.31866e-02 |  5 -0.02232 -3.17343e-01 |  6  0.01078 -2.49163e-01
  7 -0.04811 -1.25590e-01 |  8 -0.09317 -1.67945e-01 |  9 -0.06607 -2.93718e-01
 10 -0.06358 -1.96434e-01 | 11  0.03349 -1.56249e-01 | 12  0.02480 -8.91776e-02
 13  0.06912  1.16752e-01 | 14  0.01286 -6.52590e-02 | 15 -0.00750 -1.80645e-01
 16  0.06575 -2.09787e-01 | 17  0.03430 -2.08874e-01 | 18 -0.04119  1.17108e-01
 19 -0.01209  6.06000e-03 | 20 -0.02824 -6.96866e-02 | 21  0.03511  3.94129e-02
 22  0.04383  3.39110e-02 | 23 -0.05265 -6.58248e-02 | 24 -0.03949  3.78043e-01
 25 -0.10827  4.20859e-01 | 26 -0.00672  2.61375e+00 | 27 -0.02891  3.00876e-01
 28 -0.01154 -7.74194e-02 | 29  0.05771  9.49946e-02 | 30 -0.00032 -4.36856e-01
 31  0.05968 -7.17500e-02 | 32 -0.01248 -2.88862e-01 | 33  0.06632 -2.40612e-01
 34  0.01562 -3.34509e-02 | 35  0.06042 -2.26179e-01 | 36  0.03854 -3.43230e-01
 37  0.01381 -5.74929e-01 | 38  0.25017  8.37707e+00 | 39  0.25769  8.74211e-01
 40  0.27247  2.71077e-01 | 41  0.25232  2.21108e-01 | 42 -0.27048 -2.33178e+00
 43 -0.01491  8.26653e-01 | 44 -0.18536 -7.00558e-01 | 45 -0.35452 -3.06658e-01
 46 -0.29592  1.30311e+00 | 47 -0.47068 -1.07474e+00 | 48 -0.29839 -2.99500e+00
 49 -0.46402  1.41934e+00 | 50 -0.00967  7.24082e-02 | 51  0.02188 -2.05327e-02
 52  0.00282 -1.01573e-01 | 53  0.00465 -9.78730e-03 | 54 -0.00340  5.66361e-02
 55  0.00249  2.48031e-02 | 56 -0.02363  3.59517e-02 | 57  0.01923 -6.01715e-02
 58  0.00378 -3.27243e-02 | 59  0.00687  6.59758e-02 | 60 -0.00696 -1.97759e-02
 61  0.01402  1.20942e-01 | 62  0.00832 -5.71563e-02 | 63  0.00272 -1.19755e-01
 64  0.01984 -8.63644e-03 | 65 -0.01695 -5.73971e-02 | 66 -0.00495 -1.01427e-01
 67 -0.01202 -2.39578e-02 | 68  0.00683  7.34524e-02 | 69 -0.00005  1.18344e-01
 70 -0.00624  4.53884e-02 | 71  0.00365  2.72358e-02 | 72 -0.00419  1.78014e-02
 73  0.00954  1.27781e-02 | 74  0.00170 -3.79252e-02 | 75 -0.00355 -2.86976e-02
 76 -0.00798  1.77961e-02 | 77 -0.00972  5.51065e-02 | 78 -0.00055 -3.69193e-02
 79 -0.00382  6.32139e-02 | 80  0.00407  7.43471e-02 | 81 -0.00237 -1.98803e-02
 82 -0.00787 -8.50053e-02 | 83 -0.00300  6.94619e-02 | 84 -0.01013  1.13689e-02
 85  0.01097 -5.39735e-02 | 86  0.00815  9.72675e-03 | 87  0.00005 -4.56490e-02
 88  0.01216  7.25116e-02 | 89 -0.01357  1.77390e-02 | 90 -0.01152  2.94059e-02
 91  0.00420  9.22173e-02 | 92 -0.00096  8.07836e-02 | 93  0.00275  7.37639e-02
 94  0.00598  3.40615e-01 | 95 -0.01170  1.11405e+00 | 96 -0.00968  1.30510e-01
 97  0.00279  1.68026e-01 | 98 -0.02069  4.23744e-02 | 99  0.01000 -5.42397e-02
100  0.00088  3.02472e-02 |101  0.02773  1.06585e-01 |102  0.01477 -1.58211e-01
103  0.01408  8.08314e-02 |104  0.00149  5.21436e-02 |105  0.02651  3.71910e-02
106 -0.00586  1.46978e-02 |107 -0.00664 -5.77658e-02 |108  0.01015 -5.24177e-03
109 -0.00038 -1.25773e-02 |110  0.01545  5.58919e-02 |111  0.04130  4.72807e-02
112  0.00413 -8.34637e-02 |113 -0.05918 -2.84849e-02 |114  0.00554  1.36569e-01
115  0.00736 -6.58317e-02 |116  0.00037 -6.63751e-02 |117 -0.00097  1.15646e-01
118  0.00783 -3.55293e-01 |119  0.01699 -3.98134e-02 |
119 variables; iteration 160; function evaluation 251; phase 5
Function value 1.5124899e+02; maximum gradient component mag 6.7789e-01
Var    Value     Gradient |Var    Value     Gradient |Var    Value     Gradient
  1  0.01977 -6.08606e-01 |  2 -0.06265 -1.14254e-03 |  3 -0.09442 -6.54140e-04
  4  0.00770  3.65994e-03 |  5 -0.02227  7.26111e-03 |  6  0.01076  6.63839e-03
  7 -0.04820  1.01236e-02 |  8 -0.09323  9.46696e-03 |  9 -0.06603  5.45131e-03
 10 -0.06366  6.73683e-03 | 11  0.03344  2.89667e-03 | 12  0.02476  7.49740e-05
 13  0.06913 -1.21195e-02 | 14  0.01288  6.61390e-03 | 15 -0.00746  7.85964e-03
 16  0.06580  7.32771e-03 | 17  0.03434  1.64144e-02 | 18 -0.04128  2.46115e-02
 19 -0.01210  1.46352e-02 | 20 -0.02821  9.20702e-03 | 21  0.03511  1.16626e-02
 22  0.04386  4.65551e-03 | 23 -0.05257  1.00265e-03 | 24 -0.03948 -7.03778e-03
 25 -0.10831 -1.14915e-02 | 26 -0.00678 -7.15792e-02 | 27 -0.02887  8.64455e-03
 28 -0.01153 -3.90062e-03 | 29  0.05769 -3.30978e-02 | 30 -0.00031 -1.71684e-02
 31  0.05969 -7.98310e-03 | 32 -0.01245  5.68823e-03 | 33  0.06636 -1.04406e-03
 34  0.01563  2.69385e-03 | 35  0.06044  5.32938e-04 | 36  0.03854 -2.27199e-03
 37  0.01380 -2.35337e-02 | 38  0.25004  1.35465e-01 | 39  0.25767 -2.99798e-02
 40  0.27246  3.19698e-03 | 41  0.25230 -8.70953e-03 | 42 -0.27666  6.77893e-01
 43 -0.03313 -2.26691e-01 | 44 -0.16007 -3.01965e-03 | 45 -0.41100 -2.39958e-03
 46 -0.29543 -7.79038e-02 | 47 -0.47007  5.98606e-02 | 48 -0.29855 -4.49873e-01
 49 -0.46434  2.10058e-01 | 50 -0.00974  6.52369e-04 | 51  0.02191 -7.18348e-04
 52  0.00292 -2.38180e-03 | 53  0.00466 -2.68528e-04 | 54 -0.00344  2.93717e-04
 55  0.00247  1.10648e-03 | 56 -0.02366 -1.04757e-03 | 57  0.01929  1.12320e-03
 58  0.00377 -2.12614e-03 | 59  0.00682  1.68571e-03 | 60 -0.00695 -5.19810e-04
 61  0.01390  1.84150e-03 | 62  0.00838 -2.58281e-03 | 63  0.00284  5.72836e-04
 64  0.01985 -9.59738e-04 | 65 -0.01690 -3.70076e-04 | 66 -0.00488 -2.89760e-03
 67 -0.01199  1.04707e-04 | 68  0.00680 -3.91260e-03 | 69 -0.00009 -4.91390e-03
 70 -0.00629 -6.71105e-04 | 71  0.00362 -1.10913e-04 | 72 -0.00420 -1.56420e-04
 73  0.00953  2.12941e-03 | 74  0.00174 -4.42831e-04 | 75 -0.00352  1.58963e-04
 76 -0.00797  9.34970e-04 | 77 -0.00978  2.35551e-03 | 78 -0.00053 -3.89583e-04
 79 -0.00384  6.84570e-03 | 80  0.00400 -3.09560e-05 | 81 -0.00236  2.00687e-04
 82 -0.00780 -2.06707e-03 | 83 -0.00308  4.91081e-04 | 84 -0.01013 -2.19038e-03
 85  0.01102  9.23668e-04 | 86  0.00815 -6.21787e-04 | 87  0.00009  6.20371e-04
 88  0.01211 -2.61290e-04 | 89 -0.01361  1.63918e-04 | 90 -0.01154 -8.37447e-04
 91  0.00411  2.59596e-03 | 92 -0.00102  2.68808e-04 | 93  0.00266  3.26359e-03
 94  0.00614 -2.11286e-02 | 95 -0.01203 -3.67322e-02 | 96 -0.00978  8.85925e-04
 97  0.00266  1.60018e-02 | 98 -0.02071 -5.82643e-04 | 99  0.01003  7.87555e-04
100  0.00084 -3.92774e-03 |101  0.02764  2.04182e-03 |102  0.01486 -5.63924e-03
103  0.01406  3.87270e-03 |104  0.00145 -4.88367e-04 |105  0.02645  2.26476e-03
106 -0.00587 -1.44365e-03 |107 -0.00658 -1.16478e-04 |108  0.01015 -8.90473e-04
109 -0.00039 -4.70288e-05 |110  0.01540  1.40865e-04 |111  0.04124  1.55480e-03
112  0.00420 -3.17672e-03 |113 -0.05916  1.14449e-04 |114  0.00543  5.64086e-04
115  0.00736 -5.94977e-04 |116  0.00043 -4.43993e-04 |117 -0.00107  2.20225e-03
118  0.00786 -3.16236e-02 |119  0.01697  2.60076e-03 |
119 variables; iteration 180; function evaluation 271; phase 5
Function value 1.5124897e+02; maximum gradient component mag -7.5099e-02
Var    Value     Gradient |Var    Value     Gradient |Var    Value     Gradient
  1  0.01977 -9.86699e-03 |  2 -0.06264 -1.18820e-05 |  3 -0.09442  8.00727e-05
  4  0.00770  4.46206e-05 |  5 -0.02227  5.09953e-05 |  6  0.01076  6.38020e-05
  7 -0.04821  1.39208e-04 |  8 -0.09324  7.22541e-05 |  9 -0.06603  1.42721e-04
 10 -0.06367  8.06191e-05 | 11  0.03343 -1.01678e-04 | 12  0.02476 -3.55120e-04
 13  0.06913 -1.12369e-03 | 14  0.01288 -8.63835e-05 | 15 -0.00745  3.16331e-04
 16  0.06580  7.78618e-04 | 17  0.03434  1.58162e-03 | 18 -0.04128  1.80816e-03
 19 -0.01211 -2.99053e-05 | 20 -0.02821 -6.01074e-04 | 21  0.03511  1.22354e-04
 22  0.04387  9.89590e-05 | 23 -0.05257  1.99750e-04 | 24 -0.03948  4.33245e-04
 25 -0.10831  3.27445e-04 | 26 -0.00678  7.56348e-04 | 27 -0.02887 -4.94175e-05
 28 -0.01153 -7.00483e-04 | 29  0.05769 -3.21494e-03 | 30 -0.00031 -8.37589e-04
 31  0.05969  1.63807e-04 | 32 -0.01245  4.72804e-04 | 33  0.06636 -1.50874e-04
 34  0.01563  6.20569e-05 | 35  0.06044 -1.91949e-04 | 36  0.03854 -2.64826e-04
 37  0.01380 -7.73186e-05 | 38  0.25003 -1.06587e-02 | 39  0.25767  1.06200e-02
 40  0.27246 -6.16891e-05 | 41  0.25230  4.66573e-04 | 42 -0.28054  1.88661e-02
 43 -0.04453 -6.54059e-03 | 44 -0.16331  1.14225e-03 | 45 -0.40380  5.40680e-04
 46 -0.29492 -7.50988e-02 | 47 -0.46946  5.75932e-02 | 48 -0.29863 -4.55464e-02
 49 -0.46452  1.80578e-02 | 50 -0.00974 -1.06197e-04 | 51  0.02191 -8.69163e-06
 52  0.00292 -2.74208e-05 | 53  0.00466  6.59350e-05 | 54 -0.00344  3.56947e-05
 55  0.00247 -1.79397e-04 | 56 -0.02366 -3.41281e-05 | 57  0.01929  3.48855e-05
 58  0.00377 -1.20417e-04 | 59  0.00681  4.01524e-05 | 60 -0.00695  6.30178e-05
 61  0.01390  8.14947e-07 | 62  0.00838 -5.76308e-05 | 63  0.00284  1.24691e-04
 64  0.01985 -9.01355e-05 | 65 -0.01690  7.31292e-05 | 66 -0.00488 -4.24023e-05
 67 -0.01199  9.09068e-05 | 68  0.00680 -3.42606e-04 | 69 -0.00009 -3.68220e-04
 70 -0.00629 -1.12681e-04 | 71  0.00362 -3.98247e-05 | 72 -0.00420 -7.23224e-05
 73  0.00953  8.37970e-05 | 74  0.00174 -6.90531e-05 | 75 -0.00352  4.05350e-05
 76 -0.00797  2.88320e-05 | 77 -0.00978  6.43151e-05 | 78 -0.00053 -1.44802e-04
 79 -0.00384  1.06006e-03 | 80  0.00400 -1.09186e-04 | 81 -0.00236  1.61505e-05
 82 -0.00779 -1.27180e-04 | 83 -0.00308 -3.05409e-04 | 84 -0.01013 -1.09572e-04
 85  0.01102  2.35425e-05 | 86  0.00815 -1.22855e-04 | 87  0.00009 -3.16113e-05
 88  0.01211 -6.65968e-05 | 89 -0.01361  2.79577e-05 | 90 -0.01154 -9.02377e-05
 91  0.00411  5.76664e-05 | 92 -0.00102 -1.62964e-05 | 93  0.00265  2.27747e-05
 94  0.00614 -2.45636e-04 | 95 -0.01203  6.20768e-04 | 96 -0.00978 -7.07742e-05
 97  0.00266  1.35860e-04 | 98 -0.02071 -4.78019e-05 | 99  0.01003  6.95574e-05
100  0.00085 -2.16762e-04 |101  0.02764  1.43938e-04 |102  0.01486 -2.82465e-04
103  0.01406  2.01195e-04 |104  0.00145 -1.27349e-04 |105  0.02645  3.24978e-05
106 -0.00587 -5.37896e-05 |107 -0.00658  7.89449e-05 |108  0.01016 -6.81815e-05
109 -0.00039  4.11333e-06 |110  0.01540 -1.14815e-04 |111  0.04124  2.30211e-05
112  0.00420 -3.79810e-05 |113 -0.05916  5.17176e-05 |114  0.00543 -1.32409e-04
115  0.00736  2.36729e-04 |116  0.00043  6.86494e-05 |117 -0.00107 -2.21111e-05
118  0.00786 -6.05920e-04 |119  0.01696  9.50196e-05 |
119 variables; iteration 200; function evaluation 292; phase 5
Function value 1.5124894e+02; maximum gradient component mag -1.4129e+00
Var    Value     Gradient |Var    Value     Gradient |Var    Value     Gradient
  1  0.01977  7.74391e-01 |  2 -0.06265 -1.72496e-03 |  3 -0.09442 -5.41307e-04
  4  0.00770 -5.49790e-03 |  5 -0.02227 -1.27303e-02 |  6  0.01076 -1.33260e-02
  7 -0.04821 -1.19764e-02 |  8 -0.09324 -1.28791e-02 |  9 -0.06603 -1.03360e-02
 10 -0.06367 -8.92940e-03 | 11  0.03343 -4.81766e-03 | 12  0.02476  1.98490e-03
 13  0.06913  3.09377e-02 | 14  0.01288 -5.57354e-03 | 15 -0.00745 -9.17837e-03
 16  0.06580 -9.89169e-04 | 17  0.03434  9.72863e-03 | 18 -0.04128  7.47935e-03
 19 -0.01211 -1.36699e-02 | 20 -0.02821 -6.23429e-03 | 21  0.03511 -1.08461e-02
 22  0.04387 -1.00544e-02 | 23 -0.05257 -6.17422e-03 | 24 -0.03947 -3.40574e-03
 25 -0.10831  1.36091e-03 | 26 -0.00678  4.37853e-02 | 27 -0.02886 -1.30718e-02
 28 -0.01153 -1.35504e-03 | 29  0.05769  3.26358e-02 | 30 -0.00031  2.09128e-02
 31  0.05969 -9.00986e-04 | 32 -0.01244 -7.61112e-03 | 33  0.06636  2.19226e-03
 34  0.01563  1.79629e-03 | 35  0.06044  4.28722e-03 | 36  0.03855  7.00007e-03
 37  0.01380  1.71003e-02 | 38  0.25003 -1.72554e-02 | 39  0.25767  1.69220e-01
 40  0.27246 -5.04954e-03 | 41  0.25230  3.46171e-03 | 42 -0.28536 -1.16067e+00
 43 -0.05871  3.94720e-01 | 44 -0.16346  5.78996e-03 | 45 -0.40347  2.68917e-03
 46 -0.28741 -1.41286e+00 | 47 -0.46034  1.16536e+00 | 48 -0.29837  5.28514e-01
 49 -0.46397 -2.54618e-01 | 50 -0.00975 -1.87788e-03 | 51  0.02191 -1.53961e-03
 52  0.00293  3.21939e-03 | 53  0.00466 -1.59106e-03 | 54 -0.00344 -5.60657e-04
 55  0.00247  1.93911e-03 | 56 -0.02366  2.17940e-03 | 57  0.01929  9.64365e-04
 58  0.00377  2.70714e-03 | 59  0.00681 -3.05664e-03 | 60 -0.00695  1.96336e-03
 61  0.01389 -5.74913e-03 | 62  0.00839  3.04678e-03 | 63  0.00285  1.06564e-03
 64  0.01985  9.46516e-04 | 65 -0.01690  3.41486e-04 | 66 -0.00488  3.23960e-03
 67 -0.01199 -2.38572e-03 | 68  0.00680  9.14710e-03 | 69 -0.00009  1.22395e-02
 70 -0.00629  1.19952e-03 | 71  0.00362  4.59847e-04 | 72 -0.00420  1.43334e-03
 73  0.00953 -3.72083e-03 | 74  0.00174  2.33898e-03 | 75 -0.00352 -1.27686e-03
 76 -0.00797  2.64438e-03 | 77 -0.00978 -1.06579e-04 | 78 -0.00053 -1.51679e-03
 79 -0.00384  1.06036e-02 | 80  0.00400 -7.82112e-04 | 81 -0.00236  6.70656e-04
 82 -0.00779  4.73340e-03 | 83 -0.00308 -1.06220e-03 | 84 -0.01013  8.19988e-04
 85  0.01102  8.52948e-04 | 86  0.00815  1.53511e-03 | 87  0.00009 -7.62347e-04
 88  0.01211  6.74142e-04 | 89 -0.01361 -6.54384e-04 | 90 -0.01154  2.26517e-03
 91  0.00410 -3.41577e-03 | 92 -0.00102  3.25658e-04 | 93  0.00265 -2.09594e-03
 94  0.00614  1.84786e-02 | 95 -0.01202  2.20203e-02 | 96 -0.00978  3.85579e-04
 97  0.00265 -1.65669e-02 | 98 -0.02071  1.16678e-03 | 99  0.01003 -1.20535e-03
100  0.00084  7.90802e-04 |101  0.02764 -4.92910e-03 |102  0.01486  5.91537e-03
103  0.01406 -6.42988e-03 |104  0.00144  7.43118e-04 |105  0.02645 -5.74678e-04
106 -0.00586  4.26784e-03 |107 -0.00658 -4.91654e-04 |108  0.01016  2.49567e-04
109 -0.00039 -8.89512e-04 |110  0.01540  4.56720e-04 |111  0.04124 -1.53800e-03
112  0.00420  3.44247e-03 |113 -0.05916 -4.15714e-04 |114  0.00543  1.03344e-03
115  0.00736  2.05508e-03 |116  0.00043 -1.78388e-04 |117 -0.00107 -2.35507e-03
118  0.00787  2.84777e-02 |119  0.01696 -4.10804e-03 |
119 variables; iteration 220; function evaluation 313; phase 5
Function value 1.5124881e+02; maximum gradient component mag -1.9596e+00
Var    Value     Gradient |Var    Value     Gradient |Var    Value     Gradient
  1  0.01977  7.21374e-01 |  2 -0.06264 -1.13098e-03 |  3 -0.09442  8.75074e-04
  4  0.00770 -6.23605e-03 |  5 -0.02227 -5.58086e-03 |  6  0.01076  2.92972e-03
  7 -0.04821 -1.07745e-02 |  8 -0.09324 -1.13994e-02 |  9 -0.06603 -9.21034e-03
 10 -0.06367 -5.22963e-03 | 11  0.03343  1.49800e-03 | 12  0.02476  1.36639e-02
 13  0.06913  6.85021e-02 | 14  0.01288  1.77747e-03 | 15 -0.00745 -5.66137e-03
 16  0.06581  3.35144e-03 | 17  0.03434  1.29359e-02 | 18 -0.04128 -2.61155e-03
 19 -0.01211 -1.05196e-03 | 20 -0.02821  4.75663e-03 | 21  0.03511 -1.12275e-02
 22  0.04387 -9.01710e-03 | 23 -0.05257 -6.86572e-03 | 24 -0.03948 -6.87100e-04
 25 -0.10831  2.14606e-03 | 26 -0.00678  7.83081e-02 | 27 -0.02886  2.35127e-02
 28 -0.01153 -1.15726e-02 | 29  0.05769 -6.96001e-02 | 30 -0.00031 -2.46225e-02
 31  0.05969 -2.21686e-02 | 32 -0.01245 -5.61535e-03 | 33  0.06636 -3.83310e-03
 34  0.01563 -4.11221e-03 | 35  0.06044  1.65916e-02 | 36  0.03854  1.71673e-02
 37  0.01380  2.01593e-02 | 38  0.25003 -1.42182e-01 | 39  0.25767 -1.76721e-01
 40  0.27246 -4.85094e-03 | 41  0.25230  6.46183e-03 | 42 -0.28184 -1.95963e+00
 43 -0.04835  6.66410e-01 | 44 -0.16210  4.14360e-02 | 45 -0.40647  1.80786e-02
 46 -0.26212  1.36876e-01 | 47 -0.43014 -1.17943e-01 | 48 -0.29665  2.87482e-01
 49 -0.46035 -1.40591e-01 | 50 -0.00975 -3.35869e-03 | 51  0.02191 -2.11441e-03
 52  0.00293  5.07390e-03 | 53  0.00466 -6.49881e-04 | 54 -0.00344  9.82590e-04
 55  0.00247  4.37563e-03 | 56 -0.02366  1.97578e-03 | 57  0.01929  1.06247e-03
 58  0.00377  3.26113e-03 | 59  0.00681 -2.74883e-03 | 60 -0.00694  4.30654e-03
 61  0.01389 -6.51452e-03 | 62  0.00839  4.84417e-03 | 63  0.00285  1.66306e-03
 64  0.01985  1.24420e-03 | 65 -0.01690  8.17642e-04 | 66 -0.00488  5.05124e-03
 67 -0.01199  4.23135e-04 | 68  0.00680  1.09504e-02 | 69 -0.00009  2.22322e-02
 70 -0.00629  2.88185e-04 | 71  0.00362 -4.87268e-04 | 72 -0.00420  1.90812e-04
 73  0.00953 -3.53391e-03 | 74  0.00174  1.13559e-03 | 75 -0.00352 -2.62593e-04
 76 -0.00797  2.32292e-03 | 77 -0.00977  2.18167e-03 | 78 -0.00053  8.09470e-04
 79 -0.00384  5.17902e-03 | 80  0.00399 -2.98876e-03 | 81 -0.00236  7.69507e-04
 82 -0.00779  5.48661e-03 | 83 -0.00308  7.34269e-03 | 84 -0.01013  1.81520e-03
 85  0.01102  3.86525e-04 | 86  0.00815  4.11602e-04 | 87  0.00009 -6.53969e-04
 88  0.01211  2.81035e-04 | 89 -0.01361 -9.11299e-04 | 90 -0.01154  2.08263e-03
 91  0.00410 -3.77457e-03 | 92 -0.00102  5.21896e-04 | 93  0.00265 -6.10462e-03
 94  0.00614  2.79510e-02 | 95 -0.01202  3.14296e-02 | 96 -0.00979 -2.48764e-03
 97  0.00266  1.10957e-03 | 98 -0.02071  1.18574e-03 | 99  0.01003 -1.53252e-03
100  0.00084 -3.48001e-03 |101  0.02763 -1.01102e-02 |102  0.01486  2.32022e-03
103  0.01406 -2.32912e-03 |104  0.00144 -2.16233e-03 |105  0.02645 -2.38704e-03
106 -0.00586  4.11951e-03 |107 -0.00657  1.56157e-03 |108  0.01015  9.47365e-04
109 -0.00039 -1.91171e-03 |110  0.01539 -3.16281e-03 |111  0.04124 -1.63392e-03
112  0.00420  7.27619e-03 |113 -0.05915  1.19779e-03 |114  0.00542 -1.97544e-03
115  0.00736  4.59958e-03 |116  0.00043  9.69027e-04 |117 -0.00107 -3.61455e-03
118  0.00786  3.94311e-02 |119  0.01697 -1.01404e-02 |
119 variables; iteration 240; function evaluation 334; phase 5
Function value 1.5124880e+02; maximum gradient component mag -8.7176e-02
Var    Value     Gradient |Var    Value     Gradient |Var    Value     Gradient
  1  0.01977 -9.08152e-03 |  2 -0.06264 -4.48656e-04 |  3 -0.09442  9.56749e-05
  4  0.00770 -1.52795e-04 |  5 -0.02227 -7.73545e-04 |  6  0.01076  9.35547e-04
  7 -0.04821 -1.66396e-04 |  8 -0.09324 -5.66658e-04 |  9 -0.06603 -5.28996e-04
 10 -0.06367 -2.22048e-05 | 11  0.03343 -1.43463e-04 | 12  0.02476 -4.92581e-04
 13  0.06913  1.02468e-03 | 14  0.01288 -3.00286e-04 | 15 -0.00745 -6.64804e-04
 16  0.06580 -1.40278e-03 | 17  0.03434 -2.17442e-04 | 18 -0.04128  6.77679e-04
 19 -0.01211 -4.19445e-03 | 20 -0.02821 -5.10658e-03 | 21  0.03511 -6.57774e-04
 22  0.04386 -1.28589e-03 | 23 -0.05257 -8.49713e-04 | 24 -0.03948 -9.41199e-04
 25 -0.10831 -1.25672e-04 | 26 -0.00678  4.68545e-03 | 27 -0.02887 -7.92471e-03
 28 -0.01153  1.91715e-03 | 29  0.05769  1.05398e-02 | 30 -0.00031  6.92948e-03
 31  0.05969  2.88935e-03 | 32 -0.01245 -1.31036e-03 | 33  0.06636 -2.62624e-03
 34  0.01563 -1.28941e-03 | 35  0.06044 -5.17714e-03 | 36  0.03854 -3.25627e-03
 37  0.01380  5.44825e-05 | 38  0.25003  1.33260e-02 | 39  0.25767 -3.29346e-02
 40  0.27246  1.22910e-04 | 41  0.25230 -4.55342e-03 | 42 -0.28012 -8.71761e-02
 43 -0.04331  2.96902e-02 | 44 -0.16332 -4.08914e-03 | 45 -0.40377 -1.80220e-03
 46 -0.25767  9.38386e-03 | 47 -0.42489 -7.40344e-03 | 48 -0.29627  5.31871e-02
 49 -0.45955 -2.88976e-02 | 50 -0.00974  7.97653e-05 | 51  0.02191 -2.15886e-05
 52  0.00292  1.16786e-04 | 53  0.00466 -4.96003e-04 | 54 -0.00344  8.57500e-04
 55  0.00247  1.05461e-03 | 56 -0.02366 -3.20908e-05 | 57  0.01929 -2.47570e-05
 58  0.00377 -6.22847e-05 | 59  0.00681 -4.10180e-04 | 60 -0.00695  4.66109e-04
 61  0.01390 -9.67994e-05 | 62  0.00838 -8.63943e-05 | 63  0.00284  7.15538e-05
 64  0.01985 -1.02396e-04 | 65 -0.01690 -4.56334e-05 | 66 -0.00488 -3.06472e-04
 67 -0.01199 -3.59006e-04 | 68  0.00680  2.33634e-04 | 69 -0.00009  3.84849e-04
 70 -0.00629  8.96856e-05 | 71  0.00362 -4.15971e-04 | 72 -0.00420  2.08083e-04
 73  0.00953  2.48859e-04 | 74  0.00174  1.79514e-04 | 75 -0.00352 -2.27814e-04
 76 -0.00797  6.08033e-04 | 77 -0.00978  7.48791e-04 | 78 -0.00053 -2.58976e-04
 79 -0.00384  8.22785e-04 | 80  0.00400  1.15044e-04 | 81 -0.00236 -2.09422e-04
 82 -0.00779 -4.09791e-04 | 83 -0.00308 -2.48200e-03 | 84 -0.01013 -3.24060e-04
 85  0.01102 -4.56717e-05 | 86  0.00815 -1.11511e-04 | 87  0.00009 -2.66395e-04
 88  0.01211  2.43582e-04 | 89 -0.01361 -2.11148e-04 | 90 -0.01154 -2.49125e-04
 91  0.00411  4.35326e-04 | 92 -0.00102  3.57532e-04 | 93  0.00265  3.38132e-04
 94  0.00614  1.53516e-03 | 95 -0.01203  4.56542e-03 | 96 -0.00978  3.72329e-04
 97  0.00266 -4.79111e-03 | 98 -0.02071  1.90329e-04 | 99  0.01003 -1.45844e-04
100  0.00085  4.56629e-04 |101  0.02764  9.58832e-04 |102  0.01486  1.10904e-03
103  0.01406 -1.14795e-03 |104  0.00145  4.08214e-04 |105  0.02645  4.08696e-04
106 -0.00587 -1.23786e-04 |107 -0.00658 -2.65491e-04 |108  0.01016 -2.38186e-05
109 -0.00039 -3.92674e-05 |110  0.01540  4.86943e-04 |111  0.04124 -8.98207e-05
112  0.00420 -4.17243e-04 |113 -0.05916 -2.69634e-04 |114  0.00543  1.74719e-04
115  0.00736  1.26759e-04 |116  0.00043  3.11848e-04 |117 -0.00107 -1.41124e-05
118  0.00786 -1.59151e-03 |119  0.01696 -1.81067e-04 |
119 variables; iteration 260; function evaluation 356; phase 5
Function value 1.5124877e+02; maximum gradient component mag -3.2999e+00
Var    Value     Gradient |Var    Value     Gradient |Var    Value     Gradient
  1  0.01977 -1.14701e+00 |  2 -0.06265 -2.84590e-03 |  3 -0.09442  1.02211e-03
  4  0.00770 -1.01407e-03 |  5 -0.02227  1.20578e-02 |  6  0.01076  2.10296e-02
  7 -0.04821  1.55477e-02 |  8 -0.09323  1.26945e-02 |  9 -0.06603  1.31215e-02
 10 -0.06367  1.55188e-02 | 11  0.03343  1.31550e-02 | 12  0.02475  8.69863e-03
 13  0.06913  9.20049e-03 | 14  0.01288  1.14447e-02 | 15 -0.00745  1.35290e-02
 16  0.06580  9.41845e-03 | 17  0.03434  1.98928e-02 | 18 -0.04128  2.16812e-02
 19 -0.01211  3.52268e-04 | 20 -0.02821 -1.01755e-03 | 21  0.03511  1.12711e-02
 22  0.04387  7.61154e-03 | 23 -0.05257  1.12655e-02 | 24 -0.03948  1.03657e-02
 25 -0.10831  1.36661e-02 | 26 -0.00678  3.82841e-02 | 27 -0.02887 -2.62097e-02
 28 -0.01153 -2.71378e-02 | 29  0.05769 -1.53452e-01 | 30 -0.00031 -2.20937e-02
 31  0.05970 -4.82070e-02 | 32 -0.01245  3.07815e-02 | 33  0.06636 -6.81454e-02
 34  0.01563 -1.46828e-02 | 35  0.06044 -5.14234e-02 | 36  0.03854 -2.32812e-02
 37  0.01380  4.35579e-02 | 38  0.25003 -2.17140e-02 | 39  0.25767 -1.54807e-01
 40  0.27246 -9.17383e-03 | 41  0.25230  3.02261e-02 | 42 -0.28028 -1.78418e-02
 43 -0.04377  6.04333e-03 | 44 -0.16348 -2.10665e-03 | 45 -0.40344 -8.49576e-04
 46 -0.25790 -3.60182e-02 | 47 -0.42516  3.10356e-02 | 48 -0.29138 -3.29992e+00
 49 -0.44936  1.58683e+00 | 50 -0.00974 -1.33302e-03 | 51  0.02191 -1.81806e-04
 52  0.00292  9.64790e-04 | 53  0.00466 -2.16153e-03 | 54 -0.00343  4.29000e-03
 55  0.00247  4.25195e-03 | 56 -0.02367 -3.30318e-04 | 57  0.01929  8.22606e-04
 58  0.00377 -7.33591e-04 | 59  0.00681 -2.52563e-03 | 60 -0.00694  3.29211e-03
 61  0.01389 -1.99592e-03 | 62  0.00838 -3.78918e-04 | 63  0.00285  2.36887e-03
 64  0.01985 -1.31744e-03 | 65 -0.01690  8.67070e-04 | 66 -0.00488 -1.50358e-03
 67 -0.01199 -5.94389e-04 | 68  0.00680 -1.65193e-03 | 69 -0.00009 -1.02502e-03
 70 -0.00629 -2.18813e-04 | 71  0.00362 -2.28620e-03 | 72 -0.00420  4.36311e-04
 73  0.00953  1.78511e-03 | 74  0.00174  5.29582e-04 | 75 -0.00352 -6.76590e-04
 76 -0.00797  3.66604e-03 | 77 -0.00977  5.21407e-03 | 78 -0.00053 -1.82316e-03
 79 -0.00384  5.75600e-03 | 80  0.00400 -8.57410e-04 | 81 -0.00236 -6.71114e-04
 82 -0.00780 -2.10155e-03 | 83 -0.00308 -7.78720e-03 | 84 -0.01013 -2.24237e-03
 85  0.01102  6.44328e-04 | 86  0.00815 -1.42306e-03 | 87  0.00009 -1.00966e-03
 88  0.01211  4.34373e-04 | 89 -0.01361 -8.74025e-04 | 90 -0.01154 -1.53559e-03
 91  0.00411  2.04239e-03 | 92 -0.00102  1.09309e-03 | 93  0.00266  8.88988e-04
 94  0.00613  6.76267e-03 | 95 -0.01202  2.43994e-02 | 96 -0.00978  1.67826e-04
 97  0.00266 -1.56001e-02 | 98 -0.02071 -4.58557e-04 | 99  0.01003  1.55227e-03
100  0.00084 -1.05383e-02 |101  0.02764  9.89198e-03 |102  0.01486 -3.42653e-03
103  0.01406  4.14060e-03 |104  0.00144 -3.36346e-03 |105  0.02645  6.00309e-03
106 -0.00587 -6.40567e-04 |107 -0.00658  7.03735e-04 |108  0.01015 -1.81855e-03
109 -0.00039  1.27359e-03 |110  0.01540 -1.40236e-03 |111  0.04124  3.23144e-03
112  0.00420 -4.41549e-03 |113 -0.05916  5.92356e-03 |114  0.00543 -4.72463e-03
115  0.00736  9.09551e-03 |116  0.00044  2.27221e-03 |117 -0.00107 -8.87753e-04
118  0.00786 -1.20696e-02 |119  0.01697 -1.54464e-03 |
119 variables; iteration 280; function evaluation 406; phase 5
Function value 1.5039601e+02; maximum gradient component mag -1.0913e+03
Var    Value     Gradient |Var    Value     Gradient |Var    Value     Gradient
  1  0.01902 -1.09127e+03 |  2 -0.06411 -4.04352e-01 |  3 -0.09236  6.26425e-01
  4  0.00862  3.27265e-01 |  5 -0.02152  1.56142e+01 |  6  0.01223  1.73659e+01
  7 -0.04754  1.64978e+01 |  8 -0.09375  1.53399e+01 |  9 -0.06665  1.52079e+01
 10 -0.06482  1.60828e+01 | 11  0.03312  1.52996e+01 | 12  0.02537  1.50004e+01
 13  0.07132  1.44296e+01 | 14  0.01264  1.51170e+01 | 15 -0.00793  1.53627e+01
 16  0.06595  1.35071e+01 | 17  0.03592  1.48399e+01 | 18 -0.03998  1.43680e+01
 19 -0.01196  1.31379e+01 | 20 -0.02752  9.56353e+00 | 21  0.03389  1.55348e+01
 22  0.04292  1.52238e+01 | 23 -0.05382  1.50536e+01 | 24 -0.04015  1.64071e+01
 25 -0.10885  1.57416e+01 | 26 -0.00503  1.99287e+01 | 27 -0.02742  6.41774e+00
 28 -0.01254 -2.02587e+01 | 29  0.05613 -1.63812e+02 | 30 -0.00045 -3.58966e+01
 31  0.05776 -7.30108e+01 | 32 -0.01076  5.05041e+01 | 33  0.05861 -7.55335e+01
 34  0.01243 -1.15391e+01 | 35  0.05879 -3.98446e+01 | 36  0.03991 -2.90340e+01
 37  0.02289  4.94864e+01 | 38  0.25092 -3.15493e+01 | 39  0.25920  3.80727e+00
 40  0.27376  2.84842e+00 | 41  0.25521 -4.11783e+01 | 42 -0.26443  2.63786e+02
 43  0.00212 -8.94354e+01 | 44 -0.14781  3.70870e+00 | 45 -0.43886  1.57109e+00
 46 -0.27488 -6.77882e+00 | 47 -0.44542  5.68559e+00 | 48 -0.23427 -5.71342e+02
 49 -0.34202  2.80520e+02 | 50 -0.00981 -3.05189e-01 | 51  0.02143 -2.70894e-01
 52  0.00248 -5.02523e-01 | 53  0.00443 -1.80273e-02 | 54 -0.00233  7.83807e-01
 55  0.00335  1.12279e+00 | 56 -0.02341 -5.50071e-02 | 57  0.01913  9.69308e-02
 58  0.00370 -2.59593e-01 | 59  0.00664  1.26177e-01 | 60 -0.00664  4.73255e-01
 61  0.01415  8.56580e-02 | 62  0.00814 -3.44734e-01 | 63  0.00233 -5.93208e-02
 64  0.01962 -3.77654e-01 | 65 -0.01709  1.83183e-01 | 66 -0.00510 -2.35911e-01
 67 -0.01213  2.18355e-01 | 68  0.00754 -5.11205e-01 | 69  0.00069 -1.37893e-01
 70 -0.00643 -2.50359e-01 | 71  0.00345 -1.47632e-01 | 72 -0.00420 -1.07625e-01
 73  0.00950  3.72357e-01 | 74  0.00164 -1.61763e-01 | 75 -0.00355  3.46963e-01
 76 -0.00734  3.79159e-01 | 77 -0.00864  1.72867e+00 | 78 -0.00069 -4.23870e-01
 79 -0.00267 -1.25973e-02 | 80  0.00364 -3.71179e-01 | 81 -0.00231  2.99704e-01
 82 -0.00770 -3.76397e-01 | 83 -0.00012 -2.37116e+00 | 84 -0.01079 -6.20154e-01
 85  0.01082 -5.42296e-02 | 86  0.00760 -5.37792e-01 | 87 -0.00086 -3.80277e-01
 88  0.01210  1.85788e-01 | 89 -0.01420 -1.17385e-01 | 90 -0.01196 -3.64680e-01
 91  0.00406  5.53925e-01 | 92 -0.00123  6.58330e-01 | 93  0.00300  5.91753e-01
 94  0.00662  1.47045e-01 | 95 -0.00832  4.74677e+00 | 96 -0.00878  4.74492e-01
 97  0.00340  1.49991e+00 | 98 -0.02052  2.40729e-02 | 99  0.00966  4.29488e-01
100  0.00070 -8.57357e+00 |101  0.03109  1.68207e+01 |102  0.01574 -5.84420e+00
103  0.01748  1.02150e+01 |104 -0.00014 -4.82866e+00 |105  0.03128  7.57961e+00
106 -0.00504  5.89946e-01 |107 -0.00689 -2.26287e-01 |108  0.00978 -1.14671e+00
109  0.00023  3.91483e+00 |110  0.01511 -1.95630e+00 |111  0.04649  6.87622e+00
112  0.00318 -3.42522e+00 |113 -0.05456  9.03316e+00 |114  0.00414 -5.07007e+00
115  0.01306  1.34846e+01 |116  0.00037 -1.06858e-01 |117 -0.00066  5.02660e-01
118  0.00684 -5.41662e+00 |119  0.01425 -5.09642e-01 |
119 variables; iteration 300; function evaluation 427; phase 5
Function value 1.3795858e+02; maximum gradient component mag -3.5323e+02
Var    Value     Gradient |Var    Value     Gradient |Var    Value     Gradient
  1  0.01740 -3.53232e+02 |  2 -0.06410 -2.86091e-01 |  3 -0.09634 -4.73563e-01
  4  0.00720 -2.35950e+00 |  5 -0.01857  3.35688e-01 |  6  0.01557 -7.44762e+00
  7 -0.04903  5.06302e+00 |  8 -0.09620  4.79206e+00 |  9 -0.06919  4.67341e+00
 10 -0.06777  5.27636e+00 | 11  0.03475  6.51189e+00 | 12  0.02968  7.71107e+00
 13  0.07672  1.45481e+01 | 14  0.01100  6.20876e+00 | 15 -0.00760  4.78581e+00
 16  0.06766  4.34233e+00 | 17  0.03834  3.93403e+00 | 18 -0.03556  3.55020e+00
 19 -0.00863 -9.02373e-01 | 20 -0.02634 -4.83389e+00 | 21  0.03519  3.92159e+00
 22  0.04281  3.86533e+00 | 23 -0.05800  4.50250e+00 | 24 -0.03944  2.36072e+00
 25 -0.11031  2.04336e+00 | 26 -0.00095 -1.10003e+01 | 27 -0.02353 -1.14533e+01
 28 -0.01747 -9.04598e+00 | 29  0.05590 -3.07503e+01 | 30 -0.00190 -4.89823e+01
 31  0.05607 -1.42912e+01 | 32 -0.02263  1.12752e+00 | 33  0.04536  1.26491e+01
 34  0.00453  8.47047e+00 | 35  0.05708  1.22508e+01 | 36  0.04316  1.03189e+01
 37  0.03844 -2.05812e+00 | 38  0.25567 -4.91962e+00 | 39  0.26032  4.14718e+00
 40  0.27698  2.14241e-01 | 41  0.28106  1.76064e+00 | 42 -0.22384  2.74825e+02
 43  0.10911 -9.13205e+01 | 44 -0.48470 -3.20715e-01 | 45  0.36559  9.12240e-03
 46 -0.21160 -2.55427e+02 | 47 -0.34729  2.16106e+02 | 48 -0.11829 -6.56007e+01
 49 -0.23689 -7.86774e+00 | 50 -0.00842  1.43566e-01 | 51  0.02070  1.61475e-01
 52  0.00447  6.71821e-02 | 53  0.00234  1.59145e-01 | 54  0.00069  1.88075e-02
 55  0.00789 -7.34538e+00 | 56 -0.02173 -8.82840e-02 | 57  0.01801 -2.64255e-01
 58  0.00581  1.87916e-01 | 59  0.00424 -5.15819e-01 | 60 -0.00596  1.74730e-01
 61  0.01296 -4.39630e-01 | 62  0.00989 -2.41661e-02 | 63  0.00024 -1.25059e-01
 64  0.02165 -5.85387e-03 | 65 -0.01907 -1.29481e-01 | 66 -0.00259  1.38795e-01
 67 -0.01410 -3.90130e-01 | 68  0.01260  1.59176e+00 | 69  0.00295  3.08986e+00
 70 -0.00438  1.84666e-01 | 71  0.00282 -2.64686e-01 | 72 -0.00211  1.86443e-01
 73  0.00684 -1.94204e-01 | 74  0.00375  1.90947e-01 | 75 -0.00572 -1.57970e-01
 76 -0.00604  1.80160e-01 | 77 -0.01119 -1.11383e-01 | 78  0.00252  2.31112e-01
 79  0.00093  2.60901e-01 | 80  0.00635 -6.04234e-03 | 81 -0.00465  1.50435e-01
 82 -0.00472 -1.84182e-01 | 83  0.00732 -5.27503e+00 | 84 -0.00795  8.75956e-02
 85  0.00869 -1.24671e-01 | 86  0.01011  7.04680e-02 | 87 -0.00234  9.32407e-02
 88  0.01331 -6.07887e-02 | 89 -0.01499 -3.78609e-01 | 90 -0.01025 -1.72930e-02
 91  0.00124 -1.24160e-01 | 92 -0.00177 -1.37921e-01 | 93  0.00081  3.01822e-02
 94  0.01855 -2.42938e+00 | 95 -0.00024 -2.68585e+00 | 96 -0.00593 -2.51624e-01
 97  0.00613 -4.63416e+00 | 98 -0.02206 -1.31653e+00 | 99  0.01155 -1.29597e+00
100 -0.00242  9.32827e-01 |101  0.01185  5.64705e+00 |102  0.01871 -2.02394e+01
103  0.00540 -5.53821e+00 |104  0.00045  3.38306e-01 |105  0.02026 -2.88490e+00
106 -0.00925 -1.10288e-01 |107 -0.00618 -2.16809e-01 |108  0.00690  2.48466e-01
109 -0.01052 -9.30476e-01 |110  0.01098  1.41846e-01 |111  0.02610 -1.89259e+00
112 -0.00525  3.40096e-01 |113 -0.07565 -1.88747e+00 |114 -0.00123  7.11168e-01
115 -0.02253 -2.11481e+00 |116  0.00060  1.64011e-02 |117 -0.00150  1.72344e-02
118  0.02125  1.09956e+00 |119  0.01236 -3.35420e+00 |
119 variables; iteration 320; function evaluation 451; phase 5
Function value 1.3259803e+02; maximum gradient component mag -3.7142e+01
Var    Value     Gradient |Var    Value     Gradient |Var    Value     Gradient
  1  0.01636 -3.71418e+01 |  2 -0.06271 -4.52743e-02 |  3 -0.09435 -5.84984e-02
  4  0.00996  3.84776e-02 |  5 -0.01613  6.37900e-01 |  6  0.01774  5.01788e-01
  7 -0.04596  6.71020e-01 |  8 -0.09268  7.54045e-01 |  9 -0.06546  9.04811e-01
 10 -0.06470  7.12075e-01 | 11  0.03589  2.10773e-01 | 12  0.02966 -4.91729e-01
 13  0.07564 -2.90843e+00 | 14  0.01186  4.49629e-02 | 15 -0.00700  8.13296e-01
 16  0.06861  8.91381e-01 | 17  0.04017  8.59234e-01 | 18 -0.03463  4.04773e-01
 19 -0.01219  3.53904e-01 | 20 -0.02398 -1.19983e+00 | 21  0.02909  7.05048e-01
 22  0.03939  2.54623e-01 | 23 -0.05646  3.09333e-01 | 24 -0.04262 -6.73655e-01
 25 -0.10928 -9.38682e-01 | 26  0.00164 -1.75825e-01 | 27 -0.02253  1.39563e+00
 28 -0.02279  3.76867e+00 | 29  0.05772 -1.90881e+00 | 30 -0.00168  6.13274e-01
 31  0.05493  4.88205e-01 | 32 -0.02512 -5.30141e-01 | 33  0.03878 -2.78879e+00
 34  0.00069  6.88480e-01 | 35  0.05502  4.85821e-01 | 36  0.04316 -1.89954e-01
 37  0.04281  9.67632e-01 | 38  0.25732 -9.75755e-01 | 39  0.26520  7.58196e-01
 40  0.27905 -1.41015e+00 | 41  0.29143 -2.71577e+00 | 42 -0.23083  3.14517e+01
 43  0.09157 -9.99316e+00 | 44 -0.58685 -3.93669e-01 | 45  0.61221 -2.53004e-02
 46 -0.23695  5.93032e+00 | 47 -0.40378 -5.47975e+00 | 48 -0.08865 -9.28935e+00
 49 -0.22635  1.12194e+01 | 50 -0.00892 -6.47535e-02 | 51  0.02069 -4.76405e-03
 52  0.00413  1.27084e-02 | 53  0.00266  1.28512e-02 | 54 -0.00003 -9.19364e-04
 55  0.00678 -2.02085e-01 | 56 -0.02190  4.85875e-02 | 57  0.01828  8.51774e-03
 58  0.00537 -5.55791e-02 | 59  0.00487 -1.18131e-02 | 60 -0.00585  3.79610e-02
 61  0.01348  3.79497e-02 | 62  0.00991 -5.75046e-02 | 63  0.00074  1.98740e-01
 64  0.02146 -6.79856e-02 | 65 -0.01868  9.15910e-02 | 66 -0.00306 -4.69502e-02
 67 -0.01369  4.20449e-02 | 68  0.01038 -8.14328e-01 | 69  0.00046 -1.34869e+00
 70 -0.00560 -7.19606e-02 | 71  0.00329 -3.72772e-02 | 72 -0.00301 -2.05250e-02
 73  0.00700  6.77392e-02 | 74  0.00300 -7.26474e-02 | 75 -0.00550  1.78659e-02
 76 -0.00662 -8.84828e-03 | 77 -0.01108  4.08175e-02 | 78  0.00183 -5.15953e-02
 79  0.00290 -2.42209e-02 | 80  0.00393 -1.23838e-01 | 81 -0.00304  5.30596e-02
 82 -0.00463 -6.14540e-02 | 83  0.01244 -6.73384e-01 | 84 -0.01001 -9.94809e-02
 85  0.01023  9.80031e-02 | 86  0.00837 -4.74504e-02 | 87 -0.00271  3.83422e-03
 88  0.01237 -6.07235e-02 | 89 -0.01651  7.71442e-02 | 90 -0.01157 -3.75614e-02
 91  0.00167  8.01808e-02 | 92 -0.00379 -2.49980e-02 | 93  0.00201 -7.94922e-01
 94  0.01796 -4.89883e-01 | 95 -0.00005 -2.97693e-01 | 96 -0.00616 -5.15995e-02
 97  0.00834 -2.27002e-01 | 98 -0.02031  1.00536e+00 | 99  0.02128  1.26587e+00
100 -0.00175 -1.01424e-01 |101  0.01616  1.05550e+00 |102  0.01414  1.60955e+00
103  0.00264 -1.37518e+00 |104 -0.00160 -1.22918e-01 |105  0.01938  2.69460e-01
106 -0.01175 -1.84756e-01 |107 -0.00322  1.23059e+00 |108  0.00425 -1.44637e-01
109 -0.01228 -1.81417e-01 |110  0.00752 -1.27801e-01 |111  0.02101 -1.12459e-01
112 -0.01019 -4.91510e-02 |113 -0.07947  1.27757e-01 |114 -0.00521 -1.48550e-01
115 -0.03101  3.47511e-01 |116  0.00070  8.83866e-02 |117 -0.00157 -4.57845e-02
118  0.02262 -3.87285e-01 |119  0.01420  2.29004e-01 |
119 variables; iteration 340; function evaluation 472; phase 5
Function value 1.3236362e+02; maximum gradient component mag -5.6898e+00
Var    Value     Gradient |Var    Value     Gradient |Var    Value     Gradient
  1  0.01613  3.61393e-01 |  2 -0.06195  1.18459e-03 |  3 -0.09332 -2.84860e-03
  4  0.01050 -1.62647e-02 |  5 -0.01582 -2.53935e-02 |  6  0.01778 -6.24266e-02
  7 -0.04517 -5.68299e-03 |  8 -0.09197 -4.83201e-03 |  9 -0.06482 -5.63196e-03
 10 -0.06408  8.09643e-04 | 11  0.03648  8.77115e-03 | 12  0.02982  2.07395e-02
 13  0.07548  6.72206e-02 | 14  0.01205  2.95893e-02 | 15 -0.00826  8.86604e-04
 16  0.06859  4.42365e-02 | 17  0.04066  3.47683e-02 | 18 -0.03466  2.02903e-02
 19 -0.01209  1.01084e-02 | 20 -0.02385 -6.18357e-02 | 21  0.02881  4.50249e-02
 22  0.03935  2.75668e-02 | 23 -0.05744 -1.58924e-04 | 24 -0.04345 -3.70942e-02
 25 -0.10859 -5.26076e-02 | 26  0.00160 -4.08057e-02 | 27 -0.02306 -4.14470e-02
 28 -0.02289  2.65400e-01 | 29  0.05789 -9.72773e-02 | 30 -0.00155 -2.89883e-01
 31  0.05481 -3.11890e-01 | 32 -0.02501  4.81307e-02 | 33  0.03796 -3.95211e-02
 34  0.00013  2.68136e-01 | 35  0.05466  1.53473e-01 | 36  0.04315 -4.56655e-02
 37  0.04296  7.96347e-02 | 38  0.25544  2.10635e+00 | 39  0.26856  2.74779e-01
 40  0.27951  9.22779e-02 | 41  0.29244  1.47905e-01 | 42 -0.28420 -3.71544e+00
 43 -0.05886  1.32948e+00 | 44 -0.21961 -5.68983e+00 | 45 -0.26836 -2.36918e+00
 46 -0.19297  1.70841e-01 | 47 -0.35870 -3.48691e-02 | 48 -0.08743 -5.65377e-02
 49 -0.22707  8.50144e-02 | 50 -0.00880  6.17902e-03 | 51  0.02058 -7.07220e-04
 52  0.00412  1.33556e-03 | 53  0.00259 -1.69425e-03 | 54 -0.00042  4.44625e-03
 55  0.00538 -3.08944e-02 | 56 -0.02197  4.69083e-03 | 57  0.01798 -6.65811e-03
 58  0.00541  6.59764e-03 | 59  0.00469 -4.30096e-03 | 60 -0.00586  7.92676e-04
 61  0.01323  8.58608e-04 | 62  0.00996  3.07035e-03 | 63  0.00035 -8.09789e-03
 64  0.02158  4.91337e-03 | 65 -0.01904 -4.21665e-03 | 66 -0.00301  4.16595e-03
 67 -0.01395 -6.67937e-04 | 68  0.01037  9.77653e-03 | 69 -0.00001  1.09015e-02
 70 -0.00554  2.68786e-03 | 71  0.00303 -3.32333e-03 | 72 -0.00331  3.82134e-03
 73  0.00699 -3.93415e-03 | 74  0.00287  2.13769e-03 | 75 -0.00562 -3.37395e-03
 76 -0.00670 -5.33846e-04 | 77 -0.01145 -1.01631e-02 | 78  0.00149  8.24772e-03
 79  0.00240  7.72679e-03 | 80  0.00381  7.07497e-04 | 81 -0.00306 -9.81226e-05
 82 -0.00486  2.88568e-03 | 83  0.01168 -3.45383e-02 | 84 -0.01009  4.48341e-03
 85  0.01023 -3.82548e-03 | 86  0.00841  4.40064e-03 | 87 -0.00326 -3.23311e-03
 88  0.01221  1.70901e-03 | 89 -0.01684 -3.96236e-03 | 90 -0.01198  2.39291e-03
 91  0.00156 -2.21926e-03 | 92 -0.00403  4.63133e-03 | 93  0.00193 -3.53967e-02
 94  0.01776  1.35609e-02 | 95 -0.00039 -5.32583e-03 | 96 -0.00692  2.16152e-03
 97  0.00880 -7.45585e-02 | 98 -0.02087  6.70125e-02 | 99  0.02060  3.57792e-02
100 -0.00219  1.12086e-02 |101  0.01519  8.03226e-02 |102  0.01376 -6.88194e-02
103  0.00212 -2.53775e-02 |104 -0.00203 -1.04584e-02 |105  0.01915  1.05453e-02
106 -0.01203 -3.67284e-04 |107 -0.00398 -3.63468e-03 |108  0.00406 -1.50260e-03
109 -0.01249 -1.82723e-03 |110  0.00721  1.91307e-02 |111  0.02041 -2.58253e-02
112 -0.01076  1.32893e-02 |113 -0.07974  5.92274e-02 |114 -0.00557  1.25234e-03
115 -0.03197  4.62047e-02 |116  0.00060 -2.04088e-03 |117 -0.00150  2.71491e-03
118  0.02324  5.34605e-02 |119  0.01354 -5.59291e-02 |
  ic > imax  in fminim is answer attained ?
Var    Value     Gradient |Var    Value     Gradient |Var    Value     Gradient
  1  0.01605 -2.88857e+01 |  2 -0.06156  8.24658e-02 |  3 -0.09399 -2.46895e-01
  4  0.01002 -7.80839e-01 |  5 -0.01588 -6.22433e-01 |  6  0.01778 -2.49012e+00
  7 -0.04583  2.16124e-01 |  8 -0.09289  4.06382e-01 |  9 -0.06568  5.25072e-01
 10 -0.06491  6.84973e-01 | 11  0.03642  1.30843e+00 | 12  0.03016  2.05423e+00
 13  0.07597  5.16025e+00 | 14  0.01131  3.37478e-01 | 15 -0.00985  2.42885e-01
 16  0.06857 -2.31886e-01 | 17  0.04084 -7.98500e-01 | 18 -0.03425  4.46510e-01
 19 -0.01216 -1.54502e+00 | 20 -0.02380 -4.32695e+00 | 21  0.02910 -1.27853e+00
 22  0.03915 -1.29114e+00 | 23 -0.05763 -5.77912e-01 | 24 -0.04380 -2.32678e+00
 25 -0.10812 -2.31703e+00 | 26  0.00196 -1.79460e-01 | 27 -0.02284 -1.46491e+00
 28 -0.02246  7.60405e+00 | 29  0.05808  8.56381e+00 | 30 -0.00115 -1.62386e+00
 31  0.05471 -1.11436e+01 | 32 -0.02474 -6.69334e-01 | 33  0.03771 -3.05618e+00
 34  0.00044  4.88454e+00 | 35  0.05488  3.54707e+00 | 36  0.04370 -1.05225e+00
 37  0.04470  2.27677e+00 | 38  0.25683 -4.25609e+01 | 39  0.26545 -4.30040e+00
 40  0.27962  4.83205e+00 | 41  0.29269  6.83223e+00 | 42 -0.30836  2.21451e+03
 43 -0.12617 -8.01407e+02 | 44 -0.15345 -2.34713e+00 | 45 -0.40291 -7.52029e-01
 46 -0.24521 -8.23604e+00 | 47 -0.41269  7.26241e+00 | 48 -0.08714 -5.71809e-01
 49 -0.22738 -2.08249e+00 | 50 -0.00826  4.11899e-01 | 51  0.02045  2.87978e-02
 52  0.00437  9.18868e-02 | 53  0.00218 -9.43815e-02 | 54  0.00012  1.29533e-01
 55  0.00584 -1.57766e+00 | 56 -0.02165  1.70094e-01 | 57  0.01752 -3.59895e-01
 58  0.00581  2.83604e-01 | 59  0.00423 -1.88614e-01 | 60 -0.00587 -4.84953e-02
 61  0.01329  1.27631e-01 | 62  0.01016  1.12501e-01 | 63 -0.00037 -4.13849e-01
 64  0.02201  2.58891e-01 | 65 -0.01955 -2.54527e-01 | 66 -0.00262  1.38557e-01
 67 -0.01441 -2.51019e-01 | 68  0.01120  8.36772e-01 | 69  0.00042  1.51751e+00
 70 -0.00503  2.23708e-01 | 71  0.00274 -1.30310e-01 | 72 -0.00314  2.41893e-01
 73  0.00679 -1.84186e-01 | 74  0.00311  1.46352e-01 | 75 -0.00602 -1.78088e-01
 76 -0.00661 -7.54049e-02 | 77 -0.01213 -5.06294e-01 | 78  0.00215  2.51740e-01
 79  0.00250  5.83948e-01 | 80  0.00425  2.22889e-01 | 81 -0.00325 -5.46721e-02
 82 -0.00458  4.54944e-02 | 83  0.01202 -1.41459e+00 | 84 -0.00952  1.97008e-01
 85  0.00961 -1.69957e-01 | 86  0.00891  2.60116e-01 | 87 -0.00330 -6.24852e-02
 88  0.01264  1.20955e-01 | 89 -0.01728 -1.46403e-01 | 90 -0.01178  1.11851e-01
 91  0.00144 -7.08084e-02 | 92 -0.00368  1.72177e-01 | 93  0.00168 -1.14404e+00
 94  0.01914  7.31067e-01 | 95 -0.00024 -1.47491e-01 | 96 -0.00642  2.08286e-01
 97  0.00832 -2.96800e+00 | 98 -0.02004  1.94158e+00 | 99  0.02143  1.66569e+00
100 -0.00139  1.21202e+00 |101  0.01580  2.28037e+00 |102  0.01485 -3.58675e+00
103  0.00334  2.24876e+00 |104 -0.00150  1.69167e-01 |105  0.01898 -7.13124e-02
106 -0.01164 -3.04568e-02 |107 -0.00388 -3.97096e-01 |108  0.00442  5.57862e-02
109 -0.01267 -5.62860e-02 |110  0.00795  6.10103e-01 |111  0.02025 -7.41284e-01
112 -0.01038  3.38285e-01 |113 -0.07951  4.14877e-01 |114 -0.00493  3.27534e-01
115 -0.03171  5.58851e-01 |116  0.00049 -9.84034e-02 |117 -0.00133  1.36654e-01
118  0.02444  2.53387e+00 |119  0.01185 -2.64305e+00 |
Function minimizer not making progress ... is minimum attained?
Minimprove criterion = 0.0000e+00

 - final statistics:
119 variables; iteration 360; function evaluation 532
Function value 1.3229e+02; maximum gradient component mag 2.2145e+03
Exit code = 1;  converg criter 1.0000e-04
Var    Value     Gradient |Var    Value     Gradient |Var    Value     Gradient
  1  0.01605 -2.88857e+01 |  2 -0.06156  8.24658e-02 |  3 -0.09399 -2.46895e-01
  4  0.01002 -7.80839e-01 |  5 -0.01588 -6.22433e-01 |  6  0.01778 -2.49012e+00
  7 -0.04583  2.16124e-01 |  8 -0.09289  4.06382e-01 |  9 -0.06568  5.25072e-01
 10 -0.06491  6.84973e-01 | 11  0.03642  1.30843e+00 | 12  0.03016  2.05423e+00
 13  0.07597  5.16025e+00 | 14  0.01131  3.37478e-01 | 15 -0.00985  2.42885e-01
 16  0.06857 -2.31886e-01 | 17  0.04084 -7.98500e-01 | 18 -0.03425  4.46510e-01
 19 -0.01216 -1.54502e+00 | 20 -0.02380 -4.32695e+00 | 21  0.02910 -1.27853e+00
 22  0.03915 -1.29114e+00 | 23 -0.05763 -5.77912e-01 | 24 -0.04380 -2.32678e+00
 25 -0.10812 -2.31703e+00 | 26  0.00196 -1.79460e-01 | 27 -0.02284 -1.46491e+00
 28 -0.02246  7.60405e+00 | 29  0.05808  8.56381e+00 | 30 -0.00115 -1.62386e+00
 31  0.05471 -1.11436e+01 | 32 -0.02474 -6.69334e-01 | 33  0.03771 -3.05618e+00
 34  0.00044  4.88454e+00 | 35  0.05488  3.54707e+00 | 36  0.04370 -1.05225e+00
 37  0.04470  2.27677e+00 | 38  0.25683 -4.25609e+01 | 39  0.26545 -4.30040e+00
 40  0.27962  4.83205e+00 | 41  0.29269  6.83223e+00 | 42 -0.30836  2.21451e+03
 43 -0.12617 -8.01407e+02 | 44 -0.15345 -2.34713e+00 | 45 -0.40291 -7.52029e-01
 46 -0.24521 -8.23604e+00 | 47 -0.41269  7.26241e+00 | 48 -0.08714 -5.71809e-01
 49 -0.22738 -2.08249e+00 | 50 -0.00826  4.11899e-01 | 51  0.02045  2.87978e-02
 52  0.00437  9.18868e-02 | 53  0.00218 -9.43815e-02 | 54  0.00012  1.29533e-01
 55  0.00584 -1.57766e+00 | 56 -0.02165  1.70094e-01 | 57  0.01752 -3.59895e-01
 58  0.00581  2.83604e-01 | 59  0.00423 -1.88614e-01 | 60 -0.00587 -4.84953e-02
 61  0.01329  1.27631e-01 | 62  0.01016  1.12501e-01 | 63 -0.00037 -4.13849e-01
 64  0.02201  2.58891e-01 | 65 -0.01955 -2.54527e-01 | 66 -0.00262  1.38557e-01
 67 -0.01441 -2.51019e-01 | 68  0.01120  8.36772e-01 | 69  0.00042  1.51751e+00
 70 -0.00503  2.23708e-01 | 71  0.00274 -1.30310e-01 | 72 -0.00314  2.41893e-01
 73  0.00679 -1.84186e-01 | 74  0.00311  1.46352e-01 | 75 -0.00602 -1.78088e-01
 76 -0.00661 -7.54049e-02 | 77 -0.01213 -5.06294e-01 | 78  0.00215  2.51740e-01
 79  0.00250  5.83948e-01 | 80  0.00425  2.22889e-01 | 81 -0.00325 -5.46721e-02
 82 -0.00458  4.54944e-02 | 83  0.01202 -1.41459e+00 | 84 -0.00952  1.97008e-01
 85  0.00961 -1.69957e-01 | 86  0.00891  2.60116e-01 | 87 -0.00330 -6.24852e-02
 88  0.01264  1.20955e-01 | 89 -0.01728 -1.46403e-01 | 90 -0.01178  1.11851e-01
 91  0.00144 -7.08084e-02 | 92 -0.00368  1.72177e-01 | 93  0.00168 -1.14404e+00
 94  0.01914  7.31067e-01 | 95 -0.00024 -1.47491e-01 | 96 -0.00642  2.08286e-01
 97  0.00832 -2.96800e+00 | 98 -0.02004  1.94158e+00 | 99  0.02143  1.66569e+00
100 -0.00139  1.21202e+00 |101  0.01580  2.28037e+00 |102  0.01485 -3.58675e+00
103  0.00334  2.24876e+00 |104 -0.00150  1.69167e-01 |105  0.01898 -7.13124e-02
106 -0.01164 -3.04568e-02 |107 -0.00388 -3.97096e-01 |108  0.00442  5.57862e-02
109 -0.01267 -5.62860e-02 |110  0.00795  6.10103e-01 |111  0.02025 -7.41284e-01
112 -0.01038  3.38285e-01 |113 -0.07951  4.14877e-01 |114 -0.00493  3.27534e-01
115 -0.03171  5.58851e-01 |116  0.00049 -9.84034e-02 |117 -0.00133  1.36654e-01
118  0.02444  2.53387e+00 |119  0.01185 -2.64305e+00 |
Estimating row 1 out of 119 for hessian
Estimating row 2 out of 119 for hessian
Estimating row 3 out of 119 for hessian
Estimating row 4 out of 119 for hessian
Estimating row 5 out of 119 for hessian
Estimating row 6 out of 119 for hessian
Estimating row 7 out of 119 for hessian
Estimating row 8 out of 119 for hessian
Estimating row 9 out of 119 for hessian
Estimating row 10 out of 119 for hessian
Estimating row 11 out of 119 for hessian
Estimating row 12 out of 119 for hessian
Estimating row 13 out of 119 for hessian
Estimating row 14 out of 119 for hessian
Estimating row 15 out of 119 for hessian
Estimating row 16 out of 119 for hessian
Estimating row 17 out of 119 for hessian
Estimating row 18 out of 119 for hessian
Estimating row 19 out of 119 for hessian
Estimating row 20 out of 119 for hessian
Estimating row 21 out of 119 for hessian
Estimating row 22 out of 119 for hessian
Estimating row 23 out of 119 for hessian
Estimating row 24 out of 119 for hessian
Estimating row 25 out of 119 for hessian
Estimating row 26 out of 119 for hessian
Estimating row 27 out of 119 for hessian
Estimating row 28 out of 119 for hessian
Estimating row 29 out of 119 for hessian
Estimating row 30 out of 119 for hessian
Estimating row 31 out of 119 for hessian
Estimating row 32 out of 119 for hessian
Estimating row 33 out of 119 for hessian
Estimating row 34 out of 119 for hessian
Estimating row 35 out of 119 for hessian
Estimating row 36 out of 119 for hessian
Estimating row 37 out of 119 for hessian
Estimating row 38 out of 119 for hessian
Estimating row 39 out of 119 for hessian
Estimating row 40 out of 119 for hessian
Estimating row 41 out of 119 for hessian
Estimating row 42 out of 119 for hessian
Estimating row 43 out of 119 for hessian
Estimating row 44 out of 119 for hessian
Estimating row 45 out of 119 for hessian
Estimating row 46 out of 119 for hessian
Estimating row 47 out of 119 for hessian
Estimating row 48 out of 119 for hessian
Estimating row 49 out of 119 for hessian
Estimating row 50 out of 119 for hessian
Estimating row 51 out of 119 for hessian
Estimating row 52 out of 119 for hessian
Estimating row 53 out of 119 for hessian
Estimating row 54 out of 119 for hessian
Estimating row 55 out of 119 for hessian
Estimating row 56 out of 119 for hessian
Estimating row 57 out of 119 for hessian
Estimating row 58 out of 119 for hessian
Estimating row 59 out of 119 for hessian
Estimating row 60 out of 119 for hessian
Estimating row 61 out of 119 for hessian
Estimating row 62 out of 119 for hessian
Estimating row 63 out of 119 for hessian
Estimating row 64 out of 119 for hessian
Estimating row 65 out of 119 for hessian
Estimating row 66 out of 119 for hessian
Estimating row 67 out of 119 for hessian
Estimating row 68 out of 119 for hessian
Estimating row 69 out of 119 for hessian
Estimating row 70 out of 119 for hessian
Estimating row 71 out of 119 for hessian
Estimating row 72 out of 119 for hessian
Estimating row 73 out of 119 for hessian
Estimating row 74 out of 119 for hessian
Estimating row 75 out of 119 for hessian
Estimating row 76 out of 119 for hessian
Estimating row 77 out of 119 for hessian
Estimating row 78 out of 119 for hessian
Estimating row 79 out of 119 for hessian
Estimating row 80 out of 119 for hessian
Estimating row 81 out of 119 for hessian
Estimating row 82 out of 119 for hessian
Estimating row 83 out of 119 for hessian
Estimating row 84 out of 119 for hessian
Estimating row 85 out of 119 for hessian
Estimating row 86 out of 119 for hessian
Estimating row 87 out of 119 for hessian
Estimating row 88 out of 119 for hessian
Estimating row 89 out of 119 for hessian
Estimating row 90 out of 119 for hessian
Estimating row 91 out of 119 for hessian
Estimating row 92 out of 119 for hessian
Estimating row 93 out of 119 for hessian
Estimating row 94 out of 119 for hessian
Estimating row 95 out of 119 for hessian
Estimating row 96 out of 119 for hessian
Estimating row 97 out of 119 for hessian
Estimating row 98 out of 119 for hessian
Estimating row 99 out of 119 for hessian
Estimating row 100 out of 119 for hessian
Estimating row 101 out of 119 for hessian
Estimating row 102 out of 119 for hessian
Estimating row 103 out of 119 for hessian
Estimating row 104 out of 119 for hessian
Estimating row 105 out of 119 for hessian
Estimating row 106 out of 119 for hessian
Estimating row 107 out of 119 for hessian
Estimating row 108 out of 119 for hessian
Estimating row 109 out of 119 for hessian
Estimating row 110 out of 119 for hessian
Estimating row 111 out of 119 for hessian
Estimating row 112 out of 119 for hessian
Estimating row 113 out of 119 for hessian
Estimating row 114 out of 119 for hessian
Estimating row 115 out of 119 for hessian
Estimating row 116 out of 119 for hessian
Estimating row 117 out of 119 for hessian
Estimating row 118 out of 119 for hessian
Estimating row 119 out of 119 for hessian
Warning -- Hessian does not appear to be positive definite
Hessian does not appear to be positive definite.
size of file gradfil1.tmp = 0
size of file gradfil2.tmp = 0
size of file varssave.tmp = 0
size of file cmpdiff.tmp = 0
