
Initial statistics: 35 variables; iteration 0; function evaluation 0; phase 1
Function value 6.6822485e+03; maximum gradient component mag 4.0769e+04
Var    Value     Gradient |Var    Value     Gradient |Var    Value     Gradient
  1  0.33333  4.07689e+04 |  2  0.00000 -6.85934e+02 |  3  0.00000 -6.88220e+02
  4  0.00000 -6.84171e+02 |  5  0.00000 -6.88025e+02 |  6  0.00000 -7.48994e+02
  7  0.00000 -6.60607e+02 |  8  0.00000 -6.63583e+02 |  9  0.00000 -6.21560e+02
 10  0.00000 -5.12584e+02 | 11  0.00000 -3.49651e+02 | 12  0.00000 -4.33461e+02
 13  0.00000 -1.87955e+02 | 14  0.00000 -1.73290e+02 | 15  0.00000 -1.19100e+02
 16  0.00000 -1.12268e+02 | 17  0.00000  3.22835e+02 | 18  0.00000 -8.53421e+01
 19  0.00000 -2.22059e+02 | 20  0.00000  3.73642e+02 | 21  0.00000 -1.34052e+02
 22  0.00000  2.02815e+02 | 23  0.00000 -1.99192e+02 | 24  0.00000 -1.99699e+02
 25  0.00000  3.93126e+02 | 26  0.00000  5.79208e+02 | 27  0.00000  1.33294e+03
 28  0.00000  7.93699e+02 | 29  0.00000  9.50199e+02 | 30  0.00000  5.74467e+02
 31  0.00000  1.01536e+03 | 32  0.00000  8.70519e+02 | 33  0.00000  6.37706e+02
 34  0.00000  3.79534e+02 | 35  0.00000 -2.56300e+02 |

Intermediate statistics: 35 variables; iteration 20; function evaluation 31; phase 1
Function value 2.5024216e+03; maximum gradient component mag 2.1643e+04
Var    Value     Gradient |Var    Value     Gradient |Var    Value     Gradient
  1  0.08976  2.16426e+04 |  2 -0.75299  9.81403e+01 |  3  0.07166  4.69319e+02
  4 -0.15986  3.56531e+02 |  5 -0.37292  2.36181e+02 |  6 -0.05573  4.11840e+02
  7 -1.26834 -7.33044e+01 |  8 -0.74732  8.29669e+01 |  9 -0.23948 -6.44940e+01
 10  0.09421  3.94362e+02 | 11 -0.30609  2.51330e+02 | 12 -0.29927  2.92725e+02
 13  0.06978  4.89466e+02 | 14  0.03829  4.87868e+02 | 15 -0.00192  4.77590e+02
 16  0.09287  5.50609e+02 | 17  0.19073  9.53386e+02 | 18  0.24881  7.91424e+02
 19  0.20541  5.17151e+02 | 20  0.17435  9.49871e+02 | 21  0.15753  6.65202e+02
 22  0.06072  6.86070e+02 | 23 -0.06600  4.07899e+02 | 24  0.02697  4.39888e+02
 25  0.26515  1.21139e+03 | 26  0.24932  1.06911e+03 | 27  0.20411  1.33882e+03
 28  0.28833  1.40843e+03 | 29  0.21205  1.00168e+03 | 30  0.33347  1.40461e+03
 31  0.29319  1.37028e+03 | 32  0.28098  1.24240e+03 | 33  0.27295  1.17185e+03
 34  0.26313  1.12392e+03 | 35 -0.10735  3.83767e+02 |
35 variables; iteration 40; function evaluation 61; phase 1
Function value 3.7795883e+02; maximum gradient component mag -8.6625e+02
Var    Value     Gradient |Var    Value     Gradient |Var    Value     Gradient
  1  0.04222 -8.66255e+02 |  2 -0.11449  1.08051e+02 |  3  0.19720  2.52045e+02
  4 -0.08443  1.21251e+02 |  5 -0.05121  1.61882e+02 |  6 -0.06991  1.44209e+02
  7 -1.57284  1.08890e+01 |  8 -0.23471  8.10897e+01 |  9 -0.14883  3.03749e+01
 10  0.08618  1.27916e+02 | 11  0.05555  1.13359e+02 | 12  0.04222  1.57627e+02
 13  0.08633  1.50571e+02 | 14  0.04610  1.31647e+02 | 15 -0.00017  1.46585e+02
 16  0.06089  1.46275e+02 | 17 -0.03068  1.05222e+02 | 18  0.14945  2.32439e+02
 19  0.14299  7.95328e+01 | 20 -0.04617  1.15408e+02 | 21  0.06870  1.26972e+02
 22 -0.08223  1.46325e+02 | 23  0.00171  2.20785e+02 | 24  0.03274  1.96448e+02
 25  0.07796  2.38359e+02 | 26  0.09683  4.43287e+00 | 27 -0.03249  2.56404e+02
 28  0.11545  1.83532e+02 | 29 -0.02715  7.74668e+01 | 30  0.04778  6.84620e+01
 31  0.05712  1.40872e+02 | 32  0.07787  3.36987e+01 | 33  0.02476  7.91953e+01
 34 -0.05157  1.54818e+02 | 35  0.02776  1.93088e+02 |
35 variables; iteration 60; function evaluation 81; phase 1
Function value 2.9887158e+02; maximum gradient component mag -2.8215e+01
Var    Value     Gradient |Var    Value     Gradient |Var    Value     Gradient
  1  0.05924 -1.50692e+00 |  2  0.00241  8.90970e-01 |  3  0.02483  7.73974e+00
  4 -0.01031 -4.24460e+00 |  5  0.02216 -1.61259e+00 |  6  0.07221 -5.65787e+00
  7 -1.98483 -2.64727e+00 |  8 -0.03586 -1.08972e+01 |  9 -0.06241 -2.44556e+01
 10  0.02994 -1.49146e+01 | 11  0.04833 -3.27633e+00 | 12 -0.00674 -3.49241e+00
 13  0.04454 -2.79838e+00 | 14  0.02391 -2.47896e+00 | 15 -0.03805 -3.02142e+00
 16  0.01830 -1.79096e+00 | 17 -0.04309 -7.12948e+00 | 18  0.08238 -9.88133e-01
 19  0.13060  7.71723e-01 | 20 -0.05426  1.44822e+00 | 21  0.04119 -2.45628e+00
 22 -0.11159 -4.00100e+00 | 23 -0.09062 -4.19308e+00 | 24 -0.04977 -3.19302e+00
 25  0.00600 -1.22581e+00 | 26  0.08609  8.01784e+00 | 27 -0.12954 -2.82146e+01
 28  0.07301 -1.50743e+00 | 29 -0.03234  6.25231e+00 | 30  0.03195 -2.61324e+00
 31  0.01489  6.45806e+00 | 32  0.06204 -1.64108e+01 | 33  0.01368  4.16081e+00
 34 -0.09575  5.53600e-01 | 35 -0.05665 -1.90152e+00 |

 - final statistics:
35 variables; iteration 67; function evaluation 88
Function value 2.9753e+02; maximum gradient component mag 9.5085e+00
Exit code = 1;  converg criter 1.0000e+01
Var    Value     Gradient |Var    Value     Gradient |Var    Value     Gradient
  1  0.06089  9.50851e+00 |  2 -0.01323 -9.54580e-01 |  3 -0.00597 -6.55992e-01
  4 -0.00056  2.29379e+00 |  5  0.02752  7.81386e-01 |  6  0.08413  2.10440e+00
  7 -1.98802  1.82507e+00 |  8 -0.00787  1.57570e+00 |  9 -0.01109 -7.93643e+00
 10  0.05406  1.21189e+00 | 11  0.03309 -1.36700e+00 | 12 -0.00785 -1.08573e+00
 13  0.04043 -2.08149e+00 | 14  0.01905 -2.90130e+00 | 15 -0.04065 -9.22942e-01
 16  0.01440 -8.05933e-02 | 17 -0.04354 -6.93278e-01 | 18  0.07798 -2.93498e+00
 19  0.12617 -1.13773e+00 | 20 -0.06007 -1.07576e+00 | 21  0.03744 -3.79116e+00
 22 -0.11126  4.01928e+00 | 23 -0.09336 -1.68281e+00 | 24 -0.04835  2.35365e+00
 25  0.00170 -2.16999e+00 | 26  0.08163 -1.63855e+00 | 27 -0.11663  2.26521e+00
 28  0.06880 -1.09956e+00 | 29 -0.03883 -8.87775e-01 | 30  0.02680 -6.55828e+00
 31  0.01102  7.73353e+00 | 32  0.06156 -6.89678e+00 | 33  0.00756 -4.50768e+00
 34 -0.10237 -2.32049e+00 | 35 -0.06113 -2.63853e+00 |

Initial statistics: 40 variables; iteration 0; function evaluation 0; phase 2
Function value 2.9752559e+02; maximum gradient component mag 1.4376e+03
Var    Value     Gradient |Var    Value     Gradient |Var    Value     Gradient
  1  0.06089  9.50851e+00 |  2 -0.01320  9.11689e-02 |  3 -0.00594  3.89937e-01
  4 -0.00054  3.33976e+00 |  5  0.02754  1.82638e+00 |  6  0.08416  3.14123e+00
  7 -0.01195 -7.79281e-01 |  8 -0.00784  2.62160e+00 |  9 -0.01107 -6.89062e+00
 10  0.05409  2.25409e+00 | 11  0.03312 -3.22438e-01 | 12 -0.00782 -3.98304e-02
 13  0.04046 -1.03762e+00 | 14  0.01908 -1.85579e+00 | 15 -0.04062  1.20902e-01
 16  0.01443  9.65113e-01 | 17 -0.04351  3.50253e-01 | 18  0.07801 -1.89683e+00
 19  0.12620 -1.12224e-01 | 20 -0.06005 -3.44410e-02 | 21  0.03747 -2.74699e+00
 22 -0.11123  5.04936e+00 | 23 -0.09333 -6.48068e-01 | 24 -0.04832  3.39662e+00
 25  0.00173 -1.12402e+00 | 26  0.08166 -6.01158e-01 | 27 -0.11660  3.29371e+00
 28  0.06883 -5.96825e-02 | 29 -0.03880  1.56255e-01 | 30  0.02682 -5.51322e+00
 31  0.01105  8.77934e+00 | 32  0.06158 -5.85566e+00 | 33  0.00759 -3.46178e+00
 34 -0.10234 -1.28802e+00 | 35 -0.06110 -1.59738e+00 | 36  0.21635  9.54476e+01
 37  0.21635 -9.82907e+01 | 38  0.21635 -8.35492e+02 | 39  0.21635  1.43758e+03
 40 -0.25133 -1.49559e+01 |

Intermediate statistics: 40 variables; iteration 20; function evaluation 27; phase 2
Function value 2.8491300e+02; maximum gradient component mag 1.3324e+03
Var    Value     Gradient |Var    Value     Gradient |Var    Value     Gradient
  1  0.06751  3.02737e+02 |  2 -0.03263 -9.06234e+00 |  3 -0.02935 -8.45753e+00
  4 -0.03868 -1.02565e+01 |  5 -0.00407 -1.08070e+01 |  6  0.06014 -6.87583e+00
  7 -0.02977 -5.37540e+00 |  8 -0.02786 -7.51829e+00 |  9  0.03210  3.01847e+00
 10  0.01688 -2.10592e+01 | 11  0.05176 -2.33740e+00 | 12  0.00616 -3.21185e+00
 13  0.04014 -1.49170e+01 | 14  0.01873 -1.53736e+01 | 15 -0.04307 -1.02574e+01
 16  0.01328  5.34090e-01 | 17 -0.04859  2.87619e+00 | 18  0.08779 -9.89757e-01
 19  0.13424  1.74341e+01 | 20 -0.05560 -1.47460e-01 | 21  0.04129 -6.55054e+00
 22 -0.11767 -1.24350e+01 | 23 -0.11223 -5.39764e+00 | 24 -0.06294 -1.26469e+01
 25  0.00775 -2.03059e+00 | 26  0.09239  3.79045e+01 | 27 -0.10042  1.49536e+01
 28  0.07585 -6.61046e+00 | 29 -0.02733  2.36880e+00 | 30  0.04445 -9.04006e-01
 31  0.02351  2.15168e+01 | 32  0.07411  1.82461e+01 | 33  0.02862  1.84693e+01
 34 -0.08779  4.44891e+00 | 35 -0.03164  1.70450e+01 | 36  0.20989 -1.01966e+02
 37  0.20956 -2.25535e+02 | 38  0.22486 -1.25447e+02 | 39  0.21083  1.33240e+03
 40  0.11411 -9.67049e+00 |
40 variables; iteration 40; function evaluation 53; phase 2
Function value 2.7685085e+02; maximum gradient component mag -1.6111e+02
Var    Value     Gradient |Var    Value     Gradient |Var    Value     Gradient
  1  0.08954 -1.61105e+02 |  2 -0.02724 -3.94493e-01 |  3 -0.01698  1.94343e+00
  4 -0.01800  2.19562e+00 |  5  0.00652 -8.19088e-01 |  6  0.06721  1.69353e+00
  7 -0.02344  4.61573e-01 |  8 -0.02155  1.08320e+00 |  9  0.01430  5.10303e+00
 10  0.04298  5.25832e-01 | 11  0.03896  1.95418e+00 | 12  0.00600  4.02851e+00
 13  0.03329 -9.62151e+00 | 14  0.01891 -9.63529e-01 | 15 -0.05851 -9.41791e+00
 16  0.00669  7.15514e+00 | 17 -0.06076  1.09170e-01 | 18  0.08495  4.65276e-01
 19  0.12454  4.12460e-01 | 20 -0.06064  3.18541e+00 | 21  0.03574 -1.79814e+00
 22 -0.11883  2.61233e+00 | 23 -0.12974  9.44057e-02 | 24 -0.06863 -2.42307e+00
 25  0.00194 -3.38277e+00 | 26  0.08336 -3.02772e+00 | 27 -0.10587 -9.90342e-03
 28  0.08199 -9.47164e+00 | 29 -0.02268 -4.78776e-01 | 30  0.05034 -6.46566e-01
 31  0.02870  1.60207e-01 | 32  0.07916 -3.21541e+00 | 33  0.03778 -4.52966e-01
 34 -0.07342  2.76327e+00 | 35 -0.03802 -2.38889e-01 | 36  0.19836 -1.21174e+02
 37  0.19908 -6.86934e+01 | 38  0.21516 -3.56428e+01 | 39  0.19207  2.35292e+01
 40  0.12440 -1.32626e+00 |

 - final statistics:
40 variables; iteration 57; function evaluation 72
Function value 2.7583e+02; maximum gradient component mag -9.4284e-01
Exit code = 1;  converg criter 1.0000e+01
Var    Value     Gradient |Var    Value     Gradient |Var    Value     Gradient
  1  0.11190 -3.98851e-01 |  2 -0.02019  2.86633e-02 |  3 -0.01496 -7.61596e-03
  4 -0.01507  4.11240e-02 |  5  0.01506  2.99548e-02 |  6  0.07254  1.84084e-02
  7 -0.01572  1.82158e-02 |  8 -0.01671  1.20266e-02 |  9  0.00232 -2.53505e-02
 10  0.04058  1.11709e-02 | 11  0.03460 -1.85217e-02 | 12 -0.00340 -1.91901e-02
 13  0.04056  6.50767e-02 | 14  0.01406  1.34250e-02 | 15 -0.05057  6.49893e-02
 16 -0.00042 -7.35565e-02 | 17 -0.06227 -1.54834e-02 | 18  0.08545  3.62828e-03
 19  0.12378 -7.02015e-03 | 20 -0.06126 -5.14137e-03 | 21  0.03383 -8.96367e-03
 22 -0.12168 -9.09242e-03 | 23 -0.13509 -1.35014e-02 | 24 -0.06974  2.44970e-02
 25  0.00033  1.16863e-03 | 26  0.08018 -5.35297e-02 | 27 -0.10766 -1.31181e-02
 28  0.08138  1.60954e-02 | 29 -0.02070 -9.28563e-03 | 30  0.05272  1.58984e-02
 31  0.02654 -4.05343e-03 | 32  0.08040 -2.29829e-03 | 33  0.04107 -1.45267e-02
 34 -0.07295 -1.42983e-02 | 35 -0.03781  8.39969e-04 | 36  0.18738 -2.32971e-02
 37  0.18828  1.48828e-01 | 38  0.20393  2.88440e-02 | 39  0.18276 -9.42843e-01
 40  0.94354  3.14190e-03 |

Initial statistics: 43 variables; iteration 0; function evaluation 0; phase 3
Function value 2.7583104e+02; maximum gradient component mag 5.7403e+02
Var    Value     Gradient |Var    Value     Gradient |Var    Value     Gradient
  1  0.11190 -3.98851e-01 |  2 -0.02019  2.71931e-02 |  3 -0.01496 -9.08642e-03
  4 -0.01507  3.96536e-02 |  5  0.01506  2.84844e-02 |  6  0.07254  1.69470e-02
  7 -0.01572  1.67454e-02 |  8 -0.01671  1.05562e-02 |  9  0.00232 -2.68213e-02
 10  0.04058  9.70301e-03 | 11  0.03460 -1.99904e-02 | 12 -0.00340 -2.06609e-02
 13  0.04056  6.36088e-02 | 14  0.01406  1.19545e-02 | 15 -0.05057  6.35231e-02
 16 -0.00042 -7.50274e-02 | 17 -0.06227 -1.69472e-02 | 18  0.08545  2.17064e-03
 19  0.12378 -8.46331e-03 | 20 -0.06126 -6.60543e-03 | 21  0.03383 -1.04325e-02
 22 -0.12168 -1.05365e-02 | 23 -0.13510 -1.49392e-02 | 24 -0.06974  2.30350e-02
 25  0.00033 -3.02236e-04 | 26  0.08018 -5.49889e-02 | 27 -0.10766 -1.45680e-02
 28  0.08138  1.46365e-02 | 29 -0.02070 -1.07557e-02 | 30  0.05272  1.44325e-02
 31  0.02654 -5.52302e-03 | 32  0.08040 -3.75744e-03 | 33  0.04107 -1.59945e-02
 34 -0.07295 -1.57596e-02 | 35 -0.03781 -6.28303e-04 | 36  0.18738 -2.32971e-02
 37  0.18828  1.48828e-01 | 38  0.20393  2.88440e-02 | 39  0.18276 -9.42843e-01
 40 -0.30909 -4.10521e+02 | 41 -0.25133  5.62606e+01 | 42 -0.25133  5.74025e+02
 43  0.94354  3.14190e-03 |

Intermediate statistics: 43 variables; iteration 20; function evaluation 35; phase 3
Function value 1.9029023e+02; maximum gradient component mag -1.8061e+03
Var    Value     Gradient |Var    Value     Gradient |Var    Value     Gradient
  1  0.04621 -1.80607e+03 |  2 -0.02983  3.31095e+01 |  3 -0.02967  3.17352e+01
  4 -0.04825  3.26443e+01 |  5 -0.02143  4.02961e+01 |  6  0.03816  4.72732e+01
  7 -0.01896  2.60885e+01 |  8  0.00667  2.33475e+01 |  9  0.00730  2.96030e+01
 10  0.03883  1.84597e+01 | 11  0.03958  1.15865e+01 | 12 -0.00119  2.30723e+01
 13  0.04186 -4.03287e+00 | 14  0.01907 -7.24836e+00 | 15 -0.04016  2.10736e+00
 16  0.00075  5.31003e+00 | 17 -0.05229 -1.13796e+01 | 18  0.08175  5.34196e+01
 19  0.11799  7.85344e+01 | 20 -0.05861 -2.94192e+01 | 21  0.03036  8.20831e+01
 22 -0.12477 -4.06197e+01 | 23 -0.09557 -6.44963e+01 | 24 -0.06171 -1.04124e+01
 25 -0.00428  1.96660e+01 | 26  0.08649 -4.88653e+01 | 27 -0.09463 -7.79657e+01
 28  0.07764 -1.64834e+01 | 29 -0.02503 -1.10260e+01 | 30  0.05143  1.00474e+01
 31  0.02845 -1.38849e+01 | 32  0.08153  1.45878e+01 | 33  0.05482 -4.75372e+01
 34 -0.06559  1.45360e+01 | 35 -0.02460  1.37315e+01 | 36  0.21925 -1.38006e+03
 37  0.22523 -6.77316e+02 | 38  0.23303 -5.36043e+02 | 39  0.21496 -6.32371e+02
 40 -0.16618 -1.32578e+02 | 41 -0.20155  2.38403e+02 | 42 -0.35264 -1.64401e+02
 43  0.94334  1.80377e-01 |
43 variables; iteration 40; function evaluation 59; phase 3
Function value 1.5817440e+02; maximum gradient component mag -1.0957e+03
Var    Value     Gradient |Var    Value     Gradient |Var    Value     Gradient
  1  0.02632 -9.21319e+02 |  2 -0.02718  7.13597e+00 |  3  0.01139  1.45012e+01
  4 -0.07917 -6.32248e+00 |  5 -0.12482 -4.07146e+01 |  6 -0.07767 -4.88658e+01
  7 -0.13369 -1.07911e+01 |  8 -0.05243 -1.70322e+01 |  9  0.01354  1.47529e+01
 10  0.07818  3.08825e+01 | 11  0.06635  3.59072e+01 | 12  0.02759  2.43424e+01
 13  0.05619  1.69237e+01 | 14  0.06407  5.70618e+01 | 15 -0.02434  9.51549e+00
 16  0.01338  1.83869e+01 | 17 -0.03383  1.21913e+01 | 18  0.05292 -5.56067e+01
 19  0.09717 -1.22012e+00 | 20 -0.06549 -5.10251e+01 | 21  0.01488  2.44510e+01
 22 -0.11462 -3.29657e+01 | 23 -0.01843  2.76190e+01 | 24 -0.01271  4.07843e+01
 25  0.01305  7.35657e+01 | 26  0.09957  5.61129e+01 | 27 -0.04588 -2.05898e+01
 28  0.08512  2.62954e+01 | 29 -0.02776 -3.53614e+01 | 30  0.02707 -1.02149e+02
 31  0.00875 -1.09450e+02 | 32  0.07488 -4.78733e+01 | 33  0.04845 -9.31853e+01
 34 -0.05437 -5.23988e+00 | 35  0.03461  4.47274e+01 | 36  0.23317 -5.58181e+02
 37  0.23678 -1.09574e+03 | 38  0.25404 -8.21280e+01 | 39  0.22677 -4.64641e+02
 40 -0.16789  5.34537e+01 | 41 -0.29217  7.15021e+01 | 42 -0.35692 -1.92292e+01
 43  0.90564  2.41896e-01 |
  ic > imax  in fminim is answer attained ?
Var    Value     Gradient |Var    Value     Gradient |Var    Value     Gradient
  1  0.02079  3.44485e+01 |  2 -0.02276 -1.21848e+01 |  3  0.01334 -1.52044e+01
  4 -0.04644  6.91652e+00 |  5 -0.07267  2.30246e+00 |  6 -0.06338 -2.62301e+00
  7 -0.10368 -3.12489e+01 |  8  0.02635 -2.55266e+00 |  9  0.01526 -2.20706e+00
 10  0.07601  1.90372e+01 | 11  0.02883 -2.70826e+00 | 12 -0.00618 -3.88046e+00
 13  0.06691  1.54571e+00 | 14  0.02650 -2.40851e+01 | 15 -0.01070 -6.00360e+00
 16 -0.01690 -5.13362e+01 | 17 -0.02934 -2.19514e+01 | 18  0.04699 -4.06098e+00
 19  0.07170 -1.16500e+01 | 20 -0.04663 -1.87481e+00 | 21 -0.01784 -7.50855e+00
 22 -0.10149  3.51044e+00 | 23 -0.01109  3.72063e+01 | 24 -0.00617  4.03623e+01
 25 -0.02095  2.02945e+01 | 26  0.08139  3.15223e+01 | 27 -0.03254 -4.25397e+01
 28  0.06659  3.55536e+00 | 29 -0.03975 -2.20350e+01 | 30  0.01975 -1.31694e+01
 31  0.01735 -2.04399e+01 | 32  0.05437 -1.17523e+01 | 33  0.05933 -1.43983e+01
 34 -0.06144 -1.62100e+01 | 35  0.03389 -1.27481e+01 | 36  0.24345  5.93597e+01
 37  0.25398 -2.74359e+02 | 38  0.26950  1.24489e+02 | 39  0.23309  3.99378e+02
 40 -0.18815  3.01037e+01 | 41 -0.32061  5.73608e+01 | 42 -0.36933  7.60688e+00
 43 -0.48466 -2.78212e-03 |
Function minimizer not making progress ... is minimum attained?
Minimprove criterion = 0.0000e+00

 - final statistics:
43 variables; iteration 53; function evaluation 109
Function value 1.3496e+02; maximum gradient component mag 3.9938e+02
Exit code = 1;  converg criter 2.0000e-04
Var    Value     Gradient |Var    Value     Gradient |Var    Value     Gradient
  1  0.02079  3.44485e+01 |  2 -0.02276 -1.21848e+01 |  3  0.01334 -1.52044e+01
  4 -0.04644  6.91652e+00 |  5 -0.07267  2.30246e+00 |  6 -0.06338 -2.62301e+00
  7 -0.10368 -3.12489e+01 |  8  0.02635 -2.55266e+00 |  9  0.01526 -2.20706e+00
 10  0.07601  1.90372e+01 | 11  0.02883 -2.70826e+00 | 12 -0.00618 -3.88046e+00
 13  0.06691  1.54571e+00 | 14  0.02650 -2.40851e+01 | 15 -0.01070 -6.00360e+00
 16 -0.01690 -5.13362e+01 | 17 -0.02934 -2.19514e+01 | 18  0.04699 -4.06098e+00
 19  0.07170 -1.16500e+01 | 20 -0.04663 -1.87481e+00 | 21 -0.01784 -7.50855e+00
 22 -0.10149  3.51044e+00 | 23 -0.01109  3.72063e+01 | 24 -0.00617  4.03623e+01
 25 -0.02095  2.02945e+01 | 26  0.08139  3.15223e+01 | 27 -0.03254 -4.25397e+01
 28  0.06659  3.55536e+00 | 29 -0.03975 -2.20350e+01 | 30  0.01975 -1.31694e+01
 31  0.01735 -2.04399e+01 | 32  0.05437 -1.17523e+01 | 33  0.05933 -1.43983e+01
 34 -0.06144 -1.62100e+01 | 35  0.03389 -1.27481e+01 | 36  0.24345  5.93597e+01
 37  0.25398 -2.74359e+02 | 38  0.26950  1.24489e+02 | 39  0.23309  3.99378e+02
 40 -0.18815  3.01037e+01 | 41 -0.32061  5.73608e+01 | 42 -0.36933  7.60688e+00
 43 -0.48466 -2.78212e-03 |

Initial statistics: 47 variables; iteration 0; function evaluation 0; phase 4
Function value 1.3494226e+02; maximum gradient component mag 3.8184e+02
Var    Value     Gradient |Var    Value     Gradient |Var    Value     Gradient
  1  0.02079 -1.59452e+00 |  2 -0.02261 -6.18345e+00 |  3  0.01349 -9.47451e+00
  4 -0.04629  1.24495e+01 |  5 -0.07252  8.16337e+00 |  6 -0.06323  3.56236e+00
  7 -0.10353 -2.46582e+01 |  8  0.02649  3.30032e+00 |  9  0.01541  3.91700e+00
 10  0.07616  2.46538e+01 | 11  0.02898  3.20373e+00 | 12 -0.00603  2.04927e+00
 13  0.06706  7.03260e+00 | 14  0.02665 -1.81980e+01 | 15 -0.01055 -8.27119e-01
 16 -0.01675 -4.56666e+01 | 17 -0.02919 -1.76024e+01 | 18  0.04714  1.86411e+00
 19  0.07185 -5.41720e+00 | 20 -0.04648  4.04714e+00 | 21 -0.01769 -8.80224e-01
 22 -0.10134  9.27656e+00 | 23 -0.01095  4.35935e+01 | 24 -0.00602  4.60838e+01
 25 -0.02080  2.51331e+01 | 26  0.08154  3.45895e+01 | 27 -0.03239 -3.69482e+01
 28  0.06674  8.38815e+00 | 29 -0.03960 -1.61223e+01 | 30  0.01990 -7.36650e+00
 31  0.01750 -1.45961e+01 | 32  0.05452 -6.82245e+00 | 33  0.05948 -1.07971e+01
 34 -0.06129 -1.17307e+01 | 35  0.03404 -8.18521e+00 | 36  0.00000 -2.01816e+00
 37  0.00000  0.00000e+00 | 38  0.00000  0.00000e+00 | 39  0.00000  0.00000e+00
 40  0.24345  5.39209e+01 | 41  0.25398 -2.68031e+02 | 42  0.26950  1.20176e+02
 43  0.23309  3.81843e+02 | 44 -0.18815  3.21952e+01 | 45 -0.32061  5.43644e+01
 46 -0.36933  7.26349e+00 | 47 -0.48466 -2.99384e-03 |

Intermediate statistics: 47 variables; iteration 20; function evaluation 24; phase 4
Function value 1.3287846e+02; maximum gradient component mag 3.9038e+02
Var    Value     Gradient |Var    Value     Gradient |Var    Value     Gradient
  1  0.02040  1.91152e+02 |  2 -0.02298 -6.22920e-01 |  3  0.01001 -5.62229e+00
  4 -0.05540  7.15928e+00 |  5 -0.07010  5.03173e+00 |  6 -0.05524  5.57238e-01
  7 -0.07052 -1.82440e+00 |  8  0.04304  7.43450e+00 |  9  0.01843  6.39825e+00
 10  0.06760  1.52514e+01 | 11  0.02920  8.77122e+00 | 12 -0.00961  6.56121e+00
 13  0.06338  1.12284e+01 | 14  0.03362 -1.92052e+00 | 15 -0.01860 -4.25763e-01
 16 -0.01007 -2.93857e+01 | 17 -0.03625 -2.97680e+01 | 18  0.04596  2.25128e+01
 19  0.07223  2.22546e+01 | 20 -0.04777  1.39964e+01 | 21 -0.01841  1.75451e+01
 22 -0.10304  1.08460e+01 | 23 -0.01520  2.36049e+01 | 24 -0.01534  3.21009e+01
 25 -0.02155  3.47966e+01 | 26  0.07824  3.97991e+01 | 27 -0.02706 -1.71546e+01
 28  0.06319  1.42426e+01 | 29 -0.03890  1.09599e+00 | 30  0.01993  2.12109e+01
 31  0.01875  1.58040e+01 | 32  0.05461  2.44247e+01 | 33  0.05928 -6.31445e-01
 34 -0.06185 -7.66690e+00 | 35  0.02726 -1.64114e+01 | 36 -0.00286  2.30880e+00
 37  0.00000  0.00000e+00 | 38  0.00000  0.00000e+00 | 39  0.00000  0.00000e+00
 40  0.24515  3.22199e+02 | 41  0.25661 -6.90932e+01 | 42  0.27190  1.39676e+02
 43  0.23397  3.90384e+02 | 44 -0.20216 -1.34446e+01 | 45 -0.33610  7.09339e+01
 46 -0.37205 -8.63631e+01 | 47 -0.48464 -2.99367e-03 |
47 variables; iteration 40; function evaluation 48; phase 4
Function value 1.3113626e+02; maximum gradient component mag -8.0306e+01
Var    Value     Gradient |Var    Value     Gradient |Var    Value     Gradient
  1  0.02119 -8.03056e+01 |  2 -0.02620 -1.07082e+00 |  3  0.00667 -2.69931e+00
  4 -0.05596  2.98682e+00 |  5 -0.07138 -1.59578e+00 |  6 -0.04688  4.85696e+00
  7 -0.05539  8.58645e-01 |  8  0.04637 -1.23928e+00 |  9  0.03270  5.94552e+00
 10  0.05679 -2.14485e+00 | 11  0.02895  3.72306e-01 | 12 -0.01211  1.78269e+00
 13  0.06131  3.31562e+00 | 14  0.03706  1.49540e+00 | 15 -0.02605 -3.87444e+00
 16 -0.00867 -4.65354e+00 | 17 -0.03542  1.71788e+00 | 18  0.04348  6.21863e+00
 19  0.07126  4.24409e+00 | 20 -0.04970  1.58100e+00 | 21 -0.02097 -1.81396e+00
 22 -0.10532 -2.94344e+00 | 23 -0.01844 -1.06263e+01 | 24 -0.02004  1.40166e+00
 25 -0.02564  4.64892e+00 | 26  0.07480 -3.96825e+00 | 27 -0.02034  2.16052e+00
 28  0.06260  4.84334e+00 | 29 -0.03806 -2.19384e-02 | 30  0.01916  7.10336e+00
 31  0.01926  2.91521e-01 | 32  0.05361  3.37032e+00 | 33  0.06129  1.12992e+00
 34 -0.06399 -5.32067e+00 | 35  0.02545 -5.38732e+00 | 36 -0.00643 -1.14888e-01
 37  0.00000  0.00000e+00 | 38  0.00000  0.00000e+00 | 39  0.00000  0.00000e+00
 40  0.24397  1.21886e+01 | 41  0.25671  2.21567e+00 | 42  0.26945  1.85067e+01
 43  0.23175  4.25663e+01 | 44 -0.21106  3.40111e+01 | 45 -0.34939 -5.60023e+00
 46 -0.37135 -8.05076e+00 | 47 -0.48162 -2.96535e-03 |
47 variables; iteration 60; function evaluation 73; phase 4
Function value 1.3079693e+02; maximum gradient component mag -2.8494e+00
Var    Value     Gradient |Var    Value     Gradient |Var    Value     Gradient
  1  0.02078 -1.01028e+00 |  2 -0.02608 -5.33974e-02 |  3  0.00378 -9.18713e-02
  4 -0.05632 -1.35538e-02 |  5 -0.06524  2.15454e-02 |  6 -0.04986 -5.24340e-02
  7 -0.05574  2.06770e-03 |  8  0.05105  6.13272e-02 |  9  0.01825 -3.09961e-02
 10  0.05837  4.61662e-03 | 11  0.03117  1.65101e-02 | 12 -0.01231  1.86336e-02
 13  0.06145 -1.96141e-02 | 14  0.03715 -2.73611e-02 | 15 -0.02304 -5.65071e-03
 16 -0.00629 -1.20674e-01 | 17 -0.03655 -2.58631e-01 | 18  0.04277 -5.81896e-02
 19  0.07165 -2.20978e-02 | 20 -0.04975 -3.20210e-04 | 21 -0.02008  3.84491e-02
 22 -0.10344  4.41587e-02 | 23 -0.01913  1.15385e-01 | 24 -0.02227 -1.08172e-01
 25 -0.02529 -3.58680e-02 | 26  0.07600  3.28536e-02 | 27 -0.01900  6.51553e-02
 28  0.06230 -4.69645e-02 | 29 -0.03667  3.68348e-02 | 30  0.01848 -4.46275e-02
 31  0.02009  3.92122e-02 | 32  0.05335  5.37166e-03 | 33  0.05993  1.27116e-01
 34 -0.06169  1.55951e-01 | 35  0.02286  2.67464e-02 | 36 -0.00236  4.76279e-02
 37  0.00000  0.00000e+00 | 38  0.00000  0.00000e+00 | 39  0.00000  0.00000e+00
 40  0.24421 -1.07751e-01 | 41  0.25696  7.08718e-02 | 42  0.26948 -3.34474e-01
 43  0.23192 -2.69689e-01 | 44 -0.26387 -2.84945e+00 | 45 -0.42064  2.02241e+00
 46 -0.37148  5.58006e-02 | 47 -0.42639 -3.49851e-04 |

 - final statistics:
47 variables; iteration 71; function evaluation 84
Function value 1.3080e+02; maximum gradient component mag 6.1633e-05
Exit code = 1;  converg criter 2.0000e-04
Var    Value     Gradient |Var    Value     Gradient |Var    Value     Gradient
  1  0.02078 -1.61672e-06 |  2 -0.02604 -1.92424e-07 |  3  0.00377 -7.97871e-07
  4 -0.05629 -1.61495e-07 |  5 -0.06526  3.56653e-07 |  6 -0.04984 -1.28371e-06
  7 -0.05574  5.90877e-07 |  8  0.05099  8.28755e-07 |  9  0.01834  3.35641e-07
 10  0.05836  3.52661e-06 | 11  0.03116  1.67530e-06 | 12 -0.01234  1.33825e-06
 13  0.06147  7.86178e-08 | 14  0.03715 -2.13178e-07 | 15 -0.02307  2.59868e-07
 16 -0.00629 -3.24445e-07 | 17 -0.03653 -2.97149e-06 | 18  0.04278  3.76556e-07
 19  0.07165  5.33181e-07 | 20 -0.04976  1.56867e-07 | 21 -0.02009  4.46399e-07
 22 -0.10344  4.56373e-07 | 23 -0.01914  6.47824e-07 | 24 -0.02226 -2.52583e-06
 25 -0.02528  1.70889e-07 | 26  0.07599  1.91590e-06 | 27 -0.01901  3.02606e-07
 28  0.06230 -9.01352e-07 | 29 -0.03668 -3.16004e-07 | 30  0.01848 -6.29410e-07
 31  0.02008  3.95670e-07 | 32  0.05335  6.18127e-07 | 33  0.05993 -8.92765e-07
 34 -0.06172 -6.10049e-07 | 35  0.02287 -1.88810e-06 | 36 -0.00239 -9.82048e-08
 37  0.00000  0.00000e+00 | 38  0.00000  0.00000e+00 | 39  0.00000  0.00000e+00
 40  0.24421  9.25512e-06 | 41  0.25696  3.12560e-07 | 42  0.26949  7.31192e-06
 43  0.23192  1.32449e-06 | 44 -0.27134  6.16330e-05 | 45 -0.43133 -4.29686e-05
 46 -0.37148 -7.02600e-07 | 47 -0.42557 -7.70355e-08 |
Estimating row 1 out of 47 for hessian
Estimating row 2 out of 47 for hessian
Estimating row 3 out of 47 for hessian
Estimating row 4 out of 47 for hessian
Estimating row 5 out of 47 for hessian
Estimating row 6 out of 47 for hessian
Estimating row 7 out of 47 for hessian
Estimating row 8 out of 47 for hessian
Estimating row 9 out of 47 for hessian
Estimating row 10 out of 47 for hessian
Estimating row 11 out of 47 for hessian
Estimating row 12 out of 47 for hessian
Estimating row 13 out of 47 for hessian
Estimating row 14 out of 47 for hessian
Estimating row 15 out of 47 for hessian
Estimating row 16 out of 47 for hessian
Estimating row 17 out of 47 for hessian
Estimating row 18 out of 47 for hessian
Estimating row 19 out of 47 for hessian
Estimating row 20 out of 47 for hessian
Estimating row 21 out of 47 for hessian
Estimating row 22 out of 47 for hessian
Estimating row 23 out of 47 for hessian
Estimating row 24 out of 47 for hessian
Estimating row 25 out of 47 for hessian
Estimating row 26 out of 47 for hessian
Estimating row 27 out of 47 for hessian
Estimating row 28 out of 47 for hessian
Estimating row 29 out of 47 for hessian
Estimating row 30 out of 47 for hessian
Estimating row 31 out of 47 for hessian
Estimating row 32 out of 47 for hessian
Estimating row 33 out of 47 for hessian
Estimating row 34 out of 47 for hessian
Estimating row 35 out of 47 for hessian
Estimating row 36 out of 47 for hessian
Estimating row 37 out of 47 for hessian
Estimating row 38 out of 47 for hessian
Estimating row 39 out of 47 for hessian
Estimating row 40 out of 47 for hessian
Estimating row 41 out of 47 for hessian
Estimating row 42 out of 47 for hessian
Estimating row 43 out of 47 for hessian
Estimating row 44 out of 47 for hessian
Estimating row 45 out of 47 for hessian
Estimating row 46 out of 47 for hessian
Estimating row 47 out of 47 for hessian
size of file gradfil1.tmp = 0
size of file gradfil2.tmp = 0
size of file varssave.tmp = 0
size of file cmpdiff.tmp = 0
