
Initial statistics: 37 variables; iteration 0; function evaluation 0; phase 1
Function value 2.5455180e+04; maximum gradient component mag 1.3946e+05
Var    Value     Gradient |Var    Value     Gradient |Var    Value     Gradient
  1  0.33333  1.39459e+05 |  2  0.00000 -4.97607e+02 |  3  0.00000 -5.80211e+02
  4  0.00000 -5.69042e+02 |  5  0.00000 -5.17737e+02 |  6  0.00000 -5.42216e+02
  7  0.00000 -5.38320e+02 |  8  0.00000 -5.74896e+02 |  9  0.00000 -4.84247e+02
 10  0.00000 -4.27069e+02 | 11  0.00000 -2.96519e+02 | 12  0.00000 -3.77086e+02
 13  0.00000 -2.23037e+02 | 14  0.00000 -1.68850e+02 | 15  0.00000 -9.99099e+01
 16  0.00000 -3.68053e+01 | 17  0.00000  1.82381e+02 | 18  0.00000  1.42453e+01
 19  0.00000 -5.87710e+01 | 20  0.00000  3.35663e+02 | 21  0.00000 -4.49900e+01
 22  0.00000  2.60721e+02 | 23  0.00000  2.95695e+01 | 24  0.00000 -2.22940e+02
 25  0.00000  2.68468e+02 | 26  0.00000  5.55029e+02 | 27  0.00000  9.36294e+02
 28  0.00000  3.21959e+01 | 29  0.00000  1.04397e+03 | 30  0.00000 -1.77671e+02
 31  0.00000  9.93487e+02 | 32  0.00000  4.99256e+02 | 33  0.00000  5.79028e+02
 34  0.00000  6.48514e+02 | 35  0.00000  1.84221e+02 | 36  0.00000 -1.25112e+02
 37  0.21635  1.52853e+04 |

Intermediate statistics: 37 variables; iteration 20; function evaluation 30; phase 1
Function value 6.7625970e+03; maximum gradient component mag 6.7803e+04
Var    Value     Gradient |Var    Value     Gradient |Var    Value     Gradient
  1  0.12555  6.78029e+04 |  2 -0.02324  7.16005e+02 |  3 -0.09097  5.97684e+02
  4 -0.10961  7.19209e+02 |  5 -0.54244  2.67866e+02 |  6 -0.31698  5.15283e+02
  7 -1.39313 -2.60013e+02 |  8 -0.13340  5.75428e+02 |  9 -0.04075  6.62629e+02
 10 -0.00448  6.51548e+02 | 11  0.00884  6.99214e+02 | 12 -0.00677  6.34758e+02
 13  0.09371  7.73615e+02 | 14  0.10853  8.21026e+02 | 15  0.11160  8.55905e+02
 16  0.13905  8.85298e+02 | 17  0.16487  1.05707e+03 | 18  0.16662  8.98679e+02
 19  0.16838  8.68691e+02 | 20  0.15633  1.12842e+03 | 21  0.12173  8.45096e+02
 22  0.12898  1.13144e+03 | 23  0.08784  8.73032e+02 | 24  0.12714  9.09822e+02
 25  0.08547  1.05441e+03 | 26  0.07730  1.09032e+03 | 27  0.07093  1.43940e+03
 28  0.13542  1.17147e+03 | 29  0.13572  1.95593e+03 | 30  0.13511  9.32368e+02
 31  0.07293  1.32454e+03 | 32  0.11224  1.51986e+03 | 33  0.07138  1.26186e+03
 34  0.09165  1.86256e+03 | 35  0.06160  1.02116e+03 | 36  0.05261  9.40629e+02
 37  0.32577  1.70558e+04 |
37 variables; iteration 40; function evaluation 62; phase 1
Function value 1.4004906e+03; maximum gradient component mag 5.1655e+03
Var    Value     Gradient |Var    Value     Gradient |Var    Value     Gradient
  1  0.02606  5.16546e+03 |  2 -0.06855  1.59738e+02 |  3  0.00950 -8.13832e+01
  4  0.02679  3.18633e+02 |  5 -0.16898  1.35777e+02 |  6 -0.09926  3.02137e+02
  7 -0.87486 -9.52065e+00 |  8  0.28446  3.47276e+02 |  9  0.09444  1.87920e+02
 10  0.08490  2.12844e+02 | 11 -0.01350  1.90610e+02 | 12 -0.33207 -6.99929e+00
 13  0.07763  7.66292e+01 | 14  0.05771  1.19676e+02 | 15 -0.00333  1.58335e+02
 16  0.05503  1.53699e+02 | 17  0.05260  1.64520e+02 | 18  0.09226  8.98825e+01
 19  0.05007  5.61693e+01 | 20  0.09419  2.69592e+02 | 21 -0.05323  2.33213e+01
 22  0.03877  1.37929e+02 | 23 -0.13986 -5.58742e+01 | 24  0.00202  1.54075e+02
 25  0.08787  2.05109e+02 | 26  0.05649 -2.10569e+02 | 27  0.00297  8.51638e+01
 28  0.11150  7.80017e+00 | 29  0.04894  4.87522e+02 | 30  0.16578  7.82292e+01
 31  0.07866  3.58711e+02 | 32  0.10839  1.97103e+02 | 33  0.04621  1.77367e+02
 34  0.01873  4.44567e+02 | 35  0.01562  1.79007e+02 | 36 -0.11239  1.55372e+02
 37  0.23628  2.41068e+03 |
37 variables; iteration 60; function evaluation 86; phase 1
Function value 1.1595950e+03; maximum gradient component mag 5.3930e+02
Var    Value     Gradient |Var    Value     Gradient |Var    Value     Gradient
  1  0.02233  5.39301e+02 |  2 -0.04461  7.89239e+00 |  3  0.01498 -5.31255e+00
  4 -0.06822 -2.94356e+01 |  5 -0.14572 -7.76895e+00 |  6 -0.07772 -2.47830e+01
  7 -0.25395 -5.83177e+00 |  8 -0.10252 -1.26211e+01 |  9 -0.08049 -7.12870e+00
 10  0.05044 -3.25350e+01 | 11  0.03586 -3.83643e+01 | 12 -0.08745 -5.98119e+00
 13  0.08672 -3.96639e+01 | 14  0.06497 -3.29558e+01 | 15 -0.07396 -3.49423e+01
 16  0.04560 -2.79107e+01 | 17  0.02914 -2.00663e+01 | 18  0.10590 -2.89967e+01
 19  0.11308 -2.94631e+01 | 20 -0.03376 -1.05621e+01 | 21 -0.00349 -3.14628e+01
 22 -0.10406  2.15452e+01 | 23  0.03191 -1.58437e+01 | 24 -0.05332 -2.54926e+01
 25  0.02292 -3.81269e+00 | 26  0.11351 -5.07337e+00 | 27  0.02168 -1.18433e+01
 28  0.11739 -3.76851e+01 | 29 -0.01184 -1.83839e+01 | 30  0.16941 -2.22032e+01
 31  0.05148 -2.39126e+01 | 32  0.10907 -2.16045e+01 | 33  0.04597 -1.56486e+01
 34 -0.01626 -5.12479e+01 | 35  0.02366 -1.67304e+01 | 36 -0.12063 -3.11023e+00
 37  0.21591 -1.33040e+01 |

 - final statistics:
37 variables; iteration 70; function evaluation 96
Function value 1.1566e+03; maximum gradient component mag 1.2438e+00
Exit code = 1;  converg criter 1.0000e+01
Var    Value     Gradient |Var    Value     Gradient |Var    Value     Gradient
  1  0.02092  1.24376e+00 |  2 -0.04740  2.85410e-01 |  3  0.02001 -2.83856e-01
  4 -0.05721 -2.49822e-01 |  5 -0.16067 -1.19579e-01 |  6 -0.07134 -5.13066e-01
  7 -0.27277 -1.89464e-01 |  8 -0.10347 -2.87707e-02 |  9 -0.08777 -1.30047e-01
 10  0.05919 -9.34269e-02 | 11  0.04082 -2.91021e-01 | 12 -0.11068 -2.72523e-02
 13  0.10178  4.23001e-02 | 14  0.06274 -7.03266e-02 | 15 -0.05374 -4.75118e-01
 16  0.05098 -1.21205e-01 | 17  0.02941 -2.90020e-01 | 18  0.11365 -8.42105e-02
 19  0.12381 -6.47926e-02 | 20 -0.04539 -4.57988e-01 | 21  0.01251 -5.02650e-02
 22 -0.15978 -4.67256e-01 | 23  0.03907 -1.72149e-01 | 24 -0.04342 -2.42938e-01
 25  0.01913  8.79621e-02 | 26  0.11614 -3.61877e-01 | 27  0.02331 -7.00399e-01
 28  0.12235  1.11599e-01 | 29 -0.00833  5.05052e-01 | 30  0.17320 -3.99938e-01
 31  0.05533 -6.94641e-01 | 32  0.11248  2.32923e-01 | 33  0.04888  4.53365e-02
 34 -0.00927 -3.23763e-01 | 35  0.02435  1.89405e-02 | 36 -0.12585 -4.62714e-01
 37  0.21621  4.13843e-01 |

Initial statistics: 49 variables; iteration 0; function evaluation 0; phase 2
Function value 1.1565550e+03; maximum gradient component mag -9.8643e+03
Var    Value     Gradient |Var    Value     Gradient |Var    Value     Gradient
  1  0.02092  1.24376e+00 |  2  0.00000 -2.93372e+00 |  3  0.00000 -2.11784e+01
  4  0.00000 -2.02565e+02 |  5 -0.04739  4.59653e-01 |  6  0.02002 -1.09215e-01
  7 -0.05721 -7.58000e-02 |  8 -0.16067  4.96131e-02 |  9 -0.07134 -3.39435e-01
 10 -0.27276 -3.05317e-02 | 11 -0.10346  1.43654e-01 | 12 -0.08776  4.30221e-02
 13  0.05919  8.05456e-02 | 14  0.04083 -1.16653e-01 | 15 -0.11067  1.44841e-01
 16  0.10178  2.14799e-01 | 17  0.06274  1.03553e-01 | 18 -0.05374 -3.01013e-01
 19  0.05098  5.29628e-02 | 20  0.02942 -1.15480e-01 | 21  0.11365  8.77397e-02
 22  0.12382  1.06640e-01 | 23 -0.04539 -2.83705e-01 | 24  0.01251  1.24428e-01
 25 -0.15977 -2.98004e-01 | 26  0.03908  2.24930e-03 | 27 -0.04342 -6.86172e-02
 28  0.01914  2.62610e-01 | 29  0.11614 -1.90049e-01 | 30  0.02332 -5.25788e-01
 31  0.12235  2.83109e-01 | 32 -0.00832  6.79764e-01 | 33  0.17320 -2.31636e-01
 34  0.05534 -5.20573e-01 | 35  0.11249  4.04929e-01 | 36  0.04888  2.19549e-01
 37 -0.00927 -1.49054e-01 | 38  0.02435  1.93540e-01 | 39 -0.12585 -2.91390e-01
 40 -0.18067  8.26275e+01 | 41 -0.18067 -1.35860e+03 | 42 -0.18067  1.12354e+03
 43 -0.18067  2.10022e+03 | 44  0.21635 -3.52106e+03 | 45  0.21635  7.17059e+02
 46  0.21621  4.13843e-01 | 47 -0.30909 -9.86430e+03 | 48  0.12819  1.19067e+01
 49 -0.30909 -2.62838e+03 |

Intermediate statistics: 49 variables; iteration 20; function evaluation 27; phase 2
Function value 2.9122074e+02; maximum gradient component mag 1.8040e+03
Var    Value     Gradient |Var    Value     Gradient |Var    Value     Gradient
  1  0.03797 -1.48844e+03 |  2 -0.01162  1.27482e+00 |  3 -0.04658  1.77280e+00
  4  0.01563  3.20124e+00 |  5 -0.04027  1.33319e+01 |  6 -0.00736  5.38702e+00
  7 -0.06682 -1.42272e+01 |  8 -0.10450  5.10292e+00 |  9 -0.08281 -1.80141e+01
 10 -0.05037  2.09158e+01 | 11  0.03336  1.40580e+01 | 12  0.02203  1.19131e+01
 13 -0.02272 -9.85447e+01 | 14 -0.01164 -6.15551e+01 | 15 -0.00108  3.06365e+01
 16  0.04434 -4.10025e+00 | 17  0.01093 -9.64428e+00 | 18 -0.02558  3.74194e+00
 19  0.03256 -3.04002e+01 | 20  0.01256  3.44326e+00 | 21  0.08276 -2.16812e+01
 22  0.07913 -9.40137e+00 | 23 -0.01332  1.72716e+00 | 24 -0.00807 -1.01302e+01
 25 -0.07722  1.05985e+01 | 26 -0.00189 -3.93449e+01 | 27 -0.02996  2.32341e+00
 28 -0.00896  9.60612e+00 | 29  0.03421  2.13705e+01 | 30 -0.01944 -1.07356e+02
 31  0.06941 -5.14939e-01 | 32  0.00067 -9.04256e+01 | 33  0.07129  3.79249e+01
 34  0.00317 -1.12732e+02 | 35  0.05675 -8.73317e+00 | 36  0.00631 -5.13527e+00
 37 -0.03301 -1.42601e+01 | 38  0.02643  1.17937e+02 | 39  0.00691 -7.46180e+01
 40 -0.27146  1.74767e+01 | 41  0.02597  1.56771e+02 | 42 -0.25835  8.94576e+00
 43 -0.33739 -7.88932e+02 | 44  0.23398  8.01745e+02 | 45  0.20222 -1.62000e+03
 46  0.22512 -9.20100e+02 | 47 -0.26783 -1.06848e+03 | 48  0.03493  2.68485e+02
 49 -0.25761  1.80398e+03 |
49 variables; iteration 40; function evaluation 55; phase 2
Function value 2.5589589e+02; maximum gradient component mag -5.3240e+02
Var    Value     Gradient |Var    Value     Gradient |Var    Value     Gradient
  1  0.03858 -5.28644e+02 |  2  0.00070  4.92394e+00 |  3 -0.07084 -1.70668e+00
  4 -0.00295  4.58702e+00 |  5 -0.05528 -9.37676e-01 |  6 -0.02345 -2.04546e+01
  7 -0.07261 -1.97827e+00 |  8 -0.12120 -7.76899e-01 |  9 -0.09529 -1.94673e+01
 10 -0.06885  1.62959e+01 | 11  0.01811  1.52630e+01 | 12  0.01004  2.47259e+01
 13  0.00290 -2.65918e+01 | 14  0.00095 -4.89871e+00 | 15 -0.02453 -3.10884e+00
 16  0.05635  1.38770e+01 | 17  0.02335  1.34826e+01 | 18 -0.02867  5.06576e-02
 19  0.03804 -2.83452e+00 | 20  0.01589  3.16374e+00 | 21  0.09308  1.28736e+00
 22  0.08264 -1.44466e+01 | 23 -0.01769 -6.86633e+00 | 24 -0.00720 -1.48418e+01
 25 -0.07936  9.38155e+00 | 26 -0.00667 -3.81415e+01 | 27 -0.02915 -4.48968e-01
 28 -0.00778 -2.11556e+01 | 29  0.03872 -4.30023e+01 | 30 -0.00756  6.91271e-02
 31  0.07312 -1.78868e+01 | 32  0.01067 -8.00105e-01 | 33  0.07774 -1.46834e+01
 34  0.01834 -6.68115e+00 | 35  0.05965 -3.14262e+01 | 36  0.01245  1.59528e+01
 37 -0.02675  2.69076e+00 | 38  0.02570  6.14517e+01 | 39  0.00999 -1.79599e+01
 40 -0.28169 -9.76659e+01 | 41 -0.03203  8.15053e+01 | 42 -0.24254  9.50753e+01
 43 -0.32777 -3.24513e+02 | 44  0.22946  1.75815e+02 | 45  0.20675 -5.32395e+02
 46  0.22818 -1.67060e+02 | 47 -0.25423  2.12075e+02 | 48  0.05031 -6.31354e+01
 49 -0.26275  2.85447e+02 |
49 variables; iteration 60; function evaluation 87; phase 2
Function value 2.4833503e+02; maximum gradient component mag -1.1349e+02
Var    Value     Gradient |Var    Value     Gradient |Var    Value     Gradient
  1  0.04572 -1.13486e+02 |  2 -0.03144  1.89061e-01 |  3 -0.07822 -5.11772e-02
  4 -0.01249 -2.99240e-01 |  5 -0.05687  3.13855e+00 |  6 -0.01440  3.65120e+00
  7 -0.05100  4.24357e+00 |  8 -0.09176  4.16738e+00 |  9 -0.05946  8.39957e+00
 10 -0.05709  3.02530e-01 | 11  0.00628 -6.84489e+00 | 12 -0.01846 -2.14556e+01
 13  0.00385 -5.94942e+01 | 14 -0.00250 -2.51418e+01 | 15 -0.01313  2.71573e+00
 16  0.05026  3.90020e+00 | 17  0.01483  2.50988e+00 | 18 -0.02782  2.41639e+00
 19  0.03356  1.71549e+00 | 20  0.01084  2.23030e+00 | 21  0.08915 -5.24918e-02
 22  0.08590  2.22640e-01 | 23 -0.01777 -2.59036e-01 | 24 -0.00054  1.45253e+00
 25 -0.08946  1.59708e+00 | 26 -0.00339  1.27771e+00 | 27 -0.02852  3.56856e+00
 28 -0.00855  3.76777e+00 | 29  0.03416  8.60497e+00 | 30 -0.01198  3.35649e-01
 31  0.07221  3.41013e+00 | 32  0.00482  9.61190e-01 | 33  0.08153  3.52015e+00
 34  0.01650  1.08884e+00 | 35  0.05666  5.23035e+00 | 36  0.00590  7.45325e+00
 37 -0.03302  6.75958e+00 | 38  0.01570  1.42683e+01 | 39  0.00336 -2.40493e+00
 40 -0.29892 -6.99416e+00 | 41 -0.12745 -5.23046e+00 | 42 -0.28419  1.13215e+01
 43 -0.34285  1.16009e+01 | 44  0.22497  6.36002e+00 | 45  0.20612 -4.23645e+01
 46  0.22417  6.63228e+00 | 47 -0.25620  1.08889e+02 | 48  0.05298 -2.81550e+01
 49 -0.26747  3.61216e+01 |

 - final statistics:
49 variables; iteration 67; function evaluation 94
Function value 2.4674e+02; maximum gradient component mag 9.0809e+00
Exit code = 1;  converg criter 1.0000e+01
Var    Value     Gradient |Var    Value     Gradient |Var    Value     Gradient
  1  0.04812 -2.08164e+00 |  2 -0.03443  5.41394e-03 |  3 -0.08057  6.65500e-02
  4 -0.01355  3.79456e-01 |  5 -0.06031  1.81161e-01 |  6 -0.01800  6.38049e-01
  7 -0.05518  9.91653e-02 |  8 -0.09613 -3.35282e-02 |  9 -0.06419  2.55194e-01
 10 -0.05326 -1.56849e-01 | 11  0.01822 -1.26381e-01 | 12  0.00320 -2.78033e-01
 13  0.03544  1.65713e-01 | 14  0.00536  2.73605e-01 | 15 -0.00437 -1.13007e-01
 16  0.04747 -2.74038e-02 | 17  0.01203  5.65444e-02 | 18 -0.03007 -6.98366e-02
 19  0.03079 -3.53329e-02 | 20  0.00805 -3.65923e-02 | 21  0.08802  1.46616e-01
 22  0.08455  1.80215e-01 | 23 -0.01883  8.17087e-02 | 24 -0.00179  6.24968e-02
 25 -0.09139 -4.17176e-02 | 26 -0.00691  7.20206e-02 | 27 -0.03163 -8.37981e-02
 28 -0.01166 -5.10133e-02 | 29  0.03051 -1.35895e-02 | 30 -0.01472 -1.32227e-01
 31  0.06983  4.03120e-02 | 32  0.00202 -5.88454e-02 | 33  0.07957  1.18531e-01
 34  0.01389  2.52383e-02 | 35  0.05327 -2.95109e-04 | 36  0.00210 -1.52527e-01
 37 -0.03703 -1.45680e-01 | 38  0.01131 -4.15789e-01 | 39 -0.00017  2.93996e-02
 40 -0.30397  3.65751e+00 | 41 -0.14148  6.71144e-01 | 42 -0.29332 -1.56498e+00
 43 -0.34791 -4.31887e+00 | 44  0.22375  5.44272e+00 | 45  0.20574  1.43011e+00
 46  0.22325 -6.15293e-01 | 47 -0.25655  9.08087e+00 | 48  0.05654  1.43837e+00
 49 -0.26822 -1.65224e-01 |

Initial statistics: 53 variables; iteration 0; function evaluation 0; phase 3
Function value 2.4673992e+02; maximum gradient component mag -2.0492e+03
Var    Value     Gradient |Var    Value     Gradient |Var    Value     Gradient
  1  0.04812 -2.08164e+00 |  2 -0.03443  5.41394e-03 |  3 -0.08057  6.65500e-02
  4 -0.01355  3.79456e-01 |  5 -0.06031  1.68115e-01 |  6 -0.01800  6.24949e-01
  7 -0.05518  8.61093e-02 |  8 -0.09613 -4.64843e-02 |  9 -0.06419  2.42155e-01
 10 -0.05326 -1.69908e-01 | 11  0.01822 -1.39481e-01 | 12  0.00320 -2.91138e-01
 13  0.03544  1.52628e-01 | 14  0.00536  2.60501e-01 | 15 -0.00437 -1.26112e-01
 16  0.04747 -4.04725e-02 | 17  0.01203  4.34416e-02 | 18 -0.03008 -8.29271e-02
 19  0.03079 -4.84227e-02 | 20  0.00805 -4.96964e-02 | 21  0.08802  1.33636e-01
 22  0.08455  1.67225e-01 | 23 -0.01883  6.86093e-02 | 24 -0.00179  4.93917e-02
 25 -0.09139 -5.46879e-02 | 26 -0.00691  5.89162e-02 | 27 -0.03163 -9.68871e-02
 28 -0.01166 -6.41163e-02 | 29  0.03051 -2.66796e-02 | 30 -0.01472 -1.45329e-01
 31  0.06983  2.72856e-02 | 32  0.00202 -7.19505e-02 | 33  0.07957  1.05528e-01
 34  0.01389  1.21362e-02 | 35  0.05327 -1.33544e-02 | 36  0.00210 -1.65632e-01
 37 -0.03704 -1.58763e-01 | 38  0.01131 -4.28892e-01 | 39 -0.00017  1.62945e-02
 40 -0.30397  3.65751e+00 | 41 -0.14148  6.71144e-01 | 42 -0.29332 -1.56498e+00
 43 -0.34791 -4.31887e+00 | 44  0.22375  5.44272e+00 | 45  0.20574  1.43011e+00
 46  0.21635 -2.04924e+03 | 47  0.22325 -6.15293e-01 | 48 -0.25655  9.08087e+00
 49  0.05654  1.43837e+00 | 50 -0.30909 -1.36301e+03 | 51 -0.43452  1.23993e-03
 52 -0.26822 -1.65224e-01 | 53 -0.36199  8.69825e+00 |

Intermediate statistics: 53 variables; iteration 20; function evaluation 26; phase 3
Function value 1.6425878e+02; maximum gradient component mag -3.6604e+03
Var    Value     Gradient |Var    Value     Gradient |Var    Value     Gradient
  1  0.02749 -3.66035e+03 |  2 -0.02888 -1.72076e+00 |  3 -0.06744 -3.83933e+00
  4  0.01104 -1.17821e+01 |  5 -0.02657  8.21542e+00 |  6  0.01790  8.98713e+00
  7 -0.01620  1.76447e+01 |  8 -0.05515  1.74817e+01 |  9 -0.02694  1.20393e+01
 10 -0.01469  1.51478e+01 | 11  0.05317  1.41209e+01 | 12  0.03338  1.36726e+01
 13  0.05095  2.73633e-01 | 14  0.00845  3.56115e+00 | 15  0.00638  2.39842e+01
 16  0.05095  1.75320e+00 | 17  0.01758  2.19814e+00 | 18 -0.04342  1.21558e+01
 19 -0.01636  2.09947e+01 | 20 -0.03209  7.86012e+00 | 21  0.04298  3.38105e+01
 22  0.04186  2.40938e+01 | 23 -0.05139  1.30853e+01 | 24 -0.03288  1.96757e+01
 25 -0.11506  1.21671e+01 | 26 -0.01619 -6.89580e+00 | 27 -0.02992  8.39388e+00
 28 -0.02592 -7.82625e+00 | 29  0.04149 -2.84930e+01 | 30 -0.01156 -2.85744e+01
 31  0.05286  8.69666e+00 | 32 -0.02302 -1.42929e+01 | 33  0.06999  1.30902e+02
 34  0.00680 -2.24352e+01 | 35  0.04976 -4.98938e+01 | 36  0.01045 -8.75245e+01
 37 -0.03114 -1.24865e+02 | 38  0.00558 -2.23980e+02 | 39  0.00487  6.54615e+01
 40 -0.28033 -2.83428e+02 | 41 -0.08093 -7.18977e+01 | 42 -0.25904 -3.19629e+02
 43 -0.31621 -1.15433e+02 | 44  0.24196 -7.82360e+01 | 45  0.25263  2.45052e+02
 46  0.26478 -2.45715e+02 | 47  0.24084 -7.96383e+02 | 48 -0.25775 -2.64211e+01
 49  0.04279  1.58328e+01 | 50 -0.27800 -5.36995e+01 | 51 -0.44731  4.29174e+01
 52 -0.27269  9.78071e+02 | 53 -0.40740 -4.66132e+02 |
53 variables; iteration 40; function evaluation 50; phase 3
Function value 1.5063881e+02; maximum gradient component mag -2.0884e+03
Var    Value     Gradient |Var    Value     Gradient |Var    Value     Gradient
  1  0.03002 -2.08841e+03 |  2 -0.09265 -1.40772e+01 |  3 -0.08640 -1.00826e+01
  4  0.00129 -2.27355e+01 |  5 -0.04796 -2.10585e+01 |  6  0.01499  8.01913e+00
  7 -0.01310  2.03375e+01 |  8 -0.03894  3.24516e+01 |  9 -0.02022  9.69864e+00
 10  0.00163  2.34947e+01 | 11  0.06258  1.96302e+01 | 12  0.04194  2.65848e+01
 13  0.04785  7.79630e+00 | 14  0.00892  1.68742e+01 | 15  0.00782  2.89243e+01
 16  0.04727  7.12148e+00 | 17  0.01090  4.44140e+00 | 18 -0.04321  2.42360e+01
 19 -0.01948  2.11904e+01 | 20 -0.03342  1.93798e+01 | 21  0.03583  9.80483e+00
 22  0.03085 -4.24782e+00 | 23 -0.04277  3.59169e+01 | 24 -0.02350  5.29633e+01
 25 -0.12177  1.02745e+01 | 26 -0.01579  2.22108e+01 | 27 -0.04268 -1.29725e+01
 28 -0.01657  1.77061e+01 | 29  0.03785 -9.63724e+01 | 30 -0.01477 -4.99135e+01
 31  0.05210 -2.70805e+01 | 32 -0.01776  7.41585e+01 | 33  0.06847  4.62515e+01
 34  0.00917  9.76283e+00 | 35  0.04989 -4.01525e+01 | 36  0.00834 -9.84845e+01
 37 -0.03116 -1.00292e+02 | 38  0.00690 -2.10578e+02 | 39 -0.00179  7.10036e+01
 40 -0.27000 -1.21166e+02 | 41 -0.04055 -9.70450e+00 | 42 -0.24083 -1.49925e+02
 43 -0.31044 -7.37033e+01 | 44  0.24136  1.61726e+02 | 45  0.24931  1.27357e+02
 46  0.26387 -9.14944e+01 | 47  0.24083 -3.94126e+02 | 48 -0.25981  2.01535e+02
 49  0.03048 -5.90647e+01 | 50 -0.27710 -1.38636e+02 | 51 -0.44421  1.05877e+02
 52 -0.29166 -1.49758e+03 | 53 -0.44441  6.29338e+02 |
53 variables; iteration 60; function evaluation 79; phase 3
Function value 1.3738971e+02; maximum gradient component mag -2.1019e+02
Var    Value     Gradient |Var    Value     Gradient |Var    Value     Gradient
  1  0.02376 -1.41959e+02 |  2 -0.00749  7.53208e-01 |  3 -0.03224  2.10123e+00
  4  0.01650 -1.46534e+00 |  5 -0.01982  6.48149e+00 |  6  0.01546 -9.38292e-03
  7 -0.03138 -5.11742e-01 |  8 -0.07731 -3.58192e+00 |  9 -0.04035  2.77891e-01
 10 -0.02973  1.79986e+00 | 11  0.04787  2.05421e+00 | 12  0.03249  1.42930e+00
 13  0.06124  2.27521e+00 | 14  0.01139 -1.90266e+00 | 15 -0.00417 -7.37228e-01
 16  0.05200 -1.66933e+01 | 17  0.03286  1.26089e+01 | 18 -0.04517 -1.06990e+01
 19 -0.01525 -3.31011e+00 | 20 -0.02850 -1.66727e-01 | 21  0.04261  3.72460e+00
 22  0.04209 -8.04476e-01 | 23 -0.05082 -1.09126e+00 | 24 -0.03443 -1.06972e+01
 25 -0.11263 -1.82105e+00 | 26 -0.01094 -1.66173e+00 | 27 -0.02560 -2.15558e+00
 28 -0.01703 -7.77272e+00 | 29  0.04797 -1.11315e+01 | 30 -0.00414  3.66331e+00
 31  0.05531 -9.08473e+00 | 32 -0.01836 -6.44359e-01 | 33  0.05957 -2.82756e+01
 34  0.00871 -2.98257e+00 | 35  0.05526 -3.08158e+00 | 36  0.01975  6.40964e+00
 37 -0.01886  2.14815e+01 | 38  0.01758  5.17114e+01 | 39 -0.01811  3.91881e+00
 40 -0.23220 -1.87906e+00 | 41  0.07283  6.18612e-01 | 42 -0.17209 -1.82042e+01
 43 -0.27375 -9.31624e+01 | 44  0.24336 -1.40637e+02 | 45  0.25295 -5.54413e+01
 46  0.27001  9.59091e+00 | 47  0.25139  7.71047e+01 | 48 -0.24925 -1.41239e+01
 49  0.05623  9.32049e+00 | 50 -0.27603  1.12373e+01 | 51 -0.44415 -8.85663e+00
 52 -0.28879 -2.10193e+02 | 53 -0.44237  9.81634e+01 |
53 variables; iteration 80; function evaluation 100; phase 3
Function value 1.3462138e+02; maximum gradient component mag 4.0582e+00
Var    Value     Gradient |Var    Value     Gradient |Var    Value     Gradient
  1  0.01973  2.46664e+00 |  2 -0.00640  4.93546e-03 |  3 -0.02484  2.96163e-03
  4  0.02383  6.79437e-02 |  5 -0.02044  4.50069e-02 |  6  0.01899  2.70223e-02
  7 -0.04394 -6.42198e-02 |  8 -0.09682 -5.10285e-02 |  9 -0.06482 -3.82446e-02
 10 -0.06913 -2.13252e-02 | 11  0.02722 -2.22530e-02 | 12  0.02593 -4.44857e-02
 13  0.07115 -6.67480e-02 | 14  0.01325 -1.97687e-02 | 15 -0.00975 -1.19413e-02
 16  0.06341  1.89166e-02 | 17  0.03216  4.72575e-02 | 18 -0.03665  1.17940e-02
 19 -0.01079 -1.56862e-02 | 20 -0.02427 -1.14901e-01 | 21  0.04251  6.00168e-02
 22  0.04426  5.27709e-02 | 23 -0.05069 -6.57367e-03 | 24 -0.02937  2.39842e-02
 25 -0.11164  3.88623e-02 | 26 -0.00600  7.81836e-02 | 27 -0.02146  2.10506e-02
 28 -0.01081  2.57040e-03 | 29  0.05573  8.07605e-02 | 30  0.00242  1.43980e-02
 31  0.06054  1.78025e-01 | 32 -0.01400 -3.13782e-02 | 33  0.06523  1.35073e-01
 34  0.01396 -2.73911e-02 | 35  0.06156  4.47347e-02 | 36  0.02715 -1.92837e-02
 37 -0.01155 -9.92062e-02 | 38  0.02336 -6.89428e-02 | 39 -0.01729 -1.23173e-01
 40 -0.20446  5.65772e-01 | 41  0.19339 -1.15933e-01 | 42 -0.10264 -9.59661e-02
 43 -0.22264  1.43489e-01 | 44  0.24538  6.39675e-01 | 45  0.25519  3.60729e-01
 46  0.27205 -1.22599e-01 | 47  0.25252 -4.89492e-01 | 48 -0.27284  3.98847e+00
 49 -0.02181 -1.32491e+00 | 50 -0.27102 -4.72927e-03 | 51 -0.43854  1.11131e-04
 52 -0.29450  4.05815e+00 | 53 -0.45548 -1.92332e+00 |
53 variables; iteration 100; function evaluation 120; phase 3
Function value 1.3462115e+02; maximum gradient component mag -1.4551e-01
Var    Value     Gradient |Var    Value     Gradient |Var    Value     Gradient
  1  0.01973 -7.96652e-02 |  2 -0.00643 -1.17349e-04 |  3 -0.02483 -6.57333e-05
  4  0.02382 -1.24023e-03 |  5 -0.02046 -3.97909e-04 |  6  0.01899 -2.85516e-04
  7 -0.04389  2.19984e-03 |  8 -0.09677  2.36085e-03 |  9 -0.06478  1.46515e-03
 10 -0.06908  2.52709e-03 | 11  0.02723  1.74214e-03 | 12  0.02594  2.75185e-03
 13  0.07113  3.77132e-03 | 14  0.01325  2.44611e-03 | 15 -0.00974  1.42033e-03
 16  0.06340  1.19816e-03 | 17  0.03215  6.13788e-04 | 18 -0.03665  1.43869e-03
 19 -0.01080  3.77204e-04 | 20 -0.02426 -3.35309e-04 | 21  0.04249  1.39654e-05
 22  0.04424 -2.03925e-03 | 23 -0.05069  1.94496e-03 | 24 -0.02937  3.59298e-03
 25 -0.11166  1.59608e-04 | 26 -0.00601  2.19336e-04 | 27 -0.02146  8.30554e-04
 28 -0.01082 -4.19801e-05 | 29  0.05572 -6.07945e-03 | 30  0.00241  1.86594e-04
 31  0.06053 -5.27448e-03 | 32 -0.01401  5.63695e-03 | 33  0.06521 -9.63022e-03
 34  0.01396 -3.65012e-04 | 35  0.06155 -3.63007e-03 | 36  0.02714 -4.09773e-03
 37 -0.01156 -2.47250e-03 | 38  0.02335 -1.08284e-02 | 39 -0.01730  8.36556e-03
 40 -0.20453  1.02567e-02 | 41  0.19354  5.18007e-03 | 42 -0.10265  3.33337e-03
 43 -0.22267 -1.49367e-02 | 44  0.24538 -4.29454e-02 | 45  0.25519 -4.54027e-03
 46  0.27205 -1.13583e-03 | 47  0.25253  2.67816e-02 | 48 -0.28067 -1.09972e-01
 49 -0.04488  3.74900e-02 | 50 -0.27106 -1.07996e-02 | 51 -0.43858  4.99431e-03
 52 -0.29514 -1.45515e-01 | 53 -0.45681  6.52626e-02 |
53 variables; iteration 120; function evaluation 141; phase 3
Function value 1.3462109e+02; maximum gradient component mag -5.8526e+00
Var    Value     Gradient |Var    Value     Gradient |Var    Value     Gradient
  1  0.01973 -2.10198e+00 |  2 -0.00643 -8.11972e-04 |  3 -0.02482  3.65917e-05
  4  0.02382 -6.69666e-03 |  5 -0.02046  2.02548e-02 |  6  0.01899  1.55655e-02
  7 -0.04389  3.27384e-02 |  8 -0.09676  3.29254e-02 |  9 -0.06478  2.97669e-02
 10 -0.06908  3.47556e-02 | 11  0.02723  3.08931e-02 | 12  0.02594  3.37678e-02
 13  0.07113  3.25163e-02 | 14  0.01325  3.24734e-02 | 15 -0.00974  3.04915e-02
 16  0.06340  2.87170e-02 | 17  0.03215  2.87985e-02 | 18 -0.03665  2.92982e-02
 19 -0.01080  2.38436e-02 | 20 -0.02426  1.73123e-02 | 21  0.04249  2.58038e-02
 22  0.04424  1.73874e-02 | 23 -0.05069  3.23356e-02 | 24 -0.02937  3.79423e-02
 25 -0.11166  2.26813e-02 | 26 -0.00601  1.32643e-02 | 27 -0.02146  4.56560e-03
 28 -0.01082 -3.22386e-02 | 29  0.05572 -2.30462e-01 | 30  0.00241 -4.56098e-02
 31  0.06053 -9.97377e-02 | 32 -0.01400  8.01654e-02 | 33  0.06521 -1.39973e-01
 34  0.01395 -1.67563e-02 | 35  0.06155 -9.56311e-02 | 36  0.02714 -9.21408e-02
 37 -0.01156 -3.43539e-02 | 38  0.02335 -9.67350e-03 | 39 -0.01730  1.08890e-01
 40 -0.20452  4.14202e-02 | 41  0.19357  1.35669e-02 | 42 -0.10264  9.55253e-03
 43 -0.22267 -4.51055e-02 | 44  0.24538 -1.45591e-01 | 45  0.25519 -1.38244e-03
 46  0.27205  1.72603e-02 | 47  0.25253  2.97529e-01 | 48 -0.28217  4.59659e-01
 49 -0.04927 -1.56783e-01 | 50 -0.26777 -6.42219e-02 | 51 -0.43449  4.82091e-02
 52 -0.28774 -5.85262e+00 | 53 -0.44128  2.80002e+00 |
53 variables; iteration 140; function evaluation 186; phase 3
Function value 1.2980908e+02; maximum gradient component mag 6.3597e+02
Var    Value     Gradient |Var    Value     Gradient |Var    Value     Gradient
  1  0.01862 -3.77176e+02 |  2 -0.00512  1.46669e-02 |  3 -0.02613 -1.45657e+00
  4  0.02154 -7.46001e+00 |  5 -0.02092 -1.17405e+01 |  6  0.01669 -4.06665e+01
  7 -0.04730  9.66399e-01 |  8 -0.10108 -1.30269e+00 |  9 -0.06867 -1.24989e+01
 10 -0.07374  4.83966e+00 | 11  0.02717  2.69082e+00 | 12  0.02867  6.91367e-01
 13  0.07670 -9.68161e+00 | 14  0.01190  4.66090e+00 | 15 -0.01039  5.07426e+00
 16  0.06402  5.04753e+00 | 17  0.03210  5.40585e+00 | 18 -0.03938  4.45256e+00
 19 -0.00849 -2.79492e+00 | 20 -0.02647 -1.97500e+01 | 21  0.04215  7.40211e+00
 22  0.04413  5.55384e+00 | 23 -0.05316  3.86911e+00 | 24 -0.03067  1.28863e-01
 25 -0.11321 -4.62770e+00 | 26 -0.00479 -5.30082e+01 | 27 -0.01773  1.52521e+01
 28 -0.01064  1.18671e+01 | 29  0.05867  1.65566e+01 | 30  0.00376  3.93555e+00
 31  0.06070  8.52813e+00 | 32 -0.01806  7.46967e+00 | 33  0.06280  1.08480e+01
 34  0.01156  4.61780e+00 | 35  0.06183  4.89717e+00 | 36  0.02936  2.69971e+00
 37 -0.00778  8.64864e+00 | 38  0.02789  8.62085e+00 | 39 -0.00835 -5.27462e-01
 40 -0.19497  1.47312e+01 | 41  0.22691  5.85784e+00 | 42 -0.07385 -7.29253e+00
 43 -0.20330 -2.20868e+01 | 44  0.24629 -3.19665e+00 | 45  0.26539  9.20530e+01
 46  0.27378  2.77129e+01 | 47  0.26102  2.54349e+00 | 48 -0.23291  6.35971e+02
 49  0.08392 -2.19600e+02 | 50 -0.16251 -6.55513e+01 | 51 -0.31640  7.48867e+01
 52 -0.18806 -2.10441e+02 | 53 -0.27713  9.57224e+01 |
53 variables; iteration 160; function evaluation 209; phase 3
Function value 1.2487404e+02; maximum gradient component mag 1.1899e+02
Var    Value     Gradient |Var    Value     Gradient |Var    Value     Gradient
  1  0.01655  1.18989e+02 |  2 -0.00510 -1.25916e-01 |  3 -0.01637  2.17038e-01
  4  0.02753  5.00740e+00 |  5 -0.01570  7.51032e+00 |  6  0.02199  2.32818e+01
  7 -0.04416 -1.77500e+00 |  8 -0.10031 -2.55876e+00 |  9 -0.07026 -6.30284e+00
 10 -0.07879 -1.41941e+00 | 11  0.02580 -6.91196e-01 | 12  0.02856  5.48908e-01
 13  0.07707  4.38029e+00 | 14  0.01384  6.20941e-01 | 15 -0.01105 -5.67822e-01
 16  0.06624  3.77167e+00 | 17  0.03777  8.62773e+00 | 18 -0.02967  1.09793e+01
 19 -0.01080 -1.60378e+01 | 20 -0.02147 -2.46145e+01 | 21  0.03679 -5.41082e-01
 22  0.04140 -8.20639e-01 | 23 -0.05560 -1.28588e+00 | 24 -0.03508 -2.38290e+00
 25 -0.11334 -5.32978e+00 | 26  0.00146 -1.87547e+01 | 27 -0.02005  4.00714e+00
 28 -0.01705  4.49270e-01 | 29  0.05832  9.36901e+00 | 30  0.00419 -6.23277e+00
 31  0.05810 -1.58900e+01 | 32 -0.02055  3.67997e+00 | 33  0.04974 -1.41469e+01
 34  0.00353 -1.55183e+00 | 35  0.05841  1.47806e+00 | 36  0.02993  9.48346e+00
 37 -0.00466  1.99516e+01 | 38  0.03157  9.89417e+00 | 39  0.00303  2.93171e+00
 40 -0.18584 -1.58265e+00 | 41  0.27858 -1.05854e+00 | 42 -0.04581 -6.72828e-01
 43 -0.17945  3.79886e+00 | 44  0.24863  1.97319e+01 | 45  0.28087 -1.62633e+01
 46  0.27663  2.62096e+01 | 47  0.27552  9.70039e+00 | 48 -0.27124 -1.86808e+01
 49 -0.02130  6.58256e+00 | 50 -0.12029  5.47113e+01 | 51 -0.30663 -3.37901e+01
 52 -0.13955 -7.12028e+01 | 53 -0.24653  3.02073e+01 |
53 variables; iteration 180; function evaluation 229; phase 3
Function value 1.2340934e+02; maximum gradient component mag 4.1563e+00
Var    Value     Gradient |Var    Value     Gradient |Var    Value     Gradient
  1  0.01632  4.15626e+00 |  2 -0.00401 -2.86091e-03 |  3 -0.01471  5.05140e-03
  4  0.02779  3.11082e-02 |  5 -0.01574  1.26904e-02 |  6  0.02174  1.35321e-01
  7 -0.04436 -1.98686e-02 |  8 -0.10041  1.19245e-02 |  9 -0.06912  1.04262e-01
 10 -0.07842 -5.59068e-02 | 11  0.02595 -8.94215e-02 | 12  0.02865 -1.34029e-01
 13  0.07782 -2.85812e-01 | 14  0.01340 -9.27858e-02 | 15 -0.01105 -5.07751e-02
 16  0.06647 -8.37431e-03 | 17  0.03786  4.40922e-02 | 18 -0.03013  1.21244e-01
 19 -0.01022  3.71448e-01 | 20 -0.02013  3.65206e-01 | 21  0.03825  1.10470e-01
 22  0.04191  4.54412e-02 | 23 -0.05312 -3.73195e-02 | 24 -0.03193  3.89607e-02
 25 -0.11138 -3.03407e-02 | 26  0.00195 -1.13411e-01 | 27 -0.01996 -1.90200e-01
 28 -0.01973 -6.29262e-02 | 29  0.05868 -6.69227e-01 | 30  0.00452 -1.46549e-01
 31  0.05807  2.00016e-01 | 32 -0.02252  2.16717e-01 | 33  0.04615  1.40064e-01
 34  0.00113  4.93713e-02 | 35  0.05692  1.84400e-01 | 36  0.02855  7.73780e-02
 37 -0.00772 -3.69901e-02 | 38  0.03218 -1.04072e-01 | 39  0.00500 -9.83299e-02
 40 -0.18398 -8.52894e-02 | 41  0.28837  1.81188e-02 | 42 -0.03972  6.65522e-02
 43 -0.17539  4.48020e-03 | 44  0.24883 -2.36672e-01 | 45  0.26471  3.79836e+00
 46  0.27665 -3.68172e-02 | 47  0.28106  2.58280e-01 | 48 -0.26162 -2.67796e+00
 49  0.00560  1.06841e+00 | 50 -0.18860 -6.52144e-01 | 51 -0.34923 -3.98930e-01
 52 -0.12022  6.68646e-02 | 53 -0.23656 -1.32079e-01 |
53 variables; iteration 200; function evaluation 250; phase 3
Function value 1.2340704e+02; maximum gradient component mag -1.6300e-03
Var    Value     Gradient |Var    Value     Gradient |Var    Value     Gradient
  1  0.01632 -1.63000e-03 |  2 -0.00399 -6.81205e-07 |  3 -0.01472 -5.11287e-06
  4  0.02779 -4.31872e-05 |  5 -0.01573 -3.82876e-05 |  6  0.02174 -1.51978e-04
  7 -0.04435  8.46755e-06 |  8 -0.10041 -4.76386e-06 |  9 -0.06912 -5.77201e-05
 10 -0.07841  2.94042e-05 | 11  0.02598  6.76179e-06 | 12  0.02868 -2.39372e-05
 13  0.07783 -1.43981e-04 | 14  0.01340 -2.89335e-06 | 15 -0.01104  3.13562e-05
 16  0.06648  3.74901e-05 | 17  0.03787  3.66983e-05 | 18 -0.03013  4.17741e-05
 19 -0.01022 -2.02638e-05 | 20 -0.02014 -8.02495e-05 | 21  0.03820  2.60483e-05
 22  0.04190  3.85277e-05 | 23 -0.05318  3.85075e-05 | 24 -0.03203  4.10674e-05
 25 -0.11142  4.00635e-05 | 26  0.00199 -2.47006e-05 | 27 -0.01996  1.00486e-04
 28 -0.01971  7.22756e-05 | 29  0.05870  1.24735e-04 | 30  0.00454  2.63240e-05
 31  0.05806 -5.61682e-05 | 32 -0.02253  3.87614e-05 | 33  0.04616 -5.77372e-05
 34  0.00112 -6.20756e-06 | 35  0.05692 -1.28677e-04 | 36  0.02856 -9.33817e-05
 37 -0.00770  3.27238e-05 | 38  0.03220  3.47768e-05 | 39  0.00503  8.52761e-05
 40 -0.18400  2.81172e-05 | 41  0.28818  2.77874e-06 | 42 -0.03974 -1.15311e-05
 43 -0.17538  2.43700e-05 | 44  0.24884 -9.09343e-05 | 45  0.26525 -5.04967e-05
 46  0.27666 -1.27064e-06 | 47  0.28106 -3.36252e-05 | 48 -0.27795 -6.47908e-04
 49 -0.04071  2.29344e-04 | 50 -0.18514 -4.87263e-05 | 51 -0.34616  7.38643e-05
 52 -0.12022 -1.94396e-04 | 53 -0.23657  1.69697e-04 |

 - final statistics:
53 variables; iteration 203; function evaluation 253
Function value 1.2341e+02; maximum gradient component mag 4.7181e-05
Exit code = 1;  converg criter 1.0000e-04
Var    Value     Gradient |Var    Value     Gradient |Var    Value     Gradient
  1  0.01632 -3.51215e-05 |  2 -0.00399 -2.58799e-08 |  3 -0.01472  1.59900e-07
  4  0.02779  1.33275e-06 |  5 -0.01573  2.84734e-06 |  6  0.02174  7.74707e-06
  7 -0.04435  3.68899e-07 |  8 -0.10041  5.53328e-07 |  9 -0.06912  3.72168e-07
 10 -0.07841  4.38888e-07 | 11  0.02598  1.89143e-07 | 12  0.02868 -3.20943e-08
 13  0.07783 -1.54312e-06 | 14  0.01340  6.50541e-07 | 15 -0.01104  2.16616e-07
 16  0.06648 -3.81102e-07 | 17  0.03787 -3.42266e-07 | 18 -0.03013 -2.33877e-07
 19 -0.01022 -5.96269e-07 | 20 -0.02014 -1.55704e-06 | 21  0.03820  4.63057e-07
 22  0.04190  1.93003e-07 | 23 -0.05318  8.03730e-07 | 24 -0.03203  1.26448e-06
 25 -0.11142  2.86555e-07 | 26  0.00199 -2.30053e-07 | 27 -0.01996 -9.77554e-08
 28 -0.01971  4.90918e-07 | 29  0.05870  6.98704e-07 | 30  0.00454 -1.60192e-06
 31  0.05806 -4.03862e-07 | 32 -0.02253  3.98462e-07 | 33  0.04616 -2.90008e-06
 34  0.00112 -3.29476e-07 | 35  0.05692  1.81156e-07 | 36  0.02856 -1.88816e-06
 37 -0.00770 -4.11986e-06 | 38  0.03220 -2.08692e-06 | 39  0.00503  2.58999e-07
 40 -0.18400  1.13848e-06 | 41  0.28818  1.66103e-06 | 42 -0.03974  9.15009e-07
 43 -0.17538 -6.36553e-06 | 44  0.24884 -1.32968e-07 | 45  0.26525  1.71391e-06
 46  0.27666  1.78850e-06 | 47  0.28106  1.94724e-06 | 48 -0.27795  4.71808e-05
 49 -0.04071 -1.67147e-05 | 50 -0.18514  8.48589e-07 | 51 -0.34616 -1.50020e-06
 52 -0.12022 -6.17179e-06 | 53 -0.23657  5.90272e-06 |
Estimating row 1 out of 53 for hessian
Estimating row 2 out of 53 for hessian
Estimating row 3 out of 53 for hessian
Estimating row 4 out of 53 for hessian
Estimating row 5 out of 53 for hessian
Estimating row 6 out of 53 for hessian
Estimating row 7 out of 53 for hessian
Estimating row 8 out of 53 for hessian
Estimating row 9 out of 53 for hessian
Estimating row 10 out of 53 for hessian
Estimating row 11 out of 53 for hessian
Estimating row 12 out of 53 for hessian
Estimating row 13 out of 53 for hessian
Estimating row 14 out of 53 for hessian
Estimating row 15 out of 53 for hessian
Estimating row 16 out of 53 for hessian
Estimating row 17 out of 53 for hessian
Estimating row 18 out of 53 for hessian
Estimating row 19 out of 53 for hessian
Estimating row 20 out of 53 for hessian
Estimating row 21 out of 53 for hessian
Estimating row 22 out of 53 for hessian
Estimating row 23 out of 53 for hessian
Estimating row 24 out of 53 for hessian
Estimating row 25 out of 53 for hessian
Estimating row 26 out of 53 for hessian
Estimating row 27 out of 53 for hessian
Estimating row 28 out of 53 for hessian
Estimating row 29 out of 53 for hessian
Estimating row 30 out of 53 for hessian
Estimating row 31 out of 53 for hessian
Estimating row 32 out of 53 for hessian
Estimating row 33 out of 53 for hessian
Estimating row 34 out of 53 for hessian
Estimating row 35 out of 53 for hessian
Estimating row 36 out of 53 for hessian
Estimating row 37 out of 53 for hessian
Estimating row 38 out of 53 for hessian
Estimating row 39 out of 53 for hessian
Estimating row 40 out of 53 for hessian
Estimating row 41 out of 53 for hessian
Estimating row 42 out of 53 for hessian
Estimating row 43 out of 53 for hessian
Estimating row 44 out of 53 for hessian
Estimating row 45 out of 53 for hessian
Estimating row 46 out of 53 for hessian
Estimating row 47 out of 53 for hessian
Estimating row 48 out of 53 for hessian
Estimating row 49 out of 53 for hessian
Estimating row 50 out of 53 for hessian
Estimating row 51 out of 53 for hessian
Estimating row 52 out of 53 for hessian
Estimating row 53 out of 53 for hessian
size of file gradfil1.tmp = 0
size of file gradfil2.tmp = 0
size of file varssave.tmp = 0
size of file cmpdiff.tmp = 0
