
Initial statistics: 37 variables; iteration 0; function evaluation 0; phase 1
Function value 5.3165509e+03; maximum gradient component mag 3.1823e+04
Var    Value     Gradient |Var    Value     Gradient |Var    Value     Gradient
  1  0.33333  3.18232e+04 |  2  0.00000 -5.68866e+02 |  3  0.00000 -6.35513e+02
  4  0.00000 -6.16315e+02 |  5  0.00000 -5.66221e+02 |  6  0.00000 -5.88853e+02
  7  0.00000 -5.82209e+02 |  8  0.00000 -6.06514e+02 |  9  0.00000 -5.11902e+02
 10  0.00000 -4.46341e+02 | 11  0.00000 -3.26248e+02 | 12  0.00000 -3.84501e+02
 13  0.00000 -2.35386e+02 | 14  0.00000 -1.63503e+02 | 15  0.00000 -9.49140e+01
 16  0.00000 -2.51724e+01 | 17  0.00000  1.83429e+02 | 18  0.00000  1.27887e+01
 19  0.00000 -3.83134e+01 | 20  0.00000  3.23692e+02 | 21  0.00000 -2.00407e+01
 22  0.00000  2.69715e+02 | 23  0.00000  3.27150e+01 | 24  0.00000 -1.60015e+02
 25  0.00000  3.47481e+02 | 26  0.00000  6.35276e+02 | 27  0.00000  9.77050e+02
 28  0.00000  9.73700e+01 | 29  0.00000  1.04405e+03 | 30  0.00000 -9.88063e+01
 31  0.00000  1.04031e+03 | 32  0.00000  5.25948e+02 | 33  0.00000  6.02185e+02
 34  0.00000  6.40530e+02 | 35  0.00000  1.33923e+02 | 36  0.00000 -1.96831e+02
 37  0.21635  1.46394e+04 |

Intermediate statistics: 37 variables; iteration 20; function evaluation 35; phase 1
Function value 1.9043470e+03; maximum gradient component mag 1.4936e+04
Var    Value     Gradient |Var    Value     Gradient |Var    Value     Gradient
  1  0.07398  1.45335e+04 |  2 -0.06080 -2.12404e+02 |  3 -0.09460 -2.92179e+02
  4  0.01843  4.18497e+00 |  5 -0.26108 -2.92480e+02 |  6 -0.14483 -1.22044e+02
  7 -0.45961 -2.99174e+02 |  8  0.27043 -1.00004e+02 |  9  0.02133 -2.06895e+02
 10 -0.09236 -3.33559e+02 | 11  0.03649 -2.14355e+02 | 12  0.07199 -1.49290e+02
 13  0.13367 -5.25357e+01 | 14  0.01932 -1.84037e+02 | 15 -0.04718 -2.09108e+02
 16  0.06854 -9.26185e+01 | 17  0.09082 -9.81106e+00 | 18  0.16325  7.74043e+00
 19  0.15675 -3.06675e+00 | 20  0.06098 -9.94213e+00 | 21  0.05446 -7.35547e+01
 22 -0.06344 -1.39273e+02 | 23  0.00572 -1.03782e+02 | 24 -0.01732 -1.51769e+02
 25  0.01249 -2.08552e+01 | 26  0.09009  3.68294e+02 | 27  0.06349  8.75702e+02
 28  0.08195  2.50199e+02 | 29 -0.00216  2.08387e+02 | 30  0.11395  1.47987e+02
 31  0.04878  7.75054e+02 | 32  0.04271  5.23878e+02 | 33 -0.00838  6.55918e+02
 34 -0.09074  2.29919e+02 | 35 -0.06699  3.72702e+02 | 36 -0.23161 -1.65493e+02
 37  0.36301  1.49361e+04 |
37 variables; iteration 40; function evaluation 63; phase 1
Function value 4.9017896e+02; maximum gradient component mag -1.7341e+03
Var    Value     Gradient |Var    Value     Gradient |Var    Value     Gradient
  1  0.06219 -1.73411e+03 |  2 -0.07054  7.51302e-01 |  3 -0.01580 -2.22070e+01
  4  0.00536  8.45709e+01 |  5 -0.22548 -7.91854e+01 |  6 -0.11875 -3.60770e+01
  7 -0.03839  5.95686e+01 |  8 -0.01304  1.86806e+00 |  9 -0.00491  3.69462e+01
 10 -0.02612 -2.79765e+01 | 11  0.10120  9.25202e+01 | 12  0.05910  6.40338e+01
 13  0.07423  4.61082e+01 | 14 -0.08189 -6.35088e+01 | 15  0.04832  1.11754e+02
 16 -0.04983 -6.09422e+01 | 17  0.03281  5.40016e+01 | 18  0.09427  3.73795e+01
 19  0.05205 -1.53661e+01 | 20  0.00827  1.00288e+02 | 21  0.01015  6.26701e+01
 22 -0.10882  3.88465e+01 | 23  0.02572  7.16786e+01 | 24 -0.01179  1.27942e+01
 25 -0.01046 -2.47705e+01 | 26  0.06573 -6.72496e+01 | 27  0.00599  1.44601e+02
 28  0.08365 -4.81984e+01 | 29 -0.03513  2.24792e+01 | 30  0.14670  2.41876e+01
 31  0.03316  1.27813e+02 | 32  0.06541  1.46214e+01 | 33  0.00135 -2.92611e+01
 34 -0.04594 -1.43617e+01 | 35  0.00609 -3.46012e+01 | 36 -0.04186  1.74920e+02
 37  0.21032  4.10197e+02 |

 - final statistics:
37 variables; iteration 56; function evaluation 79
Function value 4.3531e+02; maximum gradient component mag 8.9229e+00
Exit code = 1;  converg criter 1.0000e+01
Var    Value     Gradient |Var    Value     Gradient |Var    Value     Gradient
  1  0.08019  8.92287e+00 |  2 -0.02028 -4.09995e+00 |  3  0.05100 -2.94312e+00
  4  0.02311  6.06263e-01 |  5 -0.02392  1.11645e+00 |  6  0.00011  7.48180e-01
  7  0.00558 -5.27012e-01 |  8  0.05744 -8.20029e-01 |  9  0.01848 -4.34443e-01
 10  0.03739 -2.93572e-01 | 11  0.00966 -1.13539e+00 | 12  0.00964 -6.47397e-01
 13  0.04226 -3.06121e-01 | 14 -0.00164 -4.98755e-01 | 15 -0.04768 -1.47057e+00
 16  0.00426 -1.44692e+00 | 17 -0.01366 -1.83601e+00 | 18  0.06640 -1.28225e+00
 19  0.05930 -5.22080e-01 | 20 -0.05651  1.01571e-01 | 21 -0.02460  4.41665e-02
 22 -0.12445  3.89816e-01 | 23 -0.01661  6.82489e-01 | 24 -0.02182  9.43409e-01
 25 -0.01545 -5.94903e-01 | 26  0.04319  3.71669e+00 | 27 -0.03232 -2.11472e-01
 28  0.06947  2.00980e+00 | 29 -0.05171  1.97417e+00 | 30  0.11758  1.75046e-01
 31 -0.00485 -3.08478e-01 | 32  0.04020  2.36281e+00 | 33 -0.01805  3.89052e+00
 34 -0.06567  4.17223e+00 | 35 -0.02038  5.59095e+00 | 36 -0.09547 -1.24125e+00
 37  0.20430  3.04631e+00 |

Initial statistics: 45 variables; iteration 0; function evaluation 0; phase 2
Function value 4.3531447e+02; maximum gradient component mag 2.8319e+03
Var    Value     Gradient |Var    Value     Gradient |Var    Value     Gradient
  1  0.08019  8.92287e+00 |  2  0.00000  1.32495e+01 |  3  0.00000  2.89078e+01
  4  0.00000 -6.64363e+01 |  5 -0.02029 -4.32645e+00 |  6  0.05100 -3.16901e+00
  7  0.02311  3.79797e-01 |  8 -0.02393  8.89998e-01 |  9  0.00010  5.21565e-01
 10  0.00557 -7.53618e-01 | 11  0.05744 -1.04572e+00 | 12  0.01847 -6.60962e-01
 13  0.03738 -5.19797e-01 | 14  0.00966 -1.36198e+00 | 15  0.00963 -8.73986e-01
 16  0.04225 -5.32237e-01 | 17 -0.00164 -7.25369e-01 | 18 -0.04768 -1.69655e+00
 19  0.00426 -1.67353e+00 | 20 -0.01366 -2.06257e+00 | 21  0.06639 -1.50764e+00
 22  0.05929 -7.47713e-01 | 23 -0.05652 -1.24151e-01 | 24 -0.02460 -1.82279e-01
 25 -0.12445  1.67517e-01 | 26 -0.01661  4.55951e-01 | 27 -0.02183  7.16926e-01
 28 -0.01546 -8.21451e-01 | 29  0.04318  3.49060e+00 | 30 -0.03233 -4.37795e-01
 31  0.06947  1.78454e+00 | 32 -0.05172  1.74830e+00 | 33  0.11757 -4.77145e-02
 34 -0.00486 -5.35086e-01 | 35  0.04019  2.13665e+00 | 36 -0.01806  3.66399e+00
 37 -0.06568  3.94681e+00 | 38 -0.02039  5.36445e+00 | 39 -0.09548 -1.46532e+00
 40  0.21635  2.10956e+02 | 41  0.21635  2.83192e+03 | 42  0.20430  3.04631e+00
 43 -0.30909 -2.26243e+03 | 44  0.12819  1.09080e+01 | 45 -0.30909 -2.39769e+03

Intermediate statistics: 45 variables; iteration 20; function evaluation 30; phase 2
Function value 2.5064046e+02; maximum gradient component mag 2.6640e+03
Var    Value     Gradient |Var    Value     Gradient |Var    Value     Gradient
  1  0.06128  2.66397e+03 |  2 -0.07507  2.19392e+00 |  3 -0.10920  4.49865e+00
  4 -0.02371 -5.69996e+00 |  5 -0.05411 -3.81254e+01 |  6  0.00383 -2.64800e+01
  7 -0.04729 -3.50039e+01 |  8 -0.08538 -3.77224e+01 |  9 -0.04805 -3.58557e+01
 10 -0.03913 -3.59727e+01 | 11  0.03347 -2.89727e+01 | 12  0.00977 -2.75507e+01
 13  0.03794 -1.59418e+01 | 14  0.00895 -9.14139e+00 | 15  0.00678 -1.30629e+01
 16  0.04942  3.70718e+00 | 17  0.00757  1.26861e+00 | 18 -0.03055 -8.73083e+00
 19  0.03480  3.67130e+00 | 20  0.00875  3.36009e-01 | 21  0.08733  2.30416e+01
 22  0.07734  1.57758e+01 | 23 -0.03079 -5.97141e+00 | 24 -0.00866  7.49142e+00
 25 -0.09962 -1.35318e+01 | 26  0.00272  3.97399e+00 | 27 -0.02499  1.13870e+01
 28 -0.00829  4.58747e+01 | 29  0.02900  1.30836e+02 | 30 -0.01998  5.11233e+01
 31  0.07733  1.68306e+02 | 32 -0.01087 -4.58032e+01 | 33  0.09051  2.58724e+02
 34  0.00291  1.71796e+01 | 35  0.04488  9.80280e+01 | 36 -0.01266 -3.22765e+00
 37 -0.05251 -5.52981e+01 | 38 -0.00187 -9.41640e+01 | 39 -0.03091 -4.98193e+01
 40  0.23142  1.62094e+03 | 41  0.21445  1.19139e+03 | 42  0.23512  7.32507e+02
 43 -0.24224 -3.76837e+02 | 44  0.11691  1.22223e+02 | 45 -0.26324  1.01978e+03
45 variables; iteration 40; function evaluation 57; phase 2
Function value 2.3460572e+02; maximum gradient component mag 4.1589e+02
Var    Value     Gradient |Var    Value     Gradient |Var    Value     Gradient
  1  0.06157  4.15889e+02 |  2 -0.10006 -3.21922e+00 |  3 -0.10392  1.00866e+01
  4 -0.04369 -1.94753e+01 |  5 -0.04771  1.16986e+01 |  6 -0.00706  2.01824e+00
  7 -0.08414 -3.70261e+01 |  8 -0.08794  4.19968e+00 |  9 -0.04693  2.11392e-01
 10 -0.03672  1.65822e+00 | 11  0.03594  5.09120e+00 | 12 -0.01076 -2.62430e+01
 13  0.03240 -1.40384e+01 | 14 -0.01646 -3.57953e+01 | 15 -0.00671 -1.84118e+00
 16  0.05564  8.24802e+00 | 17  0.00779  2.45106e+00 | 18 -0.02600  4.85279e+00
 19  0.02938 -7.25261e+00 | 20  0.02119  2.74559e+01 | 21  0.08565  3.33519e+00
 22  0.08833  3.19942e+01 | 23 -0.02410  9.41365e+00 | 24 -0.01673 -1.36329e+01
 25 -0.10100 -8.65201e+00 | 26  0.00176 -3.47357e-01 | 27 -0.03408 -7.30283e+00
 28 -0.00118  1.65697e+01 | 29  0.03505  3.85765e+01 | 30 -0.01416  1.63349e+01
 31  0.07862  3.63377e+01 | 32 -0.00063 -3.13946e+00 | 33  0.08474  6.61017e+01
 34  0.00659  5.94998e-02 | 35  0.04772  1.25624e+01 | 36 -0.00607 -1.24988e+01
 37 -0.04410 -2.87542e+01 | 38  0.00951 -4.96442e+01 | 39 -0.00635 -4.17283e+00
 40  0.22527  2.69949e+02 | 41  0.20759  2.38678e+02 | 42  0.22570  1.23828e+02
 43 -0.24031 -1.50317e+00 | 44  0.11046  1.59870e+01 | 45 -0.26724  2.08657e+02

 - final statistics:
45 variables; iteration 59; function evaluation 83
Function value 2.3100e+02; maximum gradient component mag 3.6799e+00
Exit code = 1;  converg criter 1.0000e+01
Var    Value     Gradient |Var    Value     Gradient |Var    Value     Gradient
  1  0.06328  3.67995e+00 |  2 -0.08627 -1.27193e-01 |  3 -0.12483  3.78641e-02
  4 -0.02720 -1.76019e-01 |  5 -0.05917  1.49289e-01 |  6 -0.01005 -8.66695e-03
  7 -0.06059 -6.97295e-03 |  8 -0.09580 -8.53459e-02 |  9 -0.05719  1.50545e-01
 10 -0.04988 -3.34837e-01 | 11  0.02393  2.26398e-01 | 12  0.00267 -2.11329e-01
 13  0.03436 -7.32768e-02 | 14  0.00497 -6.31278e-01 | 15 -0.00127  8.62037e-02
 16  0.04886  6.43557e-02 | 17  0.00567  1.01504e-02 | 18 -0.03011 -1.29613e-01
 19  0.03507 -3.01251e-01 | 20  0.00633  5.20623e-01 | 21  0.08787 -1.04960e-02
 22  0.07578  2.15950e-01 | 23 -0.02865  2.20729e-01 | 24 -0.00845  8.09365e-02
 25 -0.09474  2.10246e-02 | 26  0.00008 -1.31881e-01 | 27 -0.02694  1.66308e-01
 28 -0.00509  2.26717e-02 | 29  0.03238  1.28549e-01 | 30 -0.01509  1.34172e-01
 31  0.07754  1.88728e-01 | 32 -0.00046 -5.60621e-02 | 33  0.08017  4.52001e-01
 34  0.00607  3.43235e-03 | 35  0.04752  9.11308e-02 | 36 -0.00456 -4.63650e-02
 37 -0.04083 -9.92977e-02 | 38  0.01554 -1.39590e-01 | 39  0.00400 -8.62120e-02
 40  0.22325  3.65998e+00 | 41  0.20531  1.83244e+00 | 42  0.22265  1.19832e+00
 43 -0.27145 -3.63769e+00 | 44  0.00385  1.33099e+00 | 45 -0.26857  1.33790e+00

Initial statistics: 49 variables; iteration 0; function evaluation 0; phase 3
Function value 2.3100188e+02; maximum gradient component mag -2.0041e+03
Var    Value     Gradient |Var    Value     Gradient |Var    Value     Gradient
  1  0.06328  3.67995e+00 |  2 -0.08627 -1.27193e-01 |  3 -0.12483  3.78641e-02
  4 -0.02720 -1.76019e-01 |  5 -0.05917  1.32594e-01 |  6 -0.01005 -2.54325e-02
  7 -0.06059 -2.36647e-02 |  8 -0.09580 -1.01924e-01 |  9 -0.05719  1.33845e-01
 10 -0.04988 -3.51553e-01 | 11  0.02393  2.09642e-01 | 12  0.00267 -2.28097e-01
 13  0.03436 -9.00200e-02 | 14  0.00497 -6.48045e-01 | 15 -0.00127  6.94361e-02
 16  0.04886  4.76374e-02 | 17  0.00567 -6.61655e-03 | 18 -0.03011 -1.46362e-01
 19  0.03507 -3.17993e-01 | 20  0.00633  5.03856e-01 | 21  0.08787 -2.71042e-02
 22  0.07578  1.99301e-01 | 23 -0.02865  2.03979e-01 | 24 -0.00845  6.41704e-02
 25 -0.09474  4.44225e-03 | 26  0.00008 -1.48649e-01 | 27 -0.02694  1.49555e-01
 28 -0.00509  5.90458e-03 | 29  0.03238  1.11803e-01 | 30 -0.01509  1.17409e-01
 31  0.07754  1.72085e-01 | 32 -0.00046 -7.28297e-02 | 33  0.08017  4.35366e-01
 34  0.00607 -1.33345e-02 | 35  0.04751  7.44098e-02 | 36 -0.00456 -6.31323e-02
 37 -0.04083 -1.16031e-01 | 38  0.01554 -1.56352e-01 | 39  0.00400 -1.02979e-01
 40  0.22325  3.65998e+00 | 41  0.20531  1.83244e+00 | 42  0.21635 -2.00406e+03
 43  0.22265  1.19832e+00 | 44 -0.27145 -3.63769e+00 | 45  0.00385  1.33099e+00
 46 -0.30909 -1.35721e+03 | 47 -0.43452  1.22210e-03 | 48 -0.26857  1.33790e+00
 49 -0.36199  8.51127e+00 |

Intermediate statistics: 49 variables; iteration 20; function evaluation 28; phase 3
Function value 1.3592587e+02; maximum gradient component mag -5.7981e+03
Var    Value     Gradient |Var    Value     Gradient |Var    Value     Gradient
  1  0.03752 -5.79808e+03 |  2 -0.08511 -2.82505e+01 |  3 -0.12311 -4.66961e+01
  4 -0.01273 -2.27402e+02 |  5 -0.03676 -1.75761e+02 |  6  0.01851 -3.01845e+02
  7 -0.05296 -1.23570e+01 |  8 -0.09348 -3.22785e+00 |  9 -0.05437 -4.87406e+01
 10 -0.05794  6.77024e+01 | 11  0.02644  6.98143e+00 | 12  0.00826 -5.34600e+01
 13  0.05681 -2.43524e+02 | 14 -0.00521 -2.78893e+01 | 15 -0.00429  8.09423e+01
 16  0.05780  4.46115e+01 | 17  0.01698  6.24398e+01 | 18 -0.04242  9.87952e+01
 19  0.00512  1.08104e+02 | 20 -0.00755  1.10135e+02 | 21  0.05723  9.51930e+01
 22  0.04220  8.17176e+01 | 23 -0.05060  7.80160e+01 | 24 -0.02948  6.22770e+01
 25 -0.10529  5.98357e+01 | 26  0.01320 -1.04169e+01 | 27 -0.01011 -2.30834e+01
 28 -0.01788 -1.02654e+02 | 29  0.05696 -2.32397e+02 | 30 -0.00701 -1.00902e+02
 31  0.06634 -3.60268e+01 | 32 -0.02018  3.36638e+01 | 33  0.08206  1.57044e+02
 34  0.00997  1.13385e+02 | 35  0.05128  1.38388e+01 | 36  0.01519  3.64015e+01
 37 -0.02297  1.03531e+01 | 38  0.02291 -2.47101e+01 | 39  0.01267  1.37770e+02
 40  0.24186 -8.64385e+02 | 41  0.25586 -2.22855e+02 | 42  0.26629 -3.49951e+02
 43  0.24924 -2.69642e+02 | 44 -0.27209 -5.32886e+02 | 45 -0.01129  1.67732e+02
 46 -0.27329  9.28410e+02 | 47 -0.44973 -9.07234e+02 | 48 -0.29118  5.09465e+02
 49 -0.44839 -2.42229e+02 |
49 variables; iteration 40; function evaluation 53; phase 3
Function value 1.2543029e+02; maximum gradient component mag -2.2073e+03
Var    Value     Gradient |Var    Value     Gradient |Var    Value     Gradient
  1  0.03709 -2.20725e+03 |  2 -0.12253 -1.66006e+01 |  3 -0.05402  4.03436e+00
  4 -0.00389 -6.36212e+01 |  5 -0.05757 -6.44001e+01 |  6  0.03066 -5.15676e+01
  7 -0.04823  7.14070e+00 |  8 -0.09139  6.54897e+00 |  9 -0.05651 -1.29851e+01
 10 -0.08416  1.06730e+01 | 11  0.03025  5.70299e+00 | 12  0.02408 -3.81155e+00
 13  0.05877 -6.84363e+01 | 14  0.00440 -3.53827e+00 | 15 -0.01818  1.35188e+01
 16  0.06699  1.21468e+01 | 17  0.01454  6.62054e+00 | 18 -0.04121  3.80619e+01
 19  0.01228  5.81907e+01 | 20 -0.01921  2.24506e+01 | 21  0.04862  2.19507e+00
 22  0.04989  5.40351e+01 | 23 -0.04874  4.36904e+01 | 24 -0.02441  3.96526e+01
 25 -0.11245  1.90785e+01 | 26  0.01571  1.35111e+01 | 27 -0.01082 -1.16127e+01
 28 -0.00951 -6.12940e+01 | 29  0.05902 -1.06388e+02 | 30 -0.00419 -6.58269e+01
 31  0.06809 -3.56528e+01 | 32 -0.01552  1.98099e+01 | 33  0.07718  3.73349e+01
 34  0.00890  3.63013e+01 | 35  0.05467 -6.31282e+00 | 36  0.01719 -5.61842e+00
 37 -0.01962 -9.11288e+00 | 38  0.02321 -6.69816e+01 | 39 -0.00595  3.59078e+01
 40  0.24340 -3.72279e+02 | 41  0.25341 -3.05552e+02 | 42  0.26950 -5.52787e+01
 43  0.24936 -1.77839e+02 | 44 -0.27280 -8.20156e+01 | 45 -0.01825  2.69501e+01
 46 -0.27826  5.46197e+02 | 47 -0.45090 -4.75197e+02 | 48 -0.29449 -2.74660e+02
 49 -0.45471  1.27017e+02 |
49 variables; iteration 60; function evaluation 81; phase 3
Function value 1.1987192e+02; maximum gradient component mag -3.1141e+01
Var    Value     Gradient |Var    Value     Gradient |Var    Value     Gradient
  1  0.03716 -3.11414e+01 |  2 -0.07475 -3.49407e-03 |  3 -0.10859  1.27665e-01
  4 -0.00118  4.43698e-01 |  5 -0.02856  7.86563e-01 |  6  0.02037  1.01125e+00
  7 -0.05108  5.66998e-01 |  8 -0.09365  5.34084e-01 |  9 -0.05167  4.34477e-01
 10 -0.06662  4.93141e-01 | 11  0.03586  7.19748e-01 | 12  0.02005  7.66544e-01
 13  0.06096  5.64708e-01 | 14  0.00668  1.57819e-01 | 15 -0.00884 -4.05442e-01
 16  0.06436 -1.58018e+00 | 17  0.01996 -2.15565e+00 | 18 -0.04176 -2.05587e+00
 19 -0.00174  1.74627e-01 | 20 -0.01781  3.00131e-01 | 21  0.05562  3.90284e-01
 22  0.03886  1.58234e-01 | 23 -0.05906  2.87322e-01 | 24 -0.03147 -2.93836e-02
 25 -0.11044 -9.38373e-02 | 26  0.01219 -1.22208e+00 | 27 -0.01337 -7.25984e-01
 28  0.00028 -3.11247e-01 | 29  0.05763 -3.66416e-01 | 30 -0.00289  2.57239e-01
 31  0.06683  4.32122e-01 | 32 -0.01650  5.56031e-01 | 33  0.07081 -3.53308e-01
 34  0.00446  1.68725e-01 | 35  0.05416  7.04247e-01 | 36  0.01723  5.62773e-01
 37 -0.01965 -1.53678e-01 | 38  0.02397 -1.72595e-01 | 39 -0.01571 -1.78534e-01
 40  0.24545 -2.90477e+00 | 41  0.25527 -1.16443e+00 | 42  0.27208 -4.21285e-01
 43  0.25250 -6.43056e-01 | 44 -0.27830 -3.04640e+00 | 45 -0.03818  1.03966e+00
 46 -0.28086 -8.26572e-01 | 47 -0.45087  6.54587e-01 | 48 -0.28871 -5.78969e+00
 49 -0.44332  2.76700e+00 |
49 variables; iteration 80; function evaluation 104; phase 3
Function value 1.1987028e+02; maximum gradient component mag -1.2328e+01
Var    Value     Gradient |Var    Value     Gradient |Var    Value     Gradient
  1  0.03718 -5.13610e+00 |  2 -0.07465  4.80080e-03 |  3 -0.10889 -8.93826e-03
  4 -0.00138  3.75686e-02 |  5 -0.02854  9.08670e-02 |  6  0.02037  1.07909e-01
  7 -0.05116  1.85756e-01 |  8 -0.09369  2.31957e-01 |  9 -0.05164  2.74010e-01
 10 -0.06652  1.53331e-01 | 11  0.03572  2.08725e-01 | 12  0.01988  2.97131e-01
 13  0.06101  5.63330e-01 | 14  0.00664  1.99663e-01 | 15 -0.00873  9.44697e-02
 16  0.06450  1.09424e-01 | 17  0.02011  6.43011e-02 | 18 -0.04114  9.92156e-02
 19 -0.00214  9.12999e-02 | 20 -0.01800  5.21397e-02 | 21  0.05560  1.47280e-01
 22  0.03889  9.57245e-02 | 23 -0.05909  4.03873e-02 | 24 -0.03150 -6.12959e-02
 25 -0.11045 -9.71684e-02 | 26  0.01220 -4.81804e-01 | 27 -0.01334 -3.34342e-01
 28  0.00032 -3.20599e-01 | 29  0.05755 -9.31281e-01 | 30 -0.00292 -2.06329e-01
 31  0.06679 -2.59707e-01 | 32 -0.01655  1.32946e-01 | 33  0.07084 -3.41116e-01
 34  0.00447 -5.68725e-02 | 35  0.05409 -3.24067e-01 | 36  0.01718 -2.28709e-01
 37 -0.01966 -8.04418e-03 | 38  0.02395  1.97780e-01 | 39 -0.01556  2.34635e-01
 40  0.24544  2.01827e-01 | 41  0.25526  3.31902e-02 | 42  0.27209  7.65162e-01
 43  0.25251  8.59173e-01 | 44 -0.27976  1.76392e+00 | 45 -0.04247 -6.00858e-01
 46 -0.28052  1.20567e+00 | 47 -0.45045 -9.65016e-01 | 48 -0.28448 -1.23285e+01
 49 -0.43451  5.92275e+00 |
49 variables; iteration 100; function evaluation 148; phase 3
Function value 1.1301063e+02; maximum gradient component mag -1.3312e+02
Var    Value     Gradient |Var    Value     Gradient |Var    Value     Gradient
  1  0.03658 -1.13154e+02 |  2 -0.07675  4.94761e-03 |  3 -0.11138  7.24547e-02
  4 -0.00133  4.03739e+00 |  5 -0.02708  7.69851e+00 |  6  0.02339  1.29244e+01
  7 -0.05018  6.77895e+00 |  8 -0.09390  4.28497e+00 |  9 -0.04944  8.61673e+00
 10 -0.06822 -1.54536e+00 | 11  0.03169 -6.02011e+00 | 12  0.01978 -5.56267e+00
 13  0.06535 -1.10354e+01 | 14  0.00373 -9.55078e+00 | 15 -0.01057 -9.30949e+00
 16  0.06529 -2.13316e+01 | 17  0.02065 -3.41330e+01 | 18 -0.04248 -3.62912e+01
 19 -0.00064  7.33890e+00 | 20 -0.01468  1.14458e+01 | 21  0.05277 -6.14431e+00
 22  0.03758 -6.52217e+00 | 23 -0.06029 -4.61098e+00 | 24 -0.03333 -1.02683e+01
 25 -0.11062 -5.88374e+00 | 26  0.01325 -1.68308e+01 | 27 -0.00426  3.33962e+01
 28 -0.00745  6.79346e+00 | 29  0.05927  1.39853e+01 | 30 -0.00372 -1.56755e+00
 31  0.06632  2.69220e+00 | 32 -0.02179  6.07031e+00 | 33  0.06788  1.51033e+01
 34  0.00121  9.00674e+00 | 35  0.05383  1.15275e+01 | 36  0.01781  5.50173e+00
 37 -0.01808  4.63906e+00 | 38  0.02651  4.69995e+00 | 39 -0.01017  1.06611e+01
 40  0.24640  1.75345e+01 | 41  0.25627 -1.44191e-01 | 42  0.27255 -4.71366e+01
 43  0.26280 -2.59876e+01 | 44 -0.23331  8.94762e+00 | 45  0.09260  3.53829e+00
 46 -0.24091 -6.12193e+01 | 47 -0.39983  4.99857e+01 | 48 -0.17749 -1.33124e+02
 49 -0.26647  5.81112e+01 |
49 variables; iteration 120; function evaluation 170; phase 3
Function value 1.0912915e+02; maximum gradient component mag -4.7108e+01
Var    Value     Gradient |Var    Value     Gradient |Var    Value     Gradient
  1  0.03533 -4.71076e+01 |  2 -0.07437 -9.51516e-02 |  3 -0.10858 -2.26762e-01
  4 -0.00070 -1.00359e+00 |  5 -0.02550 -5.25599e-01 |  6  0.02490 -1.27101e+00
  7 -0.04970 -1.51467e-01 |  8 -0.09168 -1.05131e-01 |  9 -0.04788 -5.87216e-01
 10 -0.06482  4.27124e-01 | 11  0.03806 -1.24600e-01 | 12  0.02324 -7.50226e-01
 13  0.06658 -3.08462e+00 | 14  0.00304 -4.60863e-01 | 15 -0.01084 -4.47279e-01
 16  0.06564 -2.06523e+00 | 17  0.02279 -3.90605e+00 | 18 -0.03805 -4.22818e+00
 19 -0.00397  1.74717e-01 | 20 -0.01607 -3.72203e-01 | 21  0.05027  1.50420e+00
 22  0.03543  1.51839e+00 | 23 -0.06291  1.43720e+00 | 24 -0.03467  2.51525e+00
 25 -0.11075  2.55031e+00 | 26  0.01894  5.02050e+00 | 27 -0.00990  3.06170e+00
 28 -0.01225 -3.39773e-01 | 29  0.05981 -3.10908e+00 | 30 -0.00340 -2.58595e+00
 31  0.06367  4.37758e-01 | 32 -0.02602  1.05438e+00 | 33  0.05541  1.73483e+00
 34 -0.00685  1.41315e+00 | 35  0.05119  1.51329e+00 | 36  0.01881  5.67682e-01
 37 -0.01425 -1.53387e-03 | 38  0.03039 -8.93798e-01 | 39  0.00078 -3.45692e-02
 40  0.24863  1.65065e+00 | 41  0.26569  5.06067e+00 | 42  0.27653 -1.37133e+00
 43  0.27964  1.25625e-01 | 44 -0.25642  2.52877e+01 | 45  0.02130 -8.25512e+00
 46 -0.18181  5.14442e+00 | 47 -0.34365 -5.62682e+00 | 48 -0.12334 -5.42845e-01
 49 -0.23703  3.67886e-01 |
49 variables; iteration 140; function evaluation 193; phase 3
Function value 1.0911256e+02; maximum gradient component mag 9.4864e+01
Var    Value     Gradient |Var    Value     Gradient |Var    Value     Gradient
  1  0.03533 -1.98701e+01 |  2 -0.07428  1.96084e-02 |  3 -0.10835  1.07151e-02
  4 -0.00053  2.34340e-02 |  5 -0.02549  3.50887e-01 |  6  0.02480  3.30913e-01
  7 -0.04959  3.68695e-01 |  8 -0.09168  3.31633e-01 |  9 -0.04795  3.00433e-01
 10 -0.06486  3.52817e-01 | 11  0.03811  3.35889e-01 | 12  0.02321  2.74609e-01
 13  0.06655  1.11321e-01 | 14  0.00311  3.03370e-01 | 15 -0.01082  3.05937e-01
 16  0.06558  1.69270e-01 | 17  0.02283  7.86519e-02 | 18 -0.03795  1.85850e-02
 19 -0.00403  4.55207e-02 | 20 -0.01616 -6.57140e-02 | 21  0.05049  2.60883e-01
 22  0.03555  2.19526e-01 | 23 -0.06276  1.92131e-01 | 24 -0.03439  2.16095e-02
 25 -0.11080 -2.82683e-04 | 26  0.01856 -6.74072e-01 | 27 -0.00986 -5.87526e-01
 28 -0.01227 -7.30896e-01 | 29  0.05978 -2.03954e+00 | 30 -0.00342 -1.04633e+00
 31  0.06369 -5.17951e-01 | 32 -0.02595  2.96846e-01 | 33  0.05533 -1.75856e-01
 34 -0.00685  2.04957e-01 | 35  0.05116  1.63149e-01 | 36  0.01879  1.89794e-01
 37 -0.01426  2.63549e-01 | 38  0.03034  8.07866e-02 | 39  0.00060  2.75484e-01
 40  0.24860 -3.30421e-01 | 41  0.26443 -5.79000e-01 | 42  0.27655  2.68231e-01
 43  0.27958 -3.09393e-01 | 44 -0.30648  9.48640e+01 | 45 -0.12082 -3.35808e+01
 46 -0.18869  6.93800e-01 | 47 -0.34898 -2.84290e-01 | 48 -0.12364 -1.71534e+00
 49 -0.23720  1.59079e+00 |
  ic > imax  in fminim is answer attained ?
Var    Value     Gradient |Var    Value     Gradient |Var    Value     Gradient
  1  0.03533 -1.00702e+01 |  2 -0.07431  9.45300e-03 |  3 -0.10836 -1.08884e-03
  4 -0.00054 -2.30236e-02 |  5 -0.02549  1.30441e-01 |  6  0.02480  1.10361e-01
  7 -0.04959  1.43729e-01 |  8 -0.09168  1.20201e-01 |  9 -0.04795  8.79038e-02
 10 -0.06486  1.82397e-01 | 11  0.03811  1.91674e-01 | 12  0.02321  1.58414e-01
 13  0.06655  1.06383e-01 | 14  0.00310  9.05864e-02 | 15 -0.01082  9.77215e-02
 16  0.06559 -6.30541e-02 | 17  0.02284 -1.84645e-01 | 18 -0.03796 -2.60870e-01
 19 -0.00403 -1.52005e-01 | 20 -0.01616 -2.47033e-01 | 21  0.05050  1.66665e-01
 22  0.03555  2.01633e-01 | 23 -0.06276  1.73672e-01 | 24 -0.03438  2.25042e-01
 25 -0.11079  2.04410e-01 | 26  0.01857  1.64714e-01 | 27 -0.00986 -1.52389e-01
 28 -0.01227 -5.93468e-01 | 29  0.05977 -1.58091e+00 | 30 -0.00342 -5.35781e-01
 31  0.06370 -2.90911e-01 | 32 -0.02594  2.45424e-01 | 33  0.05533 -1.05556e-01
 34 -0.00684  1.64253e-01 | 35  0.05116  2.11743e-01 | 36  0.01879  2.25871e-01
 37 -0.01426  3.32027e-01 | 38  0.03035  2.31194e-01 | 39  0.00060  1.99422e-01
 40  0.24860 -1.55717e-01 | 41  0.26438 -4.62495e-01 | 42  0.27654  4.18602e-02
 43  0.27958 -2.54858e-01 | 44 -0.30841 -4.66218e+01 | 45 -0.12627  1.64980e+01
 46 -0.18899  6.74675e-01 | 47 -0.34925 -3.16685e-01 | 48 -0.12362 -1.32881e+00
 49 -0.23719  1.18315e+00 |
Function minimizer not making progress ... is minimum attained?
Minimprove criterion = 0.0000e+00

 - final statistics:
49 variables; iteration 143; function evaluation 235
Function value 1.0911e+02; maximum gradient component mag -4.6622e+01
Exit code = 1;  converg criter 1.0000e-04
Var    Value     Gradient |Var    Value     Gradient |Var    Value     Gradient
  1  0.03533 -1.00702e+01 |  2 -0.07431  9.45300e-03 |  3 -0.10836 -1.08884e-03
  4 -0.00054 -2.30236e-02 |  5 -0.02549  1.30441e-01 |  6  0.02480  1.10361e-01
  7 -0.04959  1.43729e-01 |  8 -0.09168  1.20201e-01 |  9 -0.04795  8.79038e-02
 10 -0.06486  1.82397e-01 | 11  0.03811  1.91674e-01 | 12  0.02321  1.58414e-01
 13  0.06655  1.06383e-01 | 14  0.00310  9.05864e-02 | 15 -0.01082  9.77215e-02
 16  0.06559 -6.30541e-02 | 17  0.02284 -1.84645e-01 | 18 -0.03796 -2.60870e-01
 19 -0.00403 -1.52005e-01 | 20 -0.01616 -2.47033e-01 | 21  0.05050  1.66665e-01
 22  0.03555  2.01633e-01 | 23 -0.06276  1.73672e-01 | 24 -0.03438  2.25042e-01
 25 -0.11079  2.04410e-01 | 26  0.01857  1.64714e-01 | 27 -0.00986 -1.52389e-01
 28 -0.01227 -5.93468e-01 | 29  0.05977 -1.58091e+00 | 30 -0.00342 -5.35781e-01
 31  0.06370 -2.90911e-01 | 32 -0.02594  2.45424e-01 | 33  0.05533 -1.05556e-01
 34 -0.00684  1.64253e-01 | 35  0.05116  2.11743e-01 | 36  0.01879  2.25871e-01
 37 -0.01426  3.32027e-01 | 38  0.03035  2.31194e-01 | 39  0.00060  1.99422e-01
 40  0.24860 -1.55717e-01 | 41  0.26438 -4.62495e-01 | 42  0.27654  4.18602e-02
 43  0.27958 -2.54858e-01 | 44 -0.30841 -4.66218e+01 | 45 -0.12627  1.64980e+01
 46 -0.18899  6.74675e-01 | 47 -0.34925 -3.16685e-01 | 48 -0.12362 -1.32881e+00
 49 -0.23719  1.18315e+00 |
Estimating row 1 out of 49 for hessian
Estimating row 2 out of 49 for hessian
Estimating row 3 out of 49 for hessian
Estimating row 4 out of 49 for hessian
Estimating row 5 out of 49 for hessian
Estimating row 6 out of 49 for hessian
Estimating row 7 out of 49 for hessian
Estimating row 8 out of 49 for hessian
Estimating row 9 out of 49 for hessian
Estimating row 10 out of 49 for hessian
Estimating row 11 out of 49 for hessian
Estimating row 12 out of 49 for hessian
Estimating row 13 out of 49 for hessian
Estimating row 14 out of 49 for hessian
Estimating row 15 out of 49 for hessian
Estimating row 16 out of 49 for hessian
Estimating row 17 out of 49 for hessian
Estimating row 18 out of 49 for hessian
Estimating row 19 out of 49 for hessian
Estimating row 20 out of 49 for hessian
Estimating row 21 out of 49 for hessian
Estimating row 22 out of 49 for hessian
Estimating row 23 out of 49 for hessian
Estimating row 24 out of 49 for hessian
Estimating row 25 out of 49 for hessian
Estimating row 26 out of 49 for hessian
Estimating row 27 out of 49 for hessian
Estimating row 28 out of 49 for hessian
Estimating row 29 out of 49 for hessian
Estimating row 30 out of 49 for hessian
Estimating row 31 out of 49 for hessian
Estimating row 32 out of 49 for hessian
Estimating row 33 out of 49 for hessian
Estimating row 34 out of 49 for hessian
Estimating row 35 out of 49 for hessian
Estimating row 36 out of 49 for hessian
Estimating row 37 out of 49 for hessian
Estimating row 38 out of 49 for hessian
Estimating row 39 out of 49 for hessian
Estimating row 40 out of 49 for hessian
Estimating row 41 out of 49 for hessian
Estimating row 42 out of 49 for hessian
Estimating row 43 out of 49 for hessian
Estimating row 44 out of 49 for hessian
Estimating row 45 out of 49 for hessian
Estimating row 46 out of 49 for hessian
Estimating row 47 out of 49 for hessian
Estimating row 48 out of 49 for hessian
Estimating row 49 out of 49 for hessian
size of file gradfil1.tmp = 0
size of file gradfil2.tmp = 0
size of file varssave.tmp = 0
size of file cmpdiff.tmp = 0
