
Initial statistics: 31 variables; iteration 0; function evaluation 0; phase 1
Function value 4.2174789e+03; maximum gradient component mag 2.3660e+04
Var    Value     Gradient |Var    Value     Gradient |Var    Value     Gradient
  1  0.33333  2.36602e+04 |  2  0.00000 -4.20706e+02 |  3  0.00000 -4.90332e+02
  4  0.00000 -4.76154e+02 |  5  0.00000 -4.24331e+02 |  6  0.00000 -4.48419e+02
  7  0.00000 -4.44345e+02 |  8  0.00000 -4.80149e+02 |  9  0.00000 -3.87957e+02
 10  0.00000 -3.25641e+02 | 11  0.00000 -2.09570e+02 | 12  0.00000 -2.80615e+02
 13  0.00000 -1.32218e+02 | 14  0.00000 -7.80566e+01 | 15  0.00000 -2.89000e+00
 16  0.00000  6.36373e+01 | 17  0.00000  2.77552e+02 | 18  0.00000  1.09778e+02
 19  0.00000  2.25748e+01 | 20  0.00000  4.35669e+02 | 21  0.00000  4.89581e+01
 22  0.00000  3.48007e+02 | 23  0.00000  1.29916e+02 | 24  0.00000 -1.08437e+02
 25  0.00000  3.82291e+02 | 26  0.00000  6.07992e+02 | 27  0.00000  1.13005e+03
 28  0.00000 -1.07189e+02 | 29  0.00000  1.09541e+03 | 30  0.00000 -4.11478e+02
 31  0.00000  5.76653e+02 |

Intermediate statistics: 31 variables; iteration 20; function evaluation 34; phase 1
Function value 1.1835546e+03; maximum gradient component mag 9.5748e+03
Var    Value     Gradient |Var    Value     Gradient |Var    Value     Gradient
  1  0.08434  9.57477e+03 |  2 -0.08813  2.56666e+02 |  3 -0.13549  1.56520e+02
  4 -0.28972  9.53503e+01 |  5 -0.15044  4.07444e+02 |  6 -0.18923  4.13644e+02
  7 -1.13321 -4.98193e+00 |  8 -0.14005  2.44000e+02 |  9 -0.24278  1.58790e+02
 10  0.14330  4.37535e+02 | 11  0.07815  3.36127e+02 | 12  0.20985  5.53552e+02
 13  0.07046  3.09255e+02 | 14  0.03593  3.55180e+02 | 15 -0.02732  3.23160e+02
 16  0.04843  3.74918e+02 | 17  0.20160  8.27117e+02 | 18  0.14704  5.03451e+02
 19  0.02909  2.17164e+02 | 20  0.08433  5.86957e+02 | 21  0.11793  5.65505e+02
 22  0.07123  6.71642e+02 | 23 -0.09710  2.44453e+02 | 24 -0.13640  1.71259e+02
 25  0.16554  8.14173e+02 | 26  0.15714  5.90193e+02 | 27  0.16474  1.13176e+03
 28  0.22635  7.31854e+02 | 29  0.15149  8.49978e+02 | 30  0.24128  5.86287e+02
 31  0.12151  6.59387e+02 |
31 variables; iteration 40; function evaluation 64; phase 1
Function value 4.4957554e+02; maximum gradient component mag -7.1603e+02
Var    Value     Gradient |Var    Value     Gradient |Var    Value     Gradient
  1  0.03270 -7.16032e+02 |  2 -0.01426  9.40504e+00 |  3  0.01482 -2.34981e+01
  4 -0.05757 -3.08720e+01 |  5 -0.12355 -1.32727e+01 |  6 -0.12662  2.39687e+01
  7 -1.04220  1.83084e+01 |  8 -0.04601 -2.40322e+01 |  9 -0.06210 -4.17629e+01
 10  0.08567  1.81161e+01 | 11  0.08881  2.47558e+01 | 12  0.06921  1.84256e+01
 13  0.10491  1.37522e+01 | 14  0.07124  1.88504e+01 | 15  0.01486  1.73402e+01
 16  0.06128  1.72438e+01 | 17  0.05134  1.85682e+01 | 18  0.12617  2.17033e+01
 19  0.13187  1.89209e+01 | 20  0.01404  1.55138e+01 | 21  0.03976  1.61779e+01
 22 -0.05426  1.44963e+01 | 23  0.03077  1.81468e+01 | 24  0.01774  1.45399e+01
 25  0.04269  2.73503e+01 | 26  0.09812 -2.17649e+01 | 27  0.02372  2.35111e+01
 28  0.11387  6.82501e+01 | 29 -0.01311  1.91635e+01 | 30  0.06157  2.31426e+01
 31 -0.12696  1.42540e+01 |
31 variables; iteration 60; function evaluation 84; phase 1
Function value 3.4169985e+02; maximum gradient component mag -6.0960e+01
Var    Value     Gradient |Var    Value     Gradient |Var    Value     Gradient
  1  0.05999 -6.09598e+01 |  2 -0.01809 -1.17530e+00 |  3  0.05788  6.14077e+00
  4  0.03141  6.13714e+00 |  5 -0.02172  4.65988e+00 |  6 -0.01782 -1.26814e+01
  7 -1.99905 -3.31831e+00 |  8  0.05378 -2.02759e-01 |  9  0.01646 -2.93511e+00
 10  0.04443  3.28390e+00 | 11  0.02819  7.03067e-02 | 12  0.02583  6.43608e+00
 13  0.05545  2.64823e+00 | 14  0.01905  3.35805e+00 | 15 -0.03520  2.42991e+00
 16  0.00930  1.96318e+00 | 17 -0.00246  1.92018e-01 | 18  0.06975 -7.12934e-01
 19  0.07796  2.06645e+00 | 20 -0.03885 -2.52465e+00 | 21 -0.00965  5.72499e+00
 22 -0.10998 -7.93911e+00 | 23 -0.02416 -2.81628e+00 | 24 -0.03081  3.82999e+00
 25 -0.01429  4.98361e+00 | 26  0.04663  1.05878e+00 | 27 -0.03148 -6.59651e+00
 28  0.05400 -1.23364e+01 | 29 -0.07004 -5.27046e+00 | 30  0.01062  8.09228e+00
 31 -0.17709  8.46200e+00 |

 - final statistics:
31 variables; iteration 66; function evaluation 90
Function value 3.4145e+02; maximum gradient component mag -6.1389e+00
Exit code = 1;  converg criter 1.0000e+01
Var    Value     Gradient |Var    Value     Gradient |Var    Value     Gradient
  1  0.06014 -6.13892e+00 |  2 -0.01752 -8.91820e-01 |  3  0.04744 -4.68784e+00
  4  0.02495  4.72448e-01 |  5 -0.02416  5.28032e-01 |  6 -0.00554 -3.41678e+00
  7 -2.00226  1.78823e-01 |  8  0.05833 -6.46892e-01 |  9  0.02190 -1.13882e+00
 10  0.04305 -5.52008e-01 | 11  0.02812 -2.85821e-01 | 12  0.02052 -8.58050e-01
 13  0.05444 -3.60635e-01 | 14  0.01768 -5.64125e-01 | 15 -0.03616 -3.03892e-01
 16  0.00879 -3.32572e-01 | 17 -0.00200 -3.87553e-01 | 18  0.07059  8.10770e-03
 19  0.07730 -5.68324e-01 | 20 -0.03614  4.51124e-01 | 21 -0.01144 -5.78460e-01
 22 -0.10254  1.02122e+00 | 23 -0.02315 -8.81879e-02 | 24 -0.03251 -6.15695e-01
 25 -0.01573 -4.96438e-01 | 26  0.04694 -4.18435e-01 | 27 -0.03031  1.23756e+00
 28  0.05530  1.82892e+00 | 29 -0.06868  1.05223e+00 | 30  0.00726 -1.35542e+00
 31 -0.18173 -9.40678e-01 |

Initial statistics: 38 variables; iteration 0; function evaluation 0; phase 2
Function value 3.4144806e+02; maximum gradient component mag -1.6904e+03
Var    Value     Gradient |Var    Value     Gradient |Var    Value     Gradient
  1  0.06014 -6.13892e+00 |  2  0.00000  1.13841e+01 |  3  0.00000  2.56627e+01
  4  0.00000 -7.00117e+01 |  5 -0.01751 -4.55139e-01 |  6  0.04745 -4.25220e+00
  7  0.02497  9.08960e-01 |  8 -0.02415  9.64565e-01 |  9 -0.00553 -2.97995e+00
 10  0.00227  2.58022e-01 | 11  0.05834 -2.11877e-01 | 12  0.02191 -7.02235e-01
 13  0.04306 -1.16159e-01 | 14  0.02813  1.50600e-01 | 15  0.02053 -4.21429e-01
 16  0.05445  7.46158e-02 | 17  0.01769 -1.27446e-01 | 18 -0.03615  1.32251e-01
 19  0.00881  1.04234e-01 | 20 -0.00199  4.92918e-02 | 21  0.07060  4.42271e-01
 22  0.07731 -1.34692e-01 | 23 -0.03613  8.87269e-01 | 24 -0.01143 -1.41683e-01
 25 -0.10253  1.45242e+00 | 26 -0.02314  3.48371e-01 | 27 -0.03250 -1.79417e-01
 28 -0.01572 -5.97236e-02 | 29  0.04695  1.72253e-02 | 30 -0.03030  1.67392e+00
 31  0.05531  2.26411e+00 | 32 -0.06867  1.48654e+00 | 33  0.00727 -9.18601e-01
 34 -0.18171 -5.21511e-01 | 35  0.21635 -4.52696e+02 | 36  0.21635  4.89364e+02
 37 -0.30909 -1.69042e+03 | 38 -0.43452  2.51700e-03 |

Intermediate statistics: 38 variables; iteration 20; function evaluation 31; phase 2
Function value 3.2608520e+02; maximum gradient component mag -1.6726e+02
Var    Value     Gradient |Var    Value     Gradient |Var    Value     Gradient
  1  0.05966 -1.29744e+02 |  2 -0.04008 -5.63407e-01 |  3 -0.04756  1.88214e+00
  4  0.08464 -4.40172e+00 |  5  0.00689 -4.04443e+00 |  6  0.06433  1.98296e-01
  7  0.03611  3.23171e-01 |  8 -0.01611  1.65769e-01 |  9  0.00225 -2.47924e-02
 10  0.00486 -1.77376e-01 | 11  0.05742 -1.90959e-01 | 12  0.01922 -6.52048e-02
 13  0.03666  2.47784e-01 | 14  0.01814  7.21528e-02 | 15  0.01190  8.66396e-01
 16  0.04413 -1.42108e-02 | 17  0.00947 -1.60952e-02 | 18 -0.04292  3.94852e-01
 19  0.00736  1.18307e+00 | 20 -0.00770  7.30481e-01 | 21  0.06295 -8.04766e-01
 22  0.06908 -1.44602e+00 | 23 -0.04278 -3.24093e-01 | 24 -0.01954 -1.75782e-04
 25 -0.10924  4.89590e-01 | 26 -0.02293  7.66040e-01 | 27 -0.04142 -1.84308e+00
 28 -0.03094 -4.98190e+00 | 29  0.02349 -1.56565e+01 | 30 -0.03328 -1.75893e+01
 31  0.05048 -4.33492e+01 | 32 -0.04436 -4.73106e+00 | 33  0.01121  6.75427e+00
 34 -0.12783 -2.90322e+00 | 35  0.22105 -9.07946e-01 | 36  0.20886 -1.66704e+02
 37 -0.30153 -1.67257e+02 | 38 -0.44155  2.87245e+01 |
38 variables; iteration 40; function evaluation 62; phase 2
Function value 3.2560729e+02; maximum gradient component mag 3.8423e+01
Var    Value     Gradient |Var    Value     Gradient |Var    Value     Gradient
  1  0.05919  2.69702e+00 |  2 -0.03622  4.02443e-02 |  3 -0.05149  8.77848e-02
  4  0.09228  3.07937e-02 |  5  0.01352 -1.59867e-01 |  6  0.06448 -3.71452e-01
  7  0.03525  7.15742e-02 |  8 -0.01765  1.15013e-03 |  9  0.00033 -1.84524e-01
 10  0.00293 -4.38051e-02 | 11  0.05591 -1.00438e-01 | 12  0.01789 -1.96677e-01
 13  0.03600  7.03301e-02 | 14  0.01796  5.16808e-01 | 15  0.01005 -3.80985e-01
 16  0.04413  5.74057e-03 | 17  0.00966 -1.76521e-02 | 18 -0.04330 -1.48782e-01
 19  0.00722 -9.35332e-02 | 20 -0.00776 -3.47051e-02 | 21  0.06361 -1.74145e-02
 22  0.06990 -8.79265e-02 | 23 -0.04254 -1.99599e-01 | 24 -0.01945  4.19286e-05
 25 -0.10936  2.15873e-01 | 26 -0.02280  7.64113e-02 | 27 -0.04165 -2.91435e-01
 28 -0.03123  1.44508e-01 | 29  0.02196  4.24308e-01 | 30 -0.03187  6.04065e-01
 31  0.05265 -1.47106e+00 | 32 -0.04043 -3.22351e-01 | 33  0.00809  1.01089e-01
 34 -0.12448 -9.63832e-01 | 35  0.22130 -1.37277e+00 | 36  0.21270 -1.05073e+01
 37 -0.30057  3.84235e+01 | 38 -0.44090 -7.33173e+00 |

 - final statistics:
38 variables; iteration 43; function evaluation 67
Function value 3.2561e+02; maximum gradient component mag 3.6530e+00
Exit code = 1;  converg criter 1.0000e+01
Var    Value     Gradient |Var    Value     Gradient |Var    Value     Gradient
  1  0.05909  5.63045e-01 |  2 -0.03641 -3.45225e-03 |  3 -0.05179 -7.08036e-03
  4  0.09255  3.59618e-01 |  5  0.01322 -3.99621e-01 |  6  0.06467  6.17196e-02
  7  0.03509  1.24400e-01 |  8 -0.01798 -7.94651e-02 |  9  0.00012 -1.43693e-01
 10  0.00293  2.40542e-01 | 11  0.05562 -2.95120e-01 | 12  0.01804  9.67047e-02
 13  0.03624  4.06509e-01 | 14  0.01753 -3.58521e-02 | 15  0.01013 -9.88864e-02
 16  0.04411 -1.88980e-02 | 17  0.00975  7.21267e-02 | 18 -0.04267  6.30828e-01
 19  0.00732 -5.70687e-02 | 20 -0.00772 -2.85017e-02 | 21  0.06367  2.38249e-03
 22  0.06999  2.97237e-03 | 23 -0.04240 -1.76136e-02 | 24 -0.01948 -4.17530e-02
 25 -0.10962 -1.41186e-01 | 26 -0.02262  3.76583e-02 | 27 -0.04138  1.49465e-02
 28 -0.03112  4.24830e-02 | 29  0.02222  2.14125e-01 | 30 -0.03188 -3.08334e-02
 31  0.05277  2.32082e-02 | 32 -0.04061 -2.01151e-01 | 33  0.00807 -1.61059e-02
 34 -0.12491 -4.04872e-01 | 35  0.22135 -2.51074e-03 | 36  0.21292  5.95207e-03
 37 -0.30059  3.65303e+00 | 38 -0.44069 -6.94563e-01 |

Initial statistics: 43 variables; iteration 0; function evaluation 0; phase 3
Function value 3.2560527e+02; maximum gradient component mag -1.9910e+03
Var    Value     Gradient |Var    Value     Gradient |Var    Value     Gradient
  1  0.05909  5.63045e-01 |  2 -0.03641 -3.45225e-03 |  3 -0.05179 -7.08036e-03
  4  0.09255  3.59618e-01 |  5  0.01322 -3.97991e-01 |  6  0.06467  6.33413e-02
  7  0.03509  1.26028e-01 |  8 -0.01798 -7.78356e-02 |  9  0.00012 -1.42062e-01
 10  0.00293  2.42172e-01 | 11  0.05562 -2.93496e-01 | 12  0.01804  9.83342e-02
 13  0.03624  4.08137e-01 | 14  0.01753 -3.42226e-02 | 15  0.01013 -9.72565e-02
 16  0.04411 -1.72718e-02 | 17  0.00975  7.37566e-02 | 18 -0.04267  6.32454e-01
 19  0.00732 -5.54387e-02 | 20 -0.00772 -2.68716e-02 | 21  0.06367  4.00450e-03
 22  0.06999  4.59269e-03 | 23 -0.04240 -1.59871e-02 | 24 -0.01948 -4.01236e-02
 25 -0.10962 -1.39580e-01 | 26 -0.02261  3.92874e-02 | 27 -0.04138  1.65732e-02
 28 -0.03112  4.41112e-02 | 29  0.02222  2.15754e-01 | 30 -0.03188 -2.92052e-02
 31  0.05277  2.48328e-02 | 32 -0.04061 -1.99524e-01 | 33  0.00807 -1.44759e-02
 34 -0.12491 -4.03273e-01 | 35  0.22135 -2.51074e-03 | 36  0.21635  1.39078e+03
 37  0.21292  5.95207e-03 | 38 -0.30909  9.37503e-01 | 39 -0.36199  1.54637e+00
 40 -0.30909 -1.99097e+03 | 41 -0.43452 -9.21638e-04 | 42 -0.30059  3.65303e+00
 43 -0.44069 -6.94563e-01 |

Intermediate statistics: 43 variables; iteration 20; function evaluation 30; phase 3
Function value 2.7732880e+02; maximum gradient component mag -4.3336e+02
Var    Value     Gradient |Var    Value     Gradient |Var    Value     Gradient
  1  0.07771  2.86130e+01 |  2 -0.03979 -1.76276e-01 |  3 -0.05790 -4.04968e-01
  4  0.08245  1.53624e-01 |  5  0.00625  4.03954e-01 |  6  0.05630 -5.96014e-01
  7  0.02958 -6.75883e-01 |  8 -0.02266 -9.44937e-01 |  9 -0.00523 -1.20672e+00
 10 -0.00036 -5.03607e-01 | 11  0.05047  2.23761e-01 | 12  0.01136 -1.52171e-01
 13  0.02670 -3.41390e+00 | 14  0.01292 -5.17331e+00 | 15  0.00902 -1.70097e+00
 16  0.03663 -9.25895e+00 | 17 -0.00283 -7.89369e+00 | 18 -0.05668 -3.67700e+00
 19 -0.01592  2.24826e+00 | 20 -0.02761 -9.27780e+00 | 21  0.05448  4.45803e+00
 22  0.06029  1.35929e+00 | 23 -0.02915  3.04356e-01 | 24 -0.02253  3.67937e+00
 25 -0.10143  2.00217e+00 | 26 -0.01572  4.08948e+00 | 27 -0.05361 -2.04566e+00
 28 -0.04301  5.79094e+00 | 29  0.03368  8.94049e+00 | 30 -0.02004 -4.78106e+00
 31  0.07238  1.99467e+01 | 32 -0.02554  3.21134e+00 | 33  0.05537 -3.36240e+01
 34 -0.07316  3.47858e+01 | 35  0.20831 -4.33356e+02 | 36  0.21597  4.17250e+02
 37  0.19344 -1.77159e+01 | 38 -0.31753  5.48067e-01 | 39 -0.37815  1.08661e+00
 40 -0.26390  6.17070e+01 | 41 -0.43097 -5.10102e+01 | 42 -0.30753 -1.22851e+02
 43 -0.47458  1.57610e+01 |
43 variables; iteration 40; function evaluation 54; phase 3
Function value 2.7575974e+02; maximum gradient component mag -1.8327e+01
Var    Value     Gradient |Var    Value     Gradient |Var    Value     Gradient
  1  0.07664 -6.98151e+00 |  2 -0.04155 -5.74775e-01 |  3 -0.05934 -8.36515e-01
  4  0.08018 -3.16262e+00 |  5  0.00804  1.73610e+00 |  6  0.06209  3.95598e+00
  7  0.03306  8.28003e-01 |  8 -0.02188 -2.09659e+00 |  9 -0.00374 -8.60475e-01
 10  0.00187  1.36161e+00 | 11  0.05013  6.32322e-01 | 12  0.00898 -1.09148e+00
 13  0.02556 -1.39035e+00 | 14  0.01530  3.99425e+00 | 15  0.00674 -8.02822e-01
 16  0.03432 -5.05762e+00 | 17 -0.00079  2.16603e-02 | 18 -0.05188  2.74773e+00
 19 -0.01027  4.59348e+00 | 20 -0.02549 -2.77552e+00 | 21  0.05376 -9.91642e-01
 22  0.06023 -3.85941e-01 | 23 -0.03034  2.50093e-01 | 24 -0.02231  7.74185e-02
 25 -0.10092  6.66976e-01 | 26 -0.01692  2.33835e-01 | 27 -0.05407 -4.15391e+00
 28 -0.04272  1.16501e-01 | 29  0.03467 -6.96662e-01 | 30 -0.02055  3.61073e-01
 31  0.06938 -1.35525e+00 | 32 -0.03010  6.52088e-01 | 33  0.05380 -2.49833e+00
 34 -0.08628  1.90597e+00 | 35  0.21113  3.84923e+00 | 36  0.21286 -1.14371e+01
 37  0.19476  2.96352e+00 | 38 -0.27064  1.83048e-02 | 39 -0.42931  5.04005e-02
 40 -0.26943  1.23463e+00 | 41 -0.43378 -9.28639e-01 | 42 -0.30677 -1.83267e+01
 43 -0.46718  2.19044e+00 |

 - final statistics:
43 variables; iteration 50; function evaluation 70
Function value 2.7570e+02; maximum gradient component mag 3.1033e-01
Exit code = 1;  converg criter 1.0000e+00
Var    Value     Gradient |Var    Value     Gradient |Var    Value     Gradient
  1  0.07658  2.38776e-02 |  2 -0.03884 -1.41934e-04 |  3 -0.05622  2.39250e-04
  4  0.08298  4.51420e-05 |  5  0.00633 -2.44458e-05 |  6  0.05767 -2.42989e-03
  7  0.03119 -4.03107e-04 |  8 -0.02074  8.17502e-04 |  9 -0.00331  5.72187e-06
 10  0.00033 -1.07619e-03 | 11  0.04965 -1.01682e-03 | 12  0.01027  1.38306e-03
 13  0.02701 -5.84704e-04 | 14  0.01279 -1.47684e-03 | 15  0.00751 -3.18300e-04
 16  0.03774  2.36504e-03 | 17 -0.00057 -1.24522e-03 | 18 -0.05393 -1.94409e-03
 19 -0.01292 -6.36971e-04 | 20 -0.02353  1.95404e-03 | 21  0.05441 -1.04065e-04
 22  0.06061  7.19146e-05 | 23 -0.03025  6.29752e-04 | 24 -0.02218  2.14970e-04
 25 -0.10117  5.50029e-04 | 26 -0.01650  4.97805e-04 | 27 -0.05090  1.47511e-03
 28 -0.04246 -2.19824e-03 | 29  0.03513  4.23689e-03 | 30 -0.02021 -1.22387e-03
 31  0.06981  5.06832e-03 | 32 -0.03001 -5.69059e-03 | 33  0.05439  1.59297e-02
 34 -0.08649 -1.45574e-02 | 35  0.21102 -1.55053e-02 | 36  0.21293  4.64754e-03
 37  0.19458 -1.10597e-02 | 38 -0.19588  7.88309e-05 | 39 -0.46606  7.97295e-04
 40 -0.26929  1.06380e-02 | 41 -0.43367  5.98928e-03 | 42 -0.30674  3.10326e-01
 43 -0.46673 -3.98036e-02 |

Initial statistics: 44 variables; iteration 0; function evaluation 0; phase 4
Function value 2.7570341e+02; maximum gradient component mag -3.0647e+02
Var    Value     Gradient |Var    Value     Gradient |Var    Value     Gradient
  1  0.07658  2.38776e-02 |  2 -0.03884 -1.41934e-04 |  3 -0.05622  2.39250e-04
  4  0.08298  4.51420e-05 |  5  0.00633 -3.15954e-05 |  6  0.05767 -2.43701e-03
  7  0.03119 -4.10248e-04 |  8 -0.02074  8.10356e-04 |  9 -0.00331 -1.42791e-06
 10  0.00033 -1.08334e-03 | 11  0.04965 -1.02395e-03 | 12  0.01027  1.37591e-03
 13  0.02701 -5.91848e-04 | 14  0.01279 -1.48399e-03 | 15  0.00751 -3.25450e-04
 16  0.03774  2.35790e-03 | 17 -0.00057 -1.25237e-03 | 18 -0.05393 -1.95122e-03
 19 -0.01292 -6.44119e-04 | 20 -0.02353  1.94690e-03 | 21  0.05441 -1.11189e-04
 22  0.06061  6.47971e-05 | 23 -0.03025  6.22610e-04 | 24 -0.02218  2.07825e-04
 25 -0.10117  5.42969e-04 | 26 -0.01650  4.90657e-04 | 27 -0.05090  1.46798e-03
 28 -0.04246 -2.20537e-03 | 29  0.03513  4.22975e-03 | 30 -0.02021 -1.23102e-03
 31  0.06981  5.06122e-03 | 32 -0.03001 -5.69774e-03 | 33  0.05439  1.59226e-02
 34 -0.08649 -1.45645e-02 | 35  0.21102 -1.55053e-02 | 36  0.21293  4.64754e-03
 37  0.21635 -3.06469e+02 | 38  0.19458 -1.10597e-02 | 39 -0.19588  7.88309e-05
 40 -0.46606  7.97295e-04 | 41 -0.26929  1.06380e-02 | 42 -0.43367  5.98928e-03
 43 -0.30674  3.10326e-01 | 44 -0.46673 -3.98036e-02 |

Intermediate statistics: 44 variables; iteration 20; function evaluation 26; phase 4
Function value 2.7305528e+02; maximum gradient component mag -7.8332e+02
Var    Value     Gradient |Var    Value     Gradient |Var    Value     Gradient
  1  0.05272 -7.83323e+02 |  2 -0.03439  2.90551e-01 |  3 -0.04809  7.12621e-01
  4  0.09319 -2.32330e+00 |  5  0.01480  1.36206e+01 |  6  0.06766  1.37369e+01
  7  0.03903  1.58133e+01 |  8 -0.01330  1.62650e+01 |  9  0.00469  1.59157e+01
 10  0.00586  1.60564e+01 | 11  0.05559  1.23299e+01 | 12  0.01649  1.07088e+01
 13  0.03541  8.59953e+00 | 14  0.01619  8.07791e+00 | 15  0.00775  1.09173e+01
 16  0.04248  3.81211e+00 | 17  0.00697  2.56050e+00 | 18 -0.05151  6.54189e+00
 19 -0.01552 -2.35588e+00 | 20 -0.03126 -6.00882e+00 | 21  0.04952 -1.24101e+00
 22  0.05156 -7.18988e+00 | 23 -0.04063  5.17944e-01 | 24 -0.02709  2.59521e+00
 25 -0.10782  5.04633e+00 | 26 -0.01738 -1.37845e+01 | 27 -0.04628  4.00719e+00
 28 -0.04290 -1.25440e+01 | 29  0.03630 -6.21250e+01 | 30 -0.02195 -1.85620e+01
 31  0.06179 -2.34366e+01 | 32 -0.03640  2.33339e+00 | 33  0.03802  1.35314e+01
 34 -0.09750  1.11071e+01 | 35  0.22454 -2.84136e+02 | 36  0.22801 -3.31295e+02
 37  0.23349 -3.55036e+02 | 38  0.21063 -1.21265e+02 | 39 -0.19588  3.85239e-04
 40 -0.46607  1.82944e-03 | 41 -0.24082  7.81907e+01 | 42 -0.40259 -6.11795e+01
 43 -0.30613 -1.79214e+02 | 44 -0.47013  3.21125e+01 |
44 variables; iteration 40; function evaluation 56; phase 4
Function value 2.7099436e+02; maximum gradient component mag 1.0590e+02
Var    Value     Gradient |Var    Value     Gradient |Var    Value     Gradient
  1  0.04935 -8.33868e+00 |  2 -0.03684 -3.95858e-01 |  3 -0.05096 -4.92936e-01
  4  0.09796  4.33241e-01 |  5  0.01738 -9.45033e-02 |  6  0.06494 -3.82741e+00
  7  0.03546 -1.43871e-01 |  8 -0.01805 -3.00684e-01 |  9  0.00071 -1.62251e-02
 10 -0.00021 -2.96853e+00 | 11  0.05979  7.86097e-01 | 12  0.02273 -1.96549e-01
 13  0.04240  1.08460e+00 | 14  0.01966 -4.01690e-01 | 15  0.01048 -3.83118e-01
 16  0.04389 -3.76075e+00 | 17  0.01279  1.86234e+00 | 18 -0.04980  1.86444e-01
 19 -0.01607 -7.65695e-01 | 20 -0.03182  2.80183e-01 | 21  0.04855  3.92110e-01
 22  0.05068 -6.48451e-01 | 23 -0.04224  8.83626e-01 | 24 -0.02994 -2.46584e+00
 25 -0.11005 -6.37877e-01 | 26 -0.01378 -9.11331e-01 | 27 -0.04451 -2.68441e+00
 28 -0.04059  1.57682e-01 | 29  0.03875  1.31893e-01 | 30 -0.02002  9.14856e-01
 31  0.06009  2.68087e+00 | 32 -0.03962 -3.62333e+00 | 33  0.03088  2.56379e+00
 34 -0.10348 -3.43499e-01 | 35  0.22790 -1.49638e+01 | 36  0.23284 -1.64129e+01
 37  0.24205  6.81359e+00 | 38  0.21612 -7.29371e-01 | 39 -0.19551  4.33694e-05
 40 -0.46592  6.29953e-04 | 41 -0.24756  1.41341e+01 | 42 -0.41011 -1.08261e+01
 43 -0.30620  1.05900e+02 | 44 -0.47156 -2.02935e+01 |

 - final statistics:
44 variables; iteration 54; function evaluation 77
Function value 2.7095e+02; maximum gradient component mag 8.7545e-01
Exit code = 1;  converg criter 1.0000e+00
Var    Value     Gradient |Var    Value     Gradient |Var    Value     Gradient
  1  0.04934  1.06340e-01 |  2 -0.03474 -1.00938e-04 |  3 -0.04871 -7.97387e-04
  4  0.09879 -3.60267e-03 |  5  0.01880 -1.89716e-03 |  6  0.06982  1.74155e-03
  7  0.03804  2.95690e-03 |  8 -0.01563 -8.09025e-03 |  9  0.00286 -6.10531e-03
 10  0.00431  5.03778e-03 | 11  0.05974 -7.59150e-03 | 12  0.02261  6.61343e-03
 13  0.04093 -4.56570e-03 | 14  0.01914  5.07525e-03 | 15  0.01004  2.56832e-03
 16  0.04529  9.62762e-03 | 17  0.01089 -8.34197e-03 | 18 -0.05080 -6.48401e-03
 19 -0.01642 -1.86205e-03 | 20 -0.03269  9.67206e-04 | 21  0.04735 -3.84961e-03
 22  0.04994  2.02637e-03 | 23 -0.04387 -4.40136e-03 | 24 -0.02994 -1.52094e-03
 25 -0.11073 -1.37900e-03 | 26 -0.01397  5.22656e-03 | 27 -0.04348  7.48209e-03
 28 -0.04149  7.71970e-04 | 29  0.03804  1.64710e-02 | 30 -0.02094 -1.06096e-04
 31  0.05896  1.21778e-02 | 32 -0.04043  2.61922e-03 | 33  0.02873  1.40805e-02
 34 -0.10582 -1.73446e-02 | 35  0.22823 -4.68157e-03 | 36  0.23318  7.05651e-02
 37  0.24225 -2.30494e-02 | 38  0.21656  3.42216e-02 | 39 -0.19148 -4.98448e-04
 40 -0.46824 -1.17586e-03 | 41 -0.26692 -6.58594e-02 | 42 -0.43337  6.69449e-02
 43 -0.30615  8.75446e-01 | 44 -0.47139 -1.71511e-01 |

Initial statistics: 116 variables; iteration 0; function evaluation 0; phase 5
Function value 2.7095366e+02; maximum gradient component mag -2.1478e+03
Var    Value     Gradient |Var    Value     Gradient |Var    Value     Gradient
  1  0.04934  1.06340e-01 |  2 -0.03474 -1.00938e-04 |  3 -0.04871 -7.97387e-04
  4  0.09879 -3.60267e-03 |  5  0.01880 -2.62102e-03 |  6  0.06982  1.02172e-03
  7  0.03804  2.23402e-03 |  8 -0.01563 -8.81420e-03 |  9  0.00286 -6.82948e-03
 10  0.00431  4.31362e-03 | 11  0.05974 -8.31249e-03 | 12  0.02261  5.88971e-03
 13  0.04093 -5.28838e-03 | 14  0.01914  4.35140e-03 | 15  0.01004  1.84423e-03
 16  0.04529  8.90527e-03 | 17  0.01089 -9.06604e-03 | 18 -0.05080 -7.20589e-03
 19 -0.01642 -2.58599e-03 | 20 -0.03269  2.43984e-04 | 21  0.04735 -4.57178e-03
 22  0.04994  1.30442e-03 | 23 -0.04387 -5.12381e-03 | 24 -0.02994 -2.24432e-03
 25 -0.11073 -2.09225e-03 | 26 -0.01397  4.50256e-03 | 27 -0.04348  6.75961e-03
 28 -0.04149  4.93316e-05 | 29  0.03804  1.57481e-02 | 30 -0.02094 -8.29881e-04
 31  0.05896  1.14568e-02 | 32 -0.04043  1.89650e-03 | 33  0.02873  1.33570e-02
 34 -0.10582 -1.80588e-02 | 35  0.22823 -4.68157e-03 | 36  0.23318  7.05651e-02
 37  0.24225 -2.30494e-02 | 38  0.21656  3.42216e-02 | 39 -0.30909 -2.14777e+03
 40  0.12819  1.02420e+01 | 41 -0.19148 -4.98448e-04 | 42 -0.46824 -1.17586e-03
 43 -0.26692 -6.58594e-02 | 44 -0.43337  6.69449e-02 | 45 -0.30615  8.75446e-01
 46 -0.47139 -1.71511e-01 | 47  0.00000  4.53751e+01 | 48  0.00000 -5.30695e+01
 49  0.00000  2.42227e+01 | 50  0.00000 -5.19950e+01 | 51  0.00000  3.77117e+01
 52  0.00000 -4.81861e+01 | 53  0.00000  6.34905e+01 | 54  0.00000 -7.20527e+01
 55  0.00000  3.30021e+01 | 56  0.00000 -6.30550e+01 | 57  0.00000  4.27174e+01
 58  0.00000 -5.29559e+01 | 59  0.00000  2.83968e+01 | 60  0.00000 -5.13115e+01
 61  0.00000  1.68514e+01 | 62  0.00000 -2.36157e+01 | 63  0.00000  4.29376e+01
 64  0.00000 -2.69910e+01 | 65  0.00000  4.25299e+01 | 66  0.00000 -4.65333e+01
 67  0.00000  4.55838e+01 | 68  0.00000 -4.64078e+01 | 69  0.00000  4.35105e+01
 70  0.00000 -5.85146e+01 | 71  0.00000  3.95387e+01 | 72  0.00000 -4.38688e+01
 73  0.00000  4.79060e+01 | 74  0.00000 -3.17056e+01 | 75  0.00000  2.63678e+01
 76  0.00000 -3.37751e+01 | 77  0.00000  2.63508e+01 | 78  0.00000 -3.50761e+01
 79  0.00000  3.28103e+01 | 80  0.00000 -3.90269e+01 | 81  0.00000  5.40415e+01
 82  0.00000 -5.87979e+01 | 83  0.00000  3.21982e+01 | 84  0.00000 -4.66014e+01
 85  0.00000  2.77972e+01 | 86  0.00000 -2.58421e+01 | 87  0.00000  5.30531e+01
 88  0.00000 -5.01281e+01 | 89  0.00000  2.66482e+01 | 90  0.00000 -3.88429e+01
 91  0.00000  9.07466e+00 | 92  0.00000 -1.85632e+01 | 93  0.00000  3.12688e+01
 94  0.00000 -4.21823e+01 | 95  0.00000  6.48445e+01 | 96  0.00000 -6.18758e+01
 97  0.00000  4.57650e+01 | 98  0.00000 -4.14313e+01 | 99  0.00000  2.46895e+01
100  0.00000 -2.46651e+01 |101  0.00000  3.70798e+01 |102  0.00000 -3.41671e+01
103  0.00000  3.93431e+01 |104  0.00000 -4.27225e+01 |105  0.00000  2.16551e+01
106  0.00000 -2.16104e+01 |107  0.00000 -1.96374e-12 |108  0.00000  6.87641e-14
109  0.00000 -4.72458e-12 |110  0.00000  1.94668e-11 |111  0.00000 -2.88634e-12
112  0.00000  2.79042e-10 |113  0.00000 -2.14725e-11 |114  0.00000  4.44830e-11
115  0.00000 -2.43227e-12 |116  0.00000  1.58460e-09 |

Intermediate statistics: 116 variables; iteration 20; function evaluation 30; phase 5
Function value 1.2875764e+02; maximum gradient component mag -3.6220e+03
Var    Value     Gradient |Var    Value     Gradient |Var    Value     Gradient
  1  0.02463 -1.95797e+03 |  2 -0.04988  3.17643e+00 |  3 -0.07957  4.89343e+00
  4  0.01532  1.01731e+01 |  5 -0.01832  4.40632e+01 |  6  0.02442  4.88932e+01
  7 -0.01129  5.21369e+01 |  8 -0.04381  5.19287e+01 |  9 -0.01892  4.95334e+01
 10 -0.00741  4.97272e+01 | 11  0.05663  4.55931e+01 | 12  0.02673  3.94013e+01
 13  0.04920  2.65170e+01 | 14  0.01503  4.00252e+01 | 15  0.00318  4.51004e+01
 16  0.05719  1.33379e+01 | 17  0.02052  1.47163e+00 | 18 -0.04305  2.26236e+01
 19 -0.01054  7.79700e+00 | 20 -0.02225  1.78778e+01 | 21  0.03925  1.76247e+01
 22  0.04781  1.33641e+01 | 23 -0.03575  3.74570e+01 | 24 -0.03157  2.69528e+01
 25 -0.10000  2.93763e+01 | 26 -0.00816 -1.99680e+01 | 27 -0.03589  5.82936e+00
 28 -0.01046 -1.48896e+01 | 29  0.06170 -1.58173e+02 | 30 -0.00954 -2.18125e+02
 31  0.06028 -2.43307e+02 | 32 -0.01703  5.87480e+01 | 33  0.02782 -4.32256e+01
 34 -0.06265  8.69169e+01 | 35  0.24266 -2.31680e+02 | 36  0.24663 -7.80420e+02
 37  0.25695 -2.87481e+02 | 38  0.23005 -4.96901e+02 | 39 -0.22476  5.48314e+01
 40  0.14064 -2.61566e+00 | 41 -0.19147 -6.12495e-04 | 42 -0.46823 -1.57579e-03
 43 -0.24868  2.43888e+02 | 44 -0.42100 -2.27504e+02 | 45 -0.30422 -3.62196e+03
 46 -0.47292  1.27935e+03 | 47 -0.01346 -4.61950e+00 | 48  0.02847  4.98745e+00
 49 -0.00080 -5.10868e+00 | 50  0.01041  2.20563e+00 | 51 -0.00578 -3.41060e+00
 52  0.00961  3.05451e+00 | 53 -0.02357 -8.36612e-01 | 54  0.02256  8.55765e-01
 55  0.00407 -3.32254e+00 | 56  0.01459  1.43281e+00 | 57 -0.00410 -2.34207e+00
 58  0.01455  1.63042e+00 | 59  0.00848 -5.51452e+00 | 60  0.01159  5.02022e+00
 61  0.01642 -7.05366e+00 | 62 -0.00549  6.87725e+00 | 63 -0.00599 -5.03546e+00
 64 -0.00214  5.19903e+00 | 65 -0.00122 -9.57356e-01 | 66  0.00547  5.33510e+00
 67 -0.00714  2.02429e+00 | 68  0.00849  3.03099e+00 | 69 -0.00723 -5.13239e+00
 70  0.01779  8.64093e+00 | 71 -0.00220 -3.50089e+00 | 72  0.00476  6.12004e+00
 73 -0.01075  5.37650e-01 | 74 -0.00154  6.05163e+00 | 75  0.00112  3.42414e+00
 76  0.00288  5.62695e+00 | 77  0.00480  1.18281e+00 | 78  0.00313  4.34739e+00
 79 -0.00274  1.31446e+00 | 80  0.00860  3.80206e+00 | 81 -0.01120 -3.73221e-01
 82  0.01691  3.07928e+00 | 83  0.00452 -1.84126e+00 | 84  0.01010  5.97507e+00
 85  0.00913 -3.94036e+00 | 86 -0.00322  1.02291e+01 | 87 -0.01239 -1.13997e+00
 88  0.01302  5.04158e+00 | 89  0.00162 -1.99900e+00 | 90  0.01033  5.65419e+00
 91  0.01633  3.73834e+00 | 92 -0.00723  3.83653e-01 | 93 -0.00325  5.85314e+00
 94  0.01192  2.13606e+00 | 95 -0.02398 -3.05514e+00 | 96  0.01829  7.78294e+00
 97 -0.00186 -3.29992e+00 | 98  0.01622 -6.31224e+00 | 99  0.00505 -1.60453e+01
100  0.00591  2.06202e+01 |101  0.00268 -6.03929e+00 |102  0.00747 -5.16163e+00
103 -0.00400 -3.51527e+00 |104  0.00460  1.45803e+01 |105  0.00826 -2.72750e+00
106  0.00234 -1.67712e+00 |107  0.00013  1.80440e-01 |108 -0.00038 -5.82286e-01
109  0.00072  1.01705e+00 |110 -0.00107 -1.61177e+00 |111  0.01411  2.57681e+01
112  0.01563  2.57153e+01 |113  0.00071  2.87794e-01 |114 -0.00090 -5.13209e-01
115  0.00694  1.55297e-01 |116  0.03235  2.22487e+01 |
116 variables; iteration 40; function evaluation 54; phase 5
Function value 1.2317665e+02; maximum gradient component mag 2.4253e+03
Var    Value     Gradient |Var    Value     Gradient |Var    Value     Gradient
  1  0.02390 -7.44208e+02 |  2 -0.03290  7.93448e+00 |  3 -0.09804 -1.23066e+00
  4  0.01308  8.46540e+00 |  5 -0.01999  7.89764e+00 |  6  0.02303  1.59274e+01
  7 -0.01870  1.37630e+01 |  8 -0.04920  1.88756e+01 |  9 -0.02672  1.47854e+01
 10 -0.02266  8.00065e+00 | 11  0.04677  7.54351e+00 | 12  0.02285  5.03667e+00
 13  0.05602  5.13264e+00 | 14  0.01935  1.47963e+01 | 15  0.00821  1.70451e+01
 16  0.06051  2.56910e-01 | 17  0.02577 -2.12920e+00 | 18 -0.03995  8.22582e+00
 19 -0.00752  5.71300e+00 | 20 -0.02104  1.39309e+00 | 21  0.03704 -9.71560e+00
 22  0.04844 -7.50066e+00 | 23 -0.03562  9.66540e+00 | 24 -0.03128  6.99711e+00
 25 -0.10120  2.78568e+00 | 26 -0.00620 -3.16534e+01 | 27 -0.03001  5.27598e+00
 28 -0.01029  7.34019e+00 | 29  0.05918 -2.08120e+01 | 30 -0.00325 -6.55000e+01
 31  0.06042 -1.25851e+02 | 32 -0.01785 -2.56391e+01 | 33  0.02629 -1.78112e+01
 34 -0.05543  1.22386e+01 | 35  0.24304 -1.51191e+02 | 36  0.24994 -3.95443e+02
 37  0.25845 -2.24270e+02 | 38  0.23513 -3.60701e+02 | 39 -0.22570  1.33284e+02
 40  0.13522 -2.08311e+01 | 41 -0.19111 -3.47400e-04 | 42 -0.46724 -7.68136e-04
 43 -0.23711  1.46327e+02 | 44 -0.40848 -1.34843e+02 | 45 -0.30428  2.42533e+03
 46 -0.47463 -9.64984e+02 | 47 -0.01426 -5.04541e+00 | 48  0.02711  4.01210e+00
 49 -0.00156 -5.10010e+00 | 50  0.00917  1.36081e+00 | 51 -0.00604 -4.09642e+00
 52  0.00813  2.18981e+00 | 53 -0.02596 -3.08192e+00 | 54  0.02316  1.54449e+00
 55  0.00275 -5.03287e+00 | 56  0.01420  2.98065e+00 | 57 -0.00313 -2.07433e+00
 58  0.01461  2.35844e+00 | 59  0.01095 -2.00805e+00 | 60  0.01190  4.39330e+00
 61  0.01646 -6.06153e+00 | 62 -0.00553  7.45254e+00 | 63 -0.01016 -7.43944e+00
 64 -0.00332  4.89163e+00 | 65 -0.00322 -3.17335e+00 | 66  0.00168  2.61591e+00
 67 -0.00866 -8.77462e-01 | 68  0.00801  3.54020e+00 | 69 -0.00551 -4.31347e+00
 70  0.01746  8.49619e+00 | 71 -0.00146 -3.00733e+00 | 72  0.00531  5.87342e+00
 73 -0.01044 -1.96216e-01 | 74 -0.00211  4.93420e+00 | 75  0.00163  1.88435e+00
 76  0.00247  5.07276e+00 | 77  0.00428 -1.12127e+00 | 78  0.00364  5.61710e+00
 79 -0.00375 -1.67296e+00 | 80  0.00929  5.62905e+00 | 81 -0.01204 -1.27695e+00
 82  0.01770  3.68506e+00 | 83  0.00538 -1.08031e+00 | 84  0.00946  5.64225e+00
 85  0.01023 -2.75203e+00 | 86 -0.00519  7.96151e+00 | 87 -0.01291 -2.20029e+00
 88  0.01340  5.84994e+00 | 89  0.00205 -9.97342e-01 | 90  0.01040  5.26040e+00
 91  0.01631  4.01478e+00 | 92 -0.00710  1.13523e-01 | 93 -0.00362  3.04785e+00
 94  0.01174  3.22984e+00 | 95 -0.02396 -1.75105e+00 | 96  0.01832  6.03628e+00
 97 -0.00210  5.72830e-01 | 98  0.02131 -4.33197e+00 | 99  0.00545 -3.89102e+00
100  0.00677 -2.35055e+00 |101  0.00188 -4.48647e-01 |102  0.01002 -9.43635e+00
103 -0.00275 -2.07090e+00 |104  0.00244  1.18624e+01 |105  0.00798 -5.08339e-01
106  0.00451 -2.85896e+00 |107  0.00014  3.17293e-02 |108 -0.00047 -6.82210e-02
109  0.00060  3.37461e-02 |110 -0.00114 -8.46803e-02 |111  0.01740  2.03745e+00
112  0.01241 -3.91135e-01 |113  0.00158  1.30632e-02 |114 -0.00065 -9.57021e-01
115  0.01013 -3.99133e+00 |116  0.03506  2.02142e+01 |
116 variables; iteration 60; function evaluation 82; phase 5
Function value 1.1920915e+02; maximum gradient component mag 5.0343e+02
Var    Value     Gradient |Var    Value     Gradient |Var    Value     Gradient
  1  0.02323  1.42061e+02 |  2 -0.06962 -2.01462e+00 |  3 -0.08698  1.98902e+00
  4  0.01073  1.68119e+00 |  5 -0.01531 -3.71116e+00 |  6  0.02309 -1.94527e+00
  7 -0.01704  8.05425e-01 |  8 -0.05633 -5.40349e+00 |  9 -0.02555 -9.38650e-01
 10 -0.01416 -2.19785e+00 | 11  0.05374 -5.94803e+00 | 12  0.02834 -6.30202e+00
 13  0.05873 -1.61973e+00 | 14  0.01798  2.32179e+00 | 15  0.00454 -1.48355e+00
 16  0.06257 -2.57804e+00 | 17  0.02949 -4.37371e-01 | 18 -0.04163 -3.55597e+00
 19 -0.01068 -3.05275e+00 | 20 -0.02242  5.44667e-01 | 21  0.03787 -1.88671e+00
 22  0.04798 -1.89937e+00 | 23 -0.04163 -1.63385e+00 | 24 -0.03533 -1.75669e+00
 25 -0.10468 -4.65858e+00 | 26 -0.00062 -7.45797e-02 | 27 -0.02903 -3.14681e+00
 28 -0.01349 -2.69258e+00 | 29  0.05913 -5.53821e+00 | 30 -0.00056  2.09388e+01
 31  0.06217 -1.14243e+01 | 32 -0.01960 -6.07634e+00 | 33  0.02376  7.15301e+00
 34 -0.06288 -5.92620e+00 | 35  0.24441 -1.92577e+01 | 36  0.25336 -6.50971e+00
 37  0.26335  5.00142e+00 | 38  0.24321 -6.10421e+00 | 39 -0.22938  5.32094e+01
 40  0.12493  4.79018e+00 | 41 -0.19045 -2.92590e-04 | 42 -0.46563 -7.73813e-04
 43 -0.25271 -4.23823e+00 | 44 -0.42176  3.82721e+00 | 45 -0.30393  5.03430e+02
 46 -0.47376 -2.00317e+02 | 47 -0.01434 -2.96627e+00 | 48  0.02673  2.79391e+00
 49  0.00200 -8.70488e-01 | 50  0.00769  4.72122e-01 | 51 -0.00444 -1.65500e+00
 52  0.00910  2.37734e+00 | 53 -0.02209  4.50301e-01 | 54  0.02194  8.70175e-01
 55  0.00445 -1.25953e+00 | 56  0.01486  1.20975e+00 | 57 -0.00578 -2.74123e+00
 58  0.01275  1.68155e-01 | 59  0.00990 -2.44597e+00 | 60  0.00822  1.55301e+00
 61  0.02060 -6.65693e-01 | 62 -0.01080  3.14802e-01 | 63 -0.00487 -1.59721e+00
 64 -0.00589  7.71273e-01 | 65 -0.00119 -1.28545e+00 | 66  0.00071  3.36138e-01
 67 -0.00908 -1.41250e+00 | 68  0.00692  1.65669e+00 | 69 -0.00673 -3.45387e+00
 70  0.01287  1.58709e+00 | 71 -0.00157 -1.86739e+00 | 72  0.00146  1.06436e+00
 73 -0.01170 -1.74241e+00 | 74 -0.00508  1.59241e+00 | 75 -0.00105 -5.18542e-01
 76 -0.00094  7.70022e-01 | 77  0.00282 -5.46117e-01 | 78  0.00041  6.09862e-01
 79 -0.00576 -1.51390e+00 | 80  0.00687  1.74152e+00 | 81 -0.01276 -1.39029e+00
 82  0.01558  1.37068e+00 | 83  0.00508 -1.23330e+00 | 84  0.00552  1.21962e+00
 85  0.00997 -1.66689e+00 | 86 -0.00966  1.09133e+00 | 87 -0.01419 -2.41048e+00
 88  0.01012  2.11147e+00 | 89 -0.00091 -5.82630e-01 | 90  0.00730  8.18499e-01
 91  0.01276 -7.54130e-01 | 92 -0.00763  1.01261e+00 | 93 -0.00665 -7.11990e-01
 94  0.00910  7.73639e-01 | 95 -0.02442 -5.36138e-01 | 96  0.01440  8.96878e-01
 97 -0.00182 -1.26703e+00 | 98  0.02374 -8.25897e-02 | 99  0.00801  6.17334e-01
100  0.00995 -2.68097e+00 |101  0.00072 -1.42688e+00 |102  0.01826  4.98495e-01
103 -0.00343 -6.51226e-01 |104 -0.00577  8.56116e-01 |105  0.00762 -9.93758e-01
106  0.00866  2.21670e+00 |107  0.00017  3.24794e-02 |108 -0.00058 -1.38486e-01
109  0.00079  1.60848e-01 |110 -0.00145 -3.60773e-01 |111  0.02218  7.19771e+00
112  0.01638  4.84600e+00 |113  0.00394  5.59644e-01 |114  0.00171  5.34356e-01
115  0.01571 -6.40355e-01 |116  0.03554 -9.10151e-01 |
116 variables; iteration 80; function evaluation 112; phase 5
Function value 1.1867070e+02; maximum gradient component mag -3.0037e+02
Var    Value     Gradient |Var    Value     Gradient |Var    Value     Gradient
  1  0.02301  4.68509e+00 |  2 -0.05769  8.20550e-01 |  3 -0.09747 -1.87854e+00
  4  0.01296  3.25422e+00 |  5 -0.01533 -5.62216e-01 |  6  0.02233 -5.99736e-01
  7 -0.02300 -3.86490e+00 |  8 -0.05446 -3.76444e-01 |  9 -0.02674 -9.16261e-01
 10 -0.01317 -1.01671e+00 | 11  0.06212  2.90339e+00 | 12  0.03629  1.81162e+00
 13  0.05822 -4.88740e-01 | 14  0.01318 -3.51627e+00 | 15  0.00087 -2.25628e+00
 16  0.06350  2.11161e+00 | 17  0.02983  2.02823e+00 | 18 -0.04095  1.02884e+00
 19 -0.00964  2.99942e+00 | 20 -0.02360 -1.65209e+00 | 21  0.03776  1.52569e+00
 22  0.04788  6.10926e-01 | 23 -0.04269 -6.86654e-01 | 24 -0.03626 -7.89265e-01
 25 -0.10341  7.66384e-01 | 26 -0.00046  1.89184e+00 | 27 -0.02832  8.63087e-01
 28 -0.01435 -1.39708e+00 | 29  0.06070  4.94134e-01 | 30 -0.00111 -4.43356e-01
 31  0.06364  1.41819e+01 | 32 -0.01973 -2.27061e-01 | 33  0.02284 -2.65734e+00
 34 -0.06586 -2.44184e+00 | 35  0.24485  2.23288e+01 | 36  0.25387  3.06583e+01
 37  0.26357  6.98655e+00 | 38  0.24350  1.76599e+01 | 39 -0.23816  6.49280e+01
 40  0.09751 -6.73158e+00 | 41 -0.18967 -5.40950e-05 | 42 -0.46335 -3.39984e-04
 43 -0.25050 -1.28165e+00 | 44 -0.41972  1.17335e+00 | 45 -0.30394 -3.00374e+02
 46 -0.47358  1.17709e+02 | 47 -0.01170 -5.04227e-02 | 48  0.02517  1.53756e+00
 49  0.00132 -1.93827e+00 | 50  0.00874  1.75665e+00 | 51 -0.00372 -1.13133e+00
 52  0.00701  4.54231e-01 | 53 -0.02604 -2.46205e+00 | 54  0.02208  1.74963e-01
 55  0.00486 -3.81675e-01 | 56  0.01217  1.28389e-01 | 57 -0.00323  7.37964e-01
 58  0.01404  1.11287e+00 | 59  0.01074  1.18339e-01 | 60  0.00835  1.11806e+00
 61  0.02109 -6.07495e-02 | 62 -0.01105  1.54397e+00 | 63 -0.00177  1.81097e-01
 64 -0.00657  9.56523e-01 | 65  0.00053 -5.43065e-01 | 66  0.00226  1.37029e+00
 67 -0.00810  4.27835e-01 | 68  0.00638 -8.96596e-02 | 69 -0.00497  4.44449e-02
 70  0.01189 -2.65606e-01 | 71 -0.00059 -4.55826e-01 | 72  0.00019  1.12833e-02
 73 -0.01135 -8.85442e-01 | 74 -0.00740 -1.02942e+00 | 75 -0.00146 -8.81468e-01
 76 -0.00029  1.59193e+00 | 77  0.00171 -2.34493e+00 | 78  0.00078  1.71938e+00
 79 -0.00593 -1.17895e+00 | 80  0.00668  1.19396e+00 | 81 -0.01240 -6.88832e-01
 82  0.01483  5.04311e-01 | 83  0.00596 -6.05348e-02 | 84  0.00370 -6.16188e-01
 85  0.01123  7.57646e-02 | 86 -0.01022  5.42121e-01 | 87 -0.01317 -6.25538e-01
 88  0.00848  1.85573e-01 | 89 -0.00158 -1.02508e+00 | 90  0.00558 -4.66532e-01
 91  0.01268 -5.84038e-01 | 92 -0.00788  6.04375e-01 | 93 -0.00690 -9.93449e-01
 94  0.00804 -1.70584e-01 | 95 -0.02406  3.44591e-01 | 96  0.01375 -4.62186e-02
 97 -0.00132 -9.42700e-01 | 98  0.02539  2.67411e+00 | 99  0.00773 -1.95996e+00
100  0.00992  2.35347e+00 |101  0.00191 -4.11926e-01 |102  0.01817  8.25343e-01
103 -0.00388 -9.77813e-01 |104 -0.00775 -1.13512e+00 |105  0.00506 -3.95958e+00
106  0.00534 -4.96257e-01 |107  0.00019 -2.40237e-02 |108 -0.00058  1.02765e-01
109  0.00088 -1.14899e-01 |110 -0.00120  4.56645e-01 |111  0.02026 -6.05568e+00
112  0.01561 -5.83464e+00 |113  0.00296 -5.46615e-01 |114  0.00105 -3.58904e-01
115  0.01636  1.58521e+00 |116  0.03495 -1.74458e+00 |
116 variables; iteration 100; function evaluation 146; phase 5
Function value 1.1829591e+02; maximum gradient component mag -2.9335e+02
Var    Value     Gradient |Var    Value     Gradient |Var    Value     Gradient
  1  0.02283 -1.50026e+02 |  2 -0.05796  6.49405e-01 |  3 -0.09311 -5.90913e-01
  4  0.01216 -1.90728e-01 |  5 -0.01734 -2.46051e+00 |  6  0.02381  1.69810e+00
  7 -0.02077  1.68562e-01 |  8 -0.05427  1.77281e+00 |  9 -0.02734  1.40860e+00
 10 -0.01640 -1.48075e+00 | 11  0.05967  3.05478e+00 | 12  0.03365  1.76390e+00
 13  0.05899  1.23872e+00 | 14  0.01429 -9.17135e-01 | 15  0.00218  3.79942e-01
 16  0.06378  2.20803e+00 | 17  0.02948  1.01457e+00 | 18 -0.04070  1.23596e+00
 19 -0.00968  1.47096e+00 | 20 -0.02286  4.65219e-01 | 21  0.03776  7.29768e-01
 22  0.04817  9.19832e-01 | 23 -0.04289 -6.48990e-01 | 24 -0.03521  8.86870e-01
 25 -0.10378  1.15362e+00 | 26 -0.00036  2.04887e+00 | 27 -0.02831  1.36055e+00
 28 -0.01408 -3.95231e-01 | 29  0.06097  1.84528e+00 | 30 -0.00137 -7.04713e+00
 31  0.06394  1.33455e+01 | 32 -0.01930  1.46486e-01 | 33  0.02321 -6.10198e+00
 34 -0.06486  5.56001e-01 | 35  0.24484  9.41776e+00 | 36  0.25370  1.06141e+00
 37  0.26366  7.11758e+00 | 38  0.24348  1.13194e+01 | 39 -0.25570  7.65506e+01
 40  0.04103 -2.12266e+01 | 41 -0.19020  5.66869e-04 | 42 -0.46292  1.30951e-03
 43 -0.25240 -2.35920e+00 | 44 -0.42164  2.16113e+00 | 45 -0.30402 -2.93350e+02
 46 -0.47380  1.15201e+02 | 47 -0.01023  1.87339e+00 | 48  0.02086 -3.50036e+00
 49  0.00297  6.41988e-01 | 50  0.01018  2.72452e+00 | 51 -0.00060  2.70292e+00
 52  0.00623 -6.48661e-01 | 53 -0.02373 -1.13495e-01 | 54  0.02002 -1.88023e+00
 55  0.00596  5.65152e-01 | 56  0.01163 -6.88228e-01 | 57 -0.00322  4.23520e-01
 58  0.01214 -7.78328e-01 | 59  0.01185  1.82992e+00 | 60  0.00595 -2.26223e+00
 61  0.02147  6.88040e-01 | 62 -0.01375 -1.44178e+00 | 63 -0.00074  2.00768e+00
 64 -0.00590  1.69983e+00 | 65  0.00036 -2.97128e-01 | 66 -0.00009 -6.04950e-01
 67 -0.00882 -3.86997e-01 | 68  0.00580 -2.72509e-01 | 69 -0.00520 -6.10490e-01
 70  0.01183  2.89011e-01 | 71  0.00043  3.90835e-01 | 72  0.00046  5.22735e-01
 73 -0.01047 -8.88986e-02 | 74 -0.00548  1.45438e+00 | 75 -0.00437 -3.66927e+00
 76 -0.00421 -2.14629e+00 | 77  0.00382  3.05314e-01 | 78  0.00031  8.55126e-01
 79 -0.00525 -2.65720e-01 | 80  0.00419 -1.43206e+00 | 81 -0.01198 -2.24053e-01
 82  0.01448  1.50110e-01 | 83  0.00388 -2.79002e+00 | 84  0.00539  2.00190e+00
 85  0.01104 -6.41464e-02 | 86 -0.00982  1.44151e+00 | 87 -0.01116  1.51581e+00
 88  0.00723 -8.50002e-01 | 89 -0.00071 -1.51880e-01 | 90  0.00676  9.51860e-01
 91  0.01233 -8.51031e-01 | 92 -0.00922 -6.91636e-01 | 93 -0.00591  1.36297e-01
 94  0.00880  6.16632e-01 | 95 -0.02689 -2.88291e+00 | 96  0.01259 -7.05157e-01
 97 -0.00011  6.31963e-01 | 98  0.02494  2.09026e+00 | 99  0.01029  1.06527e+00
100  0.00780 -1.40347e-01 |101  0.00323  1.31944e+00 |102  0.01680 -8.25383e-01
103 -0.00122  1.28658e+00 |104 -0.00272  5.06490e+00 |105  0.00869 -2.83241e-01
106  0.00809  3.43491e+00 |107  0.00014 -9.36718e-02 |108 -0.00050  2.43422e-01
109  0.00062 -4.56332e-01 |110 -0.00181  7.71949e-03 |111  0.01954 -9.72793e+00
112  0.01494 -8.39366e+00 |113  0.00249 -1.19815e+00 |114  0.00074 -7.06064e-01
115  0.01604 -1.79886e+00 |116  0.03404 -3.11209e+00 |
116 variables; iteration 120; function evaluation 188; phase 5
Function value 1.1814205e+02; maximum gradient component mag 5.4938e+00
Var    Value     Gradient |Var    Value     Gradient |Var    Value     Gradient
  1  0.02288 -3.13234e-01 |  2 -0.06041 -1.58202e-02 |  3 -0.09102  1.30164e-02
  4  0.01146  1.84657e-02 |  5 -0.01447  7.33825e-02 |  6  0.02312 -5.05725e-02
  7 -0.02009 -1.03678e-02 |  8 -0.05494 -3.47622e-02 |  9 -0.02760 -4.60539e-02
 10 -0.01498  8.29708e-03 | 11  0.05724 -7.64401e-02 | 12  0.03274 -5.68464e-02
 13  0.05891 -1.40329e-02 | 14  0.01551  4.46321e-02 | 15  0.00305 -1.83157e-02
 16  0.06322 -6.25733e-03 | 17  0.02974  2.15762e-03 | 18 -0.04073 -2.00842e-02
 19 -0.01006 -2.93219e-02 | 20 -0.02277  5.99907e-02 | 21  0.03766 -4.42901e-02
 22  0.04807 -3.43207e-02 | 23 -0.04219  4.61900e-02 | 24 -0.03556 -1.74790e-02
 25 -0.10375 -5.55584e-02 | 26 -0.00064 -5.68521e-03 | 27 -0.02857 -6.92838e-02
 28 -0.01384 -9.92376e-03 | 29  0.06022 -1.98136e-01 | 30 -0.00112  2.96326e-01
 31  0.06299 -4.65419e-01 | 32 -0.01935 -3.23990e-02 | 33  0.02271  1.43054e-02
 34 -0.06475 -5.31080e-02 | 35  0.24479 -4.06258e-01 | 36  0.25377  2.22254e-01
 37  0.26360  4.77582e-02 | 38  0.24357 -3.13527e-01 | 39 -0.27226  2.10210e+00
 40 -0.01175 -5.71911e-01 | 41 -0.19138  2.00352e-05 | 42 -0.46386  1.63513e-05
 43 -0.25236 -7.83182e-01 | 44 -0.42163  7.58454e-01 | 45 -0.30408  5.49379e+00
 46 -0.47407 -2.18066e+00 | 47 -0.01204 -2.26885e-02 | 48  0.02434  1.31508e-01
 49  0.00279 -6.50581e-03 | 50  0.00699 -9.06739e-02 | 51 -0.00299 -7.48536e-02
 52  0.00673  8.54824e-03 | 53 -0.02327  1.21172e-02 | 54  0.02146  1.90546e-02
 55  0.00551  3.23265e-03 | 56  0.01237 -8.74994e-03 | 57 -0.00382 -1.12722e-02
 58  0.01291  2.09211e-03 | 59  0.01100 -3.54715e-02 | 60  0.00694  6.66728e-02
 61  0.02084 -3.37772e-02 | 62 -0.01206  3.85695e-02 | 63 -0.00301 -7.92311e-02
 64 -0.00761 -4.59459e-02 | 65  0.00047  3.62878e-02 | 66  0.00042  3.58729e-02
 67 -0.00839 -4.08352e-03 | 68  0.00583 -2.41966e-02 | 69 -0.00444  1.22621e-02
 70  0.01160  8.80077e-04 | 71 -0.00005  2.01733e-02 | 72  0.00011 -2.04146e-02
 73 -0.01046  3.63388e-02 | 74 -0.00680 -3.88861e-02 | 75 -0.00074  1.10036e-01
 76 -0.00184  4.00486e-02 | 77  0.00329 -6.61583e-02 | 78 -0.00042 -3.33995e-02
 79 -0.00484  2.49555e-02 | 80  0.00548  7.95346e-03 | 81 -0.01181  3.13921e-02
 82  0.01443  2.26506e-02 | 83  0.00607  1.96363e-02 | 84  0.00394 -8.40139e-02
 85  0.01106  8.32270e-03 | 86 -0.01115 -6.76561e-02 | 87 -0.01248 -9.49276e-03
 88  0.00802  5.83272e-02 | 89 -0.00065 -1.35342e-02 | 90  0.00591  8.32731e-03
 91  0.01316  7.00527e-02 | 92 -0.00844 -2.43773e-02 | 93 -0.00627 -1.33386e-02
 94  0.00833 -7.30289e-03 | 95 -0.02410  1.02858e-01 | 96  0.01356  4.13525e-03
 97 -0.00105 -1.89077e-02 | 98  0.02329 -3.87750e-02 | 99  0.00870 -8.06564e-02
100  0.00867 -4.39100e-02 |101  0.00197 -6.60533e-02 |102  0.01742  9.38463e-03
103 -0.00295 -5.40634e-03 |104 -0.00715 -1.38449e-01 |105  0.00838 -1.97869e-02
106  0.00588 -1.18716e-01 |107  0.00017 -7.40892e-04 |108 -0.00054 -3.56795e-03
109  0.00076 -1.23640e-03 |110 -0.00127  1.92646e-02 |111  0.02049  5.59105e-02
112  0.01538  3.88721e-02 |113  0.00276 -5.88619e-02 |114  0.00072  1.27842e-02
115  0.01609 -1.21441e-02 |116  0.03415 -9.59473e-02 |
116 variables; iteration 140; function evaluation 226; phase 5
Function value 1.1814106e+02; maximum gradient component mag 1.2113e+00
Var    Value     Gradient |Var    Value     Gradient |Var    Value     Gradient
  1  0.02288 -9.24890e-01 |  2 -0.06035 -5.48452e-04 |  3 -0.09105  2.30809e-03
  4  0.01149  3.67831e-03 |  5 -0.01453  1.85889e-02 |  6  0.02315  1.04663e-02
  7 -0.02010  1.36133e-02 |  8 -0.05494  6.96162e-03 |  9 -0.02759  1.90493e-03
 10 -0.01499  5.11511e-03 | 11  0.05730 -2.93691e-03 | 12  0.03276 -6.77735e-04
 13  0.05891  7.17589e-03 | 14  0.01547  1.15483e-02 | 15  0.00303  4.68629e-03
 16  0.06322 -2.65572e-04 | 17  0.02973  2.40206e-03 | 18 -0.04073  6.54449e-03
 19 -0.01005 -9.33796e-03 | 20 -0.02279  6.86156e-03 | 21  0.03767 -1.23073e-03
 22  0.04809  7.51547e-03 | 23 -0.04223 -9.27865e-04 | 24 -0.03555  2.83216e-03
 25 -0.10373 -8.69661e-04 | 26 -0.00064  2.16098e-02 | 27 -0.02855  7.39579e-03
 28 -0.01385 -8.12502e-03 | 29  0.06025  1.52034e-02 | 30 -0.00113 -2.73570e-02
 31  0.06303  5.66807e-02 | 32 -0.01935 -3.79066e-03 | 33  0.02273 -8.55827e-03
 34 -0.06478 -1.79810e-02 | 35  0.24479  2.35869e-03 | 36  0.25376 -1.51641e-01
 37  0.26360  1.84572e-02 | 38  0.24356  1.90098e-02 | 39 -0.28188  1.21125e+00
 40 -0.04227 -3.81533e-01 | 41 -0.19233  7.97973e-06 | 42 -0.46349 -1.49692e-06
 43 -0.25446 -1.22198e-01 | 44 -0.42401  1.49141e-01 | 45 -0.30412 -9.35634e-02
 46 -0.47417  3.35202e-02 | 47 -0.01204 -1.39734e-02 | 48  0.02421 -1.28403e-03
 49  0.00278  1.45359e-03 | 50  0.00710  4.48715e-03 | 51 -0.00294 -6.49701e-03
 52  0.00672 -4.28484e-03 | 53 -0.02329 -3.80988e-03 | 54  0.02145  4.25556e-03
 55  0.00550  4.70563e-03 | 56  0.01239  4.20577e-03 | 57 -0.00383 -9.02492e-03
 58  0.01291 -1.08397e-03 | 59  0.01101  9.95694e-04 | 60  0.00692  1.13248e-02
 61  0.02086 -3.50876e-03 | 62 -0.01209 -6.97435e-04 | 63 -0.00294 -6.28026e-03
 64 -0.00756  1.33896e-03 | 65  0.00044  8.93444e-03 | 66  0.00040  1.15399e-02
 67 -0.00841 -1.57001e-02 | 68  0.00586 -1.28360e-02 | 69 -0.00447 -5.28097e-03
 70  0.01161  3.67189e-03 | 71 -0.00007  4.54362e-03 | 72  0.00013  2.19470e-03
 73 -0.01049  3.47025e-03 | 74 -0.00676  5.75519e-03 | 75 -0.00084  1.19977e-02
 76 -0.00188  1.23450e-03 | 77  0.00336  5.94336e-03 | 78 -0.00037  1.26044e-02
 79 -0.00488  1.69652e-03 | 80  0.00548 -2.33441e-03 | 81 -0.01186 -8.57682e-03
 82  0.01441 -1.55689e-05 | 83  0.00606  3.42768e-04 | 84  0.00400 -1.05391e-02
 85  0.01105  8.22995e-03 | 86 -0.01107  1.40617e-02 | 87 -0.01249 -1.96627e-04
 88  0.00797 -4.27928e-03 | 89 -0.00065 -1.62578e-02 | 90  0.00591  2.45147e-03
 91  0.01310  1.08336e-02 | 92 -0.00841  6.34982e-03 | 93 -0.00625  4.92600e-03
 94  0.00834  9.64243e-04 | 95 -0.02420  6.08666e-03 | 96  0.01355  2.84549e-03
 97 -0.00106 -1.80302e-02 | 98  0.02333 -1.24273e-02 | 99  0.00879 -1.98501e-03
100  0.00868  9.78134e-03 |101  0.00201 -9.37861e-03 |102  0.01741 -1.80228e-03
103 -0.00294 -1.48502e-03 |104 -0.00703 -3.22956e-03 |105  0.00840 -1.53919e-03
106  0.00596 -8.69755e-04 |107  0.00004 -1.23838e-01 |108 -0.00057 -3.70935e-02
109  0.00083  6.74968e-02 |110 -0.00130  1.10041e-03 |111  0.02046 -5.69416e-02
112  0.01536 -6.31076e-02 |113  0.00279  1.21053e-03 |114  0.00069  5.68349e-04
115  0.01606 -3.45229e-02 |116  0.03417  1.31543e-02 |
116 variables; iteration 160; function evaluation 251; phase 5
Function value 1.1814094e+02; maximum gradient component mag -1.6914e+00
Var    Value     Gradient |Var    Value     Gradient |Var    Value     Gradient
  1  0.02288  5.27230e-01 |  2 -0.06035  6.62648e-04 |  3 -0.09107 -3.23638e-03
  4  0.01149 -2.95614e-03 |  5 -0.01455 -8.63414e-03 |  6  0.02315 -3.01034e-03
  7 -0.02010 -4.41854e-03 |  8 -0.05494  4.46623e-05 |  9 -0.02757  6.38827e-04
 10 -0.01498 -5.62639e-03 | 11  0.05732  3.06715e-03 | 12  0.03278  1.87076e-03
 13  0.05891 -2.40765e-03 | 14  0.01547 -6.59704e-03 | 15  0.00303 -1.73708e-03
 16  0.06322  1.67771e-03 | 17  0.02973 -2.60189e-03 | 18 -0.04073 -2.40927e-03
 19 -0.01004  3.51623e-03 | 20 -0.02279 -1.96802e-03 | 21  0.03767 -1.01449e-03
 22  0.04808 -4.34722e-03 | 23 -0.04222  1.60443e-03 | 24 -0.03555 -1.31975e-03
 25 -0.10372  2.67097e-03 | 26 -0.00065 -6.85452e-03 | 27 -0.02855 -3.67756e-03
 28 -0.01385  1.82149e-03 | 29  0.06024 -9.82710e-03 | 30 -0.00113  5.24233e-03
 31  0.06302 -2.63678e-02 | 32 -0.01935  8.54381e-03 | 33  0.02273  2.31450e-03
 34 -0.06477  1.92316e-02 | 35  0.24479 -2.64832e-02 | 36  0.25376  7.22753e-02
 37  0.26360  2.30242e-02 | 38  0.24356  2.67639e-03 | 39 -0.29982 -1.69140e+00
 40 -0.09893  5.35123e-01 | 41 -0.19386 -5.90318e-07 | 42 -0.46290  1.55344e-06
 43 -0.26143 -3.59655e-02 | 44 -0.43188  3.73943e-02 | 45 -0.30420 -3.34701e-01
 46 -0.47437  1.29011e-01 | 47 -0.01202  8.33195e-03 | 48  0.02421 -7.96042e-04
 49  0.00278  1.21481e-03 | 50  0.00710 -1.73410e-03 | 51 -0.00293  3.72177e-03
 52  0.00673  1.63918e-03 | 53 -0.02329  4.59008e-03 | 54  0.02145 -3.68151e-03
 55  0.00549 -1.49604e-03 | 56  0.01238 -3.47695e-03 | 57 -0.00381  8.46458e-03
 58  0.01291  1.34324e-03 | 59  0.01101 -9.61724e-04 | 60  0.00690 -7.69673e-03
 61  0.02087  3.68175e-03 | 62 -0.01209  3.36679e-04 | 63 -0.00293  4.58736e-03
 64 -0.00756 -6.77760e-04 | 65  0.00043 -5.42132e-03 | 66  0.00038 -7.67910e-03
 67 -0.00838  1.18825e-02 | 68  0.00588  8.67661e-03 | 69 -0.00446  4.73529e-03
 70  0.01160 -2.48254e-03 | 71 -0.00007 -3.63638e-03 | 72  0.00013 -2.20164e-03
 73 -0.01050 -1.02047e-02 | 74 -0.00677 -6.55091e-03 | 75 -0.00086 -7.99306e-03
 76 -0.00189 -5.99596e-03 | 77  0.00334 -5.57132e-03 | 78 -0.00039 -8.47731e-03
 79 -0.00488 -1.18400e-03 | 80  0.00548 -6.21375e-04 | 81 -0.01185  6.14517e-03
 82  0.01441  1.71835e-05 | 83  0.00606 -1.08721e-03 | 84  0.00402  6.50894e-03
 85  0.01104 -4.88644e-03 | 86 -0.01109 -6.67857e-03 | 87 -0.01249 -1.86873e-03
 88  0.00797  3.33080e-04 | 89 -0.00063  1.26659e-02 | 90  0.00590 -1.30641e-03
 91  0.01308 -5.21672e-03 | 92 -0.00842 -2.32704e-03 | 93 -0.00626 -3.73323e-03
 94  0.00834 -3.64044e-04 | 95 -0.02421 -2.59079e-03 | 96  0.01355 -1.38430e-03
 97 -0.00103  1.23994e-02 | 98  0.02334  9.96131e-03 | 99  0.00878  7.22545e-04
100  0.00868 -4.54950e-03 |101  0.00203  6.53809e-03 |102  0.01742  9.02012e-04
103 -0.00294  6.01798e-03 |104 -0.00702  8.29038e-03 |105  0.00840  5.42956e-04
106  0.00596  2.34746e-03 |107  0.00013 -4.30743e-02 |108 -0.00052  1.20868e-02
109  0.00076 -2.44333e-03 |110 -0.00128  1.00047e-02 |111  0.02046  3.71091e-02
112  0.01538  3.63922e-02 |113  0.00279 -2.56527e-03 |114  0.00069 -2.68550e-03
115  0.01607  2.32640e-02 |116  0.03417 -7.17354e-03 |
116 variables; iteration 180; function evaluation 272; phase 5
Function value 1.1814089e+02; maximum gradient component mag -2.5963e-02
Var    Value     Gradient |Var    Value     Gradient |Var    Value     Gradient
  1  0.02288 -6.89050e-03 |  2 -0.06035  1.46220e-05 |  3 -0.09106  1.30504e-05
  4  0.01149 -4.71915e-06 |  5 -0.01454  3.50980e-05 |  6  0.02315  8.37432e-05
  7 -0.02010  4.69984e-05 |  8 -0.05494  9.92878e-05 |  9 -0.02758  8.63576e-05
 10 -0.01498  5.81635e-05 | 11  0.05731  1.00799e-04 | 12  0.03277  8.93206e-05
 13  0.05891  8.96342e-05 | 14  0.01547  2.38256e-05 | 15  0.00303  2.60830e-05
 16  0.06322  1.32436e-04 | 17  0.02973  1.16554e-04 | 18 -0.04073  7.47220e-05
 19 -0.01004  1.40551e-04 | 20 -0.02279  1.26956e-04 | 21  0.03767 -2.75378e-06
 22  0.04808  2.05038e-05 | 23 -0.04223  5.06673e-05 | 24 -0.03555 -2.08927e-05
 25 -0.10372  3.38388e-05 | 26 -0.00065  1.73635e-04 | 27 -0.02855  2.95836e-05
 28 -0.01385 -1.14220e-04 | 29  0.06024 -9.04936e-04 | 30 -0.00113 -2.00049e-04
 31  0.06302 -2.38750e-04 | 32 -0.01935  3.11929e-04 | 33  0.02273 -4.00043e-04
 34 -0.06478  1.32290e-04 | 35  0.24479 -1.93002e-03 | 36  0.25376 -1.50490e-03
 37  0.26360  1.41486e-03 | 38  0.24356  4.23669e-04 | 39 -0.28316 -1.63228e-03
 40 -0.04632  5.30441e-04 | 41 -0.19100  1.49660e-05 | 42 -0.46400 -5.03028e-06
 43 -0.26466  1.79165e-03 | 44 -0.43553 -1.55804e-03 | 45 -0.30414 -2.59630e-02
 46 -0.47422  6.74243e-03 | 47 -0.01203 -9.28253e-06 | 48  0.02422  7.00520e-06
 49  0.00278  1.32106e-05 | 50  0.00710 -4.04983e-06 | 51 -0.00293  5.46492e-06
 52  0.00673 -1.27517e-05 | 53 -0.02329 -3.12648e-06 | 54  0.02145 -2.74310e-05
 55  0.00550  1.05644e-05 | 56  0.01238 -1.02111e-05 | 57 -0.00382  3.11462e-06
 58  0.01291 -1.34408e-05 | 59  0.01101  1.73588e-05 | 60  0.00691 -2.94162e-06
 61  0.02087  1.42602e-05 | 62 -0.01209 -4.61747e-06 | 63 -0.00293 -8.47425e-06
 64 -0.00756  5.73073e-06 | 65  0.00044 -3.47450e-06 | 66  0.00039 -1.19842e-05
 67 -0.00839 -3.41254e-05 | 68  0.00587 -3.13445e-05 | 69 -0.00447 -4.54273e-06
 70  0.01160 -8.49897e-06 | 71 -0.00007 -1.01566e-05 | 72  0.00013 -2.06577e-05
 73 -0.01049 -2.12169e-05 | 74 -0.00676 -1.22653e-05 | 75 -0.00085 -1.44324e-05
 76 -0.00188 -2.35617e-05 | 77  0.00335 -2.49952e-05 | 78 -0.00038 -1.36510e-05
 79 -0.00488 -7.27632e-06 | 80  0.00548 -1.71512e-05 | 81 -0.01185 -6.96987e-06
 82  0.01441 -1.16969e-05 | 83  0.00606 -1.85333e-05 | 84  0.00402 -5.30857e-06
 85  0.01105  5.31418e-06 | 86 -0.01108  9.13940e-06 | 87 -0.01249  2.82947e-06
 88  0.00797 -1.33875e-05 | 89 -0.00064 -2.54185e-05 | 90  0.00591 -7.11612e-06
 91  0.01309 -6.84493e-06 | 92 -0.00842  9.65898e-06 | 93 -0.00626 -3.35995e-05
 94  0.00834  2.23928e-05 | 95 -0.02421 -1.91477e-06 | 96  0.01355 -4.13794e-05
 97 -0.00104 -3.01495e-05 | 98  0.02334  1.21263e-04 | 99  0.00878 -3.04764e-05
100  0.00868  6.68017e-05 |101  0.00202 -3.96603e-05 |102  0.01741  4.70942e-05
103 -0.00294 -8.62555e-06 |104 -0.00703 -2.85447e-05 |105  0.00840 -2.63770e-05
106  0.00596  3.30049e-05 |107  0.00017 -1.58765e-05 |108 -0.00053 -1.93686e-05
109  0.00076  2.02299e-05 |110 -0.00129 -1.01632e-06 |111  0.02046 -2.03189e-04
112  0.01537 -2.84998e-04 |113  0.00279  3.74147e-05 |114  0.00069  2.71490e-05
115  0.01607 -2.91181e-04 |116  0.03417  1.82178e-04 |
116 variables; iteration 200; function evaluation 292; phase 5
Function value 1.1814089e+02; maximum gradient component mag -3.0891e-02
Var    Value     Gradient |Var    Value     Gradient |Var    Value     Gradient
  1  0.02288 -1.66052e-02 |  2 -0.06035  2.50181e-05 |  3 -0.09106  3.30152e-05
  4  0.01149  6.92314e-06 |  5 -0.01454  5.30195e-05 |  6  0.02315  1.62532e-04
  7 -0.02010  1.45256e-04 |  8 -0.05494  1.76419e-04 |  9 -0.02758  1.49896e-04
 10 -0.01498  1.39063e-04 | 11  0.05731  2.12332e-04 | 12  0.03277  1.73001e-04
 13  0.05891  1.18762e-04 | 14  0.01547 -4.74682e-05 | 15  0.00303  4.22575e-05
 16  0.06322  1.03208e-04 | 17  0.02973  2.29774e-04 | 18 -0.04073  1.79270e-04
 19 -0.01004  2.86565e-04 | 20 -0.02279  1.05948e-04 | 21  0.03767 -5.79484e-05
 22  0.04808 -2.90623e-06 | 23 -0.04223  5.30550e-05 | 24 -0.03555 -1.09736e-04
 25 -0.10372  8.89972e-05 | 26 -0.00065  3.38003e-04 | 27 -0.02855  7.79931e-05
 28 -0.01385 -1.74287e-04 | 29  0.06024 -1.05711e-03 | 30 -0.00113 -2.66162e-04
 31  0.06302 -6.39968e-04 | 32 -0.01935  4.19797e-04 | 33  0.02273 -8.05552e-04
 34 -0.06478  2.25831e-05 | 35  0.24479 -4.84597e-03 | 36  0.25376 -3.56871e-03
 37  0.26360  3.29198e-03 | 38  0.24356  8.12427e-04 | 39 -0.28317  4.55502e-03
 40 -0.04634 -1.42583e-03 | 41 -0.19247  6.22293e-06 | 42 -0.46344 -3.65595e-06
 43 -0.26467  3.73384e-03 | 44 -0.43554 -3.27604e-03 | 45 -0.30414 -3.08907e-02
 46 -0.47422  8.69437e-03 | 47 -0.01203 -1.96297e-05 | 48  0.02422  1.91807e-05
 49  0.00278  2.04468e-05 | 50  0.00710  1.78618e-06 | 51 -0.00293  1.11764e-05
 52  0.00673 -2.72671e-05 | 53 -0.02329 -5.19176e-05 | 54  0.02145 -1.38104e-05
 55  0.00550  1.50902e-05 | 56  0.01238 -3.29049e-05 | 57 -0.00382  3.60186e-05
 58  0.01291 -2.79942e-05 | 59  0.01101  9.06816e-06 | 60  0.00691  4.51982e-05
 61  0.02087  1.47811e-05 | 62 -0.01209 -8.18256e-06 | 63 -0.00293 -1.28225e-05
 64 -0.00756  7.08330e-06 | 65  0.00044 -2.51637e-05 | 66  0.00039 -6.20584e-06
 67 -0.00839 -5.85567e-05 | 68  0.00587 -5.00468e-05 | 69 -0.00447 -2.64527e-05
 70  0.01160  2.87382e-05 | 71 -0.00007 -1.51079e-05 | 72  0.00013 -4.96094e-05
 73 -0.01049 -5.82677e-05 | 74 -0.00676 -2.40777e-05 | 75 -0.00085 -6.26330e-05
 76 -0.00188 -2.58604e-05 | 77  0.00335 -8.87984e-05 | 78 -0.00038 -1.24663e-05
 79 -0.00488 -8.61595e-06 | 80  0.00548 -4.47909e-05 | 81 -0.01185 -2.47490e-05
 82  0.01441 -6.09051e-06 | 83  0.00606 -5.77452e-05 | 84  0.00402  1.10289e-05
 85  0.01105  1.99839e-06 | 86 -0.01108  1.45241e-05 | 87 -0.01249 -2.49482e-06
 88  0.00797 -9.31975e-06 | 89 -0.00064 -6.34607e-05 | 90  0.00591  1.63796e-05
 91  0.01309 -2.42789e-05 | 92 -0.00842  2.54076e-05 | 93 -0.00626 -8.84150e-05
 94  0.00834  6.54390e-05 | 95 -0.02421 -1.00831e-05 | 96  0.01355 -8.93675e-05
 97 -0.00104 -3.08065e-05 | 98  0.02334  2.08457e-04 | 99  0.00878 -5.06745e-05
100  0.00868  5.56632e-05 |101  0.00202 -8.62237e-05 |102  0.01741  1.02400e-04
103 -0.00294 -3.65123e-05 |104 -0.00703 -3.18921e-05 |105  0.00840 -5.72060e-05
106  0.00596  4.40619e-05 |107  0.00017 -6.61000e-05 |108 -0.00053 -2.60726e-05
109  0.00076  3.29454e-05 |110 -0.00129  1.81913e-05 |111  0.02046 -5.80650e-04
112  0.01537 -7.96989e-04 |113  0.00279  1.22295e-04 |114  0.00069  1.12970e-04
115  0.01607 -7.37581e-04 |116  0.03417  3.32262e-04 |
116 variables; iteration 220; function evaluation 312; phase 5
Function value 1.1814086e+02; maximum gradient component mag -7.3991e+00
Var    Value     Gradient |Var    Value     Gradient |Var    Value     Gradient
  1  0.02288 -1.13540e+00 |  2 -0.06035  4.01548e-04 |  3 -0.09106 -9.16821e-06
  4  0.01149 -4.57948e-04 |  5 -0.01454  2.29759e-02 |  6  0.02315  2.07737e-02
  7 -0.02010  2.15911e-02 |  8 -0.05494  2.12529e-02 |  9 -0.02758  2.15975e-02
 10 -0.01498  2.11159e-02 | 11  0.05731  1.95491e-02 | 12  0.03277  2.04552e-02
 13  0.05891  2.18379e-02 | 14  0.01547  2.34157e-02 | 15  0.00303  2.33344e-02
 16  0.06322  2.15249e-02 | 17  0.02973  2.09157e-02 | 18 -0.04073  2.10690e-02
 19 -0.01005  2.01175e-02 | 20 -0.02279  2.21178e-02 | 21  0.03767  2.24115e-02
 22  0.04808  2.17948e-02 | 23 -0.04223  2.16141e-02 | 24 -0.03555  2.25408e-02
 25 -0.10372  1.84889e-02 | 26 -0.00065  6.40627e-03 | 27 -0.02855 -2.57545e-03
 28 -0.01385 -4.78293e-02 | 29  0.06024 -3.02781e-01 | 30 -0.00113 -5.88615e-02
 31  0.06302 -1.27550e-01 | 32 -0.01935  8.16231e-02 | 33  0.02273 -1.16344e-01
 34 -0.06477  1.23084e-01 | 35  0.24479  3.62092e-02 | 36  0.25376  4.60697e-02
 37  0.26360 -2.95677e-02 | 38  0.24356  9.67795e-02 | 39 -0.28324  4.34344e-01
 40 -0.04657 -1.37231e-01 | 41 -0.20740 -1.12906e-05 | 42 -0.45751  2.03276e-04
 43 -0.26472 -4.16228e-02 | 44 -0.43559  3.66804e-02 | 45 -0.30076 -7.39911e+00
 46 -0.46572  2.95465e+00 | 47 -0.01203  4.01326e-04 | 48  0.02421 -2.96157e-04
 49  0.00278  2.87218e-04 | 50  0.00710 -4.29418e-04 | 51 -0.00293  9.65944e-05
 52  0.00673  1.69527e-04 | 53 -0.02329  1.38802e-03 | 54  0.02145 -2.27171e-05
 55  0.00550 -3.01445e-04 | 56  0.01238  4.25880e-04 | 57 -0.00382 -4.11521e-04
 58  0.01291  4.24213e-06 | 59  0.01101  3.19024e-04 | 60  0.00691 -9.11949e-04
 61  0.02087 -2.83732e-04 | 62 -0.01209  2.32923e-04 | 63 -0.00293  9.43637e-05
 64 -0.00756 -1.27796e-05 | 65  0.00044  6.53063e-04 | 66  0.00039 -3.12434e-04
 67 -0.00839  8.55610e-04 | 68  0.00587  2.77044e-04 | 69 -0.00447 -1.33224e-04
 70  0.01160 -5.11805e-04 | 71 -0.00007  4.29741e-04 | 72  0.00013  4.25097e-04
 73 -0.01049  1.09314e-03 | 74 -0.00676  4.66482e-05 | 75 -0.00085  8.46236e-04
 76 -0.00188  1.59662e-04 | 77  0.00335  1.29105e-03 | 78 -0.00038  5.57989e-05
 79 -0.00488  2.11235e-04 | 80  0.00548  3.23227e-04 | 81 -0.01185  7.26850e-04
 82  0.01441 -4.35937e-04 | 83  0.00606  1.28831e-03 | 84  0.00401 -7.78570e-04
 85  0.01105 -1.22278e-05 | 86 -0.01108 -3.49081e-04 | 87 -0.01249  1.66675e-04
 88  0.00797 -1.46810e-04 | 89 -0.00064  8.66283e-04 | 90  0.00590 -5.01565e-04
 91  0.01309 -5.26724e-05 | 92 -0.00842 -5.03345e-05 | 93 -0.00626  9.59230e-04
 94  0.00834 -4.05998e-04 | 95 -0.02420 -3.90035e-04 | 96  0.01355  3.10905e-03
 97 -0.00104 -1.57414e-02 | 98  0.02333  1.87405e-02 | 99  0.00878 -1.08535e-02
100  0.00868  1.61463e-02 |101  0.00202 -7.33493e-03 |102  0.01741  9.37262e-03
103 -0.00294  6.60347e-04 |104 -0.00703  6.23219e-04 |105  0.00841 -3.33486e-03
106  0.00596  6.95097e-03 |107  0.00017  1.89155e-03 |108 -0.00053  3.67207e-04
109  0.00076 -6.72114e-04 |110 -0.00129 -3.47107e-04 |111  0.02046  8.21300e-03
112  0.01537  1.00611e-02 |113  0.00279  2.48684e-04 |114  0.00069  8.91062e-04
115  0.01607  1.01158e-02 |116  0.03417 -6.38319e-03 |
116 variables; iteration 240; function evaluation 338; phase 5
Function value 1.1814078e+02; maximum gradient component mag -3.1696e+00
Var    Value     Gradient |Var    Value     Gradient |Var    Value     Gradient
  1  0.02288 -1.02841e+00 |  2 -0.06035  1.67003e-04 |  3 -0.09106  4.41438e-05
  4  0.01149 -2.21924e-04 |  5 -0.01454  1.91383e-02 |  6  0.02315  1.78271e-02
  7 -0.02010  1.82507e-02 |  8 -0.05494  1.81154e-02 |  9 -0.02758  1.81962e-02
 10 -0.01498  1.80000e-02 | 11  0.05731  1.71016e-02 | 12  0.03277  1.75471e-02
 13  0.05891  1.79860e-02 | 14  0.01547  1.89211e-02 | 15  0.00303  1.88263e-02
 16  0.06322  1.75304e-02 | 17  0.02973  1.67755e-02 | 18 -0.04073  1.72404e-02
 19 -0.01005  1.63353e-02 | 20 -0.02279  1.78083e-02 | 21  0.03767  1.82041e-02
 22  0.04808  1.77808e-02 | 23 -0.04222  1.79433e-02 | 24 -0.03555  1.79284e-02
 25 -0.10372  1.56850e-02 | 26 -0.00065  5.87633e-03 | 27 -0.02855 -2.10568e-03
 28 -0.01385 -4.04985e-02 | 29  0.06024 -2.50881e-01 | 30 -0.00113 -4.58395e-02
 31  0.06302 -1.10959e-01 | 32 -0.01935  6.82274e-02 | 33  0.02273 -1.01305e-01
 34 -0.06478  1.03169e-01 | 35  0.24479  1.62349e-02 | 36  0.25376  2.16914e-02
 37  0.26360 -1.57825e-02 | 38  0.24356  8.83221e-02 | 39 -0.28321  3.79668e-01
 40 -0.04647 -1.19942e-01 | 41 -0.20163 -1.38241e-05 | 42 -0.45984  9.76091e-05
 43 -0.26471 -2.24253e-02 | 44 -0.43558  1.97594e-02 | 45 -0.29187 -3.16957e+00
 46 -0.44375  1.29284e+00 | 47 -0.01203  2.05128e-04 | 48  0.02421 -1.70554e-04
 49  0.00278 -7.24147e-06 | 50  0.00710 -1.18776e-04 | 51 -0.00293 -2.00562e-05
 52  0.00673  1.42389e-04 | 53 -0.02329  5.83911e-04 | 54  0.02145  1.12955e-04
 55  0.00550 -1.56681e-04 | 56  0.01238  3.34911e-04 | 57 -0.00382 -2.05753e-04
 58  0.01291  1.17587e-04 | 59  0.01101  9.64308e-05 | 60  0.00691 -3.31144e-04
 61  0.02087 -2.01102e-04 | 62 -0.01209  1.17676e-04 | 63 -0.00293  6.20547e-05
 64 -0.00756 -2.41581e-05 | 65  0.00044  2.80546e-04 | 66  0.00039 -3.00910e-05
 67 -0.00839  4.21312e-04 | 68  0.00587  2.44485e-04 | 69 -0.00447  3.96364e-05
 70  0.01160 -2.12249e-04 | 71 -0.00007  1.63233e-04 | 72  0.00013  3.53937e-04
 73 -0.01049  5.17941e-04 | 74 -0.00676  1.08961e-04 | 75 -0.00085  4.90915e-04
 76 -0.00188  1.23111e-04 | 77  0.00335  7.24427e-04 | 78 -0.00038  9.90820e-06
 79 -0.00488  1.17627e-04 | 80  0.00548  2.21140e-04 | 81 -0.01185  3.08737e-04
 82  0.01441 -9.14359e-05 | 83  0.00606  6.35730e-04 | 84  0.00401 -2.74542e-04
 85  0.01105 -2.99684e-07 | 86 -0.01108 -1.15246e-04 | 87 -0.01249  8.16479e-05
 88  0.00797 -6.25978e-06 | 89 -0.00064  4.83810e-04 | 90  0.00590 -1.73056e-04
 91  0.01309 -1.72264e-05 | 92 -0.00842  1.27238e-04 | 93 -0.00626  4.54313e-04
 94  0.00834  6.97380e-05 | 95 -0.02420 -8.50710e-04 | 96  0.01355  2.58640e-03
 97 -0.00104 -1.31751e-02 | 98  0.02333  1.61811e-02 | 99  0.00878 -8.88144e-03
100  0.00868  1.34751e-02 |101  0.00202 -6.46803e-03 |102  0.01741  8.53939e-03
103 -0.00294  3.28137e-04 |104 -0.00703  1.05569e-03 |105  0.00841 -3.19829e-03
106  0.00596  5.93320e-03 |107  0.00017  9.85849e-04 |108 -0.00053  2.10461e-04
109  0.00076 -3.83947e-04 |110 -0.00129 -1.59513e-04 |111  0.02046  4.34535e-03
112  0.01537  5.10444e-03 |113  0.00279 -3.74939e-04 |114  0.00069 -5.55504e-05
115  0.01607  5.35611e-03 |116  0.03417 -3.91450e-03 |
  ic > imax  in fminim is answer attained ?
Var    Value     Gradient |Var    Value     Gradient |Var    Value     Gradient
  1  0.02288 -1.02621e+01 |  2 -0.06035  1.90562e-05 |  3 -0.09105  1.80949e-04
  4  0.01150  2.14648e-03 |  5 -0.01455  1.60640e-01 |  6  0.02314  1.66090e-01
  7 -0.02012  1.65365e-01 |  8 -0.05496  1.63817e-01 |  9 -0.02760  1.64173e-01
 10 -0.01500  1.65679e-01 | 11  0.05730  1.68702e-01 | 12  0.03277  1.66844e-01
 13  0.05891  1.62243e-01 | 14  0.01547  1.57551e-01 | 15  0.00302  1.61261e-01
 16  0.06322  1.61511e-01 | 17  0.02974  1.69170e-01 | 18 -0.04073  1.67671e-01
 19 -0.01003  1.71193e-01 | 20 -0.02279  1.59870e-01 | 21  0.03768  1.58386e-01
 22  0.04809  1.57614e-01 | 23 -0.04222  1.56732e-01 | 24 -0.03554  1.45369e-01
 25 -0.10371  1.46888e-01 | 26 -0.00064  8.04957e-02 | 27 -0.02855 -1.26241e-02
 28 -0.01384 -3.68979e-01 | 29  0.06027 -2.28168e+00 | 30 -0.00112 -4.15917e-01
 31  0.06305 -9.72197e-01 | 32 -0.01936  6.18590e-01 | 33  0.02275 -9.02827e-01
 34 -0.06484  8.54262e-01 | 35  0.24479 -1.29226e-01 | 36  0.25375 -1.14184e-01
 37  0.26359  7.85156e-02 | 38  0.24354  7.85001e-01 | 39 -0.28309  3.60644e+00
 40 -0.04609 -1.13911e+00 | 41 -0.13383 -3.31605e-04 | 42 -0.48613 -1.58472e-03
 43 -0.26454  1.20178e-01 | 44 -0.43539 -1.05908e-01 | 45 -0.28139 -1.97456e+01
 46 -0.41831  8.15070e+00 | 47 -0.01203 -9.51578e-04 | 48  0.02422  3.42318e-04
 49  0.00278  4.63536e-05 | 50  0.00710  1.23919e-03 | 51 -0.00293  1.87814e-04
 52  0.00673 -8.35372e-04 | 53 -0.02330 -3.82010e-03 | 54  0.02145  6.42821e-04
 55  0.00549  3.24243e-04 | 56  0.01238 -1.30941e-03 | 57 -0.00382  1.24253e-03
 58  0.01291 -4.33338e-04 | 59  0.01100 -1.01242e-03 | 60  0.00691  2.74217e-03
 61  0.02086  6.33349e-04 | 62 -0.01209 -4.96421e-04 | 63 -0.00294 -3.19933e-04
 64 -0.00756  5.55725e-05 | 65  0.00043 -2.01663e-03 | 66  0.00039  9.12164e-04
 67 -0.00840 -2.06063e-03 | 68  0.00587 -1.26044e-03 | 69 -0.00447 -3.80760e-04
 70  0.01161  2.07949e-03 | 71 -0.00007 -6.06687e-04 | 72  0.00013 -1.68951e-03
 73 -0.01050 -2.71096e-03 | 74 -0.00676 -3.88160e-04 | 75 -0.00085 -2.75837e-03
 76 -0.00188 -5.38948e-05 | 77  0.00335 -4.21632e-03 | 78 -0.00038  2.44192e-04
 79 -0.00488 -5.42962e-04 | 80  0.00548 -1.14247e-03 | 81 -0.01185 -1.75405e-03
 82  0.01442  7.53935e-04 | 83  0.00606 -3.31624e-03 | 84  0.00402  1.98805e-03
 85  0.01105  8.59062e-05 | 86 -0.01108  1.03267e-03 | 87 -0.01249 -5.11432e-04
 88  0.00798  1.25272e-03 | 89 -0.00064 -2.84522e-03 | 90  0.00591  3.23974e-03
 91  0.01309 -2.27345e-03 | 92 -0.00841  4.72328e-03 | 93 -0.00626 -5.45301e-03
 94  0.00834  9.79489e-03 | 95 -0.02421 -9.98947e-03 | 96  0.01355  1.46036e-02
 97 -0.00103 -1.16679e-01 | 98  0.02333  1.64570e-01 | 99  0.00878 -7.93696e-02
100  0.00865  1.20739e-01 |101  0.00203 -6.20670e-02 |102  0.01739  8.21956e-02
103 -0.00295 -6.32673e-04 |104 -0.00702  1.25031e-02 |105  0.00841 -3.60318e-02
106  0.00595  5.79416e-02 |107  0.00016 -4.99507e-03 |108 -0.00053 -9.73464e-04
109  0.00076  1.93881e-03 |110 -0.00129  1.01784e-03 |111  0.02045 -2.33419e-02
112  0.01536 -2.87973e-02 |113  0.00278  1.90259e-03 |114  0.00068  4.69627e-04
115  0.01603 -3.02765e-02 |116  0.03416  1.67157e-02 |
Function minimizer not making progress ... is minimum attained?
Minimprove criterion = 0.0000e+00

 - final statistics:
116 variables; iteration 247; function evaluation 384
Function value 1.1814e+02; maximum gradient component mag -1.9746e+01
Exit code = 1;  converg criter 1.0000e-04
Var    Value     Gradient |Var    Value     Gradient |Var    Value     Gradient
  1  0.02288 -1.02621e+01 |  2 -0.06035  1.90562e-05 |  3 -0.09105  1.80949e-04
  4  0.01150  2.14648e-03 |  5 -0.01455  1.60640e-01 |  6  0.02314  1.66090e-01
  7 -0.02012  1.65365e-01 |  8 -0.05496  1.63817e-01 |  9 -0.02760  1.64173e-01
 10 -0.01500  1.65679e-01 | 11  0.05730  1.68702e-01 | 12  0.03277  1.66844e-01
 13  0.05891  1.62243e-01 | 14  0.01547  1.57551e-01 | 15  0.00302  1.61261e-01
 16  0.06322  1.61511e-01 | 17  0.02974  1.69170e-01 | 18 -0.04073  1.67671e-01
 19 -0.01003  1.71193e-01 | 20 -0.02279  1.59870e-01 | 21  0.03768  1.58386e-01
 22  0.04809  1.57614e-01 | 23 -0.04222  1.56732e-01 | 24 -0.03554  1.45369e-01
 25 -0.10371  1.46888e-01 | 26 -0.00064  8.04957e-02 | 27 -0.02855 -1.26241e-02
 28 -0.01384 -3.68979e-01 | 29  0.06027 -2.28168e+00 | 30 -0.00112 -4.15917e-01
 31  0.06305 -9.72197e-01 | 32 -0.01936  6.18590e-01 | 33  0.02275 -9.02827e-01
 34 -0.06484  8.54262e-01 | 35  0.24479 -1.29226e-01 | 36  0.25375 -1.14184e-01
 37  0.26359  7.85156e-02 | 38  0.24354  7.85001e-01 | 39 -0.28309  3.60644e+00
 40 -0.04609 -1.13911e+00 | 41 -0.13383 -3.31605e-04 | 42 -0.48613 -1.58472e-03
 43 -0.26454  1.20178e-01 | 44 -0.43539 -1.05908e-01 | 45 -0.28139 -1.97456e+01
 46 -0.41831  8.15070e+00 | 47 -0.01203 -9.51578e-04 | 48  0.02422  3.42318e-04
 49  0.00278  4.63536e-05 | 50  0.00710  1.23919e-03 | 51 -0.00293  1.87814e-04
 52  0.00673 -8.35372e-04 | 53 -0.02330 -3.82010e-03 | 54  0.02145  6.42821e-04
 55  0.00549  3.24243e-04 | 56  0.01238 -1.30941e-03 | 57 -0.00382  1.24253e-03
 58  0.01291 -4.33338e-04 | 59  0.01100 -1.01242e-03 | 60  0.00691  2.74217e-03
 61  0.02086  6.33349e-04 | 62 -0.01209 -4.96421e-04 | 63 -0.00294 -3.19933e-04
 64 -0.00756  5.55725e-05 | 65  0.00043 -2.01663e-03 | 66  0.00039  9.12164e-04
 67 -0.00840 -2.06063e-03 | 68  0.00587 -1.26044e-03 | 69 -0.00447 -3.80760e-04
 70  0.01161  2.07949e-03 | 71 -0.00007 -6.06687e-04 | 72  0.00013 -1.68951e-03
 73 -0.01050 -2.71096e-03 | 74 -0.00676 -3.88160e-04 | 75 -0.00085 -2.75837e-03
 76 -0.00188 -5.38948e-05 | 77  0.00335 -4.21632e-03 | 78 -0.00038  2.44192e-04
 79 -0.00488 -5.42962e-04 | 80  0.00548 -1.14247e-03 | 81 -0.01185 -1.75405e-03
 82  0.01442  7.53935e-04 | 83  0.00606 -3.31624e-03 | 84  0.00402  1.98805e-03
 85  0.01105  8.59062e-05 | 86 -0.01108  1.03267e-03 | 87 -0.01249 -5.11432e-04
 88  0.00798  1.25272e-03 | 89 -0.00064 -2.84522e-03 | 90  0.00591  3.23974e-03
 91  0.01309 -2.27345e-03 | 92 -0.00841  4.72328e-03 | 93 -0.00626 -5.45301e-03
 94  0.00834  9.79489e-03 | 95 -0.02421 -9.98947e-03 | 96  0.01355  1.46036e-02
 97 -0.00103 -1.16679e-01 | 98  0.02333  1.64570e-01 | 99  0.00878 -7.93696e-02
100  0.00865  1.20739e-01 |101  0.00203 -6.20670e-02 |102  0.01739  8.21956e-02
103 -0.00295 -6.32673e-04 |104 -0.00702  1.25031e-02 |105  0.00841 -3.60318e-02
106  0.00595  5.79416e-02 |107  0.00016 -4.99507e-03 |108 -0.00053 -9.73464e-04
109  0.00076  1.93881e-03 |110 -0.00129  1.01784e-03 |111  0.02045 -2.33419e-02
112  0.01536 -2.87973e-02 |113  0.00278  1.90259e-03 |114  0.00068  4.69627e-04
115  0.01603 -3.02765e-02 |116  0.03416  1.67157e-02 |
Estimating row 1 out of 116 for hessian
Estimating row 2 out of 116 for hessian
Estimating row 3 out of 116 for hessian
Estimating row 4 out of 116 for hessian
Estimating row 5 out of 116 for hessian
Estimating row 6 out of 116 for hessian
Estimating row 7 out of 116 for hessian
Estimating row 8 out of 116 for hessian
Estimating row 9 out of 116 for hessian
Estimating row 10 out of 116 for hessian
Estimating row 11 out of 116 for hessian
Estimating row 12 out of 116 for hessian
Estimating row 13 out of 116 for hessian
Estimating row 14 out of 116 for hessian
Estimating row 15 out of 116 for hessian
Estimating row 16 out of 116 for hessian
Estimating row 17 out of 116 for hessian
Estimating row 18 out of 116 for hessian
Estimating row 19 out of 116 for hessian
Estimating row 20 out of 116 for hessian
Estimating row 21 out of 116 for hessian
Estimating row 22 out of 116 for hessian
Estimating row 23 out of 116 for hessian
Estimating row 24 out of 116 for hessian
Estimating row 25 out of 116 for hessian
Estimating row 26 out of 116 for hessian
Estimating row 27 out of 116 for hessian
Estimating row 28 out of 116 for hessian
Estimating row 29 out of 116 for hessian
Estimating row 30 out of 116 for hessian
Estimating row 31 out of 116 for hessian
Estimating row 32 out of 116 for hessian
Estimating row 33 out of 116 for hessian
Estimating row 34 out of 116 for hessian
Estimating row 35 out of 116 for hessian
Estimating row 36 out of 116 for hessian
Estimating row 37 out of 116 for hessian
Estimating row 38 out of 116 for hessian
Estimating row 39 out of 116 for hessian
Estimating row 40 out of 116 for hessian
Estimating row 41 out of 116 for hessian
Estimating row 42 out of 116 for hessian
Estimating row 43 out of 116 for hessian
Estimating row 44 out of 116 for hessian
Estimating row 45 out of 116 for hessian
Estimating row 46 out of 116 for hessian
Estimating row 47 out of 116 for hessian
Estimating row 48 out of 116 for hessian
Estimating row 49 out of 116 for hessian
Estimating row 50 out of 116 for hessian
Estimating row 51 out of 116 for hessian
Estimating row 52 out of 116 for hessian
Estimating row 53 out of 116 for hessian
Estimating row 54 out of 116 for hessian
Estimating row 55 out of 116 for hessian
Estimating row 56 out of 116 for hessian
Estimating row 57 out of 116 for hessian
Estimating row 58 out of 116 for hessian
Estimating row 59 out of 116 for hessian
Estimating row 60 out of 116 for hessian
Estimating row 61 out of 116 for hessian
Estimating row 62 out of 116 for hessian
Estimating row 63 out of 116 for hessian
Estimating row 64 out of 116 for hessian
Estimating row 65 out of 116 for hessian
Estimating row 66 out of 116 for hessian
Estimating row 67 out of 116 for hessian
Estimating row 68 out of 116 for hessian
Estimating row 69 out of 116 for hessian
Estimating row 70 out of 116 for hessian
Estimating row 71 out of 116 for hessian
Estimating row 72 out of 116 for hessian
Estimating row 73 out of 116 for hessian
Estimating row 74 out of 116 for hessian
Estimating row 75 out of 116 for hessian
Estimating row 76 out of 116 for hessian
Estimating row 77 out of 116 for hessian
Estimating row 78 out of 116 for hessian
Estimating row 79 out of 116 for hessian
Estimating row 80 out of 116 for hessian
Estimating row 81 out of 116 for hessian
Estimating row 82 out of 116 for hessian
Estimating row 83 out of 116 for hessian
Estimating row 84 out of 116 for hessian
Estimating row 85 out of 116 for hessian
Estimating row 86 out of 116 for hessian
Estimating row 87 out of 116 for hessian
Estimating row 88 out of 116 for hessian
Estimating row 89 out of 116 for hessian
Estimating row 90 out of 116 for hessian
Estimating row 91 out of 116 for hessian
Estimating row 92 out of 116 for hessian
Estimating row 93 out of 116 for hessian
Estimating row 94 out of 116 for hessian
Estimating row 95 out of 116 for hessian
Estimating row 96 out of 116 for hessian
Estimating row 97 out of 116 for hessian
Estimating row 98 out of 116 for hessian
Estimating row 99 out of 116 for hessian
Estimating row 100 out of 116 for hessian
Estimating row 101 out of 116 for hessian
Estimating row 102 out of 116 for hessian
Estimating row 103 out of 116 for hessian
Estimating row 104 out of 116 for hessian
Estimating row 105 out of 116 for hessian
Estimating row 106 out of 116 for hessian
Estimating row 107 out of 116 for hessian
Estimating row 108 out of 116 for hessian
Estimating row 109 out of 116 for hessian
Estimating row 110 out of 116 for hessian
Estimating row 111 out of 116 for hessian
Estimating row 112 out of 116 for hessian
Estimating row 113 out of 116 for hessian
Estimating row 114 out of 116 for hessian
Estimating row 115 out of 116 for hessian
Estimating row 116 out of 116 for hessian
Warning -- Hessian does not appear to be positive definite
Hessian does not appear to be positive definite.
size of file gradfil1.tmp = 0
size of file gradfil2.tmp = 0
size of file varssave.tmp = 0
size of file cmpdiff.tmp = 0
