
Initial statistics: 2 variables; iteration 0; function evaluation 0; phase 1
Function value 1.1026338e+04; maximum gradient component mag 4.5335e+04
Var    Value     Gradient |Var    Value     Gradient |Var    Value     Gradient
  1  0.33333  4.53346e+04 |  2  0.21635  2.04739e+04 |

 - final statistics:
2 variables; iteration 10; function evaluation 19
Function value 6.5351e+02; maximum gradient component mag -8.3286e-01
Exit code = 1;  converg criter 1.0000e+01
Var    Value     Gradient |Var    Value     Gradient |Var    Value     Gradient
  1 -0.03920 -4.22958e-01 |  2  0.22927 -8.32855e-01 |

Initial statistics: 45 variables; iteration 0; function evaluation 0; phase 2
Function value 6.5350856e+02; maximum gradient component mag -4.1744e+03
Var    Value     Gradient |Var    Value     Gradient |Var    Value     Gradient
  1 -0.03920 -4.22958e-01 |  2  0.00000  1.38493e+02 |  3  0.00000  1.03739e+02
  4  0.00000 -1.24014e+01 |  5  0.00000  5.58453e+01 |  6  0.00000 -9.62238e+00
  7  0.00000  2.28240e+01 |  8  0.00000  6.97702e+01 |  9  0.00000  2.95782e+01
 10  0.00000  2.83790e+01 | 11  0.00000 -4.09830e+01 | 12  0.00000 -8.06564e+00
 13  0.00000 -5.60776e+01 | 14  0.00000 -3.50201e+01 | 15  0.00000 -3.43146e+01
 16  0.00000 -1.21437e+02 | 17  0.00000 -7.47096e+01 | 18  0.00000 -3.38429e+00
 19  0.00000 -8.62301e+01 | 20  0.00000 -8.37584e+01 | 21  0.00000 -1.56223e+02
 22  0.00000 -1.06118e+02 | 23  0.00000  9.46060e+01 | 24  0.00000  9.84100e+01
 25  0.00000  2.53207e+02 | 26  0.00000  1.95478e+02 | 27  0.00000  2.54275e+02
 28  0.00000  3.18732e+02 | 29  0.00000  2.91991e+01 | 30  0.00000  1.80717e+02
 31  0.00000 -8.43128e+02 | 32  0.00000  2.31774e+02 | 33  0.00000 -4.38404e+02
 34  0.00000  3.38763e+02 | 35  0.00000 -2.96406e+02 | 36  0.00000  1.55597e+02
 37  0.00000  4.01882e+02 | 38  0.00000 -2.96093e+02 | 39  0.00000 -6.90618e+01
 40  0.21635 -4.17439e+03 | 41  0.21635 -2.02457e+03 | 42  0.22927 -8.32855e-01
 43 -0.30909 -1.22586e+03 | 44  0.12819  1.07183e+01 | 45 -0.30909  6.90832e+02

Intermediate statistics: 45 variables; iteration 20; function evaluation 28; phase 2
Function value 4.1088588e+02; maximum gradient component mag -2.9777e+03
Var    Value     Gradient |Var    Value     Gradient |Var    Value     Gradient
  1 -0.05668  2.46523e+01 |  2 -0.18659  4.40743e+01 |  3 -0.14947  4.26394e+01
  4 -0.00590  1.21830e+02 |  5 -0.02111  8.10059e+01 |  6  0.02708  1.44140e+02
  7 -0.08430 -3.40132e+01 |  8 -0.12052 -3.65647e+01 |  9 -0.07963 -4.17422e+01
 10 -0.11898 -3.87939e+01 | 11 -0.02454 -4.15949e+01 | 12 -0.00915 -5.07049e+01
 13  0.04947 -6.04747e+01 | 14  0.01255 -5.45520e+01 | 15 -0.02372 -3.43036e+01
 16  0.06866 -1.47490e+01 | 17  0.03998 -1.30970e+01 | 18 -0.02443 -4.06750e+01
 19  0.03165 -3.93626e+01 | 20  0.02525 -4.96372e+01 | 21  0.05543 -5.98822e+01
 22  0.04760 -5.50386e+01 | 23 -0.08284 -9.55692e+01 | 24 -0.04938 -8.85411e+01
 25 -0.11930 -8.41069e+01 | 26  0.00727 -2.91856e+01 | 27 -0.04220 -6.66942e+01
 28 -0.00936 -8.12282e+01 | 29  0.08884  7.96183e+01 | 30  0.00837  6.09634e+00
 31  0.09373  2.11789e+02 | 32 -0.02355 -1.65674e+02 | 33  0.04131 -3.69769e+02
 34 -0.01447 -2.02791e+02 | 35  0.05906 -5.10681e+01 | 36  0.02542 -3.24381e+00
 37 -0.00531 -8.59872e+01 | 38  0.06654 -2.49652e+01 | 39  0.05943 -3.98567e+01
 40  0.22975 -2.97765e+03 | 41  0.22684 -1.43709e+03 | 42  0.22289 -1.11067e+03
 43 -0.27209  8.67604e+02 | 44  0.03691 -1.91068e+02 | 45 -0.31014 -3.52460e+02
45 variables; iteration 40; function evaluation 54; phase 2
Function value 3.4160473e+02; maximum gradient component mag -3.9504e+03
Var    Value     Gradient |Var    Value     Gradient |Var    Value     Gradient
  1 -0.06089 -3.95038e+03 |  2 -0.21738  4.44967e+00 |  3 -0.15276  1.73203e+01
  4  0.00600  5.89886e+01 |  5 -0.01240  1.00783e+02 |  6  0.03930  1.35284e+02
  7 -0.06793  6.43816e+01 |  8 -0.10960  4.73703e+01 |  9 -0.07591  2.89907e+01
 10 -0.11927  4.13842e+01 | 11 -0.02446  2.58981e+01 | 12  0.01066  3.61825e+01
 13  0.05963 -4.98552e+00 | 14  0.00724  1.05232e+01 | 15 -0.02503  3.07269e+01
 16  0.06025 -1.36375e+01 | 17  0.05433  1.55767e+01 | 18 -0.03377 -8.53664e+00
 19  0.02974  1.45797e+01 | 20  0.02360  1.61568e+00 | 21  0.03449  3.55116e+00
 22  0.02865 -6.83950e+00 | 23 -0.06392  2.46321e+01 | 24 -0.05360  1.94926e+01
 25 -0.11289  1.65773e+01 | 26  0.03744  2.49947e+01 | 27 -0.01824 -1.44554e+01
 28 -0.01353 -1.26347e+02 | 29  0.07673 -2.44890e+02 | 30  0.01130 -1.31535e+02
 31  0.07838 -1.24281e+02 | 32 -0.00946 -7.25369e+01 | 33  0.04518  6.22848e+01
 34 -0.00887  4.75757e+00 | 35  0.05461 -4.17960e+01 | 36  0.02164 -5.16414e+01
 37 -0.00352 -6.01481e+01 | 38  0.05740 -1.87528e+01 | 39  0.01578  4.84637e+01
 40  0.24677 -1.02470e+03 | 41  0.24467 -6.97451e+01 | 42  0.24919 -3.73657e+02
 43 -0.27219 -7.46083e+00 | 44  0.03269  2.54255e+00 | 45 -0.28146  1.40384e+02

 - final statistics:
45 variables; iteration 59; function evaluation 79
Function value 3.3507e+02; maximum gradient component mag 9.7486e+00
Exit code = 1;  converg criter 1.0000e+01
Var    Value     Gradient |Var    Value     Gradient |Var    Value     Gradient
  1 -0.06063 -3.24395e+00 |  2 -0.19925  8.88879e-02 |  3 -0.16336  2.00281e-02
  4 -0.00060  4.68415e-02 |  5 -0.01088 -7.42358e-03 |  6  0.03655 -1.22946e-01
  7 -0.07631  1.63226e-01 |  8 -0.11142 -1.47108e-01 |  9 -0.06618 -4.23987e-02
 10 -0.11350 -3.63838e-01 | 11 -0.02047 -1.26047e+00 | 12 -0.00113 -1.62651e+00
 13  0.05888 -3.59370e+00 | 14  0.00930 -1.81214e-01 | 15 -0.03032  3.56343e-01
 16  0.06250  6.15015e-02 | 17  0.04335 -8.16884e-02 | 18 -0.01445  6.34106e-02
 19  0.02528 -8.05243e-01 | 20  0.02413 -5.55353e-01 | 21  0.03193 -3.34963e-01
 22  0.03105 -2.60180e-01 | 23 -0.06454 -5.43608e-01 | 24 -0.05320 -6.25675e-01
 25 -0.10160 -8.28956e-01 | 26  0.01984 -1.56454e+00 | 27 -0.02507 -1.44292e+00
 28  0.00208 -3.76393e-01 | 29  0.07619 -1.44208e-01 | 30  0.01349  1.84561e-01
 31  0.07676  6.86384e-01 | 32 -0.00303  7.61330e-01 | 33  0.03610  1.84456e+00
 34 -0.01096  1.41940e+00 | 35  0.05422  3.15332e+00 | 36  0.02279  2.56436e+00
 37 -0.00016  1.74423e+00 | 38  0.05782  1.74922e+00 | 39  0.01966 -2.18044e-01
 40  0.25121 -3.07488e-01 | 41  0.24545  2.36094e+00 | 42  0.25359  1.27094e+00
 43 -0.27049  9.74856e+00 | 44  0.03481 -8.44895e-01 | 45 -0.27967 -2.18414e+00

Initial statistics: 49 variables; iteration 0; function evaluation 0; phase 3
Function value 3.3507074e+02; maximum gradient component mag -4.4195e+03
Var    Value     Gradient |Var    Value     Gradient |Var    Value     Gradient
  1 -0.06063 -3.24395e+00 |  2 -0.19925  8.88879e-02 |  3 -0.16336  2.00281e-02
  4 -0.00060  4.68415e-02 |  5 -0.01088  3.72759e-03 |  6  0.03655 -1.11812e-01
  7 -0.07631  1.74299e-01 |  8 -0.11142 -1.36126e-01 |  9 -0.06618 -3.13061e-02
 10 -0.11350 -3.52862e-01 | 11 -0.02047 -1.24932e+00 | 12 -0.00113 -1.61536e+00
 13  0.05888 -3.58260e+00 | 14  0.00930 -1.70062e-01 | 15 -0.03032  3.67483e-01
 16  0.06250  7.26006e-02 | 17  0.04335 -7.05614e-02 | 18 -0.01445  7.45605e-02
 19  0.02528 -7.94099e-01 | 20  0.02413 -5.44208e-01 | 21  0.03193 -3.23824e-01
 22  0.03105 -2.49040e-01 | 23 -0.06454 -5.32512e-01 | 24 -0.05320 -6.14561e-01
 25 -0.10160 -8.17945e-01 | 26  0.01984 -1.55339e+00 | 27 -0.02507 -1.43178e+00
 28  0.00208 -3.65240e-01 | 29  0.07619 -1.33135e-01 | 30  0.01349  1.95711e-01
 31  0.07676  6.97455e-01 | 32 -0.00303  7.72483e-01 | 33  0.03610  1.85570e+00
 34 -0.01096  1.43055e+00 | 35  0.05422  3.16443e+00 | 36  0.02279  2.57551e+00
 37 -0.00016  1.75539e+00 | 38  0.05782  1.76032e+00 | 39  0.01966 -2.06897e-01
 40  0.25121 -3.07488e-01 | 41  0.24545  2.36094e+00 | 42  0.21635 -4.41950e+03
 43  0.25359  1.27094e+00 | 44 -0.27049  9.74856e+00 | 45  0.03481 -8.44895e-01
 46 -0.30909 -9.83683e+02 | 47 -0.43452  2.28133e-04 | 48 -0.27967 -2.18414e+00
 49 -0.36199  7.77805e+00 |

Intermediate statistics: 49 variables; iteration 20; function evaluation 32; phase 3
Function value 1.7424314e+02; maximum gradient component mag -1.8430e+03
Var    Value     Gradient |Var    Value     Gradient |Var    Value     Gradient
  1 -0.06238 -1.84304e+03 |  2 -0.19825  6.30293e+00 |  3 -0.16233  5.71310e+00
  4  0.00174  2.39773e+01 |  5 -0.00676  4.96878e+01 |  6  0.04179  6.18564e+01
  7 -0.07387  3.94672e+01 |  8 -0.10799  3.72454e+01 |  9 -0.06169  4.00665e+01
 10 -0.11129  1.94652e+01 | 11 -0.01743  6.52850e+00 | 12  0.00246 -2.01764e+00
 13  0.06414 -2.62224e+01 | 14  0.00446  2.05986e+01 | 15 -0.03169  3.00042e+01
 16  0.06424  2.97392e+01 | 17  0.05161  3.24360e+01 | 18 -0.00880  1.45414e+01
 19 -0.00442 -1.18261e+02 | 20  0.01246 -9.35789e+01 | 21  0.02214  2.30809e+01
 22  0.01566  4.86782e+01 | 23 -0.08035  4.87611e+01 | 24 -0.05510  7.18559e+01
 25 -0.10849  6.95380e+01 | 26  0.02541  1.68682e+02 | 27  0.02107  1.73869e+02
 28 -0.01950 -2.82621e+01 | 29  0.07828 -6.89134e+01 | 30  0.01439 -7.16556e+01
 31  0.07600  9.24409e+01 | 32 -0.00969  1.58025e+00 | 33  0.03696 -9.19277e+01
 34 -0.01366 -9.16548e+01 | 35  0.05168 -2.03488e+02 | 36  0.03066 -1.92612e+02
 37  0.00605 -7.62845e+01 | 38  0.05695 -4.02414e+01 | 39  0.03280  1.45100e+01
 40  0.25668 -1.28378e+02 | 41  0.26556 -3.14992e+02 | 42  0.27674 -2.41975e+02
 43  0.26227  1.06039e+02 | 44 -0.26833  4.39497e+02 | 45  0.03150 -1.06859e+02
 46 -0.28549  1.98993e+02 | 47 -0.44760 -1.21922e+02 | 48 -0.27577  8.08569e+01
 49 -0.37929 -2.91522e+01 |
49 variables; iteration 40; function evaluation 59; phase 3
Function value 1.7220145e+02; maximum gradient component mag -2.6955e+04
Var    Value     Gradient |Var    Value     Gradient |Var    Value     Gradient
  1 -0.06239 -3.76213e+03 |  2 -0.18817  7.98215e+00 |  3 -0.16167  3.52389e+00
  4  0.00121  1.32007e+01 |  5 -0.00680  6.77586e+01 |  6  0.04007  6.76225e+01
  7 -0.07317  5.81689e+01 |  8 -0.10870  5.40400e+01 |  9 -0.06223  5.33282e+01
 10 -0.10895  5.36003e+01 | 11 -0.01632  4.61634e+01 | 12  0.00253  4.04425e+01
 13  0.06435  2.73501e+01 | 14  0.00334  3.16936e+01 | 15 -0.03594  3.33523e+01
 16  0.06772  1.86413e+01 | 17  0.05095  1.26823e+01 | 18 -0.01186  1.12568e+01
 19  0.00249 -4.63527e+01 | 20  0.00729 -6.10800e+01 | 21  0.02343  3.78834e+01
 22  0.01481  4.45741e+01 | 23 -0.08298  5.10563e+01 | 24 -0.05620  6.27365e+01
 25 -0.10570  7.40164e+01 | 26  0.02465  5.96032e+01 | 27  0.01445  6.59783e+01
 28 -0.01361 -1.04864e+02 | 29  0.07798 -2.57311e+02 | 30  0.02027 -4.45630e+01
 31  0.07394 -4.71574e+00 | 32 -0.00912  3.99730e+01 | 33  0.03730 -1.30683e+02
 34 -0.01338 -7.32983e+01 | 35  0.05144 -1.89573e+02 | 36  0.03089 -1.44515e+02
 37  0.00668 -1.92376e+00 | 38  0.05742  2.19072e+01 | 39  0.03293  6.70525e+01
 40  0.25719 -2.04940e+01 | 41  0.26716 -3.58437e+01 | 42  0.27787 -1.73635e+02
 43  0.26131  1.03387e+02 | 44 -0.28440  5.10317e+02 | 45 -0.03032 -1.28443e+02
 46 -0.28257  6.45181e+01 | 47 -0.44264 -3.95167e+01 | 48 -0.30840 -2.69553e+04
 49 -0.48428  7.35248e+03 |
49 variables; iteration 60; function evaluation 90; phase 3
Function value 1.7064686e+02; maximum gradient component mag -1.5838e+02
Var    Value     Gradient |Var    Value     Gradient |Var    Value     Gradient
  1 -0.06234 -1.43884e+02 |  2 -0.19860 -1.70168e-01 |  3 -0.16205  1.66900e-02
  4  0.00106 -2.43599e-01 |  5 -0.00706  1.34458e+00 |  6  0.04125  1.08354e+00
  7 -0.07429  1.71810e+00 |  8 -0.10854  1.34810e+00 |  9 -0.06186  1.60374e+00
 10 -0.11068  1.47793e+00 | 11 -0.01707  1.07458e+00 | 12  0.00255  7.21334e-01
 13  0.06438  4.94977e-01 | 14  0.00506  8.30882e-01 | 15 -0.03200  1.34484e+00
 16  0.06420  5.86626e-01 | 17  0.04996  3.71665e-01 | 18 -0.00891 -1.11924e-02
 19  0.00122  2.76974e-01 | 20  0.01088  1.53087e+00 | 21  0.02374 -1.74997e-01
 22  0.01466  5.99818e-01 | 23 -0.08188  1.11534e+00 | 24 -0.05585  7.49637e-01
 25 -0.11173  1.54249e+00 | 26  0.02518 -2.01011e+00 | 27  0.01069 -5.87639e+00
 28 -0.01237 -2.37044e+00 | 29  0.07970 -4.04267e+00 | 30  0.01933 -4.99065e-01
 31  0.07303 -4.89241e+00 | 32 -0.00959  2.64678e+00 | 33  0.03702 -8.31035e+00
 34 -0.01333 -4.54765e+00 | 35  0.05218 -7.27372e+00 | 36  0.03201 -3.93576e+00
 37  0.00549 -4.11500e-01 | 38  0.05734  4.23445e-01 | 39  0.03341  2.83217e+00
 40  0.25709 -2.17556e+00 | 41  0.26697 -5.01396e+00 | 42  0.27960 -1.65092e+00
 43  0.26060  2.30059e+00 | 44 -0.29135 -5.38560e+00 | 45 -0.05742  1.34943e+00
 46 -0.28079  8.87839e-01 | 47 -0.43876 -5.37389e-01 | 48 -0.30857 -1.58383e+02
 49 -0.48497  4.50622e+01 |
49 variables; iteration 80; function evaluation 110; phase 3
Function value 1.7064256e+02; maximum gradient component mag 3.0445e+01
Var    Value     Gradient |Var    Value     Gradient |Var    Value     Gradient
  1 -0.06234  4.16267e+00 |  2 -0.19835 -8.89055e-05 |  3 -0.16224  6.54532e-03
  4  0.00107  2.51631e-02 |  5 -0.00708 -4.21162e-02 |  6  0.04132 -3.05207e-02
  7 -0.07434 -4.02195e-02 |  8 -0.10841 -4.85353e-02 |  9 -0.06187 -4.30648e-02
 10 -0.11076 -5.21453e-02 | 11 -0.01703 -4.11946e-02 | 12  0.00272 -4.27039e-02
 13  0.06437 -1.35831e-02 | 14  0.00511  6.56088e-03 | 15 -0.03213  2.23076e-02
 16  0.06419  9.89296e-02 | 17  0.04995  8.46969e-02 | 18 -0.00864 -6.54820e-03
 19  0.00143 -4.06183e-02 | 20  0.01071 -5.61496e-02 | 21  0.02391 -1.59527e-02
 22  0.01466 -1.28734e-02 | 23 -0.08189 -2.90217e-02 | 24 -0.05573 -7.08996e-02
 25 -0.11197 -4.30869e-02 | 26  0.02519  9.19201e-02 | 27  0.01094  1.54851e-01
 28 -0.01226  8.98991e-02 | 29  0.07973  1.32322e-01 | 30  0.01930  4.31105e-02
 31  0.07318  1.15889e-02 | 32 -0.00990 -5.44062e-02 | 33  0.03734 -2.39707e-02
 34 -0.01316 -1.77412e-02 | 35  0.05225  4.09963e-03 | 36  0.03200 -3.41524e-02
 37  0.00542  2.96520e-02 | 38  0.05733  1.09065e-01 | 39  0.03277 -4.35183e-02
 40  0.25707  1.97895e-02 | 41  0.26696  1.06631e-01 | 42  0.27960  1.64717e-01
 43  0.26049  6.45291e-02 | 44 -0.29013  1.64390e-01 | 45 -0.05255 -4.13607e-02
 46 -0.27992  3.27821e-02 | 47 -0.43727 -2.26868e-02 | 48 -0.30856  3.04445e+01
 49 -0.48494 -8.63662e+00 |
49 variables; iteration 100; function evaluation 130; phase 3
Function value 1.7064255e+02; maximum gradient component mag 1.8632e-01
Var    Value     Gradient |Var    Value     Gradient |Var    Value     Gradient
  1 -0.06234  1.86322e-01 |  2 -0.19834 -7.35300e-05 |  3 -0.16224 -8.02280e-05
  4  0.00106 -1.21021e-03 |  5 -0.00707 -3.05055e-03 |  6  0.04132 -3.06620e-03
  7 -0.07434 -2.39085e-03 |  8 -0.10840 -2.33826e-03 |  9 -0.06187 -1.72981e-03
 10 -0.11076 -5.80075e-04 | 11 -0.01703  2.27327e-03 | 12  0.00272  4.50538e-03
 13  0.06437  1.11132e-02 | 14  0.00511  9.86035e-03 | 15 -0.03214  9.78830e-03
 16  0.06419  2.80849e-02 | 17  0.04995  2.49543e-02 | 18 -0.00863  9.28501e-03
 19  0.00143  3.58042e-03 | 20  0.01071  3.56412e-03 | 21  0.02391 -5.70108e-04
 22  0.01465 -1.01587e-03 | 23 -0.08190 -2.47687e-03 | 24 -0.05572 -7.16938e-04
 25 -0.11197 -2.28411e-03 | 26  0.02519  8.37700e-04 | 27  0.01094 -5.74318e-03
 28 -0.01227 -2.87419e-03 | 29  0.07974  3.28469e-03 | 30  0.01930 -8.56158e-03
 31  0.07319 -1.80924e-02 | 32 -0.00990 -1.09516e-02 | 33  0.03735 -2.14744e-03
 34 -0.01316 -4.68390e-03 | 35  0.05225 -7.99556e-03 | 36  0.03200 -8.79205e-03
 37  0.00541 -8.91960e-03 | 38  0.05733 -8.64941e-03 | 39  0.03276 -1.97922e-03
 40  0.25707  3.28084e-03 | 41  0.26695  3.09382e-02 | 42  0.27960 -1.12839e-02
 43  0.26049 -1.20532e-02 | 44 -0.29020 -8.92781e-02 | 45 -0.05283  2.21970e-02
 46 -0.27532 -6.84459e-02 | 47 -0.42967  4.14239e-02 | 48 -0.30851  1.85124e-01
 49 -0.48475 -5.59671e-02 |
49 variables; iteration 120; function evaluation 150; phase 3
Function value 1.7064255e+02; maximum gradient component mag 5.3093e+00
Var    Value     Gradient |Var    Value     Gradient |Var    Value     Gradient
  1 -0.06234 -4.93611e-01 |  2 -0.19834  5.85551e-04 |  3 -0.16224  1.59264e-03
  4  0.00106  6.70206e-04 |  5 -0.00707  9.88131e-03 |  6  0.04132  8.16737e-03
  7 -0.07434  7.74750e-03 |  8 -0.10840  6.45638e-03 |  9 -0.06187  7.43582e-03
 10 -0.11075  1.10647e-02 | 11 -0.01703  1.05202e-02 | 12  0.00272  1.03511e-02
 13  0.06437  1.24469e-02 | 14  0.00511  1.22894e-02 | 15 -0.03214  7.70030e-03
 16  0.06419  1.46236e-02 | 17  0.04995  1.32393e-02 | 18 -0.00863  1.12398e-02
 19  0.00143  1.42850e-02 | 20  0.01071  1.12397e-02 | 21  0.02391  5.82043e-03
 22  0.01465  5.20672e-04 | 23 -0.08190 -1.03219e-03 | 24 -0.05572  9.69389e-03
 25 -0.11197  4.02245e-03 | 26  0.02519  5.96760e-03 | 27  0.01094  7.42961e-03
 28 -0.01227  6.13040e-03 | 29  0.07974 -2.51772e-03 | 30  0.01930 -1.06460e-02
 31  0.07318 -8.09288e-02 | 32 -0.00990 -2.09604e-02 | 33  0.03734 -2.12403e-02
 34 -0.01316 -1.30471e-02 | 35  0.05225 -2.50052e-02 | 36  0.03200 -3.74173e-02
 37  0.00541 -1.30688e-02 | 38  0.05733 -7.57357e-03 | 39  0.03276 -2.46843e-03
 40  0.25707 -2.37296e-03 | 41  0.26696 -6.51589e-03 | 42  0.27960 -7.22686e-03
 43  0.26049 -3.57356e-02 | 44 -0.29006  1.33642e-01 | 45 -0.05229 -3.36186e-02
 46 -0.27473  9.98729e-02 | 47 -0.42870 -5.98839e-02 | 48 -0.30842  5.30933e+00
 49 -0.48443 -1.50989e+00 |
49 variables; iteration 140; function evaluation 171; phase 3
Function value 1.7064253e+02; maximum gradient component mag -7.8254e+00
Var    Value     Gradient |Var    Value     Gradient |Var    Value     Gradient
  1 -0.06234  2.33125e-01 |  2 -0.19834  1.21859e-03 |  3 -0.16224 -1.97733e-04
  4  0.00106 -9.04252e-04 |  5 -0.00707 -1.98303e-03 |  6  0.04132 -1.70314e-03
  7 -0.07434 -1.77314e-03 |  8 -0.10840 -1.16367e-03 |  9 -0.06187  2.55493e-03
 10 -0.11076  4.73575e-03 | 11 -0.01703  1.92455e-02 | 12  0.00272  3.03036e-02
 13  0.06437  5.73054e-02 | 14  0.00512  6.24335e-02 | 15 -0.03214  5.63649e-02
 16  0.06419  1.45003e-01 | 17  0.04995  1.32420e-01 | 18 -0.00864  6.17823e-02
 19  0.00143  3.13158e-02 | 20  0.01071  3.16531e-02 | 21  0.02391  1.47316e-03
 22  0.01465 -2.24196e-03 | 23 -0.08190 -6.79682e-03 | 24 -0.05572  8.66582e-03
 25 -0.11197 -2.01575e-03 | 26  0.02519 -9.03837e-03 | 27  0.01094 -1.15036e-02
 28 -0.01227 -1.97350e-02 | 29  0.07974 -3.95693e-02 | 30  0.01930 -4.78578e-02
 31  0.07319 -8.54318e-02 | 32 -0.00990 -2.72889e-02 | 33  0.03735 -8.55373e-02
 34 -0.01316 -6.22842e-02 | 35  0.05225 -1.05695e-01 | 36  0.03200 -8.66338e-02
 37  0.00541 -3.85121e-02 | 38  0.05733 -2.85547e-02 | 39  0.03276 -9.78751e-04
 40  0.25707  3.70708e-02 | 41  0.26695  2.06413e-02 | 42  0.27960 -2.09183e-02
 43  0.26049 -1.79500e-02 | 44 -0.28971 -3.19612e-02 | 45 -0.05090  8.10569e-03
 46 -0.27536 -1.40695e-02 | 47 -0.42973  8.42643e-03 | 48 -0.30728 -7.82544e+00
 49 -0.48043  2.22787e+00 |
49 variables; iteration 160; function evaluation 197; phase 3
Function value 1.7064249e+02; maximum gradient component mag -7.0122e+00
Var    Value     Gradient |Var    Value     Gradient |Var    Value     Gradient
  1 -0.06234 -3.52731e+00 |  2 -0.19834 -5.91325e-04 |  3 -0.16224  9.42895e-05
  4  0.00106  4.47556e-04 |  5 -0.00707  4.98622e-02 |  6  0.04132  4.98141e-02
  7 -0.07434  4.95610e-02 |  8 -0.10840  4.88722e-02 |  9 -0.06187  4.76261e-02
 10 -0.11076  4.54978e-02 | 11 -0.01703  3.87308e-02 | 12  0.00272  3.30654e-02
 13  0.06437  1.88854e-02 | 14  0.00511  1.55100e-02 | 15 -0.03214  1.83157e-02
 16  0.06418 -2.93815e-02 | 17  0.04995 -2.27002e-02 | 18 -0.00863  1.48125e-02
 19  0.00143  3.13985e-02 | 20  0.01071  2.99214e-02 | 21  0.02391  4.23073e-02
 22  0.01465  4.40850e-02 | 23 -0.08190  4.83270e-02 | 24 -0.05572  3.84619e-02
 25 -0.11197  4.40862e-02 | 26  0.02519  2.16271e-02 | 27  0.01094 -1.03683e-02
 28 -0.01227 -8.32935e-02 | 29  0.07974 -2.40197e-01 | 30  0.01930 -1.59593e-01
 31  0.07319 -1.07757e-01 | 32 -0.00990  3.57973e-02 | 33  0.03735 -1.49489e-01
 34 -0.01316 -2.89394e-02 | 35  0.05225 -7.30975e-02 | 36  0.03200 -1.81089e-02
 37  0.00541  4.09234e-02 | 38  0.05733  4.07937e-02 | 39  0.03276  8.00706e-02
 40  0.25707 -2.06431e-02 | 41  0.26695 -1.38393e-02 | 42  0.27960  1.01987e-02
 43  0.26049  1.38752e-01 | 44 -0.28996  1.23616e-01 | 45 -0.05188 -3.10480e-02
 46 -0.27523  1.28744e-02 | 47 -0.42951 -7.74067e-03 | 48 -0.30393 -7.01221e+00
 49 -0.46876  2.02457e+00 |
49 variables; iteration 180; function evaluation 223; phase 3
Function value 1.7064243e+02; maximum gradient component mag -1.3024e+00
Var    Value     Gradient |Var    Value     Gradient |Var    Value     Gradient
  1 -0.06234 -1.30239e+00 |  2 -0.19834 -6.10441e-04 |  3 -0.16224  9.21394e-05
  4  0.00106  4.13460e-04 |  5 -0.00707  1.79561e-02 |  6  0.04132  1.78333e-02
  7 -0.07434  1.78414e-02 |  8 -0.10840  1.73689e-02 |  9 -0.06187  1.57509e-02
 10 -0.11076  1.42615e-02 | 11 -0.01703  7.13354e-03 | 12  0.00272  1.50930e-03
 13  0.06437 -1.22694e-02 | 14  0.00511 -1.50545e-02 | 15 -0.03214 -1.21313e-02
 16  0.06418 -5.77639e-02 | 17  0.04995 -5.13589e-02 | 18 -0.00863 -1.51289e-02
 19  0.00143  7.93020e-04 | 20  0.01071  1.81080e-04 | 21  0.02391  1.41211e-02
 22  0.01465  1.59880e-02 | 23 -0.08190  1.89305e-02 | 24 -0.05572  1.04459e-02
 25 -0.11197  1.58559e-02 | 26  0.02519  1.00610e-02 | 27  0.01094  1.01130e-04
 28 -0.01227 -2.25535e-02 | 29  0.07974 -7.04479e-02 | 30  0.01930 -3.94603e-02
 31  0.07319 -8.97111e-03 | 32 -0.00990  2.13818e-02 | 33  0.03735 -2.35077e-02
 34 -0.01316  1.04215e-02 | 35  0.05225  9.38442e-03 | 36  0.03200  2.20401e-02
 37  0.00541  2.65410e-02 | 38  0.05733  2.36600e-02 | 39  0.03276  2.81392e-02
 40  0.25707 -1.96984e-02 | 41  0.26695 -1.30814e-02 | 42  0.27960  1.02753e-02
 43  0.26049  5.32618e-02 | 44 -0.28993  5.46091e-02 | 45 -0.05178 -1.37350e-02
 46 -0.27523  1.16964e-02 | 47 -0.42951 -7.02719e-03 | 48 -0.29821 -9.71667e-01
 49 -0.44921  2.84228e-01 |
49 variables; iteration 200; function evaluation 257; phase 3
Function value 1.7055779e+02; maximum gradient component mag -5.6393e+02
Var    Value     Gradient |Var    Value     Gradient |Var    Value     Gradient
  1 -0.06234 -5.63933e+02 |  2 -0.19867 -2.16256e-01 |  3 -0.16207 -9.58544e-03
  4  0.00117 -1.60100e-01 |  5 -0.00712  7.76954e+00 |  6  0.04132  7.50375e+00
  7 -0.07431  7.68590e+00 |  8 -0.10839  7.57557e+00 |  9 -0.06194  7.14288e+00
 10 -0.11083  7.14333e+00 | 11 -0.01714  5.33448e+00 | 12  0.00257  3.93448e+00
 13  0.06450  6.02730e-01 | 14  0.00491  3.24357e-01 | 15 -0.03214  1.01902e+00
 16  0.06400 -9.46174e+00 | 17  0.04976 -8.15074e+00 | 18 -0.00815  6.45928e-02
 19  0.00139  3.75024e+00 | 20  0.01070  3.63543e+00 | 21  0.02385  6.61366e+00
 22  0.01468  6.80074e+00 | 23 -0.08160  7.68211e+00 | 24 -0.05598  5.80627e+00
 25 -0.11183  6.97938e+00 | 26  0.02521  3.89946e+00 | 27  0.01092 -9.58379e-01
 28 -0.01246 -1.11470e+01 | 29  0.07974 -3.64509e+01 | 30  0.01925 -2.32754e+01
 31  0.07323 -1.55762e+01 | 32 -0.00985  8.23257e+00 | 33  0.03694 -1.62803e+01
 34 -0.01330 -6.91532e-01 | 35  0.05230 -6.85757e+00 | 36  0.03216 -1.76098e-01
 37  0.00554  6.18943e+00 | 38  0.05742  5.36169e+00 | 39  0.03342  1.24765e+01
 40  0.25710 -5.34970e+00 | 41  0.26701 -4.12675e+00 | 42  0.27965  1.97673e+00
 43  0.26101 -8.66151e+00 | 44 -0.28353 -1.44527e+01 | 45 -0.02622  3.66181e+00
 46 -0.27126  3.85550e+00 | 47 -0.42314 -2.34597e+00 | 48 -0.26253 -9.65305e+01
 49 -0.33713  3.27871e+01 |
49 variables; iteration 220; function evaluation 288; phase 3
Function value 1.7042317e+02; maximum gradient component mag -1.5879e+00
Var    Value     Gradient |Var    Value     Gradient |Var    Value     Gradient
  1 -0.06237 -1.58785e+00 |  2 -0.19837  5.72758e-04 |  3 -0.16227  1.02717e-03
  4  0.00104  2.75417e-03 |  5 -0.00702  2.39171e-02 |  6  0.04141  2.05761e-02
  7 -0.07435  2.20016e-02 |  8 -0.10838  2.13226e-02 |  9 -0.06180  1.79711e-02
 10 -0.11073  2.18973e-02 | 11 -0.01699  1.45652e-02 | 12  0.00278  1.10090e-02
 13  0.06447 -1.03777e-04 | 14  0.00495  3.43114e-02 | 15 -0.03222  3.62405e-02
 16  0.06420  4.94462e-02 | 17  0.05006  4.61636e-02 | 18 -0.00852  3.54229e-02
 19  0.00131  2.70742e-02 | 20  0.01087  2.47795e-02 | 21  0.02370  2.40033e-02
 22  0.01465  1.74250e-02 | 23 -0.08184  1.90338e-02 | 24 -0.05562  1.54061e-02
 25 -0.11171  1.45363e-02 | 26  0.02530 -3.87898e-02 | 27  0.01088 -6.50466e-04
 28 -0.01317 -4.40573e-02 | 29  0.08008 -1.20942e-01 | 30  0.01913 -2.74713e-02
 31  0.07333 -2.70221e-02 | 32 -0.01011  3.29041e-02 | 33  0.03591 -8.36143e-02
 34 -0.01391 -3.21727e-02 | 35  0.05237 -7.75393e-02 | 36  0.03246 -5.61171e-02
 37  0.00608 -2.42102e-02 | 38  0.05757 -2.42240e-03 | 39  0.03351  3.08358e-02
 40  0.25719  1.63233e-02 | 41  0.26716 -4.05030e-02 | 42  0.27972  2.66709e-04
 43  0.26293 -6.73198e-02 | 44 -0.28899  1.45560e+00 | 45 -0.04817 -3.64800e-01
 46 -0.27929  1.29954e-01 | 47 -0.43634 -8.12825e-02 | 48 -0.24529 -1.52854e-01
 49 -0.29850  6.78685e-02 |
49 variables; iteration 240; function evaluation 308; phase 3
Function value 1.7042316e+02; maximum gradient component mag 1.7339e-03
Var    Value     Gradient |Var    Value     Gradient |Var    Value     Gradient
  1 -0.06237  1.73390e-03 |  2 -0.19836  1.60875e-06 |  3 -0.16227 -9.46943e-07
  4  0.00104 -4.58156e-06 |  5 -0.00702 -2.46240e-05 |  6  0.04141 -2.61154e-05
  7 -0.07435 -2.28431e-05 |  8 -0.10838 -2.32165e-05 |  9 -0.06180 -1.68869e-05
 10 -0.11073 -1.10263e-05 | 11 -0.01699  1.13460e-05 | 12  0.00278  2.89458e-05
 13  0.06447  7.37474e-05 | 14  0.00495  8.03284e-05 | 15 -0.03222  6.87411e-05
 16  0.06420  2.08539e-04 | 17  0.05006  1.84722e-04 | 18 -0.00852  7.46377e-05
 19  0.00131  2.49770e-05 | 20  0.01087  2.36992e-05 | 21  0.02370 -1.43621e-05
 22  0.01465 -1.88752e-05 | 23 -0.08184 -2.84632e-05 | 24 -0.05562 -6.63595e-06
 25 -0.11171 -2.42377e-05 | 26  0.02530 -3.41762e-05 | 27  0.01088 -8.90471e-06
 28 -0.01317  7.26742e-06 | 29  0.08008  3.83955e-05 | 30  0.01913 -3.21413e-06
 31  0.07333 -7.34576e-05 | 32 -0.01011 -5.14202e-05 | 33  0.03591 -4.20211e-05
 34 -0.01392 -6.09114e-05 | 35  0.05237 -8.96587e-05 | 36  0.03246 -9.31258e-05
 37  0.00608 -7.47592e-05 | 38  0.05757 -3.49671e-05 | 39  0.03350 -1.52394e-05
 40  0.25719  3.61892e-05 | 41  0.26716 -1.17311e-05 | 42  0.27972 -6.15471e-05
 43  0.26293 -6.89663e-05 | 44 -0.28982  1.16337e-04 | 45 -0.05150 -2.95036e-05
 46 -0.27519  1.71954e-04 | 47 -0.42957 -1.03679e-04 | 48 -0.24528 -2.29106e-05
 49 -0.29848  1.74090e-05 |
  ic > imax  in fminim is answer attained ?
Var    Value     Gradient |Var    Value     Gradient |Var    Value     Gradient
  1 -0.06237  1.62426e-04 |  2 -0.19836  4.14952e-07 |  3 -0.16227  4.11635e-07
  4  0.00104  1.88521e-06 |  5 -0.00702 -8.05222e-07 |  6  0.04141  2.36460e-07
  7 -0.07435 -1.59241e-06 |  8 -0.10838 -1.15719e-06 |  9 -0.06180 -1.02994e-06
 10 -0.11073 -2.01858e-06 | 11 -0.01699 -1.03240e-06 | 12  0.00278 -3.49699e-08
 13  0.06447  1.87939e-06 | 14  0.00495  3.60524e-06 | 15 -0.03222  3.83375e-06
 16  0.06420  1.23878e-05 | 17  0.05006  1.20087e-05 | 18 -0.00852  4.89192e-06
 19  0.00131  1.82131e-06 | 20  0.01087  2.53013e-06 | 21  0.02370 -2.54819e-06
 22  0.01465 -2.55916e-06 | 23 -0.08184 -2.42336e-06 | 24 -0.05562 -1.27642e-06
 25 -0.11171 -1.42978e-06 | 26  0.02530 -9.14976e-07 | 27  0.01088 -1.84050e-06
 28 -0.01317 -2.92767e-06 | 29  0.08008  4.96326e-06 | 30  0.01913  4.71511e-06
 31  0.07333  2.69999e-06 | 32 -0.01011 -3.57681e-06 | 33  0.03591 -4.04375e-06
 34 -0.01392 -6.48458e-06 | 35  0.05237 -1.00811e-05 | 36  0.03246 -8.61990e-06
 37  0.00608 -3.82065e-06 | 38  0.05757 -5.70413e-06 | 39  0.03350 -5.03625e-06
 40  0.25719  7.65032e-06 | 41  0.26716  2.32411e-05 | 42  0.27972  3.36087e-06
 43  0.26293  4.78758e-06 | 44 -0.28982  3.02731e-05 | 45 -0.05150 -7.59871e-06
 46 -0.27519 -7.95729e-06 | 47 -0.42957  4.86061e-06 | 48 -0.24528  6.33253e-08
 49 -0.29848  4.58025e-07 |
Function minimizer not making progress ... is minimum attained?
Minimprove criterion = 0.0000e+00

 - final statistics:
49 variables; iteration 243; function evaluation 342
Function value 1.7042e+02; maximum gradient component mag 1.6243e-04
Exit code = 1;  converg criter 1.0000e-04
Var    Value     Gradient |Var    Value     Gradient |Var    Value     Gradient
  1 -0.06237  1.62426e-04 |  2 -0.19836  4.14952e-07 |  3 -0.16227  4.11635e-07
  4  0.00104  1.88521e-06 |  5 -0.00702 -8.05222e-07 |  6  0.04141  2.36460e-07
  7 -0.07435 -1.59241e-06 |  8 -0.10838 -1.15719e-06 |  9 -0.06180 -1.02994e-06
 10 -0.11073 -2.01858e-06 | 11 -0.01699 -1.03240e-06 | 12  0.00278 -3.49699e-08
 13  0.06447  1.87939e-06 | 14  0.00495  3.60524e-06 | 15 -0.03222  3.83375e-06
 16  0.06420  1.23878e-05 | 17  0.05006  1.20087e-05 | 18 -0.00852  4.89192e-06
 19  0.00131  1.82131e-06 | 20  0.01087  2.53013e-06 | 21  0.02370 -2.54819e-06
 22  0.01465 -2.55916e-06 | 23 -0.08184 -2.42336e-06 | 24 -0.05562 -1.27642e-06
 25 -0.11171 -1.42978e-06 | 26  0.02530 -9.14976e-07 | 27  0.01088 -1.84050e-06
 28 -0.01317 -2.92767e-06 | 29  0.08008  4.96326e-06 | 30  0.01913  4.71511e-06
 31  0.07333  2.69999e-06 | 32 -0.01011 -3.57681e-06 | 33  0.03591 -4.04375e-06
 34 -0.01392 -6.48458e-06 | 35  0.05237 -1.00811e-05 | 36  0.03246 -8.61990e-06
 37  0.00608 -3.82065e-06 | 38  0.05757 -5.70413e-06 | 39  0.03350 -5.03625e-06
 40  0.25719  7.65032e-06 | 41  0.26716  2.32411e-05 | 42  0.27972  3.36087e-06
 43  0.26293  4.78758e-06 | 44 -0.28982  3.02731e-05 | 45 -0.05150 -7.59871e-06
 46 -0.27519 -7.95729e-06 | 47 -0.42957  4.86061e-06 | 48 -0.24528  6.33253e-08
 49 -0.29848  4.58025e-07 |
Estimating row 1 out of 49 for hessian
Estimating row 2 out of 49 for hessian
Estimating row 3 out of 49 for hessian
Estimating row 4 out of 49 for hessian
Estimating row 5 out of 49 for hessian
Estimating row 6 out of 49 for hessian
Estimating row 7 out of 49 for hessian
Estimating row 8 out of 49 for hessian
Estimating row 9 out of 49 for hessian
Estimating row 10 out of 49 for hessian
Estimating row 11 out of 49 for hessian
Estimating row 12 out of 49 for hessian
Estimating row 13 out of 49 for hessian
Estimating row 14 out of 49 for hessian
Estimating row 15 out of 49 for hessian
Estimating row 16 out of 49 for hessian
Estimating row 17 out of 49 for hessian
Estimating row 18 out of 49 for hessian
Estimating row 19 out of 49 for hessian
Estimating row 20 out of 49 for hessian
Estimating row 21 out of 49 for hessian
Estimating row 22 out of 49 for hessian
Estimating row 23 out of 49 for hessian
Estimating row 24 out of 49 for hessian
Estimating row 25 out of 49 for hessian
Estimating row 26 out of 49 for hessian
Estimating row 27 out of 49 for hessian
Estimating row 28 out of 49 for hessian
Estimating row 29 out of 49 for hessian
Estimating row 30 out of 49 for hessian
Estimating row 31 out of 49 for hessian
Estimating row 32 out of 49 for hessian
Estimating row 33 out of 49 for hessian
Estimating row 34 out of 49 for hessian
Estimating row 35 out of 49 for hessian
Estimating row 36 out of 49 for hessian
Estimating row 37 out of 49 for hessian
Estimating row 38 out of 49 for hessian
Estimating row 39 out of 49 for hessian
Estimating row 40 out of 49 for hessian
Estimating row 41 out of 49 for hessian
Estimating row 42 out of 49 for hessian
Estimating row 43 out of 49 for hessian
Estimating row 44 out of 49 for hessian
Estimating row 45 out of 49 for hessian
Estimating row 46 out of 49 for hessian
Estimating row 47 out of 49 for hessian
Estimating row 48 out of 49 for hessian
Estimating row 49 out of 49 for hessian
size of file gradfil1.tmp = 0
size of file gradfil2.tmp = 0
size of file varssave.tmp = 0
size of file cmpdiff.tmp = 0
