
Initial statistics: 3 variables; iteration 0; function evaluation 0; phase 1
Function value 1.7656069e+04; maximum gradient component mag 6.6519e+04
Var    Value     Gradient |Var    Value     Gradient |Var    Value     Gradient
  1  0.33333  6.65192e+04 |  2  0.21635  5.35645e+04 |  3 -0.30909  4.81041e+04

 - final statistics:
3 variables; iteration 14; function evaluation 32
Function value 6.0466e+02; maximum gradient component mag 2.8767e+00
Exit code = 1;  converg criter 1.0000e+01
Var    Value     Gradient |Var    Value     Gradient |Var    Value     Gradient
  1  0.07319  1.22242e+00 |  2 -0.69182  1.57148e+00 |  3  0.53307  2.87674e+00

Initial statistics: 47 variables; iteration 0; function evaluation 0; phase 2
Function value 6.0465990e+02; maximum gradient component mag -4.1222e+03
Var    Value     Gradient |Var    Value     Gradient |Var    Value     Gradient
  1  0.07319  1.22242e+00 |  2  0.00000  1.19558e+01 |  3  0.00000  2.70464e+01
  4  0.00000 -6.74468e+01 |  5  0.00000  2.70691e+01 |  6  0.00000 -4.50183e+01
  7  0.00000 -1.79930e+01 |  8  0.00000  3.39364e+01 |  9  0.00000  4.63725e+00
 10  0.00000  1.10286e+01 | 11  0.00000 -4.43180e+01 | 12  0.00000  4.66734e+00
 13  0.00000 -3.08240e+01 | 14  0.00000 -4.44722e+00 | 15  0.00000  3.42755e+00
 16  0.00000 -4.57921e+01 | 17  0.00000  6.53114e+00 | 18  0.00000  7.41211e+01
 19  0.00000  1.67082e+01 | 20  0.00000  4.25563e+01 | 21  0.00000 -9.22859e+01
 22  0.00000 -9.53424e+01 | 23  0.00000  9.20840e+01 | 24  0.00000  2.93336e+01
 25  0.00000  2.21848e+02 | 26  0.00000  8.71431e+01 | 27  0.00000  3.58329e+01
 28  0.00000  6.24581e+01 | 29  0.00000 -2.01619e+02 | 30  0.00000  3.64032e+02
 31  0.00000 -7.61242e+02 | 32  0.00000  3.93290e+02 | 33  0.00000 -6.79067e+02
 34  0.00000  3.19401e+02 | 35  0.00000 -5.32341e+02 | 36  0.00000  4.06037e+01
 37  0.00000  4.27007e+02 | 38  0.00000 -3.28587e+01 | 39  0.00000  2.85432e+02
 40  0.21635  5.28966e+02 | 41  0.21635  3.25561e+03 | 42  0.21635 -9.23895e+02
 43 -0.69182  1.57148e+00 | 44  0.53307  2.87674e+00 | 45 -0.30909 -2.26182e+03
 46  0.12819  1.03190e+01 | 47 -0.30909 -4.12220e+03 |

Intermediate statistics: 47 variables; iteration 20; function evaluation 34; phase 2
Function value 2.3048695e+02; maximum gradient component mag -4.7373e+03
Var    Value     Gradient |Var    Value     Gradient |Var    Value     Gradient
  1  0.02899 -4.73726e+03 |  2 -0.04963  5.46249e+00 |  3 -0.09678  2.83785e+00
  4  0.01401  9.28753e+00 |  5 -0.04177  5.65400e+01 |  6  0.01313  8.12799e+01
  7 -0.02620  8.56536e+01 |  8 -0.07617  6.94218e+01 |  9 -0.04221  7.45789e+01
 10 -0.03249  7.40795e+01 | 11  0.04339  7.96508e+01 | 12  0.01178  5.16971e+01
 13  0.04581  4.22854e+01 | 14  0.00153  4.01094e+01 | 15 -0.01380  6.06062e+01
 16  0.05972  5.41541e+01 | 17  0.01772  3.29397e+01 | 18 -0.04525  2.70388e+01
 19  0.01942  4.43962e+01 | 20 -0.03691  3.50092e+01 | 21  0.09432  8.94100e+01
 22  0.07564  8.63875e+01 | 23 -0.07263  2.11749e+01 | 24 -0.01166  4.16566e+01
 25 -0.15043 -1.07815e+01 | 26 -0.02486 -5.46214e+00 | 27 -0.03154  1.34601e+01
 28 -0.00066 -4.51436e+01 | 29  0.03925 -2.33069e+02 | 30  0.00304 -3.87949e+01
 31  0.06074 -1.75469e+02 | 32 -0.00987  6.13235e+01 | 33  0.02622 -2.02657e+02
 34 -0.00311 -5.52841e+00 | 35  0.04765 -3.09965e+02 | 36  0.01796 -2.33037e+02
 37 -0.00444  1.50668e+01 | 38  0.02786 -1.84322e+01 | 39  0.01851  6.44739e+01
 40  0.23554 -7.69449e+02 | 41  0.21355 -1.12165e+03 | 42  0.25877 -2.26169e+02
 43 -0.49540 -5.38339e+02 | 44  0.57764 -2.69016e+02 | 45 -0.20255 -2.18482e+01
 46  0.22415  5.78033e+01 | 47 -0.25813 -1.96774e+02 |
47 variables; iteration 40; function evaluation 58; phase 2
Function value 2.2447056e+02; maximum gradient component mag -3.2070e+03
Var    Value     Gradient |Var    Value     Gradient |Var    Value     Gradient
  1  0.02739 -3.20705e+03 |  2 -0.02576  1.21577e+01 |  3 -0.11269 -3.15386e+00
  4  0.01570  1.05662e+01 |  5 -0.03959  3.79255e+01 |  6  0.01072  6.20056e+01
  7 -0.03640  6.65085e+01 |  8 -0.10205  3.65621e+01 |  9 -0.06659  5.15466e+01
 10 -0.07824  3.38114e+01 | 11  0.02102  4.94584e+01 | 12  0.01176  3.77021e+01
 13  0.05473  3.34971e+01 | 14  0.00788  2.46962e+01 | 15 -0.00797  4.18282e+01
 16  0.06607  4.25030e+01 | 17  0.02256  1.88355e+01 | 18 -0.04337  6.13207e+00
 19  0.01941  1.84529e+01 | 20 -0.02597  2.90689e+01 | 21  0.09269  5.62997e+01
 22  0.07588  5.99767e+01 | 23 -0.05139  2.54475e+01 | 24 -0.00473  3.25599e+01
 25 -0.14255 -2.27875e+01 | 26 -0.02038 -9.97156e+00 | 27 -0.03082 -3.27696e+00
 28  0.00139 -4.12486e+01 | 29  0.04579 -1.59596e+02 | 30  0.00322 -6.33471e+01
 31  0.06510 -1.37439e+02 | 32 -0.00997  4.24386e+01 | 33  0.03513 -1.09303e+02
 34 -0.00180 -1.44461e+00 | 35  0.05390 -1.94392e+02 | 36  0.02344 -1.40714e+02
 37 -0.00236  2.95365e+01 | 38  0.03249  2.65494e+01 | 39  0.02085  5.47937e+01
 40  0.23529 -7.21838e+02 | 41  0.21420 -9.66059e+02 | 42  0.25802 -2.17496e+02
 43 -0.49155 -2.91919e+02 | 44  0.57215 -1.42451e+02 | 45 -0.20574 -9.54728e+01
 46  0.21249  7.59825e+01 | 47 -0.25870 -4.80917e+02 |
47 variables; iteration 60; function evaluation 85; phase 2
Function value 2.0880260e+02; maximum gradient component mag -8.6912e+01
Var    Value     Gradient |Var    Value     Gradient |Var    Value     Gradient
  1  0.02414 -8.69118e+01 |  2 -0.06235  7.12231e-01 |  3 -0.09738  3.19765e-01
  4  0.00634 -4.96764e+00 |  5 -0.02812  4.66433e+00 |  6  0.00829  1.39622e+00
  7 -0.04508  4.36324e+00 |  8 -0.09936 -1.76888e+00 |  9 -0.06320  6.06318e+00
 10 -0.06834 -6.30535e-01 | 11  0.02250  9.00606e-01 | 12  0.01660 -8.94292e-01
 13  0.05972  1.97051e+00 | 14  0.01355  5.23966e+00 | 15 -0.01329 -3.07766e+00
 16  0.05936 -7.95437e-01 | 17  0.02904  7.08856e-01 | 18 -0.03011  5.52529e-01
 19  0.01531  4.40509e-01 | 20 -0.03145 -1.04640e+00 | 21  0.07490  1.26633e+00
 22  0.05753  1.53220e+00 | 23 -0.05569  1.34045e+00 | 24 -0.01117  1.05190e+01
 25 -0.10604  3.13335e+00 | 26 -0.01896  4.71712e+00 | 27 -0.01774  6.82186e+00
 28  0.00379  1.73637e+00 | 29  0.04384 -5.87128e+00 | 30  0.00374  4.47699e+00
 31  0.06052  1.90447e+00 | 32 -0.01686  2.85547e+00 | 33  0.02629 -1.59330e+01
 34 -0.00853  4.12293e+00 | 35  0.05268 -1.02167e+01 | 36  0.02594 -2.04801e+01
 37 -0.00483  5.30854e+00 | 38  0.02936 -4.77122e+00 | 39  0.01550  6.75607e-01
 40  0.24183  1.31381e+01 | 41  0.22300 -1.33793e+01 | 42  0.26632 -4.07654e+00
 43 -0.43464 -2.92078e+00 | 44  0.54147  9.90570e+00 | 45 -0.25677 -2.18079e+01
 46  0.03336  8.14585e+00 | 47 -0.24979 -1.35973e+01 |
Maximum number of function evaluations exceeded

 - final statistics:
47 variables; iteration 64; function evaluation 100
Function value 2.0796e+02; maximum gradient component mag -5.0597e+02
Exit code = 3;  converg criter 1.0000e+01
Var    Value     Gradient |Var    Value     Gradient |Var    Value     Gradient
  1  0.02460 -3.82433e+02 |  2 -0.06327  4.51194e-01 |  3 -0.09575  7.91652e-01
  4  0.00937 -1.22461e+00 |  5 -0.03072  5.19669e+00 |  6  0.00758  4.05472e+00
  7 -0.04483  7.96632e+00 |  8 -0.09601  5.98196e+00 |  9 -0.06391  6.68116e+00
 10 -0.06457  6.33495e+00 | 11  0.02461  6.53387e+00 | 12  0.01838  5.59756e+00
 13  0.05963  8.01166e+00 | 14  0.01179  6.58826e+00 | 15 -0.00990  5.88620e+00
 16  0.05977  7.12082e+00 | 17  0.02796  5.39549e+00 | 18 -0.03119  3.96457e+00
 19  0.01504  4.63221e+00 | 20 -0.03188  2.85424e+00 | 21  0.07573  1.02217e+01
 22  0.05848  9.89352e+00 | 23 -0.05628  5.88198e+00 | 24 -0.01394  1.05340e+01
 25 -0.10750  6.85299e+00 | 26 -0.01699  1.87208e+01 | 27 -0.01242  2.41598e+01
 28  0.00203 -1.17548e+00 | 29  0.04293 -1.97245e+01 | 30  0.00225 -1.64742e+01
 31  0.05989 -3.14579e+01 | 32 -0.01835 -1.22626e+01 | 33  0.02712 -3.71714e+01
 34 -0.00920 -1.13709e+01 | 35  0.05371  3.77234e+00 | 36  0.02512 -2.11494e+01
 37 -0.00663 -2.76744e+00 | 38  0.02875 -7.89331e-01 | 39  0.01392  4.71158e+00
 40  0.24176  5.08251e+01 | 41  0.22282 -1.20955e+01 | 42  0.26573 -1.79601e+01
 43 -0.39716 -7.31271e+01 | 44  0.46306 -2.62584e+01 | 45 -0.30180 -5.05973e+02
 46 -0.10553  1.62900e+02 | 47 -0.25043  1.34027e+01 |

Initial statistics: 50 variables; iteration 0; function evaluation 0; phase 3
Function value 2.0796380e+02; maximum gradient component mag -1.5469e+03
Var    Value     Gradient |Var    Value     Gradient |Var    Value     Gradient
  1  0.02460 -3.82433e+02 |  2 -0.06327  4.51193e-01 |  3 -0.09575  7.91653e-01
  4  0.00937 -1.22461e+00 |  5 -0.03075  4.24118e+00 |  6  0.00755  3.09817e+00
  7 -0.04486  7.01207e+00 |  8 -0.09603  5.03620e+00 |  9 -0.06394  5.72934e+00
 10 -0.06460  5.38325e+00 | 11  0.02458  5.57800e+00 | 12  0.01835  4.64137e+00
 13  0.05960  7.05930e+00 | 14  0.01176  5.63182e+00 | 15 -0.00992  4.92973e+00
 16  0.05974  6.16848e+00 | 17  0.02793  4.43982e+00 | 18 -0.03122  3.00911e+00
 19  0.01502  3.67588e+00 | 20 -0.03190  1.89884e+00 | 21  0.07571  9.27196e+00
 22  0.05846  8.94100e+00 | 23 -0.05631  4.92910e+00 | 24 -0.01397  9.57761e+00
 25 -0.10753  5.90994e+00 | 26 -0.01702  1.77646e+01 | 27 -0.01245  2.32034e+01
 28  0.00200 -2.13207e+00 | 29  0.04290 -2.06789e+01 | 30  0.00222 -1.74308e+01
 31  0.05987 -3.24105e+01 | 32 -0.01837 -1.32189e+01 | 33  0.02710 -3.81272e+01
 34 -0.00923 -1.23275e+01 | 35  0.05369  2.81916e+00 | 36  0.02509 -2.21053e+01
 37 -0.00666 -3.72400e+00 | 38  0.02872 -1.74495e+00 | 39  0.01389  3.75521e+00
 40  0.24176  5.08251e+01 | 41  0.22282 -1.20955e+01 | 42  0.26573 -1.79601e+01
 43 -0.39716 -7.31272e+01 | 44  0.46306 -2.62585e+01 | 45 -0.30180 -5.05994e+02
 46 -0.10553  1.62907e+02 | 47 -0.30909 -1.54688e+03 | 48 -0.43452  1.83157e-03
 49 -0.25043  1.34030e+01 | 50 -0.36199 -2.53565e+01 |

Intermediate statistics: 50 variables; iteration 20; function evaluation 27; phase 3
Function value 1.7721505e+02; maximum gradient component mag 6.4802e+03
Var    Value     Gradient |Var    Value     Gradient |Var    Value     Gradient
  1  0.02547 -4.03889e+02 |  2 -0.06271  1.02170e+00 |  3 -0.09447  1.90436e+00
  4  0.01863  1.56408e+01 |  5 -0.02217  1.85881e+01 |  6  0.01781  3.06284e+01
  7 -0.03840  7.55598e+00 |  8 -0.09105  3.05154e+00 |  9 -0.06112  5.59322e+00
 10 -0.06383 -7.76458e-01 | 11  0.02692  5.64741e+00 | 12  0.02276  1.07548e+01
 13  0.06292  2.32835e+01 | 14  0.01400  1.87367e+01 | 15 -0.00755  6.64278e+00
 16  0.06098  2.17526e+01 | 17  0.02939  2.17205e+01 | 18 -0.03900 -7.68444e-02
 19 -0.01133 -3.88874e+01 | 20 -0.02712  7.87787e+00 | 21  0.04377 -5.57284e+01
 22  0.04814 -1.46160e+01 | 23 -0.05218  1.60222e+00 | 24 -0.02188 -3.36557e-01
 25 -0.11634 -2.01340e+00 | 26 -0.00869  4.00686e+01 | 27 -0.02193  2.46909e+01
 28 -0.01224  1.74191e+01 | 29  0.05467  1.34022e+02 | 30  0.00839  1.07336e+02
 31  0.06479 -2.19443e+01 | 32 -0.02218 -4.61472e+01 | 33  0.02874 -2.76412e+02
 34 -0.00710 -1.05549e+02 | 35  0.05225 -2.03036e+02 | 36  0.02869 -2.18882e+01
 37 -0.00314  5.39895e+01 | 38  0.03241  9.13720e+01 | 39  0.02688  2.88769e+01
 40  0.24250  2.16900e+02 | 41  0.23437 -9.84824e+02 | 42  0.26674  1.53982e+02
 43 -0.38561 -1.17358e+02 | 44  0.42616 -5.93140e+01 | 45 -0.30790  6.48020e+03
 46 -0.12454 -2.10968e+03 | 47 -0.28404 -6.44640e+02 | 48 -0.42732  2.79701e+02
 49 -0.22645 -4.87930e+02 | 50 -0.30852  2.77098e+02 |
50 variables; iteration 40; function evaluation 52; phase 3
Function value 1.6102795e+02; maximum gradient component mag 7.8776e+03
Var    Value     Gradient |Var    Value     Gradient |Var    Value     Gradient
  1  0.02485 -8.83573e+02 |  2 -0.10068 -8.48182e+00 |  3 -0.13787 -1.24134e+01
  4  0.02503  2.35273e+01 |  5 -0.01663  3.84233e+01 |  6  0.02430  5.81372e+01
  7 -0.04496  6.52113e+00 |  8 -0.09251  1.23362e+01 |  9 -0.05976  1.24786e+01
 10 -0.05270  1.28713e+01 | 11  0.05440  3.86835e+01 | 12  0.04284  3.77494e+01
 13  0.05976  2.69419e+01 | 14  0.01274  2.48329e+01 | 15  0.01332  4.27448e+01
 16  0.05089  1.16802e+01 | 17  0.02990  3.26363e+01 | 18 -0.04853 -2.11189e-01
 19 -0.01806 -1.93349e+01 | 20 -0.03146  5.80055e+00 | 21  0.03936 -7.80566e+00
 22  0.04278  1.33252e+01 | 23 -0.04811  2.87157e+01 | 24 -0.02753  2.41679e+01
 25 -0.11881  1.41722e+01 | 26  0.00028  8.67900e+01 | 27 -0.01681  5.12507e+01
 28 -0.02288  5.02185e+00 | 29  0.05142  7.19610e+01 | 30  0.00492  7.57582e+01
 31  0.05919 -6.64726e+01 | 32 -0.02164 -2.67582e+01 | 33  0.02386 -3.16021e+02
 34 -0.00899 -1.16277e+02 | 35  0.04979 -1.94726e+02 | 36  0.02520 -3.76773e+01
 37 -0.00801  3.50890e+01 | 38  0.02800  8.06096e+01 | 39  0.02634  3.18943e+01
 40  0.24413  1.69916e+02 | 41  0.24606 -7.68230e+02 | 42  0.26885  1.35859e+02
 43 -0.26188 -2.79928e+02 | 44  0.22970 -1.56687e+02 | 45 -0.30838  7.87759e+03
 46 -0.12600 -2.56892e+03 | 47 -0.27101 -7.60860e+01 | 48 -0.43093  5.31450e+01
 49 -0.22761 -2.97757e+02 | 50 -0.31955  1.76317e+02 |
50 variables; iteration 60; function evaluation 80; phase 3
Function value 1.4052426e+02; maximum gradient component mag -3.9384e+03
Var    Value     Gradient |Var    Value     Gradient |Var    Value     Gradient
  1  0.01937  3.73468e+02 |  2 -0.03705  6.81477e+00 |  3 -0.09304  6.04381e-01
  4  0.01220 -4.76964e+00 |  5 -0.02554 -1.09324e+01 |  6  0.01846 -9.66127e+00
  7 -0.03760  7.38834e+00 |  8 -0.09303  1.83727e+00 |  9 -0.07094 -1.05495e+01
 10 -0.07351 -2.77043e-01 | 11  0.01738 -1.05658e+01 | 12  0.03224  1.31730e+01
 13  0.07532  2.43369e+01 | 14  0.00750 -4.44762e+00 | 15 -0.02509 -1.76787e+01
 16  0.06855  6.79241e+00 | 17  0.03088 -8.95993e+00 | 18 -0.03740 -5.01110e+00
 19 -0.01108  6.28894e+00 | 20 -0.02218  1.93456e+00 | 21  0.04090  5.54368e+00
 22  0.04301 -1.50065e-01 | 23 -0.04927 -1.31163e+00 | 24 -0.03647 -1.28763e+01
 25 -0.10830  5.93000e+00 | 26 -0.00467 -4.89897e+00 | 27 -0.01956  3.80858e+00
 28 -0.01477 -1.12770e+01 | 29  0.05697 -5.91008e+01 | 30  0.00513 -1.83652e+01
 31  0.06287 -1.27018e+01 | 32 -0.01871  7.06671e+00 | 33  0.05269  2.72809e+01
 34  0.00641  1.16400e+01 | 35  0.06194  3.73447e+01 | 36  0.03060  2.69343e+01
 37 -0.00592  3.31409e+01 | 38  0.03087  8.45942e+01 | 39  0.01503  8.59548e+00
 40  0.24573 -5.31548e+01 | 41  0.25849  3.19625e+02 | 42  0.27117 -5.11744e+01
 43 -0.00284  5.87220e+01 | 44 -0.18966  4.93964e+01 | 45 -0.30858 -3.93843e+03
 46 -0.12670  1.34283e+03 | 47 -0.26029 -2.00385e+01 | 48 -0.42758  1.67336e+01
 49 -0.20505 -3.09104e+02 | 50 -0.29397  1.35032e+02 |
50 variables; iteration 80; function evaluation 100; phase 3
Function value 1.2740077e+02; maximum gradient component mag -3.3110e+03
Var    Value     Gradient |Var    Value     Gradient |Var    Value     Gradient
  1  0.01730  1.06228e+02 |  2 -0.06005  9.51015e-01 |  3 -0.09743 -5.64083e-01
  4  0.01774  4.45334e+00 |  5 -0.01799  4.42601e+00 |  6  0.02290  1.47647e+01
  7 -0.03919 -7.12706e-01 |  8 -0.09094 -1.49877e-02 |  9 -0.05402  8.94235e+00
 10 -0.06252 -2.95760e+00 | 11  0.03358  1.30807e+00 | 12  0.02997  1.02046e+00
 13  0.07780  1.27934e+01 | 14  0.01166 -1.00260e-01 | 15 -0.01007  5.73388e-01
 16  0.06382  2.78974e+00 | 17  0.03563  1.00806e+01 | 18 -0.03475  1.15356e+01
 19 -0.01111  4.49272e+00 | 20 -0.02173  1.29129e+01 | 21  0.03758 -2.08337e+00
 22  0.04042 -3.27656e+00 | 23 -0.05515 -4.71926e+00 | 24 -0.03246 -5.98710e+00
 25 -0.11382 -8.76759e+00 | 26 -0.00278 -2.74980e+01 | 27 -0.01993  1.94376e+01
 28 -0.02203  8.47144e+00 | 29  0.05658  4.17564e+01 | 30  0.00219  1.28899e+01
 31  0.05686 -7.72598e-01 | 32 -0.02506 -4.00052e+00 | 33  0.04262 -9.70649e+00
 34 -0.00133 -5.27597e+00 | 35  0.05529 -1.52943e+01 | 36  0.02735 -2.52386e+01
 37 -0.00760 -4.50031e+01 | 38  0.03000 -1.12767e+01 | 39 -0.00278 -1.06047e+01
 40  0.24875  6.91430e+00 | 41  0.26034 -2.83359e+01 | 42  0.27686  8.34987e+00
 43  0.21150  6.30383e+01 | 44 -0.59462  2.31784e+01 | 45 -0.30730 -3.31097e+03
 46 -0.12305  1.15229e+03 | 47 -0.25473 -4.01769e+00 | 48 -0.41995  3.36368e+00
 49 -0.12314 -5.12587e+01 | 50 -0.23649  4.02933e+01 |
50 variables; iteration 100; function evaluation 125; phase 3
Function value 1.2693767e+02; maximum gradient component mag -8.4915e+02
Var    Value     Gradient |Var    Value     Gradient |Var    Value     Gradient
  1  0.01654  2.10192e+02 |  2 -0.06289 -9.45770e-02 |  3 -0.09498 -2.99752e-01
  4  0.01661 -3.67357e-01 |  5 -0.01759 -4.48232e+00 |  6  0.02401 -7.79768e+00
  7 -0.04222 -7.04871e+00 |  8 -0.09804 -1.22776e+01 |  9 -0.06628 -2.68314e+01
 10 -0.07381 -2.35520e+00 | 11  0.02844 -2.57037e+00 | 12  0.03105 -1.41124e+00
 13  0.08126  2.54120e+00 | 14  0.01159 -2.78757e+00 | 15 -0.01097 -1.92564e+00
 16  0.06552  6.17745e-01 | 17  0.03611  3.85506e+00 | 18 -0.03440  6.67452e+00
 19 -0.00991  3.87579e-01 | 20 -0.02002  2.46740e+00 | 21  0.03779 -2.90879e+00
 22  0.04130 -3.20487e+00 | 23 -0.05338 -3.41205e+00 | 24 -0.03183 -3.49401e+00
 25 -0.11224 -5.03967e+00 | 26  0.00125 -8.28864e+00 | 27 -0.02040 -6.92203e+00
 28 -0.02126 -2.14706e+00 | 29  0.05826  2.16721e-01 | 30  0.00375 -1.75824e+01
 31  0.05772 -4.45919e+00 | 32 -0.02410 -3.20924e+00 | 33  0.04312  5.87950e+00
 34 -0.00069  3.23174e+00 | 35  0.05620  1.78890e+01 | 36  0.02856  3.13501e+01
 37 -0.00592  5.45091e+01 | 38  0.03151  3.45352e+00 | 39  0.00494 -2.43236e+00
 40  0.24895 -2.05531e+00 | 41  0.26091 -5.24359e+00 | 42  0.27676 -4.59096e+00
 43  0.23178  2.48935e+01 | 44 -0.65318  8.36674e+00 | 45 -0.30659 -8.49151e+02
 46 -0.12115  3.02019e+02 | 47 -0.25235  4.77901e-01 | 48 -0.41781 -4.34680e-01
 49 -0.11540  1.33434e+01 | 50 -0.23429 -1.67163e+01 |
50 variables; iteration 120; function evaluation 149; phase 3
Function value 1.2673666e+02; maximum gradient component mag 3.2878e+02
Var    Value     Gradient |Var    Value     Gradient |Var    Value     Gradient
  1  0.01663 -2.88634e+01 |  2 -0.06281  4.01205e-03 |  3 -0.09460 -1.94916e-02
  4  0.01630  3.88796e-02 |  5 -0.01770  4.05135e-01 |  6  0.02383  2.94465e-01
  7 -0.04244  6.61036e-01 |  8 -0.09700  5.27677e-01 |  9 -0.06471  8.43142e-01
 10 -0.07230  4.11482e-01 | 11  0.02909  2.45825e-01 | 12  0.03095 -1.95125e-02
 13  0.08066 -9.64190e-01 | 14  0.01189  1.79010e-01 | 15 -0.01113  4.53998e-01
 16  0.06543  4.28971e-01 | 17  0.03602  4.61579e-01 | 18 -0.03510  5.36614e-01
 19 -0.01007  6.27208e-01 | 20 -0.02032  7.55926e-01 | 21  0.03774  4.69073e-01
 22  0.04123  4.60447e-01 | 23 -0.05341  4.04060e-01 | 24 -0.03204  3.60749e-01
 25 -0.11185  1.82038e-01 | 26  0.00096  7.39332e-02 | 27 -0.02048 -7.45669e-01
 28 -0.02090 -2.62809e-01 | 29  0.05788 -2.79483e+00 | 30  0.00372 -7.17239e-01
 31  0.05745 -6.79920e-01 | 32 -0.02349 -1.14898e-01 | 33  0.04431 -3.16887e-01
 34 -0.00002 -9.84061e-02 | 35  0.05610 -5.53128e-01 | 36  0.02784 -6.42000e-01
 37 -0.00842 -3.64749e-01 | 38  0.03146 -9.15934e-01 | 39  0.00417  2.96341e-01
 40  0.24892 -4.17686e-01 | 41  0.26083 -7.16112e-01 | 42  0.27674 -6.28478e-01
 43  0.25871 -7.86784e+00 | 44 -0.77153 -1.44198e+00 | 45 -0.30559  3.28782e+02
 46 -0.11833 -1.16792e+02 | 47 -0.24830  5.36806e-01 | 48 -0.41302 -5.29013e-01
 49 -0.11925  1.84645e+00 | 50 -0.23622 -2.39205e-01 |
50 variables; iteration 140; function evaluation 169; phase 3
Function value 1.2673506e+02; maximum gradient component mag -1.5969e+01
Var    Value     Gradient |Var    Value     Gradient |Var    Value     Gradient
  1  0.01662 -3.02013e+00 |  2 -0.06281 -8.42761e-03 |  3 -0.09449 -7.44277e-03
  4  0.01635 -3.33102e-02 |  5 -0.01767  2.37588e-03 |  6  0.02384 -9.57694e-02
  7 -0.04249  2.18114e-02 |  8 -0.09704 -8.03183e-02 |  9 -0.06484 -2.20397e-01
 10 -0.07245  5.45878e-02 | 11  0.02905  9.14689e-03 | 12  0.03097 -2.94168e-02
 13  0.08067 -1.68270e-01 | 14  0.01196 -6.75242e-03 | 15 -0.01109  5.42843e-02
 16  0.06545  6.83320e-02 | 17  0.03604  7.96997e-02 | 18 -0.03510  1.17276e-01
 19 -0.01004  1.51535e-01 | 20 -0.02032  2.29353e-01 | 21  0.03776  3.42956e-02
 22  0.04124  3.29051e-02 | 23 -0.05339  3.27574e-02 | 24 -0.03203  4.21781e-02
 25 -0.11177  7.99123e-03 | 26  0.00091  1.31372e-01 | 27 -0.02041 -2.94807e-01
 28 -0.02092 -9.79632e-02 | 29  0.05790 -5.76563e-01 | 30  0.00366  1.89024e-01
 31  0.05744  1.56353e-01 | 32 -0.02343  5.46664e-02 | 33  0.04443  4.49516e-02
 34  0.00003  7.75404e-02 | 35  0.05610  1.00806e-01 | 36  0.02783  6.06814e-02
 37 -0.00847  1.25065e-02 | 38  0.03147 -2.19272e-01 | 39  0.00406  9.73510e-02
 40  0.24892 -1.21166e-01 | 41  0.26084 -1.39351e-01 | 42  0.27675 -1.71070e-01
 43  0.26173 -3.43087e-02 | 44 -0.78727 -9.34004e-03 | 45 -0.30544 -1.59692e+01
 46 -0.11791  5.66619e+00 | 47 -0.24714  1.29416e-01 | 48 -0.41164 -1.98340e-01
 49 -0.11935 -6.33003e-02 | 50 -0.23628  4.22662e-02 |
50 variables; iteration 160; function evaluation 196; phase 3
Function value 1.2668968e+02; maximum gradient component mag 5.5234e+00
Var    Value     Gradient |Var    Value     Gradient |Var    Value     Gradient
  1  0.01659  5.52345e+00 |  2 -0.06284 -1.78991e-02 |  3 -0.09450 -1.09813e-02
  4  0.01641  2.72956e-02 |  5 -0.01760 -5.33534e-02 |  6  0.02392 -2.80963e-02
  7 -0.04244 -7.76248e-02 |  8 -0.09694 -8.28128e-02 |  9 -0.06468  4.21148e-02
 10 -0.07229 -8.30901e-02 | 11  0.02918 -4.99135e-02 | 12  0.03106 -2.15119e-02
 13  0.08075  1.84199e-01 | 14  0.01195 -6.76512e-02 | 15 -0.01107 -7.92699e-02
 16  0.06545 -2.11914e-01 | 17  0.03611 -2.07761e-01 | 18 -0.03501 -1.96585e-01
 19 -0.00982  3.90323e-02 | 20 -0.02034 -1.97095e-01 | 21  0.03735  8.46344e-02
 22  0.04106  2.90264e-02 | 23 -0.05401 -9.34504e-02 | 24 -0.03282  6.36272e-02
 25 -0.11218 -1.00268e-01 | 26  0.00121 -1.97824e-01 | 27 -0.02037  5.09913e-02
 28 -0.02075  1.89869e-01 | 29  0.05798  7.22788e-01 | 30  0.00375 -1.29868e-03
 31  0.05743  8.83749e-02 | 32 -0.02345 -5.72033e-02 | 33  0.04454  3.58580e-02
 34 -0.00005 -2.26528e-02 | 35  0.05612 -7.62284e-02 | 36  0.02790 -1.18206e-01
 37 -0.00841 -7.93837e-02 | 38  0.03157 -3.30525e-01 | 39  0.00419 -2.13527e-02
 40  0.24897  3.07071e-01 | 41  0.26561  3.38596e+00 | 42  0.27680  2.65704e-01
 43  0.26179  2.08864e-03 | 44 -0.78737 -2.36510e-03 | 45 -0.30564 -5.08300e+00
 46 -0.11848  1.80322e+00 | 47 -0.18431 -4.64593e-01 | 48 -0.34558 -3.09412e-02
 49 -0.11924 -1.05319e-01 | 50 -0.23624  4.03067e-02 |
50 variables; iteration 180; function evaluation 216; phase 3
Function value 1.2668959e+02; maximum gradient component mag -3.3248e-02
Var    Value     Gradient |Var    Value     Gradient |Var    Value     Gradient
  1  0.01659 -7.83961e-03 |  2 -0.06277 -1.57608e-04 |  3 -0.09445  1.92250e-05
  4  0.01641 -2.53087e-04 |  5 -0.01760 -1.66201e-04 |  6  0.02392 -1.10785e-03
  7 -0.04244  1.23768e-04 |  8 -0.09694  1.30283e-04 |  9 -0.06472  6.36570e-04
 10 -0.07236  2.09378e-04 | 11  0.02914  5.32309e-05 | 12  0.03106  7.14539e-05
 13  0.08076  7.88928e-05 | 14  0.01196  2.29889e-04 | 15 -0.01110  2.51083e-04
 16  0.06547  1.12888e-04 | 17  0.03612  6.72238e-05 | 18 -0.03500 -9.00169e-05
 19 -0.00984 -2.19793e-05 | 20 -0.02032 -5.21485e-04 | 21  0.03736  1.42959e-04
 22  0.04107  4.26770e-05 | 23 -0.05396 -1.81051e-05 | 24 -0.03281  1.63099e-04
 25 -0.11214 -1.04648e-04 | 26  0.00122 -4.46347e-04 | 27 -0.02037 -2.60649e-03
 28 -0.02075 -5.76478e-04 | 29  0.05798 -2.50372e-03 | 30  0.00376  1.37687e-03
 31  0.05744  9.19329e-04 | 32 -0.02344 -1.13806e-04 | 33  0.04454 -8.96857e-04
 34 -0.00005 -1.13399e-04 | 35  0.05613 -4.60075e-04 | 36  0.02791  1.57043e-05
 37 -0.00841  3.90652e-04 | 38  0.03158  3.34883e-03 | 39  0.00418  1.81204e-04
 40  0.24897  1.54767e-03 | 41  0.26547  3.21866e-03 | 42  0.27680  2.29107e-03
 43  0.26169 -7.38923e-04 | 44 -0.78674 -1.94249e-04 | 45 -0.30565 -3.32483e-02
 46 -0.11850  1.06301e-02 | 47 -0.18496 -8.41066e-04 | 48 -0.34611  2.78831e-04
 49 -0.11921 -2.08313e-04 | 50 -0.23623 -7.55309e-04 |
50 variables; iteration 200; function evaluation 236; phase 3
Function value 1.2668957e+02; maximum gradient component mag 6.1972e+00
Var    Value     Gradient |Var    Value     Gradient |Var    Value     Gradient
  1  0.01659 -1.81553e-01 |  2 -0.06278 -4.37225e-03 |  3 -0.09445  7.64312e-04
  4  0.01640 -6.13243e-03 |  5 -0.01761 -4.25257e-03 |  6  0.02392 -2.87209e-02
  7 -0.04244  1.80650e-03 |  8 -0.09694  2.48191e-03 |  9 -0.06472  1.48549e-02
 10 -0.07236  5.03928e-03 | 11  0.02914  1.94776e-03 | 12  0.03106  3.73887e-03
 13  0.08076  8.06238e-03 | 14  0.01196  6.62667e-03 | 15 -0.01110  6.00511e-03
 16  0.06547  3.54108e-04 | 17  0.03612 -1.44245e-03 | 18 -0.03501 -6.38013e-03
 19 -0.00984 -4.77956e-03 | 20 -0.02032 -2.14669e-02 | 21  0.03736  3.30166e-03
 22  0.04107  1.97011e-04 | 23 -0.05397 -1.42065e-03 | 24 -0.03281  3.34140e-03
 25 -0.11215 -3.33557e-03 | 26  0.00122 -1.83073e-02 | 27 -0.02038 -6.68320e-02
 28 -0.02075 -1.34772e-02 | 29  0.05798 -5.52970e-02 | 30  0.00377  4.56011e-02
 31  0.05744  2.86152e-02 | 32 -0.02344 -4.56115e-03 | 33  0.04454 -2.32654e-02
 34 -0.00005 -4.06771e-03 | 35  0.05613 -1.32777e-02 | 36  0.02791 -1.97554e-04
 37 -0.00840  8.98157e-03 | 38  0.03159  8.94140e-02 | 39  0.00419  4.63092e-03
 40  0.24897  4.42743e-02 | 41  0.26547  8.09360e-02 | 42  0.27680  6.50924e-02
 43  0.26168  1.46627e-02 | 44 -0.78670  2.23045e-03 | 45 -0.29694  6.19716e+00
 46 -0.09396 -2.19996e+00 | 47 -0.18496 -2.33679e-02 | 48 -0.34611  9.78225e-03
 49 -0.11922 -2.33506e-02 | 50 -0.23623 -8.69012e-03 |
50 variables; iteration 220; function evaluation 259; phase 3
Function value 1.2668952e+02; maximum gradient component mag 1.1288e+00
Var    Value     Gradient |Var    Value     Gradient |Var    Value     Gradient
  1  0.01659 -6.32240e-01 |  2 -0.06276  6.18292e-04 |  3 -0.09445  6.47315e-04
  4  0.01641  3.88770e-03 |  5 -0.01760  1.16175e-02 |  6  0.02392  1.13969e-02
  7 -0.04244  1.07537e-02 |  8 -0.09694  9.98202e-03 |  9 -0.06472  1.05916e-02
 10 -0.07236  8.76593e-03 | 11  0.02914  7.65074e-03 | 12  0.03106  4.93442e-03
 13  0.08076 -7.37216e-03 | 14  0.01196  8.20242e-03 | 15 -0.01110  9.78124e-03
 16  0.06547  9.08772e-03 | 17  0.03612  9.34059e-03 | 18 -0.03500  9.56798e-03
 19 -0.00983  1.17619e-02 | 20 -0.02032  7.71995e-03 | 21  0.03736  1.17838e-02
 22  0.04107  1.06873e-02 | 23 -0.05396  9.31243e-03 | 24 -0.03281  8.12761e-03
 25 -0.11214  6.36223e-03 | 26  0.00122 -2.17462e-02 | 27 -0.02037  6.40935e-03
 28 -0.02075 -5.86720e-03 | 29  0.05798 -4.44923e-02 | 30  0.00376 -5.23905e-02
 31  0.05744 -1.83880e-02 | 32 -0.02344  9.74364e-03 | 33  0.04454  4.55779e-03
 34 -0.00005  4.94868e-03 | 35  0.05613 -4.84013e-03 | 36  0.02791 -1.25235e-02
 37 -0.00841 -1.91359e-02 | 38  0.03158 -1.46245e-02 | 39  0.00418  9.27726e-04
 40  0.24897 -5.00255e-03 | 41  0.26547 -9.49590e-03 | 42  0.27680 -6.38226e-03
 43  0.26169 -6.51419e-03 | 44 -0.78673 -1.20377e-03 | 45 -0.27933  1.12884e+00
 46 -0.04423 -3.98782e-01 | 47 -0.18496  3.37766e-03 | 48 -0.34610 -1.74544e-03
 49 -0.11921 -1.17181e-02 | 50 -0.23622  1.52629e-02 |
  ic > imax  in fminim is answer attained ?
Var    Value     Gradient |Var    Value     Gradient |Var    Value     Gradient
  1  0.01659 -1.13873e-04 |  2 -0.06277 -7.14956e-08 |  3 -0.09445  5.55535e-07
  4  0.01641  2.46536e-06 |  5 -0.01760  4.30722e-06 |  6  0.02392  5.62721e-06
  7 -0.04244  2.79247e-06 |  8 -0.09694  2.32809e-06 |  9 -0.06472  3.93600e-06
 10 -0.07236  1.32562e-06 | 11  0.02914  7.20680e-07 | 12  0.03106 -3.30468e-07
 13  0.08076 -5.43211e-06 | 14  0.01196 -9.19798e-07 | 15 -0.01110  2.96608e-06
 16  0.06547  5.01764e-06 | 17  0.03612  5.73431e-06 | 18 -0.03500  4.08373e-06
 19 -0.00984  2.04390e-06 | 20 -0.02032  8.40420e-06 | 21  0.03736  7.85957e-07
 22  0.04107  1.14403e-06 | 23 -0.05396  1.93557e-06 | 24 -0.03281  4.39435e-07
 25 -0.11214  5.08402e-07 | 26  0.00122 -3.21421e-06 | 27 -0.02037 -6.05311e-08
 28 -0.02075 -1.59108e-06 | 29  0.05798 -1.41734e-05 | 30  0.00376 -2.17004e-05
 31  0.05744 -1.55713e-06 | 32 -0.02344  5.05764e-06 | 33  0.04454  2.06213e-06
 34 -0.00005  1.05114e-06 | 35  0.05613  1.12768e-06 | 36  0.02791 -5.26300e-07
 37 -0.00841 -3.75931e-06 | 38  0.03158 -5.73333e-06 | 39  0.00418  8.90481e-07
 40  0.24897 -1.98047e-06 | 41  0.26547  3.20645e-06 | 42  0.27680 -2.53908e-06
 43  0.26169 -2.36791e-05 | 44 -0.78673 -4.48283e-06 | 45 -0.27866  2.01143e-05
 46 -0.04231 -7.06802e-06 | 47 -0.18496 -4.39275e-07 | 48 -0.34611 -3.18723e-07
 49 -0.11921  1.01785e-05 | 50 -0.23623 -3.94366e-06 |
Function minimizer not making progress ... is minimum attained?
Minimprove criterion = 0.0000e+00

 - final statistics:
50 variables; iteration 227; function evaluation 295
Function value 1.2669e+02; maximum gradient component mag -1.1387e-04
Exit code = 1;  converg criter 1.0000e-04
Var    Value     Gradient |Var    Value     Gradient |Var    Value     Gradient
  1  0.01659 -1.13873e-04 |  2 -0.06277 -7.14956e-08 |  3 -0.09445  5.55535e-07
  4  0.01641  2.46536e-06 |  5 -0.01760  4.30722e-06 |  6  0.02392  5.62721e-06
  7 -0.04244  2.79247e-06 |  8 -0.09694  2.32809e-06 |  9 -0.06472  3.93600e-06
 10 -0.07236  1.32562e-06 | 11  0.02914  7.20680e-07 | 12  0.03106 -3.30468e-07
 13  0.08076 -5.43211e-06 | 14  0.01196 -9.19798e-07 | 15 -0.01110  2.96608e-06
 16  0.06547  5.01764e-06 | 17  0.03612  5.73431e-06 | 18 -0.03500  4.08373e-06
 19 -0.00984  2.04390e-06 | 20 -0.02032  8.40420e-06 | 21  0.03736  7.85957e-07
 22  0.04107  1.14403e-06 | 23 -0.05396  1.93557e-06 | 24 -0.03281  4.39435e-07
 25 -0.11214  5.08402e-07 | 26  0.00122 -3.21421e-06 | 27 -0.02037 -6.05311e-08
 28 -0.02075 -1.59108e-06 | 29  0.05798 -1.41734e-05 | 30  0.00376 -2.17004e-05
 31  0.05744 -1.55713e-06 | 32 -0.02344  5.05764e-06 | 33  0.04454  2.06213e-06
 34 -0.00005  1.05114e-06 | 35  0.05613  1.12768e-06 | 36  0.02791 -5.26300e-07
 37 -0.00841 -3.75931e-06 | 38  0.03158 -5.73333e-06 | 39  0.00418  8.90481e-07
 40  0.24897 -1.98047e-06 | 41  0.26547  3.20645e-06 | 42  0.27680 -2.53908e-06
 43  0.26169 -2.36791e-05 | 44 -0.78673 -4.48283e-06 | 45 -0.27866  2.01143e-05
 46 -0.04231 -7.06802e-06 | 47 -0.18496 -4.39275e-07 | 48 -0.34611 -3.18723e-07
 49 -0.11921  1.01785e-05 | 50 -0.23623 -3.94366e-06 |
Estimating row 1 out of 50 for hessian
Estimating row 2 out of 50 for hessian
Estimating row 3 out of 50 for hessian
Estimating row 4 out of 50 for hessian
Estimating row 5 out of 50 for hessian
Estimating row 6 out of 50 for hessian
Estimating row 7 out of 50 for hessian
Estimating row 8 out of 50 for hessian
Estimating row 9 out of 50 for hessian
Estimating row 10 out of 50 for hessian
Estimating row 11 out of 50 for hessian
Estimating row 12 out of 50 for hessian
Estimating row 13 out of 50 for hessian
Estimating row 14 out of 50 for hessian
Estimating row 15 out of 50 for hessian
Estimating row 16 out of 50 for hessian
Estimating row 17 out of 50 for hessian
Estimating row 18 out of 50 for hessian
Estimating row 19 out of 50 for hessian
Estimating row 20 out of 50 for hessian
Estimating row 21 out of 50 for hessian
Estimating row 22 out of 50 for hessian
Estimating row 23 out of 50 for hessian
Estimating row 24 out of 50 for hessian
Estimating row 25 out of 50 for hessian
Estimating row 26 out of 50 for hessian
Estimating row 27 out of 50 for hessian
Estimating row 28 out of 50 for hessian
Estimating row 29 out of 50 for hessian
Estimating row 30 out of 50 for hessian
Estimating row 31 out of 50 for hessian
Estimating row 32 out of 50 for hessian
Estimating row 33 out of 50 for hessian
Estimating row 34 out of 50 for hessian
Estimating row 35 out of 50 for hessian
Estimating row 36 out of 50 for hessian
Estimating row 37 out of 50 for hessian
Estimating row 38 out of 50 for hessian
Estimating row 39 out of 50 for hessian
Estimating row 40 out of 50 for hessian
Estimating row 41 out of 50 for hessian
Estimating row 42 out of 50 for hessian
Estimating row 43 out of 50 for hessian
Estimating row 44 out of 50 for hessian
Estimating row 45 out of 50 for hessian
Estimating row 46 out of 50 for hessian
Estimating row 47 out of 50 for hessian
Estimating row 48 out of 50 for hessian
Estimating row 49 out of 50 for hessian
Estimating row 50 out of 50 for hessian
size of file gradfil1.tmp = 0
size of file gradfil2.tmp = 0
size of file varssave.tmp = 0
size of file cmpdiff.tmp = 0
