
Initial statistics: 2 variables; iteration 0; function evaluation 0; phase 1
Function value 1.5856185e+04; maximum gradient component mag 5.2680e+04
Var    Value     Gradient |Var    Value     Gradient |Var    Value     Gradient
  1  0.33333  5.26795e+04 |  2  0.21635  2.38106e+04 |

 - final statistics:
2 variables; iteration 10; function evaluation 27
Function value 1.0646e+03; maximum gradient component mag -1.9316e+00
Exit code = 1;  converg criter 1.0000e+01
Var    Value     Gradient |Var    Value     Gradient |Var    Value     Gradient
  1 -0.07839 -1.93160e+00 |  2  0.23937  1.30390e-01 |

Initial statistics: 45 variables; iteration 0; function evaluation 0; phase 2
Function value 1.0645557e+03; maximum gradient component mag -4.7662e+03
Var    Value     Gradient |Var    Value     Gradient |Var    Value     Gradient
  1 -0.07839 -1.93160e+00 |  2  0.00000  5.61986e+02 |  3  0.00000  1.84432e+02
  4  0.00000  3.97773e+01 |  5  0.00000  1.05453e+02 |  6  0.00000  4.33959e+01
  7  0.00000  7.95130e+01 |  8  0.00000  1.39159e+02 |  9  0.00000  1.15532e+02
 10  0.00000  1.37973e+02 | 11  0.00000  9.37900e+01 | 12  0.00000  1.43002e+02
 13  0.00000  1.06526e+02 | 14  0.00000  1.45106e+02 | 15  0.00000  1.70030e+02
 16  0.00000  1.05579e+02 | 17  0.00000  1.46595e+02 | 18  0.00000  2.13648e+02
 19  0.00000  1.36842e+02 | 20  0.00000  1.65953e+02 | 21  0.00000  1.32212e+02
 22  0.00000  2.02066e+02 | 23  0.00000  4.42469e+02 | 24  0.00000  4.66159e+02
 25  0.00000  6.32794e+02 | 26  0.00000  5.83264e+02 | 27  0.00000  6.40388e+02
 28  0.00000  6.73300e+02 | 29  0.00000  2.30080e+02 | 30  0.00000 -2.81422e+01
 31  0.00000 -1.14284e+03 | 32  0.00000 -2.14349e+02 | 33  0.00000 -8.39536e+02
 34  0.00000 -3.30720e+02 | 35  0.00000 -1.08214e+03 | 36  0.00000 -7.71710e+02
 37  0.00000 -5.63147e+02 | 38  0.00000 -1.07678e+03 | 39  0.00000 -1.46022e+00
 40  0.21635 -4.76625e+03 | 41  0.21635 -3.04352e+03 | 42  0.23937  1.30390e-01
 43 -0.30909 -6.74111e+02 | 44  0.12819  1.48494e+01 | 45 -0.30909  2.51674e+03

Intermediate statistics: 45 variables; iteration 20; function evaluation 40; phase 2
Function value 5.1974702e+02; maximum gradient component mag 5.9392e+04
Var    Value     Gradient |Var    Value     Gradient |Var    Value     Gradient
  1 -0.08580  5.93924e+04 |  2 -0.28017  1.37305e+02 |  3 -0.11510  1.80456e+02
  4 -0.00474  2.76085e+02 |  5 -0.01720 -6.23858e+02 |  6  0.01637 -5.52295e+02
  7 -0.08640 -5.77789e+02 |  8 -0.11055 -6.10293e+02 |  9 -0.06406 -5.53838e+02
 10 -0.06770 -4.46317e+02 | 11 -0.00999 -2.67750e+02 | 12 -0.01203 -3.24628e+02
 13  0.01970 -2.87043e+02 | 14  0.00399 -4.04106e+02 | 15 -0.00778 -3.97732e+02
 16  0.04611 -3.19656e+02 | 17  0.03103 -4.53738e+02 | 18  0.00946 -3.13284e+02
 19  0.03546  1.43104e+03 | 20  0.03092  1.11040e+03 | 21  0.02511  9.42023e+02
 22  0.00362  6.26978e+02 | 23 -0.06724  1.62770e+02 | 24 -0.05998  3.31471e+02
 25 -0.07103  3.57397e+02 | 26 -0.01871  7.16460e+02 | 27 -0.00847  7.85522e+02
 28  0.01588  1.06850e+03 | 29  0.08954  1.86833e+03 | 30  0.02685  6.22572e+02
 31  0.09090  9.65642e+02 | 32 -0.03372 -5.00863e+02 | 33  0.04520 -1.64800e+02
 34 -0.05929 -1.00408e+03 | 35  0.05933 -2.30456e+02 | 36  0.01540 -6.73685e+02
 37 -0.02119 -9.46105e+02 | 38  0.09619 -4.06672e+02 | 39  0.05493 -8.99468e+02
 40  0.24754 -5.11238e+02 | 41  0.23378 -1.94236e+03 | 42  0.24495  7.52014e+02
 43 -0.27560  4.23969e+02 | 44  0.09365 -1.33099e+01 | 45 -0.32473 -1.00058e+01
45 variables; iteration 40; function evaluation 67; phase 2
Function value 4.6212932e+02; maximum gradient component mag 1.2843e+04
Var    Value     Gradient |Var    Value     Gradient |Var    Value     Gradient
  1 -0.08659  1.28434e+04 |  2 -0.26506  1.17616e+02 |  3 -0.13211  1.13141e+02
  4 -0.00106  1.96642e+02 |  5 -0.01821 -4.69176e+01 |  6  0.01825  8.45707e+00
  7 -0.09538 -2.52975e+01 |  8 -0.10285 -4.86417e+00 |  9 -0.05823  7.11180e+00
 10 -0.06809 -1.67837e+01 | 11  0.00028  2.79758e+01 | 12 -0.02117 -7.26107e+01
 13  0.01997 -7.29482e+01 | 14 -0.00224 -1.16631e+02 | 15  0.00486 -6.79645e+01
 16  0.05513 -1.34722e+02 | 17  0.01642 -1.91913e+02 | 18  0.02241 -1.57516e+01
 19  0.04262  3.22422e+02 | 20  0.03868  2.31505e+02 | 21  0.01346  3.29252e+01
 22  0.02181  4.71294e+01 | 23 -0.08374 -1.05041e+02 | 24 -0.06160 -1.21521e+02
 25 -0.10535 -1.54474e+02 | 26 -0.00392 -1.39528e+02 | 27 -0.01465 -1.50644e+02
 28 -0.00977 -2.55890e+02 | 29  0.08605 -3.14374e+02 | 30  0.02008 -5.90917e+01
 31  0.09167  3.26261e+02 | 32 -0.01466  2.85697e+01 | 33  0.04729  3.43655e+02
 34 -0.03733 -1.14962e+02 | 35  0.06771  6.08410e+02 | 36  0.01424  4.73860e+00
 37  0.00709  1.21255e+02 | 38  0.08661  4.03783e+02 | 39  0.02295 -2.99233e+02
 40  0.25099 -3.00529e+02 | 41  0.24225 -1.10180e+03 | 42  0.25435  5.00458e+02
 43 -0.25364  4.75806e+02 | 44  0.16584 -2.28571e+01 | 45 -0.30683 -9.54178e+02
Maximum number of function evaluations exceeded

 - final statistics:
45 variables; iteration 60; function evaluation 100
Function value 4.1380e+02; maximum gradient component mag 2.2509e+04
Exit code = 3;  converg criter 1.0000e+01
Var    Value     Gradient |Var    Value     Gradient |Var    Value     Gradient
  1 -0.08597  2.25086e+04 |  2 -0.27987  9.09374e+01 |  3 -0.16669  6.74552e+01
  4 -0.00649  1.57003e+02 |  5 -0.00913 -1.89858e+02 |  6  0.03002 -1.30462e+02
  7 -0.09542 -1.61114e+02 |  8 -0.10854 -1.54236e+02 |  9 -0.06107 -8.47339e+01
 10 -0.10417  8.63891e+00 | 11 -0.02106  3.18137e+02 | 12 -0.01056  3.12831e+02
 13  0.02948  3.93108e+02 | 14  0.00699  1.24043e+02 | 15 -0.01611  4.92778e+01
 16  0.06210  2.01209e+02 | 17  0.04196  2.86497e+01 | 18  0.01410  1.35800e+02
 19  0.02178  6.78402e+02 | 20  0.02175  5.10177e+02 | 21  0.01483  3.96902e+02
 22  0.01238  3.27401e+02 | 23 -0.07641  3.71582e+01 | 24 -0.06061  1.07845e+02
 25 -0.08424  4.90816e+01 | 26  0.02032  3.51581e+02 | 27  0.00327  2.08470e+02
 28 -0.03079 -1.18325e+02 | 29  0.08920  2.34502e+02 | 30  0.02286 -1.49555e+02
 31  0.08574 -2.80099e+02 | 32 -0.00597 -4.04071e+02 | 33  0.02779 -4.04244e+02
 34 -0.02498 -4.28718e+02 | 35  0.05680 -3.61609e+02 | 36  0.02684 -4.11477e+02
 37  0.00793 -4.14254e+02 | 38  0.07060 -4.49284e+02 | 39  0.04162 -3.13933e+02
 40  0.25678  2.88099e+01 | 41  0.25431  1.73658e+02 | 42  0.25826  8.77634e+01
 43 -0.27644  5.75917e+01 | 44  0.03371 -5.23647e+00 | 45 -0.28713  8.78793e+01

Initial statistics: 49 variables; iteration 0; function evaluation 0; phase 3
Function value 4.1380052e+02; maximum gradient component mag 2.2509e+04
Var    Value     Gradient |Var    Value     Gradient |Var    Value     Gradient
  1 -0.08597  2.25086e+04 |  2 -0.27987  9.09374e+01 |  3 -0.16669  6.74552e+01
  4 -0.00649  1.57003e+02 |  5 -0.00914 -1.90148e+02 |  6  0.03001 -1.30752e+02
  7 -0.09543 -1.61401e+02 |  8 -0.10855 -1.54522e+02 |  9 -0.06107 -8.50229e+01
 10 -0.10418  8.35227e+00 | 11 -0.02107  3.17846e+02 | 12 -0.01057  3.12541e+02
 13  0.02948  3.92818e+02 | 14  0.00698  1.23753e+02 | 15 -0.01612  4.89874e+01
 16  0.06209  2.00921e+02 | 17  0.04196  2.83598e+01 | 18  0.01409  1.35509e+02
 19  0.02177  6.78112e+02 | 20  0.02174  5.09887e+02 | 21  0.01482  3.96611e+02
 22  0.01238  3.27111e+02 | 23 -0.07642  3.68697e+01 | 24 -0.06062  1.07556e+02
 25 -0.08425  4.87936e+01 | 26  0.02031  3.51290e+02 | 27  0.00326  2.08180e+02
 28 -0.03079 -1.18615e+02 | 29  0.08920  2.34215e+02 | 30  0.02285 -1.49845e+02
 31  0.08573 -2.80387e+02 | 32 -0.00597 -4.04362e+02 | 33  0.02778 -4.04535e+02
 34 -0.02499 -4.29008e+02 | 35  0.05679 -3.61899e+02 | 36  0.02683 -4.11767e+02
 37  0.00792 -4.14545e+02 | 38  0.07059 -4.49573e+02 | 39  0.04161 -3.14223e+02
 40  0.25678  2.88099e+01 | 41  0.25431  1.73658e+02 | 42  0.21635 -4.82863e+03
 43  0.25826  8.77634e+01 | 44 -0.27644  5.75917e+01 | 45  0.03371 -5.23647e+00
 46 -0.30909 -9.56192e+02 | 47 -0.43452 -1.71599e-04 | 48 -0.28713  8.78793e+01
 49 -0.36199 -9.22646e+00 |

Intermediate statistics: 49 variables; iteration 20; function evaluation 34; phase 3
Function value 3.0267357e+02; maximum gradient component mag 5.8555e+04
Var    Value     Gradient |Var    Value     Gradient |Var    Value     Gradient
  1 -0.08599  5.85547e+04 |  2 -0.28488  2.23189e+02 |  3 -0.17078  1.64261e+02
  4 -0.00619  4.61138e+02 |  5 -0.00567 -4.21359e+02 |  6  0.03513 -2.68504e+02
  7 -0.09534 -4.87811e+02 |  8 -0.11239 -5.09325e+02 |  9 -0.06413 -3.51781e+02
 10 -0.11271 -1.63072e+02 | 11 -0.02559  5.48828e+02 | 12 -0.01003  6.77789e+02
 13  0.03644  1.10099e+03 | 14  0.00338  1.32756e+03 | 15 -0.02125  1.07178e+03
 16  0.06492  2.23592e+03 | 17  0.04828  1.29082e+03 | 18  0.01287  2.55368e+02
 19  0.00259 -2.16080e+02 | 20  0.01977 -2.17017e+02 | 21  0.01446  2.39151e+02
 22  0.00410 -2.29911e+02 | 23 -0.08216 -5.03747e+02 | 24 -0.06157 -4.03162e+02
 25 -0.08829 -4.91204e+02 | 26  0.03439 -2.75496e+02 | 27  0.01689 -1.37871e+02
 28 -0.01869  1.48478e+02 | 29  0.10650  9.24793e+02 | 30  0.00817 -7.92643e+02
 31  0.07509 -9.65464e+02 | 32 -0.01341 -7.95636e+02 | 33  0.03779  1.91656e+02
 34 -0.01931 -2.82744e+02 | 35  0.05189 -6.48122e+01 | 36  0.03726 -1.97018e+02
 37  0.00755 -6.17499e+02 | 38  0.06503 -7.65941e+02 | 39  0.04706 -8.37829e+02
 40  0.26104  4.01828e+02 | 41  0.27392  6.68734e+02 | 42  0.24343 -2.93576e+03
 43  0.25961  2.42149e+02 | 44 -0.27114  1.03860e+03 | 45  0.03805 -2.15207e+02
 46 -0.29836  7.47111e+02 | 47 -0.46989 -4.77753e+02 | 48 -0.28687  4.34377e+02
 49 -0.36362 -8.26007e+01 |
49 variables; iteration 40; function evaluation 63; phase 3
Function value 2.7417703e+02; maximum gradient component mag 3.1792e+05
Var    Value     Gradient |Var    Value     Gradient |Var    Value     Gradient
  1 -0.08527  3.17924e+05 |  2 -0.29346  9.05906e+02 |  3 -0.18197  6.43716e+02
  4 -0.00949  2.02181e+03 |  5 -0.00551 -2.64506e+03 |  6  0.04061 -1.75050e+03
  7 -0.10230 -2.86184e+03 |  8 -0.10954 -2.82346e+03 |  9 -0.06838 -1.86843e+03
 10 -0.11732 -7.85323e+01 | 11 -0.02679  5.16265e+03 | 12 -0.00672  6.57472e+03
 13  0.03264  9.04732e+03 | 14 -0.00134  9.64346e+03 | 15 -0.03395  5.27517e+03
 16  0.06888  1.29063e+04 | 17  0.05274  7.57565e+03 | 18  0.00982  1.16584e+03
 19  0.00648  9.95075e+02 | 20  0.01572  7.90672e+02 | 21  0.01222  3.99212e+03
 22  0.00457  9.35433e+02 | 23 -0.07415 -1.62971e+03 | 24 -0.06793 -1.64392e+03
 25 -0.10153 -2.52871e+03 | 26  0.03320 -1.29259e+03 | 27  0.01489 -2.61410e+03
 28 -0.02053 -2.21104e+03 | 29  0.10309 -5.15904e+02 | 30  0.00507 -3.93125e+03
 31  0.07751 -3.95120e+03 | 32 -0.00929 -4.25005e+03 | 33  0.03124 -3.34472e+03
 34 -0.02215 -3.87424e+03 | 35  0.05074 -3.58140e+03 | 36  0.03358 -3.82695e+03
 37  0.01089 -4.14387e+03 | 38  0.07421 -4.21742e+03 | 39  0.08568 -4.41301e+03
 40  0.26067  2.94863e+02 | 41  0.27279  6.34289e+02 | 42  0.25247 -2.09716e+03
 43  0.26075  2.30711e+02 | 44 -0.27005  4.51807e+03 | 45  0.04767 -8.75856e+02
 46 -0.30098 -7.44241e+00 | 47 -0.47275  4.31824e+00 | 48 -0.29580  1.52430e+03
 49 -0.42461 -3.37380e+02 |
49 variables; iteration 60; function evaluation 90; phase 3
Function value 2.3109828e+02; maximum gradient component mag 4.6446e+04
Var    Value     Gradient |Var    Value     Gradient |Var    Value     Gradient
  1 -0.08588  4.64457e+04 |  2 -0.30413  1.31112e+02 |  3 -0.18227  1.03245e+02
  4 -0.01017  2.98399e+02 |  5  0.00109 -3.59883e+02 |  6  0.03951 -2.46104e+02
  7 -0.09171 -3.59588e+02 |  8 -0.12177 -4.22658e+02 |  9 -0.06482 -2.11003e+02
 10 -0.11782  1.00524e+02 | 11 -0.02761  9.74107e+02 | 12 -0.00750  1.18170e+03
 13  0.03894  1.67397e+03 | 14  0.00055  1.47718e+03 | 15 -0.03521  6.27738e+02
 16  0.06904  1.58796e+03 | 17  0.05475  9.21292e+02 | 18  0.01442  2.37408e+02
 19  0.00657  5.40190e+01 | 20  0.01759 -1.22221e+01 | 21  0.01896  2.56297e+02
 22  0.00341 -1.08216e+01 | 23 -0.08785 -3.50414e+02 | 24 -0.06504 -3.39443e+02
 25 -0.10015 -4.10313e+02 | 26  0.03492  3.92219e+01 | 27  0.02023 -2.16357e+02
 28 -0.01657 -1.66906e+02 | 29  0.09553  1.81678e+02 | 30  0.01995 -5.12391e+02
 31  0.08111 -5.50544e+02 | 32 -0.00366 -6.20598e+02 | 33  0.02727 -6.12935e+02
 34 -0.02174 -6.34123e+02 | 35  0.05182 -6.27743e+02 | 36  0.03436 -6.80459e+02
 37  0.01166 -6.70211e+02 | 38  0.06894 -6.23368e+02 | 39  0.04917 -6.62875e+02
 40  0.26037  9.46442e+01 | 41  0.26882 -1.84509e+00 | 42  0.28028  5.87328e+01
 43  0.26113 -1.29077e+01 | 44 -0.27016  6.17074e+02 | 45  0.04861 -1.06420e+02
 46 -0.30608  4.06646e+02 | 47 -0.48108 -2.14290e+02 | 48 -0.28570  3.21600e+02
 49 -0.38258 -7.54139e+01 |
49 variables; iteration 80; function evaluation 110; phase 3
Function value 2.2779018e+02; maximum gradient component mag 1.2154e+04
Var    Value     Gradient |Var    Value     Gradient |Var    Value     Gradient
  1 -0.08563  1.21535e+04 |  2 -0.30100  4.65990e+01 |  3 -0.19291  2.90472e+01
  4 -0.00519  1.01288e+02 |  5 -0.00278 -8.50164e+01 |  6  0.03899 -4.53664e+01
  7 -0.09287 -7.80064e+01 |  8 -0.11665 -9.69815e+01 |  9 -0.06690 -5.84700e+01
 10 -0.12205 -3.15426e+01 | 11 -0.03084  1.16601e+02 | 12 -0.01016  1.45534e+02
 13  0.04004  2.24154e+02 | 14 -0.00069  2.59872e+02 | 15 -0.02329  2.46476e+02
 16  0.06582  4.85624e+02 | 17  0.05203  2.85914e+02 | 18  0.01136  1.26337e+02
 19  0.00499  1.56163e+02 | 20  0.01996  1.20217e+02 | 21  0.01334  1.19637e+02
 22  0.00450  1.74631e+00 | 23 -0.08595 -7.91903e+01 | 24 -0.06036 -7.57509e+01
 25 -0.09481 -8.52122e+01 | 26  0.03109 -3.08795e+01 | 27  0.02262 -6.20490e+01
 28 -0.01826 -8.60454e+01 | 29  0.09091  9.79496e+00 | 30  0.02427 -1.07273e+02
 31  0.08121 -9.30593e+01 | 32 -0.00368 -1.41385e+02 | 33  0.02634 -1.53139e+02
 34 -0.02277 -1.62024e+02 | 35  0.05086 -1.56538e+02 | 36  0.03523 -1.65479e+02
 37  0.01203 -1.65266e+02 | 38  0.06901 -1.65652e+02 | 39  0.05597 -1.68212e+02
 40  0.26047  5.38906e+00 | 41  0.26958  2.51685e+01 | 42  0.28066  4.08963e+00
 43  0.26144  8.14377e+00 | 44 -0.27681  3.64813e+02 | 45  0.02031 -7.45605e+01
 46 -0.30812 -1.09001e+03 | 47 -0.48492  5.58429e+02 | 48 -0.28956 -3.53028e+00
 49 -0.39858  1.48350e+00 |
49 variables; iteration 100; function evaluation 130; phase 3
Function value 2.2634587e+02; maximum gradient component mag 1.3305e+03
Var    Value     Gradient |Var    Value     Gradient |Var    Value     Gradient
  1 -0.08608  1.33045e+03 |  2 -0.31334 -2.20042e-01 |  3 -0.19576 -5.76509e-01
  4 -0.00115  6.12444e+00 |  5  0.00045 -1.87454e+01 |  6  0.04083 -1.77507e+01
  7 -0.09186 -8.25248e+00 |  8 -0.11668 -1.86543e+01 |  9 -0.06951 -1.90802e+01
 10 -0.13558 -2.83279e+01 | 11 -0.03984 -3.55942e+01 | 12 -0.01536 -4.56552e+01
 13  0.05518 -5.42601e+01 | 14  0.00463 -1.57453e+01 | 15 -0.04044 -9.01284e+00
 16  0.06892  2.88558e+01 | 17  0.06110  2.23433e+01 | 18  0.00480  3.00717e+01
 19  0.00531  8.68086e+01 | 20  0.02169  7.85182e+01 | 21  0.01418  1.04413e+02
 22  0.00813  5.99287e+01 | 23 -0.08698  1.92677e+01 | 24 -0.05674  2.69136e+01
 25 -0.09858  1.39595e+01 | 26  0.03239  6.20380e-01 | 27  0.02252 -1.68789e+01
 28 -0.01502 -2.91494e+01 | 29  0.09008 -5.75974e+00 | 30  0.02503 -1.28521e+01
 31  0.08219 -5.71017e+00 | 32 -0.00300 -1.39814e+01 | 33  0.02726 -1.17644e+01
 34 -0.02174 -1.49838e+01 | 35  0.05174 -1.47840e+01 | 36  0.03648 -1.70274e+01
 37  0.01326 -1.43699e+01 | 38  0.06912 -1.83603e+01 | 39  0.05437 -2.13449e+01
 40  0.26063  1.06085e+00 | 41  0.26983  4.31134e+00 | 42  0.28101  3.95074e+00
 43  0.26156 -4.71232e+00 | 44 -0.27852  9.55662e+01 | 45  0.01104 -1.89520e+01
 46 -0.30148 -2.98008e+00 | 47 -0.47229  1.56936e+00 | 48 -0.29605  1.81335e+01
 49 -0.42750 -4.11064e+00 |
49 variables; iteration 120; function evaluation 150; phase 3
Function value 2.2610387e+02; maximum gradient component mag 1.4338e+02
Var    Value     Gradient |Var    Value     Gradient |Var    Value     Gradient
  1 -0.08613  1.43377e+02 |  2 -0.31198 -1.71362e+00 |  3 -0.19181 -3.97052e-01
  4 -0.00328 -2.78488e+00 |  5  0.00116 -5.60419e+00 |  6  0.04125 -7.83419e+00
  7 -0.09468 -4.87142e+00 |  8 -0.11508 -4.86936e+00 |  9 -0.06905 -6.12433e+00
 10 -0.13659 -7.22537e+00 | 11 -0.04440 -1.48653e+01 | 12 -0.01482 -1.65584e+01
 13  0.05952 -1.74057e+01 | 14  0.00329 -2.89213e+01 | 15 -0.03492 -2.05658e+01
 16  0.06733 -3.55290e+01 | 17  0.06004 -2.50123e+01 | 18  0.00164  5.41773e-01
 19  0.00561  3.54410e+01 | 20  0.02209  2.58435e+01 | 21  0.01457  6.30389e+00
 22  0.00795  7.10814e+00 | 23 -0.08755  3.45599e+00 | 24 -0.05720  4.68499e+00
 25 -0.10187  4.84110e+00 | 26  0.03315  2.32181e+01 | 27  0.02284  1.78123e+01
 28 -0.01438  1.09000e+01 | 29  0.08977  2.78632e+01 | 30  0.02519  8.39546e+00
 31  0.08221  8.82994e+00 | 32 -0.00285  2.50493e+00 | 33  0.02728  4.15552e+00
 34 -0.02167  1.75783e+00 | 35  0.05190  3.82796e+00 | 36  0.03662  1.14752e+00
 37  0.01316 -1.16537e+00 | 38  0.06968 -5.69171e-01 | 39  0.05700 -1.91710e+00
 40  0.26057  2.19692e+00 | 41  0.26980  2.89848e+00 | 42  0.28092  4.85192e-02
 43  0.26157  1.05659e+00 | 44 -0.28302  9.39256e+00 | 45 -0.00956 -1.68226e+00
 46 -0.30160 -1.41408e+01 | 47 -0.47249  7.44910e+00 | 48 -0.29390  4.03967e+00
 49 -0.41825 -8.50790e-01 |
49 variables; iteration 140; function evaluation 170; phase 3
Function value 2.2605980e+02; maximum gradient component mag 1.3402e+02
Var    Value     Gradient |Var    Value     Gradient |Var    Value     Gradient
  1 -0.08611  1.34021e+02 |  2 -0.31095  6.70562e-01 |  3 -0.19355  2.96714e-01
  4 -0.00400  1.31086e+00 |  5  0.00158  6.06715e-01 |  6  0.04161  6.66485e-01
  7 -0.09475 -1.82178e-01 |  8 -0.11538 -1.05299e+00 |  9 -0.06883  6.93882e-01
 10 -0.13615  8.38791e-01 | 11 -0.04221  6.21179e+00 | 12 -0.01263  8.08557e+00
 13  0.05648  1.13010e+01 | 14  0.00408  1.23545e+00 | 15 -0.03554 -4.91517e+00
 16  0.06754 -6.80896e+00 | 17  0.06006 -4.84688e+00 | 18  0.00104 -9.04807e-01
 19  0.00488  3.26085e+00 | 20  0.02206 -5.20790e-01 | 21  0.01498 -7.90645e+00
 22  0.00789 -3.32777e+00 | 23 -0.08766 -1.73779e+00 | 24 -0.05734 -2.86801e+00
 25 -0.10274 -2.01851e+00 | 26  0.03305 -4.03185e-01 | 27  0.02268 -1.21067e+00
 28 -0.01394 -3.09172e+00 | 29  0.08929 -1.41704e+00 | 30  0.02532  3.32253e+00
 31  0.08220  2.42691e+00 | 32 -0.00289  5.34153e-02 | 33  0.02724  3.01101e+00
 34 -0.02170  1.46055e+00 | 35  0.05185  2.89515e+00 | 36  0.03663  1.58513e+00
 37  0.01317 -4.72285e-01 | 38  0.06959 -1.60249e+00 | 39  0.05673 -2.08746e+00
 40  0.26055  3.54431e-01 | 41  0.26980 -4.89092e-01 | 42  0.28097  4.00084e-01
 43  0.26160  2.87772e-01 | 44 -0.28510  9.20788e+00 | 45 -0.01885 -1.86910e+00
 46 -0.30188  1.30872e+01 | 47 -0.47306 -6.91484e+00 | 48 -0.29369  2.16324e+00
 49 -0.41740 -4.09243e-01 |
49 variables; iteration 160; function evaluation 190; phase 3
Function value 2.2605219e+02; maximum gradient component mag 4.7716e+01
Var    Value     Gradient |Var    Value     Gradient |Var    Value     Gradient
  1 -0.08611  4.77160e+01 |  2 -0.31105  9.23487e-02 |  3 -0.19314  7.85663e-02
  4 -0.00365  4.18512e-01 |  5  0.00131 -7.56334e-02 |  6  0.04141 -5.35951e-01
  7 -0.09472 -6.25021e-02 |  8 -0.11517 -4.88131e-01 |  9 -0.06890 -8.96910e-02
 10 -0.13544  3.98564e-02 | 11 -0.04220  7.42781e-01 | 12 -0.01321  7.97671e-01
 13  0.05638  1.51284e+00 | 14  0.00396  1.09687e+00 | 15 -0.03469 -1.69119e-01
 16  0.06748 -1.14193e+00 | 17  0.06018 -2.81272e-01 | 18  0.00058 -7.16460e-01
 19  0.00448  1.81467e+00 | 20  0.02240  2.08786e+00 | 21  0.01516  3.96697e+00
 22  0.00779  1.98158e+00 | 23 -0.08802  6.08300e-01 | 24 -0.05711  9.30378e-01
 25 -0.10280  3.37020e-02 | 26  0.03299 -1.74017e-01 | 27  0.02268 -9.54932e-01
 28 -0.01387 -1.43386e+00 | 29  0.08926 -2.06458e+00 | 30  0.02519 -1.41335e+00
 31  0.08223 -1.28715e+00 | 32 -0.00288 -8.75285e-01 | 33  0.02724 -3.11712e-01
 34 -0.02172 -5.53511e-01 | 35  0.05184 -4.87883e-01 | 36  0.03662 -5.24758e-01
 37  0.01315 -6.23701e-01 | 38  0.06966 -5.42928e-01 | 39  0.05695 -6.50184e-01
 40  0.26055 -6.72435e-02 | 41  0.26980  1.21576e-02 | 42  0.28098  3.62839e-01
 43  0.26159 -3.59743e-01 | 44 -0.28666 -7.17791e-01 | 45 -0.02589  2.21378e-01
 46 -0.30155  3.47968e+00 | 47 -0.47242 -1.84042e+00 | 48 -0.29878  2.49436e+00
 49 -0.43975 -5.63931e-01 |
49 variables; iteration 180; function evaluation 210; phase 3
Function value 2.2605148e+02; maximum gradient component mag -2.0040e+00
Var    Value     Gradient |Var    Value     Gradient |Var    Value     Gradient
  1 -0.08612 -2.00404e+00 |  2 -0.31099  6.10393e-03 |  3 -0.19302  4.65754e-02
  4 -0.00369  6.71185e-02 |  5  0.00114  8.28286e-02 |  6  0.04159  1.36898e-01
  7 -0.09483  5.81429e-02 |  8 -0.11509  3.94332e-02 |  9 -0.06891  1.61372e-01
 10 -0.13556  7.01448e-02 | 11 -0.04235  1.26151e-02 | 12 -0.01312  2.05422e-01
 13  0.05649  1.66682e-01 | 14  0.00383 -8.21528e-02 | 15 -0.03487  1.99891e-01
 16  0.06781  6.23637e-01 | 17  0.06001  3.35537e-01 | 18  0.00073  3.43269e-02
 19  0.00447 -4.17645e-01 | 20  0.02239 -3.34370e-01 | 21  0.01518 -3.38853e-01
 22  0.00780 -2.32041e-01 | 23 -0.08803 -3.87159e-02 | 24 -0.05717 -8.78606e-02
 25 -0.10277 -6.43906e-02 | 26  0.03302 -2.20122e-01 | 27  0.02268 -1.22815e-01
 28 -0.01385 -1.39219e-01 | 29  0.08928 -2.48411e-01 | 30  0.02521  4.75585e-02
 31  0.08224  3.51244e-02 | 32 -0.00286  3.25012e-02 | 33  0.02725 -5.28229e-02
 34 -0.02171 -5.64974e-03 | 35  0.05185 -1.22280e-02 | 36  0.03663  1.45511e-02
 37  0.01317  3.12762e-02 | 38  0.06966  4.94438e-02 | 39  0.05689  3.87783e-02
 40  0.26055 -9.34024e-03 | 41  0.26980  5.60869e-03 | 42  0.28097 -5.63333e-03
 43  0.26160  2.77668e-02 | 44 -0.28816  1.12976e-01 | 45 -0.03275  1.78868e-04
 46 -0.30156  5.67218e-01 | 47 -0.47243 -3.02979e-01 | 48 -0.29936 -1.98611e-01
 49 -0.44233  4.19785e-02 |
49 variables; iteration 200; function evaluation 230; phase 3
Function value 2.2605132e+02; maximum gradient component mag -3.4876e+00
Var    Value     Gradient |Var    Value     Gradient |Var    Value     Gradient
  1 -0.08612  3.28119e-03 |  2 -0.31094  1.36378e-02 |  3 -0.19309  3.93639e-03
  4 -0.00368  3.58379e-02 |  5  0.00114  2.17399e-02 |  6  0.04159  4.49769e-02
  7 -0.09483  7.23727e-03 |  8 -0.11507  1.15488e-02 |  9 -0.06893  5.79919e-02
 10 -0.13555  3.35804e-02 | 11 -0.04229  6.61462e-02 | 12 -0.01317  7.90027e-02
 13  0.05647  9.48456e-02 | 14  0.00387  3.42305e-02 | 15 -0.03485 -2.27103e-02
 16  0.06775 -4.54527e-02 | 17  0.06003 -1.49603e-02 | 18  0.00074  2.10921e-02
 19  0.00449  8.03141e-02 | 20  0.02237  4.44992e-02 | 21  0.01517  3.98166e-02
 22  0.00781  1.52074e-02 | 23 -0.08806  8.00887e-04 | 24 -0.05717  1.30943e-02
 25 -0.10277 -5.84697e-03 | 26  0.03302 -3.30238e-02 | 27  0.02268 -4.89513e-02
 28 -0.01385 -9.07543e-02 | 29  0.08928 -1.40993e-01 | 30  0.02520 -7.06156e-02
 31  0.08224 -4.75200e-02 | 32 -0.00287 -2.09221e-02 | 33  0.02725 -3.22132e-02
 34 -0.02171 -2.16110e-02 | 35  0.05185 -3.01166e-02 | 36  0.03663 -2.27515e-02
 37  0.01316 -1.20275e-02 | 38  0.06965 -9.32167e-03 | 39  0.05686  9.91236e-04
 40  0.26055 -2.57229e-03 | 41  0.26979  3.96800e-02 | 42  0.28097  2.02009e-03
 43  0.26159 -3.30763e-03 | 44 -0.29160  1.97394e-01 | 45 -0.04844 -4.23206e-02
 46 -0.30166 -3.48764e+00 | 47 -0.47261  1.83478e+00 | 48 -0.29890 -1.24858e-02
 49 -0.44024  5.90597e-04 |
49 variables; iteration 220; function evaluation 250; phase 3
Function value 2.2605131e+02; maximum gradient component mag -3.4646e-01
Var    Value     Gradient |Var    Value     Gradient |Var    Value     Gradient
  1 -0.08612 -3.46465e-01 |  2 -0.31094  1.33905e-03 |  3 -0.19308  1.78736e-03
  4 -0.00369  4.12865e-03 |  5  0.00115  8.84602e-03 |  6  0.04158  8.68958e-03
  7 -0.09482  1.03496e-02 |  8 -0.11506  8.32576e-03 |  9 -0.06895  9.97001e-03
 10 -0.13555  1.21913e-02 | 11 -0.04229  1.94045e-02 | 12 -0.01318  1.55440e-02
 13  0.05648  1.62756e-02 | 14  0.00387 -3.63567e-02 | 15 -0.03485 -4.25840e-02
 16  0.06775 -7.39125e-02 | 17  0.06003 -4.85760e-02 | 18  0.00074 -1.52908e-02
 19  0.00448 -7.18361e-03 | 20  0.02238 -1.39450e-02 | 21  0.01517 -3.30684e-02
 22  0.00781 -9.74058e-03 | 23 -0.08805  9.68923e-04 | 24 -0.05717  2.74842e-04
 25 -0.10276  6.60122e-03 | 26  0.03302  1.79425e-02 | 27  0.02268  1.58347e-02
 28 -0.01386  8.18311e-03 | 29  0.08929  1.30174e-02 | 30  0.02520  1.55532e-02
 31  0.08224  2.49172e-02 | 32 -0.00287  1.16114e-02 | 33  0.02725  9.84721e-03
 34 -0.02171  7.15039e-03 | 35  0.05185  9.53046e-03 | 36  0.03663  9.58417e-03
 37  0.01316  8.40835e-03 | 38  0.06965  4.85954e-03 | 39  0.05688  4.11315e-03
 40  0.26055 -6.23751e-03 | 41  0.26979 -6.24651e-03 | 42  0.28097 -2.45405e-03
 43  0.26159  5.30216e-05 | 44 -0.29297 -6.60369e-02 | 45 -0.05468  1.42449e-02
 46 -0.30169  2.45882e-01 | 47 -0.47267 -1.33414e-01 | 48 -0.29861  2.11015e-02
 49 -0.43896 -6.59510e-03 |
49 variables; iteration 240; function evaluation 270; phase 3
Function value 2.2605131e+02; maximum gradient component mag -1.8823e-01
Var    Value     Gradient |Var    Value     Gradient |Var    Value     Gradient
  1 -0.08612 -1.88230e-01 |  2 -0.31094 -1.22417e-03 |  3 -0.19308 -9.77135e-04
  4 -0.00368 -2.22127e-03 |  5  0.00115  5.64822e-04 |  6  0.04158 -3.20885e-04
  7 -0.09482  1.47942e-03 |  8 -0.11506  9.17312e-04 |  9 -0.06895 -4.67000e-06
 10 -0.13556 -1.37519e-03 | 11 -0.04229 -5.77801e-03 | 12 -0.01318 -6.31293e-03
 13  0.05648 -9.52063e-03 | 14  0.00387 -3.01587e-03 | 15 -0.03484  2.46130e-03
 16  0.06776  3.98351e-03 | 17  0.06003  2.84538e-03 | 18  0.00074  2.16834e-04
 19  0.00448 -6.45489e-03 | 20  0.02238 -3.09342e-03 | 21  0.01517  5.21386e-03
 22  0.00781 -1.50640e-03 | 23 -0.08805  6.17462e-04 | 24 -0.05717 -4.28668e-04
 25 -0.10277  1.55780e-03 | 26  0.03302  4.56262e-03 | 27  0.02268  1.66404e-03
 28 -0.01385  2.99674e-03 | 29  0.08929 -1.96780e-03 | 30  0.02520 -6.85124e-04
 31  0.08224 -2.01693e-03 | 32 -0.00287  1.41091e-03 | 33  0.02725  9.43530e-04
 34 -0.02171  1.09212e-03 | 35  0.05185  4.88060e-04 | 36  0.03663  1.72362e-03
 37  0.01316  2.96603e-03 | 38  0.06965  3.62080e-03 | 39  0.05688  2.97866e-03
 40  0.26055 -1.12539e-03 | 41  0.26979  6.94545e-04 | 42  0.28097 -7.86269e-04
 43  0.26159 -2.57707e-03 | 44 -0.29245  2.55461e-04 | 45 -0.05233 -4.99953e-06
 46 -0.30166 -4.16513e-02 | 47 -0.47261  1.82357e-02 | 48 -0.29784  1.23969e-03
 49 -0.43556 -2.76851e-04 |
49 variables; iteration 260; function evaluation 291; phase 3
Function value 2.2605125e+02; maximum gradient component mag 1.3466e+00
Var    Value     Gradient |Var    Value     Gradient |Var    Value     Gradient
  1 -0.08612  1.34655e+00 |  2 -0.31094  3.97819e-03 |  3 -0.19307  3.65204e-03
  4 -0.00369 -1.60223e-04 |  5  0.00115 -1.63530e-02 |  6  0.04159 -1.28598e-02
  7 -0.09482 -2.32418e-02 |  8 -0.11506 -1.68390e-02 |  9 -0.06895 -1.62672e-02
 10 -0.13556 -1.04645e-02 | 11 -0.04229  1.00518e-03 | 12 -0.01317  2.78000e-03
 13  0.05648  1.07605e-02 | 14  0.00387 -8.78055e-03 | 15 -0.03484 -3.37509e-02
 16  0.06775 -4.99481e-02 | 17  0.06003 -3.68075e-02 | 18  0.00074 -1.65922e-02
 19  0.00448  5.16354e-02 | 20  0.02238  3.72013e-02 | 21  0.01517  3.16068e-02
 22  0.00781  5.38164e-02 | 23 -0.08805  1.36031e-02 | 24 -0.05717  2.42261e-02
 25 -0.10277 -5.51980e-03 | 26  0.03302 -2.59485e-02 | 27  0.02268 -1.92815e-02
 28 -0.01386 -1.10155e-02 | 29  0.08929  5.38568e-02 | 30  0.02520  1.50722e-02
 31  0.08224  3.86013e-02 | 32 -0.00287 -5.18681e-03 | 33  0.02725  2.37589e-02
 34 -0.02171  6.02182e-03 | 35  0.05185  9.07459e-03 | 36  0.03663 -9.17077e-03
 37  0.01316 -2.44414e-02 | 38  0.06965 -2.78348e-02 | 39  0.05688 -1.51880e-02
 40  0.26055  2.22552e-03 | 41  0.26979  2.15806e-01 | 42  0.28097 -6.28613e-05
 43  0.26159  1.31727e-02 | 44 -0.29295 -8.58866e-02 | 45 -0.05458  1.86112e-02
 46 -0.29293 -7.32059e-01 | 47 -0.45619  3.88746e-01 | 48 -0.29778  8.50685e-02
 49 -0.43530 -1.90365e-02 |
  ic > imax  in fminim is answer attained ?
Var    Value     Gradient |Var    Value     Gradient |Var    Value     Gradient
  1 -0.08612 -1.30140e-04 |  2 -0.31094 -7.29964e-07 |  3 -0.19308 -7.61307e-07
  4 -0.00369 -3.03680e-06 |  5  0.00115  1.73535e-07 |  6  0.04158  7.72937e-07
  7 -0.09482  4.76811e-07 |  8 -0.11506 -4.61938e-07 |  9 -0.06895 -2.99680e-07
 10 -0.13556 -3.89392e-07 | 11 -0.04229 -3.97185e-06 | 12 -0.01318 -2.84269e-06
 13  0.05648 -7.37642e-06 | 14  0.00387 -5.47190e-06 | 15 -0.03484 -2.39640e-06
 16  0.06776 -5.75560e-06 | 17  0.06003 -4.73901e-06 | 18  0.00074 -7.18253e-07
 19  0.00448 -2.45442e-06 | 20  0.02238 -1.61938e-06 | 21  0.01517  1.03500e-07
 22  0.00781 -1.06161e-06 | 23 -0.08805  1.44776e-06 | 24 -0.05717  2.89919e-06
 25 -0.10277  1.97087e-06 | 26  0.03302  1.75381e-06 | 27  0.02268  3.64487e-06
 28 -0.01385  1.89709e-06 | 29  0.08929  3.66926e-06 | 30  0.02520  1.47850e-06
 31  0.08224  5.68281e-06 | 32 -0.00287  2.16681e-06 | 33  0.02725  2.07113e-06
 34 -0.02171  1.00345e-06 | 35  0.05185  1.40375e-06 | 36  0.03663  1.25650e-06
 37  0.01316  3.01494e-07 | 38  0.06965  2.98526e-06 | 39  0.05688  1.80987e-06
 40  0.26055 -1.19153e-06 | 41  0.26979 -4.73612e-07 | 42  0.28097  5.00814e-09
 43  0.26159 -2.03827e-06 | 44 -0.29253 -2.15136e-06 | 45 -0.05266  4.63999e-07
 46 -0.27976 -5.37633e-06 | 47 -0.43191  2.91786e-06 | 48 -0.29784  1.74685e-05
 49 -0.43556 -3.94788e-06 |
Function minimizer not making progress ... is minimum attained?
Minimprove criterion = 0.0000e+00

 - final statistics:
49 variables; iteration 277; function evaluation 340
Function value 2.2605e+02; maximum gradient component mag -1.3014e-04
Exit code = 1;  converg criter 1.0000e-04
Var    Value     Gradient |Var    Value     Gradient |Var    Value     Gradient
  1 -0.08612 -1.30140e-04 |  2 -0.31094 -7.29964e-07 |  3 -0.19308 -7.61307e-07
  4 -0.00369 -3.03680e-06 |  5  0.00115  1.73535e-07 |  6  0.04158  7.72937e-07
  7 -0.09482  4.76811e-07 |  8 -0.11506 -4.61938e-07 |  9 -0.06895 -2.99680e-07
 10 -0.13556 -3.89392e-07 | 11 -0.04229 -3.97185e-06 | 12 -0.01318 -2.84269e-06
 13  0.05648 -7.37642e-06 | 14  0.00387 -5.47190e-06 | 15 -0.03484 -2.39640e-06
 16  0.06776 -5.75560e-06 | 17  0.06003 -4.73901e-06 | 18  0.00074 -7.18253e-07
 19  0.00448 -2.45442e-06 | 20  0.02238 -1.61938e-06 | 21  0.01517  1.03500e-07
 22  0.00781 -1.06161e-06 | 23 -0.08805  1.44776e-06 | 24 -0.05717  2.89919e-06
 25 -0.10277  1.97087e-06 | 26  0.03302  1.75381e-06 | 27  0.02268  3.64487e-06
 28 -0.01385  1.89709e-06 | 29  0.08929  3.66926e-06 | 30  0.02520  1.47850e-06
 31  0.08224  5.68281e-06 | 32 -0.00287  2.16681e-06 | 33  0.02725  2.07113e-06
 34 -0.02171  1.00345e-06 | 35  0.05185  1.40375e-06 | 36  0.03663  1.25650e-06
 37  0.01316  3.01494e-07 | 38  0.06965  2.98526e-06 | 39  0.05688  1.80987e-06
 40  0.26055 -1.19153e-06 | 41  0.26979 -4.73612e-07 | 42  0.28097  5.00814e-09
 43  0.26159 -2.03827e-06 | 44 -0.29253 -2.15136e-06 | 45 -0.05266  4.63999e-07
 46 -0.27976 -5.37633e-06 | 47 -0.43191  2.91786e-06 | 48 -0.29784  1.74685e-05
 49 -0.43556 -3.94788e-06 |
Estimating row 1 out of 49 for hessian
Estimating row 2 out of 49 for hessian
Estimating row 3 out of 49 for hessian
Estimating row 4 out of 49 for hessian
Estimating row 5 out of 49 for hessian
Estimating row 6 out of 49 for hessian
Estimating row 7 out of 49 for hessian
Estimating row 8 out of 49 for hessian
Estimating row 9 out of 49 for hessian
Estimating row 10 out of 49 for hessian
Estimating row 11 out of 49 for hessian
Estimating row 12 out of 49 for hessian
Estimating row 13 out of 49 for hessian
Estimating row 14 out of 49 for hessian
Estimating row 15 out of 49 for hessian
Estimating row 16 out of 49 for hessian
Estimating row 17 out of 49 for hessian
Estimating row 18 out of 49 for hessian
Estimating row 19 out of 49 for hessian
Estimating row 20 out of 49 for hessian
Estimating row 21 out of 49 for hessian
Estimating row 22 out of 49 for hessian
Estimating row 23 out of 49 for hessian
Estimating row 24 out of 49 for hessian
Estimating row 25 out of 49 for hessian
Estimating row 26 out of 49 for hessian
Estimating row 27 out of 49 for hessian
Estimating row 28 out of 49 for hessian
Estimating row 29 out of 49 for hessian
Estimating row 30 out of 49 for hessian
Estimating row 31 out of 49 for hessian
Estimating row 32 out of 49 for hessian
Estimating row 33 out of 49 for hessian
Estimating row 34 out of 49 for hessian
Estimating row 35 out of 49 for hessian
Estimating row 36 out of 49 for hessian
Estimating row 37 out of 49 for hessian
Estimating row 38 out of 49 for hessian
Estimating row 39 out of 49 for hessian
Estimating row 40 out of 49 for hessian
Estimating row 41 out of 49 for hessian
Estimating row 42 out of 49 for hessian
Estimating row 43 out of 49 for hessian
Estimating row 44 out of 49 for hessian
Estimating row 45 out of 49 for hessian
Estimating row 46 out of 49 for hessian
Estimating row 47 out of 49 for hessian
Estimating row 48 out of 49 for hessian
Estimating row 49 out of 49 for hessian
size of file gradfil1.tmp = 0
size of file gradfil2.tmp = 0
size of file varssave.tmp = 0
size of file cmpdiff.tmp = 0
