
Initial statistics: 2 variables; iteration 0; function evaluation 0; phase 1
Function value 5.2639705e+03; maximum gradient component mag 3.0360e+04
Var    Value     Gradient |Var    Value     Gradient |Var    Value     Gradient
  1  0.33333  3.03599e+04 |  2  0.21635  1.33104e+04 |

 - final statistics:
2 variables; iteration 8; function evaluation 14
Function value 5.8289e+02; maximum gradient component mag 1.1499e+00
Exit code = 1;  converg criter 1.0000e+01
Var    Value     Gradient |Var    Value     Gradient |Var    Value     Gradient
  1  0.07444 -7.88309e-01 |  2  0.20283  1.14988e+00 |

Initial statistics: 45 variables; iteration 0; function evaluation 0; phase 2
Function value 5.8289032e+02; maximum gradient component mag -3.9403e+03
Var    Value     Gradient |Var    Value     Gradient |Var    Value     Gradient
  1  0.07444 -7.88309e-01 |  2  0.00000  1.20044e+01 |  3  0.00000  2.71682e+01
  4  0.00000 -6.70923e+01 |  5  0.00000  2.73698e+01 |  6  0.00000 -4.46200e+01
  7  0.00000 -1.79851e+01 |  8  0.00000  3.39037e+01 |  9  0.00000  4.70893e+00
 10  0.00000  1.10205e+01 | 11  0.00000 -4.39982e+01 | 12  0.00000  5.48829e+00
 13  0.00000 -2.90519e+01 | 14  0.00000 -1.79886e+00 | 15  0.00000  4.75975e+00
 16  0.00000 -4.26001e+01 | 17  0.00000  1.00387e+01 | 18  0.00000  7.71631e+01
 19  0.00000  2.05329e+01 | 20  0.00000  4.78155e+01 | 21  0.00000 -8.71484e+01
 22  0.00000 -9.10869e+01 | 23  0.00000  9.72452e+01 | 24  0.00000  3.21260e+01
 25  0.00000  2.24888e+02 | 26  0.00000  8.90164e+01 | 27  0.00000  3.26953e+01
 28  0.00000  5.58844e+01 | 29  0.00000 -2.17488e+02 | 30  0.00000  3.69641e+02
 31  0.00000 -6.20559e+02 | 32  0.00000  4.37470e+02 | 33  0.00000 -7.39766e+02
 34  0.00000  2.72978e+02 | 35  0.00000 -3.99497e+02 | 36  0.00000  7.26119e+01
 37  0.00000  3.65525e+02 | 38  0.00000  4.27184e+01 | 39  0.21635  7.72611e+02
 40  0.21635  2.78793e+03 | 41  0.21635 -8.44784e+02 | 42  0.20283  1.14988e+00
 43 -0.30909 -2.22273e+03 | 44  0.12819  1.03491e+01 | 45 -0.30909 -3.94030e+03

Intermediate statistics: 45 variables; iteration 20; function evaluation 27; phase 2
Function value 2.2324700e+02; maximum gradient component mag -1.4031e+03
Var    Value     Gradient |Var    Value     Gradient |Var    Value     Gradient
  1  0.03250 -9.15238e+02 |  2 -0.06339  1.67288e+00 |  3 -0.10443  3.21778e-01
  4 -0.00682 -8.86997e+00 |  5 -0.03659  4.64167e+01 |  6 -0.00519  2.94114e+01
  7 -0.05066  3.39670e+01 |  8 -0.08497  4.84253e+01 |  9 -0.05444  4.19849e+01
 10 -0.04176  4.89907e+01 | 11  0.02485  3.51385e+01 | 12  0.01801  4.57024e+01
 13  0.04260  3.33127e+01 | 14  0.00890  4.85788e+01 | 15 -0.00393  4.93818e+01
 16  0.04371  2.90309e+01 | 17  0.01762  3.91841e+01 | 18 -0.02213  5.44428e+01
 19  0.01254 -2.95979e+00 | 20 -0.02223  2.10978e+01 | 21  0.06110 -2.29618e+01
 22  0.04980 -1.50713e+00 | 23 -0.03500  3.68945e+01 | 24 -0.00385  5.85771e+01
 25 -0.07533  7.47110e+01 | 26 -0.01012  5.04267e+01 | 27 -0.02448  3.84374e+01
 28 -0.01078 -3.74510e+00 | 29  0.03409 -6.17529e+01 | 30 -0.03068 -2.13726e+02
 31  0.07542  3.49079e+02 | 32 -0.01469 -3.79224e+01 | 33  0.06699  8.93812e+01
 34 -0.00612 -1.09759e+02 | 35  0.05031 -5.62982e+01 | 36  0.00532 -1.13537e+02
 37 -0.02162  2.98957e+01 | 38  0.06765  1.66828e+02 | 39  0.23922  7.71121e+02
 40  0.21074 -1.40309e+03 | 41  0.24421 -9.44729e+02 | 42  0.24883  7.29272e+02
 43 -0.23528  1.36771e+02 | 44  0.10886 -3.51308e+01 | 45 -0.25821 -1.07549e+03
45 variables; iteration 40; function evaluation 51; phase 2
Function value 1.9578207e+02; maximum gradient component mag -5.5446e+02
Var    Value     Gradient |Var    Value     Gradient |Var    Value     Gradient
  1  0.02895  1.29254e+01 |  2 -0.05422  3.76807e+00 |  3 -0.11238 -3.30664e+00
  4  0.00870  7.48042e+00 |  5 -0.02599  1.35364e+01 |  6  0.02634  5.50660e+01
  7 -0.04296 -3.20046e+00 |  8 -0.09900 -8.37041e+00 |  9 -0.07447 -1.33006e+01
 10 -0.06771 -4.37304e+00 | 11  0.02433  4.62993e-01 | 12  0.01397 -6.15668e+00
 13  0.03503 -4.20090e+01 | 14  0.01351 -8.92631e+00 | 15 -0.00907 -4.14018e+00
 16  0.06764  6.46619e+00 | 17  0.01040 -3.94818e+01 | 18 -0.04396 -3.06614e+01
 19  0.01287 -1.17137e+01 | 20 -0.03071 -1.76310e+01 | 21  0.07839  4.53833e+00
 22  0.08790  7.02380e+01 | 23 -0.05153  1.13005e+00 | 24 -0.01858 -1.38780e+01
 25 -0.11442 -1.28613e+01 | 26 -0.02183 -1.28318e-01 | 27 -0.02087  1.01516e+01
 28 -0.00601 -1.78560e+01 | 29  0.03992  2.09386e+01 | 30 -0.00646  1.92764e+01
 31  0.05887  1.79204e+00 | 32 -0.01410 -4.20089e+01 | 33  0.06245 -9.47598e+00
 34  0.00637 -4.51586e+01 | 35  0.05871  2.28272e+01 | 36  0.01974  1.58401e+01
 37 -0.01831 -1.43101e+01 | 38  0.04662  1.52010e+01 | 39  0.23629 -2.35462e+02
 40  0.22100 -2.97986e+01 | 41  0.25870 -1.82715e+02 | 42  0.23835 -5.54455e+02
 43 -0.24075  3.21734e+01 | 44  0.08567 -2.97201e+00 | 45 -0.25359  2.40186e+02

 - final statistics:
45 variables; iteration 56; function evaluation 76
Function value 1.8650e+02; maximum gradient component mag 9.8079e+00
Exit code = 1;  converg criter 1.0000e+01
Var    Value     Gradient |Var    Value     Gradient |Var    Value     Gradient
  1  0.02252  7.76163e+00 |  2 -0.06513 -7.53404e-02 |  3 -0.09797 -8.85843e-02
  4  0.00996 -1.22533e+00 |  5 -0.02808 -2.70209e+00 |  6  0.01079 -7.95111e+00
  7 -0.04747 -1.67776e-01 |  8 -0.09942  1.05709e-01 |  9 -0.06748  6.76798e-01
 10 -0.07183 -4.23642e-01 | 11  0.02141  4.07240e-01 | 12  0.01747  1.04352e+00
 13  0.05922  4.72173e+00 | 14  0.01446  1.01825e+00 | 15 -0.00981  7.81765e-02
 16  0.06254  1.99253e-01 | 17  0.03100  4.01173e-01 | 18 -0.02911  6.87484e-01
 19  0.01400 -1.01562e-01 | 20 -0.03006  4.32541e-01 | 21  0.07400 -3.23271e-01
 22  0.05715 -1.19657e+00 | 23 -0.05712 -2.25601e-01 | 24 -0.01463 -9.52890e-02
 25 -0.10777 -3.29235e-01 | 26 -0.01869 -1.34816e+00 | 27 -0.01844 -4.06729e-01
 28  0.00483 -6.79158e-01 | 29  0.04277 -1.95826e+00 | 30 -0.00323 -1.52849e+00
 31  0.05723  5.25107e-01 | 32 -0.01033 -6.88927e-01 | 33  0.05550  1.49413e+00
 34  0.00690 -2.47306e-01 | 35  0.05688  1.51370e+00 | 36  0.02102  9.02721e-01
 37 -0.01979  1.28777e+00 | 38  0.02549  5.95514e+00 | 39  0.24207 -3.70907e+00
 40  0.22556 -1.67226e+00 | 41  0.26873  2.02016e+00 | 42  0.25346  6.30173e+00
 43 -0.25270  9.80792e+00 | 44  0.04065 -1.65900e+00 | 45 -0.24740  5.34447e-01

Initial statistics: 48 variables; iteration 0; function evaluation 0; phase 3
Function value 1.8650326e+02; maximum gradient component mag -1.5232e+03
Var    Value     Gradient |Var    Value     Gradient |Var    Value     Gradient
  1  0.02252  7.76163e+00 |  2 -0.06513 -7.53404e-02 |  3 -0.09797 -8.85843e-02
  4  0.00996 -1.22533e+00 |  5 -0.02808 -2.73444e+00 |  6  0.01079 -7.98349e+00
  7 -0.04747 -2.00074e-01 |  8 -0.09942  7.37161e-02 |  9 -0.06748  6.44593e-01
 10 -0.07183 -4.55823e-01 | 11  0.02141  3.74871e-01 | 12  0.01746  1.01115e+00
 13  0.05922  4.68948e+00 | 14  0.01446  9.85874e-01 | 15 -0.00981  4.57931e-02
 16  0.06254  1.67022e-01 | 17  0.03100  3.68824e-01 | 18 -0.02911  6.55130e-01
 19  0.01400 -1.33941e-01 | 20 -0.03006  4.00189e-01 | 21  0.07400 -3.55440e-01
 22  0.05715 -1.22883e+00 | 23 -0.05712 -2.57858e-01 | 24 -0.01463 -1.27668e-01
 25 -0.10777 -3.61159e-01 | 26 -0.01869 -1.38053e+00 | 27 -0.01844 -4.39103e-01
 28  0.00483 -7.11544e-01 | 29  0.04277 -1.99057e+00 | 30 -0.00323 -1.56088e+00
 31  0.05723  4.92850e-01 | 32 -0.01033 -7.21310e-01 | 33  0.05550  1.46187e+00
 34  0.00690 -2.79692e-01 | 35  0.05688  1.48144e+00 | 36  0.02102  8.70352e-01
 37 -0.01979  1.25540e+00 | 38  0.02549  5.92278e+00 | 39  0.24207 -3.70907e+00
 40  0.22556 -1.67226e+00 | 41  0.26873  2.02016e+00 | 42  0.25346  6.30173e+00
 43 -0.25270  9.80792e+00 | 44  0.04065 -1.65900e+00 | 45 -0.30909 -1.52318e+03
 46 -0.43452  1.72619e-03 | 47 -0.24740  5.34447e-01 | 48 -0.36199 -2.49799e+01

Intermediate statistics: 48 variables; iteration 20; function evaluation 28; phase 3
Function value 1.4675400e+02; maximum gradient component mag -1.6925e+03
Var    Value     Gradient |Var    Value     Gradient |Var    Value     Gradient
  1  0.01590 -1.69254e+03 |  2 -0.06467 -2.41180e+00 |  3 -0.09718 -4.40853e+00
  4  0.01396 -2.26561e+01 |  5 -0.02247 -1.36942e+01 |  6  0.01964 -5.96284e+01
  7 -0.04451  2.20918e+01 |  8 -0.09792  2.78733e+01 |  9 -0.06774  2.91412e+01
 10 -0.07177  1.92970e+01 | 11  0.02190 -4.67249e+01 | 12  0.01814 -1.47751e+02
 13  0.06865 -5.40644e+02 | 14  0.01464 -5.72877e+01 | 15 -0.01000  1.55512e+01
 16  0.06226 -3.40373e+01 | 17  0.03158 -9.26843e+01 | 18 -0.03124 -8.63038e+01
 19 -0.01769 -3.86998e+01 | 20 -0.01690 -2.60093e+01 | 21  0.03395  5.38935e+01
 22  0.04171  7.62801e+01 | 23 -0.04743  7.12583e+01 | 24 -0.03535  4.43272e+01
 25 -0.11184  3.62350e+01 | 26  0.00143  2.44562e+00 | 27 -0.01843  7.59027e+00
 28 -0.02212  9.33771e+00 | 29  0.06095  1.36878e+02 | 30  0.00454  4.16849e+01
 31  0.05966  1.09222e+02 | 32 -0.01748  6.79427e+01 | 33  0.06660  2.34206e+02
 34  0.01584  1.35478e+02 | 35  0.06289  1.38882e+02 | 36  0.02992  4.88759e+01
 37 -0.01309 -3.94049e+01 | 38  0.03113 -1.43743e+02 | 39  0.25484  1.54501e+03
 40  0.26383  6.24830e+02 | 41  0.28247  4.23525e+02 | 42  0.26628  2.52847e+02
 43 -0.24965  6.17287e+02 | 44  0.04164 -2.04700e+02 | 45 -0.24846 -4.93152e+02
 46 -0.40482  3.74148e+02 | 47 -0.20221  2.12480e+01 | 48 -0.30407 -1.67366e+02
48 variables; iteration 40; function evaluation 55; phase 3
Function value 1.3424206e+02; maximum gradient component mag 3.2453e+02
Var    Value     Gradient |Var    Value     Gradient |Var    Value     Gradient
  1  0.01759 -2.30690e+02 |  2 -0.05143  3.92115e+00 |  3 -0.09168  2.73429e+00
  4  0.01277  4.90303e+00 |  5 -0.02259  1.34817e+01 |  6  0.01848  3.32645e+01
  7 -0.04452  7.12562e+00 |  8 -0.10129  1.97786e+00 |  9 -0.07379 -1.53849e+01
 10 -0.07402  7.28849e+00 | 11  0.03479 -4.38671e+00 | 12  0.02915 -4.28751e+01
 13  0.06927 -1.63237e+02 | 14  0.00927 -2.44357e+01 | 15 -0.02032 -2.93171e+00
 16  0.06260 -1.26401e+01 | 17  0.02898 -1.63727e+01 | 18 -0.02895  3.21525e+01
 19 -0.01849 -7.89852e+00 | 20 -0.01664  5.17494e+01 | 21  0.04838  5.25998e+01
 22  0.04247  1.47328e+01 | 23 -0.04771  1.56784e+01 | 24 -0.02841  2.32995e+01
 25 -0.11371  7.04668e+00 | 26 -0.00176 -1.48786e+01 | 27 -0.02185  1.58575e+01
 28 -0.00958  1.16662e+01 | 29  0.05471 -3.21973e+01 | 30  0.00206 -4.24972e+01
 31  0.06164  6.31770e+01 | 32 -0.01121  3.35309e+01 | 33  0.06010  6.14326e+01
 34  0.00942 -6.71982e+00 | 35  0.05981 -1.22789e+01 | 36  0.02706 -1.63008e+01
 37 -0.01559 -2.81189e+01 | 38  0.03492  1.21882e+02 | 39  0.24688  3.56685e+00
 40  0.26090  3.24533e+02 | 41  0.27183 -1.69470e+02 | 42  0.26056 -8.58399e+01
 43 -0.26103  2.99428e+02 | 44  0.00687 -1.05412e+02 | 45 -0.25037 -1.93225e+02
 46 -0.41269  1.56581e+02 | 47 -0.21146 -5.39173e+01 | 48 -0.31402 -5.16383e+01
48 variables; iteration 60; function evaluation 82; phase 3
Function value 1.2356995e+02; maximum gradient component mag 2.5871e+02
Var    Value     Gradient |Var    Value     Gradient |Var    Value     Gradient
  1  0.01688  2.58712e+02 |  2 -0.06462 -4.13929e-02 |  3 -0.09376  1.07257e+00
  4  0.01613  2.34569e+00 |  5 -0.02035 -2.37250e+00 |  6  0.02098  7.79722e+00
  7 -0.04253  3.02693e+00 |  8 -0.09584  7.48795e+00 |  9 -0.06993  8.36808e+00
 10 -0.07124  1.67270e+00 | 11  0.02841  2.38077e+00 | 12  0.03237  1.48567e+01
 13  0.07668  4.37754e+01 | 14  0.01479  5.63805e+00 | 15 -0.00749 -1.41393e+00
 16  0.06522 -6.22737e+00 | 17  0.03544 -7.29715e+00 | 18 -0.03429 -5.72877e+00
 19 -0.01124 -2.27333e+00 | 20 -0.01905 -6.37679e+00 | 21  0.03495 -1.03383e+01
 22  0.03789 -1.24707e+01 | 23 -0.04997  3.11139e-01 | 24 -0.03428 -4.96846e+00
 25 -0.11330 -3.45610e+00 | 26  0.00181  1.33444e+01 | 27 -0.01924  6.66378e+00
 28 -0.01869  1.17787e+01 | 29  0.05854  2.32655e+01 | 30  0.00326  4.06551e+00
 31  0.05789 -2.07256e+01 | 32 -0.02304 -8.33977e-01 | 33  0.04975 -1.84271e+01
 34  0.00279 -1.05847e+01 | 35  0.05745 -2.03205e+01 | 36  0.02805 -1.79373e+01
 37 -0.01127 -1.13638e+01 | 38  0.03489  1.20646e+01 | 39  0.24803 -3.36429e+01
 40  0.26233  1.23484e+01 | 41  0.27630 -5.42906e+00 | 42  0.27750 -2.46943e+01
 43 -0.22411 -2.05915e+02 | 44  0.11589  6.82935e+01 | 45 -0.25330 -1.92067e+00
 46 -0.42108  1.64645e+00 | 47 -0.13185 -1.29780e+02 | 48 -0.23769  1.49901e+02
48 variables; iteration 80; function evaluation 102; phase 3
Function value 1.2243921e+02; maximum gradient component mag 1.2204e+00
Var    Value     Gradient |Var    Value     Gradient |Var    Value     Gradient
  1  0.01575 -9.12294e-01 |  2 -0.06262  1.46937e-03 |  3 -0.09423  4.65038e-04
  4  0.01684  2.89975e-03 |  5 -0.01773  1.20947e-02 |  6  0.02093  2.09313e-02
  7 -0.04323  2.05825e-02 |  8 -0.09927  2.32076e-02 |  9 -0.06798  6.34816e-03
 10 -0.07763  2.12770e-02 | 11  0.02680  1.23911e-02 | 12  0.02964  1.80861e-02
 13  0.07893 -7.96584e-03 | 14  0.01433  2.67229e-02 | 15 -0.01031  3.91129e-02
 16  0.06719  9.31885e-02 | 17  0.03792  1.33482e-01 | 18 -0.03335  5.52958e-02
 19 -0.01079  7.53523e-03 | 20 -0.01753 -1.06593e-02 | 21  0.03605  1.46936e-02
 22  0.04057  2.66919e-03 | 23 -0.05268  1.25443e-02 | 24 -0.03301 -3.90293e-03
 25 -0.11136 -8.70704e-03 | 26  0.00333 -6.47932e-02 | 27 -0.01866 -8.57079e-03
 28 -0.02132 -2.04464e-02 | 29  0.05962 -1.55146e-01 | 30  0.00547 -8.18482e-02
 31  0.05786 -1.36843e-02 | 32 -0.02312  8.32011e-03 | 33  0.04446  9.01164e-03
 34  0.00008 -7.78101e-03 | 35  0.05659 -1.28566e-02 | 36  0.02920 -7.40320e-03
 37 -0.00832 -5.76078e-02 | 38  0.03662 -3.21210e-02 | 39  0.24905  7.29497e-03
 40  0.26366  5.21841e-02 | 41  0.27786 -5.21314e-03 | 42  0.28414 -1.92044e-02
 43 -0.27262  1.22040e+00 | 44 -0.02534 -4.28137e-01 | 45 -0.25402 -5.79064e-02
 46 -0.42229  4.40223e-02 | 47 -0.11618 -1.77477e-02 | 48 -0.23590  1.82306e-02
48 variables; iteration 100; function evaluation 122; phase 3
Function value 1.2243920e+02; maximum gradient component mag 4.8477e-01
Var    Value     Gradient |Var    Value     Gradient |Var    Value     Gradient
  1  0.01575  4.84772e-01 |  2 -0.06263 -3.98994e-04 |  3 -0.09423  2.81723e-04
  4  0.01684  7.96895e-03 |  5 -0.01772  1.22327e-02 |  6  0.02093  2.40927e-02
  7 -0.04323 -7.35442e-03 |  8 -0.09929 -1.18090e-02 |  9 -0.06798  7.68647e-03
 10 -0.07765 -1.77773e-02 | 11  0.02679 -1.41735e-02 | 12  0.02962 -3.41409e-02
 13  0.07893 -8.07687e-02 | 14  0.01432 -2.34994e-02 | 15 -0.01033 -1.12883e-02
 16  0.06718  1.20714e-02 | 17  0.03791  2.38048e-02 | 18 -0.03333  2.98263e-02
 19 -0.01079  7.59839e-03 | 20 -0.01753  2.97561e-02 | 21  0.03605  4.72514e-03
 22  0.04058  1.44086e-02 | 23 -0.05269 -1.24281e-02 | 24 -0.03300  2.10637e-02
 25 -0.11135  1.91915e-02 | 26  0.00333  5.62550e-02 | 27 -0.01866  5.07565e-02
 28 -0.02132 -3.72105e-02 | 29  0.05962 -9.49973e-02 | 30  0.00547 -4.50062e-02
 31  0.05787 -3.26951e-02 | 32 -0.02311  1.00842e-02 | 33  0.04447 -3.10062e-02
 34  0.00008  6.51026e-03 | 35  0.05660  8.93213e-03 | 36  0.02920  1.59246e-02
 37 -0.00832  5.17276e-02 | 38  0.03662  5.81585e-02 | 39  0.24905  7.01485e-02
 40  0.26366 -8.12709e-02 | 41  0.27786 -2.54208e-02 | 42  0.28414  1.74822e-02
 43 -0.27698 -4.15735e-01 | 44 -0.03768  1.46548e-01 | 45 -0.25367  2.26280e-02
 46 -0.42188 -2.63374e-02 | 47 -0.11619 -7.10373e-02 | 48 -0.23591  7.47144e-02
48 variables; iteration 120; function evaluation 148; phase 3
Function value 1.2243843e+02; maximum gradient component mag 5.6220e-01
Var    Value     Gradient |Var    Value     Gradient |Var    Value     Gradient
  1  0.01575  5.62204e-01 |  2 -0.06263  1.27685e-04 |  3 -0.09423 -4.77377e-04
  4  0.01685 -2.77788e-03 |  5 -0.01772 -1.16900e-02 |  6  0.02094 -1.22162e-02
  7 -0.04322 -8.09457e-03 |  8 -0.09927 -6.44100e-03 |  9 -0.06797 -1.12484e-02
 10 -0.07762 -5.35599e-03 | 11  0.02680 -5.31816e-03 | 12  0.02964  9.03496e-06
 13  0.07894  1.22285e-02 | 14  0.01433 -3.91203e-03 | 15 -0.01031 -7.71494e-03
 16  0.06718 -1.34092e-02 | 17  0.03792 -1.66178e-02 | 18 -0.03332 -1.36707e-02
 19 -0.01076 -4.16694e-03 | 20 -0.01753 -9.01839e-03 | 21  0.03600 -7.29255e-03
 22  0.04056 -8.39830e-03 | 23 -0.05276 -4.93715e-03 | 24 -0.03309 -6.34177e-03
 25 -0.11140 -7.33012e-03 | 26  0.00337  9.85982e-04 | 27 -0.01866 -1.38598e-02
 28 -0.02130  1.56624e-02 | 29  0.05963  6.41335e-02 | 30  0.00548  6.31316e-02
 31  0.05786  3.02125e-02 | 32 -0.02312 -3.75049e-03 | 33  0.04448  2.28667e-03
 34  0.00007 -4.66579e-03 | 35  0.05660  4.60993e-03 | 36  0.02921  8.56688e-03
 37 -0.00831 -1.59398e-04 | 38  0.03663 -1.67328e-03 | 39  0.24905 -1.89687e-02
 40  0.26426  1.69212e-01 | 41  0.27786  2.73639e-03 | 42  0.28415 -6.97026e-03
 43 -0.28891 -5.03874e-01 | 44 -0.07139  1.77833e-01 | 45 -0.22028 -1.02052e-01
 46 -0.38466  9.01669e-02 | 47 -0.11617  1.72933e-02 | 48 -0.23590 -2.31731e-02
48 variables; iteration 140; function evaluation 169; phase 3
Function value 1.2243840e+02; maximum gradient component mag 3.8713e-01
Var    Value     Gradient |Var    Value     Gradient |Var    Value     Gradient
  1  0.01575 -3.10726e-01 |  2 -0.06263  2.26990e-04 |  3 -0.09423 -4.50663e-05
  4  0.01685  1.33185e-03 |  5 -0.01772  7.15263e-03 |  6  0.02094  9.03495e-03
  7 -0.04322  5.33905e-03 |  8 -0.09927  5.00833e-03 |  9 -0.06797  5.29027e-03
 10 -0.07763  3.60444e-03 | 11  0.02680  2.25187e-03 | 12  0.02964 -8.51990e-04
 13  0.07895 -1.40148e-02 | 14  0.01433  2.57533e-03 | 15 -0.01032  5.31557e-03
 16  0.06719  8.73851e-03 | 17  0.03792  9.80272e-03 | 18 -0.03332  8.26627e-03
 19 -0.01076  2.98037e-03 | 20 -0.01753  3.98972e-03 | 21  0.03600  4.42457e-03
 22  0.04056  5.70034e-03 | 23 -0.05276  3.19471e-03 | 24 -0.03309  5.63322e-03
 25 -0.11140  4.36370e-03 | 26  0.00337 -4.46199e-03 | 27 -0.01865  7.45377e-03
 28 -0.02130 -7.44454e-03 | 29  0.05963 -3.29903e-02 | 30  0.00548 -2.64475e-02
 31  0.05787 -1.43165e-02 | 32 -0.02312  5.02779e-03 | 33  0.04448 -4.03118e-03
 34  0.00007  1.81042e-03 | 35  0.05660 -3.65350e-03 | 36  0.02921 -3.36635e-03
 37 -0.00831 -2.09011e-03 | 38  0.03663  5.75355e-03 | 39  0.24905  4.07861e-03
 40  0.26424 -3.39560e-02 | 41  0.27786 -7.67050e-03 | 42  0.28415 -6.29412e-03
 43 -0.27776  3.87128e-01 | 44 -0.03988 -1.37182e-01 | 45 -0.22058 -3.35820e-02
 46 -0.38498  3.22890e-02 | 47 -0.11617 -2.14330e-02 | 48 -0.23590  2.44955e-02

 - final statistics:
48 variables; iteration 149; function evaluation 179
Function value 1.2244e+02; maximum gradient component mag -2.5472e-05
Exit code = 1;  converg criter 1.0000e-04
Var    Value     Gradient |Var    Value     Gradient |Var    Value     Gradient
  1  0.01575 -2.54718e-05 |  2 -0.06263  2.73491e-08 |  3 -0.09422  3.67876e-08
  4  0.01685 -9.70739e-08 |  5 -0.01772  7.66877e-08 |  6  0.02094  1.60527e-07
  7 -0.04322 -2.09041e-07 |  8 -0.09927 -3.15744e-07 |  9 -0.06797 -1.73477e-06
 10 -0.07763  3.89255e-07 | 11  0.02680 -1.94319e-07 | 12  0.02964  4.39448e-07
 13  0.07895 -4.40535e-07 | 14  0.01433 -7.00075e-08 | 15 -0.01032  2.81186e-07
 16  0.06719 -9.24487e-07 | 17  0.03792 -1.35738e-06 | 18 -0.03332 -7.45461e-07
 19 -0.01076  1.34195e-06 | 20 -0.01753  3.43832e-06 | 21  0.03600  2.39655e-07
 22  0.04056  3.71231e-07 | 23 -0.05276 -6.72404e-08 | 24 -0.03309 -5.54355e-09
 25 -0.11140  2.67172e-07 | 26  0.00337  1.81768e-06 | 27 -0.01865  9.21957e-07
 28 -0.02130  6.70081e-07 | 29  0.05963  8.39490e-07 | 30  0.00548 -1.64886e-06
 31  0.05786 -3.77674e-06 | 32 -0.02312 -1.64417e-06 | 33  0.04448 -2.96519e-06
 34  0.00007 -1.65035e-06 | 35  0.05660 -1.79579e-06 | 36  0.02921 -9.21009e-07
 37 -0.00831  2.84608e-06 | 38  0.03663  7.95312e-07 | 39  0.24905 -8.53323e-07
 40  0.26424 -1.06998e-05 | 41  0.27786  6.94932e-09 | 42  0.28415 -1.63989e-06
 43 -0.27597 -4.70467e-06 | 44 -0.03483  1.65751e-06 | 45 -0.22050  1.72765e-06
 46 -0.38490 -1.20654e-06 | 47 -0.11617 -2.86443e-06 | 48 -0.23590  4.35310e-06
Estimating row 1 out of 48 for hessian
Estimating row 2 out of 48 for hessian
Estimating row 3 out of 48 for hessian
Estimating row 4 out of 48 for hessian
Estimating row 5 out of 48 for hessian
Estimating row 6 out of 48 for hessian
Estimating row 7 out of 48 for hessian
Estimating row 8 out of 48 for hessian
Estimating row 9 out of 48 for hessian
Estimating row 10 out of 48 for hessian
Estimating row 11 out of 48 for hessian
Estimating row 12 out of 48 for hessian
Estimating row 13 out of 48 for hessian
Estimating row 14 out of 48 for hessian
Estimating row 15 out of 48 for hessian
Estimating row 16 out of 48 for hessian
Estimating row 17 out of 48 for hessian
Estimating row 18 out of 48 for hessian
Estimating row 19 out of 48 for hessian
Estimating row 20 out of 48 for hessian
Estimating row 21 out of 48 for hessian
Estimating row 22 out of 48 for hessian
Estimating row 23 out of 48 for hessian
Estimating row 24 out of 48 for hessian
Estimating row 25 out of 48 for hessian
Estimating row 26 out of 48 for hessian
Estimating row 27 out of 48 for hessian
Estimating row 28 out of 48 for hessian
Estimating row 29 out of 48 for hessian
Estimating row 30 out of 48 for hessian
Estimating row 31 out of 48 for hessian
Estimating row 32 out of 48 for hessian
Estimating row 33 out of 48 for hessian
Estimating row 34 out of 48 for hessian
Estimating row 35 out of 48 for hessian
Estimating row 36 out of 48 for hessian
Estimating row 37 out of 48 for hessian
Estimating row 38 out of 48 for hessian
Estimating row 39 out of 48 for hessian
Estimating row 40 out of 48 for hessian
Estimating row 41 out of 48 for hessian
Estimating row 42 out of 48 for hessian
Estimating row 43 out of 48 for hessian
Estimating row 44 out of 48 for hessian
Estimating row 45 out of 48 for hessian
Estimating row 46 out of 48 for hessian
Estimating row 47 out of 48 for hessian
Estimating row 48 out of 48 for hessian
size of file gradfil1.tmp = 0
size of file gradfil2.tmp = 0
size of file varssave.tmp = 0
size of file cmpdiff.tmp = 0
