
Initial statistics: 3 variables; iteration 0; function evaluation 0; phase 1
Function value 3.4592193e+03; maximum gradient component mag 1.8707e+04
Var    Value     Gradient |Var    Value     Gradient |Var    Value     Gradient
  1  0.33333  1.87072e+04 |  2  0.21635  8.59801e+03 |  3 -0.59033 -1.40934e+03

 - final statistics:
3 variables; iteration 18; function evaluation 26
Function value 5.5653e+02; maximum gradient component mag -2.0607e+00
Exit code = 1;  converg criter 1.0000e+01
Var    Value     Gradient |Var    Value     Gradient |Var    Value     Gradient
  1  0.07745 -2.06068e+00 |  2  0.19848  6.42591e-01 |  3 -1.74529 -4.60454e-03

Initial statistics: 50 variables; iteration 0; function evaluation 0; phase 2
Function value 5.5652913e+02; maximum gradient component mag -3.9752e+03
Var    Value     Gradient |Var    Value     Gradient |Var    Value     Gradient
  1  0.07745 -2.06068e+00 |  2  0.00000  1.21140e+01 |  3  0.00000  2.74430e+01
  4  0.00000 -6.62873e+01 |  5  0.00000  2.80651e+01 |  6  0.00000 -4.37117e+01
  7  0.00000 -1.79516e+01 |  8  0.00000  3.38551e+01 |  9  0.00000  4.90743e+00
 10  0.00000  1.10620e+01 | 11  0.00000 -4.31149e+01 | 12  0.00000  7.80690e+00
 13  0.00000 -2.39395e+01 | 14  0.00000  5.61194e+00 | 15  0.00000  4.75936e+00
 16  0.00000 -4.13695e+01 | 17  0.00000  1.19550e+01 | 18  0.00000  7.39815e+01
 19  0.00000  1.24173e+01 | 20  0.00000  3.96615e+01 | 21  0.00000 -6.46104e+01
 22  0.00000 -8.12347e+01 | 23  0.00000  8.80498e+01 | 24  0.00000  3.99318e-01
 25  0.00000  1.67256e+02 | 26  0.00000  6.80623e+01 | 27  0.00000  1.68997e+01
 28  0.00000  2.48373e+01 | 29  0.00000 -2.31436e+02 | 30  0.00000  3.58344e+02
 31  0.00000 -5.94418e+02 | 32  0.00000  4.01042e+02 | 33  0.00000 -7.59299e+02
 34  0.00000  3.09613e+02 | 35  0.00000 -2.78320e+02 | 36  0.00000  9.52475e+01
 37  0.00000  3.78675e+02 | 38  0.00000 -9.96789e+01 | 39  0.00000  1.36575e+02
 40  0.21635  6.52462e+02 | 41 -0.59033 -2.48682e+01 | 42  0.21635  2.05556e+03
 43 -0.59033 -7.91873e+01 | 44  0.21635 -3.87414e+02 | 45 -0.59033 -1.14471e+01
 46  0.19848  6.42591e-01 | 47 -0.25471  4.60454e-03 | 48 -0.30909 -2.25400e+03
 49  0.12819  1.06168e+01 | 50 -0.30909 -3.97521e+03 |

Intermediate statistics: 50 variables; iteration 20; function evaluation 31; phase 2
Function value 1.9154392e+02; maximum gradient component mag -8.5374e+02
Var    Value     Gradient |Var    Value     Gradient |Var    Value     Gradient
  1  0.03061 -7.71503e+02 |  2 -0.07762 -2.10494e+00 |  3 -0.12385 -6.45743e+00
  4  0.00058  2.78745e-01 |  5 -0.03390  4.02074e+01 |  6  0.00006  3.42704e+01
  7 -0.05090  3.09717e+01 |  8 -0.09961  2.91535e+01 |  9 -0.06746  2.93953e+01
 10 -0.06202  3.25526e+01 | 11  0.01810  2.59686e+01 | 12  0.01105  2.60757e+01
 13  0.04215  7.26910e+00 | 14  0.00337  1.91405e+01 | 15 -0.00733  3.25489e+01
 16  0.05088  8.88003e+00 | 17  0.01308  1.75438e+01 | 18 -0.03744  4.67277e+01
 19 -0.00682  3.04478e+01 | 20 -0.01538  2.78581e+01 | 21  0.04132  1.17062e+00
 22  0.05007 -2.47037e+00 | 23 -0.04007  3.59141e+01 | 24 -0.01208  2.45471e+01
 25 -0.08146  5.93405e+01 | 26 -0.01745  4.67292e+01 | 27 -0.02521  8.24435e-01
 28  0.01397 -2.88826e+01 | 29  0.02642 -2.45601e+02 | 30 -0.01034  2.91847e+01
 31  0.07984  3.33982e+02 | 32 -0.01356 -9.38398e+01 | 33  0.07648  3.25972e+01
 34  0.00075 -7.45038e+01 | 35  0.05230  3.66350e-01 | 36  0.00899 -1.38160e+02
 37 -0.01685  3.37794e+00 | 38  0.05024  1.47941e+02 | 39  0.07766  9.15437e+01
 40  0.23364 -5.34374e+02 | 41 -0.59395 -9.72432e+00 | 42  0.22536  4.58875e+02
 43 -0.40628 -2.67302e+01 | 44  0.24759 -4.76853e+02 | 45 -0.60250 -8.82847e+00
 46  0.23882  4.04872e+01 | 47 -0.29502 -8.64255e-01 | 48 -0.23268  1.56809e+02
 49  0.11327 -4.63297e+01 | 50 -0.25864 -8.53740e+02 |
50 variables; iteration 40; function evaluation 55; phase 2
Function value 1.7364234e+02; maximum gradient component mag -6.0997e+02
Var    Value     Gradient |Var    Value     Gradient |Var    Value     Gradient
  1  0.02525  4.78981e+01 |  2 -0.04760  5.33818e+00 |  3 -0.13272 -1.02291e+01
  4  0.01721  1.65478e+01 |  5 -0.04404 -1.24049e+01 |  6  0.01293  1.81109e+01
  7 -0.02687  3.54039e+01 |  8 -0.09363 -2.75535e-01 |  9 -0.05352  1.50578e+01
 10 -0.05224  8.11952e+00 | 11  0.03413  1.37911e+01 | 12  0.02177  1.03752e+01
 13  0.05734  1.34829e+01 | 14 -0.00514 -4.13641e+00 | 15 -0.03614 -1.74218e+01
 16  0.05872 -9.66112e+00 | 17  0.01705 -1.02606e+01 | 18 -0.04284  2.10470e+01
 19 -0.01644  1.87851e+01 | 20 -0.03298  2.87542e+00 | 21  0.04159  2.14712e+01
 22  0.05142  1.35183e+01 | 23 -0.05480  2.39607e+01 | 24 -0.00659  2.74689e+01
 25 -0.09603  2.60026e+01 | 26 -0.00469  8.99004e+01 | 27 -0.02221 -9.79926e+00
 28  0.01224 -1.05130e+01 | 29  0.04025 -4.89280e+01 | 30 -0.01145 -3.46702e+01
 31  0.05577  4.07642e+01 | 32 -0.02152 -4.55896e+01 | 33  0.07445  5.20769e+00
 34  0.00777 -1.40798e+01 | 35  0.05638  4.00466e+01 | 36  0.01922 -5.81660e+01
 37 -0.01537 -1.88642e+01 | 38  0.03314  4.12269e+01 | 39  0.04959  7.49154e+01
 40  0.23928 -3.26831e+02 | 41 -0.50454 -4.47635e+00 | 42  0.23336  3.46612e+02
 43 -0.14198 -7.93496e+00 | 44  0.27069  3.19350e+02 | 45 -1.23191  8.72415e-01
 46  0.24552 -1.35834e+00 | 47 -0.21537  1.83018e+00 | 48 -0.23075  1.01085e+02
 49  0.10968 -2.74073e+01 | 50 -0.25343 -6.09970e+02 |
50 variables; iteration 60; function evaluation 86; phase 2
Function value 1.6338331e+02; maximum gradient component mag 2.9903e+02
Var    Value     Gradient |Var    Value     Gradient |Var    Value     Gradient
  1  0.02085  2.99026e+02 |  2 -0.06245  6.19906e-01 |  3 -0.09715  1.93223e-01
  4  0.01031 -1.53245e+00 |  5 -0.02753 -6.66235e+00 |  6  0.01011 -8.61234e+00
  7 -0.04736 -5.13501e+00 |  8 -0.09935 -3.93565e+00 |  9 -0.06601 -3.25351e+00
 10 -0.06986 -3.17900e+00 | 11  0.02570 -2.28168e+00 | 12  0.02450  1.04536e+00
 13  0.06922  1.24230e+01 | 14  0.01179  2.84858e+00 | 15 -0.00580 -5.35192e+00
 16  0.06715 -1.10892e+01 | 17  0.02603 -1.27616e+01 | 18 -0.04915 -1.76185e+01
 19 -0.01201 -4.50427e+00 | 20 -0.02341 -4.35781e+00 | 21  0.03983 -3.78993e+00
 22  0.05426 -4.37983e+00 | 23 -0.06067 -5.80759e+00 | 24 -0.01203 -2.71627e+00
 25 -0.10110 -2.72871e+00 | 26 -0.01756  2.19333e+00 | 27 -0.00991 -2.11067e+00
 28  0.01819 -5.31776e+00 | 29  0.04660 -6.40514e+00 | 30 -0.00270 -8.20713e-01
 31  0.06023 -3.83660e+00 | 32 -0.00330 -6.18477e+00 | 33  0.07032 -1.90999e+00
 34  0.01033 -3.63496e+00 | 35  0.05684  4.61696e+00 | 36  0.02700  1.25636e+01
 37 -0.01105  2.65780e+01 | 38  0.02408  8.40483e+01 | 39 -0.02376 -1.04168e+00
 40  0.24398  1.10298e+01 | 41 -0.45099  2.86438e-01 | 42  0.22558 -8.81278e+00
 43 -0.08935 -4.25350e-02 | 44  0.27083  1.27040e+00 | 45 -0.59804  1.78057e-01
 46  0.25189  3.78972e+00 | 47 -0.36333 -1.35991e-01 | 48 -0.24016 -5.01783e+01
 49  0.07618  1.94052e+01 | 50 -0.24858  3.51744e+01 |
Maximum number of function evaluations exceeded

 - final statistics:
50 variables; iteration 73; function evaluation 100
Function value 1.6318e+02; maximum gradient component mag -6.3185e+01
Exit code = 3;  converg criter 1.0000e+01
Var    Value     Gradient |Var    Value     Gradient |Var    Value     Gradient
  1  0.02068 -6.31855e+01 |  2 -0.06507  3.25794e-02 |  3 -0.09801  3.50825e-02
  4  0.01136  1.06856e+00 |  5 -0.02700  1.91393e+00 |  6  0.01027  5.35582e+00
  7 -0.04622  1.23108e+00 |  8 -0.09884  1.29542e+00 |  9 -0.06637  1.12105e+00
 10 -0.07090  8.85462e-01 | 11  0.02516 -3.88395e-01 | 12  0.02416 -1.39137e+00
 13  0.06907 -6.70281e+00 | 14  0.00884 -2.12005e+00 | 15 -0.00673  1.28119e+00
 16  0.06832  7.37760e-01 | 17  0.02568 -2.66750e-01 | 18 -0.04817 -1.98959e-01
 19 -0.01167  3.95340e-01 | 20 -0.02338 -7.08582e-01 | 21  0.04030  1.35502e+00
 22  0.05517  1.10732e+00 | 23 -0.05846  1.61391e+00 | 24 -0.01208  1.46127e-01
 25 -0.10106  7.61030e-01 | 26 -0.01865 -1.94935e+00 | 27 -0.01018  1.77898e-01
 28  0.01832  5.55458e-01 | 29  0.04724  1.37996e+00 | 30 -0.00266 -1.84500e+00
 31  0.06065  1.87492e-01 | 32 -0.00246  2.01167e+00 | 33  0.07039 -1.34945e-01
 34  0.01065  9.11618e-01 | 35  0.05692 -6.14578e-02 | 36  0.02708  2.25802e-01
 37 -0.01150 -1.01309e+00 | 38  0.02183 -6.90530e+00 | 39 -0.02418  6.34963e-01
 40  0.24384 -1.12746e+01 | 41 -0.45787 -1.91349e-01 | 42  0.22600  2.21422e+00
 43 -0.08858  4.34710e-02 | 44  0.27100  1.44051e-01 | 45 -0.58736  5.35506e-02
 46  0.25198  7.05694e-01 | 47 -0.35710  4.13370e-02 | 48 -0.25027  2.18607e+01
 49  0.04617 -6.16702e+00 | 50 -0.24859 -1.06646e+01 |

Initial statistics: 53 variables; iteration 0; function evaluation 0; phase 3
Function value 1.6318364e+02; maximum gradient component mag -1.0045e+03
Var    Value     Gradient |Var    Value     Gradient |Var    Value     Gradient
  1  0.02068 -6.31855e+01 |  2 -0.06507  3.25794e-02 |  3 -0.09801  3.50825e-02
  4  0.01136  1.06856e+00 |  5 -0.02700  1.86776e+00 |  6  0.01027  5.30961e+00
  7 -0.04622  1.18499e+00 |  8 -0.09884  1.24977e+00 |  9 -0.06638  1.07509e+00
 10 -0.07090  8.39538e-01 | 11  0.02516 -4.34569e-01 | 12  0.02415 -1.43755e+00
 13  0.06906 -6.74875e+00 | 14  0.00884 -2.16626e+00 | 15 -0.00673  1.23498e+00
 16  0.06832  6.91816e-01 | 17  0.02568 -3.12922e-01 | 18 -0.04817 -2.45036e-01
 19 -0.01167  3.49138e-01 | 20 -0.02338 -7.54761e-01 | 21  0.04030  1.30890e+00
 22  0.05517  1.06129e+00 | 23 -0.05846  1.56789e+00 | 24 -0.01208  9.99254e-02
 25 -0.10106  7.15401e-01 | 26 -0.01865 -1.99554e+00 | 27 -0.01018  1.31695e-01
 28  0.01831  5.09268e-01 | 29  0.04724  1.33388e+00 | 30 -0.00266 -1.89121e+00
 31  0.06065  1.41492e-01 | 32 -0.00246  1.96546e+00 | 33  0.07039 -1.80873e-01
 34  0.01065  8.65415e-01 | 35  0.05691 -1.07483e-01 | 36  0.02708  1.79634e-01
 37 -0.01150 -1.05929e+00 | 38  0.02183 -6.95148e+00 | 39 -0.02418  5.88787e-01
 40  0.24384 -1.12746e+01 | 41 -0.45787 -1.91349e-01 | 42  0.22600  2.21422e+00
 43 -0.08858  4.34710e-02 | 44  0.27100  1.44051e-01 | 45 -0.58736  5.35506e-02
 46  0.25198  7.05694e-01 | 47 -0.35710  4.13370e-02 | 48 -0.25027  2.18607e+01
 49  0.04617 -6.16702e+00 | 50 -0.30909 -1.00454e+03 | 51 -0.43452  2.78096e-04
 52 -0.24859 -1.06646e+01 | 53 -0.36199 -1.51253e+01 |

Intermediate statistics: 53 variables; iteration 20; function evaluation 30; phase 3
Function value 1.3039695e+02; maximum gradient component mag -5.3467e+02
Var    Value     Gradient |Var    Value     Gradient |Var    Value     Gradient
  1  0.01938 -4.64315e+02 |  2 -0.06450 -2.25044e-01 |  3 -0.09690 -3.66806e-01
  4  0.01311 -1.21570e+00 |  5 -0.02401  1.84350e+00 |  6  0.01205 -1.31082e+01
  7 -0.04500  8.47162e+00 |  8 -0.09886  7.18185e+00 |  9 -0.06623  7.82928e+00
 10 -0.07257  6.11968e+00 | 11  0.02708  1.01203e+01 | 12  0.02744  1.52428e+01
 13  0.07404  3.39353e+01 | 14  0.01072  1.19531e+01 | 15 -0.00644  9.31496e-01
 16  0.06934 -1.76322e+01 | 17  0.02793 -3.59699e+01 | 18 -0.04681 -4.54467e+01
 19 -0.01680  1.20414e+01 | 20 -0.01693  3.40423e+01 | 21  0.02369 -7.03912e+00
 22  0.03934 -6.90350e+00 | 23 -0.05310  9.05080e+00 | 24 -0.03265 -4.56502e+00
 25 -0.10230  8.54878e+00 | 26 -0.00736  2.47056e+01 | 27 -0.01224  6.36918e+00
 28  0.00416 -1.80380e+01 | 29  0.05551 -9.20758e+00 | 30 -0.00010 -2.64234e+00
 31  0.06036 -2.92593e+01 | 32 -0.00600  2.19437e+01 | 33  0.07032 -3.00104e+01
 34  0.01087 -9.30029e+00 | 35  0.05878 -1.97577e+01 | 36  0.03052 -1.74542e+01
 37 -0.00886 -9.65171e+00 | 38  0.02484  1.48238e+01 | 39 -0.01134  3.81278e+01
 40  0.24659  9.40927e+01 | 41 -0.45769  3.48252e-01 | 42  0.25074 -9.57542e+01
 43 -0.13353  9.41019e+00 | 44  0.27146 -2.37517e+01 | 45 -0.59209  1.46251e+00
 46  0.25668  6.48435e+01 | 47 -0.35720  6.38154e-02 | 48 -0.24764  1.53629e+02
 49  0.05005 -5.21952e+01 | 50 -0.26404 -6.88748e+01 | 51 -0.42279  4.97919e+01
 52 -0.21747 -5.34671e+02 | 53 -0.30708  3.04719e+02 |
53 variables; iteration 40; function evaluation 56; phase 3
Function value 1.2769664e+02; maximum gradient component mag -5.3867e+02
Var    Value     Gradient |Var    Value     Gradient |Var    Value     Gradient
  1  0.01908 -2.99990e+02 |  2 -0.06457 -7.73494e-01 |  3 -0.10768 -4.81119e+00
  4  0.01241 -8.08038e+00 |  5 -0.02447 -7.35393e+00 |  6  0.01423 -2.62813e+01
  7 -0.04735  3.56835e+00 |  8 -0.10117  4.27999e+00 |  9 -0.06710  7.10822e+00
 10 -0.07573  3.71478e+00 | 11  0.02698  7.63455e+00 | 12  0.02834  8.60400e+00
 13  0.07411  1.06994e+01 | 14  0.01227  7.20319e+00 | 15  0.00075  7.72232e+00
 16  0.07056 -1.20097e+01 | 17  0.02724 -3.13936e+01 | 18 -0.04475 -3.67936e+01
 19 -0.01470  1.84795e+01 | 20 -0.01757  3.62171e+01 | 21  0.02729 -3.13910e+00
 22  0.03602 -5.84745e+00 | 23 -0.05286  1.23679e+01 | 24 -0.03457 -4.96876e+00
 25 -0.10289  7.47833e+00 | 26 -0.00496  5.93318e+00 | 27 -0.01538  2.21127e+00
 28  0.00259 -5.80905e-01 | 29  0.05492 -1.52317e+01 | 30  0.00085  2.37161e+01
 31  0.05933 -1.03875e+01 | 32 -0.00822  5.10158e+01 | 33  0.06829 -2.62393e+01
 34  0.00765 -4.12860e+01 | 35  0.05941 -2.33148e+01 | 36  0.03027 -2.04060e+01
 37 -0.00811  7.84108e+00 | 38  0.02702  6.19350e+01 | 39 -0.00702  4.37171e+01
 40  0.24693  1.00507e+02 | 41 -0.47509 -6.46868e-01 | 42  0.25848  2.40500e+02
 43 -0.46075  3.16275e+00 | 44  0.27212 -1.61731e+01 | 45 -0.82819 -8.64300e-01
 46  0.25799  6.63211e+01 | 47 -0.35930  6.01979e-02 | 48 -0.23147  1.10075e+01
 49  0.09910  4.35574e-01 | 50 -0.26012 -1.75857e+02 | 51 -0.41982  1.31768e+02
 52 -0.21214 -5.38668e+02 | 53 -0.30073  3.15240e+02 |
53 variables; iteration 60; function evaluation 82; phase 3
Function value 1.2227584e+02; maximum gradient component mag -8.5247e+02
Var    Value     Gradient |Var    Value     Gradient |Var    Value     Gradient
  1  0.01847 -8.52469e+02 |  2 -0.06774 -2.32567e-01 |  3 -0.09458  1.97820e+00
  4  0.01333  7.43960e+00 |  5 -0.02114  2.81465e+01 |  6  0.01624  5.03027e+01
  7 -0.04456  1.17573e+01 |  8 -0.09513  1.62299e+01 |  9 -0.06291  1.68477e+01
 10 -0.07024  1.28680e+01 | 11  0.02287  4.59404e+00 | 12  0.03174  1.39623e+01
 13  0.07534 -7.99252e-01 | 14  0.00578 -1.85146e-01 | 15 -0.00495  1.35521e+01
 16  0.06978 -1.25996e+00 | 17  0.02954 -1.01129e+01 | 18 -0.04261 -1.09204e+01
 19 -0.00810  2.97480e+01 | 20 -0.01858  4.07610e+01 | 21  0.04266  1.97769e+01
 22  0.03840  1.28773e+01 | 23 -0.05574  1.29365e+01 | 24 -0.02982  5.01073e+00
 25 -0.10159  1.12980e+01 | 26 -0.00468 -1.27932e+01 | 27 -0.01911 -6.05761e+00
 28 -0.01416 -1.85224e+01 | 29  0.05733 -5.92459e+01 | 30  0.00029 -4.30860e-01
 31  0.05722 -1.18679e+01 | 32 -0.01681  2.65352e+01 | 33  0.05989 -3.95130e+01
 34  0.00712 -6.72339e+00 | 35  0.05796 -2.84476e+01 | 36  0.02945 -3.26121e+01
 37 -0.00839 -2.83054e+01 | 38  0.02446 -7.43578e+01 | 39 -0.00784  2.13037e+01
 40  0.24670 -1.26955e+01 | 41 -0.49413 -5.07308e-01 | 42  0.25730 -6.60712e+01
 43 -1.03775  5.26747e-01 | 44  0.27394  4.16002e+00 | 45 -0.79792  9.81943e-02
 46  0.26515  1.52753e-01 | 47 -0.41793 -9.41689e-01 | 48 -0.28696  7.32834e+02
 49 -0.06478 -2.55325e+02 | 50 -0.26437  9.77421e+01 | 51 -0.43232 -8.18301e+01
 52 -0.17254 -3.06237e+02 | 53 -0.26216  2.43211e+02 |
53 variables; iteration 80; function evaluation 116; phase 3
Function value 1.1854009e+02; maximum gradient component mag 2.9891e+03
Var    Value     Gradient |Var    Value     Gradient |Var    Value     Gradient
  1  0.01698 -5.20913e+01 |  2 -0.06287  5.43386e-02 |  3 -0.09493  1.86289e-02
  4  0.01475 -1.02131e+00 |  5 -0.02011 -8.31091e-01 |  6  0.01814 -5.02709e+00
  7 -0.04351  2.61156e-01 |  8 -0.09799 -4.75017e-01 |  9 -0.06545 -3.40712e+00
 10 -0.07329  8.39836e-01 | 11  0.02875  9.66854e-01 | 12  0.03013 -1.70942e-01
 13  0.07974 -1.60846e+00 | 14  0.01119  1.24728e+00 | 15 -0.00680  3.80783e-01
 16  0.07226  1.98171e+00 | 17  0.03366  2.66794e+00 | 18 -0.03884  1.68467e+00
 19 -0.01140 -3.80022e+00 | 20 -0.02088 -9.11110e+00 | 21  0.03492  1.64574e+00
 22  0.03859  2.20034e+00 | 23 -0.05888  1.95330e+00 | 24 -0.02943  3.40661e+00
 25 -0.10352  4.99025e+00 | 26 -0.00207  2.14690e+01 | 27 -0.01596 -3.70596e+00
 28 -0.01226  5.20618e-01 | 29  0.05511  1.48449e+00 | 30  0.00224  1.79029e+01
 31  0.05527  1.02936e+01 | 32 -0.02055  2.79324e+00 | 33  0.04793 -4.63870e+00
 34 -0.00137 -1.32291e+00 | 35  0.05440 -9.54439e+00 | 36  0.02969 -1.28252e+01
 37 -0.00563 -2.67099e+01 | 38  0.03085  5.14833e+00 | 39  0.00455  1.46943e+00
 40  0.24850 -2.41678e+00 | 41 -0.49051 -9.79763e-02 | 42  0.25987 -2.77405e+00
 43 -1.33102  1.40985e-01 | 44  0.27670 -4.75993e+00 | 45 -0.90613 -9.40424e-02
 46  0.27905 -2.32898e+00 | 47 -0.38614  1.36365e-01 | 48 -0.30808  2.98911e+03
 49 -0.12533 -1.05877e+03 | 50 -0.27060 -1.05405e+01 | 51 -0.43817  8.49339e+00
 52 -0.12711  4.64321e+00 | 53 -0.24055 -5.69597e+00 |
53 variables; iteration 100; function evaluation 136; phase 3
Function value 1.1849548e+02; maximum gradient component mag 1.8903e-01
Var    Value     Gradient |Var    Value     Gradient |Var    Value     Gradient
  1  0.01700  3.24289e-02 |  2 -0.06330 -1.36863e-07 |  3 -0.09526 -6.45134e-05
  4  0.01513  1.52749e-04 |  5 -0.02015 -2.63190e-04 |  6  0.01826  5.24813e-04
  7 -0.04339 -9.09267e-04 |  8 -0.09774 -1.08000e-03 |  9 -0.06489 -1.14985e-03
 10 -0.07279 -4.69852e-04 | 11  0.02858 -2.27418e-04 | 12  0.03034  4.11848e-04
 13  0.07954  1.55494e-03 | 14  0.01117 -4.58986e-04 | 15 -0.00603 -5.40597e-04
 16  0.07219 -7.29678e-04 | 17  0.03337 -8.73545e-04 | 18 -0.03884 -4.30381e-04
 19 -0.01146  9.53714e-04 | 20 -0.02062  2.25032e-03 | 21  0.03474 -3.00820e-04
 22  0.03841 -1.02332e-03 | 23 -0.05887 -3.78879e-04 | 24 -0.02936 -2.11165e-04
 25 -0.10375 -2.88693e-04 | 26 -0.00314  3.49775e-04 | 27 -0.01525  2.36746e-03
 28 -0.01222  1.25305e-03 | 29  0.05501  7.44123e-03 | 30  0.00167 -2.01904e-03
 31  0.05520 -1.57073e-03 | 32 -0.02067  9.79593e-06 | 33  0.04857 -1.36659e-04
 34 -0.00122 -8.08939e-04 | 35  0.05450 -1.13191e-03 | 36  0.02975 -2.36308e-03
 37 -0.00531 -6.88539e-04 | 38  0.03033 -8.81166e-04 | 39  0.00353  2.04445e-03
 40  0.24851  1.14439e-03 | 41 -0.48685  1.50560e-05 | 42  0.25995  7.96095e-03
 43 -1.33398  1.15576e-04 | 44  0.27684  6.27143e-04 | 45 -0.85641 -1.63187e-05
 46  0.27880  1.05164e-03 | 47 -0.38988 -4.40175e-05 | 48 -0.30802  1.89027e-01
 49 -0.12515 -6.78687e-02 | 50 -0.27038 -2.55478e-03 | 51 -0.43803 -1.96695e-03
 52 -0.12800 -3.81722e-03 | 53 -0.24066  3.91332e-03 |
53 variables; iteration 120; function evaluation 157; phase 3
Function value 1.1849451e+02; maximum gradient component mag 2.7068e+01
Var    Value     Gradient |Var    Value     Gradient |Var    Value     Gradient
  1  0.01700 -2.00092e+01 |  2 -0.06330  2.37293e-03 |  3 -0.09522  1.91872e-02
  4  0.01512  2.29650e-02 |  5 -0.02014  3.08391e-01 |  6  0.01826  2.74256e-01
  7 -0.04338  3.16572e-01 |  8 -0.09770  3.42077e-01 |  9 -0.06490  2.99433e-01
 10 -0.07276  2.87426e-01 | 11  0.02858  2.17318e-01 | 12  0.03033  1.42796e-01
 13  0.07953 -1.81865e-01 | 14  0.01116  2.11701e-01 | 15 -0.00603  3.12056e-01
 16  0.07218  3.48613e-01 | 17  0.03338  4.19846e-01 | 18 -0.03885  3.72810e-01
 19 -0.01146 -9.93152e-02 | 20 -0.02063 -2.86998e-02 | 21  0.03474  6.45622e-02
 22  0.03846  1.57785e-01 | 23 -0.05887  2.51257e-01 | 24 -0.02936  1.13280e-03
 25 -0.10374  1.03981e-01 | 26 -0.00315 -2.65591e-01 | 27 -0.01526 -3.40436e-01
 28 -0.01217 -4.46281e-01 | 29  0.05498 -1.73183e+00 | 30  0.00168 -4.74104e-01
 31  0.05520 -1.53995e-01 | 32 -0.02066 -1.71884e-03 | 33  0.04856  1.33889e-02
 34 -0.00123  2.04927e-01 | 35  0.05449 -5.70740e-02 | 36  0.02975 -4.76552e-02
 37 -0.00532 -5.59209e-01 | 38  0.03033 -5.18674e-01 | 39  0.00346 -8.81831e-02
 40  0.24850 -4.17288e-01 | 41 -0.48696 -7.07662e-03 | 42  0.26001 -5.06579e+00
 43 -1.33522 -8.83015e-04 | 44  0.27683 -1.60586e-01 | 45 -0.85594  1.34568e-03
 46  0.27880 -2.57719e-01 | 47 -0.38976  4.94347e-03 | 48 -0.29336  2.70680e+01
 49 -0.08357 -9.53868e+00 | 50 -0.23682 -3.78396e+00 | 51 -0.39698  3.12125e+00
 52 -0.12799  1.11187e-01 | 53 -0.24066 -7.62104e-02 |
53 variables; iteration 140; function evaluation 177; phase 3
Function value 1.1848428e+02; maximum gradient component mag 4.4497e+01
Var    Value     Gradient |Var    Value     Gradient |Var    Value     Gradient
  1  0.01698 -8.96168e-01 |  2 -0.06333  1.07783e-03 |  3 -0.09535 -1.32959e-02
  4  0.01505  7.56630e-03 |  5 -0.02014 -1.73818e-02 |  6  0.01833 -3.33817e-02
  7 -0.04345 -1.48436e-02 |  8 -0.09782 -5.45001e-02 |  9 -0.06489 -8.95902e-02
 10 -0.07287  1.62861e-02 | 11  0.02859  5.40862e-02 | 12  0.03037  4.65169e-02
 13  0.07965  1.18146e-01 | 14  0.01110  7.20175e-02 | 15 -0.00611  1.22549e-02
 16  0.07220  5.20617e-02 | 17  0.03340  7.49521e-02 | 18 -0.03877  1.17177e-01
 19 -0.01137  2.45552e-01 | 20 -0.02060  4.23399e-01 | 21  0.03457  4.74316e-02
 22  0.03827 -2.70836e-02 | 23 -0.05920  1.92331e-02 | 24 -0.02974  6.41802e-02
 25 -0.10390  1.60433e-02 | 26 -0.00287  1.33642e-02 | 27 -0.01534  1.07717e-01
 28 -0.01217 -7.31533e-02 | 29  0.05511  1.02185e-02 | 30  0.00180 -1.93919e-01
 31  0.05522 -9.30602e-02 | 32 -0.02069  3.16083e-02 | 33  0.04863  4.03779e-02
 34 -0.00121 -4.65270e-02 | 35  0.05456 -1.83763e-01 | 36  0.02981 -3.88386e-01
 37 -0.00522 -4.39857e-01 | 38  0.03041  6.62764e-02 | 39  0.00377  1.30869e-01
 40  0.24853  1.18301e-01 | 41 -0.48683  3.98977e-03 | 42  0.26231  1.13197e+00
 43 -1.33165  1.04094e-03 | 44  0.27684 -6.47181e-02 | 45 -0.86046  7.33658e-04
 46  0.27881  8.38217e-02 | 47 -0.38974  1.33206e-03 | 48 -0.27909  4.44971e+01
 49 -0.04313 -1.56303e+01 | 50 -0.20190 -8.53111e-01 | 51 -0.35863  6.76880e-01
 52 -0.12792 -5.39663e-01 | 53 -0.24061  6.22083e-01 |
53 variables; iteration 160; function evaluation 197; phase 3
Function value 1.1848339e+02; maximum gradient component mag 1.8370e-01
Var    Value     Gradient |Var    Value     Gradient |Var    Value     Gradient
  1  0.01698 -8.77549e-02 |  2 -0.06329  1.21867e-04 |  3 -0.09524  2.46177e-04
  4  0.01516  3.02323e-04 |  5 -0.02011  1.88961e-03 |  6  0.01831  2.22910e-03
  7 -0.04336  2.20977e-03 |  8 -0.09771  2.70257e-03 |  9 -0.06486  3.56602e-03
 10 -0.07277  1.32210e-03 | 11  0.02861  5.51373e-04 | 12  0.03038 -2.37941e-04
 13  0.07959 -3.64487e-03 | 14  0.01118  3.25074e-04 | 15 -0.00602  1.02550e-03
 16  0.07221 -1.11425e-03 | 17  0.03342 -2.85818e-03 | 18 -0.03879 -3.77386e-03
 19 -0.01134 -2.42619e-03 | 20 -0.02062 -5.61322e-03 | 21  0.03459  7.17623e-04
 22  0.03829  2.52206e-03 | 23 -0.05919  1.17311e-03 | 24 -0.02975  8.56090e-04
 25 -0.10389  9.97114e-04 | 26 -0.00296 -1.63865e-03 | 27 -0.01529  1.28504e-04
 28 -0.01220  2.01457e-03 | 29  0.05507 -1.43752e-03 | 30  0.00173 -5.54433e-03
 31  0.05520 -3.93904e-04 | 32 -0.02069  2.35904e-03 | 33  0.04861  2.16372e-03
 34 -0.00124  1.18969e-03 | 35  0.05453  2.00662e-03 | 36  0.02979  3.81267e-03
 37 -0.00528  3.14499e-03 | 38  0.03039 -6.99355e-03 | 39  0.00360 -1.34196e-03
 40  0.24854 -7.30909e-04 | 41 -0.48682 -1.03528e-04 | 42  0.26240  1.07953e-03
 43 -1.33136 -7.77524e-05 | 44  0.27686  9.90682e-04 | 45 -0.85931 -2.24001e-05
 46  0.27883  7.88316e-04 | 47 -0.38981 -3.55199e-05 | 48 -0.28271  1.83700e-01
 49 -0.05332 -6.52692e-02 | 50 -0.20124 -6.40990e-03 | 51 -0.35802  6.82317e-03
 52 -0.12791  7.73842e-03 | 53 -0.24062 -9.00576e-03 |
53 variables; iteration 180; function evaluation 217; phase 3
Function value 1.1848338e+02; maximum gradient component mag 1.7444e-04
Var    Value     Gradient |Var    Value     Gradient |Var    Value     Gradient
  1  0.01698  1.74436e-04 |  2 -0.06329  7.18289e-08 |  3 -0.09524 -1.06813e-06
  4  0.01516 -1.82001e-06 |  5 -0.02011 -3.00364e-06 |  6  0.01831 -1.42217e-06
  7 -0.04336 -3.34996e-06 |  8 -0.09771 -2.52892e-06 |  9 -0.06486 -4.50582e-06
 10 -0.07277 -1.32607e-06 | 11  0.02861 -2.91429e-06 | 12  0.03038 -3.86166e-06
 13  0.07959 -8.38164e-06 | 14  0.01118 -3.53493e-06 | 15 -0.00602 -2.27982e-06
 16  0.07221 -7.46168e-07 | 17  0.03342 -1.48852e-07 | 18 -0.03879 -3.91870e-07
 19 -0.01134 -2.69212e-06 | 20 -0.02061 -2.62363e-06 | 21  0.03459  4.45980e-07
 22  0.03829  1.54783e-06 | 23 -0.05919 -5.38822e-07 | 24 -0.02975 -3.75235e-06
 25 -0.10389 -1.80726e-06 | 26 -0.00296  4.92485e-06 | 27 -0.01529  9.23928e-06
 28 -0.01220  7.29208e-07 | 29  0.05507  1.66063e-05 | 30  0.00173  1.69549e-05
 31  0.05520  1.48451e-05 | 32 -0.02069 -3.81947e-06 | 33  0.04861 -7.64843e-06
 34 -0.00123 -9.29384e-06 | 35  0.05453 -1.78557e-05 | 36  0.02979 -1.14818e-05
 37 -0.00528  1.29135e-05 | 38  0.03039  2.26146e-05 | 39  0.00360 -9.55201e-07
 40  0.24854  6.53608e-07 | 41 -0.48682  2.97440e-09 | 42  0.26239  2.39551e-06
 43 -1.33135 -2.80108e-08 | 44  0.27686  5.82676e-05 | 45 -0.85931 -8.32387e-08
 46  0.27883 -3.57683e-06 | 47 -0.38980  1.22584e-07 | 48 -0.27841 -8.09987e-05
 49 -0.04107  2.83561e-05 | 50 -0.20125  2.10528e-06 | 51 -0.35803 -2.43079e-06
 52 -0.12791 -9.76957e-06 | 53 -0.24062  1.04450e-05 |

 - final statistics:
53 variables; iteration 181; function evaluation 218
Function value 1.1848e+02; maximum gradient component mag -1.9859e-05
Exit code = 1;  converg criter 1.0000e-04
Var    Value     Gradient |Var    Value     Gradient |Var    Value     Gradient
  1  0.01698  1.08923e-05 |  2 -0.06329 -1.02648e-08 |  3 -0.09524  5.85446e-08
  4  0.01516  4.02736e-08 |  5 -0.02011 -1.83439e-07 |  6  0.01831 -3.27507e-07
  7 -0.04336 -1.52131e-07 |  8 -0.09771 -2.24998e-07 |  9 -0.06486 -1.33192e-07
 10 -0.07277 -2.19898e-07 | 11  0.02861 -2.74118e-08 | 12  0.03038  1.91322e-07
 13  0.07959  1.14463e-06 | 14  0.01118 -2.72146e-09 | 15 -0.00602 -2.14175e-07
 16  0.07221 -2.73948e-07 | 17  0.03342 -3.19760e-07 | 18 -0.03879 -2.47250e-07
 19 -0.01134 -1.09004e-07 | 20 -0.02061 -2.13663e-07 | 21  0.03459 -4.00568e-07
 22  0.03829 -4.48088e-07 | 23 -0.05919 -3.50159e-07 | 24 -0.02975  8.15444e-09
 25 -0.10389 -4.71870e-08 | 26 -0.00296  2.63772e-07 | 27 -0.01529 -4.58233e-07
 28 -0.01220  1.73515e-07 | 29  0.05507 -3.04310e-07 | 30  0.00173  2.36920e-07
 31  0.05520 -1.20906e-06 | 32 -0.02069  1.29400e-07 | 33  0.04861  1.11329e-06
 34 -0.00123  9.12168e-07 | 35  0.05453  1.62033e-06 | 36  0.02979  1.45212e-06
 37 -0.00528 -1.87521e-07 | 38  0.03039 -1.28674e-06 | 39  0.00360  5.68970e-08
 40  0.24854  5.58764e-08 | 41 -0.48682  5.10534e-11 | 42  0.26239  2.59704e-06
 43 -1.33135  8.82178e-09 | 44  0.27686 -5.54719e-06 | 45 -0.85931  7.77985e-09
 46  0.27883  5.39358e-07 | 47 -0.38980 -1.06445e-08 | 48 -0.27841 -1.98589e-05
 49 -0.04107  6.96132e-06 | 50 -0.20125 -4.10370e-07 | 51 -0.35803  8.99542e-08
 52 -0.12791  1.46374e-06 | 53 -0.24062 -1.40575e-06 |
Estimating row 1 out of 53 for hessian
Estimating row 2 out of 53 for hessian
Estimating row 3 out of 53 for hessian
Estimating row 4 out of 53 for hessian
Estimating row 5 out of 53 for hessian
Estimating row 6 out of 53 for hessian
Estimating row 7 out of 53 for hessian
Estimating row 8 out of 53 for hessian
Estimating row 9 out of 53 for hessian
Estimating row 10 out of 53 for hessian
Estimating row 11 out of 53 for hessian
Estimating row 12 out of 53 for hessian
Estimating row 13 out of 53 for hessian
Estimating row 14 out of 53 for hessian
Estimating row 15 out of 53 for hessian
Estimating row 16 out of 53 for hessian
Estimating row 17 out of 53 for hessian
Estimating row 18 out of 53 for hessian
Estimating row 19 out of 53 for hessian
Estimating row 20 out of 53 for hessian
Estimating row 21 out of 53 for hessian
Estimating row 22 out of 53 for hessian
Estimating row 23 out of 53 for hessian
Estimating row 24 out of 53 for hessian
Estimating row 25 out of 53 for hessian
Estimating row 26 out of 53 for hessian
Estimating row 27 out of 53 for hessian
Estimating row 28 out of 53 for hessian
Estimating row 29 out of 53 for hessian
Estimating row 30 out of 53 for hessian
Estimating row 31 out of 53 for hessian
Estimating row 32 out of 53 for hessian
Estimating row 33 out of 53 for hessian
Estimating row 34 out of 53 for hessian
Estimating row 35 out of 53 for hessian
Estimating row 36 out of 53 for hessian
Estimating row 37 out of 53 for hessian
Estimating row 38 out of 53 for hessian
Estimating row 39 out of 53 for hessian
Estimating row 40 out of 53 for hessian
Estimating row 41 out of 53 for hessian
Estimating row 42 out of 53 for hessian
Estimating row 43 out of 53 for hessian
Estimating row 44 out of 53 for hessian
Estimating row 45 out of 53 for hessian
Estimating row 46 out of 53 for hessian
Estimating row 47 out of 53 for hessian
Estimating row 48 out of 53 for hessian
Estimating row 49 out of 53 for hessian
Estimating row 50 out of 53 for hessian
Estimating row 51 out of 53 for hessian
Estimating row 52 out of 53 for hessian
Estimating row 53 out of 53 for hessian
size of file gradfil1.tmp = 0
size of file gradfil2.tmp = 0
size of file varssave.tmp = 0
size of file cmpdiff.tmp = 0
