
Initial statistics: 2 variables; iteration 0; function evaluation 0; phase 1
Function value 5.0871477e+03; maximum gradient component mag 3.0291e+04
Var    Value     Gradient |Var    Value     Gradient |Var    Value     Gradient
  1  0.33333  3.02907e+04 |  2  0.21635  1.42038e+04 |

 - final statistics:
2 variables; iteration 8; function evaluation 14
Function value 8.8952e+02; maximum gradient component mag 1.1319e+00
Exit code = 1;  converg criter 1.0000e+01
Var    Value     Gradient |Var    Value     Gradient |Var    Value     Gradient
  1  0.10310 -5.08098e-01 |  2  0.19362  1.13185e+00 |

Initial statistics: 45 variables; iteration 0; function evaluation 0; phase 2
Function value 8.8951770e+02; maximum gradient component mag -6.6328e+03
Var    Value     Gradient |Var    Value     Gradient |Var    Value     Gradient
  1  0.10310 -5.08098e-01 |  2  0.00000  2.13882e+00 |  3  0.00000  7.82202e+00
  4  0.00000 -8.18089e+01 |  5  0.00000  2.34475e+01 |  6  0.00000 -5.33178e+01
  7  0.00000 -2.72089e+01 |  8  0.00000  2.70841e+01 |  9  0.00000 -8.33164e-01
 10  0.00000  7.49194e+00 | 11  0.00000 -4.51413e+01 | 12  0.00000  6.29981e+00
 13  0.00000 -2.81934e+01 | 14  0.00000 -9.51905e-01 | 15  0.00000 -1.45744e+00
 16  0.00000 -3.80831e+01 | 17  0.00000  9.97484e+00 | 18  0.00000  7.37816e+01
 19  0.00000  1.38924e+01 | 20  0.00000  6.78133e+01 | 21  0.00000 -8.57896e+01
 22  0.00000 -9.58595e+01 | 23  0.00000  9.91195e+01 | 24  0.00000  1.79801e+01
 25  0.00000  2.67824e+02 | 26  0.00000  8.90785e+01 | 27  0.00000 -9.40152e+00
 28  0.00000 -4.48715e+00 | 29  0.00000 -3.85247e+02 | 30  0.00000  3.88576e+02
 31  0.00000 -6.24722e+02 | 32  0.00000  5.39304e+02 | 33  0.00000 -8.76996e+02
 34  0.00000  3.07717e+02 | 35  0.00000 -4.73635e+02 | 36  0.00000  4.63505e+01
 37  0.00000  3.99667e+02 | 38  0.00000 -2.95662e+01 | 39  0.00000  3.95488e+02
 40  0.21635  1.64837e+03 | 41  0.21635  4.63425e+03 | 42  0.19362  1.13185e+00
 43 -0.30909 -2.79062e+03 | 44  0.12819  9.95520e+00 | 45 -0.30909 -6.63276e+03

Intermediate statistics: 45 variables; iteration 20; function evaluation 29; phase 2
Function value 2.2800496e+02; maximum gradient component mag 2.3150e+03
Var    Value     Gradient |Var    Value     Gradient |Var    Value     Gradient
  1  0.12607  8.67277e+02 |  2 -0.01715  1.31576e-01 |  3 -0.05345 -9.69433e-01
  4  0.02895  1.01586e+01 |  5 -0.01859 -9.50237e+00 |  6  0.04298 -6.99394e+00
  7  0.02065 -1.08904e+01 |  8 -0.03826 -1.29520e+01 |  9 -0.01804 -1.11550e+01
 10 -0.00433 -1.29676e+01 | 11  0.05437 -7.59025e+00 | 12  0.01438 -8.40913e+00
 13  0.03237 -5.61759e+00 | 14  0.00522 -9.89478e+00 | 15  0.00870 -1.11799e+01
 16  0.03955 -7.17257e+00 | 17 -0.00387 -9.82732e+00 | 18 -0.04117 -9.76258e+00
 19  0.02659  1.89068e+01 | 20 -0.03216 -5.37875e+00 | 21  0.09904  2.79708e+01
 22  0.09046  7.55111e+00 | 23 -0.02757  9.90045e+00 | 24 -0.00013 -3.80164e+00
 25 -0.11975 -1.19173e+00 | 26 -0.04713  1.35161e+01 | 27 -0.02901 -4.98771e+00
 28 -0.02604  4.46696e-01 | 29 -0.01290  9.90705e+01 | 30 -0.02177  1.61011e+02
 31  0.03061 -3.43401e+02 | 32  0.02050  1.69225e+02 | 33  0.06896 -2.54834e+01
 34  0.02246  2.16952e+02 | 35  0.01512 -1.98916e+02 | 36 -0.02704  3.42237e+01
 37 -0.06397  1.13101e+02 | 38 -0.03709 -4.04608e+01 | 39 -0.02211 -7.93289e+01
 40  0.19656 -2.23199e+02 | 41  0.18485  1.35147e+03 | 42  0.20139 -4.04210e+02
 43 -0.22669  8.95375e+02 | 44  0.10681 -3.07136e+02 | 45 -0.24689  2.31505e+03
45 variables; iteration 40; function evaluation 56; phase 2
Function value 1.9640490e+02; maximum gradient component mag 1.9956e+02
Var    Value     Gradient |Var    Value     Gradient |Var    Value     Gradient
  1  0.12349  1.99556e+02 |  2 -0.01596  1.77063e-01 |  3 -0.04857 -4.49549e-01
  4  0.02958  1.80737e+00 |  5 -0.01613 -3.33230e-01 |  6  0.04165 -1.31979e+00
  7  0.01974 -4.13799e+00 |  8 -0.03611 -5.63276e+00 |  9 -0.00891  4.77935e+00
 10 -0.00482 -3.05102e+00 | 11  0.03872 -9.84752e+00 | 12  0.00436 -3.80893e+00
 13  0.02745 -1.44965e-01 | 14  0.00397 -4.79004e+00 | 15  0.01871  8.73470e+00
 16  0.03046 -1.24639e+01 | 17 -0.00359 -7.39923e-01 | 18 -0.03812 -2.02428e-01
 19  0.02417  2.76106e-01 | 20 -0.02484  1.27704e+01 | 21  0.09358  3.13027e+00
 22  0.08860  3.99180e+00 | 23 -0.03357 -6.66016e+00 | 24  0.01058  1.42318e+01
 25 -0.10612  9.12696e+00 | 26 -0.04694 -1.48351e+00 | 27 -0.03140 -5.60220e+00
 28 -0.02132 -8.96754e-01 | 29 -0.01209 -7.50664e+00 | 30 -0.03292  2.32708e+00
 31  0.06294  1.51295e+01 | 32 -0.00200  4.81893e+00 | 33  0.08134 -9.49703e+00
 34  0.00546 -2.57254e+00 | 35  0.03495  1.28737e+01 | 36 -0.02737 -2.17131e+00
 37 -0.07757 -6.48332e+00 | 38 -0.03620 -2.66485e+00 | 39 -0.02647  3.26622e-01
 40  0.19868  8.08246e+01 | 41  0.17873  1.34585e+02 | 42  0.20423  1.63388e+02
 43 -0.23594  6.15963e+01 | 44  0.10180 -1.18708e+01 | 45 -0.25585 -1.06815e+02

 - final statistics:
45 variables; iteration 56; function evaluation 82
Function value 1.9550e+02; maximum gradient component mag -3.3116e+00
Exit code = 1;  converg criter 1.0000e+01
Var    Value     Gradient |Var    Value     Gradient |Var    Value     Gradient
  1  0.12273  2.14371e+00 |  2 -0.01715 -5.06113e-03 |  3 -0.04784  8.12837e-03
  4  0.02490 -4.46761e-03 |  5 -0.02210 -2.00580e-02 |  6  0.03792 -1.77204e-02
  7  0.01908 -2.52567e-02 |  8 -0.03607 -2.96985e-02 |  9 -0.01725 -2.22892e-02
 10 -0.00446  1.09939e-02 | 11  0.04794 -6.86841e-02 | 12  0.00837 -2.47513e-02
 13  0.02628 -1.65736e-02 | 14  0.00371  2.64190e-02 | 15  0.00715 -4.29854e-02
 16  0.03682 -6.11396e-02 | 17 -0.00349 -1.72822e-02 | 18 -0.03912  2.54714e-02
 19  0.02394 -1.07078e-02 | 20 -0.03281  4.90919e-02 | 21  0.09240 -4.81383e-03
 22  0.08641  1.66962e-02 | 23 -0.02967 -4.66758e-02 | 24  0.00280  3.70060e-02
 25 -0.11356  2.14945e-02 | 26 -0.04529 -4.62262e-03 | 27 -0.02770 -4.86776e-02
 28 -0.02024 -4.34602e-02 | 29 -0.00922 -7.12102e-03 | 30 -0.03111 -3.78119e-02
 31  0.06331  2.98366e-01 | 32 -0.00158 -7.01346e-02 | 33  0.08540  5.05786e-02
 34  0.00867 -1.09800e-01 | 35  0.03682  1.97425e-01 | 36 -0.02426  5.19067e-02
 37 -0.07376 -6.32501e-02 | 38 -0.03260  2.10749e-02 | 39 -0.02259  1.06327e-02
 40  0.19864  1.55754e-01 | 41  0.17813  3.95569e-01 | 42  0.20251  2.53943e+00
 43 -0.26474 -3.31162e+00 | 44  0.01147  1.31661e+00 | 45 -0.25583 -2.78929e-02

Initial statistics: 49 variables; iteration 0; function evaluation 0; phase 3
Function value 1.9550285e+02; maximum gradient component mag -1.4651e+03
Var    Value     Gradient |Var    Value     Gradient |Var    Value     Gradient
  1  0.12273  2.14371e+00 |  2 -0.01715 -5.06113e-03 |  3 -0.04784  8.12837e-03
  4  0.02490 -4.46761e-03 |  5 -0.02210 -2.07862e-02 |  6  0.03792 -1.84477e-02
  7  0.01908 -2.59849e-02 |  8 -0.03607 -3.04259e-02 |  9 -0.01725 -2.30175e-02
 10 -0.00446  1.02654e-02 | 11  0.04794 -6.94106e-02 | 12  0.00837 -2.54798e-02
 13  0.02628 -1.73015e-02 | 14  0.00371  2.56905e-02 | 15  0.00715 -4.37139e-02
 16  0.03682 -6.18670e-02 | 17 -0.00349 -1.80108e-02 | 18 -0.03912  2.47442e-02
 19  0.02394 -1.14358e-02 | 20 -0.03281  4.83643e-02 | 21  0.09240 -5.53474e-03
 22  0.08641  1.59744e-02 | 23 -0.02967 -4.74036e-02 | 24  0.00280  3.62774e-02
 25 -0.11356  2.07775e-02 | 26 -0.04529 -5.34935e-03 | 27 -0.02770 -4.94055e-02
 28 -0.02024 -4.41884e-02 | 29 -0.00922 -7.84951e-03 | 30 -0.03111 -3.85396e-02
 31  0.06331  2.97641e-01 | 32 -0.00158 -7.08632e-02 | 33  0.08540  4.98566e-02
 34  0.00867 -1.10529e-01 | 35  0.03682  1.96697e-01 | 36 -0.02426  5.11787e-02
 37 -0.07376 -6.39738e-02 | 38 -0.03260  2.03473e-02 | 39 -0.02259  9.90460e-03
 40  0.19864  1.55754e-01 | 41  0.17813  3.95569e-01 | 42  0.21635 -2.81635e+02
 43  0.20251  2.53943e+00 | 44 -0.26474 -3.31162e+00 | 45  0.01147  1.31661e+00
 46 -0.30909 -1.46512e+03 | 47 -0.43452  1.55740e-03 | 48 -0.25583 -2.78929e-02
 49 -0.36199 -1.55539e+01 |

Intermediate statistics: 49 variables; iteration 20; function evaluation 33; phase 3
Function value 1.4540132e+02; maximum gradient component mag -4.9511e+02
Var    Value     Gradient |Var    Value     Gradient |Var    Value     Gradient
  1  0.08915 -2.61050e+02 |  2 -0.01687 -7.61596e-02 |  3 -0.04660 -3.00881e-01
  4  0.03163  1.89714e+00 |  5 -0.01727  7.31630e+00 |  6  0.03827  7.26459e+00
  7  0.01173  3.02881e+00 |  8 -0.04224  4.94378e+00 |  9 -0.01850  8.08390e+00
 10 -0.01108  5.01513e-01 | 11  0.05897  7.06455e+00 | 12  0.03095  1.03314e+01
 13  0.06009  2.42591e+01 | 14  0.01047  6.40019e+00 | 15  0.00047 -3.77713e+00
 16  0.05043  1.30400e+01 | 17  0.00602  1.10334e+01 | 18 -0.07465 -2.12961e+01
 19 -0.03113 -3.95661e+00 | 20 -0.05273 -2.34071e+01 | 21  0.05483  1.71293e+01
 22  0.06089 -2.85782e+00 | 23 -0.03584 -1.58958e+01 | 24 -0.01277  4.62252e+00
 25 -0.12264 -2.35032e+00 | 26 -0.02635  1.73555e+00 | 27 -0.02917  5.07020e+00
 28 -0.01244  4.56650e+01 | 29  0.01093 -8.49491e+00 | 30 -0.02331 -2.04071e+00
 31  0.06562  3.26366e+01 | 32 -0.00710 -1.90074e+01 | 33  0.09426 -1.64775e+01
 34  0.02652  3.37807e+01 | 35  0.05052 -5.58647e+00 | 36 -0.00890 -1.12664e+01
 37 -0.05875  8.06433e+00 | 38 -0.02899 -7.21191e+01 | 39 -0.01532  2.84868e+01
 40  0.21427 -4.95111e+02 | 41  0.22389  2.97794e+02 | 42  0.23576 -3.46664e+02
 43  0.21972 -8.68822e+01 | 44 -0.29102 -1.08312e+02 | 45 -0.07444  3.63843e+01
 46 -0.25263 -1.78668e+02 | 47 -0.41163  1.37434e+02 | 48 -0.30204 -4.43109e+02
 49 -0.47089  1.97805e+02 |
49 variables; iteration 40; function evaluation 58; phase 3
Function value 1.4318388e+02; maximum gradient component mag -3.0560e+02
Var    Value     Gradient |Var    Value     Gradient |Var    Value     Gradient
  1  0.08530 -2.24412e+02 |  2 -0.01331  7.24013e-01 |  3 -0.06365 -4.50023e+00
  4  0.02729  1.74899e+00 |  5 -0.02546  1.28755e+00 |  6  0.03514  3.59633e+00
  7  0.01629  5.64791e+00 |  8 -0.03498  7.28757e+00 |  9 -0.01119  1.11065e+01
 10 -0.00864  1.75751e+00 | 11  0.05109  8.82894e-01 | 12  0.02386  8.51673e+00
 13  0.04475  6.97829e+00 | 14  0.00404 -1.29332e+00 | 15  0.00017  2.81071e-01
 16  0.04487  3.41174e+00 | 17 -0.00218 -4.06461e+00 | 18 -0.06107 -4.26536e+00
 19 -0.03134 -8.95306e+00 | 20 -0.05161 -1.74354e+01 | 21  0.04877  1.80241e+00
 22  0.05973 -3.95657e+00 | 23 -0.02885 -3.20119e+00 | 24 -0.01434 -1.77521e+00
 25 -0.11607  4.15103e+00 | 26 -0.02174  1.30782e+01 | 27 -0.03608 -4.35335e+00
 28 -0.02228  1.43390e+01 | 29  0.01692  3.56838e+00 | 30 -0.02076 -4.20712e+00
 31  0.06614  1.56787e+01 | 32 -0.00471 -5.43754e+00 | 33  0.10586  5.64422e+01
 34  0.02778 -1.04531e+01 | 35  0.05508  1.83999e+01 | 36 -0.00813 -5.01958e+01
 37 -0.05554  8.51953e+00 | 38 -0.02321 -7.43505e+00 | 39 -0.02053  2.11783e+00
 40  0.21692 -3.05602e+02 | 41  0.22516  9.67058e+01 | 42  0.23918 -1.79072e+02
 43  0.22109 -1.06094e+02 | 44 -0.28781 -1.80126e+02 | 45 -0.06528  6.08280e+01
 46 -0.25282 -5.63231e+01 | 47 -0.41523  4.52863e+01 | 48 -0.29549  7.58458e+01
 49 -0.45647 -3.45459e+01 |
49 variables; iteration 60; function evaluation 88; phase 3
Function value 1.4140039e+02; maximum gradient component mag -1.8119e+00
Var    Value     Gradient |Var    Value     Gradient |Var    Value     Gradient
  1  0.07745  7.16438e-01 |  2 -0.01669  4.16109e-04 |  3 -0.04626 -2.38207e-04
  4  0.02892 -5.84626e-03 |  5 -0.01952 -1.15552e-02 |  6  0.03666 -1.18056e-02
  7  0.01246 -1.51153e-02 |  8 -0.04248 -1.52507e-02 |  9 -0.01998 -9.87281e-03
 10 -0.00816 -1.63922e-02 | 11  0.05640 -1.19629e-02 | 12  0.02360 -1.37767e-02
 13  0.04685 -3.01475e-03 | 14  0.00840 -6.21036e-03 | 15  0.00488 -1.73413e-02
 16  0.04626 -6.83926e-04 | 17  0.00421 -3.71996e-03 | 18 -0.05550 -1.48271e-02
 19 -0.02608 -1.12086e-02 | 20 -0.04730 -5.39666e-03 | 21  0.04679 -9.81973e-03
 22  0.05929 -7.03612e-03 | 23 -0.03064 -1.34998e-02 | 24 -0.01408 -9.88849e-03
 25 -0.11769 -1.24193e-02 | 26 -0.02755 -6.13829e-03 | 27 -0.03165 -1.05311e-02
 28 -0.02533  2.14415e-02 | 29  0.01745  6.41588e-02 | 30 -0.02188  4.34412e-02
 31  0.05980 -8.20715e-03 | 32 -0.00768 -1.19895e-02 | 33  0.09173 -5.81636e-02
 34  0.02440 -1.60391e-02 | 35  0.05401 -8.11548e-04 | 36 -0.00097  4.86337e-02
 37 -0.05182  3.82146e-02 | 38 -0.02122  6.73016e-02 | 39 -0.02382 -2.18420e-02
 40  0.22250  2.23405e-01 | 41  0.23024  5.49310e-02 | 42  0.24711  1.68486e-01
 43  0.22889  2.14220e-01 | 44 -0.28583 -1.81194e+00 | 45 -0.06109  6.26059e-01
 46 -0.25329  3.81567e-02 | 47 -0.41693 -4.98459e-02 | 48 -0.29914 -4.54323e-01
 49 -0.46576  2.13591e-01 |
49 variables; iteration 80; function evaluation 110; phase 3
Function value 1.4140003e+02; maximum gradient component mag -2.6218e+01
Var    Value     Gradient |Var    Value     Gradient |Var    Value     Gradient
  1  0.07748 -1.51726e+00 |  2 -0.01669  5.30874e-04 |  3 -0.04626  3.31690e-03
  4  0.02890  4.82319e-03 |  5 -0.01953  2.63634e-02 |  6  0.03665  2.09709e-02
  7  0.01247  2.04943e-02 |  8 -0.04248  1.98343e-02 |  9 -0.01998  1.98088e-02
 10 -0.00814  2.67486e-02 | 11  0.05639  2.16085e-02 | 12  0.02357  1.92111e-02
 13  0.04681  8.29691e-03 | 14  0.00839  1.34355e-02 | 15  0.00489  2.81414e-02
 16  0.04624  6.67518e-03 | 17  0.00419  8.11444e-03 | 18 -0.05548  3.30507e-02
 19 -0.02607  6.19869e-03 | 20 -0.04729  3.08875e-02 | 21  0.04680 -1.93525e-02
 22  0.05930 -5.62317e-06 | 23 -0.03062  2.38649e-02 | 24 -0.01408  3.39093e-03
 25 -0.11769  2.52764e-02 | 26 -0.02756  1.08058e-02 | 27 -0.03167  1.48453e-02
 28 -0.02534 -6.18725e-02 | 29  0.01746 -2.30937e-01 | 30 -0.02187  3.65904e-02
 31  0.05981 -8.72051e-02 | 32 -0.00768  7.60807e-02 | 33  0.09180 -1.29961e-01
 34  0.02443  1.98159e-02 | 35  0.05402 -6.10950e-02 | 36 -0.00098 -3.26205e-02
 37 -0.05183 -1.44419e-03 | 38 -0.02123 -7.35433e-02 | 39 -0.02383  1.20517e-01
 40  0.22247 -3.93172e-01 | 41  0.23026 -2.95638e-01 | 42  0.24708 -8.20224e-02
 43  0.22885  2.29627e-01 | 44 -0.27842  3.55670e+00 | 45 -0.03966 -1.22741e+00
 46 -0.24361 -9.06710e-01 | 47 -0.40516  6.97825e-01 | 48 -0.29449 -2.62182e+01
 49 -0.45607  1.26450e+01 |
49 variables; iteration 100; function evaluation 132; phase 3
Function value 1.4139479e+02; maximum gradient component mag -2.5698e+01
Var    Value     Gradient |Var    Value     Gradient |Var    Value     Gradient
  1  0.07745 -7.74519e+00 |  2 -0.01671 -5.19174e-03 |  3 -0.04621  6.21126e-03
  4  0.02902  1.69771e-02 |  5 -0.01946  1.09968e-01 |  6  0.03671  1.20078e-01
  7  0.01250  1.13949e-01 |  8 -0.04245  1.09190e-01 |  9 -0.01996  1.15028e-01
 10 -0.00813  1.09698e-01 | 11  0.05644  1.30853e-01 | 12  0.02363  1.22722e-01
 13  0.04688  1.42599e-01 | 14  0.00843  1.58593e-01 | 15  0.00490  1.08330e-01
 16  0.04629  1.65372e-01 | 17  0.00423  1.40263e-01 | 18 -0.05552  3.37211e-02
 19 -0.02605 -6.87059e-02 | 20 -0.04728  6.96390e-02 | 21  0.04676 -1.84454e-02
 22  0.05933 -2.81453e-02 | 23 -0.03072  9.21153e-02 | 24 -0.01429 -5.24649e-02
 25 -0.11794 -4.56347e-03 | 26 -0.02766  1.24634e-01 | 27 -0.03212  9.26468e-02
 28 -0.02516  2.22989e-02 | 29  0.01756 -1.22890e-01 | 30 -0.02185 -3.66150e-01
 31  0.05980 -1.17118e-01 | 32 -0.00770  1.44014e-01 | 33  0.09197 -2.05240e-01
 34  0.02443 -1.93178e-01 | 35  0.05403 -1.99134e-01 | 36 -0.00096 -2.53783e-01
 37 -0.05183 -2.06475e-01 | 38 -0.02118 -4.46422e-01 | 39 -0.02379  2.52045e-01
 40  0.22250  1.50055e+00 | 41  0.23201 -1.00182e+01 | 42  0.24711  1.92551e-01
 43  0.22885  1.53261e-01 | 44 -0.26476 -6.58208e+00 | 45  0.00012  2.29283e+00
 46 -0.20619  4.48486e+00 | 47 -0.36301 -3.33220e+00 | 48 -0.28153 -2.56981e+01
 49 -0.42952  1.25982e+01 |
49 variables; iteration 120; function evaluation 152; phase 3
Function value 1.4139338e+02; maximum gradient component mag -1.6173e+00
Var    Value     Gradient |Var    Value     Gradient |Var    Value     Gradient
  1  0.07733 -1.45280e-01 |  2 -0.01669 -1.89966e-04 |  3 -0.04627 -2.12734e-03
  4  0.02892 -2.12382e-03 |  5 -0.01952 -3.40868e-03 |  6  0.03665 -1.87241e-03
  7  0.01245  1.87678e-03 |  8 -0.04250  2.11743e-03 |  9 -0.01999 -3.49583e-04
 10 -0.00817  6.30772e-04 | 11  0.05643 -2.78985e-03 | 12  0.02365 -3.85331e-03
 13  0.04693 -6.92811e-03 | 14  0.00843 -3.79780e-03 | 15  0.00489  2.85743e-03
 16  0.04631 -9.25272e-03 | 17  0.00428 -7.18731e-03 | 18 -0.05545  8.71540e-03
 19 -0.02600  4.06073e-03 | 20 -0.04725  5.95760e-03 | 21  0.04676 -2.34433e-03
 22  0.05936  2.31284e-03 | 23 -0.03077  2.33209e-03 | 24 -0.01429  1.13779e-03
 25 -0.11796  3.13810e-03 | 26 -0.02771 -1.37798e-02 | 27 -0.03216  1.11800e-03
 28 -0.02513 -4.18632e-02 | 29  0.01754 -7.36405e-02 | 30 -0.02184  1.12893e-02
 31  0.05974 -8.37125e-03 | 32 -0.00768  2.35023e-02 | 33  0.09182 -4.95431e-03
 34  0.02441 -7.84324e-02 | 35  0.05406  1.53855e-02 | 36 -0.00088 -1.74139e-04
 37 -0.05172  2.46910e-02 | 38 -0.02109  6.25459e-02 | 39 -0.02378 -2.81480e-02
 40  0.22256  1.35772e-01 | 41  0.23221 -2.17342e-01 | 42  0.24719 -5.51632e-02
 43  0.22896  1.26165e-03 | 44 -0.27368 -1.44697e-01 | 45 -0.02594  5.22674e-02
 46 -0.20535 -1.23328e-02 | 47 -0.36193  1.13709e-01 | 48 -0.28164 -1.61730e+00
 49 -0.42982  6.98192e-01 |
49 variables; iteration 140; function evaluation 214; phase 3
Function value 1.3809342e+02; maximum gradient component mag -5.4889e+02
Var    Value     Gradient |Var    Value     Gradient |Var    Value     Gradient
  1  0.08119  1.64615e+01 |  2 -0.01755 -6.08711e-02 |  3 -0.04919 -2.99469e-01
  4  0.02320 -2.30878e+00 |  5 -0.02428 -7.86514e-01 |  6  0.03271 -7.34009e-01
  7  0.00960 -3.04520e-01 |  8 -0.04487 -3.40024e-01 |  9 -0.02209 -2.90701e-01
 10 -0.00944  3.57234e-02 | 11  0.05453  1.69696e-01 | 12  0.02114 -1.37727e-01
 13  0.04415 -3.28828e-01 | 14  0.00794 -7.24954e-01 | 15  0.00458 -6.85954e-01
 16  0.04573 -5.67418e-02 | 17  0.00283 -6.90244e-01 | 18 -0.05641 -1.20877e+00
 19 -0.02487  4.13053e+00 | 20 -0.04659 -1.40723e+00 | 21  0.04935  6.16255e+00
 22  0.06196  4.62252e+00 | 23 -0.02952 -1.89439e-01 | 24 -0.01295  4.83664e+00
 25 -0.11832  1.21298e+00 | 26 -0.02853 -1.20450e-01 | 27 -0.03514 -1.09408e+00
 28 -0.02444  9.62930e+00 | 29  0.02289 -6.45678e+00 | 30 -0.01911  1.73991e+00
 31  0.06424 -2.83825e+00 | 32 -0.01114  1.14861e+01 | 33  0.10240 -4.15947e+00
 34  0.02855  7.03717e+00 | 35  0.05697 -1.31486e+00 | 36  0.00054 -6.23519e+00
 37 -0.05135 -3.07866e+00 | 38 -0.02132 -7.50027e+00 | 39 -0.02928  6.14531e+00
 40  0.21990 -5.35530e+00 | 41  0.23411  2.72724e+02 | 42  0.24392 -5.16581e+00
 43  0.22769 -5.76341e+01 | 44 -0.29036  1.08055e+02 | 45 -0.07362 -3.70550e+01
 46 -0.18059 -5.64723e+01 | 47 -0.33888  1.43874e+01 | 48 -0.20865 -5.48885e+02
 49 -0.28987  3.15428e+02 |
49 variables; iteration 160; function evaluation 237; phase 3
Function value 1.2228329e+02; maximum gradient component mag -6.8976e+02
Var    Value     Gradient |Var    Value     Gradient |Var    Value     Gradient
  1  0.06005  5.36436e+01 |  2 -0.01574 -1.42041e-02 |  3 -0.04274 -1.16323e-02
  4  0.04518  2.01043e-02 |  5 -0.00633 -8.64957e-01 |  6  0.04573 -9.24176e-01
  7  0.01622 -6.74362e-01 |  8 -0.03812 -7.18813e-01 |  9 -0.01499 -7.61472e-01
 10 -0.00584 -7.11581e-01 | 11  0.06393 -7.72273e-01 | 12  0.03656 -8.03946e-01
 13  0.06196 -6.96726e-01 | 14  0.01382 -7.52165e-01 | 15  0.00728 -6.95732e-01
 16  0.05404 -7.40961e-01 | 17  0.01624 -6.82460e-01 | 18 -0.05001 -7.55046e-01
 19 -0.02666 -2.60897e-01 | 20 -0.04774 -1.20522e+00 | 21  0.03941  2.40426e-01
 22  0.05182 -5.16694e-02 | 23 -0.03709 -8.78570e-01 | 24 -0.01940 -2.39402e-01
 25 -0.11779 -6.69391e-01 | 26 -0.02386 -9.46284e-01 | 27 -0.03276 -7.22240e-01
 28 -0.03819 -9.73228e-02 | 29  0.02357 -3.98979e+00 | 30 -0.02573 -6.56848e+00
 31  0.04808 -2.72040e-01 | 32 -0.02935 -1.96223e+00 | 33  0.06336  3.03390e+00
 34  0.00800 -1.28280e+00 | 35  0.04985  3.61304e+00 | 36  0.00550  5.02743e+00
 37 -0.04098  6.11599e+00 | 38 -0.01150  1.55519e+01 | 39 -0.03935 -3.87452e+00
 40  0.23346  3.56276e+00 | 41  0.24481  1.32139e+01 | 42  0.26184 -3.61246e+00
 43  0.27552  1.60738e+00 | 44 -0.20458 -6.89763e+02 | 45  0.17886  2.35302e+02
 46 -0.30515  1.70307e+02 | 47 -0.48195 -1.38379e+02 | 48 -0.08670  2.39107e+00
 49 -0.22603 -1.53621e+01 |
49 variables; iteration 180; function evaluation 258; phase 3
Function value 1.1793063e+02; maximum gradient component mag -3.5758e+02
Var    Value     Gradient |Var    Value     Gradient |Var    Value     Gradient
  1  0.05737  8.20902e+01 |  2 -0.01817 -2.96812e-02 |  3 -0.05124 -2.11521e-01
  4  0.03565  8.04134e-01 |  5 -0.01322 -7.23088e-01 |  6  0.03723 -7.80310e-01
  7  0.00595 -1.40846e+00 |  8 -0.04640 -9.35266e-01 |  9 -0.02173 -1.02001e+00
 10 -0.01194 -1.24057e+00 | 11  0.06039 -1.47829e+00 | 12  0.03598 -1.01822e+00
 13  0.06277 -1.19993e+00 | 14  0.01362 -9.83446e-01 | 15  0.00617 -9.37657e-01
 16  0.05560 -1.64466e+00 | 17  0.01772 -1.48306e+00 | 18 -0.04910 -1.15976e+00
 19 -0.02444 -3.77565e+00 | 20 -0.04621 -1.48596e+00 | 21  0.04060 -4.54027e+00
 22  0.05292 -4.08539e+00 | 23 -0.03676 -9.65255e-01 | 24 -0.01822 -3.62978e+00
 25 -0.11726 -1.53407e+00 | 26 -0.02352 -2.80252e-01 | 27 -0.03207  3.05339e-01
 28 -0.03337 -8.08387e-01 | 29  0.02746  1.06192e+01 | 30 -0.02212  6.27999e+00
 31  0.04930  2.91445e+00 | 32 -0.02905 -4.89412e+00 | 33  0.06207  6.21991e+00
 34  0.00897  1.14131e+00 | 35  0.05234  5.14310e+00 | 36  0.00921  4.95629e+00
 37 -0.03580  4.05966e+00 | 38 -0.00586 -2.50174e+00 | 39 -0.03159 -2.20957e-01
 40  0.23449 -5.76827e+00 | 41  0.24743 -8.86276e+01 | 42  0.26333 -3.67491e+00
 43  0.28233 -7.97819e+00 | 44 -0.18492 -3.57579e+02 | 45  0.20941  1.18666e+02
 46 -0.19591 -6.79637e+01 | 47 -0.34817  7.93101e+01 | 48 -0.06926  2.36732e+01
 49 -0.22265 -3.97015e+01 |
49 variables; iteration 200; function evaluation 281; phase 3
Function value 1.1534225e+02; maximum gradient component mag -2.4966e+01
Var    Value     Gradient |Var    Value     Gradient |Var    Value     Gradient
  1  0.05474 -6.08389e+00 |  2 -0.02061  4.27546e-03 |  3 -0.05856 -2.81108e-03
  4  0.02353  9.29249e-02 |  5 -0.02218  2.42724e-01 |  6  0.02700  2.73812e-01
  7 -0.00622  7.65424e-02 |  8 -0.05760  8.79685e-02 |  9 -0.03018  7.76163e-02
 10 -0.01797  1.05059e-01 | 11  0.06055  6.80747e-02 | 12  0.04137  1.26250e-02
 13  0.07631 -3.91211e-01 | 14  0.01364  9.95188e-02 | 15  0.00571  1.04583e-01
 16  0.05737  1.61955e-01 | 17  0.01875  2.19387e-01 | 18 -0.05077  1.28467e-01
 19 -0.02628 -7.36555e-02 | 20 -0.04513  1.33746e-01 | 21  0.03847 -2.03452e-01
 22  0.05182 -1.21145e-01 | 23 -0.03614  8.41752e-02 | 24 -0.01895 -1.15304e-01
 25 -0.11698 -2.53622e-02 | 26 -0.02224 -2.67967e-01 | 27 -0.03330 -1.31383e-01
 28 -0.03088 -9.14354e-01 | 29  0.03100 -4.78675e+00 | 30 -0.01964 -2.46745e-01
 31  0.04939  9.30323e-02 | 32 -0.03009 -5.89413e-01 | 33  0.06039  6.90313e-01
 34  0.00959  1.85544e-01 | 35  0.05455  1.91687e-01 | 36  0.01361  1.00481e+00
 37 -0.02912  1.87330e+00 | 38  0.00205  1.96965e+00 | 39 -0.01813  6.84775e-02
 40  0.23570 -4.42408e-01 | 41  0.24805 -6.32657e+00 | 42  0.26467 -7.98452e-01
 43  0.28913 -1.92301e+00 | 44 -0.17132  2.71018e+00 | 45  0.21792 -1.33474e+00
 46 -0.21939 -2.49659e+01 | 47 -0.38033  2.09537e+01 | 48 -0.05253  2.13389e+00
 49 -0.21971 -1.33581e+00 |
49 variables; iteration 220; function evaluation 303; phase 3
Function value 1.1506479e+02; maximum gradient component mag -9.8375e+01
Var    Value     Gradient |Var    Value     Gradient |Var    Value     Gradient
  1  0.05451 -5.81999e+01 |  2 -0.02051  2.91836e-03 |  3 -0.05831 -2.02079e-02
  4  0.02392  1.12938e-01 |  5 -0.02190  9.17743e-01 |  6  0.02728  9.08343e-01
  7 -0.00592  8.32930e-01 |  8 -0.05731  8.87209e-01 |  9 -0.02990  8.66610e-01
 10 -0.01778  8.76571e-01 | 11  0.06079  8.51489e-01 | 12  0.04166  9.96836e-01
 13  0.07658  1.28669e+00 | 14  0.01394  1.32972e+00 | 15  0.00585  8.43657e-01
 16  0.05747  6.31819e-01 | 17  0.01890  3.96584e-01 | 18 -0.05076  6.38558e-02
 19 -0.02640 -2.73346e+00 | 20 -0.04501  2.79566e-01 | 21  0.03760 -2.58923e+00
 22  0.05139 -1.88833e+00 | 23 -0.03670  6.25866e-01 | 24 -0.02017 -1.64449e+00
 25 -0.11781 -1.61898e-01 | 26 -0.02170  7.89720e-01 | 27 -0.03433  5.24651e-01
 28 -0.03082 -3.16745e+00 | 29  0.03133 -6.76897e+00 | 30 -0.01953 -2.82789e+00
 31  0.04929 -8.66439e-01 | 32 -0.03032 -2.11557e+00 | 33  0.06051  5.29227e-02
 34  0.00943 -1.46053e-01 | 35  0.05458 -1.64473e-01 | 36  0.01390  4.05058e+00
 37 -0.02875  6.95456e+00 | 38  0.00230  3.95287e-01 | 39 -0.01792  1.67292e-02
 40  0.23587 -1.68419e+00 | 41  0.25772 -9.83751e+01 | 42  0.26485 -1.98810e+00
 43  0.28951 -3.44772e+00 | 44 -0.17181 -1.21561e+01 | 45  0.21699  2.13294e+00
 46 -0.15737  1.64506e+01 | 47 -0.32618  7.13775e+00 | 48 -0.05195  6.34212e+00
 49 -0.21983 -7.06962e+00 |

 - final statistics:
49 variables; iteration 235; function evaluation 319
Function value 1.1499e+02; maximum gradient component mag 4.7104e-05
Exit code = 1;  converg criter 1.0000e-04
Var    Value     Gradient |Var    Value     Gradient |Var    Value     Gradient
  1  0.05445  4.71044e-05 |  2 -0.02057  1.10592e-08 |  3 -0.05837 -4.60577e-08
  4  0.02370 -7.90418e-07 |  5 -0.02207 -1.50362e-06 |  6  0.02708 -1.34824e-06
  7 -0.00615 -5.21051e-07 |  8 -0.05756 -7.42722e-07 |  9 -0.03009 -7.13993e-07
 10 -0.01795 -6.24607e-07 | 11  0.06079 -5.05402e-07 | 12  0.04175 -5.93146e-07
 13  0.07694 -2.80693e-08 | 14  0.01370 -9.29847e-07 | 15  0.00577 -7.90476e-07
 16  0.05755 -1.15762e-06 | 17  0.01900 -2.05944e-06 | 18 -0.05078 -2.73894e-06
 19 -0.02609  2.11354e-06 | 20 -0.04494  5.05558e-06 | 21  0.03736 -2.52939e-06
 22  0.05146 -3.48179e-06 | 23 -0.03721 -4.18047e-06 | 24 -0.02083 -6.20708e-06
 25 -0.11834 -4.99415e-06 | 26 -0.02125 -1.13716e-07 | 27 -0.03498 -1.64695e-06
 28 -0.03030 -9.98418e-07 | 29  0.03168 -6.38875e-06 | 30 -0.01925  9.24688e-06
 31  0.04924  3.33398e-06 | 32 -0.03021  7.87895e-06 | 33  0.06074  1.21778e-06
 34  0.00950 -9.18806e-08 | 35  0.05470  7.12541e-06 | 36  0.01399  1.10326e-05
 37 -0.02873  4.44004e-07 | 38  0.00255  1.39256e-06 | 39 -0.01733 -2.17301e-06
 40  0.23591 -6.06441e-07 | 41  0.26254  1.82698e-06 | 42  0.26486  1.70190e-05
 43  0.28938  2.48894e-05 | 44 -0.17152 -1.83811e-05 | 45  0.21740  6.93542e-06
 46 -0.14249 -1.04920e-06 | 47 -0.31890 -3.34634e-06 | 48 -0.05237 -3.81323e-06
 49 -0.21988  1.18109e-05 |
Estimating row 1 out of 49 for hessian
Estimating row 2 out of 49 for hessian
Estimating row 3 out of 49 for hessian
Estimating row 4 out of 49 for hessian
Estimating row 5 out of 49 for hessian
Estimating row 6 out of 49 for hessian
Estimating row 7 out of 49 for hessian
Estimating row 8 out of 49 for hessian
Estimating row 9 out of 49 for hessian
Estimating row 10 out of 49 for hessian
Estimating row 11 out of 49 for hessian
Estimating row 12 out of 49 for hessian
Estimating row 13 out of 49 for hessian
Estimating row 14 out of 49 for hessian
Estimating row 15 out of 49 for hessian
Estimating row 16 out of 49 for hessian
Estimating row 17 out of 49 for hessian
Estimating row 18 out of 49 for hessian
Estimating row 19 out of 49 for hessian
Estimating row 20 out of 49 for hessian
Estimating row 21 out of 49 for hessian
Estimating row 22 out of 49 for hessian
Estimating row 23 out of 49 for hessian
Estimating row 24 out of 49 for hessian
Estimating row 25 out of 49 for hessian
Estimating row 26 out of 49 for hessian
Estimating row 27 out of 49 for hessian
Estimating row 28 out of 49 for hessian
Estimating row 29 out of 49 for hessian
Estimating row 30 out of 49 for hessian
Estimating row 31 out of 49 for hessian
Estimating row 32 out of 49 for hessian
Estimating row 33 out of 49 for hessian
Estimating row 34 out of 49 for hessian
Estimating row 35 out of 49 for hessian
Estimating row 36 out of 49 for hessian
Estimating row 37 out of 49 for hessian
Estimating row 38 out of 49 for hessian
Estimating row 39 out of 49 for hessian
Estimating row 40 out of 49 for hessian
Estimating row 41 out of 49 for hessian
Estimating row 42 out of 49 for hessian
Estimating row 43 out of 49 for hessian
Estimating row 44 out of 49 for hessian
Estimating row 45 out of 49 for hessian
Estimating row 46 out of 49 for hessian
Estimating row 47 out of 49 for hessian
Estimating row 48 out of 49 for hessian
Estimating row 49 out of 49 for hessian
size of file gradfil1.tmp = 0
size of file gradfil2.tmp = 0
size of file varssave.tmp = 0
size of file cmpdiff.tmp = 0
