
Initial statistics: 2 variables; iteration 0; function evaluation 0; phase 1
Function value 5.2209379e+03; maximum gradient component mag 3.0984e+04
Var    Value     Gradient |Var    Value     Gradient |Var    Value     Gradient
  1  0.33333  3.09842e+04 |  2  0.21635  1.44512e+04 |

 - final statistics:
2 variables; iteration 8; function evaluation 14
Function value 8.0998e+02; maximum gradient component mag 9.2796e-01
Exit code = 1;  converg criter 1.0000e+01
Var    Value     Gradient |Var    Value     Gradient |Var    Value     Gradient
  1  0.09634 -4.54122e-01 |  2  0.19490  9.27955e-01 |

Initial statistics: 45 variables; iteration 0; function evaluation 0; phase 2
Function value 8.0997797e+02; maximum gradient component mag -6.2144e+03
Var    Value     Gradient |Var    Value     Gradient |Var    Value     Gradient
  1  0.09634 -4.54122e-01 |  2  0.00000  2.75549e+00 |  3  0.00000  9.80204e+00
  4  0.00000 -7.95367e+01 |  5  0.00000  2.38507e+01 |  6  0.00000 -5.22718e+01
  7  0.00000 -2.61462e+01 |  8  0.00000  2.77924e+01 |  9  0.00000 -1.77276e-01
 10  0.00000  7.89025e+00 | 11  0.00000 -4.50363e+01 | 12  0.00000  6.20168e+00
 13  0.00000 -2.82401e+01 | 14  0.00000 -1.18135e+00 | 15  0.00000 -5.05977e-01
 16  0.00000 -3.84896e+01 | 17  0.00000  1.00903e+01 | 18  0.00000  7.42247e+01
 19  0.00000  1.61912e+01 | 20  0.00000  6.67844e+01 | 21  0.00000 -8.46696e+01
 22  0.00000 -9.46020e+01 | 23  0.00000  9.62446e+01 | 24  0.00000  2.11935e+01
 25  0.00000  2.60030e+02 | 26  0.00000  8.48357e+01 | 27  0.00000 -5.12121e+00
 28  0.00000  2.57640e+00 | 29  0.00000 -3.59416e+02 | 30  0.00000  3.82848e+02
 31  0.00000 -6.26343e+02 | 32  0.00000  5.18177e+02 | 33  0.00000 -8.56873e+02
 34  0.00000  2.96758e+02 | 35  0.00000 -4.66886e+02 | 36  0.00000  5.12060e+01
 37  0.00000  4.05072e+02 | 38  0.00000 -2.72621e+01 | 39  0.00000  3.61255e+02
 40  0.21635  1.56898e+03 | 41  0.21635  4.33784e+03 | 42  0.19490  9.27955e-01
 43 -0.30909 -2.69343e+03 | 44  0.12819  9.84179e+00 | 45 -0.30909 -6.21442e+03

Intermediate statistics: 45 variables; iteration 20; function evaluation 30; phase 2
Function value 2.4518770e+02; maximum gradient component mag 4.5495e+03
Var    Value     Gradient |Var    Value     Gradient |Var    Value     Gradient
  1  0.09935  2.09203e+03 |  2 -0.02366 -4.43993e-01 |  3 -0.06781 -3.67254e+00
  4  0.03073  9.06824e+00 |  5 -0.01943 -2.75466e+01 |  6  0.04251 -2.03957e+01
  7  0.01831 -2.55659e+01 |  8 -0.04047 -3.09702e+01 |  9 -0.01808 -2.70577e+01
 10 -0.00604 -3.00282e+01 | 11  0.05717 -2.03791e+01 | 12  0.01719 -2.47737e+01
 13  0.03566 -1.63166e+01 | 14  0.00686 -8.62562e+00 | 15  0.00856 -2.07115e+01
 16  0.04235  2.69443e+00 | 17 -0.00214 -6.93144e+00 | 18 -0.04218 -1.43499e+01
 19  0.02798  3.70131e+00 | 20 -0.02642 -2.01790e+01 | 21  0.10544  4.86071e+01
 22  0.09931  2.75564e+01 | 23 -0.02529 -3.58152e+00 | 24 -0.00191 -1.45623e-01
 25 -0.12509 -2.35804e+01 | 26 -0.04047 -3.20606e+01 | 27 -0.02734 -1.01767e+01
 28 -0.02785  4.16974e+00 | 29 -0.01761  7.76568e+01 | 30 -0.01633  2.28017e+02
 31  0.04868 -1.03838e+02 | 32  0.01303 -8.40498e+00 | 33  0.06270  1.06532e+02
 34  0.00915  1.18333e+02 | 35  0.02038 -1.00075e+02 | 36 -0.02555  8.54121e+01
 37 -0.06349  1.77754e+02 | 38 -0.04441 -4.97678e+01 | 39 -0.04260 -1.68128e+02
 40  0.21360  1.60527e+03 | 41  0.19400  9.54488e+02 | 42  0.21862  1.97173e+01
 43 -0.22364  1.28610e+02 | 44  0.13663 -1.95038e+01 | 45 -0.24085  4.54952e+03
45 variables; iteration 40; function evaluation 56; phase 2
Function value 1.9916361e+02; maximum gradient component mag 3.5217e+02
Var    Value     Gradient |Var    Value     Gradient |Var    Value     Gradient
  1  0.10827  3.52173e+02 |  2  0.00992  8.46931e+00 |  3 -0.08747 -3.53945e+00
  4 -0.03303 -2.28986e+01 |  5 -0.06297 -6.97313e+00 |  6 -0.01231 -2.29331e+01
  7 -0.01870 -1.43200e+01 |  8 -0.04571  8.21325e+00 |  9 -0.03860 -1.17578e+01
 10 -0.02450 -4.32837e+00 | 11  0.01744 -1.51757e+01 | 12 -0.02077 -1.55581e+01
 13 -0.00350 -3.11170e+01 | 14  0.00315 -1.10628e+01 | 15  0.01150 -2.55033e+00
 16  0.04963  1.32321e+00 | 17  0.01591  7.61905e+00 | 18 -0.01340  1.60286e+01
 19  0.02539 -1.10645e+01 | 20 -0.02801 -1.48846e+01 | 21  0.10096  2.37921e+00
 22  0.09961  8.70941e+00 | 23 -0.02932 -1.41753e+01 | 24 -0.00502 -2.79372e+01
 25 -0.09831  4.43601e+00 | 26 -0.02441  2.38994e+01 | 27 -0.03740 -2.57848e+01
 28 -0.00640  1.42687e+01 | 29  0.00641  1.11257e+01 | 30 -0.01098  4.85397e+01
 31  0.07855 -5.14456e-01 | 32  0.01716  3.17134e+01 | 33  0.09584 -4.84924e+00
 34  0.02351  3.20366e+01 | 35  0.04922  1.61356e+01 | 36 -0.01127  1.31177e+01
 37 -0.05938  1.95068e+01 | 38 -0.02296 -4.83140e+00 | 39 -0.02001 -3.52322e+01
 40  0.20013  6.38057e+01 | 41  0.18178  2.24049e+02 | 42  0.20315  1.23583e+02
 43 -0.23240  3.77705e+01 | 44  0.12020  1.46617e+00 | 45 -0.25914  2.50912e+02

 - final statistics:
45 variables; iteration 58; function evaluation 79
Function value 1.9428e+02; maximum gradient component mag 2.8394e+00
Exit code = 1;  converg criter 1.0000e+01
Var    Value     Gradient |Var    Value     Gradient |Var    Value     Gradient
  1  0.11083  1.86076e+00 |  2 -0.02151  4.17936e-03 |  3 -0.05550 -2.15938e-03
  4  0.02013 -2.87975e-02 |  5 -0.02585 -4.25062e-02 |  6  0.03260 -1.29092e-01
  7  0.01430  1.29814e-02 |  8 -0.03832  1.45811e-02 |  9 -0.01896 -8.17329e-02
 10 -0.00654 -5.04380e-02 | 11  0.04587  3.30776e-02 | 12  0.00805 -9.77330e-02
 13  0.02642 -1.37845e-01 | 14  0.00350 -2.26014e-01 | 15  0.00640  1.20284e-01
 16  0.03732 -3.48041e-03 | 17 -0.00271 -1.19943e-02 | 18 -0.03918 -6.40648e-02
 19  0.02139 -1.74642e-02 | 20 -0.02912 -9.96622e-03 | 21  0.09010 -5.47109e-02
 22  0.08496 -1.22894e-02 | 23 -0.02830  2.98188e-03 | 24  0.00137 -6.17232e-02
 25 -0.11163  1.12949e-01 | 26 -0.04137  2.05004e-02 | 27 -0.02984 -3.88665e-02
 28 -0.02157  4.31455e-02 | 29 -0.00555 -1.19592e-01 | 30 -0.02962  3.70072e-01
 31  0.06412 -1.88821e-01 | 32 -0.00145  3.06659e-01 | 33  0.08553 -3.65555e-01
 34  0.00933  1.58846e-01 | 35  0.03803 -5.33277e-02 | 36 -0.02206  1.20831e-01
 37 -0.07010  1.83536e-01 | 38 -0.02790  5.35868e-02 | 39 -0.01907  8.49339e-02
 40  0.20115  5.35841e-01 | 41  0.18196  2.83942e+00 | 42  0.20374  1.55489e+00
 43 -0.26914  2.28945e+00 | 44  0.00269 -5.00674e-01 | 45 -0.25955 -1.86111e+00

Initial statistics: 49 variables; iteration 0; function evaluation 0; phase 3
Function value 1.9427665e+02; maximum gradient component mag -1.4159e+03
Var    Value     Gradient |Var    Value     Gradient |Var    Value     Gradient
  1  0.11083  1.86076e+00 |  2 -0.02151  4.17936e-03 |  3 -0.05550 -2.15938e-03
  4  0.02013 -2.87975e-02 |  5 -0.02584 -3.87889e-02 |  6  0.03260 -1.25377e-01
  7  0.01430  1.67008e-02 |  8 -0.03831  1.82948e-02 |  9 -0.01896 -7.80142e-02
 10 -0.00654 -4.67179e-02 | 11  0.04587  3.67883e-02 | 12  0.00805 -9.40129e-02
 13  0.02642 -1.34128e-01 | 14  0.00350 -2.22294e-01 | 15  0.00640  1.24005e-01
 16  0.03732  2.33565e-04 | 17 -0.00271 -8.27396e-03 | 18 -0.03918 -6.03514e-02
 19  0.02139 -1.37459e-02 | 20 -0.02912 -6.24974e-03 | 21  0.09010 -5.10277e-02
 22  0.08496 -8.60215e-03 | 23 -0.02830  6.69858e-03 | 24  0.00137 -5.80028e-02
 25 -0.11163  1.16613e-01 | 26 -0.04137  2.42130e-02 | 27 -0.02984 -3.51502e-02
 28 -0.02157  4.68637e-02 | 29 -0.00555 -1.15872e-01 | 30 -0.02962  3.73789e-01
 31  0.06412 -1.85119e-01 | 32 -0.00145  3.10379e-01 | 33  0.08553 -3.61869e-01
 34  0.00933  1.62566e-01 | 35  0.03803 -4.96140e-02 | 36 -0.02206  1.24549e-01
 37 -0.07010  1.87234e-01 | 38 -0.02790  5.73036e-02 | 39 -0.01907  8.86526e-02
 40  0.20115  5.35841e-01 | 41  0.18196  2.83942e+00 | 42  0.21635 -4.22048e+02
 43  0.20374  1.55489e+00 | 44 -0.26914  2.28945e+00 | 45  0.00269 -5.00674e-01
 46 -0.30909 -1.41588e+03 | 47 -0.43452  1.40860e-03 | 48 -0.25955 -1.86111e+00
 49 -0.36199 -8.68652e+00 |

Intermediate statistics: 49 variables; iteration 20; function evaluation 30; phase 3
Function value 1.4436633e+02; maximum gradient component mag -6.5494e+02
Var    Value     Gradient |Var    Value     Gradient |Var    Value     Gradient
  1  0.07750 -5.05307e+02 |  2 -0.02127 -8.58693e-02 |  3 -0.05444 -3.14121e-01
  4  0.02437 -9.82595e-01 |  5 -0.02238  8.94835e+00 |  6  0.03320  8.80384e+00
  7  0.01055  8.94920e+00 |  8 -0.04211  8.74681e+00 |  9 -0.02039  8.49075e+00
 10 -0.00865  8.61108e+00 | 11  0.05222  8.37050e+00 | 12  0.02003  9.05849e+00
 13  0.04191  9.11839e+00 | 14  0.00761  8.36403e+00 | 15  0.00539  9.12557e+00
 16  0.04304  7.06824e+00 | 17  0.00081  7.85187e+00 | 18 -0.05666  7.78742e+00
 19 -0.02412  1.53221e+01 | 20 -0.04165  2.49531e+00 | 21  0.05051  2.12584e+01
 22  0.06068  1.35680e+01 | 23 -0.02812  4.71188e+00 | 24 -0.01381  1.98422e+01
 25 -0.11715  1.21733e+01 | 26 -0.02713 -2.84662e+00 | 27 -0.03387  9.09261e+00
 28 -0.02990  5.08938e+00 | 29  0.01339 -7.18648e+01 | 30 -0.02116  7.31663e+00
 31  0.06887  4.50426e+01 | 32 -0.00594  1.60552e+00 | 33  0.10022  4.27725e+01
 34  0.02248 -1.53476e+01 | 35  0.04848 -4.55127e+01 | 36 -0.01040 -7.24943e+01
 37 -0.05616 -2.33606e+01 | 38 -0.02149 -1.11811e+02 | 39  0.00295  6.89517e+01
 40  0.21858 -1.28652e+02 | 41  0.22852  5.88845e+02 | 42  0.23662 -4.30623e+02
 43  0.21794 -6.54941e+02 | 44 -0.26933 -1.81463e+02 | 45 -0.00433  5.78473e+01
 46 -0.25012 -1.92106e+02 | 47 -0.40894  1.47786e+02 | 48 -0.23184 -2.42934e+02
 49 -0.31954  1.28417e+02 |
49 variables; iteration 40; function evaluation 54; phase 3
Function value 1.3770314e+02; maximum gradient component mag -6.4925e+02
Var    Value     Gradient |Var    Value     Gradient |Var    Value     Gradient
  1  0.06354 -6.49248e+02 |  2 -0.05229 -5.99916e+00 |  3 -0.02885  8.44624e+00
  4  0.01718 -4.63065e+00 |  5 -0.03439  2.49629e+00 |  6  0.01731  1.90636e+00
  7 -0.00697  1.00420e+01 |  8 -0.06761 -1.74745e+00 |  9 -0.03120  8.59029e+00
 10 -0.01525  8.91401e+00 | 11  0.06005  1.58204e+01 | 12  0.02148  4.01208e+00
 13  0.04614  6.19989e-01 | 14  0.01175  4.46601e+00 | 15  0.01140  1.34455e+01
 16  0.05368  1.03005e+01 | 17  0.01190  9.82247e+00 | 18 -0.05471  1.44539e+00
 19 -0.02932 -1.13999e+01 | 20 -0.04067  5.13125e+00 | 21  0.04464 -9.75271e+00
 22  0.06138  3.78747e+00 | 23 -0.03234 -1.39078e+00 | 24 -0.01398  1.00619e-01
 25 -0.11813 -2.05915e+00 | 26 -0.02481  6.83901e-01 | 27 -0.03817 -2.13543e+00
 28 -0.02676 -1.28686e+01 | 29  0.02893 -2.58846e+01 | 30 -0.01573 -6.95812e-01
 31  0.06275 -2.46109e+01 | 32 -0.00732  2.44020e+01 | 33  0.09542 -2.40395e+01
 34  0.02933  1.42756e+01 | 35  0.05941 -1.88746e+01 | 36  0.00642 -2.09029e+01
 37 -0.04306 -1.82268e+01 | 38 -0.01028 -2.70247e+01 | 39 -0.01196  4.25173e+01
 40  0.22505 -2.09618e+02 | 41  0.23279 -2.08031e+02 | 42  0.24921 -9.36100e+01
 43  0.23235 -1.76154e+01 | 44 -0.28390 -1.59359e+02 | 45 -0.05337  5.35306e+01
 46 -0.25522  7.47828e+01 | 47 -0.41907 -6.07226e+01 | 48 -0.22710 -6.24460e+02
 49 -0.31816  3.14638e+02 |
49 variables; iteration 60; function evaluation 82; phase 3
Function value 1.2428788e+02; maximum gradient component mag -7.7864e+02
Var    Value     Gradient |Var    Value     Gradient |Var    Value     Gradient
  1  0.05162 -7.78638e+02 |  2 -0.03168 -2.44312e+00 |  3 -0.04309  1.53457e+00
  4  0.03408 -2.46144e+00 |  5 -0.01015  1.24460e+01 |  6  0.04698  1.97953e+01
  7  0.01237  1.17897e+01 |  8 -0.04346  1.24378e+01 |  9 -0.02654  1.58348e+00
 10 -0.00005  2.66076e+01 | 11  0.04740 -2.86542e-01 | 12  0.02331  4.84093e+00
 13  0.06413  1.92796e+01 | 14  0.01725  2.41505e+01 | 15 -0.00741 -2.27810e-01
 16  0.05129  4.48444e+00 | 17  0.01300  1.56779e+00 | 18 -0.04610  1.84216e+01
 19 -0.02317  1.85225e+01 | 20 -0.04688  7.23218e+00 | 21  0.04129  1.60571e+01
 22  0.05122  9.80438e+00 | 23 -0.03691  1.50428e+01 | 24 -0.02046  1.21424e+01
 25 -0.11505  1.67802e+01 | 26 -0.02481  6.62386e+00 | 27 -0.04081 -4.30604e+00
 28 -0.03124 -3.22743e+00 | 29  0.02730 -1.06758e+02 | 30 -0.02115 -1.71906e+01
 31  0.05073 -2.69421e+01 | 32 -0.02268  4.20869e+01 | 33  0.06817 -4.14356e+01
 34  0.01269  1.97841e+00 | 35  0.05347 -2.52767e+01 | 36  0.00950 -3.60039e+01
 37 -0.03613 -2.13689e+01 | 38 -0.00720 -5.20098e+01 | 39 -0.02982  4.34784e+01
 40  0.23476  8.15424e+01 | 41  0.24531  8.05239e+01 | 42  0.26225 -2.41845e+00
 43  0.26290 -1.83865e+01 | 44 -0.28178 -5.88948e+02 | 45 -0.04902  2.02572e+02
 46 -0.25078 -2.97961e+01 | 47 -0.41429  2.43259e+01 | 48 -0.13043 -3.71767e+02
 49 -0.23563  4.20930e+02 |
49 variables; iteration 80; function evaluation 106; phase 3
Function value 1.1833032e+02; maximum gradient component mag -5.0961e-01
Var    Value     Gradient |Var    Value     Gradient |Var    Value     Gradient
  1  0.04349  1.23980e-01 |  2 -0.02033 -1.21970e-03 |  3 -0.05163  2.72109e-03
  4  0.02937  1.87679e-02 |  5 -0.01605  2.24597e-02 |  6  0.03317  2.11625e-02
  7 -0.00119 -4.27268e-03 |  8 -0.05615 -4.52687e-03 |  9 -0.02939 -4.26446e-03
 10 -0.02033  4.71712e-03 | 11  0.05963 -1.52082e-03 | 12  0.03706  1.29142e-03
 13  0.06982 -2.86159e-04 | 14  0.01455 -1.53788e-03 | 15  0.00265 -1.77584e-03
 16  0.06099 -5.43180e-03 | 17  0.02432 -1.10441e-02 | 18 -0.04699  1.19137e-02
 19 -0.02451  2.21978e-02 | 20 -0.04261  2.72755e-02 | 21  0.03808 -8.12047e-03
 22  0.05178 -1.08554e-03 | 23 -0.04023 -3.23543e-04 | 24 -0.02030  4.16884e-03
 25 -0.11618  5.65718e-03 | 26 -0.02005  2.50973e-02 | 27 -0.03290  2.95567e-04
 28 -0.03225  7.96935e-02 | 29  0.03556  3.71545e-02 | 30 -0.01620 -1.84273e-01
 31  0.04809 -1.18772e-01 | 32 -0.02907 -8.07247e-02 | 33  0.05405  6.47305e-02
 34  0.00622  2.48983e-02 | 35  0.05299 -2.22284e-02 | 36  0.01614 -7.80974e-02
 37 -0.02622 -4.54426e-03 | 38  0.00175  1.50517e-01 | 39 -0.03652  2.56600e-02
 40  0.23917 -1.04189e-01 | 41  0.25172  6.36760e-02 | 42  0.26936 -6.23770e-02
 43  0.28688 -5.09606e-01 | 44 -0.28314 -3.14130e-01 | 45 -0.05900  1.16553e-01
 46 -0.24870 -3.37423e-02 | 47 -0.41363 -1.08424e-01 | 48 -0.07924  2.40993e-01
 49 -0.23046 -1.10506e-01 |
49 variables; iteration 100; function evaluation 138; phase 3
Function value 1.1811616e+02; maximum gradient component mag -1.4143e-01
Var    Value     Gradient |Var    Value     Gradient |Var    Value     Gradient
  1  0.04315 -1.41428e-01 |  2 -0.02033  8.75188e-05 |  3 -0.05163 -8.65882e-05
  4  0.02938  2.94711e-04 |  5 -0.01596  2.66604e-03 |  6  0.03317  1.88168e-03
  7 -0.00136  1.96415e-03 |  8 -0.05638  1.89883e-03 |  9 -0.02956  2.22193e-03
 10 -0.02057  1.71649e-03 | 11  0.05971  2.29774e-03 | 12  0.03730  2.69550e-03
 13  0.07028  3.56996e-03 | 14  0.01467  2.17940e-03 | 15  0.00265  2.16729e-03
 16  0.06126  1.23357e-03 | 17  0.02469  5.64471e-04 | 18 -0.04689  9.71698e-04
 19 -0.02403 -5.46705e-05 | 20 -0.04245  5.38603e-04 | 21  0.03740  9.70292e-04
 22  0.05173  1.17010e-03 | 23 -0.04132  2.07616e-03 | 24 -0.02168  9.31702e-04
 25 -0.11744  1.44600e-03 | 26 -0.02016  7.69472e-04 | 27 -0.03450  4.67019e-03
 28 -0.03153  1.73686e-03 | 29  0.03607 -5.80361e-03 | 30 -0.01579  3.14029e-04
 31  0.04803  6.71378e-04 | 32 -0.02913 -4.64866e-03 | 33  0.05412 -9.25333e-04
 34  0.00607  3.90514e-05 | 35  0.05314 -3.37520e-03 | 36  0.01658 -2.38012e-04
 37 -0.02572 -4.40188e-03 | 38  0.00251 -2.14118e-02 | 39 -0.03519 -2.84829e-03
 40  0.23939 -3.26223e-04 | 41  0.26303 -7.53731e-02 | 42  0.26966 -3.32268e-03
 43  0.28744  4.31664e-03 | 44 -0.27820  1.37124e-01 | 45 -0.04595 -5.31345e-02
 46 -0.15588  2.45404e-02 | 47 -0.32471 -8.61087e-03 | 48 -0.07834 -4.22050e-03
 49 -0.23056  3.08857e-03 |
49 variables; iteration 120; function evaluation 182; phase 3
Function value 1.1523099e+02; maximum gradient component mag 3.0703e+02
Var    Value     Gradient |Var    Value     Gradient |Var    Value     Gradient
  1  0.04478  3.07031e+02 |  2 -0.02325  8.06363e-02 |  3 -0.06221 -3.75643e-01
  4  0.02462 -1.60967e-01 |  5 -0.02099 -4.58337e+00 |  6  0.02541 -5.92302e+00
  7 -0.01016 -4.59605e+00 |  8 -0.06134 -4.50057e+00 |  9 -0.03340 -4.20247e+00
 10 -0.02395 -4.92048e+00 | 11  0.05644 -2.77491e+00 | 12  0.03793  1.58765e+00
 13  0.07024  2.22261e+01 | 14  0.01315 -9.54938e-01 | 15  0.00348 -4.06765e+00
 16  0.05823 -7.82714e+00 | 17  0.02042 -1.06625e+01 | 18 -0.04854 -6.63809e+00
 19 -0.02408 -4.16708e+00 | 20 -0.03970  3.20518e+00 | 21  0.03882 -8.31174e-01
 22  0.05120 -1.88337e+00 | 23 -0.03822 -2.72758e+00 | 24 -0.02086  6.76004e-01
 25 -0.11462  2.41867e+00 | 26 -0.01022  3.35437e+01 | 27 -0.03217 -2.27008e+00
 28 -0.03110 -3.04373e+00 | 29  0.03530  3.11446e+01 | 30 -0.01681  3.26498e+00
 31  0.04920 -2.64845e+00 | 32 -0.03043 -1.00737e+01 | 33  0.05682 -3.95903e+00
 34  0.00736 -3.23051e+00 | 35  0.05411 -3.77415e+00 | 36  0.01527 -3.76182e+00
 37 -0.02734 -8.22064e+00 | 38  0.00629  1.05151e+01 | 39 -0.01604  1.99116e+00
 40  0.23820 -3.22420e+00 | 41  0.26090  1.09980e+01 | 42  0.26666  1.13038e+01
 43  0.28885  1.84172e+01 | 44 -0.18266 -1.84675e+02 | 45  0.20527  5.22199e+01
 46 -0.15715 -3.92654e+00 | 47 -0.32548  3.20901e-01 | 48 -0.06204 -1.35033e+00
 49 -0.21965 -3.36976e+00 |
49 variables; iteration 140; function evaluation 202; phase 3
Function value 1.1480335e+02; maximum gradient component mag 1.7161e-03
Var    Value     Gradient |Var    Value     Gradient |Var    Value     Gradient
  1  0.04465  1.71610e-03 |  2 -0.02432 -1.96247e-06 |  3 -0.06276 -1.31274e-06
  4  0.02249 -1.96164e-06 |  5 -0.02235 -3.06640e-05 |  6  0.02454 -3.60314e-05
  7 -0.01199 -3.35895e-05 |  8 -0.06314 -2.92277e-05 |  9 -0.03506 -3.40747e-05
 10 -0.02461 -2.22025e-05 | 11  0.05577 -2.84555e-05 | 12  0.03779 -3.99791e-05
 13  0.07189 -1.35620e-04 | 14  0.01355 -4.29026e-05 | 15  0.00306 -3.00591e-05
 16  0.05935 -2.95171e-05 | 17  0.02215 -3.65182e-05 | 18 -0.04815 -5.97592e-05
 19 -0.02377 -7.97863e-06 | 20 -0.04171  7.48439e-05 | 21  0.03780 -3.62842e-05
 22  0.05064 -3.10290e-05 | 23 -0.03886 -2.72289e-05 | 24 -0.02193 -2.05845e-05
 25 -0.11689 -7.77066e-06 | 26 -0.01681  1.12173e-04 | 27 -0.03254  5.88104e-05
 28 -0.02855  1.52372e-04 | 29  0.03612  1.10778e-03 | 30 -0.01574  1.51593e-04
 31  0.05019  4.79987e-05 | 32 -0.02937 -2.09909e-05 | 33  0.05864  6.34417e-05
 34  0.00871 -5.39257e-05 | 35  0.05542 -7.69447e-05 | 36  0.01667 -5.80638e-05
 37 -0.02501 -3.24553e-04 | 38  0.00749 -6.64003e-04 | 39 -0.01359  1.29419e-04
 40  0.23810 -1.24928e-04 | 41  0.26287  9.34768e-05 | 42  0.26680 -9.59104e-05
 43  0.28819 -6.01634e-04 | 44 -0.17922 -1.85539e-04 | 45  0.20861  5.91672e-05
 46 -0.14886 -3.81629e-06 | 47 -0.32004  6.29210e-05 | 48 -0.06108  6.67581e-04
 49 -0.21827 -4.20104e-04 |

 - final statistics:
49 variables; iteration 142; function evaluation 204
Function value 1.1480e+02; maximum gradient component mag -1.9233e-05
Exit code = 1;  converg criter 1.0000e-04
Var    Value     Gradient |Var    Value     Gradient |Var    Value     Gradient
  1  0.04465  1.30688e-05 |  2 -0.02432  9.09423e-08 |  3 -0.06276  1.52896e-07
  4  0.02249  1.76287e-06 |  5 -0.02235  1.07891e-06 |  6  0.02454  2.98727e-06
  7 -0.01199  2.75221e-07 |  8 -0.06314 -1.69628e-07 |  9 -0.03506 -4.17792e-07
 10 -0.02461  7.11651e-08 | 11  0.05577  5.04079e-07 | 12  0.03779 -5.02828e-09
 13  0.07189 -3.05819e-07 | 14  0.01355  1.02257e-06 | 15  0.00306  2.24770e-07
 16  0.05935  2.95402e-06 | 17  0.02215  1.00900e-06 | 18 -0.04815 -6.87241e-06
 19 -0.02377 -6.54578e-06 | 20 -0.04171  3.06999e-06 | 21  0.03780  1.91026e-06
 22  0.05064  2.28569e-06 | 23 -0.03886  1.91298e-06 | 24 -0.02193  2.14844e-06
 25 -0.11689  1.83123e-06 | 26 -0.01681 -1.18666e-05 | 27 -0.03254  9.07711e-07
 28 -0.02855  6.25166e-07 | 29  0.03612 -5.68832e-06 | 30 -0.01574  1.34582e-05
 31  0.05019 -1.76621e-05 | 32 -0.02937  1.03093e-05 | 33  0.05864  5.89444e-07
 34  0.00871  5.43283e-07 | 35  0.05542  2.66481e-06 | 36  0.01667  3.77164e-07
 37 -0.02501  6.49235e-06 | 38  0.00749  2.55695e-06 | 39 -0.01359 -5.29830e-06
 40  0.23810  8.54335e-06 | 41  0.26287 -2.06761e-06 | 42  0.26680  2.18177e-06
 43  0.28819 -1.07559e-05 | 44 -0.17922  3.48290e-06 | 45  0.20861 -1.87274e-07
 46 -0.14886  6.27545e-07 | 47 -0.32004  1.55545e-06 | 48 -0.06108  1.50814e-05
 49 -0.21827 -1.92327e-05 |
Estimating row 1 out of 49 for hessian
Estimating row 2 out of 49 for hessian
Estimating row 3 out of 49 for hessian
Estimating row 4 out of 49 for hessian
Estimating row 5 out of 49 for hessian
Estimating row 6 out of 49 for hessian
Estimating row 7 out of 49 for hessian
Estimating row 8 out of 49 for hessian
Estimating row 9 out of 49 for hessian
Estimating row 10 out of 49 for hessian
Estimating row 11 out of 49 for hessian
Estimating row 12 out of 49 for hessian
Estimating row 13 out of 49 for hessian
Estimating row 14 out of 49 for hessian
Estimating row 15 out of 49 for hessian
Estimating row 16 out of 49 for hessian
Estimating row 17 out of 49 for hessian
Estimating row 18 out of 49 for hessian
Estimating row 19 out of 49 for hessian
Estimating row 20 out of 49 for hessian
Estimating row 21 out of 49 for hessian
Estimating row 22 out of 49 for hessian
Estimating row 23 out of 49 for hessian
Estimating row 24 out of 49 for hessian
Estimating row 25 out of 49 for hessian
Estimating row 26 out of 49 for hessian
Estimating row 27 out of 49 for hessian
Estimating row 28 out of 49 for hessian
Estimating row 29 out of 49 for hessian
Estimating row 30 out of 49 for hessian
Estimating row 31 out of 49 for hessian
Estimating row 32 out of 49 for hessian
Estimating row 33 out of 49 for hessian
Estimating row 34 out of 49 for hessian
Estimating row 35 out of 49 for hessian
Estimating row 36 out of 49 for hessian
Estimating row 37 out of 49 for hessian
Estimating row 38 out of 49 for hessian
Estimating row 39 out of 49 for hessian
Estimating row 40 out of 49 for hessian
Estimating row 41 out of 49 for hessian
Estimating row 42 out of 49 for hessian
Estimating row 43 out of 49 for hessian
Estimating row 44 out of 49 for hessian
Estimating row 45 out of 49 for hessian
Estimating row 46 out of 49 for hessian
Estimating row 47 out of 49 for hessian
Estimating row 48 out of 49 for hessian
Estimating row 49 out of 49 for hessian
size of file gradfil1.tmp = 0
size of file gradfil2.tmp = 0
size of file varssave.tmp = 0
size of file cmpdiff.tmp = 0
