
Initial statistics: 2 variables; iteration 0; function evaluation 0; phase 1
Function value 5.3680997e+03; maximum gradient component mag 3.0667e+04
Var    Value     Gradient |Var    Value     Gradient |Var    Value     Gradient
  1  0.33333  3.06667e+04 |  2  0.21635  1.52853e+04 |

 - final statistics:
2 variables; iteration 7; function evaluation 13
Function value 5.8676e+02; maximum gradient component mag 1.1883e+00
Exit code = 1;  converg criter 1.0000e+01
Var    Value     Gradient |Var    Value     Gradient |Var    Value     Gradient
  1  0.07399  1.18831e+00 |  2  0.20044 -1.10641e-01 |

Initial statistics: 45 variables; iteration 0; function evaluation 0; phase 2
Function value 5.8675581e+02; maximum gradient component mag -4.0888e+03
Var    Value     Gradient |Var    Value     Gradient |Var    Value     Gradient
  1  0.07399  1.18831e+00 |  2  0.00000  1.19871e+01 |  3  0.00000  2.71247e+01
  4  0.00000 -6.72190e+01 |  5  0.00000  2.72596e+01 |  6  0.00000 -4.47647e+01
  7  0.00000 -1.79907e+01 |  8  0.00000  3.39123e+01 |  9  0.00000  4.67993e+00
 10  0.00000  1.10194e+01 | 11  0.00000 -4.41188e+01 | 12  0.00000  5.18178e+00
 13  0.00000 -2.97177e+01 | 14  0.00000 -2.83892e+00 | 15  0.00000  3.97538e+00
 16  0.00000 -4.46493e+01 | 17  0.00000  6.04723e+00 | 18  0.00000  6.85181e+01
 19  0.00000  1.83789e+01 | 20  0.00000  5.69024e+01 | 21  0.00000 -4.84515e+01
 22  0.00000 -8.29473e+01 | 23  0.00000  3.45460e+01 | 24  0.00000  2.88433e+01
 25  0.00000  1.52853e+02 | 26  0.00000  8.74839e+01 | 27  0.00000  3.09990e+01
 28  0.00000  5.12398e+01 | 29  0.00000 -2.27542e+02 | 30  0.00000  3.57536e+02
 31  0.00000 -6.32335e+02 | 32  0.00000  4.28763e+02 | 33  0.00000 -7.47443e+02
 34  0.00000  2.63835e+02 | 35  0.00000 -4.03727e+02 | 36  0.00000  9.02874e+01
 37  0.00000  4.19053e+02 | 38  0.00000 -6.37975e+01 | 39  0.00000  2.09009e+02
 40  0.21635  6.48361e+02 | 41  0.21635  2.95083e+03 | 42  0.20044 -1.10641e-01
 43 -0.30909 -2.25999e+03 | 44  0.12819  1.04022e+01 | 45 -0.30909 -4.08879e+03

Intermediate statistics: 45 variables; iteration 20; function evaluation 31; phase 2
Function value 2.4321418e+02; maximum gradient component mag 1.5819e+03
Var    Value     Gradient |Var    Value     Gradient |Var    Value     Gradient
  1  0.04159  8.64754e+02 |  2 -0.07785 -1.61599e-01 |  3 -0.12378 -2.76455e+00
  4 -0.01723 -5.42378e-01 |  5 -0.05768 -1.91944e+01 |  6 -0.01897 -1.99925e+01
  7 -0.06656 -2.58465e+01 |  8 -0.10555 -1.90323e+01 |  9 -0.06892 -1.69828e+01
 10 -0.05732 -1.60306e+01 | 11  0.01674 -1.87350e+01 | 12  0.00538 -1.44262e+01
 13  0.03610 -1.08038e+01 | 14  0.00499  3.60528e-01 | 15 -0.00670 -6.74460e+00
 16  0.04241  1.72429e+00 | 17  0.00487  1.50003e+00 | 18 -0.04661  4.31641e+00
 19 -0.01293 -2.83311e+00 | 20  0.00777  1.17892e+01 | 21  0.03682 -2.01672e+00
 22  0.06788  2.17762e+00 | 23 -0.00048  4.31479e+00 | 24 -0.01291  2.63590e+00
 25 -0.06711  8.51526e+00 | 26  0.00767 -9.36577e+00 | 27 -0.02472 -1.82229e+01
 28  0.00254 -2.69288e+00 | 29  0.03185 -1.18197e+02 | 30  0.00054  7.79237e+01
 31  0.08268  8.02523e+01 | 32  0.00797 -3.48145e+01 | 33  0.07092 -1.12411e+02
 34  0.01217 -5.41911e+01 | 35  0.05681 -7.19789e+01 | 36  0.01074 -2.31094e+01
 37 -0.01429  1.37241e+02 | 38  0.02822  5.20559e+01 | 39  0.01758 -3.86849e+01
 40  0.23443  1.58191e+03 | 41  0.20345  1.12126e+02 | 42  0.22522 -3.49804e+01
 43 -0.22901  4.17339e+02 | 44  0.12903 -1.14348e+02 | 45 -0.26664 -3.57885e+02
45 variables; iteration 40; function evaluation 59; phase 2
Function value 2.3374819e+02; maximum gradient component mag 2.7621e+02
Var    Value     Gradient |Var    Value     Gradient |Var    Value     Gradient
  1  0.04346  2.27986e+02 |  2 -0.09731 -5.68883e+00 |  3 -0.10288  3.87412e+00
  4 -0.01050  3.49939e+00 |  5 -0.05568 -4.69247e+00 |  6 -0.01838 -1.13237e+01
  7 -0.05328  6.85919e-03 |  8 -0.09659 -3.29951e+00 |  9 -0.06674 -6.38767e+00
 10 -0.05506 -5.08235e+00 | 11  0.02352  1.75594e+00 | 12  0.00324 -7.17127e+00
 13  0.03601 -4.63504e+00 | 14  0.00239 -2.98368e+00 | 15 -0.01422 -9.42176e+00
 16  0.04392 -5.82354e+00 | 17  0.00406 -7.25512e+00 | 18 -0.05133 -2.34983e+00
 19 -0.01524  4.08114e-01 | 20  0.00499 -1.37432e-01 | 21  0.03954 -3.54306e+00
 22  0.07178  2.38747e+00 | 23  0.00033  6.26507e+00 | 24 -0.01228  2.37427e+00
 25 -0.07319  5.69365e+00 | 26  0.00813  6.75505e+00 | 27 -0.02674 -7.01954e+00
 28 -0.00381  3.25656e-01 | 29  0.03813 -1.20711e+01 | 30 -0.00502  1.23909e+01
 31  0.07963  2.09399e+01 | 32  0.01066 -1.02175e+01 | 33  0.08543 -1.07523e+01
 34  0.02040 -1.18842e+01 | 35  0.06060 -7.09208e+00 | 36  0.00974 -1.96265e+00
 37 -0.02708  2.44846e+01 | 38  0.02049  8.29213e+00 | 39  0.00988 -1.53107e+01
 40  0.22806  2.76205e+02 | 41  0.20104 -1.10001e+01 | 42  0.22440  4.98241e+01
 43 -0.23326  1.50324e+02 | 44  0.12736 -2.64314e+01 | 45 -0.26735  3.08893e+01

 - final statistics:
45 variables; iteration 56; function evaluation 85
Function value 2.3223e+02; maximum gradient component mag 5.3297e+00
Exit code = 1;  converg criter 1.0000e+01
Var    Value     Gradient |Var    Value     Gradient |Var    Value     Gradient
  1  0.04563  1.98327e+00 |  2 -0.07396 -3.92139e-02 |  3 -0.11106  7.94135e-02
  4 -0.01167  1.31375e-01 |  5 -0.05568 -4.76649e-02 |  6 -0.01481 -7.69069e-02
  7 -0.05246 -8.01533e-02 |  8 -0.09401  4.98984e-02 |  9 -0.06265 -8.94681e-02
 10 -0.05205 -6.37002e-02 | 11  0.02016  5.94346e-02 | 12  0.00531 -1.93983e-02
 13  0.03700 -1.40044e-01 | 14  0.00500  1.40832e-01 | 15 -0.00625 -1.65965e-01
 16  0.04573 -1.13854e-01 | 17  0.00581 -1.43629e-01 | 18 -0.05164 -6.11872e-02
 19 -0.01686  8.42684e-02 | 20  0.00346  2.85850e-02 | 21  0.04221  1.32095e-01
 22  0.07106  5.98607e-02 | 23 -0.00561  7.85175e-03 | 24 -0.01509 -3.69400e-02
 25 -0.08012  1.85917e-01 | 26  0.00289  9.90237e-02 | 27 -0.02647 -3.05478e-02
 28 -0.00669 -4.74323e-02 | 29  0.03806 -3.67035e-01 | 30 -0.00688  1.71210e-01
 31  0.07838  1.62758e-01 | 32  0.01035 -2.37670e-02 | 33  0.08848 -3.39398e-01
 34  0.02198 -1.55533e-01 | 35  0.06047 -2.31494e-01 | 36  0.00893 -1.21094e-01
 37 -0.03022  4.02979e-01 | 38  0.01958  1.46135e-01 | 39  0.01253 -1.48532e-01
 40  0.22568  3.22148e+00 | 41  0.20005  1.34385e-01 | 42  0.22206 -9.41840e-02
 43 -0.27238  5.32966e+00 | 44 -0.00091 -1.33692e+00 | 45 -0.26869 -1.37185e+00

Initial statistics: 49 variables; iteration 0; function evaluation 0; phase 3
Function value 2.3223149e+02; maximum gradient component mag -2.1401e+03
Var    Value     Gradient |Var    Value     Gradient |Var    Value     Gradient
  1  0.04563  1.98327e+00 |  2 -0.07396 -3.92139e-02 |  3 -0.11106  7.94135e-02
  4 -0.01167  1.31375e-01 |  5 -0.05568 -2.55947e-02 |  6 -0.01481 -5.47581e-02
  7 -0.05246 -5.80737e-02 |  8 -0.09401  7.18121e-02 |  9 -0.06265 -6.74205e-02
 10 -0.05205 -4.16194e-02 | 11  0.02016  8.15783e-02 | 12  0.00531  2.75572e-03
 13  0.03700 -1.17927e-01 | 14  0.00500  1.62986e-01 | 15 -0.00625 -1.43811e-01
 16  0.04573 -9.17563e-02 | 17  0.00581 -1.21475e-01 | 18 -0.05164 -3.91053e-02
 19 -0.01685  1.06415e-01 | 20  0.00346  5.07395e-02 | 21  0.04221  1.54201e-01
 22  0.07107  8.18776e-02 | 23 -0.00561  3.00057e-02 | 24 -0.01509 -1.47914e-02
 25 -0.08012  2.07896e-01 | 26  0.00289  1.21178e-01 | 27 -0.02647 -8.41221e-03
 28 -0.00669 -2.52787e-02 | 29  0.03806 -3.44920e-01 | 30 -0.00688  1.93364e-01
 31  0.07838  1.84745e-01 | 32  0.01035 -1.61509e-03 | 33  0.08848 -3.17457e-01
 34  0.02198 -1.33391e-01 | 35  0.06047 -2.09439e-01 | 36  0.00893 -9.89415e-02
 37 -0.03022  4.25108e-01 | 38  0.01958  1.68279e-01 | 39  0.01253 -1.26382e-01
 40  0.22568  3.22148e+00 | 41  0.20005  1.34385e-01 | 42  0.21635 -2.14013e+03
 43  0.22206 -9.41840e-02 | 44 -0.27238  5.32966e+00 | 45 -0.00091 -1.33692e+00
 46 -0.30909 -7.41691e+02 | 47 -0.43452 -4.25892e-04 | 48 -0.26869 -1.37185e+00
 49 -0.36199  9.65559e+00 |

Intermediate statistics: 49 variables; iteration 20; function evaluation 27; phase 3
Function value 1.6733750e+02; maximum gradient component mag -3.3180e+03
Var    Value     Gradient |Var    Value     Gradient |Var    Value     Gradient
  1  0.02562 -3.31799e+03 |  2 -0.06914 -3.34595e+00 |  3 -0.10283 -5.77270e+00
  4  0.00599 -2.83803e+01 |  5 -0.03445  5.81127e+00 |  6 -0.00708 -8.93033e+01
  7 -0.04163  5.99478e+01 |  8 -0.08869  5.82779e+01 |  9 -0.05971  5.28020e+01
 10 -0.05691  5.29207e+01 | 11  0.02794  4.94029e+01 | 12  0.02104  4.65673e+01
 13  0.05636  2.77441e+01 | 14  0.00358  1.26266e+01 | 15 -0.00542  4.48362e+01
 16  0.04912 -1.59552e+01 | 17  0.01667 -1.57976e+01 | 18 -0.04506  2.08283e+01
 19 -0.01541  4.81148e+01 | 20 -0.01389  1.21317e+01 | 21  0.03113  3.01058e+01
 22  0.05656  2.12906e+01 | 23 -0.04266  1.37059e+01 | 24 -0.02802  3.39992e+01
 25 -0.10461  3.33540e+01 | 26 -0.00172  2.47476e+00 | 27 -0.02563  2.59920e+01
 28 -0.01317 -3.69197e+01 | 29  0.04745 -2.72766e+02 | 30 -0.00337 -6.81341e+01
 31  0.07538  1.02041e+02 | 32  0.00123  5.92896e+01 | 33  0.09635  1.96384e+02
 34  0.02287 -2.09598e+01 | 35  0.06342 -4.92211e+01 | 36  0.01945 -7.69136e+01
 37 -0.02509 -1.42839e+02 | 38  0.02126 -1.15110e+02 | 39  0.00772  7.12077e+01
 40  0.23580 -1.21038e+03 | 41  0.24641  6.91739e+01 | 42  0.24824 -1.18957e+03
 43  0.23288 -9.64702e+02 | 44 -0.27961  2.11043e+01 | 45 -0.03640 -6.75197e+00
 46 -0.26839  3.74345e+02 | 47 -0.43699 -3.11543e+02 | 48 -0.29786  1.11813e+03
 49 -0.45900 -4.58287e+02 |
49 variables; iteration 40; function evaluation 50; phase 3
Function value 1.4517851e+02; maximum gradient component mag 8.7635e+02
Var    Value     Gradient |Var    Value     Gradient |Var    Value     Gradient
  1  0.02045  4.72375e+02 |  2 -0.06553  4.83951e-01 |  3 -0.06226  1.48530e+01
  4  0.01249  6.65138e+00 |  5 -0.01027  2.89004e+01 |  6  0.00573 -3.86604e+00
  7 -0.04348 -2.19850e+00 |  8 -0.08974  9.06321e+00 |  9 -0.08930 -3.43498e+01
 10 -0.11648 -2.90824e+01 | 11  0.01034 -6.14895e+00 | 12  0.02498  6.63179e+00
 13  0.07318  2.33583e+01 | 14  0.03812  4.73683e+01 | 15 -0.01155 -1.93668e+01
 16  0.06757  1.00033e+01 | 17  0.04056  2.80211e+01 | 18 -0.04186 -4.45831e+00
 19 -0.02642 -2.99886e+01 | 20 -0.01937 -2.98212e+01 | 21  0.02386 -2.30823e+01
 22  0.06053  8.97482e+00 | 23 -0.05161 -2.53336e+01 | 24 -0.02901 -1.47319e+01
 25 -0.11315 -2.77813e+01 | 26  0.00568  3.60907e+01 | 27 -0.01184  2.53436e+01
 28 -0.01115 -1.24068e+01 | 29  0.06619  1.26188e+02 | 30  0.00756  9.45728e+00
 31  0.06790 -3.31293e+01 | 32 -0.01190 -3.99860e+01 | 33  0.08170 -9.22881e+00
 34  0.02453 -8.93647e+00 | 35  0.07091  2.73043e+01 | 36  0.03246  2.69911e+01
 37 -0.00796  1.28723e+01 | 38  0.02294 -3.56020e+01 | 39 -0.04110 -5.58510e+01
 40  0.24185 -2.43810e+02 | 41  0.24565 -1.94608e+02 | 42  0.26598 -1.74100e+02
 43  0.24431 -2.12903e+02 | 44 -0.28934  8.76346e+02 | 45 -0.07085 -3.01437e+02
 46 -0.27585  1.02216e+02 | 47 -0.43955 -7.33052e+01 | 48 -0.29993  4.57225e+02
 49 -0.46478 -1.92410e+02 |
49 variables; iteration 60; function evaluation 78; phase 3
Function value 1.3828055e+02; maximum gradient component mag -2.5737e+02
Var    Value     Gradient |Var    Value     Gradient |Var    Value     Gradient
  1  0.01906 -2.57367e+02 |  2 -0.06268  1.45503e-01 |  3 -0.09597 -2.30485e-01
  4  0.01360 -1.58468e+00 |  5 -0.02463 -8.49606e-01 |  6  0.01334 -4.12518e+00
  7 -0.04515  3.24136e+00 |  8 -0.10006  1.51260e+00 |  9 -0.06633  3.79101e+00
 10 -0.07417  1.80967e+00 | 11  0.02628  3.39240e+00 | 12  0.02797  5.37335e+00
 13  0.07277  4.26317e+00 | 14  0.01462  4.29623e+00 | 15 -0.00993 -2.43951e-01
 16  0.06470 -6.65299e+00 | 17  0.03195 -1.74787e+01 | 18 -0.04014 -2.13996e+01
 19 -0.01858 -7.62395e+00 | 20 -0.01902 -2.04218e+01 | 21  0.02522  3.81428e+00
 22  0.04792  6.14910e+00 | 23 -0.04821  3.63641e+00 | 24 -0.03120  2.62179e+00
 25 -0.10523  1.77250e+00 | 26 -0.00474  3.94645e+00 | 27 -0.01929  3.03906e+00
 28 -0.00684  7.68385e-01 | 29  0.05696 -3.70521e+00 | 30  0.00436  2.74086e+00
 31  0.06271 -5.77867e+00 | 32 -0.01160  4.07575e-01 | 33  0.06810  3.30221e+00
 34  0.01633  1.55568e+00 | 35  0.06343 -2.16940e+00 | 36  0.02846 -1.06568e+00
 37 -0.01018  1.55745e+00 | 38  0.02503  8.40776e+00 | 39 -0.01565  9.35360e+00
 40  0.24560 -2.21658e+01 | 41  0.25116 -1.59314e+01 | 42  0.27201 -5.43473e+00
 43  0.25208 -1.42661e+00 | 44 -0.29636 -1.70292e+02 | 45 -0.09100  5.82861e+01
 46 -0.27671  7.64737e+00 | 47 -0.44194 -5.62392e+00 | 48 -0.30044 -5.50955e+01
 49 -0.46800  2.55849e+01 |
49 variables; iteration 80; function evaluation 98; phase 3
Function value 1.3819098e+02; maximum gradient component mag 2.3746e-01
Var    Value     Gradient |Var    Value     Gradient |Var    Value     Gradient
  1  0.01924  2.37462e-01 |  2 -0.06402 -3.82578e-04 |  3 -0.09637 -5.82295e-04
  4  0.01323 -6.87462e-04 |  5 -0.02412 -1.61298e-03 |  6  0.01306 -1.23150e-03
  7 -0.04481 -5.52015e-03 |  8 -0.09814 -1.17417e-03 |  9 -0.06555 -2.22446e-03
 10 -0.07111 -4.14347e-03 | 11  0.02688 -4.38540e-03 | 12  0.02653 -5.92881e-03
 13  0.07264 -1.10985e-02 | 14  0.01366 -7.29812e-03 | 15 -0.00948 -2.71406e-03
 16  0.06402 -2.37129e-03 | 17  0.03260 -2.90213e-03 | 18 -0.03845 -4.72570e-03
 19 -0.01920 -3.98133e-03 | 20 -0.01927 -2.58640e-03 | 21  0.02479 -3.23712e-03
 22  0.04669 -4.84150e-03 | 23 -0.04849 -4.29134e-03 | 24 -0.03133 -6.90042e-04
 25 -0.10480 -2.55070e-03 | 26 -0.00533 -4.98665e-03 | 27 -0.01976 -3.79876e-03
 28 -0.00692 -2.23811e-03 | 29  0.05692  1.99793e-03 | 30  0.00408 -1.78237e-03
 31  0.06290 -1.54476e-03 | 32 -0.01155 -1.22488e-03 | 33  0.06803  1.00192e-03
 34  0.01631 -1.09083e-04 | 35  0.06347  3.70234e-03 | 36  0.02840  8.85751e-03
 37 -0.01033  1.74091e-02 | 38  0.02457  6.22198e-02 | 39 -0.01738  2.13260e-04
 40  0.24560  3.68603e-02 | 41  0.25116  1.63243e-02 | 42  0.27196  4.29639e-03
 43  0.25191  2.97121e-03 | 44 -0.29595 -1.52139e-01 | 45 -0.08983  5.11186e-02
 46 -0.27643 -6.52917e-03 | 47 -0.44152  1.07544e-03 | 48 -0.30037  1.19547e-01
 49 -0.46780 -5.89609e-02 |
49 variables; iteration 100; function evaluation 118; phase 3
Function value 1.3819090e+02; maximum gradient component mag -3.1779e-01
Var    Value     Gradient |Var    Value     Gradient |Var    Value     Gradient
  1  0.01924  3.03900e-01 |  2 -0.06402 -1.09721e-03 |  3 -0.09637 -1.12351e-03
  4  0.01322 -5.91023e-03 |  5 -0.02412 -7.59551e-03 |  6  0.01306 -1.38497e-02
  7 -0.04481 -5.92650e-03 |  8 -0.09814 -3.55064e-03 |  9 -0.06555 -3.63258e-03
 10 -0.07112 -5.62910e-03 | 11  0.02688 -4.43950e-03 | 12  0.02653 -2.33577e-03
 13  0.07264  4.12161e-03 | 14  0.01366 -6.10311e-03 | 15 -0.00948 -4.24298e-03
 16  0.06402 -4.28677e-03 | 17  0.03260 -6.27957e-03 | 18 -0.03845 -6.28637e-03
 19 -0.01920 -4.90279e-03 | 20 -0.01927 -2.29122e-03 | 21  0.02479 -3.77036e-03
 22  0.04669 -6.10663e-03 | 23 -0.04849 -5.62034e-03 | 24 -0.03133 -1.71811e-03
 25 -0.10480 -4.28324e-03 | 26 -0.00533 -7.72759e-03 | 27 -0.01976 -5.34454e-03
 28 -0.00692 -4.20897e-03 | 29  0.05692 -3.74044e-04 | 30  0.00408 -3.58850e-03
 31  0.06290 -7.31141e-03 | 32 -0.01155 -2.67364e-03 | 33  0.06803  2.85834e-03
 34  0.01631 -2.63357e-04 | 35  0.06347  3.83642e-03 | 36  0.02840  1.33829e-02
 37 -0.01033  2.45576e-02 | 38  0.02457  8.31899e-02 | 39 -0.01738  8.48460e-04
 40  0.24560  3.74443e-02 | 41  0.25116  1.56163e-02 | 42  0.27196  3.19182e-03
 43  0.25191  8.09706e-03 | 44 -0.27952 -3.17795e-01 | 45 -0.04176  1.08903e-01
 46 -0.27023 -1.23378e-02 | 47 -0.43311  5.09198e-03 | 48 -0.29909  2.48385e-01
 49 -0.46503 -1.18951e-01 |
49 variables; iteration 120; function evaluation 138; phase 3
Function value 1.3819088e+02; maximum gradient component mag -6.5819e+00
Var    Value     Gradient |Var    Value     Gradient |Var    Value     Gradient
  1  0.01924 -2.56082e-01 |  2 -0.06402 -4.46117e-03 |  3 -0.09636 -4.66048e-03
  4  0.01322 -5.73374e-02 |  5 -0.02412 -4.50533e-02 |  6  0.01305 -1.11205e-01
  7 -0.04480  1.24595e-02 |  8 -0.09814 -9.48200e-03 |  9 -0.06555 -7.47146e-03
 10 -0.07112 -2.76884e-03 | 11  0.02687  1.47334e-02 | 12  0.02653  5.19260e-02
 13  0.07264  1.76700e-01 | 14  0.01368  4.88795e-02 | 15 -0.00948 -1.47919e-02
 16  0.06401 -5.08739e-03 | 17  0.03259 -9.96885e-03 | 18 -0.03845  1.53961e-03
 19 -0.01920 -5.35770e-04 | 20 -0.01927  2.21209e-02 | 21  0.02480 -8.80125e-04
 22  0.04670  5.99439e-03 | 23 -0.04849 -3.88736e-03 | 24 -0.03133 -5.36545e-03
 25 -0.10480 -9.85240e-03 | 26 -0.00533 -1.66266e-02 | 27 -0.01976 -8.66624e-03
 28 -0.00691 -1.71158e-02 | 29  0.05692 -7.07522e-02 | 30  0.00408  1.23372e-02
 31  0.06290 -8.37202e-02 | 32 -0.01155  2.85669e-02 | 33  0.06804 -1.20414e-02
 34  0.01631  2.58431e-03 | 35  0.06347 -5.27519e-02 | 36  0.02840 -1.84228e-03
 37 -0.01034  2.29683e-02 | 38  0.02456 -4.29421e-02 | 39 -0.01740  9.35179e-02
 40  0.24560  1.02320e-01 | 41  0.25115  8.50790e-01 | 42  0.27195 -1.77934e-01
 43  0.25191  1.58291e-01 | 44 -0.27687 -3.04786e+00 | 45 -0.03397  1.04151e+00
 46 -0.26226 -1.45090e+00 | 47 -0.42235  1.07356e+00 | 48 -0.29755 -6.58192e+00
 49 -0.46173  3.06434e+00 |
49 variables; iteration 140; function evaluation 162; phase 3
Function value 1.3818513e+02; maximum gradient component mag 1.0160e+01
Var    Value     Gradient |Var    Value     Gradient |Var    Value     Gradient
  1  0.01921  3.64420e+00 |  2 -0.06400  5.86947e-03 |  3 -0.09637  2.80237e-03
  4  0.01326  4.83171e-02 |  5 -0.02407 -5.78371e-03 |  6  0.01313  9.98428e-02
  7 -0.04481 -6.72559e-02 |  8 -0.09816 -5.24693e-02 |  9 -0.06556 -4.79808e-02
 10 -0.07116 -5.18232e-02 | 11  0.02690 -3.35743e-02 | 12  0.02658 -2.01009e-02
 13  0.07274  3.81526e-02 | 14  0.01365 -4.66742e-02 | 15 -0.00949 -5.90317e-02
 16  0.06405 -6.00126e-02 | 17  0.03265 -7.39302e-02 | 18 -0.03838 -8.98845e-02
 19 -0.01916 -6.24511e-02 | 20 -0.01921 -8.00137e-02 | 21  0.02477 -6.30551e-02
 22  0.04667 -4.73014e-02 | 23 -0.04860 -5.10242e-02 | 24 -0.03163 -4.69319e-02
 25 -0.10504 -2.85140e-02 | 26 -0.00536 -1.00773e-02 | 27 -0.02002  6.16463e-03
 28 -0.00669  1.05756e-01 | 29  0.05695  3.59892e-01 | 30  0.00412  1.05988e-01
 31  0.06286  8.43098e-02 | 32 -0.01155 -1.75267e-02 | 33  0.06804  1.07871e-01
 34  0.01625  2.35348e-02 | 35  0.06345  8.25185e-02 | 36  0.02843  7.48543e-02
 37 -0.01030  2.99035e-02 | 38  0.02465 -6.32261e-03 | 39 -0.01717 -4.87769e-02
 40  0.24563  6.68744e-02 | 41  0.25334  7.24668e-01 | 42  0.27199 -8.77248e-03
 43  0.25195 -9.34318e-02 | 44 -0.30007 -6.83284e+00 | 45 -0.10189  2.34106e+00
 46 -0.20726 -1.77478e-01 | 47 -0.35361  1.03825e-01 | 48 -0.28845  1.01599e+01
 49 -0.44241 -4.83615e+00 |
49 variables; iteration 160; function evaluation 184; phase 3
Function value 1.3818506e+02; maximum gradient component mag 2.8797e+00
Var    Value     Gradient |Var    Value     Gradient |Var    Value     Gradient
  1  0.01921 -6.43099e-01 |  2 -0.06401  2.31018e-03 |  3 -0.09636  2.41625e-03
  4  0.01324  2.03096e-02 |  5 -0.02407  2.40990e-02 |  6  0.01312  4.41218e-02
  7 -0.04481  1.20709e-02 |  8 -0.09815  1.49106e-02 |  9 -0.06556  1.39673e-02
 10 -0.07115  9.62921e-03 | 11  0.02689  2.00794e-03 | 12  0.02657 -1.46106e-02
 13  0.07273 -7.51908e-02 | 14  0.01366  4.43975e-04 | 15 -0.00948  1.33795e-02
 16  0.06404  1.73774e-02 | 17  0.03264  2.12678e-02 | 18 -0.03839  1.74831e-02
 19 -0.01917  1.80443e-02 | 20 -0.01922  1.46148e-02 | 21  0.02478  1.45660e-02
 22  0.04667  1.44583e-02 | 23 -0.04859  1.50619e-02 | 24 -0.03161  1.55134e-02
 25 -0.10503  1.83930e-02 | 26 -0.00537  2.57185e-02 | 27 -0.02002  1.52375e-02
 28 -0.00670 -6.09621e-03 | 29  0.05696 -4.35975e-02 | 30  0.00412 -1.16931e-02
 31  0.06287  1.13263e-02 | 32 -0.01156  1.23074e-02 | 33  0.06807  9.46795e-03
 34  0.01627  1.62304e-03 | 35  0.06346 -1.79671e-02 | 36  0.02844 -3.69298e-02
 37 -0.01031 -5.58367e-02 | 38  0.02464 -9.07295e-02 | 39 -0.01722 -2.84659e-02
 40  0.24562  3.98343e-02 | 41  0.25327  4.90549e-03 | 42  0.27199  3.34727e-03
 43  0.25194 -4.22723e-02 | 44 -0.28599  2.87969e+00 | 45 -0.06075 -9.85300e-01
 46 -0.20773 -2.12947e-02 | 47 -0.35413  1.95864e-02 | 48 -0.28840 -5.45331e-01
 49 -0.44230  2.53648e-01 |
49 variables; iteration 180; function evaluation 205; phase 3
Function value 1.3818505e+02; maximum gradient component mag -6.5553e-01
Var    Value     Gradient |Var    Value     Gradient |Var    Value     Gradient
  1  0.01921  1.15176e-01 |  2 -0.06401 -1.15090e-03 |  3 -0.09636 -1.05905e-03
  4  0.01324 -9.18978e-03 |  5 -0.02407 -7.80511e-03 |  6  0.01312 -1.67644e-02
  7 -0.04481 -1.40415e-03 |  8 -0.09816 -3.44668e-03 |  9 -0.06556 -3.20389e-03
 10 -0.07115 -1.06518e-03 | 11  0.02689  4.71334e-04 | 12  0.02657  5.38563e-03
 13  0.07273  2.43957e-02 | 14  0.01366  2.57743e-03 | 15 -0.00948 -1.78693e-03
 16  0.06404 -2.60862e-03 | 17  0.03264 -3.35723e-03 | 18 -0.03839 -7.73601e-04
 19 -0.01917 -2.84438e-03 | 20 -0.01922  4.20515e-04 | 21  0.02478 -2.56925e-03
 22  0.04667 -4.09196e-03 | 23 -0.04859 -2.59032e-03 | 24 -0.03161 -2.85241e-03
 25 -0.10503 -4.18692e-03 | 26 -0.00537 -7.15048e-03 | 27 -0.02002 -4.91123e-03
 28 -0.00670 -1.40418e-03 | 29  0.05696  7.46560e-03 | 30  0.00412 -2.98834e-03
 31  0.06287 -6.98825e-03 | 32 -0.01156 -8.73672e-03 | 33  0.06807 -1.15005e-02
 34  0.01626 -2.48407e-03 | 35  0.06346  6.69806e-03 | 36  0.02844  1.17450e-02
 37 -0.01031  1.76072e-02 | 38  0.02464  3.23511e-02 | 39 -0.01722  1.04217e-02
 40  0.24562 -2.70067e-02 | 41  0.25328 -4.15633e-02 | 42  0.27199 -4.07498e-03
 43  0.25194  1.16064e-02 | 44 -0.28113 -6.55533e-01 | 45 -0.04653  2.23473e-01
 46 -0.20770  1.82775e-02 | 47 -0.35409 -1.06328e-02 | 48 -0.28830  4.16805e-02
 49 -0.44208 -2.55663e-02 |
49 variables; iteration 200; function evaluation 284; phase 3
Function value 1.3562266e+02; maximum gradient component mag -3.9997e+02
Var    Value     Gradient |Var    Value     Gradient |Var    Value     Gradient
  1  0.01947 -3.99971e+02 |  2 -0.06054  1.36469e+00 |  3 -0.09759  3.77810e-01
  4  0.01715  8.73985e+00 |  5 -0.02428  8.58497e+00 |  6  0.01326  1.13925e+01
  7 -0.04518  5.36834e+00 |  8 -0.09553  9.08996e+00 |  9 -0.06380  9.09782e+00
 10 -0.07083  4.18489e+00 | 11  0.02701  6.02300e+00 | 12  0.02446  2.52366e+00
 13  0.06772 -6.48919e+00 | 14  0.01480  6.15193e+00 | 15 -0.01105  2.91109e+00
 16  0.06432 -1.00186e+00 | 17  0.03311 -8.86357e+00 | 18 -0.03963 -1.83981e+01
 19 -0.01892 -4.07531e+00 | 20 -0.01946 -1.88586e+01 | 21  0.02413  6.03934e+00
 22  0.04752  1.07923e+01 | 23 -0.04745  8.59257e+00 | 24 -0.03207  7.00783e+00
 25 -0.10359  9.96432e+00 | 26 -0.00368  1.73547e+01 | 27 -0.01916  1.10937e+01
 28 -0.00919  2.20062e+00 | 29  0.06000 -8.34479e+00 | 30  0.00467  5.32658e+00
 31  0.06447 -5.66069e+00 | 32 -0.01582  1.14505e+01 | 33  0.07245  4.61917e-01
 34  0.01750  4.43572e+00 | 35  0.06500 -6.13664e+00 | 36  0.02972 -9.49996e+00
 37 -0.00990 -2.02246e+01 | 38  0.02374 -5.28686e+01 | 39 -0.02493 -7.02555e+00
 40  0.24549  6.71099e+01 | 41  0.25103  3.87507e+01 | 42  0.27135  5.41259e+00
 43  0.25434  2.17638e+00 | 44 -0.23064  1.51450e+02 | 45  0.10235 -4.36245e+01
 46 -0.23597 -1.01173e+01 | 47 -0.38770  7.01642e+00 | 48 -0.20965 -3.88939e+02
 49 -0.29157  2.21515e+02 |
49 variables; iteration 220; function evaluation 313; phase 3
Function value 1.2873803e+02; maximum gradient component mag -4.2415e+02
Var    Value     Gradient |Var    Value     Gradient |Var    Value     Gradient
  1  0.01702  1.27869e+02 |  2 -0.06233 -5.82187e-03 |  3 -0.09360  6.05324e-02
  4  0.01773  1.57622e-01 |  5 -0.01961 -1.57571e+00 |  6  0.01769 -1.53767e+00
  7 -0.04101 -1.54347e+00 |  8 -0.09501 -1.84512e+00 |  9 -0.06280 -1.63968e+00
 10 -0.07019 -1.84885e+00 | 11  0.02808 -2.20073e+00 | 12  0.02784 -2.53920e+00
 13  0.07331 -4.23053e+00 | 14  0.01518 -2.01859e+00 | 15 -0.00948 -1.24649e+00
 16  0.06571 -7.70606e-02 | 17  0.03686  1.52883e+00 | 18 -0.03239  2.58417e+00
 19 -0.01604  1.29047e+00 | 20 -0.01933  3.78883e+00 | 21  0.02400 -1.48575e+00
 22  0.04551 -1.41906e+00 | 23 -0.05076 -1.27781e+00 | 24 -0.03226 -3.42151e-01
 25 -0.10571  1.49186e-01 | 26 -0.00037  7.51332e+00 | 27 -0.01608  8.96195e+00
 28 -0.01866  7.42621e-01 | 29  0.05897  7.82249e+00 | 30  0.00276  6.66916e-01
 31  0.05906 -1.30758e+00 | 32 -0.02191 -2.93713e+00 | 33  0.05052 -1.53831e+00
 34  0.00350 -2.09385e+00 | 35  0.05804 -9.69947e-01 | 36  0.02814  2.48179e-01
 37 -0.00759  3.44149e+00 | 38  0.03000 -1.12877e+00 | 39 -0.00656 -3.66677e+00
 40  0.24829  6.02348e-02 | 41  0.25653  4.93887e+00 | 42  0.27564 -6.69082e-01
 43  0.27643  1.79874e+00 | 44 -0.24960 -4.24148e+02 | 45  0.04719  1.43367e+02
 46 -0.29758 -8.93574e+00 | 47 -0.47128  6.66193e+00 | 48 -0.13090  3.33514e+00
 49 -0.23753 -1.01203e-01 |
49 variables; iteration 240; function evaluation 336; phase 3
Function value 1.2811117e+02; maximum gradient component mag -1.2491e+02
Var    Value     Gradient |Var    Value     Gradient |Var    Value     Gradient
  1  0.01662 -8.87584e+01 |  2 -0.06287  2.65521e-02 |  3 -0.09483 -2.41871e-02
  4  0.01601  1.10498e-01 |  5 -0.01947  8.92974e-01 |  6  0.01901  4.32967e-01
  7 -0.04269  1.55007e+00 |  8 -0.09676  2.21431e+00 |  9 -0.06393  3.43971e+00
 10 -0.07322  8.70592e-01 | 11  0.02736  5.38861e-01 | 12  0.02819 -6.54343e-01
 13  0.07613 -4.61335e+00 | 14  0.01348  2.43826e-01 | 15 -0.01110  1.12907e+00
 16  0.06609  7.01642e-01 | 17  0.03749  8.25063e-03 | 18 -0.03147 -7.12181e-01
 19 -0.01622  5.39271e-01 | 20 -0.01827 -1.31073e-01 | 21  0.02273  1.09227e+00
 22  0.04508  1.01905e+00 | 23 -0.05175  1.05608e+00 | 24 -0.03293  6.70977e-01
 25 -0.10625  5.26694e-01 | 26 -0.00129 -2.56001e+00 | 27 -0.01518 -2.21501e+00
 28 -0.01815 -1.43179e+00 | 29  0.05731 -3.99694e+00 | 30  0.00348 -1.78978e+00
 31  0.05879 -1.59085e+00 | 32 -0.02147  1.33458e+00 | 33  0.04830 -9.87415e-01
 34  0.00271  5.87304e-01 | 35  0.05790 -7.45576e-01 | 36  0.02910  6.68255e-01
 37 -0.00515  9.14773e-01 | 38  0.03146 -7.75448e-01 | 39  0.00011  1.31988e+00
 40  0.24872  2.36133e+00 | 41  0.25627 -5.93875e+00 | 42  0.27642  2.50845e+00
 43  0.27851 -4.45529e+00 | 44 -0.27613 -1.24910e+02 | 45 -0.03456  4.37600e+01
 46 -0.25257 -6.95985e+01 | 47 -0.40961  5.25963e+01 | 48 -0.12645 -7.68603e-01
 49 -0.23812  3.87534e-01 |
49 variables; iteration 260; function evaluation 360; phase 3
Function value 1.2800346e+02; maximum gradient component mag -6.6620e-01
Var    Value     Gradient |Var    Value     Gradient |Var    Value     Gradient
  1  0.01661  1.16001e-01 |  2 -0.06321  1.66132e-04 |  3 -0.09511  2.99133e-04
  4  0.01538  8.91013e-04 |  5 -0.01947 -6.54658e-04 |  6  0.01919 -1.21452e-03
  7 -0.04301 -3.04554e-03 |  8 -0.09736 -4.89684e-03 |  9 -0.06432 -9.82406e-03
 10 -0.07355 -1.79913e-03 | 11  0.02729 -3.93039e-03 | 12  0.02839 -7.04096e-03
 13  0.07656 -1.79671e-02 | 14  0.01318 -6.14657e-03 | 15 -0.01138 -9.86627e-04
 16  0.06604 -9.01925e-05 | 17  0.03744  2.63986e-03 | 18 -0.03130  3.90169e-03
 19 -0.01633 -2.59877e-03 | 20 -0.01814 -2.02627e-03 | 21  0.02258 -3.79570e-04
 22  0.04509  9.47703e-04 | 23 -0.05179 -2.66570e-04 | 24 -0.03309 -1.60285e-03
 25 -0.10666 -2.41959e-03 | 26 -0.00065 -8.31575e-03 | 27 -0.01537  1.34834e-02
 28 -0.01856  8.08388e-03 | 29  0.05770  1.26980e-02 | 30  0.00377 -7.36255e-03
 31  0.05875 -1.62072e-02 | 32 -0.02175 -9.96460e-03 | 33  0.04829  9.72276e-04
 34  0.00269  4.32311e-03 | 35  0.05792  2.02113e-02 | 36  0.02923  1.89609e-02
 37 -0.00485  1.95593e-02 | 38  0.03159  3.80009e-03 | 39  0.00131 -9.51070e-04
 40  0.24872  8.34445e-03 | 41  0.25729  2.11735e-02 | 42  0.27636  6.90894e-03
 43  0.27876  1.73191e-03 | 44 -0.29459 -6.66200e-01 | 45 -0.08730  2.35150e-01
 46 -0.29516 -9.41125e-02 | 47 -0.46817  6.68519e-02 | 48 -0.12549  2.17489e-02
 49 -0.23762 -3.29877e-02 |
49 variables; iteration 280; function evaluation 381; phase 3
Function value 1.2800332e+02; maximum gradient component mag -1.5413e+00
Var    Value     Gradient |Var    Value     Gradient |Var    Value     Gradient
  1  0.01661 -5.65706e-01 |  2 -0.06320  2.97661e-03 |  3 -0.09510  4.87916e-03
  4  0.01540  1.88148e-02 |  5 -0.01946  2.62613e-02 |  6  0.01919  3.46241e-02
  7 -0.04300  1.08728e-02 |  8 -0.09736  2.35960e-03 |  9 -0.06432 -8.94921e-03
 10 -0.07354  8.98446e-03 | 11  0.02729 -2.12785e-02 | 12  0.02839 -6.59156e-02
 13  0.07655 -2.23500e-01 | 14  0.01317 -4.21579e-02 | 15 -0.01138  2.00396e-02
 16  0.06604  4.04946e-02 | 17  0.03744  7.84030e-02 | 18 -0.03130  9.35979e-02
 19 -0.01633  1.43537e-02 | 20 -0.01814  2.89585e-02 | 21  0.02258  2.13588e-02
 22  0.04510  2.68570e-02 | 23 -0.05179  1.62211e-02 | 24 -0.03308 -7.36339e-03
 25 -0.10666 -2.74133e-02 | 26 -0.00066 -2.95406e-01 | 27 -0.01536  5.50153e-02
 28 -0.01856  4.06628e-02 | 29  0.05769  3.61197e-02 | 30  0.00376 -1.10486e-01
 31  0.05874 -1.17240e-01 | 32 -0.02176 -5.19432e-02 | 33  0.04829  5.74000e-02
 34  0.00269  6.98283e-02 | 35  0.05792  1.55190e-01 | 36  0.02923  9.51862e-02
 37 -0.00485  5.47928e-02 | 38  0.03159 -4.28155e-02 | 39  0.00131  2.75982e-02
 40  0.24872  6.49691e-02 | 41  0.25730  1.37768e+00 | 42  0.27636  6.00708e-02
 43  0.27877 -1.55647e-03 | 44 -0.28684 -1.54133e+00 | 45 -0.06541  5.44430e-01
 46 -0.26784 -1.53286e+00 | 47 -0.43239  1.18121e+00 | 48 -0.12548  1.15941e-01
 49 -0.23762 -1.74218e-01 |
49 variables; iteration 300; function evaluation 404; phase 3
Function value 1.2796053e+02; maximum gradient component mag 4.0459e+01
Var    Value     Gradient |Var    Value     Gradient |Var    Value     Gradient
  1  0.01658 -2.39042e+00 |  2 -0.06324  3.37414e-03 |  3 -0.09515  4.52921e-03
  4  0.01534  5.51677e-02 |  5 -0.01944  4.13625e-02 |  6  0.01927 -1.63462e-03
  7 -0.04304  2.07604e-02 |  8 -0.09737  2.56606e-02 |  9 -0.06428 -3.14268e-02
 10 -0.07357  3.06000e-02 | 11  0.02732 -1.07042e-02 | 12  0.02845 -1.01337e-01
 13  0.07668 -4.67093e-01 | 14  0.01310 -2.25514e-02 | 15 -0.01144  4.45597e-02
 16  0.06606  1.55674e-02 | 17  0.03748 -1.05621e-02 | 18 -0.03123 -5.62044e-02
 19 -0.01631  6.04617e-02 | 20 -0.01807  1.02067e-03 | 21  0.02252  7.17471e-02
 22  0.04502  7.08770e-02 | 23 -0.05203  7.81176e-02 | 24 -0.03394  1.53411e-01
 25 -0.10712  2.11934e-01 | 26 -0.00026 -1.68430e-01 | 27 -0.01551 -4.40024e-02
 28 -0.01828  1.09337e-01 | 29  0.05778  3.02324e-01 | 30  0.00388  8.86026e-03
 31  0.05874  7.14586e-01 | 32 -0.02172  7.48748e-01 | 33  0.04843  5.19147e-01
 34  0.00262  2.46960e-01 | 35  0.05793  1.01610e-01 | 36  0.02930 -6.43233e-01
 37 -0.00481 -1.30508e+00 | 38  0.03172 -6.00366e-01 | 39  0.00152 -1.01247e-01
 40  0.24875 -1.25047e-01 | 41  0.26291  1.15592e+01 | 42  0.27637  6.61345e-03
 43  0.27880 -4.50690e-02 | 44 -0.27623  4.04591e+01 | 45 -0.03550 -1.42750e+01
 46 -0.18235 -6.45627e+00 | 47 -0.33432  4.67631e+00 | 48 -0.12538 -5.60460e-01
 49 -0.23758  7.55858e-01 |
49 variables; iteration 320; function evaluation 424; phase 3
Function value 1.2795795e+02; maximum gradient component mag 7.5826e-01
Var    Value     Gradient |Var    Value     Gradient |Var    Value     Gradient
  1  0.01657 -6.03913e-01 |  2 -0.06320  2.04718e-04 |  3 -0.09510  1.31565e-04
  4  0.01542  2.53949e-03 |  5 -0.01941  1.04612e-02 |  6  0.01927  1.38569e-02
  7 -0.04297  1.04657e-02 |  8 -0.09732  1.01223e-02 |  9 -0.06425  1.19272e-02
 10 -0.07351  8.47740e-03 | 11  0.02734  1.22138e-02 | 12  0.02846  1.70810e-02
 13  0.07665  3.01136e-02 | 14  0.01316  1.57206e-02 | 15 -0.01139  7.48070e-03
 16  0.06607  5.09367e-03 | 17  0.03750  1.99948e-03 | 18 -0.03121  5.47144e-04
 19 -0.01628  5.39403e-03 | 20 -0.01807 -1.92091e-03 | 21  0.02254  9.72168e-03
 22  0.04502  9.95229e-03 | 23 -0.05206  8.23562e-03 | 24 -0.03403  5.93933e-03
 25 -0.10721  2.91848e-03 | 26 -0.00028  3.49313e-03 | 27 -0.01547 -9.76878e-03
 28 -0.01830 -2.49485e-03 | 29  0.05777 -4.40401e-03 | 30  0.00386 -7.67253e-03
 31  0.05872 -4.04542e-03 | 32 -0.02176  5.30485e-03 | 33  0.04842 -6.59521e-03
 34  0.00258 -5.52126e-03 | 35  0.05791 -1.49849e-02 | 36  0.02930 -2.43915e-02
 37 -0.00482 -8.15272e-02 | 38  0.03172 -4.61078e-02 | 39  0.00150  1.42719e-03
 40  0.24876 -3.16225e-03 | 41  0.26355 -2.24383e-01 | 42  0.27639 -1.33581e-02
 43  0.27882  6.51376e-03 | 44 -0.27671  7.58265e-01 | 45 -0.03678 -2.66232e-01
 46 -0.17877  6.50234e-02 | 47 -0.33175 -2.98885e-02 | 48 -0.12534 -3.22393e-02
 49 -0.23758  4.57611e-02 |

 - final statistics:
49 variables; iteration 330; function evaluation 434
Function value 1.2796e+02; maximum gradient component mag 6.6941e-05
Exit code = 1;  converg criter 1.0000e-04
Var    Value     Gradient |Var    Value     Gradient |Var    Value     Gradient
  1  0.01657  6.69413e-05 |  2 -0.06320 -1.39471e-07 |  3 -0.09509 -1.87160e-07
  4  0.01542 -1.40677e-06 |  5 -0.01941 -2.36573e-06 |  6  0.01927 -3.55322e-06
  7 -0.04297 -1.09566e-06 |  8 -0.09732 -3.38861e-07 |  9 -0.06425  4.91921e-07
 10 -0.07351 -8.19557e-07 | 11  0.02734 -1.23685e-06 | 12  0.02846 -1.78289e-06
 13  0.07665 -2.97172e-06 | 14  0.01316 -1.33372e-06 | 15 -0.01139 -8.70781e-07
 16  0.06607 -7.79389e-07 | 17  0.03750 -1.32597e-06 | 18 -0.03121 -1.37001e-06
 19 -0.01628 -3.74819e-07 | 20 -0.01807  1.87295e-07 | 21  0.02254 -1.28532e-06
 22  0.04502 -1.43012e-06 | 23 -0.05206 -8.70258e-07 | 24 -0.03403  2.29386e-07
 25 -0.10721  1.04601e-06 | 26 -0.00028  9.59597e-06 | 27 -0.01547  1.52713e-06
 28 -0.01830 -5.13789e-06 | 29  0.05777 -1.30402e-05 | 30  0.00386 -1.24104e-06
 31  0.05871  7.84810e-06 | 32 -0.02176  1.96155e-06 | 33  0.04842 -3.86250e-06
 34  0.00258 -6.18006e-06 | 35  0.05791 -4.41427e-06 | 36  0.02930  1.20535e-05
 37 -0.00482  1.57946e-05 | 38  0.03172  1.17796e-05 | 39  0.00150 -4.12808e-07
 40  0.24876 -5.95269e-07 | 41  0.26356 -2.10634e-05 | 42  0.27639  1.01621e-06
 43  0.27882 -5.01578e-06 | 44 -0.27858  5.62853e-05 | 45 -0.04209 -1.98794e-05
 46 -0.17874  6.86821e-06 | 47 -0.33173 -3.63971e-06 | 48 -0.12534 -1.43788e-07
 49 -0.23758 -9.42478e-08 |
Estimating row 1 out of 49 for hessian
Estimating row 2 out of 49 for hessian
Estimating row 3 out of 49 for hessian
Estimating row 4 out of 49 for hessian
Estimating row 5 out of 49 for hessian
Estimating row 6 out of 49 for hessian
Estimating row 7 out of 49 for hessian
Estimating row 8 out of 49 for hessian
Estimating row 9 out of 49 for hessian
Estimating row 10 out of 49 for hessian
Estimating row 11 out of 49 for hessian
Estimating row 12 out of 49 for hessian
Estimating row 13 out of 49 for hessian
Estimating row 14 out of 49 for hessian
Estimating row 15 out of 49 for hessian
Estimating row 16 out of 49 for hessian
Estimating row 17 out of 49 for hessian
Estimating row 18 out of 49 for hessian
Estimating row 19 out of 49 for hessian
Estimating row 20 out of 49 for hessian
Estimating row 21 out of 49 for hessian
Estimating row 22 out of 49 for hessian
Estimating row 23 out of 49 for hessian
Estimating row 24 out of 49 for hessian
Estimating row 25 out of 49 for hessian
Estimating row 26 out of 49 for hessian
Estimating row 27 out of 49 for hessian
Estimating row 28 out of 49 for hessian
Estimating row 29 out of 49 for hessian
Estimating row 30 out of 49 for hessian
Estimating row 31 out of 49 for hessian
Estimating row 32 out of 49 for hessian
Estimating row 33 out of 49 for hessian
Estimating row 34 out of 49 for hessian
Estimating row 35 out of 49 for hessian
Estimating row 36 out of 49 for hessian
Estimating row 37 out of 49 for hessian
Estimating row 38 out of 49 for hessian
Estimating row 39 out of 49 for hessian
Estimating row 40 out of 49 for hessian
Estimating row 41 out of 49 for hessian
Estimating row 42 out of 49 for hessian
Estimating row 43 out of 49 for hessian
Estimating row 44 out of 49 for hessian
Estimating row 45 out of 49 for hessian
Estimating row 46 out of 49 for hessian
Estimating row 47 out of 49 for hessian
Estimating row 48 out of 49 for hessian
Estimating row 49 out of 49 for hessian
size of file gradfil1.tmp = 0
size of file gradfil2.tmp = 0
size of file varssave.tmp = 0
size of file cmpdiff.tmp = 0
