
Initial statistics: 3 variables; iteration 0; function evaluation 0; phase 1
Function value 3.3469342e+03; maximum gradient component mag 1.7926e+04
Var    Value     Gradient |Var    Value     Gradient |Var    Value     Gradient
  1  0.33333  1.79260e+04 |  2  0.21635  8.59801e+03 |  3 -0.59033 -1.40934e+03

 - final statistics:
3 variables; iteration 18; function evaluation 26
Function value 5.5505e+02; maximum gradient component mag 7.0089e+00
Exit code = 1;  converg criter 1.0000e+01
Var    Value     Gradient |Var    Value     Gradient |Var    Value     Gradient
  1  0.07703  7.00890e+00 |  2  0.19880  3.01939e+00 |  3 -0.26093 -1.53458e-01

Initial statistics: 50 variables; iteration 0; function evaluation 0; phase 2
Function value 5.5505267e+02; maximum gradient component mag -3.9886e+03
Var    Value     Gradient |Var    Value     Gradient |Var    Value     Gradient
  1  0.07703  7.00890e+00 |  2  0.00000  1.20993e+01 |  3  0.00000  2.74062e+01
  4  0.00000 -6.63957e+01 |  5  0.00000  2.78479e+01 |  6  0.00000 -4.39569e+01
  7  0.00000 -1.80797e+01 |  8  0.00000  3.37380e+01 |  9  0.00000  4.75887e+00
 10  0.00000  1.09427e+01 | 11  0.00000 -4.33218e+01 | 12  0.00000  7.48652e+00
 13  0.00000 -2.44595e+01 | 14  0.00000  4.96497e+00 | 15  0.00000  4.37754e+00
 16  0.00000 -4.21650e+01 | 17  0.00000  1.10775e+01 | 18  0.00000  7.31470e+01
 19  0.00000  1.11217e+01 | 20  0.00000  3.76095e+01 | 21  0.00000 -6.55450e+01
 22  0.00000 -8.17345e+01 | 23  0.00000  8.79879e+01 | 24  0.00000  5.07537e-01
 25  0.00000  1.68821e+02 | 26  0.00000  7.25709e+01 | 27  0.00000  1.61579e+01
 28  0.00000  2.30485e+01 | 29  0.00000 -2.35004e+02 | 30  0.00000  3.55601e+02
 31  0.00000 -5.99943e+02 | 32  0.00000  3.92309e+02 | 33  0.00000 -7.58148e+02
 34  0.00000  3.18528e+02 | 35  0.00000 -2.56761e+02 | 36  0.00000  9.34363e+01
 37  0.00000  3.77404e+02 | 38  0.00000 -1.01692e+02 | 39  0.00000  1.37368e+02
 40  0.21635  6.17844e+02 | 41 -0.59033 -2.45378e+01 | 42  0.21635  2.03364e+03
 43 -0.59033 -7.81273e+01 | 44  0.21635 -2.87787e+02 | 45 -0.59033 -3.22920e+00
 46  0.19880  3.01939e+00 | 47 -0.26093 -1.53458e-01 | 48 -0.30909 -2.25553e+03
 49  0.12819  1.05931e+01 | 50 -0.30909 -3.98857e+03 |

Intermediate statistics: 50 variables; iteration 20; function evaluation 31; phase 2
Function value 1.8812767e+02; maximum gradient component mag -8.5798e+02
Var    Value     Gradient |Var    Value     Gradient |Var    Value     Gradient
  1  0.02925 -6.58820e+02 |  2 -0.07284 -9.55490e-01 |  3 -0.11072 -2.21496e+00
  4 -0.00198 -4.59499e+00 |  5 -0.03309  4.41502e+00 |  6 -0.00382 -1.37339e+01
  7 -0.05627 -9.16659e+00 |  8 -0.10152 -2.85653e+00 |  9 -0.07046 -5.06624e+00
 10 -0.06732 -8.45420e-01 | 11  0.00935 -1.12005e+01 | 12  0.00834  2.82014e+00
 13  0.04342  1.20169e+01 | 14  0.00578 -7.92530e+00 | 15 -0.00595 -2.99177e+00
 16  0.04701 -4.09034e+01 | 17  0.01249 -2.57819e+01 | 18 -0.03540  1.60576e+01
 19 -0.01079 -3.43677e+00 | 20 -0.01901  1.29319e+00 | 21  0.03647 -4.08500e+01
 22  0.04466 -4.20395e+01 | 23 -0.03425  1.93753e+01 | 24 -0.01107 -6.74531e+00
 25 -0.07403  4.34663e+01 | 26 -0.03333  3.81082e+00 | 27 -0.02168 -3.12116e+01
 28  0.01522 -7.73958e+01 | 29  0.02699 -3.13540e+02 | 30 -0.01592 -1.06136e+02
 31  0.07605  2.37974e+02 | 32 -0.01361 -1.15379e+02 | 33  0.07773 -1.02630e+01
 34  0.00428 -8.40953e+01 | 35  0.05552  1.54934e+01 | 36  0.01587 -1.05150e+02
 37 -0.00645  7.24588e+01 | 38  0.04545  3.77891e+01 | 39  0.07407  5.83036e+01
 40  0.23344 -6.77100e+02 | 41 -0.60152 -1.44588e+01 | 42  0.22723  5.10253e+02
 43 -0.40198 -2.77999e+01 | 44  0.25731 -1.23486e+02 | 45 -0.63075  1.35017e+00
 46  0.23327 -1.36449e+02 | 47 -0.29385 -1.25459e+00 | 48 -0.23170  1.53438e+02
 49  0.11221 -4.86981e+01 | 50 -0.25857 -8.57978e+02 |
50 variables; iteration 40; function evaluation 53; phase 2
Function value 1.7546351e+02; maximum gradient component mag -6.9104e+02
Var    Value     Gradient |Var    Value     Gradient |Var    Value     Gradient
  1  0.02503 -6.58804e+02 |  2 -0.09455 -7.47677e+00 |  3 -0.10169 -1.38030e+00
  4 -0.01095 -2.76461e+01 |  5 -0.03880 -8.19300e+00 |  6  0.01408  2.43514e+01
  7 -0.04162  1.19457e+01 |  8 -0.09020  8.55095e+00 |  9 -0.05041  2.21493e+01
 10 -0.05730  2.14215e+00 | 11  0.02834  1.28184e+00 | 12  0.03281  1.57132e+01
 13  0.04507 -3.14465e+01 | 14  0.00836  1.08424e+01 | 15 -0.03003 -1.62956e+01
 16  0.05881 -1.13735e+01 | 17  0.01921 -8.61206e+00 | 18 -0.04626  8.76144e+00
 19 -0.01283  1.86127e+01 | 20 -0.03637 -2.20160e+01 | 21  0.01979 -3.52597e+01
 22  0.03211 -4.91335e+01 | 23 -0.05613  1.06518e+01 | 24 -0.01826  1.84291e+00
 25 -0.09483  2.65787e+01 | 26 -0.02193  2.51367e+01 | 27 -0.02506 -2.90790e+01
 28  0.01339 -4.60023e+01 | 29  0.04096 -1.59933e+02 | 30 -0.00713 -2.78654e+01
 31  0.07043  1.54597e+02 | 32 -0.00975 -6.84009e+01 | 33  0.07849 -8.61082e+00
 34  0.01128 -1.62137e+01 | 35  0.05754  2.16833e+01 | 36  0.02270 -4.26049e+01
 37 -0.00840  3.61765e+01 | 38  0.03763  2.56388e+01 | 39  0.05118  5.29180e+01
 40  0.23836 -4.85914e+02 | 41 -0.54108 -8.69866e+00 | 42  0.23501  3.85914e+02
 43 -0.13425 -1.03809e+01 | 44  0.26769 -8.52371e+00 | 45 -1.17347 -1.34339e+00
 46  0.23921 -6.67789e+01 | 47 -0.12846  3.21204e+00 | 48 -0.22927  1.18682e+02
 49  0.11184 -3.68945e+01 | 50 -0.25552 -6.91039e+02 |
50 variables; iteration 60; function evaluation 82; phase 2
Function value 1.6299172e+02; maximum gradient component mag -1.3200e+02
Var    Value     Gradient |Var    Value     Gradient |Var    Value     Gradient
  1  0.02116 -1.31996e+02 |  2 -0.06609 -6.52516e-01 |  3 -0.10001 -1.44411e+00
  4  0.01333 -1.27828e+00 |  5 -0.02572 -5.10144e+00 |  6  0.01379 -1.68635e+01
  7 -0.04681  3.86738e-01 |  8 -0.09899  1.27494e+00 |  9 -0.06702  1.84743e+00
 10 -0.07279 -4.09312e-01 | 11  0.02454  1.89125e+00 | 12  0.02101 -1.21278e+00
 13  0.06355 -6.36179e+00 | 14  0.00778 -3.02718e+00 | 15 -0.00802  1.79452e+00
 16  0.06787  1.05929e+00 | 17  0.02674  1.86522e+00 | 18 -0.04345  3.54618e+00
 19 -0.01380 -2.89917e+00 | 20 -0.02503 -2.69820e+00 | 21  0.03955  2.26112e+00
 22  0.05174 -1.87776e+00 | 23 -0.05682  7.81273e+00 | 24 -0.01331 -8.82751e-01
 25 -0.10383 -2.14653e+00 | 26 -0.01860  5.34079e-01 | 27 -0.01104  2.28785e-01
 28  0.01741 -1.59458e+00 | 29  0.04668  6.28117e-01 | 30 -0.00233  6.56514e+00
 31  0.06221 -4.67544e+00 | 32  0.00123 -2.77584e+00 | 33  0.07081 -1.14477e+00
 34  0.01106  2.88226e+00 | 35  0.05678  2.33421e+00 | 36  0.02689  2.02253e+00
 37 -0.01116  8.96577e-01 | 38  0.02461 -6.81721e+00 | 39 -0.01668  2.34561e+00
 40  0.24354 -7.20497e+00 | 41 -0.44777  7.35599e-01 | 42  0.22596  1.45960e+01
 43 -0.09373 -3.14597e-01 | 44  0.26983 -1.53347e+01 | 45 -1.01069 -4.52934e-02
 46  0.25090  6.19976e+00 | 47 -0.37168 -3.48399e-01 | 48 -0.23821 -5.99492e+00
 49  0.08326  7.72205e+00 | 50 -0.24925 -2.39041e+01 |

 - final statistics:
50 variables; iteration 75; function evaluation 97
Function value 1.6279e+02; maximum gradient component mag -2.9472e+00
Exit code = 1;  converg criter 1.0000e+01
Var    Value     Gradient |Var    Value     Gradient |Var    Value     Gradient
  1  0.02116 -2.94720e+00 |  2 -0.06456  1.78008e-04 |  3 -0.09721  5.39080e-03
  4  0.01176  3.00986e-02 |  5 -0.02556 -2.96460e-02 |  6  0.01396  1.56068e-01
  7 -0.04592 -4.62060e-02 |  8 -0.09855 -2.30477e-02 |  9 -0.06691 -2.06785e-01
 10 -0.07118  7.11208e-02 | 11  0.02341 -1.14593e-01 | 12  0.02066 -6.11727e-02
 13  0.06327 -2.99343e-01 | 14  0.00941 -6.83008e-03 | 15 -0.00800  1.48269e-01
 16  0.06810  2.59667e-01 | 17  0.02682  3.38460e-01 | 18 -0.04441  1.84961e-01
 19 -0.01309 -1.51853e-01 | 20 -0.02493 -3.41722e-01 | 21  0.03917  6.57943e-02
 22  0.05323  7.67678e-02 | 23 -0.06129  1.13002e-01 | 24 -0.01251 -6.69931e-02
 25 -0.10170  1.58630e-01 | 26 -0.01908  4.18751e-01 | 27 -0.01107  2.19163e-01
 28  0.01748 -8.49620e-02 | 29  0.04655  3.86782e-01 | 30 -0.00260  1.67979e-01
 31  0.06246  1.78193e-01 | 32  0.00195  5.16776e-02 | 33  0.07043  1.04474e-01
 34  0.01063 -4.71124e-02 | 35  0.05646  9.80852e-02 | 36  0.02671 -3.25660e-01
 37 -0.01132 -4.15109e-01 | 38  0.02444 -1.47783e+00 | 39 -0.01763  2.77306e-02
 40  0.24362 -1.13747e+00 | 41 -0.45727 -6.39512e-03 | 42  0.22553  5.52476e-01
 43 -0.08505 -4.67309e-03 | 44  0.27027  7.48937e-01 | 45 -0.99545  1.88716e-02
 46  0.25095  3.68847e-01 | 47 -0.35873  7.25308e-03 | 48 -0.26857 -2.26423e-01
 49 -0.00827  1.37591e-01 | 50 -0.24898  2.57621e-01 |

Initial statistics: 53 variables; iteration 0; function evaluation 0; phase 3
Function value 1.6278611e+02; maximum gradient component mag -1.0012e+03
Var    Value     Gradient |Var    Value     Gradient |Var    Value     Gradient
  1  0.02116 -2.94720e+00 |  2 -0.06456  1.78008e-04 |  3 -0.09721  5.39080e-03
  4  0.01176  3.00986e-02 |  5 -0.02556 -1.62462e-02 |  6  0.01396  1.69475e-01
  7 -0.04592 -3.28302e-02 |  8 -0.09855 -9.79739e-03 |  9 -0.06691 -1.93448e-01
 10 -0.07118  8.44476e-02 | 11  0.02341 -1.01191e-01 | 12  0.02066 -4.77692e-02
 13  0.06328 -2.85998e-01 | 14  0.00941  6.57908e-03 | 15 -0.00800  1.61679e-01
 16  0.06810  2.73001e-01 | 17  0.02682  3.51859e-01 | 18 -0.04441  1.98339e-01
 19 -0.01309 -1.38445e-01 | 20 -0.02493 -3.28322e-01 | 21  0.03917  7.91795e-02
 22  0.05323  9.01316e-02 | 23 -0.06129  1.26350e-01 | 24 -0.01251 -5.35851e-02
 25 -0.10170  1.71870e-01 | 26 -0.01908  4.32156e-01 | 27 -0.01107  2.32571e-01
 28  0.01749 -7.15565e-02 | 29  0.04655  4.00156e-01 | 30 -0.00260  1.81389e-01
 31  0.06246  1.91540e-01 | 32  0.00195  6.50882e-02 | 33  0.07043  1.17803e-01
 34  0.01063 -3.37037e-02 | 35  0.05646  1.11443e-01 | 36  0.02671 -3.12261e-01
 37 -0.01132 -4.01700e-01 | 38  0.02444 -1.46443e+00 | 39 -0.01763  4.11361e-02
 40  0.24362 -1.13747e+00 | 41 -0.45727 -6.39512e-03 | 42  0.22553  5.52476e-01
 43 -0.08505 -4.67309e-03 | 44  0.27027  7.48937e-01 | 45 -0.99545  1.88716e-02
 46  0.25095  3.68847e-01 | 47 -0.35873  7.25308e-03 | 48 -0.26857 -2.26423e-01
 49 -0.00827  1.37591e-01 | 50 -0.30909 -1.00121e+03 | 51 -0.43452  2.74805e-04
 52 -0.24898  2.57621e-01 | 53 -0.36199 -1.92599e+01 |

Intermediate statistics: 53 variables; iteration 20; function evaluation 27; phase 3
Function value 1.3116987e+02; maximum gradient component mag -2.4802e+03
Var    Value     Gradient |Var    Value     Gradient |Var    Value     Gradient
  1  0.01806 -2.48020e+03 |  2 -0.06410  1.05351e-01 |  3 -0.09638  2.03888e-01
  4  0.01445  2.66005e+00 |  5 -0.02222  3.79702e+01 |  6  0.01617  4.36848e+01
  7 -0.04395  3.61355e+01 |  8 -0.09778  3.56968e+01 |  9 -0.06580  3.46389e+01
 10 -0.07240  3.17013e+01 | 11  0.02456  4.01472e+00 | 12  0.02272 -4.31430e+01
 13  0.06760 -2.20636e+02 | 14  0.00895 -8.51297e+00 | 15 -0.00713  3.21800e+01
 16  0.07079  1.15999e+01 | 17  0.03068 -4.62436e+00 | 18 -0.04269 -1.18807e+01
 19 -0.01939  8.62023e-01 | 20 -0.02032  3.90124e+00 | 21  0.02172  1.23631e+01
 22  0.03729  7.53715e+00 | 23 -0.05194  3.51104e+01 | 24 -0.03722 -1.60994e+00
 25 -0.10269  1.70679e+01 | 26 -0.00849 -3.42867e+01 | 27 -0.01349 -1.49933e+00
 28  0.00246 -2.59469e+01 | 29  0.05467 -6.07706e+01 | 30  0.00025 -1.03941e+01
 31  0.06201  1.66054e+01 | 32 -0.00373  1.91316e+01 | 33  0.06833  2.35035e+01
 34  0.00924  6.37587e+00 | 35  0.05783 -1.85211e+01 | 36  0.03001 -3.91347e+01
 37 -0.00772 -1.42132e+01 | 38  0.02681 -1.07991e+01 | 39  0.00427  9.36070e+01
 40  0.24791  8.94242e+01 | 41 -0.45719  3.97012e-01 | 42  0.24998 -1.35640e+02
 43 -0.12160  8.49142e+00 | 44  0.27194 -1.01403e+02 | 45 -0.99552  2.95701e-02
 46  0.25589 -4.76147e+01 | 47 -0.35866 -1.04575e-01 | 48 -0.26263  5.35566e+02
 49  0.00516 -1.84460e+02 | 50 -0.26632 -1.88985e+02 | 51 -0.42251  1.29161e+02
 52 -0.21435 -4.02341e+02 | 53 -0.30971  2.21214e+02 |
53 variables; iteration 40; function evaluation 51; phase 3
Function value 1.2719004e+02; maximum gradient component mag -8.1488e+02
Var    Value     Gradient |Var    Value     Gradient |Var    Value     Gradient
  1  0.01801 -8.14884e+02 |  2 -0.05363  2.49375e+00 |  3 -0.10483 -3.21455e+00
  4  0.01624  1.69011e+00 |  5 -0.02718 -4.21173e+00 |  6  0.01738  3.02937e+00
  7 -0.04285  1.06145e+01 |  8 -0.09518  1.25520e+01 |  9 -0.06759  6.82945e+00
 10 -0.07422  8.64170e+00 | 11  0.02350  1.00073e+01 | 12  0.00776 -1.18389e+01
 13  0.07869  1.98325e+01 | 14  0.00758  2.26441e+00 | 15 -0.01545 -9.40055e-01
 16  0.07031 -3.27168e+00 | 17  0.03075 -1.76190e+01 | 18 -0.04036 -1.73381e+01
 19 -0.01473  7.16047e+00 | 20 -0.02104  2.14165e+01 | 21  0.03488  1.06666e+01
 22  0.03709 -1.04297e+01 | 23 -0.05262  9.93948e+00 | 24 -0.03959 -2.12742e+01
 25 -0.09774  1.46385e+01 | 26 -0.00797 -2.70509e+01 | 27 -0.01469 -1.01864e+01
 28  0.00118 -1.06057e+01 | 29  0.05556 -4.66165e+01 | 30  0.00111 -2.23693e+01
 31  0.06115 -1.99612e+01 | 32 -0.00506  1.42255e+01 | 33  0.06636 -1.13321e+01
 34  0.01104  2.91167e+00 | 35  0.05910 -1.74007e+01 | 36  0.03055 -3.37416e+01
 37 -0.00796 -2.98459e+01 | 38  0.02709 -1.89522e+01 | 39 -0.00107  4.57078e+01
 40  0.24769  1.34269e+02 | 41 -0.58582 -8.10957e+00 | 42  0.25732  1.55158e+02
 43 -0.51933  2.12023e+00 | 44  0.27326 -1.29021e+01 | 45 -1.01142 -8.54486e-02
 46  0.25790  2.83420e+01 | 47 -0.42448 -1.80400e+00 | 48 -0.24115  1.99420e+02
 49  0.06742 -6.55314e+01 | 50 -0.26179 -2.09422e+02 | 51 -0.42126  1.54973e+02
 52 -0.21478 -4.08446e+02 | 53 -0.30987  2.14608e+02 |
53 variables; iteration 60; function evaluation 78; phase 3
Function value 1.2214873e+02; maximum gradient component mag -2.7295e+02
Var    Value     Gradient |Var    Value     Gradient |Var    Value     Gradient
  1  0.01832 -1.04494e+02 |  2 -0.06878 -1.47415e+00 |  3 -0.09608 -4.37477e-01
  4  0.01432 -1.71572e+00 |  5 -0.02293 -1.65917e+00 |  6  0.01526 -1.95933e+00
  7 -0.04369  4.68052e-01 |  8 -0.09683  1.31265e+00 |  9 -0.06481  7.62798e-01
 10 -0.07140  2.10013e-01 | 11  0.02690 -2.33835e+00 | 12  0.02606 -7.66782e+00
 13  0.06981 -2.96233e+01 | 14  0.01141 -4.23529e+00 | 15 -0.00705  2.40238e+00
 16  0.07138  1.08781e+01 | 17  0.03107  1.77587e+01 | 18 -0.04107  2.11807e+01
 19 -0.01093 -4.16132e+01 | 20 -0.02711 -8.33814e+01 | 21  0.03943  4.37703e+00
 22  0.04364  7.96672e+00 | 23 -0.05628  3.74236e-01 | 24 -0.02426  1.54599e+01
 25 -0.10381  1.02375e+01 | 26 -0.01023  4.81822e+01 | 27 -0.01308  2.09802e+01
 28 -0.00448  1.17166e+01 | 29  0.05493  3.62642e+01 | 30 -0.00045  8.89417e+00
 31  0.05871  9.53358e+00 | 32 -0.01108 -1.35764e+01 | 33  0.05993 -3.76545e-02
 34  0.00652  5.62333e+00 | 35  0.05588 -3.21745e+00 | 36  0.02918 -1.17512e+01
 37 -0.00797 -2.07793e+00 | 38  0.02548 -4.71544e+01 | 39 -0.00936 -8.14699e+00
 40  0.24629 -4.23899e+01 | 41 -0.47493  3.89655e-01 | 42  0.25611 -7.72077e+01
 43 -0.65510  6.76182e-02 | 44  0.27403 -7.70002e+00 | 45 -1.31647 -2.75947e+00
 46  0.26390 -1.94197e+01 | 47 -0.36763  2.04228e-01 | 48 -0.26242 -2.72950e+02
 49  0.00830  9.26300e+01 | 50 -0.26251  6.84814e+01 | 51 -0.42774 -5.51956e+01
 52 -0.17928 -3.80165e+01 | 53 -0.27378 -3.68782e+01 |
53 variables; iteration 80; function evaluation 100; phase 3
Function value 1.1878100e+02; maximum gradient component mag -9.8233e+00
Var    Value     Gradient |Var    Value     Gradient |Var    Value     Gradient
  1  0.01702 -9.82329e+00 |  2 -0.06326  4.05532e-03 |  3 -0.09525 -9.38048e-03
  4  0.01516 -2.27773e-02 |  5 -0.02018  9.80616e-02 |  6  0.01819  8.44192e-03
  7 -0.04342  1.27790e-01 |  8 -0.09780  1.29344e-01 |  9 -0.06509  1.22319e-01
 10 -0.07376  1.39434e-01 | 11  0.02685  1.32035e-01 | 12  0.02775  1.43478e-01
 13  0.07537  1.57213e-01 | 14  0.01167  1.36005e-01 | 15 -0.00666  1.27839e-01
 16  0.07270  1.00539e-01 | 17  0.03489  7.31986e-02 | 18 -0.03455  3.83161e-02
 19 -0.01220 -2.35990e-02 | 20 -0.02104 -1.83519e-01 | 21  0.03503  1.42819e-01
 22  0.03932  1.18762e-01 | 23 -0.05759  1.25789e-01 | 24 -0.02922  1.13688e-01
 25 -0.10382  1.18107e-01 | 26 -0.00401 -2.46143e-02 | 27 -0.01476 -8.29899e-03
 28 -0.01178 -3.24968e-03 | 29  0.05480 -3.33427e-01 | 30  0.00140 -4.36830e-01
 31  0.05616 -2.20291e-01 | 32 -0.01707  8.75956e-02 | 33  0.04789  7.16680e-03
 34 -0.00161  1.73229e-02 | 35  0.05336 -1.12438e-01 | 36  0.02992 -1.88799e-01
 37 -0.00531 -3.85419e-01 | 38  0.03049 -4.28344e-01 | 39  0.00349  2.59747e-02
 40  0.24836 -1.83794e-02 | 41 -0.48880 -1.52938e-03 | 42  0.25967  1.33401e-02
 43 -0.65512 -4.68212e-03 | 44  0.27579 -5.39895e-02 | 45 -0.99898  6.40259e-03
 46  0.27847 -9.33185e-03 | 47 -0.38846 -1.76732e-03 | 48 -0.27196  5.42404e+00
 49 -0.02253 -1.88504e+00 | 50 -0.26036 -2.08195e-01 | 51 -0.42544  1.61218e-01
 52 -0.12939 -3.22327e-01 | 53 -0.24179  3.61931e-01 |
53 variables; iteration 100; function evaluation 120; phase 3
Function value 1.1878092e+02; maximum gradient component mag 1.0859e+00
Var    Value     Gradient |Var    Value     Gradient |Var    Value     Gradient
  1  0.01702  1.08594e+00 |  2 -0.06329  3.66671e-04 |  3 -0.09523  2.94812e-03
  4  0.01516  8.44858e-03 |  5 -0.02018 -1.70861e-03 |  6  0.01819  1.64933e-02
  7 -0.04342 -1.07241e-02 |  8 -0.09780 -1.23728e-02 |  9 -0.06509 -1.12774e-02
 10 -0.07376 -1.36139e-02 | 11  0.02686 -1.20398e-02 | 12  0.02775 -1.42381e-02
 13  0.07536 -1.29790e-02 | 14  0.01167 -1.15254e-02 | 15 -0.00665 -1.16812e-02
 16  0.07270 -1.45460e-02 | 17  0.03488 -1.61656e-02 | 18 -0.03455 -1.76987e-02
 19 -0.01220 -1.88722e-02 | 20 -0.02103 -4.17639e-02 | 21  0.03503 -7.19393e-03
 22  0.03932 -4.73899e-03 | 23 -0.05759 -1.21918e-02 | 24 -0.02922  2.40782e-04
 25 -0.10382 -1.68993e-03 | 26 -0.00401  4.16023e-02 | 27 -0.01476  1.04488e-03
 28 -0.01178  2.09415e-02 | 29  0.05480  8.81344e-02 | 30  0.00140  5.13389e-02
 31  0.05616  2.13092e-02 | 32 -0.01707 -1.60354e-02 | 33  0.04789  5.44848e-03
 34 -0.00161 -5.32643e-03 | 35  0.05335  1.35986e-02 | 36  0.02991  1.22237e-02
 37 -0.00531  1.64356e-02 | 38  0.03049  2.10593e-02 | 39  0.00350  2.53379e-03
 40  0.24836 -1.63170e-02 | 41 -0.48879 -2.86758e-04 | 42  0.25967 -1.80128e-02
 43 -0.65489  1.52881e-03 | 44  0.27579  3.62318e-03 | 45 -0.99958 -1.29184e-03
 46  0.27847 -8.49258e-03 | 47 -0.38838  2.82145e-04 | 48 -0.27857 -3.24090e-01
 49 -0.04142  1.13442e-01 | 50 -0.26022  1.08765e-02 | 51 -0.42526 -1.68843e-02
 52 -0.12938  8.03474e-02 | 53 -0.24179 -7.83788e-02 |
53 variables; iteration 120; function evaluation 151; phase 3
Function value 1.1877387e+02; maximum gradient component mag 7.3995e+00
Var    Value     Gradient |Var    Value     Gradient |Var    Value     Gradient
  1  0.01700 -5.77936e+00 |  2 -0.06319  1.49237e-02 |  3 -0.09536 -6.31157e-02
  4  0.01516 -1.08291e-01 |  5 -0.02016 -8.51224e-02 |  6  0.01823 -2.35231e-01
  7 -0.04343 -1.63375e-02 |  8 -0.09779  2.15854e-02 |  9 -0.06506  6.70968e-03
 10 -0.07377  5.56849e-02 | 11  0.02683  2.08010e-02 | 12  0.02778  9.26666e-02
 13  0.07542  1.58218e-01 | 14  0.01165  1.69631e-02 | 15 -0.00670  1.24748e-03
 16  0.07273  4.64878e-02 | 17  0.03493  3.98543e-02 | 18 -0.03452 -8.80331e-03
 19 -0.01213  2.01102e-02 | 20 -0.02102  3.44621e-02 | 21  0.03496  8.84605e-02
 22  0.03925  2.81594e-02 | 23 -0.05777  1.01762e-01 | 24 -0.02947  3.26071e-02
 25 -0.10390  6.12214e-02 | 26 -0.00390 -4.25434e-02 | 27 -0.01480 -1.71996e-02
 28 -0.01174 -9.17693e-02 | 29  0.05483 -3.95983e-01 | 30  0.00144 -1.11953e-01
 31  0.05617 -7.64041e-02 | 32 -0.01706  1.47410e-01 | 33  0.04793 -1.27175e-01
 34 -0.00161 -2.36411e-02 | 35  0.05338 -1.34578e-01 | 36  0.02995 -1.10706e-01
 37 -0.00528 -6.70365e-03 | 38  0.03053 -1.47672e-01 | 39  0.00348 -1.07568e-01
 40  0.24837  2.77366e-01 | 41 -0.48873  1.90577e-03 | 42  0.26127  2.49975e+00
 43 -0.65674 -2.53397e-02 | 44  0.27581  1.51406e-01 | 45 -1.00796 -6.52300e-02
 46  0.27847  2.53012e-01 | 47 -0.38857 -6.02633e-03 | 48 -0.30226  7.39951e+00
 49 -0.10879 -2.60844e+00 | 50 -0.20938 -2.63878e+00 | 51 -0.36571  2.14667e+00
 52 -0.12941 -9.01044e-01 | 53 -0.24180  8.63257e-01 |
53 variables; iteration 140; function evaluation 172; phase 3
Function value 1.1877308e+02; maximum gradient component mag -1.2716e-01
Var    Value     Gradient |Var    Value     Gradient |Var    Value     Gradient
  1  0.01700 -1.27155e-01 |  2 -0.06328 -3.64482e-04 |  3 -0.09523 -1.73443e-03
  4  0.01518 -5.14707e-03 |  5 -0.02015 -5.50338e-03 |  6  0.01823 -1.51361e-02
  7 -0.04339 -2.63284e-03 |  8 -0.09778 -1.64326e-03 |  9 -0.06506 -4.20753e-03
 10 -0.07374  4.41432e-04 | 11  0.02688 -1.33350e-04 | 12  0.02778  1.83383e-03
 13  0.07541  6.41765e-03 | 14  0.01168 -1.70403e-03 | 15 -0.00664 -1.14843e-03
 16  0.07272 -3.54987e-03 | 17  0.03492 -5.08188e-03 | 18 -0.03451 -2.69885e-03
 19 -0.01212  1.22284e-02 | 20 -0.02102  2.75850e-02 | 21  0.03491  2.19016e-04
 22  0.03924 -1.81335e-03 | 23 -0.05783  7.02308e-04 | 24 -0.02954 -3.99167e-03
 25 -0.10393 -1.52090e-03 | 26 -0.00387 -1.51273e-02 | 27 -0.01482 -4.42899e-03
 28 -0.01175 -1.21192e-02 | 29  0.05485 -4.61605e-02 | 30  0.00144  8.64368e-03
 31  0.05616  6.71428e-03 | 32 -0.01709  6.23566e-03 | 33  0.04792 -1.94767e-03
 34 -0.00162  3.42134e-03 | 35  0.05338 -1.95220e-04 | 36  0.02994  5.12639e-03
 37 -0.00529  1.38369e-02 | 38  0.03054  4.74619e-03 | 39  0.00355  9.10887e-04
 40  0.24838  1.45198e-02 | 41 -0.48879  3.98883e-05 | 42  0.26165  1.08683e-01
 43 -0.65707 -1.17949e-03 | 44  0.27581 -5.31250e-03 | 45 -1.00079 -4.02577e-03
 46  0.27849  2.52574e-03 | 47 -0.38834 -1.69381e-04 | 48 -0.30360 -7.34270e-02
 49 -0.11260  2.47420e-02 | 50 -0.20553 -2.16340e-02 | 51 -0.36189  9.25287e-03
 52 -0.12932 -4.29088e-02 | 53 -0.24176  4.01795e-02 |
53 variables; iteration 160; function evaluation 194; phase 3
Function value 1.1877304e+02; maximum gradient component mag 3.7152e+00
Var    Value     Gradient |Var    Value     Gradient |Var    Value     Gradient
  1  0.01700 -1.50351e+00 |  2 -0.06328  5.14293e-04 |  3 -0.09523  3.19621e-04
  4  0.01518  3.42084e-03 |  5 -0.02015  2.30291e-02 |  6  0.01823  2.26530e-02
  7 -0.04339  2.33340e-02 |  8 -0.09778  2.28196e-02 |  9 -0.06506  2.35478e-02
 10 -0.07374  2.07598e-02 | 11  0.02688  1.62262e-02 | 12  0.02778  8.88362e-03
 13  0.07541 -2.19474e-02 | 14  0.01168  1.73552e-02 | 15 -0.00665  2.22580e-02
 16  0.07272  2.19724e-02 | 17  0.03492  2.16949e-02 | 18 -0.03451  2.00294e-02
 19 -0.01212  1.99150e-02 | 20 -0.02102  1.21469e-02 | 21  0.03491  2.41191e-02
 22  0.03924  2.14268e-02 | 23 -0.05783  2.02141e-02 | 24 -0.02954  1.52514e-02
 25 -0.10393  1.15704e-02 | 26 -0.00387 -3.56493e-02 | 27 -0.01482  4.36256e-03
 28 -0.01175 -2.56038e-03 | 29  0.05485 -6.77723e-02 | 30  0.00145 -1.16331e-01
 31  0.05616 -3.65071e-02 | 32 -0.01709  2.06912e-02 | 33  0.04792  1.34100e-02
 34 -0.00162  9.92551e-03 | 35  0.05338 -1.45899e-02 | 36  0.02994 -4.38892e-02
 37 -0.00528 -7.68655e-02 | 38  0.03054 -3.54378e-02 | 39  0.00356  8.47058e-03
 40  0.24838 -4.97263e-03 | 41 -0.48879 -2.71013e-06 | 42  0.26165 -9.08590e-04
 43 -0.65703 -1.12923e-04 | 44  0.27581 -2.37086e-03 | 45 -1.00047  3.32187e-04
 46  0.27849 -6.18285e-03 | 47 -0.38834 -7.91992e-05 | 48 -0.28638  3.71520e+00
 49 -0.06371 -1.30649e+00 | 50 -0.20550 -2.63428e-03 | 51 -0.36186  3.10077e-03
 52 -0.12931 -3.41998e-02 | 53 -0.24176  4.26160e-02 |
Warning: the following parameters had issues
  Q_parm[6] is within 0.1% of lower bound: 0.00000e+00 < 1.49794e-07 < 1.00000e+00


 - final statistics:
53 variables; iteration 176; function evaluation 213
Function value 1.1877e+02; maximum gradient component mag 7.8636e-05
Exit code = 1;  converg criter 1.0000e-04
Var    Value     Gradient |Var    Value     Gradient |Var    Value     Gradient
  1  0.01700  7.86362e-05 |  2 -0.06328 -3.07078e-08 |  3 -0.09522  5.02818e-08
  4  0.01518  8.93061e-08 |  5 -0.02015 -7.30156e-07 |  6  0.01823 -4.38197e-07
  7 -0.04339 -6.52989e-07 |  8 -0.09778 -7.36508e-07 |  9 -0.06506 -8.98380e-08
 10 -0.07374 -9.71537e-07 | 11  0.02688 -3.67946e-07 | 12  0.02778  2.73486e-07
 13  0.07541  2.74055e-06 | 14  0.01168 -6.30200e-08 | 15 -0.00664 -8.30623e-07
 16  0.07272  3.03554e-08 | 17  0.03492  6.22698e-07 | 18 -0.03451  4.18201e-07
 19 -0.01212 -2.27473e-06 | 20 -0.02102 -3.40996e-06 | 21  0.03491 -1.56018e-06
 22  0.03924 -7.71034e-07 | 23 -0.05783 -1.05224e-06 | 24 -0.02954 -7.98276e-07
 25 -0.10393 -8.26586e-07 | 26 -0.00387  2.19290e-06 | 27 -0.01482  5.36852e-07
 28 -0.01175  2.63035e-06 | 29  0.05485  9.59969e-06 | 30  0.00144  4.11243e-06
 31  0.05616  1.55883e-06 | 32 -0.01709 -1.69831e-06 | 33  0.04792 -1.93050e-06
 34 -0.00162 -1.71408e-06 | 35  0.05338 -1.27505e-06 | 36  0.02994 -2.80013e-07
 37 -0.00529  2.77789e-06 | 38  0.03054  1.71870e-07 | 39  0.00355 -1.40296e-06
 40  0.24838 -1.32006e-06 | 41 -0.48879  2.10643e-08 | 42  0.26165 -1.07996e-05
 43 -0.65703  1.40131e-07 | 44  0.27581  1.66317e-06 | 45 -1.00049  6.34349e-07
 46  0.27849  6.48704e-07 | 47 -0.38833  1.55386e-08 | 48 -0.27828 -8.16249e-07
 49 -0.04061  2.87306e-07 | 50 -0.20552  1.91256e-06 | 51 -0.36188 -7.57838e-07
 52 -0.12931  5.12511e-06 | 53 -0.24176 -5.29872e-06 |
Estimating row 1 out of 53 for hessian
Estimating row 2 out of 53 for hessian
Estimating row 3 out of 53 for hessian
Estimating row 4 out of 53 for hessian
Estimating row 5 out of 53 for hessian
Estimating row 6 out of 53 for hessian
Estimating row 7 out of 53 for hessian
Estimating row 8 out of 53 for hessian
Estimating row 9 out of 53 for hessian
Estimating row 10 out of 53 for hessian
Estimating row 11 out of 53 for hessian
Estimating row 12 out of 53 for hessian
Estimating row 13 out of 53 for hessian
Estimating row 14 out of 53 for hessian
Estimating row 15 out of 53 for hessian
Estimating row 16 out of 53 for hessian
Estimating row 17 out of 53 for hessian
Estimating row 18 out of 53 for hessian
Estimating row 19 out of 53 for hessian
Estimating row 20 out of 53 for hessian
Estimating row 21 out of 53 for hessian
Estimating row 22 out of 53 for hessian
Estimating row 23 out of 53 for hessian
Estimating row 24 out of 53 for hessian
Estimating row 25 out of 53 for hessian
Estimating row 26 out of 53 for hessian
Estimating row 27 out of 53 for hessian
Estimating row 28 out of 53 for hessian
Estimating row 29 out of 53 for hessian
Estimating row 30 out of 53 for hessian
Estimating row 31 out of 53 for hessian
Estimating row 32 out of 53 for hessian
Estimating row 33 out of 53 for hessian
Estimating row 34 out of 53 for hessian
Estimating row 35 out of 53 for hessian
Estimating row 36 out of 53 for hessian
Estimating row 37 out of 53 for hessian
Estimating row 38 out of 53 for hessian
Estimating row 39 out of 53 for hessian
Estimating row 40 out of 53 for hessian
Estimating row 41 out of 53 for hessian
Estimating row 42 out of 53 for hessian
Estimating row 43 out of 53 for hessian
Estimating row 44 out of 53 for hessian
Estimating row 45 out of 53 for hessian
Estimating row 46 out of 53 for hessian
Estimating row 47 out of 53 for hessian
Estimating row 48 out of 53 for hessian
Estimating row 49 out of 53 for hessian
Estimating row 50 out of 53 for hessian
Estimating row 51 out of 53 for hessian
Estimating row 52 out of 53 for hessian
Estimating row 53 out of 53 for hessian
size of file gradfil1.tmp = 0
size of file gradfil2.tmp = 0
size of file varssave.tmp = 0
size of file cmpdiff.tmp = 0
