
Initial statistics: 2 variables; iteration 0; function evaluation 0; phase 1
Function value 9.2093856e+03; maximum gradient component mag 4.1985e+04
Var    Value     Gradient |Var    Value     Gradient |Var    Value     Gradient
  1  0.33333  4.19850e+04 |  2  0.21635  1.89712e+04 |

 - final statistics:
2 variables; iteration 8; function evaluation 14
Function value 5.3358e+02; maximum gradient component mag -2.5973e+00
Exit code = 1;  converg criter 1.0000e+01
Var    Value     Gradient |Var    Value     Gradient |Var    Value     Gradient
  1 -0.01183 -2.59726e+00 |  2  0.21970 -2.72809e-01 |

Initial statistics: 45 variables; iteration 0; function evaluation 0; phase 2
Function value 5.3357719e+02; maximum gradient component mag -2.4270e+03
Var    Value     Gradient |Var    Value     Gradient |Var    Value     Gradient
  1 -0.01183 -2.59726e+00 |  2  0.00000  6.52001e+01 |  3  0.00000  7.15361e+01
  4  0.00000 -3.29430e+01 |  5  0.00000  4.19601e+01 |  6  0.00000 -2.46933e+01
  7  0.00000  6.89934e+00 |  8  0.00000  5.54233e+01 |  9  0.00000  1.95273e+01
 10  0.00000  2.18780e+01 | 11  0.00000 -4.15961e+01 | 12  0.00000 -1.97924e+00
 13  0.00000 -4.49290e+01 | 14  0.00000 -1.83843e+01 | 15  0.00000 -3.62515e+00
 16  0.00000 -7.83887e+01 | 17  0.00000 -2.66032e+01 | 18  0.00000  4.66127e+01
 19  0.00000 -3.00741e+01 | 20  0.00000 -3.12135e+01 | 21  0.00000 -1.35100e+02
 22  0.00000 -1.13696e+02 | 23  0.00000  6.53959e+01 | 24  0.00000  4.77426e+01
 25  0.00000  1.95928e+02 | 26  0.00000  1.13852e+02 | 27  0.00000  1.55507e+02
 28  0.00000  2.21620e+02 | 29  0.00000 -2.03412e+01 | 30  0.00000  2.67762e+02
 31  0.00000 -7.46509e+02 | 32  0.00000  2.68329e+02 | 33  0.00000 -5.17420e+02
 34  0.00000  2.75876e+02 | 35  0.00000 -3.22167e+02 | 36  0.00000  1.63257e+02
 37  0.00000  4.47187e+02 | 38  0.00000 -1.91179e+02 | 39  0.00000 -6.68577e+01
 40  0.21635 -2.42697e+03 | 41  0.21635 -5.30858e+02 | 42  0.21970 -2.72809e-01
 43 -0.30909 -1.39011e+03 | 44  0.12819  1.04947e+01 | 45 -0.30909 -3.24532e+01

Intermediate statistics: 45 variables; iteration 20; function evaluation 29; phase 2
Function value 3.2886699e+02; maximum gradient component mag -1.6085e+03
Var    Value     Gradient |Var    Value     Gradient |Var    Value     Gradient
  1 -0.03699 -3.46170e+02 |  2 -0.17615 -3.01853e-02 |  3 -0.17868 -3.48517e+00
  4 -0.00160  4.70702e+01 |  5 -0.03279  5.83365e+01 |  6  0.01866  1.19024e+02
  7 -0.07835  3.56442e+01 |  8 -0.12956  2.59527e+01 |  9 -0.07834  6.40625e+01
 10 -0.11179  1.46543e+01 | 11 -0.00753  3.70693e+01 | 12 -0.00037  3.35044e+01
 13  0.05224  5.34554e+01 | 14  0.01364  4.14508e+01 | 15 -0.01910  2.62030e+01
 16  0.06548  6.62307e+01 | 17  0.03548  5.47814e+01 | 18 -0.02802  1.61081e+01
 19  0.03320  2.00553e+01 | 20  0.02047  1.54589e+01 | 21  0.06809  1.93383e+01
 22  0.06608  3.13760e+01 | 23 -0.06011 -2.08045e+01 | 24 -0.02770 -2.12108e+00
 25 -0.11996 -3.21127e+01 | 26  0.02269  3.23369e+01 | 27 -0.03854 -2.61780e+01
 28 -0.01129 -7.05425e+01 | 29  0.06805 -1.23914e+02 | 30 -0.00690 -1.11636e+02
 31  0.08592  1.65034e+02 | 32 -0.02634 -1.22304e+02 | 33  0.07044  1.91799e+01
 34 -0.01077 -1.56244e+02 | 35  0.06361  9.02700e+01 | 36  0.01436 -4.76156e+01
 37 -0.01842 -9.41932e+01 | 38  0.06387  1.26319e+02 | 39  0.05335  3.19146e+01
 40  0.23622 -5.56681e+02 | 41  0.22125 -1.60849e+03 | 42  0.23096 -2.61120e+02
 43 -0.27419  1.49888e+02 | 44  0.02911 -3.21293e+01 | 45 -0.29704 -4.18009e+02
45 variables; iteration 40; function evaluation 56; phase 2
Function value 3.0249760e+02; maximum gradient component mag -1.0444e+03
Var    Value     Gradient |Var    Value     Gradient |Var    Value     Gradient
  1 -0.04094 -1.04443e+03 |  2 -0.18491 -1.15840e+01 |  3 -0.12867  6.35284e+00
  4 -0.01880 -2.79119e+01 |  5 -0.01759  3.20693e+01 |  6  0.02753  4.77775e+01
  7 -0.06532  3.66063e+01 |  8 -0.12345  7.54522e+00 |  9 -0.07509  2.46760e+01
 10 -0.11060  1.17001e+01 | 11 -0.01821  1.52786e+00 | 12 -0.00885 -1.06428e+01
 13  0.05342 -2.06219e+01 | 14  0.01699  8.61925e+00 | 15 -0.01294  2.65056e+01
 16  0.05772  3.97405e+00 | 17  0.02802 -3.36546e+00 | 18 -0.02419  7.53660e+00
 19  0.02751  1.27505e+01 | 20  0.02104  8.51036e+00 | 21  0.05493  2.37538e+01
 22  0.05361  2.29581e+01 | 23 -0.05347  1.24741e+00 | 24 -0.03262  1.56505e+01
 25 -0.10875 -6.44550e+00 | 26  0.01822  1.69635e+01 | 27 -0.03200  2.43862e-01
 28 -0.00454 -1.78758e+01 | 29  0.06849 -2.17439e+01 | 30  0.00294 -2.38382e+01
 31  0.07497  2.65970e+01 | 32 -0.00851 -2.25625e+01 | 33  0.05302  8.13977e-01
 34 -0.00510 -5.35655e+01 | 35  0.05719 -7.98676e+00 | 36  0.01690 -5.10875e+01
 37 -0.01009 -4.26930e+01 | 38  0.05014 -1.97491e+01 | 39  0.02941  3.94414e+01
 40  0.24288 -3.32954e+02 | 41  0.23450 -3.02628e+02 | 42  0.24276 -1.25336e+02
 43 -0.26672  2.59487e+01 | 44  0.04810 -4.32204e+00 | 45 -0.28287 -1.55089e+02
45 variables; iteration 60; function evaluation 84; phase 2
Function value 2.9981221e+02; maximum gradient component mag -1.1183e+01
Var    Value     Gradient |Var    Value     Gradient |Var    Value     Gradient
  1 -0.04175 -1.11826e+01 |  2 -0.15235 -8.20331e-02 |  3 -0.14705 -1.96128e-01
  4 -0.00132 -2.31780e-01 |  5 -0.02179 -1.71446e-01 |  6  0.02410 -3.38322e-01
  7 -0.07079  7.22059e-04 |  8 -0.11448 -1.16991e-01 |  9 -0.07385 -1.48729e-01
 10 -0.10720  1.08757e-01 | 11 -0.01299  1.10092e-01 | 12 -0.00023  8.23208e-02
 13  0.05323 -4.07548e-02 | 14  0.01226  2.80730e-01 | 15 -0.02571  2.54677e-01
 16  0.05911  5.76132e-01 | 17  0.03423  4.76732e-01 | 18 -0.02318  2.90929e-01
 19  0.02505  2.23145e-01 | 20  0.02283  2.16497e-01 | 21  0.04753  1.01741e-01
 22  0.04782 -2.47988e-02 | 23 -0.04708 -4.45900e-02 | 24 -0.03712 -8.00987e-02
 25 -0.09672 -1.90387e-01 | 26  0.01537 -5.97202e-01 | 27 -0.02979 -6.75277e-01
 28 -0.00099 -1.28748e+00 | 29  0.06709 -2.74626e+00 | 30  0.00521 -7.40676e-01
 31  0.07264 -2.43763e-02 | 32 -0.00426  5.54502e-01 | 33  0.04822  3.71182e-01
 34 -0.00236  4.56569e-01 | 35  0.05554  4.29152e-01 | 36  0.01906  5.91888e-01
 37 -0.00750  8.67345e-01 | 38  0.04830  6.80467e-01 | 39  0.01728  2.55983e-02
 40  0.24539 -4.78122e-03 | 41  0.23762  2.61418e-01 | 42  0.24645 -1.90201e-01
 43 -0.27944  4.70415e+00 | 44 -0.00737 -1.06843e+00 | 45 -0.27949 -2.75601e+00

 - final statistics:
45 variables; iteration 62; function evaluation 86
Function value 2.9981e+02; maximum gradient component mag 6.6744e+00
Exit code = 1;  converg criter 1.0000e+01
Var    Value     Gradient |Var    Value     Gradient |Var    Value     Gradient
  1 -0.04175  6.67435e+00 |  2 -0.15216  1.09979e-01 |  3 -0.14643  1.84686e-01
  4 -0.00135  3.03764e-01 |  5 -0.02177  2.31463e-01 |  6  0.02405  3.35305e-01
  7 -0.07080  3.55418e-02 |  8 -0.11440  1.10376e-01 |  9 -0.07386  1.31023e-01
 10 -0.10715 -8.51553e-03 | 11 -0.01301 -8.29751e-03 | 12 -0.00028  8.14218e-03
 13  0.05326  1.92617e-01 | 14  0.01230  2.47243e-01 | 15 -0.02580 -2.22385e-01
 16  0.05905 -1.25607e-01 | 17  0.03419 -1.40565e-01 | 18 -0.02316 -7.09284e-04
 19  0.02508  6.70617e-02 | 20  0.02279 -6.41408e-02 | 21  0.04752  2.09910e-02
 22  0.04784  3.77124e-02 | 23 -0.04697  9.39963e-02 | 24 -0.03715 -7.36062e-02
 25 -0.09663 -8.84995e-04 | 26  0.01534  5.98823e-02 | 27 -0.02972  1.44429e-01
 28 -0.00094  2.48555e-01 | 29  0.06710  4.35080e-01 | 30  0.00523  4.63940e-02
 31  0.07260 -5.33398e-01 | 32 -0.00431 -3.11239e-01 | 33  0.04818 -2.84619e-01
 34 -0.00239 -1.79493e-01 | 35  0.05554 -1.45492e-01 | 36  0.01905 -1.23020e-01
 37 -0.00754 -9.15973e-02 | 38  0.04830  1.58016e-01 | 39  0.01729 -6.11884e-02
 40  0.24540  8.08625e-01 | 41  0.23762  3.77124e-01 | 42  0.24646  3.51085e-01
 43 -0.28203  4.64119e+00 | 44 -0.01798 -1.10737e+00 | 45 -0.27947 -3.66056e-01

Initial statistics: 49 variables; iteration 0; function evaluation 0; phase 3
Function value 2.9981157e+02; maximum gradient component mag -3.8674e+03
Var    Value     Gradient |Var    Value     Gradient |Var    Value     Gradient
  1 -0.04175  6.67435e+00 |  2 -0.15216  1.09979e-01 |  3 -0.14643  1.84686e-01
  4 -0.00135  3.03764e-01 |  5 -0.02177  2.24883e-01 |  6  0.02405  3.28726e-01
  7 -0.07080  2.89987e-02 |  8 -0.11440  1.03898e-01 |  9 -0.07386  1.24484e-01
 10 -0.10715 -1.50063e-02 | 11 -0.01301 -1.48799e-02 | 12 -0.00028  1.55839e-03
 13  0.05326  1.86056e-01 | 14  0.01230  2.40661e-01 | 15 -0.02580 -2.28964e-01
 16  0.05905 -1.32162e-01 | 17  0.03419 -1.47139e-01 | 18 -0.02316 -7.28872e-03
 19  0.02508  6.04830e-02 | 20  0.02279 -7.07203e-02 | 21  0.04752  1.44255e-02
 22  0.04784  3.11472e-02 | 23 -0.04697  8.74304e-02 | 24 -0.03715 -8.01787e-02
 25 -0.09663 -7.39309e-03 | 26  0.01534  5.33004e-02 | 27 -0.02972  1.37852e-01
 28 -0.00094  2.41971e-01 | 29  0.06710  4.28533e-01 | 30  0.00523  3.98105e-02
 31  0.07260 -5.39939e-01 | 32 -0.00431 -3.17823e-01 | 33  0.04818 -2.91184e-01
 34 -0.00239 -1.86077e-01 | 35  0.05554 -1.52051e-01 | 36  0.01905 -1.29601e-01
 37 -0.00754 -9.81807e-02 | 38  0.04830  1.51451e-01 | 39  0.01729 -6.77698e-02
 40  0.24540  8.08625e-01 | 41  0.23762  3.77124e-01 | 42  0.21635 -3.86737e+03
 43  0.24646  3.51085e-01 | 44 -0.28203  4.64119e+00 | 45 -0.01798 -1.10737e+00
 46 -0.30909 -1.01107e+03 | 47 -0.43452  3.48356e-04 | 48 -0.27947 -3.66056e-01
 49 -0.36199  7.72166e+00 |

Intermediate statistics: 49 variables; iteration 20; function evaluation 28; phase 3
Function value 2.1845269e+02; maximum gradient component mag -1.0990e+04
Var    Value     Gradient |Var    Value     Gradient |Var    Value     Gradient
  1 -0.04676 -1.09900e+04 |  2 -0.14981  6.96932e-01 |  3 -0.14390  6.89100e-01
  4  0.00690  8.73960e+00 |  5 -0.01205  1.58478e+02 |  6  0.03591  1.55432e+02
  7 -0.06235  1.62768e+02 |  8 -0.10579  1.56089e+02 |  9 -0.06266  1.54279e+02
 10 -0.10339  1.37523e+02 | 11 -0.00853  9.55407e+01 | 12  0.00597  5.50840e+01
 13  0.07008 -6.39304e+01 | 14  0.00544  8.19513e+00 | 15 -0.02566 -2.09579e+00
 16  0.06398 -3.00177e+02 | 17  0.04611 -3.59130e+02 | 18 -0.03092 -2.17405e+02
 19 -0.01202 -1.15294e+02 | 20  0.01144 -1.25577e+02 | 21  0.03100  6.24568e+00
 22  0.01458 -6.38920e+01 | 23 -0.06411  2.95051e+01 | 24 -0.05078  6.18021e+01
 25 -0.10661  7.24322e+01 | 26  0.01829 -1.82888e+02 | 27 -0.00595 -6.05446e+01
 28 -0.02299  5.37206e+01 | 29  0.08030 -5.01093e+01 | 30  0.01659  4.79162e+01
 31  0.06922 -1.58955e+02 | 32 -0.01389 -9.63240e+01 | 33  0.04510  6.03415e+01
 34 -0.00621  3.53937e+01 | 35  0.05395 -8.39219e+01 | 36  0.03301  1.00343e+02
 37  0.00372  8.01181e+01 | 38  0.05266  9.35266e+01 | 39  0.03550  1.48953e+02
 40  0.25199 -5.89696e+02 | 41  0.26818  2.75496e+02 | 42  0.23907 -3.18632e+03
 43  0.25387 -4.35305e+02 | 44 -0.27033  3.01745e+02 | 45  0.01045 -8.29101e+01
 46 -0.28330  4.89355e+02 | 47 -0.45220 -3.69917e+02 | 48 -0.28544  5.71106e+02
 49 -0.41654 -1.99448e+02 |
49 variables; iteration 40; function evaluation 56; phase 3
Function value 1.7881712e+02; maximum gradient component mag -3.5591e+03
Var    Value     Gradient |Var    Value     Gradient |Var    Value     Gradient
  1 -0.04542 -3.55905e+03 |  2 -0.12907  1.23413e+01 |  3 -0.11044  2.02602e+01
  4 -0.00555  5.25203e+00 |  5 -0.01477  7.29082e+01 |  6  0.03174  7.79213e+01
  7 -0.06933  7.03370e+01 |  8 -0.11789  6.04865e+01 |  9 -0.05225  1.06591e+02
 10 -0.04890  1.01970e+02 | 11  0.02715  8.74884e+01 | 12 -0.00573  3.01916e+01
 13  0.05642  4.08932e+01 | 14  0.00694  3.38312e+01 | 15  0.00494  7.13126e+01
 16  0.03225 -5.28530e+01 | 17  0.04993  6.03297e+00 | 18 -0.01628  2.17446e+01
 19  0.00072 -2.28821e+01 | 20 -0.00423 -7.48601e+01 | 21  0.02841 -3.83857e+01
 22  0.01528 -7.98253e+01 | 23 -0.07260 -1.56194e+01 | 24 -0.05649  2.71373e+00
 25 -0.10218  3.73492e+01 | 26  0.01682 -8.01620e+01 | 27 -0.00743 -1.02918e+02
 28 -0.02606 -5.27148e+01 | 29  0.07690 -2.20150e+02 | 30  0.01181 -1.70681e+02
 31  0.06390 -3.15725e+02 | 32 -0.01107 -2.05048e+01 | 33  0.04537  1.02247e+02
 34 -0.00472  9.28257e+01 | 35  0.05396  8.49232e+01 | 36  0.02722  9.55493e+01
 37  0.00155  1.29015e+02 | 38  0.04914  1.25279e+02 | 39  0.01537  3.74971e+01
 40  0.25332 -2.38168e+02 | 41  0.26511  4.36253e+01 | 42  0.25416 -1.89012e+03
 43  0.25631 -1.57294e+02 | 44 -0.27028  2.37815e-01 | 45  0.01231  6.32905e-01
 46 -0.28930  2.38045e+02 | 47 -0.45694 -1.59800e+02 | 48 -0.29279  7.32915e+01
 49 -0.43633 -2.43308e+01 |
49 variables; iteration 60; function evaluation 85; phase 3
Function value 1.5036926e+02; maximum gradient component mag -6.1338e+01
Var    Value     Gradient |Var    Value     Gradient |Var    Value     Gradient
  1 -0.04675 -6.13379e+01 |  2 -0.14830  4.72115e-01 |  3 -0.14267  4.10997e-01
  4  0.00380  6.16218e-01 |  5 -0.01149  2.89461e+00 |  6  0.03700  5.02087e+00
  7 -0.06436 -4.94841e-01 |  8 -0.10581  1.16590e-01 |  9 -0.06202 -1.11793e+00
 10 -0.09896  8.73931e-01 | 11 -0.00348 -9.50957e-01 | 12  0.01081 -2.44415e+00
 13  0.06821 -6.21616e+00 | 14  0.00630 -2.27316e+00 | 15 -0.02933 -1.39498e+00
 16  0.06413  5.73668e-01 | 17  0.04508  2.75984e-01 | 18 -0.01579  1.11435e-01
 19 -0.00159 -1.62507e+01 | 20  0.00220 -1.72800e+01 | 21  0.02899 -1.15701e+01
 22  0.02171 -1.23663e+01 | 23 -0.07456 -8.19337e+00 | 24 -0.04908 -1.20839e+01
 25 -0.11113 -9.18021e+00 | 26  0.01736 -1.59680e+01 | 27  0.00177 -1.46128e+01
 28 -0.02401 -3.00066e+01 | 29  0.07820 -1.18188e+01 | 30  0.01514 -1.22641e+01
 31  0.06818 -1.12635e+00 | 32 -0.01292  1.05579e+01 | 33  0.04399  1.51152e+01
 34 -0.00618  1.55618e+01 | 35  0.05449  3.71736e+01 | 36  0.03101  3.80558e+01
 37  0.00305  5.00937e+01 | 38  0.04984  1.97709e+01 | 39  0.02237 -1.69144e+00
 40  0.25448 -1.70987e+01 | 41  0.26477 -1.82353e+01 | 42  0.27824 -2.71122e+00
 43  0.25926  1.84170e+01 | 44 -0.27265 -2.11192e+01 | 45  0.00540  6.52440e+00
 46 -0.29016  6.90294e+00 | 47 -0.45656 -4.38350e+00 | 48 -0.29881 -2.55160e+01
 49 -0.45568  8.57330e+00 |
49 variables; iteration 80; function evaluation 108; phase 3
Function value 1.4953325e+02; maximum gradient component mag 5.3358e-02
Var    Value     Gradient |Var    Value     Gradient |Var    Value     Gradient
  1 -0.04659  5.33577e-02 |  2 -0.14877  2.12919e-04 |  3 -0.14285  1.32675e-04
  4  0.00435 -8.68510e-05 |  5 -0.01186 -5.31733e-04 |  6  0.03617 -7.48087e-04
  7 -0.06413 -3.92188e-04 |  8 -0.10609 -8.52006e-04 |  9 -0.06240  1.72179e-04
 10 -0.09943 -5.87340e-04 | 11 -0.00379  6.24170e-06 | 12  0.01053  8.35457e-04
 13  0.06759  2.37947e-03 | 14  0.00736  1.63022e-03 | 15 -0.02757  2.07657e-03
 16  0.06338  5.74271e-03 | 17  0.04451  8.87896e-03 | 18 -0.01659  5.20420e-03
 19 -0.00091  2.98512e-03 | 20  0.00158  2.76066e-03 | 21  0.02976  4.11278e-04
 22  0.02176  2.48508e-03 | 23 -0.07414  1.54586e-03 | 24 -0.04906  3.36093e-03
 25 -0.11113  2.56666e-03 | 26  0.01611  3.26544e-03 | 27  0.00230  6.07913e-04
 28 -0.01091 -5.67708e-03 | 29  0.07291 -2.95826e-03 | 30  0.01491  6.83724e-04
 31  0.06800 -4.11262e-05 | 32 -0.01340  1.11709e-03 | 33  0.04352 -4.11228e-03
 34 -0.00658 -3.50910e-03 | 35  0.05381 -5.81664e-03 | 36  0.03013 -5.35342e-03
 37  0.00034 -5.10233e-03 | 38  0.04974 -1.16933e-02 | 39  0.02247 -1.63903e-03
 40  0.25433 -1.16465e-02 | 41  0.26430 -4.72893e-03 | 42  0.27819 -2.01775e-03
 43  0.25926  3.79406e-04 | 44 -0.29333  1.94655e-02 | 45 -0.07001 -6.04274e-03
 46 -0.28762  2.14941e-02 | 47 -0.45208 -1.71531e-02 | 48 -0.29769  2.25869e-02
 49 -0.45246 -1.08882e-02 |
49 variables; iteration 100; function evaluation 131; phase 3
Function value 1.4953316e+02; maximum gradient component mag -8.1865e+00
Var    Value     Gradient |Var    Value     Gradient |Var    Value     Gradient
  1 -0.04659 -4.76330e+00 |  2 -0.14878 -9.67664e-04 |  3 -0.14285  2.73425e-03
  4  0.00434  1.45743e-03 |  5 -0.01185  7.58966e-02 |  6  0.03617  7.86911e-02
  7 -0.06413  6.92634e-02 |  8 -0.10609  6.97931e-02 |  9 -0.06240  8.45249e-02
 10 -0.09943  7.81965e-02 | 11 -0.00378  1.23011e-01 | 12  0.01054  1.42190e-01
 13  0.06759  2.14267e-01 | 14  0.00736  1.14549e-01 | 15 -0.02757  8.91597e-02
 16  0.06338  1.06701e-01 | 17  0.04451  1.07894e-01 | 18 -0.01659  1.03304e-01
 19 -0.00091  1.66584e-01 | 20  0.00158  1.71361e-01 | 21  0.02976  1.26172e-01
 22  0.02176  1.21705e-01 | 23 -0.07415  8.92539e-02 | 24 -0.04907  9.26339e-02
 25 -0.11113  9.55808e-02 | 26  0.01611  1.61411e-01 | 27  0.00230  2.20938e-02
 28 -0.01092 -1.91681e-01 | 29  0.07291 -5.82978e-01 | 30  0.01491 -3.32863e-01
 31  0.06800 -5.38383e-01 | 32 -0.01340 -7.85103e-02 | 33  0.04352 -4.03500e-01
 34 -0.00658 -1.37187e-01 | 35  0.05381 -3.01674e-01 | 36  0.03013 -1.67557e-01
 37  0.00034  2.48774e-02 | 38  0.04974  2.06617e-02 | 39  0.02246  1.65631e-01
 40  0.25433  2.07141e-01 | 41  0.26430  1.01127e-01 | 42  0.27819  3.58528e-02
 43  0.25926  3.87780e-01 | 44 -0.28740  7.92433e-01 | 45 -0.04812 -2.14017e-01
 46 -0.28716  1.26531e-02 | 47 -0.45133 -1.15992e-02 | 48 -0.29105 -8.18649e+00
 49 -0.43302  2.81254e+00 |
49 variables; iteration 120; function evaluation 163; phase 3
Function value 1.4757805e+02; maximum gradient component mag -8.1931e+00
Var    Value     Gradient |Var    Value     Gradient |Var    Value     Gradient
  1 -0.04679 -3.79169e+00 |  2 -0.14883  5.84946e-02 |  3 -0.14282  8.86895e-02
  4  0.00468  7.44016e-01 |  5 -0.01141  7.63476e-01 |  6  0.03670  1.24924e+00
  7 -0.06387  5.90046e-01 |  8 -0.10556  9.46598e-01 |  9 -0.06194  9.86754e-01
 10 -0.09908  2.96627e-01 | 11 -0.00342  6.28530e-01 | 12  0.01103  1.12023e+00
 13  0.06824  2.19387e+00 | 14  0.00700  1.27034e+00 | 15 -0.02756  1.56988e+00
 16  0.06375  3.95190e+00 | 17  0.04493  3.23204e+00 | 18 -0.01583  2.48863e+00
 19 -0.00119  1.08101e+00 | 20  0.00239  6.28723e-01 | 21  0.02876 -3.74189e-01
 22  0.02162 -4.26064e-02 | 23 -0.07410 -8.10637e-02 | 24 -0.04903 -1.05745e+00
 25 -0.11043 -7.86513e-01 | 26  0.01711 -2.84460e+00 | 27  0.00246 -2.06251e+00
 28 -0.01453 -2.19897e+00 | 29  0.07421 -5.08471e+00 | 30  0.01414 -2.76235e+00
 31  0.06779 -3.80763e+00 | 32 -0.01600 -3.47618e+00 | 33  0.03962  7.04267e-01
 34 -0.00949  1.14671e+00 | 35  0.05360  4.48551e-01 | 36  0.03127  2.24942e-01
 37  0.00238  1.05921e-02 | 38  0.05065  2.25361e-01 | 39  0.02471 -2.00802e-01
 40  0.25488  1.11304e+00 | 41  0.26535  9.37174e-01 | 42  0.27894 -2.33323e+00
 43  0.26757 -8.19309e+00 | 44 -0.28152  4.83953e+00 | 45 -0.02689 -1.27679e+00
 46 -0.25081 -5.26336e+00 | 47 -0.39542  3.67697e+00 | 48 -0.20120  2.53320e-01
 49 -0.24702  9.46596e-01 |
49 variables; iteration 140; function evaluation 186; phase 3
Function value 1.4757478e+02; maximum gradient component mag -2.6528e+01
Var    Value     Gradient |Var    Value     Gradient |Var    Value     Gradient
  1 -0.04680  1.21784e+01 |  2 -0.14868 -2.27437e-02 |  3 -0.14271 -1.20739e-02
  4  0.00457 -4.50768e-02 |  5 -0.01141 -1.91712e-01 |  6  0.03672 -1.85186e-01
  7 -0.06387 -2.12910e-01 |  8 -0.10573 -1.80337e-01 |  9 -0.06188 -1.67899e-01
 10 -0.09910 -1.52259e-01 | 11 -0.00336 -2.17799e-02 | 12  0.01100  1.44283e-02
 13  0.06822  2.31703e-01 | 14  0.00703 -8.02369e-02 | 15 -0.02775 -2.30335e-01
 16  0.06355 -2.31077e-01 | 17  0.04510 -3.08183e-01 | 18 -0.01581 -2.09895e-01
 19 -0.00126 -1.06132e-01 | 20  0.00245 -2.33181e-01 | 21  0.02877 -2.37154e-01
 22  0.02154 -1.42792e-01 | 23 -0.07419 -1.62245e-01 | 24 -0.04894 -1.64747e-01
 25 -0.11039 -1.56143e-01 | 26  0.01714 -1.57862e-01 | 27  0.00250 -4.40792e-01
 28 -0.01457 -3.44764e-01 | 29  0.07423 -2.15228e-01 | 30  0.01413  5.49426e-01
 31  0.06780  1.75621e+00 | 32 -0.01581  6.67855e-01 | 33  0.03954  6.53551e-01
 34 -0.00957  1.39671e-01 | 35  0.05359  3.68963e-01 | 36  0.03129  3.27480e-01
 37  0.00241  8.54732e-02 | 38  0.05065 -6.35154e-02 | 39  0.02484 -2.41594e-01
 40  0.25489  3.70736e-01 | 41  0.26534 -4.11240e-02 | 42  0.27898  4.19882e-01
 43  0.26767  3.26455e-01 | 44 -0.30284 -2.65279e+01 | 45 -0.10520  7.21988e+00
 46 -0.25659 -6.94869e-01 | 47 -0.40441  5.38030e-01 | 48 -0.20125 -1.01337e-01
 49 -0.24723  5.83272e-02 |
  ic > imax  in fminim is answer attained ?
Var    Value     Gradient |Var    Value     Gradient |Var    Value     Gradient
  1 -0.04680  1.58982e+00 |  2 -0.14864  1.58576e-03 |  3 -0.14271 -1.71869e-03
  4  0.00456 -6.47379e-03 |  5 -0.01142 -2.45422e-02 |  6  0.03672 -1.92840e-02
  7 -0.06386 -2.84035e-02 |  8 -0.10573 -2.82385e-02 |  9 -0.06188 -3.36998e-02
 10 -0.09911 -2.54731e-02 | 11 -0.00339 -2.10242e-02 | 12  0.01100 -1.63364e-02
 13  0.06824 -3.38768e-03 | 14  0.00699 -4.48072e-02 | 15 -0.02775 -4.27681e-02
 16  0.06354 -7.70960e-02 | 17  0.04512 -7.84119e-02 | 18 -0.01581 -6.05900e-02
 19 -0.00128 -2.68984e-02 | 20  0.00248 -2.08402e-02 | 21  0.02877 -2.64004e-02
 22  0.02153 -1.50325e-02 | 23 -0.07419 -1.56453e-02 | 24 -0.04894  1.92795e-03
 25 -0.11039  1.44451e-03 | 26  0.01716  7.32540e-02 | 27  0.00249 -2.78855e-02
 28 -0.01455  1.07181e-02 | 29  0.07424  1.10158e-01 | 30  0.01413  2.04135e-02
 31  0.06778  2.50776e-02 | 32 -0.01581 -1.19929e-02 | 33  0.03952  5.16188e-02
 34 -0.00957  3.11009e-02 | 35  0.05360  1.00704e-01 | 36  0.03129  9.39393e-02
 37  0.00243  7.50969e-02 | 38  0.05065  5.75092e-02 | 39  0.02490 -1.03555e-02
 40  0.25489 -4.78142e-02 | 41  0.26534 -5.56919e-02 | 42  0.27897  4.10275e-02
 43  0.26767  6.80159e-02 | 44 -0.30899 -1.23560e+02 | 45 -0.12783  3.35909e+01
 46 -0.25824  9.37162e-03 | 47 -0.40694  5.44133e-02 | 48 -0.20122 -1.22736e-01
 49 -0.24722  3.84772e-02 |
Function minimizer not making progress ... is minimum attained?
Minimprove criterion = 0.0000e+00

 - final statistics:
49 variables; iteration 151; function evaluation 247
Function value 1.4757e+02; maximum gradient component mag -1.2356e+02
Exit code = 1;  converg criter 1.0000e-04
Var    Value     Gradient |Var    Value     Gradient |Var    Value     Gradient
  1 -0.04680  1.58982e+00 |  2 -0.14864  1.58576e-03 |  3 -0.14271 -1.71869e-03
  4  0.00456 -6.47379e-03 |  5 -0.01142 -2.45422e-02 |  6  0.03672 -1.92840e-02
  7 -0.06386 -2.84035e-02 |  8 -0.10573 -2.82385e-02 |  9 -0.06188 -3.36998e-02
 10 -0.09911 -2.54731e-02 | 11 -0.00339 -2.10242e-02 | 12  0.01100 -1.63364e-02
 13  0.06824 -3.38768e-03 | 14  0.00699 -4.48072e-02 | 15 -0.02775 -4.27681e-02
 16  0.06354 -7.70960e-02 | 17  0.04512 -7.84119e-02 | 18 -0.01581 -6.05900e-02
 19 -0.00128 -2.68984e-02 | 20  0.00248 -2.08402e-02 | 21  0.02877 -2.64004e-02
 22  0.02153 -1.50325e-02 | 23 -0.07419 -1.56453e-02 | 24 -0.04894  1.92795e-03
 25 -0.11039  1.44451e-03 | 26  0.01716  7.32540e-02 | 27  0.00249 -2.78855e-02
 28 -0.01455  1.07181e-02 | 29  0.07424  1.10158e-01 | 30  0.01413  2.04135e-02
 31  0.06778  2.50776e-02 | 32 -0.01581 -1.19929e-02 | 33  0.03952  5.16188e-02
 34 -0.00957  3.11009e-02 | 35  0.05360  1.00704e-01 | 36  0.03129  9.39393e-02
 37  0.00243  7.50969e-02 | 38  0.05065  5.75092e-02 | 39  0.02490 -1.03555e-02
 40  0.25489 -4.78142e-02 | 41  0.26534 -5.56919e-02 | 42  0.27897  4.10275e-02
 43  0.26767  6.80159e-02 | 44 -0.30899 -1.23560e+02 | 45 -0.12783  3.35909e+01
 46 -0.25824  9.37162e-03 | 47 -0.40694  5.44133e-02 | 48 -0.20122 -1.22736e-01
 49 -0.24722  3.84772e-02 |
Estimating row 1 out of 49 for hessian
Estimating row 2 out of 49 for hessian
Estimating row 3 out of 49 for hessian
Estimating row 4 out of 49 for hessian
Estimating row 5 out of 49 for hessian
Estimating row 6 out of 49 for hessian
Estimating row 7 out of 49 for hessian
Estimating row 8 out of 49 for hessian
Estimating row 9 out of 49 for hessian
Estimating row 10 out of 49 for hessian
Estimating row 11 out of 49 for hessian
Estimating row 12 out of 49 for hessian
Estimating row 13 out of 49 for hessian
Estimating row 14 out of 49 for hessian
Estimating row 15 out of 49 for hessian
Estimating row 16 out of 49 for hessian
Estimating row 17 out of 49 for hessian
Estimating row 18 out of 49 for hessian
Estimating row 19 out of 49 for hessian
Estimating row 20 out of 49 for hessian
Estimating row 21 out of 49 for hessian
Estimating row 22 out of 49 for hessian
Estimating row 23 out of 49 for hessian
Estimating row 24 out of 49 for hessian
Estimating row 25 out of 49 for hessian
Estimating row 26 out of 49 for hessian
Estimating row 27 out of 49 for hessian
Estimating row 28 out of 49 for hessian
Estimating row 29 out of 49 for hessian
Estimating row 30 out of 49 for hessian
Estimating row 31 out of 49 for hessian
Estimating row 32 out of 49 for hessian
Estimating row 33 out of 49 for hessian
Estimating row 34 out of 49 for hessian
Estimating row 35 out of 49 for hessian
Estimating row 36 out of 49 for hessian
Estimating row 37 out of 49 for hessian
Estimating row 38 out of 49 for hessian
Estimating row 39 out of 49 for hessian
Estimating row 40 out of 49 for hessian
Estimating row 41 out of 49 for hessian
Estimating row 42 out of 49 for hessian
Estimating row 43 out of 49 for hessian
Estimating row 44 out of 49 for hessian
Estimating row 45 out of 49 for hessian
Estimating row 46 out of 49 for hessian
Estimating row 47 out of 49 for hessian
Estimating row 48 out of 49 for hessian
Estimating row 49 out of 49 for hessian
Warning -- Hessian does not appear to be positive definite
Hessian does not appear to be positive definite.
size of file gradfil1.tmp = 0
size of file gradfil2.tmp = 0
size of file varssave.tmp = 0
size of file cmpdiff.tmp = 0
