
Initial statistics: 4 variables; iteration 0; function evaluation 0; phase 1
Function value 1.3943975e+04; maximum gradient component mag 5.7887e+04
Var    Value     Gradient |Var    Value     Gradient |Var    Value     Gradient
  1  0.33333  5.78873e+04 |  2  0.21635  3.88107e+04 |  3  0.40967  1.02154e+04
  4  0.21635  1.52853e+04 |

 - final statistics:
4 variables; iteration 11; function evaluation 27
Function value 5.9796e+02; maximum gradient component mag -7.8477e+00
Exit code = 1;  converg criter 1.0000e+01
Var    Value     Gradient |Var    Value     Gradient |Var    Value     Gradient
  1  0.07035 -7.84774e+00 |  2 -0.02897 -2.89276e+00 |  3  1.36856  2.87828e-01
  4  0.20257  1.05707e+00 |

Initial statistics: 47 variables; iteration 0; function evaluation 0; phase 2
Function value 5.9796439e+02; maximum gradient component mag -4.2125e+03
Var    Value     Gradient |Var    Value     Gradient |Var    Value     Gradient
  1  0.07035 -7.84774e+00 |  2  0.00000  1.18384e+01 |  3  0.00000  2.67530e+01
  4  0.00000 -6.82953e+01 |  5  0.00000  2.64767e+01 |  6  0.00000 -4.58542e+01
  7  0.00000 -1.78819e+01 |  8  0.00000  3.41526e+01 |  9  0.00000  4.60733e+00
 10  0.00000  1.11868e+01 | 11  0.00000 -4.49371e+01 | 12  0.00000  2.86515e+00
 13  0.00000 -3.48541e+01 | 14  0.00000 -1.04788e+01 | 15  0.00000  8.59341e-01
 16  0.00000 -5.19073e+01 | 17  0.00000  2.02966e+00 | 18  0.00000  7.87659e+01
 19  0.00000  4.16692e+01 | 20  0.00000  9.90770e+01 | 21  0.00000 -9.46999e+01
 22  0.00000 -7.78482e+01 | 23  0.00000  1.35927e+02 | 24  0.00000  2.81078e+01
 25  0.00000  2.29720e+02 | 26  0.00000  1.14653e+02 | 27  0.00000  2.70280e+01
 28  0.00000  4.19123e+01 | 29  0.00000 -2.41191e+02 | 30  0.00000  3.42008e+02
 31  0.00000 -6.40813e+02 | 32  0.00000  4.54587e+02 | 33  0.00000 -7.84620e+02
 34  0.00000  2.16234e+02 | 35  0.00000 -4.91174e+02 | 36  0.00000  6.84824e+01
 37  0.00000  4.16509e+02 | 38  0.00000 -5.67281e+01 | 39  0.00000  2.16130e+02
 40  0.21635  1.02320e+02 | 41  0.21635  2.98699e+03 | 42 -0.02897 -2.89276e+00
 43  0.63144 -2.87828e-01 | 44  0.20257  1.05707e+00 | 45 -0.30909 -2.26685e+03
 46  0.12819  1.01289e+01 | 47 -0.30909 -4.21245e+03 |

Intermediate statistics: 47 variables; iteration 20; function evaluation 31; phase 2
Function value 2.1407352e+02; maximum gradient component mag -1.8512e+03
Var    Value     Gradient |Var    Value     Gradient |Var    Value     Gradient
  1  0.03196 -1.85125e+03 |  2 -0.05880  4.14132e+00 |  3 -0.10203  3.35195e+00
  4 -0.01190 -5.65948e+00 |  5 -0.03921  4.24542e+01 |  6 -0.00481  3.61277e+01
  7 -0.05906  2.29252e+01 |  8 -0.09282  4.12731e+01 |  9 -0.06194  3.32131e+01
 10 -0.04698  4.22495e+01 | 11  0.02075  1.99764e+01 | 12  0.00894  1.00590e+01
 13  0.03187 -4.94689e+01 | 14  0.00154  1.27762e+00 | 15 -0.01147  3.76026e+01
 16  0.05064  2.53435e+01 | 17  0.02563  4.66880e+01 | 18 -0.01745  6.17235e+01
 19  0.01819  4.29272e+01 | 20 -0.01645  6.86706e+01 | 21  0.06853 -1.40937e+00
 22  0.03743 -3.04738e+00 | 23 -0.03995  6.57314e+01 | 24 -0.00060  5.37343e+01
 25 -0.05861  1.05957e+02 | 26  0.01518  1.63653e+02 | 27 -0.02570  3.31077e+00
 28 -0.00632 -6.27824e+01 | 29  0.02916 -2.62873e+02 | 30 -0.01065 -8.77386e+00
 31  0.06539  8.55451e+01 | 32 -0.00760  7.01480e+01 | 33  0.06750 -3.84669e+01
 34  0.00492 -6.24297e+01 | 35  0.05005 -1.53298e+02 | 36  0.00277 -2.36996e+02
 37 -0.02150  7.35521e+00 | 38  0.01784 -1.63315e+02 | 39  0.00939  1.21790e+02
 40  0.23436 -4.78849e+02 | 41  0.21263 -6.86925e+02 | 42  0.02080 -9.98901e+01
 43  0.61127 -1.03365e+01 | 44  0.24006  4.29319e+01 | 45 -0.22481  7.98478e+02
 46  0.12502 -2.62062e+02 | 47 -0.26063 -1.53959e+03 |
47 variables; iteration 40; function evaluation 55; phase 2
Function value 1.9772928e+02; maximum gradient component mag -7.0915e+02
Var    Value     Gradient |Var    Value     Gradient |Var    Value     Gradient
  1  0.02783 -7.09149e+02 |  2 -0.10139 -8.19763e+00 |  3 -0.09864  1.38024e+00
  4  0.00792  5.24258e+00 |  5 -0.03613  7.98949e+00 |  6  0.00310  6.52165e+00
  7 -0.04458  1.01970e+01 |  8 -0.08491  1.81608e+01 |  9 -0.05655  1.09424e+01
 10 -0.04722  1.71772e+01 | 11  0.02186 -1.97298e+00 | 12  0.00686 -1.62317e+01
 13  0.04644 -5.28208e+01 | 14  0.01489  4.68467e+00 | 15 -0.01109  7.74012e+00
 16  0.05678  7.63458e+00 | 17  0.02314  4.94748e+00 | 18 -0.02909  1.05461e+01
 19  0.01561 -3.42183e+00 | 20 -0.02880 -4.92482e+00 | 21  0.07604  1.50430e+01
 22  0.04867  1.00585e+01 | 23 -0.06818  5.76973e+00 | 24 -0.00906  2.84728e+00
 25 -0.10296 -9.46029e+00 | 26 -0.01041 -6.22011e+01 | 27 -0.02280  7.15489e+00
 28  0.00120 -8.06935e+00 | 29  0.03693 -7.16036e+01 | 30 -0.00904 -4.46453e+01
 31  0.06529  1.09989e+02 | 32 -0.01607 -3.98545e+01 | 33  0.07233  7.87240e+01
 34  0.00786 -4.15675e+01 | 35  0.06011  6.56855e+01 | 36  0.01906  2.66863e+00
 37 -0.02543 -8.74442e+01 | 38  0.02212 -6.10175e+01 | 39  0.00250  5.65834e+01
 40  0.23875 -2.37791e+01 | 41  0.21857 -1.98796e+02 | 42  0.03460 -1.80622e+02
 43  0.57522 -1.93295e+01 | 44  0.23960 -4.06950e+02 | 45 -0.23096  1.68795e+02
 46  0.11566 -4.41440e+01 | 47 -0.25502  3.20858e+01 |
47 variables; iteration 60; function evaluation 85; phase 2
Function value 1.8963625e+02; maximum gradient component mag 1.7634e+02
Var    Value     Gradient |Var    Value     Gradient |Var    Value     Gradient
  1  0.02231  1.76343e+02 |  2 -0.06290  3.51139e-01 |  3 -0.10180 -1.66335e+00
  4  0.01092 -1.53792e+00 |  5 -0.02738 -2.66600e+00 |  6  0.01211 -3.65803e-01
  7 -0.04452 -8.93648e-01 |  8 -0.09669 -1.68811e+00 |  9 -0.06567 -1.37790e+00
 10 -0.07076 -3.41543e+00 | 11  0.02247 -2.15455e-01 | 12  0.01881  3.28646e+00
 13  0.06084  1.73542e+01 | 14  0.01379 -1.03976e+00 | 15 -0.00910 -1.13504e+00
 16  0.06341  1.80364e+00 | 17  0.03162  1.14725e+00 | 18 -0.02603  4.18770e+00
 19  0.01692  4.58680e+00 | 20 -0.03104  2.84148e+00 | 21  0.07397  4.34863e-01
 22  0.05234  5.77111e+00 | 23 -0.06642  4.66008e-01 | 24 -0.01169  1.56371e+00
 25 -0.10211  1.86292e+00 | 26 -0.00758  1.68980e+01 | 27 -0.01746  2.76119e+00
 28  0.00426  5.98789e+00 | 29  0.04376  2.57699e+01 | 30 -0.00176  5.49812e+00
 31  0.05829 -5.54948e+00 | 32 -0.01067  8.12435e+00 | 33  0.05806 -1.11124e+01
 34  0.00850 -2.75733e+00 | 35  0.05784 -3.85402e+00 | 36  0.02270 -1.05607e+01
 37 -0.01639 -1.29069e+01 | 38  0.01836 -5.89810e+01 | 39 -0.03287  2.41016e+01
 40  0.24257 -1.36770e+01 | 41  0.22402  2.46818e+01 | 42  0.15642  1.13169e+02
 43 -0.06497  2.46146e+01 | 44  0.25196 -2.27472e+01 | 45 -0.25806 -5.67941e+01
 46  0.02730  1.90066e+01 | 47 -0.24877 -5.72874e+01 |
Maximum number of function evaluations exceeded

 - final statistics:
47 variables; iteration 75; function evaluation 100
Function value 1.8858e+02; maximum gradient component mag 2.9514e+01
Exit code = 3;  converg criter 1.0000e+01
Var    Value     Gradient |Var    Value     Gradient |Var    Value     Gradient
  1  0.02244  2.95141e+01 |  2 -0.06512 -1.48774e-01 |  3 -0.09721  3.17973e-03
  4  0.01176  1.58276e-01 |  5 -0.02739 -5.22197e-01 |  6  0.01132 -1.50295e-01
  7 -0.04549 -5.15914e-01 |  8 -0.09698 -1.50473e-01 |  9 -0.06577 -5.43144e-01
 10 -0.06909 -4.28471e-01 | 11  0.02267 -5.22189e-02 | 12  0.01789  2.12157e-01
 13  0.05783  1.29955e+00 | 14  0.01520  4.47644e-02 | 15 -0.00929 -4.66441e-01
 16  0.06272 -4.97592e-01 | 17  0.03150 -6.06525e-01 | 18 -0.02791 -1.47448e-01
 19  0.01648  5.32015e-02 | 20 -0.03044  2.82484e-01 | 21  0.07612 -6.22568e-02
 22  0.05735  3.93427e-01 | 23 -0.05694  4.00016e-01 | 24 -0.01284 -2.70212e-01
 25 -0.10466 -2.35127e-01 | 26 -0.01581  2.92784e-01 | 27 -0.01770 -3.30914e-01
 28  0.00520  2.90738e-01 | 29  0.04437  1.00199e+00 | 30 -0.00207 -9.48724e-01
 31  0.05928  1.03467e+00 | 32 -0.01010  1.06210e-01 | 33  0.05975  6.31043e-01
 34  0.00945 -6.59489e-01 | 35  0.05885  1.20948e+00 | 36  0.02260 -6.20093e-01
 37 -0.01672 -5.42669e-01 | 38  0.01880  7.91511e-01 | 39 -0.03870  1.12222e-01
 40  0.24224 -5.50892e-01 | 41  0.22370 -1.04277e+00 | 42  0.24719  2.04756e+01
 43 -0.62735  2.52070e+00 | 44  0.25171  1.18580e-01 | 45 -0.26850 -6.33889e+00
 46 -0.00482  2.17564e+00 | 47 -0.24917  3.61237e+00 |

Initial statistics: 50 variables; iteration 0; function evaluation 0; phase 3
Function value 1.8858094e+02; maximum gradient component mag -1.5790e+03
Var    Value     Gradient |Var    Value     Gradient |Var    Value     Gradient
  1  0.02244  2.95141e+01 |  2 -0.06512 -1.48774e-01 |  3 -0.09721  3.17973e-03
  4  0.01176  1.58276e-01 |  5 -0.02739 -5.34007e-01 |  6  0.01132 -1.62114e-01
  7 -0.04549 -5.27705e-01 |  8 -0.09698 -1.62157e-01 |  9 -0.06577 -5.54901e-01
 10 -0.06909 -4.40222e-01 | 11  0.02267 -6.40322e-02 | 12  0.01789  2.00341e-01
 13  0.05783  1.28778e+00 | 14  0.01520  3.29470e-02 | 15 -0.00929 -4.78261e-01
 16  0.06272 -5.09355e-01 | 17  0.03150 -6.18331e-01 | 18 -0.02791 -1.59257e-01
 19  0.01648  4.13847e-02 | 20 -0.03044  2.70677e-01 | 21  0.07612 -7.39932e-02
 22  0.05735  3.81654e-01 | 23 -0.05694  3.88243e-01 | 24 -0.01284 -2.82030e-01
 25 -0.10466 -2.46789e-01 | 26 -0.01581  2.80967e-01 | 27 -0.01770 -3.42731e-01
 28  0.00520  2.78917e-01 | 29  0.04437  9.90201e-01 | 30 -0.00207 -9.60545e-01
 31  0.05928  1.02290e+00 | 32 -0.01010  9.43904e-02 | 33  0.05975  6.19274e-01
 34  0.00945 -6.71309e-01 | 35  0.05885  1.19771e+00 | 36  0.02260 -6.31907e-01
 37 -0.01672 -5.54486e-01 | 38  0.01880  7.79695e-01 | 39 -0.03870  1.00423e-01
 40  0.24224 -5.50892e-01 | 41  0.22370 -1.04277e+00 | 42  0.24719  2.04756e+01
 43 -0.62735  2.52070e+00 | 44  0.25171  1.18580e-01 | 45 -0.26850 -6.33889e+00
 46 -0.00482  2.17564e+00 | 47 -0.30909 -1.57899e+03 | 48 -0.43452  1.85925e-03
 49 -0.24917  3.61237e+00 | 50 -0.36199 -2.43371e+01 |

Intermediate statistics: 50 variables; iteration 20; function evaluation 29; phase 3
Function value 1.4322223e+02; maximum gradient component mag -3.3683e+03
Var    Value     Gradient |Var    Value     Gradient |Var    Value     Gradient
  1  0.01730 -3.36829e+03 |  2 -0.06452 -5.98743e+00 |  3 -0.09653 -1.08240e+01
  4  0.01286 -6.00670e+01 |  5 -0.02446 -5.70133e+01 |  6  0.00854 -2.41105e+02
  7 -0.04269  4.74146e+01 |  8 -0.09604  4.73422e+01 |  9 -0.06520  4.24237e+01
 10 -0.06972  4.27103e+01 | 11  0.02411 -1.28665e-01 | 12  0.02098 -6.73896e+01
 13  0.06832 -3.22790e+02 | 14  0.00872 -3.30371e+01 | 15 -0.00913  4.33140e+01
 16  0.06568  1.52280e+01 | 17  0.03608  1.26774e+00 | 18 -0.03319 -3.76214e+00
 19 -0.01470 -1.41336e+01 | 20 -0.01588  3.17518e+01 | 21  0.03420 -1.60980e+01
 22  0.04450  2.65372e+01 | 23 -0.04808  5.01779e+01 | 24 -0.03078  2.27599e+01
 25 -0.11198  3.93394e+01 | 26 -0.00144  7.34567e+01 | 27 -0.01458  3.64350e+01
 28 -0.01400 -3.75826e+01 | 29  0.05848 -1.44999e+02 | 30  0.00144 -9.21107e+01
 31  0.06395  8.15951e+01 | 32 -0.01421  2.61948e+01 | 33  0.06498  7.74076e+01
 34  0.01430  3.25094e+01 | 35  0.05996 -6.14541e+01 | 36  0.02312 -1.56078e+02
 37 -0.00995 -5.95724e+00 | 38  0.03746  5.28986e+02 | 39 -0.01947 -1.75398e+01
 40  0.24564 -3.84316e+02 | 41  0.25331 -3.56475e+02 | 42  0.25526  2.63806e+02
 43 -0.62538  2.83414e+01 | 44  0.25725 -3.08845e+02 | 45 -0.25745  8.26499e+02
 46  0.01970 -2.83145e+02 | 47 -0.25941 -2.16471e+02 | 48 -0.41598  1.56829e+02
 49 -0.20819  1.38830e+02 | 50 -0.30756 -1.83641e+02 |
50 variables; iteration 40; function evaluation 51; phase 3
Function value 1.3687399e+02; maximum gradient component mag -1.4725e+03
Var    Value     Gradient |Var    Value     Gradient |Var    Value     Gradient
  1  0.01871 -1.47247e+03 |  2 -0.08643 -7.29650e+00 |  3 -0.11617 -9.98188e+00
  4  0.02471 -7.28516e+00 |  5 -0.03464 -3.76926e+01 |  6  0.01217 -9.99442e+01
  7 -0.04393  1.51595e+01 |  8 -0.09117  2.12493e+01 |  9 -0.05867  1.29388e+01
 10 -0.04749  2.22557e+01 | 11  0.05266  1.34860e+01 | 12  0.03505 -2.75509e+01
 13  0.05854 -1.37743e+02 | 14  0.01627  3.67974e+00 | 15 -0.02110  2.06224e+00
 16  0.06490 -1.38123e+00 | 17  0.03283 -1.87595e+01 | 18 -0.03625 -2.43515e+01
 19 -0.02113 -4.52206e+01 | 20 -0.01746 -2.02581e+00 | 21  0.03032 -2.53252e+01
 22  0.03705  1.30989e+00 | 23 -0.04126  4.42627e+01 | 24 -0.02921  1.55871e+01
 25 -0.12061 -2.64889e+00 | 26 -0.00181 -1.78521e-01 | 27 -0.01978  8.31586e+00
 28 -0.01800 -1.67940e+01 | 29  0.05744 -2.28550e+01 | 30  0.00160 -3.01287e+01
 31  0.05935  1.07145e+01 | 32 -0.01978 -4.50838e+00 | 33  0.06211  2.62328e+01
 34  0.00987 -8.16289e+00 | 35  0.05880 -4.18333e+01 | 36  0.02347 -1.04036e+02
 37 -0.01165  1.91916e+00 | 38  0.03259  3.38824e+02 | 39 -0.01498 -3.32792e+00
 40  0.24627 -1.61988e+02 | 41  0.25730 -1.33020e+02 | 42  0.24525  2.17385e+02
 43 -0.54857  2.74422e+01 | 44  0.25831 -1.49479e+02 | 45 -0.25748  5.75873e+02
 46  0.01920 -1.98160e+02 | 47 -0.25396  6.31016e+01 | 48 -0.41973 -5.29807e+01
 49 -0.20476 -1.40139e+02 | 50 -0.29952  2.04010e+01 |
50 variables; iteration 60; function evaluation 76; phase 3
Function value 1.3153879e+02; maximum gradient component mag -8.1927e+02
Var    Value     Gradient |Var    Value     Gradient |Var    Value     Gradient
  1  0.01824 -8.19265e+02 |  2 -0.06127  1.10875e-01 |  3 -0.09412 -3.30589e-01
  4  0.01416 -5.24210e+00 |  5 -0.02251  4.17171e+00 |  6  0.01448 -1.19104e+01
  7 -0.04446  1.15479e+01 |  8 -0.09793  1.23113e+01 |  9 -0.06565  1.16129e+01
 10 -0.07167  1.24242e+01 | 11  0.02800  1.11417e+01 | 12  0.02683  5.83858e+00
 13  0.06947 -1.52384e+01 | 14  0.01583  1.09209e+01 | 15 -0.01007  1.22941e+01
 16  0.06465  1.18554e+01 | 17  0.03503  1.41564e+01 | 18 -0.03465  1.34148e+01
 19 -0.01092  9.47261e+00 | 20 -0.01987  2.01359e+01 | 21  0.04069  9.64262e+00
 22  0.04318  1.29804e+01 | 23 -0.05220  1.32196e+01 | 24 -0.02973  6.15068e+00
 25 -0.11144  5.29084e+00 | 26 -0.00099 -1.17776e+01 | 27 -0.02586 -2.32464e+01
 28 -0.01462 -8.86126e+00 | 29  0.05857 -3.64231e+01 | 30  0.00336 -1.14466e+01
 31  0.06095 -6.03633e+00 | 32 -0.01728  1.63248e+01 | 33  0.06199 -5.09945e+00
 34  0.01270  2.00398e+01 | 35  0.06131 -1.02070e+01 | 36  0.02904 -1.29056e+01
 37 -0.00908 -1.67862e+01 | 38  0.02574 -5.17656e+01 | 39 -0.01248  1.37477e+01
 40  0.24653 -4.26669e+00 | 41  0.25715 -1.11843e+01 | 42  0.24242  5.00191e+01
 43 -0.54238  5.93080e+00 | 44  0.26067 -2.17873e+01 | 45 -0.25426  1.29567e+02
 46  0.03190 -4.26280e+01 | 47 -0.25194  2.47847e+01 | 48 -0.41658 -2.07088e+01
 49 -0.19210 -2.64884e+02 | 50 -0.28128  1.41539e+02 |
50 variables; iteration 80; function evaluation 97; phase 3
Function value 1.2620560e+02; maximum gradient component mag 7.3080e+00
Var    Value     Gradient |Var    Value     Gradient |Var    Value     Gradient
  1  0.01659  7.30799e+00 |  2 -0.06320  2.87709e-03 |  3 -0.09510  1.02546e-03
  4  0.01541  1.70607e-02 |  5 -0.01945 -1.69119e-01 |  6  0.01924 -2.34937e-01
  7 -0.04300 -1.13413e-01 |  8 -0.09734 -8.08098e-02 |  9 -0.06427 -4.39683e-02
 10 -0.07353 -1.23826e-01 | 11  0.02737 -7.94561e-02 | 12  0.02849 -8.19148e-02
 13  0.07662 -1.82645e-01 | 14  0.01306 -7.96943e-02 | 15 -0.01152 -8.93878e-02
 16  0.06595  6.73698e-02 | 17  0.03737  2.39387e-01 | 18 -0.03062  3.46924e-01
 19 -0.00982  7.14660e-02 | 20 -0.01626  3.34872e-01 | 21  0.03729 -7.14815e-02
 22  0.03902 -1.64562e-02 | 23 -0.05875  3.86810e-02 | 24 -0.03056  2.22562e-03
 25 -0.11056 -6.00959e-02 | 26  0.00464  4.34532e-01 | 27 -0.01744  3.23599e-01
 28 -0.02137  1.33214e-01 | 29  0.05724  7.36641e-01 | 30  0.00383 -2.51728e-01
 31  0.05794 -2.39294e-01 | 32 -0.02136 -3.45162e-02 | 33  0.04518 -4.61300e-03
 34  0.00059 -5.79146e-02 | 35  0.05612 -1.36355e-02 | 36  0.02791 -2.24776e-01
 37 -0.00848 -2.02752e-01 | 38  0.03190 -2.34003e-01 | 39  0.00388 -1.60134e-01
 40  0.24882 -1.23312e-01 | 41  0.26073  2.34904e-01 | 42  0.19447  2.19016e+00
 43 -0.22264  2.36020e-01 | 44  0.28093 -2.47130e-01 | 45 -0.28240  2.23234e+00
 46 -0.05291 -7.89729e-01 | 47 -0.23811 -2.44108e-01 | 48 -0.40096 -2.50162e-02
 49 -0.12099  1.40764e+00 | 50 -0.23725 -9.70106e-01 |
50 variables; iteration 100; function evaluation 117; phase 3
Function value 1.2620204e+02; maximum gradient component mag 5.1149e+01
Var    Value     Gradient |Var    Value     Gradient |Var    Value     Gradient
  1  0.01659  5.11493e+01 |  2 -0.06331 -3.79655e-02 |  3 -0.09524 -6.61264e-02
  4  0.01544 -4.27061e-02 |  5 -0.01952 -1.10218e+00 |  6  0.01923 -1.44007e+00
  7 -0.04302 -7.88921e-01 |  8 -0.09736 -7.85177e-01 |  9 -0.06433 -1.02994e+00
 10 -0.07363 -7.18999e-01 | 11  0.02723 -7.82645e-01 | 12  0.02846 -6.79912e-01
 13  0.07663 -7.81500e-01 | 14  0.01309 -5.61013e-01 | 15 -0.01151 -5.79609e-01
 16  0.06600  6.37630e-02 | 17  0.03741  5.27657e-01 | 18 -0.03069  4.90139e-01
 19 -0.00972  6.83866e-01 | 20 -0.01625  1.39247e+00 | 21  0.03729 -5.71234e-01
 22  0.03892 -5.98887e-01 | 23 -0.05896 -5.15706e-01 | 24 -0.03053 -2.52616e-01
 25 -0.11047 -1.07060e-01 | 26  0.00474  2.06847e+00 | 27 -0.01757 -7.90852e-01
 28 -0.02131 -6.69496e-02 | 29  0.05723  1.24084e+00 | 30  0.00382 -4.46527e-01
 31  0.05801  9.14797e-01 | 32 -0.02119  1.06261e+00 | 33  0.04526  7.64418e-01
 34  0.00068  5.21843e-01 | 35  0.05614  8.98885e-01 | 36  0.02792  6.35445e-01
 37 -0.00843  1.87985e+00 | 38  0.03194  1.01850e+00 | 39  0.00384 -7.27834e-01
 40  0.24881  1.53628e+00 | 41  0.26084  1.44753e+00 | 42  0.19152  2.29554e+00
 43 -0.20645  3.32392e-01 | 44  0.28087 -3.32340e-01 | 45 -0.28250 -1.87289e+01
 46 -0.05318  6.61934e+00 | 47 -0.23183 -5.35211e-01 | 48 -0.39370  4.13299e-02
 49 -0.12107  2.48392e+00 | 50 -0.23725 -1.76929e+00 |
50 variables; iteration 120; function evaluation 140; phase 3
Function value 1.2616219e+02; maximum gradient component mag -4.4536e-03
Var    Value     Gradient |Var    Value     Gradient |Var    Value     Gradient
  1  0.01655  4.55227e-04 |  2 -0.06319 -5.00567e-05 |  3 -0.09508 -5.65014e-05
  4  0.01544 -1.18735e-04 |  5 -0.01936  6.58888e-05 |  6  0.01934  5.96203e-05
  7 -0.04293 -1.87083e-06 |  8 -0.09728 -7.58422e-06 |  9 -0.06420  4.82145e-05
 10 -0.07348 -2.31806e-05 | 11  0.02739 -2.28881e-04 | 12  0.02852 -4.92331e-04
 13  0.07674 -2.03339e-03 | 14  0.01305 -5.94261e-04 | 15 -0.01150 -1.02788e-04
 16  0.06599 -5.97219e-04 | 17  0.03745 -9.18251e-04 | 18 -0.03055 -1.02805e-03
 19 -0.00961 -2.84875e-04 | 20 -0.01618 -2.67881e-04 | 21  0.03686  1.06450e-04
 22  0.03872  2.68971e-04 | 23 -0.05959 -1.50662e-04 | 24 -0.03120 -8.60478e-05
 25 -0.11086 -6.24260e-05 | 26  0.00500 -3.42902e-04 | 27 -0.01753  1.20989e-03
 28 -0.02114  2.31241e-04 | 29  0.05726  1.38063e-03 | 30  0.00395 -4.16312e-04
 31  0.05800 -3.09741e-04 | 32 -0.02118  5.58315e-04 | 33  0.04530  2.83393e-04
 34  0.00055  2.93689e-04 | 35  0.05614 -1.69153e-04 | 36  0.02801 -7.08884e-05
 37 -0.00842  1.43247e-03 | 38  0.03205  2.66063e-03 | 39  0.00402  7.81441e-04
 40  0.24887 -1.29897e-03 | 41  0.26514  1.44319e-03 | 42  0.18829  1.29709e-04
 43 -0.18833  4.53815e-05 | 44  0.28090  2.64864e-04 | 45 -0.28335 -4.45358e-03
 46 -0.05559  8.00908e-04 | 47 -0.18579  2.37583e-03 | 48 -0.34664 -3.28134e-03
 49 -0.12116 -1.08516e-03 | 50 -0.23737  9.35409e-04 |

 - final statistics:
50 variables; iteration 137; function evaluation 160
Function value 1.2616e+02; maximum gradient component mag 4.4380e-05
Exit code = 1;  converg criter 1.0000e-04
Var    Value     Gradient |Var    Value     Gradient |Var    Value     Gradient
  1  0.01655 -1.62369e-05 |  2 -0.06319 -3.67669e-08 |  3 -0.09508  6.81103e-08
  4  0.01544 -5.74562e-08 |  5 -0.01936  1.34031e-06 |  6  0.01934  1.10276e-06
  7 -0.04293  6.59887e-07 |  8 -0.09728  3.89121e-07 |  9 -0.06420  5.87081e-07
 10 -0.07348  4.33635e-07 | 11  0.02739 -2.02726e-07 | 12  0.02852 -1.07215e-06
 13  0.07674 -4.08539e-06 | 14  0.01305 -1.30828e-07 | 15 -0.01150  5.43894e-07
 16  0.06599  1.20097e-06 | 17  0.03745  1.53980e-06 | 18 -0.03055  2.21046e-06
 19 -0.00961  1.20711e-06 | 20 -0.01618  1.99044e-06 | 21  0.03686  1.62205e-08
 22  0.03872  9.83417e-08 | 23 -0.05959 -2.52778e-07 | 24 -0.03120  1.50332e-07
 25 -0.11086  1.75440e-07 | 26  0.00500 -2.63726e-06 | 27 -0.01753  7.56534e-07
 28 -0.02114  1.51887e-06 | 29  0.05726  3.47048e-06 | 30  0.00395  2.25685e-07
 31  0.05800  7.53018e-07 | 32 -0.02118  2.49128e-06 | 33  0.04530  4.72573e-07
 34  0.00055 -1.80143e-06 | 35  0.05614 -1.72220e-06 | 36  0.02801 -2.59924e-06
 37 -0.00842 -2.18036e-06 | 38  0.03205 -3.10241e-06 | 39  0.00402  3.65311e-07
 40  0.24887  9.22275e-07 | 41  0.26514  8.35630e-06 | 42  0.18829 -3.10675e-06
 43 -0.18833 -5.85347e-07 | 44  0.28090  1.32955e-06 | 45 -0.27820  4.43799e-05
 46 -0.04104 -1.56644e-05 | 47 -0.18579 -3.44648e-06 | 48 -0.34664  2.51226e-06
 49 -0.12116 -2.08416e-06 | 50 -0.23737  2.13152e-06 |
Estimating row 1 out of 50 for hessian
Estimating row 2 out of 50 for hessian
Estimating row 3 out of 50 for hessian
Estimating row 4 out of 50 for hessian
Estimating row 5 out of 50 for hessian
Estimating row 6 out of 50 for hessian
Estimating row 7 out of 50 for hessian
Estimating row 8 out of 50 for hessian
Estimating row 9 out of 50 for hessian
Estimating row 10 out of 50 for hessian
Estimating row 11 out of 50 for hessian
Estimating row 12 out of 50 for hessian
Estimating row 13 out of 50 for hessian
Estimating row 14 out of 50 for hessian
Estimating row 15 out of 50 for hessian
Estimating row 16 out of 50 for hessian
Estimating row 17 out of 50 for hessian
Estimating row 18 out of 50 for hessian
Estimating row 19 out of 50 for hessian
Estimating row 20 out of 50 for hessian
Estimating row 21 out of 50 for hessian
Estimating row 22 out of 50 for hessian
Estimating row 23 out of 50 for hessian
Estimating row 24 out of 50 for hessian
Estimating row 25 out of 50 for hessian
Estimating row 26 out of 50 for hessian
Estimating row 27 out of 50 for hessian
Estimating row 28 out of 50 for hessian
Estimating row 29 out of 50 for hessian
Estimating row 30 out of 50 for hessian
Estimating row 31 out of 50 for hessian
Estimating row 32 out of 50 for hessian
Estimating row 33 out of 50 for hessian
Estimating row 34 out of 50 for hessian
Estimating row 35 out of 50 for hessian
Estimating row 36 out of 50 for hessian
Estimating row 37 out of 50 for hessian
Estimating row 38 out of 50 for hessian
Estimating row 39 out of 50 for hessian
Estimating row 40 out of 50 for hessian
Estimating row 41 out of 50 for hessian
Estimating row 42 out of 50 for hessian
Estimating row 43 out of 50 for hessian
Estimating row 44 out of 50 for hessian
Estimating row 45 out of 50 for hessian
Estimating row 46 out of 50 for hessian
Estimating row 47 out of 50 for hessian
Estimating row 48 out of 50 for hessian
Estimating row 49 out of 50 for hessian
Estimating row 50 out of 50 for hessian
size of file gradfil1.tmp = 0
size of file gradfil2.tmp = 0
size of file varssave.tmp = 0
size of file cmpdiff.tmp = 0
