
Initial statistics: 9 variables; iteration 0; function evaluation 0; phase 1
Function value 7.0798316e+04; maximum gradient component mag 2.1923e+05
Var    Value     Gradient |Var    Value     Gradient |Var    Value     Gradient
  1  0.33333  2.19227e+05 |  2  0.21635  1.20074e+05 |  3  0.40967  3.20507e+04
  4  0.21635  8.47435e+04 |  5  0.40967  2.34309e+04 |  6  0.21635  3.88107e+04
  7  0.40967  1.02154e+04 |  8  0.21635  5.35645e+04 |  9 -0.30909  4.81041e+04

Intermediate statistics: 9 variables; iteration 20; function evaluation 45; phase 1
Function value 6.3760099e+02; maximum gradient component mag -1.6326e+03
Var    Value     Gradient |Var    Value     Gradient |Var    Value     Gradient
  1  0.06277 -1.16471e+02 |  2 -0.06870 -1.63255e+03 |  3  0.92096 -4.38465e+01
  4 -0.07103  2.68169e+02 |  5  1.36729 -4.83689e+01 |  6 -0.03364 -1.13658e+02
  7  0.76357 -8.59227e+00 |  8 -0.98113  5.54223e+01 |  9  1.04323 -8.54644e+01
9 variables; iteration 40; function evaluation 68; phase 1
Function value 5.6119621e+02; maximum gradient component mag 2.7425e+02
Var    Value     Gradient |Var    Value     Gradient |Var    Value     Gradient
  1  0.11027 -6.09380e+00 |  2 -0.04477 -6.60695e+01 |  3  0.36833 -1.02375e+01
  4 -0.13202  2.74251e+02 |  5  1.23844 -3.33817e+01 |  6  0.01202  9.90047e+01
  7  0.18091  2.15218e+01 |  8 -2.06673 -2.25489e+02 |  9  2.54575 -1.08339e+02
9 variables; iteration 60; function evaluation 91; phase 1
Function value 5.4934067e+02; maximum gradient component mag -3.9432e+02
Var    Value     Gradient |Var    Value     Gradient |Var    Value     Gradient
  1  0.16466 -3.94321e+02 |  2  0.00327 -9.89211e+01 |  3 -0.01087 -2.32358e+01
  4 -0.19685 -2.80913e+02 |  5  0.92528 -7.11821e+00 |  6  0.00260 -1.99083e-01
  7  0.04188 -9.14071e-01 |  8 -2.13819 -3.50733e+01 |  9  3.16080  7.12285e+00
Maximum number of function evaluations exceeded

 - final statistics:
9 variables; iteration 68; function evaluation 100
Function value 5.4625e+02; maximum gradient component mag -4.0258e+02
Exit code = 3;  converg criter 1.0000e+01
Var    Value     Gradient |Var    Value     Gradient |Var    Value     Gradient
  1  0.19570 -4.02584e+02 |  2  0.01282 -8.79693e+01 |  3 -0.12261 -2.12282e+01
  4 -0.20585 -3.77084e+02 |  5  0.69353 -4.34656e+01 |  6 -0.04071 -2.09963e+01
  7  0.12417 -6.29891e+00 |  8 -2.07394 -6.68589e+01 |  9  3.32228  2.70691e+01

Initial statistics: 50 variables; iteration 0; function evaluation 0; phase 2
Function value 5.4625432e+02; maximum gradient component mag -2.5251e+03
Var    Value     Gradient |Var    Value     Gradient |Var    Value     Gradient
  1  0.19570 -4.02584e+02 |  2  0.00000  1.34593e+01 |  3  0.00000  3.09012e+01
  4  0.00000 -5.52786e+01 |  5  0.00000  4.04761e+01 |  6  0.00000 -2.96215e+01
  7  0.00000 -1.42750e+01 |  8  0.00000  3.74858e+01 |  9  0.00000  1.20209e+01
 10  0.00000  1.40525e+01 | 11  0.00000 -3.30514e+01 | 12  0.00000  2.14280e+01
 13  0.00000 -8.69279e+00 | 14  0.00000  7.48285e+00 | 15  0.00000  2.28670e+00
 16  0.00000 -3.65313e+01 | 17  0.00000  3.48771e+00 | 18  0.00000  1.62724e+01
 19  0.00000 -1.06034e+02 | 20  0.00000 -1.16640e+00 | 21  0.00000 -2.42714e+02
 22  0.00000 -1.00936e+02 | 23  0.00000  7.15217e+01 | 24  0.00000  2.82060e+01
 25  0.00000  2.17946e+02 | 26  0.00000  1.15639e+02 | 27  0.00000  6.17397e+01
 28  0.00000  1.25964e+02 | 29  0.00000 -6.00021e+01 | 30  0.00000  3.05642e+02
 31  0.00000 -6.37484e+02 | 32  0.00000  3.78588e+02 | 33  0.00000 -6.49367e+02
 34  0.00000  2.26641e+02 | 35  0.00000 -3.81312e+02 | 36  0.00000  1.24413e+02
 37  0.00000  4.30297e+02 | 38  0.00000 -4.23398e+01 | 39  0.00000  1.01938e+02
 40  0.01282 -8.79693e+01 | 41 -0.12261 -2.12282e+01 | 42 -0.20585 -3.77084e+02
 43  0.69353 -4.34656e+01 | 44 -0.04071 -2.09963e+01 | 45  0.12417 -6.29891e+00
 46  0.07394  6.68589e+01 | 47 -0.67772  2.70691e+01 | 48 -0.30909 -2.01260e+03
 49  0.12819  1.33901e+01 | 50 -0.30909 -2.52509e+03 |

Intermediate statistics: 50 variables; iteration 20; function evaluation 33; phase 2
Function value 2.9362296e+02; maximum gradient component mag -2.5107e+03
Var    Value     Gradient |Var    Value     Gradient |Var    Value     Gradient
  1  0.06363 -2.51071e+03 |  2 -0.07697 -2.75582e+00 |  3 -0.14945 -1.53785e+01
  4  0.02240  2.76651e+01 |  5 -0.05283  7.08276e+01 |  6  0.04164  1.33131e+02
  7  0.01829  1.25378e+02 |  8 -0.06020  7.43856e+01 |  9 -0.02794  9.18334e+01
 10 -0.01200  9.49465e+01 | 11  0.06222  1.26792e+02 | 12 -0.00010  7.39231e+01
 13  0.03362  8.62985e+01 | 14  0.00809  7.96199e+01 | 15  0.01389  1.07033e+02
 16  0.05691  1.13074e+02 | 17  0.00954  7.40824e+01 | 18 -0.02933  6.15352e+01
 19  0.07056  1.07913e+02 | 20 -0.05453  2.89120e+01 | 21  0.13473  2.29519e+02
 22  0.09489  1.81533e+02 | 23 -0.07870  4.10187e+01 | 24  0.02622  9.56347e+01
 25 -0.12333  8.74874e+00 | 26 -0.03496 -1.63291e+01 | 27 -0.08751  5.47078e+00
 28 -0.03183 -4.23988e+01 | 29  0.00926 -2.81439e+02 | 30 -0.01407  9.94972e+01
 31  0.07272  1.75130e+02 | 32 -0.01704  7.17938e+01 | 33  0.05758 -5.30962e+01
 34 -0.02161 -1.38007e+02 | 35  0.04748  1.39276e+01 | 36 -0.01004 -2.61160e+01
 37 -0.03786  1.43677e+02 | 38  0.00254  8.41157e+00 | 39 -0.00603  1.28723e+02
 40  0.09848 -8.22742e+02 | 41 -0.13975 -1.66151e+02 | 42 -0.08825 -5.84069e+02
 43  0.67444 -6.43258e+01 | 44  0.06138 -1.22765e+03 | 45  0.09246 -2.55560e+02
 46  0.18280 -4.70759e+02 | 47 -0.77836 -1.12477e+02 | 48 -0.24665 -2.01387e+02
 49  0.12719  7.51985e+01 | 50 -0.27986 -1.43164e+03 |
50 variables; iteration 40; function evaluation 57; phase 2
Function value 2.7788953e+02; maximum gradient component mag -2.1691e+03
Var    Value     Gradient |Var    Value     Gradient |Var    Value     Gradient
  1  0.05044 -1.97420e+03 |  2 -0.17383 -2.26753e+01 |  3 -0.14660 -1.17600e+01
  4  0.01198  3.99965e+01 |  5 -0.08317  2.99833e+01 |  6 -0.00147  9.66670e+01
  7 -0.04822  6.95721e+01 |  8 -0.11342  3.62719e+01 |  9 -0.05369  6.68597e+01
 10 -0.03154  5.91915e+01 | 11  0.08797  1.20939e+02 | 12  0.03917  7.57630e+01
 13  0.06386  9.68982e+01 | 14  0.01981  8.06006e+01 | 15  0.01813  7.94181e+01
 16  0.07129  1.17896e+02 | 17  0.01527  6.16112e+01 | 18 -0.02847  4.03769e+01
 19  0.07308  9.04668e+01 | 20 -0.04654  3.10573e+01 | 21  0.14797  2.39769e+02
 22  0.10950  2.05951e+02 | 23 -0.08264  1.76660e+01 | 24  0.03214  7.90029e+01
 25 -0.13805 -3.00586e+01 | 26 -0.03787 -4.46209e+01 | 27 -0.06839 -3.35845e+00
 28 -0.02678 -6.21481e+01 | 29  0.02169 -2.83082e+02 | 30 -0.01851 -1.81660e+01
 31  0.07588  1.77772e+02 | 32 -0.01252  7.99358e+01 | 33  0.06075 -1.10762e+02
 34 -0.01439 -1.46916e+02 | 35  0.05088 -4.28950e+01 | 36 -0.00241 -6.33230e+01
 37 -0.03938  5.25367e+01 | 38  0.00549 -4.03255e+00 | 39 -0.00698  1.28336e+02
 40  0.14790  1.58650e+02 | 41 -0.32341  4.65392e+01 | 42 -0.07356 -1.03139e+03
 43  0.62522 -1.28679e+02 | 44  0.13027 -5.34651e+02 | 45 -0.14636 -1.04253e+02
 46  0.19960 -3.24183e+02 | 47 -0.80850 -6.62786e+01 | 48 -0.26686  2.51762e+02
 49  0.02439 -6.78736e+01 | 50 -0.27769 -2.16914e+03 |
50 variables; iteration 60; function evaluation 87; phase 2
Function value 2.1335281e+02; maximum gradient component mag 4.2466e+03
Var    Value     Gradient |Var    Value     Gradient |Var    Value     Gradient
  1  0.02951 -3.55018e+02 |  2 -0.05788  2.57335e+00 |  3 -0.12864 -8.69853e+00
  4 -0.00101 -4.84016e+00 |  5 -0.04505  1.81847e+01 |  6  0.00356  4.01333e+01
  7 -0.05818  2.03218e+01 |  8 -0.10385  2.99678e+01 |  9 -0.09954 -1.98941e+01
 10 -0.06849  3.79532e+01 | 11  0.04286  5.97892e+01 | 12  0.00476  1.43368e+01
 13  0.07313  7.48691e+01 | 14  0.03226  7.08041e+01 | 15  0.00457  3.30091e+01
 16  0.05455  3.00656e+01 | 17  0.02837  3.10351e+01 | 18 -0.01436  2.92778e+01
 19  0.05556  4.09760e+01 | 20 -0.03078  4.73532e+01 | 21  0.10642  6.16067e+01
 22  0.05990  6.36761e+01 | 23 -0.04945  5.57426e+01 | 24 -0.00001  4.03776e+01
 25 -0.07576  5.48272e+01 | 26 -0.03068  6.72298e+00 | 27 -0.02626  1.67165e+01
 28 -0.00204 -2.01441e+01 | 29  0.03059 -1.91707e+02 | 30 -0.00174  1.06490e+02
 31  0.05489 -2.98300e+01 | 32 -0.00836  1.05565e+02 | 33  0.04947 -5.72882e+01
 34  0.00006 -2.43508e+01 | 35  0.05430 -9.76222e+00 | 36  0.01766  2.71381e+01
 37 -0.02058  7.44367e+01 | 38  0.00983 -6.08336e+01 | 39 -0.02309  9.28953e+01
 40  0.19568  1.88645e+02 | 41 -0.49833  3.34878e+01 | 42 -0.02690  1.57910e+02
 43  0.50581  3.14420e+01 | 44  0.20997  7.15090e+01 | 45 -0.41547  1.39160e+01
 46  0.23182 -1.22260e+02 | 47 -0.84805 -1.87959e+01 | 48 -0.30493  4.24658e+03
 49 -0.11516 -1.35537e+03 | 50 -0.25723 -1.29465e+03 |
Maximum number of function evaluations exceeded

 - final statistics:
50 variables; iteration 74; function evaluation 100
Function value 1.9973e+02; maximum gradient component mag 1.1204e+03
Exit code = 3;  converg criter 1.0000e+01
Var    Value     Gradient |Var    Value     Gradient |Var    Value     Gradient
  1  0.02324 -6.37580e+02 |  2 -0.07228 -2.12288e+00 |  3 -0.10092 -1.47198e+00
  4  0.00579 -8.27129e+00 |  5 -0.03507 -4.70553e+00 |  6  0.00539 -3.70640e+00
  7 -0.04636  9.01714e+00 |  8 -0.09940  4.57994e+00 |  9 -0.05858  1.79974e+01
 10 -0.06611  5.09851e+00 | 11  0.02049 -5.61598e+00 | 12  0.02420 -5.02566e+00
 13  0.05685 -5.50837e+01 | 14  0.01692  2.56307e+00 | 15 -0.01171  6.92430e+00
 16  0.05973  1.27426e+01 | 17  0.03635  1.76086e+01 | 18 -0.01764  5.60196e+00
 19  0.04228 -3.81561e+00 | 20 -0.03352  1.72848e+01 | 21  0.09503  3.96855e+00
 22  0.05178  3.51279e+00 | 23 -0.06021  2.16136e+00 | 24 -0.00781  1.57969e+00
 25 -0.09802 -2.79346e+00 | 26 -0.01752  7.81242e-01 | 27 -0.02110  7.89768e+00
 28 -0.00053  7.94234e+00 | 29  0.04035  2.08086e+01 | 30 -0.00534 -1.69115e+01
 31  0.05478 -7.19482e-01 | 32 -0.01212 -1.49183e+01 | 33  0.04787  7.73995e+00
 34  0.00233 -9.63194e+00 | 35  0.05459 -6.63454e+00 | 36  0.02049  1.77945e+01
 37 -0.02057 -2.66638e+01 | 38  0.01621 -6.95553e+01 | 39 -0.03593 -3.10673e+00
 40  0.21108  2.35694e+02 | 41 -0.56168  3.54074e+01 | 42  0.06359 -4.20141e+02
 43  0.06392 -7.93111e+01 | 44  0.22342 -3.74343e+01 | 45 -0.45787 -4.36318e+00
 46  0.24652  2.50036e+01 | 47 -0.87164  3.79531e+00 | 48 -0.30361  1.12035e+03
 49 -0.11155 -3.69087e+02 | 50 -0.24622  2.65808e+02 |

Initial statistics: 53 variables; iteration 0; function evaluation 0; phase 3
Function value 1.9972495e+02; maximum gradient component mag -1.6398e+03
Var    Value     Gradient |Var    Value     Gradient |Var    Value     Gradient
  1  0.02324 -6.37580e+02 |  2 -0.07228 -2.12288e+00 |  3 -0.10092 -1.47198e+00
  4  0.00579 -8.27129e+00 |  5 -0.03502 -3.13109e+00 |  6  0.00543 -2.12961e+00
  7 -0.04632  1.05899e+01 |  8 -0.09935  6.13767e+00 |  9 -0.05854  1.95677e+01
 10 -0.06607  6.66691e+00 | 11  0.02054 -4.03995e+00 | 12  0.02425 -3.44995e+00
 13  0.05690 -5.35128e+01 | 14  0.01696  4.13935e+00 | 15 -0.01166  8.50089e+00
 16  0.05978  1.43124e+01 | 17  0.03640  1.91827e+01 | 18 -0.01759  7.17821e+00
 19  0.04233 -2.24223e+00 | 20 -0.03348  1.88596e+01 | 21  0.09507  5.52780e+00
 22  0.05183  5.08439e+00 | 23 -0.06017  3.73118e+00 | 24 -0.00777  3.15641e+00
 25 -0.09797 -1.23528e+00 | 26 -0.01747  2.35749e+00 | 27 -0.02105  9.47368e+00
 28 -0.00049  9.51918e+00 | 29  0.04039  2.23822e+01 | 30 -0.00529 -1.53347e+01
 31  0.05482  8.51521e-01 | 32 -0.01208 -1.33418e+01 | 33  0.04792  9.31229e+00
 34  0.00238 -8.05511e+00 | 35  0.05463 -5.06346e+00 | 36  0.02053  1.93705e+01
 37 -0.02052 -2.50879e+01 | 38  0.01625 -6.79788e+01 | 39 -0.03588 -1.53241e+00
 40  0.21108  2.35694e+02 | 41 -0.56168  3.54074e+01 | 42  0.06359 -4.20141e+02
 43  0.06392 -7.93111e+01 | 44  0.22342 -3.74343e+01 | 45 -0.45787 -4.36318e+00
 46  0.24652  2.50036e+01 | 47 -0.87164  3.79531e+00 | 48 -0.30361  1.12035e+03
 49 -0.11155 -3.69087e+02 | 50 -0.30909 -1.63975e+03 | 51 -0.43452  3.90958e-03
 52 -0.24622  2.65808e+02 | 53 -0.36199 -1.78050e+02 |

Intermediate statistics: 53 variables; iteration 20; function evaluation 27; phase 3
Function value 1.4453994e+02; maximum gradient component mag -1.2681e+03
Var    Value     Gradient |Var    Value     Gradient |Var    Value     Gradient
  1  0.02049 -7.90203e+02 |  2 -0.06686 -5.19774e-01 |  3 -0.09671  2.29377e-01
  4  0.01608  5.86520e+00 |  5 -0.02037  1.87852e+01 |  6  0.02200  3.72844e+01
  7 -0.04274  6.42775e+00 |  8 -0.09481  7.43089e+00 |  9 -0.06470  5.59041e+00
 10 -0.06630  7.81576e+00 | 11  0.03164  1.40115e+01 | 12  0.02993  1.90941e+01
 13  0.07567  4.36446e+01 | 14  0.01220  1.75156e+01 | 15 -0.00880  8.80929e+00
 16  0.06087  5.52895e+00 | 17  0.03379 -1.10511e+01 | 18 -0.03372 -3.55194e+01
 19 -0.02197 -1.43024e+02 | 20 -0.01087  5.13820e+01 | 21  0.02074 -1.59567e+02
 22  0.03965 -1.59817e+01 | 23 -0.04998  6.61140e+00 | 24 -0.01532 -3.05871e+00
 25 -0.11265 -2.49860e+01 | 26  0.00167  4.49236e+01 | 27 -0.02616 -1.48084e+01
 28 -0.02202 -5.94757e+01 | 29  0.05902 -7.42139e+01 | 30  0.00165 -6.96297e+01
 31  0.06133 -4.60151e+01 | 32 -0.01942  3.32058e+01 | 33  0.06593 -8.11149e+00
 34  0.01327  2.17482e+01 | 35  0.06611  1.17286e+02 | 36  0.02831  5.33738e+01
 37 -0.01131  3.53442e+01 | 38  0.02058 -2.62167e+01 | 39 -0.02695  2.34920e+01
 40  0.21535  4.69521e+02 | 41 -0.56168  6.49637e+01 | 42  0.11642 -1.26813e+03
 43  0.01185 -2.46869e+02 | 44  0.23100  4.12622e+02 | 45 -0.45565  6.14369e+01
 46  0.24974  3.67313e+02 | 47 -0.87359  4.53287e+01 | 48 -0.30081  4.39714e+02
 49 -0.10352 -1.47581e+02 | 50 -0.26667  5.51288e+02 | 51 -0.43340 -4.46558e+02
 52 -0.21226 -6.79525e+02 | 53 -0.29308  3.86107e+02 |
53 variables; iteration 40; function evaluation 49; phase 3
Function value 1.3854888e+02; maximum gradient component mag 1.6383e+03
Var    Value     Gradient |Var    Value     Gradient |Var    Value     Gradient
  1  0.01961  4.02227e+01 |  2 -0.05902  1.54295e+00 |  3 -0.09789 -9.55933e-02
  4  0.01526  4.90725e+00 |  5 -0.01610  1.43252e+01 |  6  0.02235  2.31430e+01
  7 -0.03547  5.34871e+00 |  8 -0.08583  7.32953e+00 |  9 -0.06450 -1.60739e+00
 10 -0.07219 -4.18168e+00 | 11  0.01705 -7.72348e+00 | 12  0.01742 -2.60069e+00
 13  0.07693  3.30191e+01 | 14  0.01471  8.95004e+00 | 15 -0.00141  1.03571e+01
 16  0.06397  1.21249e+01 | 17  0.03180 -4.21536e+00 | 18 -0.03354 -1.55172e+01
 19 -0.01583 -7.52874e+01 | 20 -0.01970  2.72417e+01 | 21  0.03140 -8.14992e+01
 22  0.03351 -3.37152e+01 | 23 -0.05827 -1.47143e+01 | 24 -0.01791  6.52437e-01
 25 -0.11436 -2.64488e+01 | 26  0.00426  4.62735e+01 | 27 -0.02868 -4.22985e+01
 28 -0.02364 -6.28365e+01 | 29  0.05982 -3.58068e+01 | 30  0.00285 -4.11877e+01
 31  0.06068 -2.21927e+01 | 32 -0.01660  5.29562e+01 | 33  0.06246 -1.87632e+01
 34  0.01228  1.37549e+01 | 35  0.06430  8.12485e+01 | 36  0.02817  2.25932e+01
 37 -0.00948  3.93153e+01 | 38  0.02309  1.88375e+00 | 39 -0.01574  3.13611e+01
 40  0.22582  5.10911e+02 | 41 -0.63496  6.05445e+01 | 42  0.14554 -6.53328e+02
 43 -0.11048 -1.27024e+02 | 44  0.23686  3.97925e+02 | 45 -0.48419  5.62868e+01
 46  0.25026  2.78024e+02 | 47 -0.87329  3.41772e+01 | 48 -0.30409  1.63826e+03
 49 -0.11356 -5.60144e+02 | 50 -0.26538  3.29030e+02 | 51 -0.43323 -2.73699e+02
 52 -0.21384 -6.19730e+02 | 53 -0.30112  3.38766e+02 |
53 variables; iteration 60; function evaluation 77; phase 3
Function value 1.2888862e+02; maximum gradient component mag -2.9607e+02
Var    Value     Gradient |Var    Value     Gradient |Var    Value     Gradient
  1  0.01852 -2.73546e+02 |  2 -0.07860 -4.03062e+00 |  3 -0.09677 -9.77760e-01
  4  0.01540 -2.22772e+00 |  5 -0.01547  1.17723e+01 |  6  0.01133 -1.81802e+01
  7 -0.04422  1.05038e+01 |  8 -0.10068  1.03539e+01 |  9 -0.07348  1.26492e+01
 10 -0.07566  7.46154e+00 | 11  0.02990  1.81385e+01 | 12  0.02221  1.64546e+01
 13  0.07165  6.25239e+01 | 14  0.01815  2.23903e+01 | 15 -0.01323  1.18864e+00
 16  0.06150  3.73633e+00 | 17  0.03608  1.37802e+01 | 18 -0.02530  2.54451e+01
 19  0.00151  2.56966e+01 | 20 -0.02496  1.46216e+01 | 21  0.04715  3.35500e+01
 22  0.03431  1.57928e+01 | 23 -0.05077  1.05994e+01 | 24 -0.02115  3.96311e+00
 25 -0.09976 -2.04175e-01 | 26 -0.00128 -9.16512e-01 | 27 -0.02157  5.67588e+00
 28 -0.01627 -7.44182e-01 | 29  0.05607 -5.85517e+01 | 30  0.00421 -1.52095e+01
 31  0.05981 -1.83763e+01 | 32 -0.01877  2.16598e+00 | 33  0.05294 -3.31336e+01
 34  0.00627 -1.66336e+01 | 35  0.05839 -5.11001e+01 | 36  0.02695 -5.12457e+01
 37 -0.01066 -3.79808e+01 | 38  0.02696 -1.76638e+01 | 39 -0.01225  1.06032e+01
 40  0.22835  4.94085e+00 | 41 -0.66913  4.58369e-01 | 42  0.08846  1.05656e+02
 43  0.20074  1.93918e+01 | 44  0.19975  1.75570e+00 | 45 -0.27313  2.66083e-01
 46  0.25768 -7.82784e+01 | 47 -0.89568 -7.62304e+00 | 48 -0.30000 -5.21186e+01
 49 -0.10160  1.78170e+01 | 50 -0.25634 -5.27891e+01 | 51 -0.41917  4.20065e+01
 52 -0.18368 -2.96074e+02 | 53 -0.27438  1.87088e+02 |
53 variables; iteration 80; function evaluation 100; phase 3
Function value 1.2312685e+02; maximum gradient component mag 2.6038e+01
Var    Value     Gradient |Var    Value     Gradient |Var    Value     Gradient
  1  0.01684 -1.35483e+01 |  2 -0.06340 -1.09057e-02 |  3 -0.09552 -6.48960e-02
  4  0.01497 -6.75109e-02 |  5 -0.02000  3.14501e-02 |  6  0.01876  3.59253e-01
  7 -0.04279  1.17249e+00 |  8 -0.09652  1.91069e+00 |  9 -0.06295  4.63817e+00
 10 -0.07168  2.32136e-01 | 11  0.02785  3.32133e-01 | 12  0.02827  4.50507e-01
 13  0.07586  8.12412e-01 | 14  0.01249 -1.09714e-01 | 15 -0.01254 -5.07643e-02
 16  0.06476 -4.96821e-01 | 17  0.03697 -1.17654e+00 | 18 -0.03001 -1.11740e+00
 19  0.00034 -1.32740e+00 | 20 -0.02209 -1.48659e+00 | 21  0.03920 -6.57285e-01
 22  0.02785 -4.40154e-01 | 23 -0.05775  1.03771e-01 | 24 -0.02236  3.76726e-01
 25 -0.09610  9.01796e-01 | 26  0.00146  3.72039e+00 | 27 -0.01875  4.00233e+00
 28 -0.02330  1.06286e+00 | 29  0.05610  1.21782e+00 | 30  0.00442  5.54617e+00
 31  0.05727  2.23590e+00 | 32 -0.02079  3.72106e-01 | 33  0.03976 -1.12372e+00
 34 -0.00205 -1.51911e+00 | 35  0.05468 -3.59414e+00 | 36  0.02718 -4.77793e+00
 37 -0.00912 -8.74745e+00 | 38  0.03146 -3.42379e+00 | 39  0.00362  6.48704e-01
 40  0.24108 -1.02092e+01 | 41 -0.78442 -9.44953e-01 | 42  0.05463 -4.59684e+00
 43  0.43438 -9.95773e-01 | 44  0.15903 -1.11009e+01 | 45 -0.03022 -1.57945e+00
 46  0.28092 -4.11895e+00 | 47 -0.94710 -4.66776e-01 | 48 -0.29382  2.60381e+01
 49 -0.08511 -9.22331e+00 | 50 -0.23502 -2.10287e-01 | 51 -0.39493 -2.48041e-01
 52 -0.11857 -1.64057e+00 | 53 -0.23740 -2.34721e-01 |
53 variables; iteration 100; function evaluation 121; phase 3
Function value 1.2303266e+02; maximum gradient component mag 2.5199e+01
Var    Value     Gradient |Var    Value     Gradient |Var    Value     Gradient
  1  0.01671  5.19741e+00 |  2 -0.06309  2.12463e-02 |  3 -0.09526 -6.32775e-02
  4  0.01519 -2.87529e-01 |  5 -0.01984 -8.18313e-01 |  6  0.01897 -1.21936e+00
  7 -0.04323 -1.36164e-01 |  8 -0.09756 -6.55013e-02 |  9 -0.06451  8.39160e-02
 10 -0.07380 -1.84507e-01 | 11  0.02697 -3.89781e-01 | 12  0.02827 -3.34672e-01
 13  0.07631 -1.24958e+00 | 14  0.01273 -5.04319e-01 | 15 -0.01238 -1.57927e-02
 16  0.06477 -4.52138e-02 | 17  0.03735 -2.11063e-01 | 18 -0.02967 -4.33966e-01
 19  0.00076 -1.15886e+00 | 20 -0.02217 -8.71934e-01 | 21  0.03937 -1.05468e+00
 22  0.02795 -6.17632e-01 | 23 -0.05643 -3.76436e-01 | 24 -0.02222 -3.15865e-01
 25 -0.09558 -1.25983e-01 | 26  0.00130  1.07836e-01 | 27 -0.01838 -1.49953e-02
 28 -0.02337 -2.38315e-01 | 29  0.05649  6.74453e-01 | 30  0.00456  7.28973e-01
 31  0.05736  9.10794e-01 | 32 -0.02112  2.01579e-01 | 33  0.03947  1.20471e+00
 34 -0.00212  9.56872e-01 | 35  0.05490  1.63946e+00 | 36  0.02740  1.43630e+00
 37 -0.00860  1.00215e+00 | 38  0.03164  6.49445e-01 | 39  0.00388  4.00965e-01
 40  0.23889 -7.44719e-01 | 41 -0.75473 -2.87148e-01 | 42  0.04747 -6.44576e+00
 43  0.48540 -1.05944e+00 | 44  0.17534 -2.25643e+00 | 45 -0.11640 -4.16034e-01
 46  0.27389  2.51992e+01 | 47 -0.85648  2.54391e+00 | 48 -0.29306 -8.98496e+00
 49 -0.08297  3.18150e+00 | 50 -0.23202  1.47871e+00 | 51 -0.39128 -1.73213e+00
 52 -0.11695 -7.50670e+00 | 53 -0.23655  3.48042e+00 |
53 variables; iteration 120; function evaluation 144; phase 3
Function value 1.2290818e+02; maximum gradient component mag -3.0431e+00
Var    Value     Gradient |Var    Value     Gradient |Var    Value     Gradient
  1  0.01666 -2.00161e+00 |  2 -0.06325  8.14989e-03 |  3 -0.09520  5.06430e-03
  4  0.01525  2.60711e-02 |  5 -0.01958  6.99206e-02 |  6  0.01909  1.24633e-01
  7 -0.04313  2.32711e-02 |  8 -0.09748  1.80425e-02 |  9 -0.06443 -1.19349e-02
 10 -0.07364  2.87817e-02 | 11  0.02722  4.89422e-02 | 12  0.02832  5.50968e-02
 13  0.07648  1.35386e-01 | 14  0.01285  7.20922e-02 | 15 -0.01360  5.62895e-02
 16  0.06320  1.00473e-01 | 17  0.03792  1.27375e-01 | 18 -0.02888  9.02828e-02
 19  0.00109 -1.22945e-01 | 20 -0.02221 -5.50192e-02 | 21  0.03899 -1.29404e-01
 22  0.02756 -5.57745e-02 | 23 -0.05549 -3.10299e-03 | 24 -0.02214 -1.98690e-02
 25 -0.09519  1.46160e-02 | 26  0.00138  3.39604e-01 | 27 -0.01832  3.29347e-01
 28 -0.02363  7.92077e-02 | 29  0.05655  2.73133e-01 | 30  0.00505 -5.41296e-02
 31  0.05768 -1.02436e-01 | 32 -0.02139 -2.74949e-01 | 33  0.03776 -3.18765e-01
 34 -0.00280 -2.70628e-01 | 35  0.05482 -1.57285e-01 | 36  0.02746  2.93850e-02
 37 -0.00833  9.89851e-02 | 38  0.03188 -3.81282e-01 | 39  0.00443 -1.72186e-01
 40  0.22151  2.48047e+00 | 41 -0.58788  2.11286e-01 | 42  0.03825 -2.29774e+00
 43  0.56213 -3.96993e-01 | 44  0.17503  3.73624e-01 | 45 -0.11429  5.05949e-02
 46  0.23490 -3.04309e+00 | 47 -0.66203 -4.86833e-01 | 48 -0.29354 -2.69854e+00
 49 -0.08436  9.55779e-01 | 50 -0.22308  1.97216e-01 | 51 -0.38091 -1.33826e+00
 52 -0.11533  2.25383e+00 | 53 -0.23590 -1.12646e+00 |
53 variables; iteration 140; function evaluation 165; phase 3
Function value 1.2288669e+02; maximum gradient component mag -1.2725e+01
Var    Value     Gradient |Var    Value     Gradient |Var    Value     Gradient
  1  0.01665 -1.27246e+01 |  2 -0.06335 -2.08631e-02 |  3 -0.09519  5.57351e-04
  4  0.01527  2.01195e-02 |  5 -0.01955  2.30702e-01 |  6  0.01912  2.92002e-01
  7 -0.04310  2.16910e-01 |  8 -0.09744  2.33647e-01 |  9 -0.06439  2.92904e-01
 10 -0.07361  1.78518e-01 | 11  0.02723  1.77788e-01 | 12  0.02833  1.79256e-01
 13  0.07651  2.07214e-01 | 14  0.01300  1.66340e-01 | 15 -0.01487  1.25816e-01
 16  0.06146 -4.08414e-02 | 17  0.03852 -1.77289e-01 | 18 -0.02803 -2.59752e-01
 19  0.00145 -4.63234e-01 | 20 -0.02234 -1.50178e-01 | 21  0.03866 -4.67211e-01
 22  0.02727 -2.20181e-01 | 23 -0.05442  3.59287e-02 | 24 -0.02198 -2.31770e-01
 25 -0.09488 -5.53025e-02 | 26  0.00135 -1.55412e-01 | 27 -0.01836 -1.84032e-01
 28 -0.02365 -3.73074e-01 | 29  0.05654 -6.72275e-01 | 30  0.00528 -6.33442e-02
 31  0.05778 -1.38561e-01 | 32 -0.02123 -3.31059e-02 | 33  0.03748  8.45645e-02
 34 -0.00290  2.29707e-01 | 35  0.05477  2.16205e-01 | 36  0.02729  2.53569e-01
 37 -0.00837  1.85561e-01 | 38  0.03202  1.01777e-01 | 39  0.00452  2.83166e-01
 40  0.20175 -3.18748e+00 | 41 -0.45061 -2.14399e-01 | 42  0.03035 -5.97553e+00
 43  0.64558 -6.15552e-01 | 44  0.17416  3.13979e-01 | 45 -0.10990  5.31392e-02
 46  0.23904  4.53371e+00 | 47 -0.67693  1.26598e+00 | 48 -0.29338  4.64959e+00
 49 -0.08391 -1.64944e+00 | 50 -0.21100  5.81562e-01 | 51 -0.36744 -1.84711e+00
 52 -0.11533 -1.93251e+00 | 53 -0.23603  1.18383e+00 |
53 variables; iteration 160; function evaluation 186; phase 3
Function value 1.2283478e+02; maximum gradient component mag 1.9713e+01
Var    Value     Gradient |Var    Value     Gradient |Var    Value     Gradient
  1  0.01656  1.97135e+01 |  2 -0.06325 -7.20333e-04 |  3 -0.09515  2.43092e-03
  4  0.01538  7.51838e-02 |  5 -0.01938 -1.45643e-01 |  6  0.01933  7.73139e-02
  7 -0.04298 -2.37095e-01 |  8 -0.09731 -2.02439e-01 |  9 -0.06420 -7.82537e-02
 10 -0.07350 -2.71104e-01 | 11  0.02738 -2.02573e-01 | 12  0.02850 -1.20815e-01
 13  0.07677  3.33917e-01 | 14  0.01293 -2.69772e-01 | 15 -0.01504 -3.23082e-01
 16  0.06133 -4.68876e-01 | 17  0.03874 -4.50664e-01 | 18 -0.02749 -3.40031e-01
 19  0.00198  3.76755e-01 | 20 -0.02237 -1.22893e-01 | 21  0.03788  1.53502e-01
 22  0.02604 -2.65433e-02 | 23 -0.05451 -2.36194e-01 | 24 -0.02259  1.50342e-02
 25 -0.09612 -1.29348e-01 | 26  0.00195  2.63269e-01 | 27 -0.01831 -9.93428e-02
 28 -0.02330  2.81776e-01 | 29  0.05672  1.04992e+00 | 30  0.00554  2.35984e-01
 31  0.05788  5.69035e-01 | 32 -0.02138 -4.63760e-02 | 33  0.03708  5.60691e-01
 34 -0.00347  1.87366e-01 | 35  0.05473  3.62528e-01 | 36  0.02746 -8.96433e-02
 37 -0.00816 -1.33020e-01 | 38  0.03230 -1.70263e-01 | 39  0.00507 -3.09845e-01
 40  0.20004 -6.19084e+00 | 41 -0.43921 -6.81640e-01 | 42  0.02981  7.37649e+00
 43  0.78361  5.17151e-01 | 44  0.17270  6.23285e-01 | 45 -0.10128  8.98730e-02
 46  0.23726  8.55992e-01 | 47 -0.66865  2.61363e-01 | 48 -0.29331 -3.28749e+00
 49 -0.08374  1.16544e+00 | 50 -0.17222  4.51702e-01 | 51 -0.33198 -2.25390e+00
 52 -0.11423  1.20938e+00 | 53 -0.23566 -8.33307e-01 |
53 variables; iteration 180; function evaluation 206; phase 3
Function value 1.2281373e+02; maximum gradient component mag 7.4987e-01
Var    Value     Gradient |Var    Value     Gradient |Var    Value     Gradient
  1  0.01660  7.49873e-01 |  2 -0.06324 -8.89571e-04 |  3 -0.09515 -2.02297e-04
  4  0.01533 -7.36223e-04 |  5 -0.01947 -1.06180e-02 |  6  0.01923 -1.68456e-02
  7 -0.04304 -9.74454e-03 |  8 -0.09739 -9.49562e-03 |  9 -0.06430 -8.46467e-03
 10 -0.07356 -1.03313e-02 | 11  0.02731 -1.11505e-02 | 12  0.02844 -1.62532e-02
 13  0.07665 -2.67838e-02 | 14  0.01285 -1.38195e-02 | 15 -0.01405 -1.33569e-02
 16  0.06266 -2.01602e-02 | 17  0.03823 -2.52459e-02 | 18 -0.02820 -2.44854e-02
 19  0.00205 -6.53473e-03 | 20 -0.02254 -1.72058e-02 | 21  0.03842 -5.41693e-03
 22  0.02609 -5.06721e-03 | 23 -0.05532 -1.16568e-02 | 24 -0.02230  1.39868e-03
 25 -0.09577 -2.30702e-03 | 26  0.00174  2.90704e-02 | 27 -0.01834  2.74786e-02
 28 -0.02324  1.64877e-02 | 29  0.05660  4.98619e-02 | 30  0.00532  2.36293e-02
 31  0.05775  5.26336e-02 | 32 -0.02133  3.51188e-03 | 33  0.03734  5.86821e-02
 34 -0.00334  1.99447e-02 | 35  0.05473  1.59182e-02 | 36  0.02752 -2.00789e-03
 37 -0.00824 -7.42875e-03 | 38  0.03214 -1.02588e-02 | 39  0.00483 -9.71271e-03
 40  0.21517 -2.70351e-02 | 41 -0.53976 -6.24437e-03 | 42  0.02853  5.72894e-01
 43  0.76534  9.73506e-02 | 44  0.17186 -4.65491e-02 | 45 -0.09677 -8.15335e-03
 46  0.23920  6.11650e-03 | 47 -0.67683  5.45293e-03 | 48 -0.29330 -3.90224e-01
 49 -0.08371  1.37434e-01 | 50 -0.17862 -4.69061e-01 | 51 -0.33666  1.33889e-01
 52 -0.11485  7.07860e-02 | 53 -0.23590 -6.88819e-02 |
53 variables; iteration 200; function evaluation 226; phase 3
Function value 1.2281021e+02; maximum gradient component mag -1.3703e+01
Var    Value     Gradient |Var    Value     Gradient |Var    Value     Gradient
  1  0.01659 -1.37032e+01 |  2 -0.06324 -2.83616e-03 |  3 -0.09513  2.95771e-03
  4  0.01535  7.99065e-03 |  5 -0.01944  2.15257e-01 |  6  0.01924  1.62739e-01
  7 -0.04301  2.25469e-01 |  8 -0.09736  2.34770e-01 |  9 -0.06428  2.75403e-01
 10 -0.07353  1.90501e-01 | 11  0.02734  1.90135e-01 | 12  0.02845  1.31992e-01
 13  0.07666 -5.91717e-03 | 14  0.01286  1.63434e-01 | 15 -0.01406  1.54074e-01
 16  0.06265 -6.86332e-03 | 17  0.03824 -1.99028e-01 | 18 -0.02826 -3.12943e-01
 19  0.00182 -2.53989e-01 | 20 -0.02237 -2.20212e-01 | 21  0.03834 -2.60482e-01
 22  0.02638 -1.86738e-01 | 23 -0.05539 -4.89993e-02 | 24 -0.02253 -2.33133e-01
 25 -0.09626 -5.31938e-02 | 26  0.00186  1.48898e-01 | 27 -0.01830  4.15702e-01
 28 -0.02327 -1.11652e-02 | 29  0.05665 -3.36428e-01 | 30  0.00529 -4.39152e-01
 31  0.05778 -3.56803e-01 | 32 -0.02138 -2.63287e-01 | 33  0.03757  2.57877e-01
 34 -0.00323  1.29219e-01 | 35  0.05478 -1.83582e-02 | 36  0.02753  1.82510e-01
 37 -0.00823  2.42109e-01 | 38  0.03215 -1.01583e-01 | 39  0.00479  1.83877e-02
 40  0.21502  1.63565e+00 | 41 -0.53860  2.38422e-01 | 42  0.03510 -5.47071e+00
 43  0.68573 -4.59272e-01 | 44  0.17229 -6.90394e-01 | 45 -0.09912 -1.24525e-01
 46  0.23992 -3.58671e-01 | 47 -0.67976 -9.04243e-02 | 48 -0.29346 -2.31289e+00
 49 -0.08416  8.19351e-01 | 50 -0.17761  2.15805e+00 | 51 -0.33599 -3.19715e-01
 52 -0.11492  6.91263e-01 | 53 -0.23589 -7.07717e-01 |
53 variables; iteration 220; function evaluation 248; phase 3
Function value 1.2280964e+02; maximum gradient component mag 3.7664e-02
Var    Value     Gradient |Var    Value     Gradient |Var    Value     Gradient
  1  0.01659  3.76640e-02 |  2 -0.06323 -7.61183e-05 |  3 -0.09515  2.13901e-05
  4  0.01533  3.60164e-04 |  5 -0.01946  4.11612e-04 |  6  0.01924  1.24312e-03
  7 -0.04303 -5.86912e-04 |  8 -0.09738 -7.36577e-04 |  9 -0.06429 -1.28574e-03
 10 -0.07355 -4.67445e-04 | 11  0.02732 -2.15467e-04 | 12  0.02845 -5.75226e-05
 13  0.07666  1.37813e-03 | 14  0.01286  1.42119e-04 | 15 -0.01401 -5.22061e-04
 16  0.06271 -2.26532e-04 | 17  0.03823  1.92527e-04 | 18 -0.02828  2.94214e-04
 19  0.00167  4.02516e-04 | 20 -0.02229  2.04640e-04 | 21  0.03833  4.23000e-04
 22  0.02654  2.36391e-04 | 23 -0.05539  3.76533e-05 | 24 -0.02261 -2.16576e-05
 25 -0.09640 -2.35709e-04 | 26  0.00188  2.54180e-04 | 27 -0.01831  3.20005e-04
 28 -0.02328 -6.95063e-04 | 29  0.05667 -1.90137e-03 | 30  0.00527  1.66577e-03
 31  0.05778  8.48902e-04 | 32 -0.02138  5.96556e-04 | 33  0.03766  9.68705e-04
 34 -0.00316 -6.59479e-05 | 35  0.05480 -1.76574e-03 | 36  0.02753 -6.03312e-04
 37 -0.00824 -7.01182e-04 | 38  0.03214  7.90439e-04 | 39  0.00480  1.85455e-04
 40  0.21557  6.58397e-03 | 41 -0.54264  9.15996e-04 | 42  0.03801  1.03705e-02
 43  0.65398  9.71928e-04 | 44  0.17270  9.55465e-04 | 45 -0.10139  2.13655e-04
 46  0.24029  3.79197e-03 | 47 -0.68139  1.09184e-03 | 48 -0.29353 -3.33119e-02
 49 -0.08437  1.08434e-02 | 50 -0.17783 -5.99594e-03 | 51 -0.33629  1.82498e-03
 52 -0.11505 -4.69193e-03 | 53 -0.23591  3.77457e-03 |
53 variables; iteration 240; function evaluation 269; phase 3
Function value 1.2280961e+02; maximum gradient component mag 2.3696e+00
Var    Value     Gradient |Var    Value     Gradient |Var    Value     Gradient
  1  0.01659 -1.63571e+00 |  2 -0.06323  4.44244e-04 |  3 -0.09514  5.35451e-04
  4  0.01533  1.18014e-03 |  5 -0.01946  2.20123e-02 |  6  0.01924  1.36973e-02
  7 -0.04303  2.74575e-02 |  8 -0.09738  2.81132e-02 |  9 -0.06429  3.25773e-02
 10 -0.07355  2.28304e-02 | 11  0.02732  1.65446e-02 | 12  0.02845  5.64309e-03
 13  0.07666 -3.82805e-02 | 14  0.01286  1.66392e-02 | 15 -0.01401  2.51662e-02
 16  0.06271  2.62534e-02 | 17  0.03823  2.77624e-02 | 18 -0.02828  2.64807e-02
 19  0.00167  2.46712e-02 | 20 -0.02229  1.89833e-02 | 21  0.03833  2.56550e-02
 22  0.02654  2.13232e-02 | 23 -0.05539  1.92800e-02 | 24 -0.02261  1.38488e-02
 25 -0.09640  8.68465e-03 | 26  0.00188 -6.23432e-02 | 27 -0.01831 -2.33811e-02
 28 -0.02328 -1.43724e-02 | 29  0.05667 -9.25489e-02 | 30  0.00527 -7.99973e-02
 31  0.05778 -1.42643e-02 | 32 -0.02138  1.59050e-02 | 33  0.03766  7.31873e-03
 34 -0.00317  7.73829e-03 | 35  0.05480 -9.07452e-03 | 36  0.02753 -4.36203e-02
 37 -0.00824 -4.97494e-02 | 38  0.03214 -3.08216e-02 | 39  0.00480  1.48921e-03
 40  0.21557 -1.45000e-02 | 41 -0.54261 -1.88040e-03 | 42  0.03802  4.32432e-03
 43  0.65400  4.48398e-04 | 44  0.17271 -2.18169e-02 | 45 -0.10144 -4.31998e-03
 46  0.24031 -4.37632e-02 | 47 -0.68146 -1.21933e-02 | 48 -0.28263  2.36959e+00
 49 -0.05360 -8.38705e-01 | 50 -0.17780  1.20042e-03 | 51 -0.33627  2.92181e-03
 52 -0.11504 -6.89495e-03 | 53 -0.23591  2.48571e-02 |

 - final statistics:
53 variables; iteration 252; function evaluation 283
Function value 1.2281e+02; maximum gradient component mag 3.4097e-05
Exit code = 1;  converg criter 1.0000e-04
Var    Value     Gradient |Var    Value     Gradient |Var    Value     Gradient
  1  0.01659  3.40967e-05 |  2 -0.06323  3.42970e-08 |  3 -0.09514  3.45461e-08
  4  0.01533  8.90393e-09 |  5 -0.01946 -6.71397e-07 |  6  0.01924 -9.50153e-07
  7 -0.04303 -6.19360e-07 |  8 -0.09738 -7.31389e-07 |  9 -0.06429 -1.07940e-06
 10 -0.07355 -4.68172e-07 | 11  0.02732 -4.26444e-07 | 12  0.02845 -3.40788e-07
 13  0.07666 -8.61784e-08 | 14  0.01286 -1.88728e-07 | 15 -0.01401 -3.87647e-07
 16  0.06271 -8.05108e-09 | 17  0.03823  3.85029e-08 | 18 -0.02828  1.17190e-06
 19  0.00167  7.32284e-07 | 20 -0.02229  4.69705e-07 | 21  0.03833 -1.06035e-06
 22  0.02654 -7.90991e-07 | 23 -0.05539 -6.90157e-07 | 24 -0.02261 -5.43581e-07
 25 -0.09640 -3.76972e-07 | 26  0.00188  1.60081e-07 | 27 -0.01831 -3.32112e-07
 28 -0.02328 -1.06766e-06 | 29  0.05667  5.94406e-07 | 30  0.00527  2.37063e-06
 31  0.05778  2.42749e-06 | 32 -0.02138  1.21380e-06 | 33  0.03766  2.27302e-06
 34 -0.00316  9.74978e-07 | 35  0.05480  1.62952e-07 | 36  0.02753 -1.55354e-07
 37 -0.00824 -1.08599e-06 | 38  0.03214 -7.94625e-08 | 39  0.00480 -4.37615e-07
 40  0.21557  4.70858e-06 | 41 -0.54265  6.47543e-07 | 42  0.03801  4.75087e-06
 43  0.65401  4.37185e-07 | 44  0.17271  3.67690e-06 | 45 -0.10139  6.23185e-07
 46  0.24029  1.15508e-05 | 47 -0.68140  3.21864e-06 | 48 -0.27834  1.84672e-05
 49 -0.04144 -6.52813e-06 | 50 -0.17782 -2.80071e-06 | 51 -0.33629  8.73746e-07
 52 -0.11505 -3.92839e-06 | 53 -0.23591  1.56867e-06 |
