
Initial statistics: 37 variables; iteration 0; function evaluation 0; phase 1
Function value 5.3502903e+03; maximum gradient component mag 3.1922e+04
Var    Value     Gradient |Var    Value     Gradient |Var    Value     Gradient
  1  0.33333  3.19219e+04 |  2  0.00000 -5.11466e+02 |  3  0.00000 -5.79849e+02
  4  0.00000 -5.64062e+02 |  5  0.00000 -5.12521e+02 |  6  0.00000 -5.36534e+02
  7  0.00000 -5.32192e+02 |  8  0.00000 -5.66081e+02 |  9  0.00000 -4.75582e+02
 10  0.00000 -4.18885e+02 | 11  0.00000 -2.94656e+02 | 12  0.00000 -3.67557e+02
 13  0.00000 -2.20645e+02 | 14  0.00000 -1.62028e+02 | 15  0.00000 -9.38903e+01
 16  0.00000 -3.28049e+01 | 17  0.00000  1.77725e+02 | 18  0.00000  1.02524e+01
 19  0.00000 -5.49854e+01 | 20  0.00000  3.23808e+02 | 21  0.00000 -3.75342e+01
 22  0.00000  2.59820e+02 | 23  0.00000  3.00368e+01 | 24  0.00000 -2.00646e+02
 25  0.00000  2.81914e+02 | 26  0.00000  5.55887e+02 | 27  0.00000  9.28209e+02
 28  0.00000  2.99454e+01 | 29  0.00000  1.02247e+03 | 30  0.00000 -1.71880e+02
 31  0.00000  9.85064e+02 | 32  0.00000  4.83956e+02 | 33  0.00000  5.73854e+02
 34  0.00000  6.41015e+02 | 35  0.00000  1.65753e+02 | 36  0.00000 -1.35912e+02
 37  0.21635  1.46961e+04 |

Intermediate statistics: 37 variables; iteration 20; function evaluation 31; phase 1
Function value 1.8933563e+03; maximum gradient component mag 1.3227e+04
Var    Value     Gradient |Var    Value     Gradient |Var    Value     Gradient
  1  0.06284  8.13493e+03 |  2  0.20636  4.87124e+02 |  3  0.13505  4.01313e+02
  4 -0.05013  2.19107e+02 |  5  0.01516  6.17301e+02 |  6 -0.38484  7.24334e+01
  7 -1.18560 -6.71384e+00 |  8  0.27560  4.18071e+02 |  9  0.08711  3.18823e+02
 10 -0.23664  6.34308e+01 | 11  0.00596  2.43216e+02 | 12 -0.05384  2.26247e+02
 13  0.04281  1.97147e+02 | 14  0.02095  2.21937e+02 | 15 -0.07103  2.22710e+02
 16  0.03986  2.98106e+02 | 17  0.06823  3.81519e+02 | 18  0.16128  4.14380e+02
 19  0.18655  4.65267e+02 | 20 -0.01787  2.70157e+02 | 21  0.06625  2.59947e+02
 22 -0.04138  1.90563e+02 | 23 -0.03370 -1.48327e+02 | 24 -0.21781 -9.26339e+01
 25  0.17291  7.71016e+02 | 26  0.16457  9.27897e+02 | 27  0.11799  9.75157e+02
 28  0.18869  1.05326e+03 | 29  0.09386  8.37224e+02 | 30  0.12440  3.36123e+02
 31  0.05467  7.63524e+02 | 32  0.07505  6.58132e+02 | 33  0.06617  1.34859e+03
 34 -0.04424  4.97032e+02 | 35 -0.08232 -7.03508e+01 | 36 -0.11132  6.79981e+02
 37  0.33255  1.32270e+04 |
37 variables; iteration 40; function evaluation 59; phase 1
Function value 6.1942473e+02; maximum gradient component mag 1.0232e+03
Var    Value     Gradient |Var    Value     Gradient |Var    Value     Gradient
  1  0.06341  2.99903e+02 |  2  0.02902  2.19328e+02 |  3  0.04056  2.45742e+02
  4 -0.32633 -8.40532e+01 |  5 -0.02679  2.96695e+02 |  6 -0.14723  1.28243e+02
  7 -0.35989 -1.95863e+01 |  8  0.12945  2.04795e+02 |  9  0.04501  1.53005e+02
 10  0.04528  1.17322e+02 | 11  0.18871  3.11949e+02 | 12  0.14889  2.22881e+02
 13  0.11036  1.85545e+02 | 14 -0.05003  4.68139e+01 | 15 -0.06731  8.24681e+01
 16 -0.06240  5.52961e+00 | 17  0.07719  2.40501e+02 | 18  0.07162  9.58015e+01
 19  0.10296  1.27132e+02 | 20 -0.11285  3.29743e+01 | 21 -0.05055  2.45369e+01
 22 -0.16786  5.35003e+01 | 23 -0.02195  1.38879e+01 | 24  0.13944  3.78012e+02
 25  0.04448  2.30511e+02 | 26  0.07273  1.99305e+02 | 27  0.01955  2.30622e+02
 28  0.11750  2.71947e+02 | 29  0.01466  2.77541e+02 | 30  0.13997  8.31314e+01
 31  0.04714  2.59628e+02 | 32  0.08800  2.45241e+02 | 33  0.04631  4.42303e+02
 34 -0.04647  2.86915e+01 | 35 -0.04464 -2.13517e+02 | 36 -0.10997  1.85277e+02
 37  0.21221  1.02324e+03 |

 - final statistics:
37 variables; iteration 60; function evaluation 79
Function value 4.3549e+02; maximum gradient component mag -2.8899e+00
Exit code = 1;  converg criter 1.0000e+01
Var    Value     Gradient |Var    Value     Gradient |Var    Value     Gradient
  1  0.07798  1.06665e-01 |  2 -0.01576 -2.18712e-01 |  3  0.05021 -1.56020e+00
  4  0.02454 -1.29702e-01 |  5 -0.02650 -2.88990e+00 |  6 -0.00164 -3.94591e-01
  7  0.00535  9.89093e-02 |  8  0.05890 -5.24286e-01 |  9  0.02154 -3.73666e-01
 10  0.03991 -1.68723e+00 | 11  0.01301 -3.82244e-01 | 12  0.01148 -4.26098e-01
 13  0.04476  9.95385e-01 | 14  0.00341 -3.55936e-01 | 15 -0.04522  1.10878e-01
 16  0.00155 -5.49126e-01 | 17 -0.01450 -1.05181e+00 | 18  0.06455 -1.01430e-01
 19  0.06368 -1.09927e+00 | 20 -0.05003  7.10888e-01 | 21 -0.02178 -1.40622e+00
 22 -0.12485 -1.30519e+00 | 23 -0.02729 -1.59274e+00 | 24 -0.02938 -1.07998e+00
 25 -0.02078 -1.35242e+00 | 26  0.03991 -7.82027e-01 | 27 -0.03153 -6.99383e-01
 28  0.06422 -8.22889e-01 | 29 -0.05137 -1.03605e+00 | 30  0.11404 -2.77696e-01
 31  0.00166 -9.31662e-01 | 32  0.04434 -6.97522e-01 | 33 -0.01409  3.72814e-01
 34 -0.06429  2.56491e-01 | 35 -0.02595 -9.42484e-01 | 36 -0.10314 -1.26588e+00
 37  0.20436 -2.11838e-01 |

Initial statistics: 45 variables; iteration 0; function evaluation 0; phase 2
Function value 4.3549218e+02; maximum gradient component mag 2.8335e+03
Var    Value     Gradient |Var    Value     Gradient |Var    Value     Gradient
  1  0.07798  1.06665e-01 |  2  0.00000  1.30178e+01 |  3  0.00000  2.83335e+01
  4  0.00000 -6.83601e+01 |  5 -0.01574  4.51594e-01 |  6  0.05023 -8.91771e-01
  7  0.02456  5.40309e-01 |  8 -0.02648 -2.21997e+00 |  9 -0.00163  2.75917e-01
 10  0.00537  7.69396e-01 | 11  0.05892  1.43357e-01 | 12  0.02156  2.96461e-01
 13  0.03992 -1.01804e+00 | 14  0.01302  2.88126e-01 | 15  0.01150  2.44303e-01
 16  0.04478  1.66424e+00 | 17  0.00343  3.14565e-01 | 18 -0.04520  7.79700e-01
 19  0.00157  1.21382e-01 | 20 -0.01448 -3.81477e-01 | 21  0.06457  5.65636e-01
 22  0.06370 -4.32106e-01 | 23 -0.05002  1.37933e+00 | 24 -0.02176 -7.36107e-01
 25 -0.12483 -6.47532e-01 | 26 -0.02727 -9.22849e-01 | 27 -0.02936 -4.10189e-01
 28 -0.02076 -6.82263e-01 | 29  0.03993 -1.12834e-01 | 30 -0.03151 -2.96952e-02
 31  0.06424 -1.55787e-01 | 32 -0.05135 -3.67724e-01 | 33  0.11405  3.82084e-01
 34  0.00168 -2.61154e-01 | 35  0.04436 -2.86372e-02 | 36 -0.01407  1.04316e+00
 37 -0.06427  9.23588e-01 | 38 -0.02593 -2.72530e-01 | 39 -0.10312 -6.04155e-01
 40  0.21635  2.16864e+02 | 41  0.21635  2.83350e+03 | 42  0.20436 -2.11838e-01
 43 -0.30909 -2.26375e+03 | 44  0.12819  1.08941e+01 | 45 -0.30909 -2.39971e+03

Intermediate statistics: 45 variables; iteration 20; function evaluation 30; phase 2
Function value 2.7285156e+02; maximum gradient component mag -3.0117e+03
Var    Value     Gradient |Var    Value     Gradient |Var    Value     Gradient
  1  0.06145 -2.04711e+03 |  2 -0.10294 -3.40686e+00 |  3 -0.15080 -6.90410e+00
  4 -0.03505 -3.23090e+00 |  5 -0.07386  2.35701e+01 |  6 -0.02890  2.65204e+01
  7 -0.07692  2.78683e+01 |  8 -0.11660  2.70517e+01 |  9 -0.07774  2.95779e+01
 10 -0.06544  3.04786e+01 | 11  0.01234  3.04798e+01 | 12 -0.00193  2.68297e+01
 13  0.03293  2.23291e+01 | 14  0.00695  1.83218e+01 | 15 -0.00199  2.23235e+01
 16  0.05273  1.33271e+01 | 17  0.01352  1.03947e+01 | 18 -0.02680  4.49079e+00
 19  0.03590 -2.67081e+01 | 20  0.00949  1.69066e+00 | 21  0.09109 -4.86885e+01
 22  0.08403 -2.18136e+01 | 23 -0.01705 -1.18369e+01 | 24 -0.00131 -1.72901e+01
 25 -0.08819 -6.58567e+00 | 26 -0.00509 -5.67931e+00 | 27 -0.02479  2.59084e+01
 28 -0.00417  8.29735e+00 | 29  0.04513  5.47339e+01 | 30 -0.01571 -1.21609e+02
 31  0.07944 -3.98240e+01 | 32 -0.00996 -1.29587e+02 | 33  0.10812  7.58423e+01
 34  0.01526 -1.23434e+02 | 35  0.06554  2.44689e+01 | 36  0.01489  7.05413e+01
 37 -0.03262 -1.36277e+00 | 38  0.01761  7.52041e+01 | 39 -0.01627 -1.08449e+02
 40  0.21653 -1.08200e+03 | 41  0.18602 -3.01173e+03 | 42  0.21120 -7.48969e+02
 43 -0.21386  4.24021e+02 | 44  0.18496 -8.02275e+01 | 45 -0.27151  9.09394e+02
45 variables; iteration 40; function evaluation 58; phase 2
Function value 2.3484989e+02; maximum gradient component mag -2.4568e+02
Var    Value     Gradient |Var    Value     Gradient |Var    Value     Gradient
  1  0.05791 -8.28182e+01 |  2 -0.09909 -3.72426e+00 |  3 -0.12502 -3.19634e-01
  4 -0.01582  9.20535e+00 |  5 -0.06213 -9.98756e-01 |  6 -0.02687 -1.39108e+01
  7 -0.06534  2.89101e+00 |  8 -0.10376  3.37966e+00 |  9 -0.06872  3.45586e+00
 10 -0.06065  2.17055e-01 | 11  0.01689  3.23278e+00 | 12  0.00226  1.72477e+00
 13  0.04215  1.45741e+01 | 14  0.01157  1.33356e+01 | 15 -0.00813 -6.43035e+00
 16  0.05141  5.88721e+00 | 17  0.01338  4.33543e+00 | 18 -0.03280 -5.14736e+00
 19  0.03311 -3.21305e+00 | 20  0.01358  5.97870e+00 | 21  0.08490 -1.37002e+01
 22  0.07662 -1.72669e+01 | 23 -0.02156 -7.30656e+00 | 24 -0.00488 -4.95173e+00
 25 -0.10309 -1.71793e+01 | 26 -0.00063  1.82286e-01 | 27 -0.02616  5.48982e+00
 28 -0.00070  1.56305e+01 | 29  0.03267 -8.50908e-02 | 30 -0.01200 -1.73117e+00
 31  0.07456  6.84952e-01 | 32  0.00385 -6.64100e+00 | 33  0.08304  5.80625e+00
 34  0.01449 -7.66438e+00 | 35  0.05525  3.79223e+00 | 36  0.00382  7.35258e+00
 37 -0.03466  4.52940e+00 | 38  0.01562  8.06533e+00 | 39  0.00243 -8.15439e+00
 40  0.22393 -9.13931e+01 | 41  0.20499 -2.45678e+02 | 42  0.22325 -4.21281e+01
 43 -0.21878  2.32689e+02 | 44  0.17503 -2.97245e+01 | 45 -0.26787  8.21521e+01

 - final statistics:
45 variables; iteration 55; function evaluation 84
Function value 2.3126e+02; maximum gradient component mag -7.1797e+00
Exit code = 1;  converg criter 1.0000e+01
Var    Value     Gradient |Var    Value     Gradient |Var    Value     Gradient
  1  0.06113  4.82547e+00 |  2 -0.08148 -8.94155e-02 |  3 -0.11885 -1.09118e-01
  4 -0.01723  8.63629e-01 |  5 -0.05711  1.32265e+00 |  6 -0.01333  2.45452e+00
  7 -0.05284 -4.76738e-01 |  8 -0.09202  1.22363e-01 |  9 -0.05953  3.03540e-01
 10 -0.04905 -3.51552e-01 | 11  0.02068 -2.05130e-01 | 12  0.00357  6.80955e-02
 13  0.03442  2.93464e-01 | 14  0.00469  1.62765e-02 | 15 -0.00350 -2.82082e-01
 16  0.04736  4.53676e-01 | 17  0.00965  5.22295e-02 | 18 -0.03093 -6.33617e-01
 19  0.03103 -4.50605e-01 | 20  0.00667  1.43365e-01 | 21  0.08744 -1.72408e-01
 22  0.08146 -2.80859e-01 | 23 -0.02185  2.11373e-01 | 24 -0.00367  4.09850e-01
 25 -0.09280 -1.99394e-01 | 26 -0.00638  2.50294e-02 | 27 -0.03119 -1.62727e-01
 28 -0.01107 -3.68049e-02 | 29  0.02963 -5.55040e-01 | 30 -0.01585 -6.57351e-01
 31  0.07111 -4.97786e-01 | 32  0.00033 -6.89327e-01 | 33  0.07919 -1.76525e-01
 34  0.01099 -4.48106e-01 | 35  0.05069  5.82517e-02 | 36 -0.00071  4.32214e-01
 37 -0.03914 -1.58622e-01 | 38  0.01147  2.08160e-01 | 39  0.00059 -3.22813e-01
 40  0.22315 -2.44544e+00 | 41  0.20521 -7.17965e+00 | 42  0.22254 -1.69226e+00
 43 -0.26612 -6.34407e-01 | 44  0.02410  1.26841e+00 | 45 -0.26864  2.13178e+00

Initial statistics: 49 variables; iteration 0; function evaluation 0; phase 3
Function value 2.3126487e+02; maximum gradient component mag -1.9986e+03
Var    Value     Gradient |Var    Value     Gradient |Var    Value     Gradient
  1  0.06113  4.82547e+00 |  2 -0.08148 -8.94155e-02 |  3 -0.11885 -1.09118e-01
  4 -0.01723  8.63629e-01 |  5 -0.05711  1.32800e+00 |  6 -0.01333  2.45989e+00
  7 -0.05284 -4.71387e-01 |  8 -0.09202  1.27676e-01 |  9 -0.05953  3.08886e-01
 10 -0.04905 -3.46198e-01 | 11  0.02068 -1.99763e-01 | 12  0.00357  7.34648e-02
 13  0.03442  2.98825e-01 | 14  0.00469  2.16457e-02 | 15 -0.00350 -2.76712e-01
 16  0.04736  4.59030e-01 | 17  0.00965  5.75983e-02 | 18 -0.03093 -6.28254e-01
 19  0.03103 -4.45242e-01 | 20  0.00667  1.48734e-01 | 21  0.08744 -1.67089e-01
 22  0.08146 -2.75533e-01 | 23 -0.02185  2.16739e-01 | 24 -0.00367  4.15219e-01
 25 -0.09280 -1.94081e-01 | 26 -0.00637  3.03985e-02 | 27 -0.03119 -1.57364e-01
 28 -0.01107 -3.14363e-02 | 29  0.02963 -5.49676e-01 | 30 -0.01584 -6.51983e-01
 31  0.07111 -4.92450e-01 | 32  0.00033 -6.83958e-01 | 33  0.07919 -1.71197e-01
 34  0.01099 -4.42737e-01 | 35  0.05069  6.36040e-02 | 36 -0.00071  4.37583e-01
 37 -0.03914 -1.53263e-01 | 38  0.01147  2.13528e-01 | 39  0.00059 -3.17444e-01
 40  0.22315 -2.44544e+00 | 41  0.20521 -7.17965e+00 | 42  0.21635 -1.99862e+03
 43  0.22254 -1.69226e+00 | 44 -0.26612 -6.34407e-01 | 45  0.02410  1.26841e+00
 46 -0.30909 -1.35242e+03 | 47 -0.43452  1.23733e-03 | 48 -0.26864  2.13178e+00
 49 -0.36199  8.31572e+00 |

Intermediate statistics: 49 variables; iteration 20; function evaluation 35; phase 3
Function value 1.3734365e+02; maximum gradient component mag -3.2525e+03
Var    Value     Gradient |Var    Value     Gradient |Var    Value     Gradient
  1  0.03434 -3.25250e+03 |  2 -0.07838 -1.54213e+01 |  3 -0.11328 -2.63660e+01
  4  0.00357 -1.33045e+02 |  5 -0.02600 -1.59260e+02 |  6 -0.00941 -4.13721e+02
  7 -0.03850  5.35807e+01 |  8 -0.08835  4.71695e+01 |  9 -0.05376  4.68976e+01
 10 -0.05778  4.04046e+01 | 11  0.03225  3.24990e+01 | 12  0.02436  1.89525e+01
 13  0.06002 -3.45546e+01 | 14 -0.00069 -9.32824e+00 | 15 -0.00389  4.63534e+01
 16  0.05803  1.81180e+01 | 17  0.02853  3.19847e+01 | 18 -0.03816  3.70869e+01
 19 -0.00923  3.82925e+01 | 20 -0.01533  3.16947e+01 | 21  0.04531  2.68927e+01
 22  0.04271  9.10974e+00 | 23 -0.05576  1.81324e+00 | 24 -0.03473  1.20842e+01
 25 -0.11482  2.01734e+01 | 26  0.00768  3.84566e+01 | 27 -0.01508  5.85479e+01
 28 -0.01933  1.10189e+01 | 29  0.05777  2.47965e+01 | 30 -0.00793 -1.13376e+02
 31  0.06527  4.92243e+01 | 32 -0.02008 -4.09569e+01 | 33  0.07459  6.20161e+01
 34  0.01077 -1.74591e+01 | 35  0.05918 -1.89528e+01 | 36  0.01970 -4.45026e+01
 37 -0.01972 -4.71138e+01 | 38  0.02639  2.70602e+01 | 39  0.01428  6.92694e+01
 40  0.24099 -7.76051e+02 | 41  0.25500 -1.85715e+02 | 42  0.26063 -6.12535e+02
 43  0.24552 -3.42954e+02 | 44 -0.28868 -3.94251e+02 | 45 -0.06568  1.28542e+02
 46 -0.26514  9.58345e+02 | 47 -0.44359 -9.87678e+02 | 48 -0.30667  3.22506e+03
 49 -0.48130 -1.41937e+03 |
49 variables; iteration 40; function evaluation 59; phase 3
Function value 1.2744735e+02; maximum gradient component mag 2.3406e+03
Var    Value     Gradient |Var    Value     Gradient |Var    Value     Gradient
  1  0.03350 -1.22634e+03 |  2 -0.08251 -1.10105e+01 |  3 -0.13769 -2.27964e+01
  4  0.01214 -7.42321e+01 |  5 -0.06554 -1.18694e+02 |  6  0.01770 -1.73859e+02
  7 -0.03809  3.06126e+01 |  8 -0.09979  7.44348e+00 |  9 -0.05075  2.41223e+01
 10 -0.04543  3.24050e+01 | 11  0.03000  2.13214e+01 | 12  0.01269  1.70584e+01
 13  0.05699  3.67428e+01 | 14  0.03426  5.38482e+01 | 15  0.02401  4.69346e+01
 16  0.06277  2.04195e+01 | 17  0.02811  1.74326e+01 | 18 -0.04250 -8.14691e-01
 19 -0.01351 -2.44291e+01 | 20 -0.02513 -3.17338e+01 | 21  0.04664  6.50581e+00
 22  0.04906  1.92960e+01 | 23 -0.05792 -6.06394e+00 | 24 -0.02584  1.46675e+01
 25 -0.10776  9.45746e+00 | 26  0.00232 -1.84758e+01 | 27 -0.03079 -6.39087e+01
 28 -0.01237  6.16755e+00 | 29  0.05998  6.11331e+01 | 30 -0.00086 -1.02156e+01
 31  0.06534  4.34237e+01 | 32 -0.01502 -2.28507e+00 | 33  0.07243  2.54163e+01
 34  0.01286 -3.71344e+00 | 35  0.06016  6.77435e-01 | 36  0.02273 -2.50158e+00
 37 -0.01768 -1.39226e+01 | 38  0.02213  6.28317e+01 | 39 -0.02915  2.63277e+00
 40  0.24283 -2.28928e+02 | 41  0.25389 -2.45954e+02 | 42  0.26664 -2.78583e+02
 43  0.24832 -1.75053e+02 | 44 -0.28416 -5.04862e+02 | 45 -0.05293  1.66823e+02
 46 -0.27275  6.98199e+02 | 47 -0.44690 -6.44453e+02 | 48 -0.30626  2.34055e+03
 49 -0.48038 -1.03222e+03 |
49 variables; iteration 60; function evaluation 84; phase 3
Function value 1.1987976e+02; maximum gradient component mag 9.5713e+02
Var    Value     Gradient |Var    Value     Gradient |Var    Value     Gradient
  1  0.03181  1.11668e+02 |  2 -0.07100 -3.28010e-01 |  3 -0.10416 -8.01213e-01
  4  0.00871 -9.69683e-01 |  5 -0.02584 -4.55540e+00 |  6  0.01480 -6.63014e+00
  7 -0.04637 -9.43517e-01 |  8 -0.09759 -1.67269e+00 |  9 -0.06242 -8.21115e-01
 10 -0.07189 -2.72890e+00 | 11  0.02743 -1.93754e+00 | 12  0.02243 -3.35440e+00
 13  0.06576 -6.89333e+00 | 14  0.01205 -4.31425e+00 | 15 -0.00961 -1.25627e+00
 16  0.06500  2.91565e-01 | 17  0.03004  2.62717e-01 | 18 -0.03715 -3.65148e-01
 19 -0.00779  5.90403e-01 | 20 -0.02132  3.25533e+00 | 21  0.04659 -2.78855e+00
 22  0.04345 -2.65790e+00 | 23 -0.05191 -1.41547e+00 | 24 -0.02907 -1.04853e+00
 25 -0.11068 -1.00698e+00 | 26 -0.00016  1.63465e+00 | 27 -0.01862  9.92457e-01
 28 -0.00696  2.06167e+00 | 29  0.05703  8.05279e+00 | 30  0.00200  5.04468e+00
 31  0.06326  5.77616e+00 | 32 -0.01388 -1.98313e+00 | 33  0.06797  2.35630e+00
 34  0.01265  3.92461e-01 | 35  0.06064  4.11309e+00 | 36  0.02553  5.34213e+00
 37 -0.01279  4.26365e+00 | 38  0.02417  4.99575e+00 | 39 -0.01742 -5.88084e+00
 40  0.24527 -7.52874e+00 | 41  0.25499 -8.13490e-01 | 42  0.27192  7.48973e+00
 43  0.25203 -2.58863e+01 | 44 -0.28811 -1.03769e+01 | 45 -0.06677  3.53838e+00
 46 -0.27832 -8.08864e+00 | 47 -0.44754  6.43290e+00 | 48 -0.30573  9.57132e+02
 49 -0.47949 -4.40610e+02 |
49 variables; iteration 80; function evaluation 107; phase 3
Function value 1.1985427e+02; maximum gradient component mag -4.7383e+00
Var    Value     Gradient |Var    Value     Gradient |Var    Value     Gradient
  1  0.03167  1.55038e-01 |  2 -0.07024 -2.01135e-03 |  3 -0.10249  4.80355e-03
  4  0.00862 -7.75410e-03 |  5 -0.02518 -2.12527e-02 |  6  0.01513  3.34072e-03
  7 -0.04674 -3.02510e-03 |  8 -0.09771 -1.79317e-02 |  9 -0.06290 -3.43543e-02
 10 -0.07170  1.73187e-02 | 11  0.02699  1.51325e-02 | 12  0.02251  3.48119e-02
 13  0.06634  9.38256e-02 | 14  0.01280  3.75738e-02 | 15 -0.00957 -1.48076e-02
 16  0.06462  1.73419e-02 | 17  0.03003  9.26865e-03 | 18 -0.03708  2.43696e-02
 19 -0.00772  9.29909e-02 | 20 -0.02181  8.86655e-02 | 21  0.04666  2.26451e-02
 22  0.04354  2.12437e-02 | 23 -0.05220  1.59938e-02 | 24 -0.02930 -9.31429e-03
 25 -0.11075 -2.18685e-02 | 26 -0.00028 -8.63667e-02 | 27 -0.01856 -6.77123e-02
 28 -0.00712 -1.07918e-02 | 29  0.05703 -2.68432e-02 | 30  0.00186 -1.02424e-01
 31  0.06293 -7.75376e-02 | 32 -0.01390  1.97151e-02 | 33  0.06739 -5.35673e-02
 34  0.01231 -3.72573e-02 | 35  0.06046  3.77293e-02 | 36  0.02548  5.98221e-03
 37 -0.01275  1.47019e-02 | 38  0.02438  4.83861e-03 | 39 -0.01582  7.40945e-03
 40  0.24548  4.08900e-02 | 41  0.25528  6.86622e-02 | 42  0.27213  5.30840e-01
 43  0.25258 -7.67497e-02 | 44 -0.28751 -3.15836e-01 | 45 -0.06507  1.06985e-01
 46 -0.27685  4.12466e-01 | 47 -0.44584 -3.33624e-01 | 48 -0.30518 -4.73828e+00
 49 -0.47833  2.18744e+00 |
49 variables; iteration 100; function evaluation 128; phase 3
Function value 1.1985419e+02; maximum gradient component mag -1.2898e-01
Var    Value     Gradient |Var    Value     Gradient |Var    Value     Gradient
  1  0.03167 -4.43326e-02 |  2 -0.07024 -1.32226e-05 |  3 -0.10250  9.75108e-05
  4  0.00863  5.32227e-05 |  5 -0.02517  1.22320e-04 |  6  0.01513 -7.82204e-04
  7 -0.04674  9.20324e-04 |  8 -0.09771  1.00055e-03 |  9 -0.06288  9.44429e-04
 10 -0.07171  4.07979e-04 | 11  0.02699  2.95495e-04 | 12  0.02250 -9.36010e-05
 13  0.06634 -1.94855e-03 | 14  0.01279  8.46396e-05 | 15 -0.00955  5.57936e-04
 16  0.06462  3.12690e-04 | 17  0.03004  3.52869e-04 | 18 -0.03708  4.71842e-04
 19 -0.00772  2.21379e-04 | 20 -0.02181  3.73411e-04 | 21  0.04666  5.90360e-04
 22  0.04354  3.30796e-04 | 23 -0.05220  4.47289e-04 | 24 -0.02930  4.72386e-04
 25 -0.11075  6.12270e-04 | 26 -0.00027  8.61151e-04 | 27 -0.01855  8.97058e-04
 28 -0.00712 -3.02463e-04 | 29  0.05702 -6.13067e-04 | 30  0.00186 -8.34883e-04
 31  0.06294 -2.62306e-04 | 32 -0.01390 -3.88843e-04 | 33  0.06740  1.93858e-04
 34  0.01231 -2.55316e-04 | 35  0.06046 -6.82094e-04 | 36  0.02547 -1.94170e-03
 37 -0.01275 -1.90712e-03 | 38  0.02438 -2.12909e-03 | 39 -0.01583  1.01937e-03
 40  0.24548 -1.58961e-03 | 41  0.25528  1.35953e-03 | 42  0.27212 -6.85739e-03
 43  0.25258  2.62691e-03 | 44 -0.27803  7.89894e-02 | 45 -0.03727 -2.45161e-02
 46 -0.26652 -1.03013e-02 | 47 -0.43298  4.78990e-03 | 48 -0.30219 -1.28978e-01
 49 -0.47187  5.64317e-02 |
49 variables; iteration 120; function evaluation 148; phase 3
Function value 1.1985413e+02; maximum gradient component mag -6.4212e+00
Var    Value     Gradient |Var    Value     Gradient |Var    Value     Gradient
  1  0.03167 -1.06439e+00 |  2 -0.07023 -1.28242e-04 |  3 -0.10250  5.38558e-04
  4  0.00863 -1.55694e-03 |  5 -0.02517  1.02788e-02 |  6  0.01513  1.42206e-02
  7 -0.04674  1.78965e-02 |  8 -0.09771  1.23200e-02 |  9 -0.06288  9.54167e-03
 10 -0.07170  2.04855e-02 | 11  0.02699  1.63840e-02 | 12  0.02250  1.56535e-02
 13  0.06634  1.18648e-02 | 14  0.01280  2.11520e-02 | 15 -0.00955  1.43476e-02
 16  0.06462  2.14754e-02 | 17  0.03004  1.91717e-02 | 18 -0.03707  2.04049e-02
 19 -0.00772  3.18813e-02 | 20 -0.02181  2.19076e-02 | 21  0.04666  2.01580e-02
 22  0.04354  1.57887e-02 | 23 -0.05220  1.76298e-02 | 24 -0.02930  9.59806e-03
 25 -0.11075  7.05663e-03 | 26 -0.00027 -1.86750e-02 | 27 -0.01855 -1.83380e-02
 28 -0.00712 -2.54745e-02 | 29  0.05703 -1.08923e-01 | 30  0.00186 -3.44880e-02
 31  0.06294 -5.76574e-02 | 32 -0.01390  2.96295e-02 | 33  0.06740 -6.02423e-02
 34  0.01231 -8.08006e-03 | 35  0.06046 -3.26763e-02 | 36  0.02547 -2.47875e-02
 37 -0.01275 -5.64873e-03 | 38  0.02438 -1.46129e-02 | 39 -0.01583  3.30618e-02
 40  0.24548 -6.04696e-02 | 41  0.25528  6.36355e-02 | 42  0.27212  5.31055e-02
 43  0.25258  2.33480e-02 | 44 -0.28200  2.28554e-02 | 45 -0.04894 -8.20013e-03
 46 -0.25648 -5.45191e-02 | 47 -0.42059  4.23813e-02 | 48 -0.29965 -6.42115e+00
 49 -0.46644  3.00334e+00 |
49 variables; iteration 140; function evaluation 168; phase 3
Function value 1.1985411e+02; maximum gradient component mag -1.0687e-01
Var    Value     Gradient |Var    Value     Gradient |Var    Value     Gradient
  1  0.03167  3.94103e-03 |  2 -0.07024 -5.26973e-07 |  3 -0.10250 -1.14601e-05
  4  0.00863  5.03165e-05 |  5 -0.02517  6.78775e-05 |  6  0.01513  2.70850e-04
  7 -0.04674 -6.40674e-05 |  8 -0.09771 -9.41325e-05 |  9 -0.06288 -7.28837e-05
 10 -0.07171 -2.46425e-05 | 11  0.02699  7.24584e-06 | 12  0.02250  4.05959e-05
 13  0.06634  2.46159e-04 | 14  0.01279 -8.53179e-05 | 15 -0.00955 -5.60715e-05
 16  0.06462 -1.76879e-05 | 17  0.03004 -2.62373e-05 | 18 -0.03707  2.65778e-05
 19 -0.00772  2.20132e-04 | 20 -0.02181  2.19281e-04 | 21  0.04666  6.19714e-06
 22  0.04354  1.19722e-04 | 23 -0.05221  1.79862e-05 | 24 -0.02930  1.37095e-05
 25 -0.11075 -5.48872e-05 | 26 -0.00027 -1.70049e-04 | 27 -0.01855 -1.31240e-04
 28 -0.00712 -1.08142e-04 | 29  0.05703 -7.80610e-04 | 30  0.00186  3.20792e-04
 31  0.06293 -2.21744e-04 | 32 -0.01390  3.69765e-04 | 33  0.06740 -5.16296e-04
 34  0.01231 -3.12193e-07 | 35  0.06046 -4.36811e-04 | 36  0.02547 -1.24587e-04
 37 -0.01275  3.26801e-04 | 38  0.02438  8.06832e-04 | 39 -0.01582  2.53785e-04
 40  0.24548  1.11061e-04 | 41  0.25530  1.20934e-03 | 42  0.27212  3.02302e-03
 43  0.25258 -1.93747e-05 | 44 -0.28072 -7.43090e-03 | 45 -0.04518  2.53930e-03
 46 -0.24998 -1.38563e-03 | 47 -0.41265  2.51636e-03 | 48 -0.29816 -1.06873e-01
 49 -0.46326  4.66694e-02 |
49 variables; iteration 160; function evaluation 189; phase 3
Function value 1.1985409e+02; maximum gradient component mag 1.0561e-01
Var    Value     Gradient |Var    Value     Gradient |Var    Value     Gradient
  1  0.03167  1.05607e-01 |  2 -0.07024  1.83868e-04 |  3 -0.10250  2.61679e-04
  4  0.00863  6.25389e-03 |  5 -0.02517  2.24343e-03 |  6  0.01513  1.45923e-02
  7 -0.04674 -1.35649e-03 |  8 -0.09771 -3.93928e-03 |  9 -0.06288 -3.92025e-03
 10 -0.07171  1.14491e-03 | 11  0.02699 -1.40908e-03 | 12  0.02250 -3.36750e-03
 13  0.06634 -6.90843e-03 | 14  0.01279 -4.76878e-05 | 15 -0.00955 -1.41808e-03
 16  0.06462  3.03717e-03 | 17  0.03004  2.59493e-03 | 18 -0.03707  4.07033e-03
 19 -0.00772  1.44831e-02 | 20 -0.02181  1.36418e-02 | 21  0.04666 -3.72044e-04
 22  0.04354  2.73351e-03 | 23 -0.05220  1.79410e-03 | 24 -0.02930  6.30986e-04
 25 -0.11075 -2.73174e-03 | 26 -0.00027 -1.01405e-02 | 27 -0.01855 -6.90112e-03
 28 -0.00712 -5.30725e-03 | 29  0.05702 -1.42556e-02 | 30  0.00186 -3.56734e-03
 31  0.06294 -3.76486e-04 | 32 -0.01390  1.14893e-03 | 33  0.06740 -4.15019e-03
 34  0.01231 -2.21964e-03 | 35  0.06046  4.41518e-04 | 36  0.02547  4.09575e-03
 37 -0.01275  6.63082e-03 | 38  0.02438  1.35427e-02 | 39 -0.01583 -4.58480e-03
 40  0.24548 -4.73975e-02 | 41  0.25529  4.69754e-02 | 42  0.27212  6.27417e-02
 43  0.25258 -1.82658e-02 | 44 -0.28070 -4.80370e-02 | 45 -0.04510  1.63805e-02
 46 -0.25395  4.52733e-03 | 47 -0.41750 -4.78846e-03 | 48 -0.29661 -5.69637e-02
 49 -0.45996  2.33406e-02 |
49 variables; iteration 180; function evaluation 212; phase 3
Function value 1.1985403e+02; maximum gradient component mag -5.8922e+00
Var    Value     Gradient |Var    Value     Gradient |Var    Value     Gradient
  1  0.03167 -1.87485e+00 |  2 -0.07023  1.41483e-04 |  3 -0.10250 -2.24123e-04
  4  0.00863 -6.24124e-04 |  5 -0.02517  2.93677e-02 |  6  0.01513  2.80196e-02
  7 -0.04674  2.75172e-02 |  8 -0.09770  2.85778e-02 |  9 -0.06288  2.89659e-02
 10 -0.07171  2.72129e-02 | 11  0.02698  2.84612e-02 | 12  0.02250  2.93262e-02
 13  0.06634  3.26983e-02 | 14  0.01279  2.74510e-02 | 15 -0.00955  2.86444e-02
 16  0.06462  2.67879e-02 | 17  0.03004  2.76157e-02 | 18 -0.03707  2.72076e-02
 19 -0.00772  2.40159e-02 | 20 -0.02181  2.46883e-02 | 21  0.04666  2.81973e-02
 22  0.04354  2.70114e-02 | 23 -0.05220  2.55128e-02 | 24 -0.02930  2.37498e-02
 25 -0.11075  2.30402e-02 | 26 -0.00027  9.78697e-03 | 27 -0.01855 -5.91176e-03
 28 -0.00712 -4.31630e-02 | 29  0.05703 -2.23104e-01 | 30  0.00186 -5.31479e-02
 31  0.06294 -8.75940e-02 | 32 -0.01390  5.57126e-02 | 33  0.06740 -1.15120e-01
 34  0.01231 -1.89492e-02 | 35  0.06046 -9.18338e-02 | 36  0.02547 -8.41207e-02
 37 -0.01275 -2.68326e-02 | 38  0.02438  2.28781e-02 | 39 -0.01583  8.65328e-02
 40  0.24548  1.59350e-02 | 41  0.25529 -1.26940e-02 | 42  0.27212 -2.18302e-02
 43  0.25258  2.27428e-01 | 44 -0.28074  6.88524e-01 | 45 -0.04524 -2.34500e-01
 46 -0.25239  6.44964e-02 | 47 -0.41559 -5.29587e-02 | 48 -0.28768 -5.89225e+00
 49 -0.44118  2.82199e+00 |
49 variables; iteration 200; function evaluation 258; phase 3
Function value 1.0997525e+02; maximum gradient component mag 8.2375e+02
Var    Value     Gradient |Var    Value     Gradient |Var    Value     Gradient
  1  0.02989  8.23746e+02 |  2 -0.06936  6.21094e-02 |  3 -0.10056  3.37741e-01
  4  0.01073  5.14350e-01 |  5 -0.02227 -1.14503e+01 |  6  0.01927 -8.06107e+00
  7 -0.04370 -1.13250e+01 |  8 -0.09324 -9.36614e+00 |  9 -0.05696 -6.10269e+00
 10 -0.06868 -1.33932e+01 | 11  0.02961 -1.24517e+01 | 12  0.02566 -1.17834e+01
 13  0.07122 -9.21842e+00 | 14  0.01151 -1.28477e+01 | 15 -0.01015 -1.15843e+01
 16  0.06532 -1.04949e+01 | 17  0.03268 -7.48443e+00 | 18 -0.03447 -5.19480e+00
 19 -0.00913  1.01851e+01 | 20 -0.01938  3.42099e+01 | 21  0.04278 -1.62572e+01
 22  0.04111 -1.61319e+01 | 23 -0.05472 -1.68303e+01 | 24 -0.03158 -2.38556e+01
 25 -0.11143 -2.45880e+01 | 26  0.00075 -6.35856e+01 | 27 -0.01788  8.73202e+00
 28 -0.01715  1.49336e+01 | 29  0.06117  9.15766e+01 | 30  0.00107  2.48998e+01
 31  0.06139  4.02265e+01 | 32 -0.02583 -2.21864e+01 | 33  0.05632  4.41097e+01
 34  0.00231  7.57708e+00 | 35  0.05734  3.42462e+01 | 36  0.02654  3.24028e+01
 37 -0.00982  1.04064e+01 | 38  0.02948 -1.32503e+00 | 39 -0.00965 -2.74308e+01
 40  0.24783  8.93831e+00 | 41  0.25906  7.55597e+00 | 42  0.27543 -1.44112e+01
 43  0.27652  8.27354e+01 | 44 -0.25930 -2.81812e+02 | 45  0.01630  9.61239e+01
 46 -0.26263 -1.38889e+01 | 47 -0.42923  1.14385e+01 | 48 -0.12951  9.43051e+00
 49 -0.23448 -1.47400e+01 |
49 variables; iteration 220; function evaluation 286; phase 3
Function value 1.0900662e+02; maximum gradient component mag -1.6209e+00
Var    Value     Gradient |Var    Value     Gradient |Var    Value     Gradient
  1  0.02937  5.21457e-01 |  2 -0.06957 -8.07724e-04 |  3 -0.10148  2.56350e-03
  4  0.01035  5.95261e-03 |  5 -0.02120 -3.26770e-03 |  6  0.02049  2.26660e-03
  7 -0.04449  3.52646e-02 |  8 -0.09543  4.92171e-02 |  9 -0.05917  1.07129e-01
 10 -0.07048  6.58699e-04 | 11  0.02999 -1.28311e-02 | 12  0.02682 -2.15195e-02
 13  0.07345 -5.13184e-02 | 14  0.01078 -1.43097e-02 | 15 -0.01108 -1.01827e-02
 16  0.06595 -9.96886e-03 | 17  0.03358 -1.55617e-02 | 18 -0.03286 -2.12080e-02
 19 -0.00905 -9.39997e-02 | 20 -0.01980 -1.35407e-01 | 21  0.04179 -1.35152e-02
 22  0.04016  9.48986e-04 | 23 -0.05536  1.29195e-02 | 24 -0.03218  4.63322e-02
 25 -0.11136  6.07523e-02 | 26  0.00531  2.97145e-01 | 27 -0.01901  2.93580e-01
 28 -0.01764 -9.57259e-02 | 29  0.05839 -3.02540e-01 | 30  0.00149 -1.15450e-01
 31  0.05932 -1.02995e-01 | 32 -0.02374 -6.15771e-03 | 33  0.04898  7.56097e-02
 34 -0.00070  3.89318e-02 | 35  0.05547  4.79903e-02 | 36  0.02624  8.85036e-03
 37 -0.00756 -2.41821e-02 | 38  0.03091 -1.82970e-02 | 39  0.00137 -2.16898e-02
 40  0.24860 -4.26748e-02 | 41  0.26040 -4.36569e-02 | 42  0.27648  3.72563e-02
 43  0.27974 -9.07991e-02 | 44 -0.29644 -7.36255e-01 | 45 -0.09239  2.58996e-01
 46 -0.26093 -1.62094e+00 | 47 -0.42779  1.34134e+00 | 48 -0.12311  8.90168e-02
 49 -0.23692 -9.62818e-02 |
49 variables; iteration 240; function evaluation 313; phase 3
Function value 1.0899714e+02; maximum gradient component mag -1.7556e+01
Var    Value     Gradient |Var    Value     Gradient |Var    Value     Gradient
  1  0.02935 -1.43389e+01 |  2 -0.06957  3.91471e-03 |  3 -0.10149  4.36006e-03
  4  0.01042  1.34216e-01 |  5 -0.02114  3.46063e-01 |  6  0.02049  2.75555e-01
  7 -0.04447  2.21132e-01 |  8 -0.09538  2.63729e-01 |  9 -0.05917  1.90921e-01
 10 -0.07049  1.84655e-01 | 11  0.02999  2.73801e-02 | 12  0.02683 -2.04473e-01
 13  0.07347 -1.07974e+00 | 14  0.01079  1.28141e-02 | 15 -0.01105  1.84768e-01
 16  0.06596 -1.70360e-02 | 17  0.03360 -1.98393e-01 | 18 -0.03285 -3.44124e-01
 19 -0.00896 -2.97300e-02 | 20 -0.01978  6.98126e-01 | 21  0.04180 -3.45582e-01
 22  0.04016 -1.91434e-01 | 23 -0.05545  2.18691e-01 | 24 -0.03224  2.37245e-01
 25 -0.11138  5.71527e-01 | 26  0.00541  2.35962e+00 | 27 -0.01899  1.15221e+00
 28 -0.01769 -6.01714e-01 | 29  0.05842 -4.25313e-01 | 30  0.00150  3.28108e-01
 31  0.05934  1.20457e+00 | 32 -0.02383 -6.15100e-01 | 33  0.04897  1.72598e+00
 34 -0.00078  2.62180e-01 | 35  0.05544 -1.74076e-01 | 36  0.02622 -8.63544e-01
 37 -0.00762 -2.41106e+00 | 38  0.03096 -2.04676e+00 | 39  0.00128 -8.84477e-01
 40  0.24861 -2.90170e-01 | 41  0.26107 -1.75563e+01 | 42  0.27648 -1.77814e+00
 43  0.27995  3.40127e-01 | 44 -0.28964  3.31417e+00 | 45 -0.07313 -1.16988e+00
 46 -0.21813 -3.48615e+00 | 47 -0.37780  3.40358e+00 | 48 -0.12241  4.76362e+00
 49 -0.23660 -4.38856e+00 |
49 variables; iteration 260; function evaluation 335; phase 3
Function value 1.0897112e+02; maximum gradient component mag -1.9079e-01
Var    Value     Gradient |Var    Value     Gradient |Var    Value     Gradient
  1  0.02933 -1.70793e-01 |  2 -0.06955 -7.11636e-06 |  3 -0.10146 -2.67231e-05
  4  0.01039  7.99017e-05 |  5 -0.02114  2.21193e-03 |  6  0.02057  1.42676e-03
  7 -0.04445  2.23187e-03 |  8 -0.09539  1.72420e-03 |  9 -0.05911  6.83263e-04
 10 -0.07047  2.40822e-03 | 11  0.03004  1.96896e-03 | 12  0.02689  1.24038e-03
 13  0.07357 -1.82919e-03 | 14  0.01076  2.23044e-03 | 15 -0.01110  2.43384e-03
 16  0.06598  1.84500e-03 | 17  0.03365  1.25198e-03 | 18 -0.03277  1.00284e-03
 19 -0.00891  3.05237e-03 | 20 -0.01976  1.69596e-03 | 21  0.04143  3.74681e-03
 22  0.04002  3.07340e-03 | 23 -0.05584  2.54023e-03 | 24 -0.03284  2.01261e-03
 25 -0.11165  1.40411e-03 | 26  0.00569 -4.12091e-03 | 27 -0.01899 -1.84232e-03
 28 -0.01750 -2.40747e-03 | 29  0.05846 -1.62346e-02 | 30  0.00158  6.07538e-03
 31  0.05930  2.16867e-03 | 32 -0.02375  3.80309e-03 | 33  0.04904 -1.58702e-03
 34 -0.00079 -4.32734e-05 | 35  0.05548 -6.03255e-03 | 36  0.02630 -8.90434e-03
 37 -0.00754 -8.51315e-03 | 38  0.03103 -3.58675e-03 | 39  0.00157  2.86386e-03
 40  0.24865  1.87625e-03 | 41  0.26448  3.05484e-02 | 42  0.27652  2.33185e-03
 43  0.27983 -6.83572e-03 | 44 -0.27478 -1.90789e-01 | 45 -0.03090  7.11825e-02
 46 -0.18865 -4.56030e-02 | 47 -0.34895  3.72522e-02 | 48 -0.12291 -9.42759e-03
 49 -0.23687  9.81376e-03 |
49 variables; iteration 280; function evaluation 355; phase 3
Function value 1.0897110e+02; maximum gradient component mag 3.6754e-04
Var    Value     Gradient |Var    Value     Gradient |Var    Value     Gradient
  1  0.02933  3.67535e-04 |  2 -0.06955 -2.88835e-07 |  3 -0.10146  9.25150e-08
  4  0.01039 -1.47020e-06 |  5 -0.02114 -7.12943e-06 |  6  0.02057 -9.63474e-06
  7 -0.04445 -5.92328e-06 |  8 -0.09539 -5.98567e-06 |  9 -0.05911 -7.04393e-06
 10 -0.07047 -4.53354e-06 | 11  0.03004 -4.12930e-06 | 12  0.02689 -2.52658e-06
 13  0.07357  3.31023e-06 | 14  0.01076 -4.97481e-06 | 15 -0.01110 -5.87365e-06
 16  0.06598 -5.27091e-06 | 17  0.03365 -5.42540e-06 | 18 -0.03277 -4.55279e-06
 19 -0.00891 -6.92244e-06 | 20 -0.01976 -1.22411e-05 | 21  0.04143 -2.72416e-06
 22  0.04002 -3.09986e-06 | 23 -0.05585 -2.55949e-06 | 24 -0.03285  3.48936e-06
 25 -0.11165  3.46489e-06 | 26  0.00569  3.08109e-05 | 27 -0.01899 -3.29406e-06
 28 -0.01750 -3.34484e-06 | 29  0.05846  1.01808e-05 | 30  0.00158  1.68217e-05
 31  0.05930  7.51645e-06 | 32 -0.02375 -6.74098e-07 | 33  0.04904  1.18585e-06
 34 -0.00079 -5.45494e-07 | 35  0.05548  9.85911e-06 | 36  0.02630  1.08348e-05
 37 -0.00754  1.15143e-05 | 38  0.03103  4.92161e-06 | 39  0.00157 -5.29354e-06
 40  0.24865 -1.48242e-05 | 41  0.26449  2.57797e-05 | 42  0.27652 -6.14576e-06
 43  0.27983 -4.44568e-06 | 44 -0.27892 -3.44488e-04 | 45 -0.04272  1.21114e-04
 46 -0.18858 -5.80599e-06 | 47 -0.34890  3.08716e-06 | 48 -0.12290  1.89825e-05
 49 -0.23687 -2.36038e-05 |

 - final statistics:
49 variables; iteration 281; function evaluation 356
Function value 1.0897e+02; maximum gradient component mag 1.3438e-05
Exit code = 1;  converg criter 1.0000e-04
Var    Value     Gradient |Var    Value     Gradient |Var    Value     Gradient
  1  0.02933  1.34385e-05 |  2 -0.06955  8.61647e-08 |  3 -0.10146  2.30040e-08
  4  0.01039 -3.00205e-07 |  5 -0.02114 -7.39426e-07 |  6  0.02057 -1.33371e-06
  7 -0.04445 -2.26332e-07 |  8 -0.09539 -5.46304e-07 |  9 -0.05911 -9.04461e-07
 10 -0.07047  2.58125e-08 | 11  0.03004 -2.44558e-07 | 12  0.02689 -4.60262e-07
 13  0.07357 -1.18452e-06 | 14  0.01076 -3.19117e-07 | 15 -0.01110 -3.92001e-07
 16  0.06598 -7.30724e-07 | 17  0.03365 -1.43718e-06 | 18 -0.03277 -2.23117e-06
 19 -0.00891 -1.03807e-06 | 20 -0.01976 -2.31370e-06 | 21  0.04143 -2.30411e-07
 22  0.04002 -1.07744e-07 | 23 -0.05585 -1.16258e-07 | 24 -0.03285  4.22047e-07
 25 -0.11165  7.54315e-07 | 26  0.00569  4.65944e-06 | 27 -0.01899 -6.49696e-07
 28 -0.01750  9.52572e-07 | 29  0.05846 -3.07315e-06 | 30  0.00158 -9.86836e-09
 31  0.05930  3.74807e-06 | 32 -0.02375 -2.95883e-07 | 33  0.04904  3.23391e-06
 34 -0.00079  3.60837e-07 | 35  0.05548  7.18311e-07 | 36  0.02630  2.47422e-06
 37 -0.00754  3.76815e-06 | 38  0.03103 -1.63713e-06 | 39  0.00157 -1.30196e-06
 40  0.24865 -6.31205e-06 | 41  0.26449  2.42943e-06 | 42  0.27652 -1.34244e-06
 43  0.27983 -1.02722e-06 | 44 -0.27892 -7.49850e-06 | 45 -0.04272  2.62988e-06
 46 -0.18858 -6.19757e-07 | 47 -0.34890  3.69671e-07 | 48 -0.12290  3.83413e-06
 49 -0.23687 -4.85395e-06 |
Estimating row 1 out of 49 for hessian
Estimating row 2 out of 49 for hessian
Estimating row 3 out of 49 for hessian
Estimating row 4 out of 49 for hessian
Estimating row 5 out of 49 for hessian
Estimating row 6 out of 49 for hessian
Estimating row 7 out of 49 for hessian
Estimating row 8 out of 49 for hessian
Estimating row 9 out of 49 for hessian
Estimating row 10 out of 49 for hessian
Estimating row 11 out of 49 for hessian
Estimating row 12 out of 49 for hessian
Estimating row 13 out of 49 for hessian
Estimating row 14 out of 49 for hessian
Estimating row 15 out of 49 for hessian
Estimating row 16 out of 49 for hessian
Estimating row 17 out of 49 for hessian
Estimating row 18 out of 49 for hessian
Estimating row 19 out of 49 for hessian
Estimating row 20 out of 49 for hessian
Estimating row 21 out of 49 for hessian
Estimating row 22 out of 49 for hessian
Estimating row 23 out of 49 for hessian
Estimating row 24 out of 49 for hessian
Estimating row 25 out of 49 for hessian
Estimating row 26 out of 49 for hessian
Estimating row 27 out of 49 for hessian
Estimating row 28 out of 49 for hessian
Estimating row 29 out of 49 for hessian
Estimating row 30 out of 49 for hessian
Estimating row 31 out of 49 for hessian
Estimating row 32 out of 49 for hessian
Estimating row 33 out of 49 for hessian
Estimating row 34 out of 49 for hessian
Estimating row 35 out of 49 for hessian
Estimating row 36 out of 49 for hessian
Estimating row 37 out of 49 for hessian
Estimating row 38 out of 49 for hessian
Estimating row 39 out of 49 for hessian
Estimating row 40 out of 49 for hessian
Estimating row 41 out of 49 for hessian
Estimating row 42 out of 49 for hessian
Estimating row 43 out of 49 for hessian
Estimating row 44 out of 49 for hessian
Estimating row 45 out of 49 for hessian
Estimating row 46 out of 49 for hessian
Estimating row 47 out of 49 for hessian
Estimating row 48 out of 49 for hessian
Estimating row 49 out of 49 for hessian
size of file gradfil1.tmp = 0
size of file gradfil2.tmp = 0
size of file varssave.tmp = 0
size of file cmpdiff.tmp = 0
