
Initial statistics: 2 variables; iteration 0; function evaluation 0; phase 1
Function value 5.2194928e+03; maximum gradient component mag 2.9206e+04
Var    Value     Gradient |Var    Value     Gradient |Var    Value     Gradient
  1  0.33333  2.92060e+04 |  2  0.21635  1.52853e+04 |

 - final statistics:
2 variables; iteration 7; function evaluation 14
Function value 5.9502e+02; maximum gradient component mag 3.6482e+00
Exit code = 1;  converg criter 1.0000e+01
Var    Value     Gradient |Var    Value     Gradient |Var    Value     Gradient
  1  0.07035  3.64817e+00 |  2  0.20257  9.20506e-01 |

Initial statistics: 45 variables; iteration 0; function evaluation 0; phase 2
Function value 5.9502307e+02; maximum gradient component mag -4.2125e+03
Var    Value     Gradient |Var    Value     Gradient |Var    Value     Gradient
  1  0.07035  3.64817e+00 |  2  0.00000  1.18383e+01 |  3  0.00000  2.67527e+01
  4  0.00000 -6.82961e+01 |  5  0.00000  2.63108e+01 |  6  0.00000 -4.60204e+01
  7  0.00000 -1.80472e+01 |  8  0.00000  3.39873e+01 |  9  0.00000  4.44152e+00
 10  0.00000  1.10200e+01 | 11  0.00000 -4.51083e+01 | 12  0.00000  2.68193e+00
 13  0.00000 -3.50698e+01 | 14  0.00000 -1.07930e+01 | 15  0.00000  2.09068e-01
 16  0.00000 -5.34934e+01 | 17  0.00000 -2.32467e+00 | 18  0.00000  6.52420e+01
 19  0.00000  2.84814e+00 | 20  0.00000  2.09603e+01 | 21  0.00000 -1.00179e+02
 22  0.00000 -9.33077e+01 | 23  0.00000  1.04874e+02 | 24  0.00000  2.79326e+01
 25  0.00000  2.29567e+02 | 26  0.00000  1.14776e+02 | 27  0.00000  2.97950e+01
 28  0.00000  5.02973e+01 | 29  0.00000 -2.22803e+02 | 30  0.00000  3.33162e+02
 31  0.00000 -6.64851e+02 | 32  0.00000  4.01336e+02 | 33  0.00000 -7.59887e+02
 34  0.00000  2.89830e+02 | 35  0.00000 -3.24421e+02 | 36  0.00000  6.92476e+01
 37  0.00000  4.11017e+02 | 38  0.00000 -6.90106e+01 | 39  0.00000  2.15781e+02
 40  0.21635  1.01930e+02 | 41  0.21635  2.98674e+03 | 42  0.20257  9.20506e-01
 43 -0.30909 -2.27057e+03 | 44  0.12819  1.01388e+01 | 45 -0.30909 -4.21251e+03

Intermediate statistics: 45 variables; iteration 20; function evaluation 32; phase 2
Function value 2.1114098e+02; maximum gradient component mag -1.1544e+03
Var    Value     Gradient |Var    Value     Gradient |Var    Value     Gradient
  1  0.03263  2.45355e+01 |  2 -0.06367  3.68334e+00 |  3 -0.10085  5.38452e+00
  4 -0.01059  3.81385e+00 |  5 -0.04017  2.29398e+01 |  6 -0.00727  1.57260e+01
  7 -0.06018  4.45974e+00 |  8 -0.09914  1.49045e+01 |  9 -0.06570  1.21905e+01
 10 -0.05413  1.67661e+01 | 11  0.01755  3.53808e+00 | 12  0.01195  1.16398e+01
 13  0.04157 -8.69387e-01 | 14  0.01104  1.67248e+01 | 15 -0.00267  1.85208e+01
 16  0.04673 -1.90452e+00 | 17  0.01894  1.20225e+01 | 18 -0.01918  3.15712e+01
 19  0.02078 -4.38807e+00 | 20 -0.00666  1.39442e+01 | 21  0.06032 -5.16273e+01
 22  0.05522 -1.63314e+01 | 23 -0.02838  2.92484e+01 | 24 -0.01425  1.99644e+01
 25 -0.08439  6.40318e+01 | 26 -0.05196  3.95186e+01 | 27 -0.02715  2.02687e+01
 28  0.01253  4.37798e+01 | 29  0.03853 -4.15953e+01 | 30 -0.00567 -1.16152e+01
 31  0.08190  1.61110e+02 | 32  0.00635  1.22905e+01 | 33  0.07665  3.28748e+01
 34 -0.00013 -1.38756e+02 | 35  0.04949 -9.68380e+01 | 36  0.01140 -1.06194e+02
 37 -0.02443 -1.71489e+01 | 38  0.02053  8.71044e+00 | 39  0.01681  1.09640e+02
 40  0.23524  1.96312e+02 | 41  0.21241 -5.89958e+02 | 42  0.23522 -7.69167e+01
 43 -0.22047  8.88593e+02 | 44  0.12921 -3.03658e+02 | 45 -0.26243 -1.15439e+03
45 variables; iteration 40; function evaluation 56; phase 2
Function value 1.9674139e+02; maximum gradient component mag -1.2786e+03
Var    Value     Gradient |Var    Value     Gradient |Var    Value     Gradient
  1  0.02841 -1.27863e+03 |  2 -0.11776 -1.22455e+01 |  3 -0.07931  7.63386e+00
  4  0.00564 -3.19827e+00 |  5 -0.03716  5.89887e+00 |  6 -0.00286 -3.08443e+01
  7 -0.05168  1.93930e+01 |  8 -0.09657  2.26358e+01 |  9 -0.06258  2.16436e+01
 10 -0.05514  2.34066e+01 | 11  0.03345  3.15882e+01 | 12  0.00574  5.24069e+00
 13  0.04708  3.72713e+00 | 14  0.01731  3.02177e+01 | 15 -0.01392  1.24770e+01
 16  0.05523  1.15027e+01 | 17  0.02629  2.01538e+01 | 18 -0.02386  2.63849e+01
 19  0.03395  3.77635e+01 | 20 -0.00123  2.94556e+01 | 21  0.06834 -1.91495e+01
 22  0.07288  2.49854e+01 | 23 -0.03645  1.96151e+01 | 24 -0.00172  2.32711e+01
 25 -0.13058 -2.91763e+01 | 26 -0.05362 -9.00497e+01 | 27 -0.02000 -4.21929e+00
 28  0.00092 -1.38276e+01 | 29  0.04044 -7.70516e+01 | 30 -0.00802 -5.03461e+01
 31  0.07095  8.34930e+01 | 32 -0.00287 -1.74496e+01 | 33  0.07297  6.61990e+01
 34  0.00484 -7.22670e+01 | 35  0.05523 -6.20864e+00 | 36  0.01504 -6.76589e+01
 37 -0.02626 -6.02688e+01 | 38  0.01580 -2.27594e+00 | 39 -0.01101  8.08052e+01
 40  0.23675 -9.88041e+01 | 41  0.21730 -2.98844e+02 | 42  0.23879 -4.25899e+02
 43 -0.22874  3.79696e+02 | 44  0.12000 -1.06074e+02 | 45 -0.25688 -4.44443e+02

 - final statistics:
45 variables; iteration 59; function evaluation 83
Function value 1.8790e+02; maximum gradient component mag 9.6002e+00
Exit code = 1;  converg criter 1.0000e+01
Var    Value     Gradient |Var    Value     Gradient |Var    Value     Gradient
  1  0.02433 -1.31814e+00 |  2 -0.06537  7.88334e-03 |  3 -0.09808  1.53060e-01
  4  0.00989  3.74885e-01 |  5 -0.02978  9.80266e-01 |  6  0.00867  2.10130e+00
  7 -0.04609 -1.16144e-01 |  8 -0.09645  5.66183e-02 |  9 -0.06465 -1.32827e-02
 10 -0.06513  2.11805e-01 | 11  0.02471 -8.92450e-03 | 12  0.01998  4.61250e-01
 13  0.06043  7.98533e-01 | 14  0.01393  1.94935e-01 | 15 -0.00724  1.62559e-01
 16  0.06148  1.47984e-02 | 17  0.02989 -7.73264e-03 | 18 -0.02658  1.53259e-01
 19  0.02402  1.39630e-01 | 20 -0.01050  9.25528e-02 | 21  0.07803 -8.20121e-02
 22  0.06598  6.67828e-02 | 23 -0.04538  2.22076e-01 | 24 -0.01647  4.45940e-01
 25 -0.11280  9.07741e-01 | 26 -0.04083  2.38496e+00 | 27 -0.01506  6.07076e-01
 28  0.00364 -3.68202e-01 | 29  0.04200 -1.51718e+00 | 30 -0.00395 -1.64612e+00
 31  0.06222 -8.52394e-01 | 32  0.00012  7.07587e-01 | 33  0.05681 -4.42358e-01
 34  0.00632  1.93951e-01 | 35  0.05323 -3.97908e-01 | 36  0.01981 -5.70455e-03
 37 -0.02023 -3.73217e-01 | 38  0.01423 -2.62905e+00 | 39 -0.04487 -1.41581e+00
 40  0.24046 -9.27157e-01 | 41  0.22259  1.03984e+00 | 42  0.25055  9.60023e+00
 43 -0.25355 -2.17064e+00 | 44  0.04407  3.12213e+00 | 45 -0.24997  3.55049e+00

Initial statistics: 48 variables; iteration 0; function evaluation 0; phase 3
Function value 1.8789688e+02; maximum gradient component mag -1.4885e+03
Var    Value     Gradient |Var    Value     Gradient |Var    Value     Gradient
  1  0.02433 -1.31814e+00 |  2 -0.06537  7.88334e-03 |  3 -0.09808  1.53060e-01
  4  0.00989  3.74885e-01 |  5 -0.02978  9.50600e-01 |  6  0.00867  2.07160e+00
  7 -0.04609 -1.45765e-01 |  8 -0.09646  2.72597e-02 |  9 -0.06465 -4.28285e-02
 10 -0.06513  1.82262e-01 | 11  0.02471 -3.86009e-02 | 12  0.01997  4.31566e-01
 13  0.06043  7.68968e-01 | 14  0.01393  1.65244e-01 | 15 -0.00724  1.32863e-01
 16  0.06148 -1.47620e-02 | 17  0.02989 -3.73987e-02 | 18 -0.02658  1.23586e-01
 19  0.02402  1.09952e-01 | 20 -0.01050  6.28581e-02 | 21  0.07803 -1.11488e-01
 22  0.06598  3.72434e-02 | 23 -0.04538  1.92453e-01 | 24 -0.01647  4.16251e-01
 25 -0.11280  8.78507e-01 | 26 -0.04083  2.35532e+00 | 27 -0.01506  5.77386e-01
 28  0.00364 -3.97900e-01 | 29  0.04200 -1.54682e+00 | 30 -0.00395 -1.67582e+00
 31  0.06222 -8.81951e-01 | 32  0.00011  6.77888e-01 | 33  0.05681 -4.71939e-01
 34  0.00632  1.64254e-01 | 35  0.05323 -4.27503e-01 | 36  0.01981 -3.53890e-02
 37 -0.02023 -4.02901e-01 | 38  0.01423 -2.65874e+00 | 39 -0.04487 -1.44544e+00
 40  0.24046 -9.27157e-01 | 41  0.22259  1.03984e+00 | 42  0.25055  9.60023e+00
 43 -0.25355 -2.17064e+00 | 44  0.04407  3.12213e+00 | 45 -0.30909 -1.48850e+03
 46 -0.43452  1.56453e-03 | 47 -0.24997  3.55049e+00 | 48 -0.36199 -2.06336e+01

Intermediate statistics: 48 variables; iteration 20; function evaluation 29; phase 3
Function value 1.4167605e+02; maximum gradient component mag -2.1875e+03
Var    Value     Gradient |Var    Value     Gradient |Var    Value     Gradient
  1  0.01843 -2.18749e+03 |  2 -0.06386  3.94779e-01 |  3 -0.09558  8.38823e-01
  4  0.01892  1.02839e+01 |  5 -0.01616  4.65364e+01 |  6  0.03204  8.40331e+01
  7 -0.04103  2.87011e+01 |  8 -0.09445  2.94156e+01 |  9 -0.06317  3.08347e+01
 10 -0.06773  2.88410e+01 | 11  0.02642  1.24124e+01 | 12  0.02333 -1.59428e+01
 13  0.06745 -1.20765e+02 | 14  0.01338  9.59123e+00 | 15 -0.00899  3.63850e+01
 16  0.06554  4.21971e+01 | 17  0.03533  3.93420e+01 | 18 -0.03564  2.67941e+01
 19 -0.02193 -1.99725e+01 | 20 -0.01949  5.51390e+01 | 21  0.02837 -3.46820e+01
 22  0.04150 -5.80895e+00 | 23 -0.03855  2.07043e+01 | 24 -0.04125 -4.63311e+01
 25 -0.12336 -4.61406e+01 | 26 -0.01349 -2.68106e+02 | 27 -0.01066 -2.34705e+01
 28 -0.01857  1.40587e+01 | 29  0.06069  8.41853e+01 | 30  0.00502  7.63575e+01
 31  0.06511  8.16569e+01 | 32 -0.00952  2.77778e+01 | 33  0.06372  6.30566e+01
 34  0.01303  5.04292e+01 | 35  0.05871 -8.57655e+00 | 36  0.02746 -5.78738e+01
 37 -0.00993 -6.32758e+01 | 38  0.02226 -1.94771e+02 | 39 -0.01633  1.04452e+01
 40  0.24827  4.02709e+02 | 41  0.25596 -1.34678e+01 | 42  0.26024  2.01313e+02
 43 -0.24270  8.63642e+02 | 44  0.06540 -2.80077e+02 | 45 -0.25403 -2.44943e+02
 46 -0.41174  1.85278e+02 | 47 -0.20484 -2.63729e+02 | 48 -0.29612  9.59094e+01
48 variables; iteration 40; function evaluation 55; phase 3
Function value 1.3829708e+02; maximum gradient component mag -9.2141e+02
Var    Value     Gradient |Var    Value     Gradient |Var    Value     Gradient
  1  0.01927 -9.21409e+02 |  2 -0.07195 -1.57909e+00 |  3 -0.09160  2.46787e+00
  4  0.01633  8.05242e+00 |  5 -0.02059  2.42486e+01 |  6  0.02045  4.34384e+01
  7 -0.04586  1.65476e+01 |  8 -0.10191  1.73045e+01 |  9 -0.07754  1.09203e+01
 10 -0.05388  3.22926e+01 | 11  0.03946  2.24265e+01 | 12  0.02969  1.47053e+01
 13  0.06366  1.22504e+00 | 14  0.01805  2.64762e+01 | 15 -0.01652  6.42844e+00
 16  0.06513  1.96188e+01 | 17  0.03271  1.66932e+01 | 18 -0.03732  1.49176e+01
 19 -0.01042  2.47394e+01 | 20 -0.02745  2.41493e+01 | 21  0.03777 -1.03572e+01
 22  0.04351 -7.50424e+00 | 23 -0.03904  9.34111e+00 | 24 -0.03235 -1.99545e+01
 25 -0.11924 -3.31801e+01 | 26 -0.01794 -1.78095e+02 | 27 -0.00753 -3.52214e+00
 28 -0.01581  1.44952e+01 | 29  0.05896  4.72203e+01 | 30  0.00377  3.46465e+01
 31  0.06433  2.61642e+01 | 32 -0.00800  2.26308e+01 | 33  0.06124 -8.48611e+00
 34  0.01082  4.15581e+00 | 35  0.05807 -2.86847e+01 | 36  0.02664 -5.85069e+01
 37 -0.01159 -5.01194e+01 | 38  0.02312 -8.77443e+01 | 39 -0.01504  1.62035e+01
 40  0.24619  9.82726e+01 | 41  0.25602 -5.08306e-01 | 42  0.25831  7.92399e+01
 43 -0.24130  4.48027e+02 | 44  0.07084 -1.43735e+02 | 45 -0.25349  4.02900e+01
 46 -0.41818 -3.34933e+01 | 47 -0.20534 -3.11454e+02 | 48 -0.29479  1.52306e+02
48 variables; iteration 60; function evaluation 82; phase 3
Function value 1.3250356e+02; maximum gradient component mag -1.3794e+02
Var    Value     Gradient |Var    Value     Gradient |Var    Value     Gradient
  1  0.01760  3.33349e+01 |  2 -0.06259  3.69678e-01 |  3 -0.08682  3.30796e+00
  4  0.01542  2.08361e+00 |  5 -0.02155  1.49754e+00 |  6  0.01673  7.15553e+00
  7 -0.04496  2.06890e+00 |  8 -0.10181  1.54896e+00 |  9 -0.07221  3.75762e+00
 10 -0.07998 -5.51722e-01 | 11  0.02587  3.09675e+00 | 12  0.02509  6.75796e-01
 13  0.07362  8.58953e+00 | 14  0.01602  3.32277e+00 | 15 -0.00758  2.15574e+00
 16  0.06457 -1.35541e+00 | 17  0.03693  4.13609e+00 | 18 -0.03431 -1.39118e+00
 19 -0.01046 -2.41771e+00 | 20 -0.02340 -1.96462e+00 | 21  0.04137 -1.67358e+00
 22  0.04706  2.55731e+00 | 23 -0.04146  7.65101e+00 | 24 -0.03086  1.59674e+01
 25 -0.10719  2.61754e+01 | 26  0.00111  1.01873e+02 | 27 -0.01883  8.01364e+00
 28 -0.01751 -7.90898e+00 | 29  0.05853 -3.70649e+01 | 30  0.00280 -1.15327e+01
 31  0.06065 -1.33533e+01 | 32 -0.01464  4.27506e+00 | 33  0.05133 -1.93552e+01
 34  0.00434 -9.84606e+00 | 35  0.05594 -2.36114e+01 | 36  0.02846 -3.24910e+01
 37 -0.00842 -3.60039e+01 | 38  0.02903 -1.14049e+01 | 39 -0.00503  5.57125e+00
 40  0.24721  2.65493e+00 | 41  0.25810 -6.06761e+00 | 42  0.27123 -1.51555e+01
 43 -0.29482 -1.37935e+02 | 44 -0.08711  4.78917e+01 | 45 -0.24893  7.37268e+00
 46 -0.41274 -6.15018e+00 | 47 -0.14995 -1.08566e+02 | 48 -0.24922  8.63888e+01
48 variables; iteration 80; function evaluation 158; phase 3
Function value 1.3100669e+02; maximum gradient component mag -1.2332e+04
Var    Value     Gradient |Var    Value     Gradient |Var    Value     Gradient
  1  0.01658  1.07236e+02 |  2 -0.06300 -6.40572e-02 |  3 -0.09600 -5.24934e-01
  4  0.01588 -6.51454e-01 |  5 -0.01925 -1.99766e+00 |  6  0.01907 -2.57326e+00
  7 -0.04459 -2.42799e+00 |  8 -0.10063 -2.42852e+00 |  9 -0.06996 -4.14425e+00
 10 -0.07927 -1.61291e+00 | 11  0.02515 -1.23425e+00 | 12  0.02817 -1.33779e-01
 13  0.07673  2.49850e+00 | 14  0.01400 -9.93205e-01 | 15 -0.01108 -1.52078e+00
 16  0.06652  1.35404e+00 | 17  0.03739  3.22584e+00 | 18 -0.03043  5.59231e+00
 19 -0.01041 -2.86883e+00 | 20 -0.02046 -2.26101e+00 | 21  0.03994 -2.08409e+00
 22  0.04591 -1.89811e+00 | 23 -0.04410 -1.20805e+00 | 24 -0.03216  5.07392e-01
 25 -0.11227  1.55017e-01 | 26 -0.00252  8.79410e+00 | 27 -0.01437 -5.62573e+00
 28 -0.02099 -3.72202e+00 | 29  0.05796 -6.64919e+00 | 30  0.00308 -6.41814e-01
 31  0.05893  2.27051e-01 | 32 -0.01853 -1.03260e+00 | 33  0.04511  3.87923e-01
 34  0.00024 -3.41873e-01 | 35  0.05431  3.50181e+00 | 36  0.02921  6.30995e+00
 37 -0.00585  1.09918e+01 | 38  0.03170  3.37274e+00 | 39  0.00269 -2.02281e-01
 40  0.24839 -9.37712e-01 | 41  0.26015 -8.38731e-01 | 42  0.28030  4.62914e+00
 43 -0.30870 -1.23325e+04 | 44 -0.12707  4.34077e+03 | 45 -0.24529  1.71299e+00
 46 -0.40893 -1.50687e+00 | 47 -0.12284  2.77660e+00 | 48 -0.23799 -4.92677e+00
48 variables; iteration 100; function evaluation 179; phase 3
Function value 1.3087709e+02; maximum gradient component mag -4.5745e+01
Var    Value     Gradient |Var    Value     Gradient |Var    Value     Gradient
  1  0.01649 -8.13753e-01 |  2 -0.06305  3.16128e-04 |  3 -0.09486  3.05950e-03
  4  0.01577  3.61388e-03 |  5 -0.01918  1.34608e-02 |  6  0.01934  1.50835e-02
  7 -0.04453  1.67008e-02 |  8 -0.10064  1.65564e-02 |  9 -0.06953  2.46068e-02
 10 -0.07901  1.21873e-02 | 11  0.02536  9.78905e-03 | 12  0.02813  3.99315e-03
 13  0.07718 -9.68538e-03 | 14  0.01380  9.44759e-03 | 15 -0.01086  1.32284e-02
 16  0.06643  2.75668e-03 | 17  0.03761 -1.05219e-03 | 18 -0.03063 -7.75141e-03
 19 -0.01016  2.11643e-02 | 20 -0.02017  1.86432e-02 | 21  0.03981  1.69235e-02
 22  0.04593  1.54701e-02 | 23 -0.04424  1.26796e-02 | 24 -0.03254  6.56180e-03
 25 -0.11220  7.00040e-03 | 26 -0.00208 -2.24712e-02 | 27 -0.01413 -3.59557e-02
 28 -0.02092 -3.71505e-03 | 29  0.05830 -6.77996e-02 | 30  0.00345 -2.55483e-02
 31  0.05877 -3.27929e-04 | 32 -0.01870  1.80405e-02 | 33  0.04440  1.95158e-03
 34 -0.00017  4.54304e-03 | 35  0.05392 -1.43101e-02 | 36  0.02866 -2.94966e-02
 37 -0.00821 -4.19358e-02 | 38  0.03195 -6.09515e-03 | 39  0.00411  7.54324e-03
 40  0.24854 -5.55022e-03 | 41  0.26030  1.26105e-01 | 42  0.28107 -3.60829e-02
 43 -0.30836 -4.57451e+01 | 44 -0.12614  1.61984e+01 | 45 -0.24495 -1.08660e-01
 46 -0.40859  1.57025e-02 | 47 -0.12116 -6.05175e-02 | 48 -0.23774  7.15141e-02
48 variables; iteration 120; function evaluation 203; phase 3
Function value 1.3086190e+02; maximum gradient component mag 9.2911e+02
Var    Value     Gradient |Var    Value     Gradient |Var    Value     Gradient
  1  0.01647 -2.42197e+01 |  2 -0.06307  8.98308e-03 |  3 -0.09488  1.89261e-02
  4  0.01587  2.54367e-01 |  5 -0.01916  4.67130e-01 |  6  0.01938  5.77792e-01
  7 -0.04449  4.24699e-01 |  8 -0.10060  3.69704e-01 |  9 -0.06950  2.65411e-01
 10 -0.07893  4.17583e-01 | 11  0.02532  9.55214e-02 | 12  0.02812 -1.36260e-01
 13  0.07724 -1.27665e+00 | 14  0.01381  1.70282e-01 | 15 -0.01084  2.13597e-01
 16  0.06645 -4.45258e-01 | 17  0.03762 -1.19965e+00 | 18 -0.03066 -1.65031e+00
 19 -0.01002  2.75238e-01 | 20 -0.02016  3.17959e-01 | 21  0.03966  2.82436e-01
 22  0.04584  2.77290e-01 | 23 -0.04460  4.33742e-01 | 24 -0.03286  3.97287e-01
 25 -0.11238  3.74390e-01 | 26 -0.00182  7.93911e-01 | 27 -0.01427 -1.29156e+00
 28 -0.02082 -1.51031e-01 | 29  0.05838 -1.43430e-01 | 30  0.00353  3.80183e-01
 31  0.05881  6.41257e-01 | 32 -0.01872  2.22053e-01 | 33  0.04450  1.73592e-01
 34 -0.00017  1.86784e-01 | 35  0.05396 -1.23344e-01 | 36  0.02872  1.63118e-01
 37 -0.00813  2.92582e-01 | 38  0.03201 -8.98138e-01 | 39  0.00402 -6.42519e-01
 40  0.24856  7.54850e-01 | 41  0.26239 -4.66656e+00 | 42  0.28108 -8.01046e-01
 43 -0.30828  9.29107e+02 | 44 -0.12590 -3.29283e+02 | 45 -0.20241 -1.08825e+00
 46 -0.36137  1.29561e+00 | 47 -0.12102 -1.05300e-01 | 48 -0.23761  9.11603e-01
48 variables; iteration 140; function evaluation 223; phase 3
Function value 1.3086019e+02; maximum gradient component mag -3.9516e-01
Var    Value     Gradient |Var    Value     Gradient |Var    Value     Gradient
  1  0.01646 -4.53508e-02 |  2 -0.06304 -2.23716e-06 |  3 -0.09485 -2.97012e-04
  4  0.01581  2.92606e-04 |  5 -0.01913  7.05386e-04 |  6  0.01940  6.84658e-04
  7 -0.04448  8.76563e-04 |  8 -0.10059  9.42538e-04 |  9 -0.06947  1.54869e-03
 10 -0.07898  6.33166e-04 | 11  0.02541  2.03405e-04 | 12  0.02818  2.54699e-04
 13  0.07726 -1.22171e-03 | 14  0.01379  3.99064e-04 | 15 -0.01086  3.07792e-04
 16  0.06645 -6.42484e-04 | 17  0.03767 -2.26893e-03 | 18 -0.03056 -3.17190e-03
 19 -0.01005  7.16739e-04 | 20 -0.02014 -4.33249e-05 | 21  0.03956  9.48972e-04
 22  0.04579  1.32379e-05 | 23 -0.04476  2.13796e-04 | 24 -0.03302 -1.24260e-04
 25 -0.11242 -2.92822e-06 | 26 -0.00183  1.26444e-03 | 27 -0.01418 -1.30371e-03
 28 -0.02079  1.49020e-04 | 29  0.05836 -1.49510e-03 | 30  0.00352  1.62681e-03
 31  0.05877  3.43665e-04 | 32 -0.01871 -1.99473e-04 | 33  0.04448 -1.32621e-04
 34 -0.00019  3.85454e-04 | 35  0.05395 -9.55313e-04 | 36  0.02872 -4.42390e-04
 37 -0.00815 -8.72806e-05 | 38  0.03204  8.71775e-04 | 39  0.00422 -3.25871e-04
 40  0.24857 -3.15515e-03 | 41  0.26311 -9.35506e-03 | 42  0.28110 -5.81613e-03
 43 -0.30824 -3.95163e-01 | 44 -0.12577  1.38756e-01 | 45 -0.19706  1.81896e-03
 46 -0.35634 -7.68691e-04 | 47 -0.12107 -3.49598e-05 | 48 -0.23770  1.88830e-03
48 variables; iteration 160; function evaluation 246; phase 3
Function value 1.3086015e+02; maximum gradient component mag 4.5971e+00
Var    Value     Gradient |Var    Value     Gradient |Var    Value     Gradient
  1  0.01646  2.30731e-01 |  2 -0.06304 -2.61403e-04 |  3 -0.09487 -4.55719e-03
  4  0.01580  9.83768e-04 |  5 -0.01913 -3.87388e-03 |  6  0.01940 -3.77786e-03
  7 -0.04449 -1.77236e-03 |  8 -0.10060 -1.33427e-04 |  9 -0.06947  8.45509e-03
 10 -0.07898 -3.74209e-03 | 11  0.02540 -6.47753e-03 | 12  0.02818 -1.16174e-03
 13  0.07726 -1.62854e-03 | 14  0.01379 -5.46099e-03 | 15 -0.01087 -8.89612e-03
 16  0.06645 -2.24623e-02 | 17  0.03766 -4.50704e-02 | 18 -0.03057 -5.74977e-02
 19 -0.01005 -3.11041e-03 | 20 -0.02014 -1.14287e-02 | 21  0.03956 -3.51373e-04
 22  0.04579 -1.14862e-02 | 23 -0.04476 -8.59101e-03 | 24 -0.03302 -1.02236e-02
 25 -0.11243 -6.17032e-03 | 26 -0.00182  4.00789e-02 | 27 -0.01419 -8.67658e-03
 28 -0.02079  6.78806e-03 | 29  0.05837  2.68825e-02 | 30  0.00353  7.49683e-02
 31  0.05878  1.85274e-02 | 32 -0.01871 -1.39037e-02 | 33  0.04448 -8.30842e-03
 34 -0.00019 -4.80459e-04 | 35  0.05395 -3.76822e-03 | 36  0.02872  1.58791e-02
 37 -0.00815  3.37126e-02 | 38  0.03204  3.39940e-02 | 39  0.00422 -3.48284e-03
 40  0.24857 -4.33705e-02 | 41  0.26310 -1.12453e-01 | 42  0.28110 -7.12197e-02
 43 -0.29545  4.59708e+00 | 44 -0.08968 -1.62846e+00 | 45 -0.19707  1.59657e-02
 46 -0.35635 -3.49776e-03 | 47 -0.12107  1.97437e-02 | 48 -0.23770 -7.44099e-04
48 variables; iteration 180; function evaluation 267; phase 3
Function value 1.3086012e+02; maximum gradient component mag 2.1529e+00
Var    Value     Gradient |Var    Value     Gradient |Var    Value     Gradient
  1  0.01646 -2.12954e-03 |  2 -0.06304 -1.90182e-04 |  3 -0.09486 -1.77077e-03
  4  0.01580 -2.66486e-03 |  5 -0.01913 -1.08631e-03 |  6  0.01940 -3.66520e-03
  7 -0.04449 -9.67376e-04 |  8 -0.10060 -4.51001e-05 |  9 -0.06947  1.24987e-03
 10 -0.07898 -1.65424e-03 | 11  0.02541  6.75436e-04 | 12  0.02818  3.31924e-03
 13  0.07726  8.87143e-03 | 14  0.01379 -3.42932e-04 | 15 -0.01087  2.75418e-04
 16  0.06645  5.17720e-03 | 17  0.03766  9.09038e-03 | 18 -0.03056  1.06728e-02
 19 -0.01005 -3.13452e-03 | 20 -0.02014 -3.99840e-03 | 21  0.03956 -1.45825e-03
 22  0.04579 -1.39778e-03 | 23 -0.04476 -3.15454e-03 | 24 -0.03302 -5.72361e-03
 25 -0.11242 -6.78500e-03 | 26 -0.00183 -3.13546e-02 | 27 -0.01418  2.71988e-02
 28 -0.02079  2.73377e-03 | 29  0.05837 -4.99090e-03 | 30  0.00352 -6.25149e-03
 31  0.05877 -5.39732e-03 | 32 -0.01871 -4.02052e-04 | 33  0.04448 -2.17155e-03
 34 -0.00019 -2.33536e-03 | 35  0.05395 -1.80555e-04 | 36  0.02872 -3.35631e-03
 37 -0.00815 -4.24237e-03 | 38  0.03204  8.67006e-03 | 39  0.00422  1.04977e-02
 40  0.24857 -2.09113e-02 | 41  0.26311  2.54066e-02 | 42  0.28110  1.84712e-03
 43 -0.28448  2.15288e+00 | 44 -0.05864 -7.60863e-01 | 45 -0.19707 -2.35010e-02
 46 -0.35635  1.99638e-02 | 47 -0.12107  1.08405e-02 | 48 -0.23771 -2.31711e-02

 - final statistics:
48 variables; iteration 194; function evaluation 285
Function value 1.3086e+02; maximum gradient component mag 3.9776e-06
Exit code = 1;  converg criter 1.0000e-04
Var    Value     Gradient |Var    Value     Gradient |Var    Value     Gradient
  1  0.01646 -2.65674e-06 |  2 -0.06304  4.25025e-09 |  3 -0.09485 -1.82429e-08
  4  0.01581  1.56321e-08 |  5 -0.01913  1.01861e-07 |  6  0.01940  1.19490e-07
  7 -0.04448 -3.89816e-08 |  8 -0.10060 -7.52797e-08 |  9 -0.06947  3.02738e-08
 10 -0.07898  6.39918e-08 | 11  0.02541  2.17496e-08 | 12  0.02818 -6.83592e-09
 13  0.07726 -1.79543e-07 | 14  0.01379  1.85595e-08 | 15 -0.01086  7.79423e-08
 16  0.06645  6.32480e-08 | 17  0.03767  8.54429e-08 | 18 -0.03056  1.48013e-07
 19 -0.01005  1.51361e-07 | 20 -0.02014  1.65410e-07 | 21  0.03956  8.82015e-08
 22  0.04579  2.09593e-08 | 23 -0.04476  1.06921e-08 | 24 -0.03302  1.11860e-08
 25 -0.11242  4.77232e-08 | 26 -0.00183 -1.23529e-07 | 27 -0.01418 -1.32483e-07
 28 -0.02079  7.56155e-09 | 29  0.05836 -1.31029e-07 | 30  0.00352 -3.61517e-07
 31  0.05877  1.34007e-07 | 32 -0.01871  1.08952e-07 | 33  0.04448 -2.59462e-08
 34 -0.00019 -3.42283e-08 | 35  0.05395 -1.31072e-09 | 36  0.02872  1.17437e-07
 37 -0.00815 -1.81440e-07 | 38  0.03204 -2.21285e-07 | 39  0.00422 -6.05027e-08
 40  0.24857  1.86357e-07 | 41  0.26311  9.24689e-08 | 42  0.28110  8.91833e-08
 43 -0.27844  3.97761e-06 | 44 -0.04153 -1.40060e-06 | 45 -0.19706  6.46038e-08
 46 -0.35634 -7.33298e-08 | 47 -0.12107 -6.52460e-08 | 48 -0.23770  3.77447e-08
Estimating row 1 out of 48 for hessian
Estimating row 2 out of 48 for hessian
Estimating row 3 out of 48 for hessian
Estimating row 4 out of 48 for hessian
Estimating row 5 out of 48 for hessian
Estimating row 6 out of 48 for hessian
Estimating row 7 out of 48 for hessian
Estimating row 8 out of 48 for hessian
Estimating row 9 out of 48 for hessian
Estimating row 10 out of 48 for hessian
Estimating row 11 out of 48 for hessian
Estimating row 12 out of 48 for hessian
Estimating row 13 out of 48 for hessian
Estimating row 14 out of 48 for hessian
Estimating row 15 out of 48 for hessian
Estimating row 16 out of 48 for hessian
Estimating row 17 out of 48 for hessian
Estimating row 18 out of 48 for hessian
Estimating row 19 out of 48 for hessian
Estimating row 20 out of 48 for hessian
Estimating row 21 out of 48 for hessian
Estimating row 22 out of 48 for hessian
Estimating row 23 out of 48 for hessian
Estimating row 24 out of 48 for hessian
Estimating row 25 out of 48 for hessian
Estimating row 26 out of 48 for hessian
Estimating row 27 out of 48 for hessian
Estimating row 28 out of 48 for hessian
Estimating row 29 out of 48 for hessian
Estimating row 30 out of 48 for hessian
Estimating row 31 out of 48 for hessian
Estimating row 32 out of 48 for hessian
Estimating row 33 out of 48 for hessian
Estimating row 34 out of 48 for hessian
Estimating row 35 out of 48 for hessian
Estimating row 36 out of 48 for hessian
Estimating row 37 out of 48 for hessian
Estimating row 38 out of 48 for hessian
Estimating row 39 out of 48 for hessian
Estimating row 40 out of 48 for hessian
Estimating row 41 out of 48 for hessian
Estimating row 42 out of 48 for hessian
Estimating row 43 out of 48 for hessian
Estimating row 44 out of 48 for hessian
Estimating row 45 out of 48 for hessian
Estimating row 46 out of 48 for hessian
Estimating row 47 out of 48 for hessian
Estimating row 48 out of 48 for hessian
size of file gradfil1.tmp = 0
size of file gradfil2.tmp = 0
size of file varssave.tmp = 0
size of file cmpdiff.tmp = 0
