
Initial statistics: 3 variables; iteration 0; function evaluation 0; phase 1
Function value 3.4793673e+03; maximum gradient component mag 1.8882e+04
Var    Value     Gradient |Var    Value     Gradient |Var    Value     Gradient
  1  0.33333  1.88818e+04 |  2  0.21635  8.59801e+03 |  3 -0.59033 -1.40934e+03

Intermediate statistics: 3 variables; iteration 20; function evaluation 27; phase 1
Function value 5.5639935e+02; maximum gradient component mag -3.5480e+01
Var    Value     Gradient |Var    Value     Gradient |Var    Value     Gradient
  1  0.07756 -3.54801e+01 |  2  0.19806 -9.33976e+00 |  3 -1.75100 -1.44893e-01

 - final statistics:
3 variables; iteration 22; function evaluation 29
Function value 5.5639e+02; maximum gradient component mag -1.4573e+00
Exit code = 1;  converg criter 1.0000e+01
Var    Value     Gradient |Var    Value     Gradient |Var    Value     Gradient
  1  0.07776 -1.45729e+00 |  2  0.19827 -2.81288e-01 |  3 -1.74380  3.68804e-02

Initial statistics: 49 variables; iteration 0; function evaluation 0; phase 2
Function value 5.5639416e+02; maximum gradient component mag -3.9656e+03
Var    Value     Gradient |Var    Value     Gradient |Var    Value     Gradient
  1  0.07776 -1.45729e+00 |  2  0.00000  1.21248e+01 |  3  0.00000  2.74702e+01
  4  0.00000 -6.62074e+01 |  5  0.00000  2.81200e+01 |  6  0.00000 -4.36364e+01
  7  0.00000 -1.79623e+01 |  8  0.00000  3.38364e+01 |  9  0.00000  4.91202e+00
 10  0.00000  1.10451e+01 | 11  0.00000 -4.30670e+01 | 12  0.00000  7.93911e+00
 13  0.00000 -2.36581e+01 | 14  0.00000  5.99334e+00 | 15  0.00000  4.96818e+00
 16  0.00000 -4.07911e+01 | 17  0.00000  1.27881e+01 | 18  0.00000  7.54402e+01
 19  0.00000  1.60313e+01 | 20  0.00000  4.65052e+01 | 21  0.00000 -6.46847e+01
 22  0.00000 -8.28885e+01 | 23  0.00000  8.41971e+01 | 24  0.00000  7.46929e-01
 25  0.00000  1.67545e+02 | 26  0.00000  6.79304e+01 | 27  0.00000  1.52182e+01
 28  0.00000  1.97455e+01 | 29  0.00000 -2.43238e+02 | 30  0.00000  3.58355e+02
 31  0.00000 -5.96086e+02 | 32  0.00000  3.94910e+02 | 33  0.00000 -7.56424e+02
 34  0.00000  3.14277e+02 | 35  0.00000 -2.68797e+02 | 36  0.00000  9.64696e+01
 37  0.00000  3.78628e+02 | 38  0.00000 -1.00364e+02 | 39  0.00000  1.35995e+02
 40  0.21635  6.78172e+02 | 41 -0.59033 -2.51262e+01 | 42  0.21635  2.07184e+03
 43 -0.59033 -7.99826e+01 | 44  0.21635 -4.41327e+02 | 45  0.19827 -2.81288e-01
 46 -0.25620 -3.68804e-02 | 47 -0.30909 -2.25328e+03 | 48  0.12819  1.06344e+01
 49 -0.30909 -3.96557e+03 |

Intermediate statistics: 49 variables; iteration 20; function evaluation 32; phase 2
Function value 2.0049398e+02; maximum gradient component mag -1.2747e+03
Var    Value     Gradient |Var    Value     Gradient |Var    Value     Gradient
  1  0.03240 -1.27467e+03 |  2 -0.07491 -1.56166e+00 |  3 -0.10684 -8.94516e-01
  4 -0.00727 -1.20965e+01 |  5 -0.02940  4.78402e+01 |  6 -0.00723  1.68529e+01
  7 -0.05401  2.24461e+01 |  8 -0.09021  3.82550e+01 |  9 -0.06536  2.73712e+01
 10 -0.05752  3.54691e+01 | 11  0.00566  9.80043e+00 | 12  0.00999  2.69700e+01
 13  0.03669 -2.10636e+00 | 14  0.00844  1.69581e+01 | 15 -0.00162  3.11106e+01
 16  0.03983 -2.03976e+01 | 17  0.01275  9.19934e+00 | 18 -0.02145  7.07045e+01
 19 -0.01053  2.61882e+01 | 20 -0.00820  5.22789e+01 | 21  0.02101 -5.06003e+01
 22  0.02946 -5.36551e+01 | 23 -0.02153  5.92235e+01 | 24 -0.01393  5.93133e+00
 25 -0.04469  1.16060e+02 | 26 -0.02008  5.79927e+01 | 27 -0.01980  1.26173e+01
 28  0.02547  2.55027e+01 | 29  0.01938 -2.00580e+02 | 30 -0.01684 -3.74284e+01
 31  0.07690  2.16675e+02 | 32  0.00577  2.84427e+01 | 33  0.06794 -8.05622e+00
 34 -0.01144 -1.54690e+02 | 35  0.04460 -6.26456e+01 | 36  0.00142 -2.15441e+02
 37 -0.01727  4.67486e+01 | 38  0.04113  5.90772e+01 | 39  0.07524  1.15283e+02
 40  0.22900 -1.17025e+03 | 41 -0.62126 -2.36276e+01 | 42  0.22491  4.78226e+02
 43 -0.40830 -2.86903e+01 | 44  0.25119 -2.94439e+02 | 45  0.23723 -1.26239e+01
 46 -0.29004 -9.97745e-01 | 47 -0.23209  4.89704e+01 | 48  0.12247 -1.26272e+01
 49 -0.25871 -1.08935e+03 |
49 variables; iteration 40; function evaluation 59; phase 2
Function value 1.8013515e+02; maximum gradient component mag 9.2828e+02
Var    Value     Gradient |Var    Value     Gradient |Var    Value     Gradient
  1  0.02474  3.22801e+02 |  2 -0.05126  3.42510e+00 |  3 -0.10020 -1.24635e+00
  4  0.02543  1.67666e+01 |  5 -0.02244  7.95285e+00 |  6 -0.00834 -5.09788e+01
  7 -0.03961  2.08578e+01 |  8 -0.09677  5.71224e+00 |  9 -0.07259 -6.00218e+00
 10 -0.06856  2.69190e+00 | 11  0.03604  1.83093e+01 | 12  0.03153  2.15894e+01
 13  0.05800  1.93892e+01 | 14  0.00038  8.73767e+00 | 15 -0.02845 -6.42448e+00
 16  0.06839  4.96698e+01 | 17  0.02812  3.82362e+01 | 18 -0.04432  1.53399e+01
 19  0.00204  3.95554e+01 | 20 -0.03436 -1.44983e+01 | 21  0.04490  2.76579e+01
 22  0.05353  9.89814e+00 | 23 -0.06468 -2.37497e+00 | 24 -0.02601  5.55198e+00
 25 -0.11099  1.37183e+01 | 26 -0.00133  7.35468e+01 | 27 -0.02897 -1.98816e+01
 28  0.00615  2.47855e+00 | 29  0.04714  9.57459e+00 | 30 -0.00249  3.94912e+01
 31  0.07811  2.54586e+02 | 32 -0.00092 -4.42567e+01 | 33  0.07667  8.30268e+01
 34 -0.00034 -1.15316e+02 | 35  0.05359 -3.03849e+01 | 36  0.01262 -1.84362e+02
 37 -0.01849 -6.65633e+01 | 38  0.03555  3.62776e+01 | 39  0.04585  6.80614e+01
 40  0.24648  9.28276e+02 | 41 -1.28777  1.55841e+01 | 42  0.22971  3.35474e+02
 43 -0.25277 -1.20930e+01 | 44  0.25986 -2.68610e+02 | 45  0.24222 -7.35223e+01
 46 -0.34370 -1.26680e+00 | 47 -0.23290 -7.98943e+01 | 48  0.11076  3.21479e+01
 49 -0.25333 -2.83216e+02 |
49 variables; iteration 60; function evaluation 84; phase 2
Function value 1.6300783e+02; maximum gradient component mag 1.4220e+02
Var    Value     Gradient |Var    Value     Gradient |Var    Value     Gradient
  1  0.02060  5.34771e+01 |  2 -0.06468  2.56626e-01 |  3 -0.09743  4.79483e-01
  4  0.01028  6.47529e-01 |  5 -0.02700  6.08046e-01 |  6  0.01113  5.86801e+00
  7 -0.04459  3.08875e+00 |  8 -0.09869 -2.85706e-01 |  9 -0.06595  6.19859e-01
 10 -0.07068 -8.25157e-01 | 11  0.02614  1.06489e+00 | 12  0.02393  1.44975e+00
 13  0.07010  9.78467e+00 | 14  0.01062  5.50602e+00 | 15 -0.00776  2.52787e-01
 16  0.06781  8.07254e+00 | 17  0.02660  1.42926e+01 | 18 -0.04710  1.47698e+01
 19 -0.01185  1.91177e+00 | 20 -0.02424 -2.12786e-01 | 21  0.04166  8.02709e+00
 22  0.05337  1.50009e+00 | 23 -0.06219 -8.21125e-01 | 24 -0.01440 -4.81798e+00
 25 -0.10507 -6.92707e+00 | 26 -0.02153 -2.06346e+01 | 27 -0.01062 -2.21630e+00
 28  0.01789 -3.18042e+00 | 29  0.04761 -2.27813e+00 | 30 -0.00166 -5.91567e-02
 31  0.06325  8.22288e+00 | 32  0.00226 -2.45597e+00 | 33  0.07115  6.30508e+00
 34  0.01142  2.27768e+00 | 35  0.05734  5.13584e+00 | 36  0.02745  5.89074e-01
 37 -0.01131 -9.18330e+00 | 38  0.02241 -1.54627e+01 | 39 -0.02801 -2.88167e+01
 40  0.24481  9.12282e+01 | 41 -1.53792  2.76810e-01 | 42  0.22523 -1.96770e+01
 43 -0.06380  8.28788e-01 | 44  0.27093 -4.15906e+00 | 45  0.25180  4.43281e+00
 46 -0.35929  4.05515e-02 | 47 -0.24135  1.42196e+02 | 48  0.07109 -4.47230e+01
 49 -0.24859  6.13515e+01 |
Maximum number of function evaluations exceeded

 - final statistics:
49 variables; iteration 77; function evaluation 100
Function value 1.6276e+02; maximum gradient component mag -1.2367e+01
Exit code = 3;  converg criter 1.0000e+01
Var    Value     Gradient |Var    Value     Gradient |Var    Value     Gradient
  1  0.02045 -9.68602e+00 |  2 -0.06477  1.62999e-03 |  3 -0.09753 -2.09478e-04
  4  0.01129 -6.92630e-02 |  5 -0.02654 -1.14538e-01 |  6  0.01051  1.55740e-01
  7 -0.04637  8.31661e-02 |  8 -0.09924  1.86981e-01 |  9 -0.06659  1.53529e-01
 10 -0.07133  1.70417e-01 | 11  0.02554  7.65942e-02 | 12  0.02455  2.62006e-01
 13  0.06976  6.92526e-01 | 14  0.00978  2.31232e-01 | 15 -0.00679  1.07895e-01
 16  0.06844  1.91136e-01 | 17  0.02620  7.46051e-02 | 18 -0.04764  2.66963e-01
 19 -0.01183  6.96615e-02 | 20 -0.02397 -1.77809e-01 | 21  0.03928  4.39254e-01
 22  0.05324  3.53997e-01 | 23 -0.06195  9.19229e-02 | 24 -0.01311 -9.43580e-02
 25 -0.10314 -2.80613e-01 | 26 -0.02178 -1.13525e+00 | 27 -0.01133  1.14424e+00
 28  0.01858  1.33655e-01 | 29  0.04754  2.24097e-01 | 30 -0.00162 -2.95643e-01
 31  0.06285 -5.06206e-02 | 32  0.00255  2.21810e-02 | 33  0.07012  3.82179e-01
 34  0.01086  1.31050e-01 | 35  0.05701  1.98484e-01 | 36  0.02744 -4.29669e-01
 37 -0.01107 -1.05416e+00 | 38  0.02240 -3.08600e+00 | 39 -0.02292  8.51892e-01
 40  0.24415  5.85342e+00 | 41 -1.54279  6.46235e-02 | 42  0.22613  1.73927e+00
 43 -0.08624 -3.69071e-02 | 44  0.27121 -1.37150e-01 | 45  0.25191 -6.31659e-01
 46 -0.36090 -1.12804e-02 | 47 -0.26271 -1.23674e+01 | 48  0.00845  4.27691e+00
 49 -0.24836  8.01135e-01 |

Initial statistics: 52 variables; iteration 0; function evaluation 0; phase 3
Function value 1.6276157e+02; maximum gradient component mag -1.0048e+03
Var    Value     Gradient |Var    Value     Gradient |Var    Value     Gradient
  1  0.02045 -9.68602e+00 |  2 -0.06477  1.62999e-03 |  3 -0.09753 -2.09478e-04
  4  0.01129 -6.92630e-02 |  5 -0.02654 -1.14177e-01 |  6  0.01051  1.56102e-01
  7 -0.04637  8.35269e-02 |  8 -0.09924  1.87338e-01 |  9 -0.06659  1.53889e-01
 10 -0.07133  1.70776e-01 | 11  0.02554  7.69557e-02 | 12  0.02455  2.62368e-01
 13  0.06976  6.92885e-01 | 14  0.00978  2.31593e-01 | 15 -0.00679  1.08257e-01
 16  0.06844  1.91496e-01 | 17  0.02620  7.49666e-02 | 18 -0.04764  2.67324e-01
 19 -0.01183  7.00232e-02 | 20 -0.02397 -1.77448e-01 | 21  0.03928  4.39615e-01
 22  0.05324  3.54358e-01 | 23 -0.06195  9.22830e-02 | 24 -0.01311 -9.39963e-02
 25 -0.10314 -2.80256e-01 | 26 -0.02178 -1.13489e+00 | 27 -0.01133  1.14460e+00
 28  0.01858  1.34016e-01 | 29  0.04754  2.24458e-01 | 30 -0.00162 -2.95281e-01
 31  0.06285 -5.02605e-02 | 32  0.00255  2.25428e-02 | 33  0.07012  3.82538e-01
 34  0.01086  1.31412e-01 | 35  0.05701  1.98844e-01 | 36  0.02744 -4.29308e-01
 37 -0.01107 -1.05379e+00 | 38  0.02240 -3.08564e+00 | 39 -0.02292  8.52254e-01
 40  0.24415  5.85342e+00 | 41 -0.45721 -6.46235e-02 | 42  0.22613  1.73927e+00
 43 -0.08624 -3.69071e-02 | 44  0.27121 -1.37150e-01 | 45  0.25191 -6.31659e-01
 46 -0.36090 -1.12804e-02 | 47 -0.26271 -1.23674e+01 | 48  0.00845  4.27691e+00
 49 -0.30909 -1.00484e+03 | 50 -0.43452  2.79132e-04 | 51 -0.24836  8.01135e-01
 52 -0.36199 -2.08843e+01 |

Intermediate statistics: 52 variables; iteration 20; function evaluation 27; phase 3
Function value 1.3030890e+02; maximum gradient component mag -1.0790e+03
Var    Value     Gradient |Var    Value     Gradient |Var    Value     Gradient
  1  0.01850 -1.07896e+03 |  2 -0.06431 -8.80608e-02 |  3 -0.09667 -1.36158e-01
  4  0.01350  1.28127e-01 |  5 -0.02257  1.46005e+01 |  6  0.01456  8.63015e+00
  7 -0.04485  1.67805e+01 |  8 -0.09905  1.60038e+01 |  9 -0.06662  1.60840e+01
 10 -0.07341  1.44368e+01 | 11  0.02571  6.38508e+00 | 12  0.02502 -8.76332e+00
 13  0.06973 -6.69145e+01 | 14  0.00944  1.21622e+00 | 15 -0.00681  1.56034e+01
 16  0.07080  8.58040e+00 | 17  0.03018  3.23528e+00 | 18 -0.04325  1.07385e+00
 19 -0.01877  1.97536e+01 | 20 -0.01968  5.70828e+01 | 21  0.02077 -9.56423e+00
 22  0.03652 -1.00595e+01 | 23 -0.05211  1.72023e+01 | 24 -0.03742 -1.36841e+01
 25 -0.10289  6.94405e+00 | 26 -0.00867 -9.68089e+00 | 27 -0.01317 -8.07084e+00
 28  0.00232 -4.74510e+01 | 29  0.05529 -1.02236e+02 | 30  0.00104 -2.46253e+01
 31  0.06260 -3.21071e+01 | 32 -0.00176  2.51264e+01 | 33  0.06893 -4.48325e+01
 34  0.01269  1.24634e+01 | 35  0.05944 -1.64130e+01 | 36  0.03241  1.18730e+00
 37 -0.00624  2.29934e+01 | 38  0.02841  7.56183e+01 | 39 -0.00886  4.31706e+01
 40  0.24675  3.31187e+01 | 41 -0.45763  1.70362e-01 | 42  0.24992 -1.75210e+02
 43 -0.14046  8.56321e+00 | 44  0.27251 -3.61352e+01 | 45  0.25632  3.23474e+01
 46 -0.36072  2.56930e-01 | 47 -0.25614  3.29962e+02 | 48  0.02373 -1.13613e+02
 49 -0.26527  1.96056e+01 | 50 -0.42685 -1.46158e+01 | 51 -0.21665 -5.96346e+02
 52 -0.30728  3.49858e+02 |
52 variables; iteration 40; function evaluation 51; phase 3
Function value 1.2718765e+02; maximum gradient component mag -1.1358e+03
Var    Value     Gradient |Var    Value     Gradient |Var    Value     Gradient
  1  0.01875 -1.13584e+03 |  2 -0.06503 -9.09169e-01 |  3 -0.09865 -1.91919e+00
  4  0.01095 -9.94207e+00 |  5 -0.01981  1.16566e+01 |  6  0.01259 -2.66512e+01
  7 -0.04577  2.15651e+01 |  8 -0.10095  1.95805e+01 |  9 -0.06743  2.26748e+01
 10 -0.07772  1.75626e+01 | 11  0.02237  1.32236e+01 | 12  0.02848  1.32561e+01
 13  0.07035 -1.87316e+01 | 14  0.00782  9.84857e+00 | 15 -0.00727  2.19541e+01
 16  0.06977  1.96689e+01 | 17  0.03063  2.21216e+01 | 18 -0.04251  2.12670e+01
 19 -0.02082 -4.19316e+00 | 20 -0.02020  2.45456e+01 | 21  0.02845  1.04054e+01
 22  0.04199  2.15059e+01 | 23 -0.05386  2.49262e+01 | 24 -0.03707  1.64531e+00
 25 -0.10125  2.55424e+01 | 26 -0.00884  2.62165e+01 | 27 -0.01268  1.34669e+01
 28  0.00111 -2.29493e+01 | 29  0.05431 -9.13230e+01 | 30  0.00057 -1.05195e+01
 31  0.06164 -1.52889e+00 | 32 -0.00652  1.26764e+01 | 33  0.06867 -2.45354e+01
 34  0.01352  2.94608e+01 | 35  0.05925 -1.81533e+01 | 36  0.02969 -5.76978e+01
 37 -0.00669 -1.32953e+01 | 38  0.03096  1.88566e+00 | 39  0.00084  2.95689e+01
 40  0.24634  1.56283e+01 | 41 -0.47919 -4.17050e-01 | 42  0.25663  8.87850e+01
 43 -0.44938  4.07667e+00 | 44  0.27285 -5.30813e+00 | 45  0.25647  3.18186e+01
 46 -0.35172  3.29003e-01 | 47 -0.23876  2.85862e+02 | 48  0.07419 -9.42395e+01
 49 -0.26136 -1.04898e+02 | 50 -0.42223  7.94615e+01 | 51 -0.21571 -5.30317e+02
 52 -0.30713  3.02305e+02 |
52 variables; iteration 60; function evaluation 75; phase 3
Function value 1.2151075e+02; maximum gradient component mag 9.1837e+02
Var    Value     Gradient |Var    Value     Gradient |Var    Value     Gradient
  1  0.01803  9.18371e+02 |  2 -0.06255  6.32455e-01 |  3 -0.09410  1.22355e+00
  4  0.01508  4.08616e+00 |  5 -0.02149  3.18698e+00 |  6  0.01835  3.14593e+01
  7 -0.04231 -8.52692e+00 |  8 -0.09569 -8.23201e+00 |  9 -0.06200 -5.80205e+00
 10 -0.06902 -7.40517e+00 | 11  0.02747 -7.26170e+00 | 12  0.02660 -6.04304e+00
 13  0.07130 -2.26697e+00 | 14  0.01056 -1.02499e+01 | 15 -0.00763 -7.73243e+00
 16  0.07112 -3.31138e+00 | 17  0.03226  4.75377e-01 | 18 -0.04119  1.68939e+00
 19 -0.01322  5.66667e+00 | 20 -0.01986  3.61731e+01 | 21  0.03419 -1.22284e+01
 22  0.03818 -1.23773e+01 | 23 -0.05683 -6.79505e+00 | 24 -0.02988 -4.18430e+00
 25 -0.10334  2.16689e+00 | 26 -0.00804  3.64462e+01 | 27 -0.01490  8.83368e+00
 28 -0.00974  3.71724e+00 | 29  0.05457  8.24012e+01 | 30 -0.00066  4.13863e+01
 31  0.05649  2.58907e+01 | 32 -0.01240 -1.28855e+01 | 33  0.05389  2.58527e+01
 34  0.00178  3.18467e+00 | 35  0.05475  4.07049e+01 | 36  0.02951  4.45867e+01
 37 -0.00816  4.55124e+00 | 38  0.02657 -9.96538e+01 | 39  0.01371  7.73516e+00
 40  0.24772  1.09929e+01 | 41 -0.48869 -5.28042e-01 | 42  0.25827 -1.03394e+01
 43 -0.62211  8.17183e-01 | 44  0.27445 -1.07651e+01 | 45  0.26913 -9.69233e-01
 46 -0.36621  6.27576e-02 | 47 -0.24508 -5.89811e+02 | 48  0.06255  1.96620e+02
 49 -0.25820  9.82969e+00 | 50 -0.42261 -7.97836e+00 | 51 -0.16333  1.20721e+02
 52 -0.26600 -2.12479e+02 |
52 variables; iteration 80; function evaluation 97; phase 3
Function value 1.1870550e+02; maximum gradient component mag -1.4373e+01
Var    Value     Gradient |Var    Value     Gradient |Var    Value     Gradient
  1  0.01694 -1.43734e+01 |  2 -0.06330 -1.13947e-02 |  3 -0.09520 -1.74217e-03
  4  0.01527  2.08221e-02 |  5 -0.02001  1.73826e-01 |  6  0.01839  1.99354e-01
  7 -0.04328  2.02653e-01 |  8 -0.09765  2.25818e-01 |  9 -0.06488  4.37190e-01
 10 -0.07363  9.02080e-02 | 11  0.02699  1.11551e-01 | 12  0.02794  1.73458e-01
 13  0.07558  2.03829e-01 | 14  0.01164  1.41013e-01 | 15 -0.00681  1.33674e-01
 16  0.07240  1.93830e-01 | 17  0.03364  2.35561e-01 | 18 -0.03868  2.34339e-01
 19 -0.01128 -1.55151e-02 | 20 -0.02042 -1.10285e-01 | 21  0.03503  1.32129e-01
 22  0.03938  1.94000e-01 | 23 -0.05752  1.43002e-01 | 24 -0.02918  1.17239e-01
 25 -0.10368  1.47351e-01 | 26 -0.00376  2.52944e-01 | 27 -0.01464 -3.73347e-01
 28 -0.01163 -2.22392e-01 | 29  0.05497 -7.87854e-01 | 30  0.00161  6.50361e-01
 31  0.05632  5.47316e-01 | 32 -0.01691  3.20394e-01 | 33  0.04806  2.37729e-01
 34 -0.00145  8.11760e-02 | 35  0.05352 -4.60734e-01 | 36  0.03008 -1.58215e+00
 37 -0.00513 -2.43778e+00 | 38  0.03064 -2.36697e+00 | 39  0.00368 -4.08720e-01
 40  0.24845 -1.45914e-01 | 41 -0.48692  1.02619e-02 | 42  0.25973  2.47803e-01
 43 -0.65395 -3.06266e-03 | 44  0.27580  2.20697e-01 | 45  0.27846 -1.65607e-01
 46 -0.38825  5.39833e-03 | 47 -0.26019  2.17777e+00 | 48  0.01119 -5.90787e-01
 49 -0.25606  2.74772e-01 | 50 -0.42021 -2.38854e-01 | 51 -0.12936 -4.77337e-01
 52 -0.24176  4.79152e-01 |
52 variables; iteration 100; function evaluation 117; phase 3
Function value 1.1870330e+02; maximum gradient component mag -1.8880e-01
Var    Value     Gradient |Var    Value     Gradient |Var    Value     Gradient
  1  0.01693  1.44529e-01 |  2 -0.06325 -1.12896e-04 |  3 -0.09518 -2.13303e-04
  4  0.01526 -7.96613e-04 |  5 -0.02002 -2.90181e-03 |  6  0.01839 -3.30085e-03
  7 -0.04330 -3.61461e-03 |  8 -0.09768 -4.03162e-03 |  9 -0.06493 -6.05245e-03
 10 -0.07368 -2.39963e-03 | 11  0.02698 -1.57073e-03 | 12  0.02792 -3.96189e-05
 13  0.07561  5.65320e-03 | 14  0.01164 -1.49906e-03 | 15 -0.00682 -2.05762e-03
 16  0.07241  1.94527e-04 | 17  0.03365  1.64799e-03 | 18 -0.03868  2.44353e-03
 19 -0.01127 -3.51769e-03 | 20 -0.02040 -2.59602e-03 | 21  0.03502 -2.61691e-03
 22  0.03938 -2.48048e-03 | 23 -0.05753 -1.83788e-03 | 24 -0.02916 -7.79108e-04
 25 -0.10368  1.38539e-04 | 26 -0.00375  1.06990e-02 | 27 -0.01461 -7.78432e-04
 28 -0.01161 -8.90482e-04 | 29  0.05500  9.59621e-03 | 30  0.00163  1.16783e-02
 31  0.05632  7.45849e-03 | 32 -0.01693 -2.23613e-03 | 33  0.04801 -1.08550e-03
 34 -0.00148 -1.45283e-03 | 35  0.05351 -2.65866e-03 | 36  0.03011 -8.53027e-03
 37 -0.00509 -5.11234e-03 | 38  0.03069  4.70088e-03 | 39  0.00380 -5.04688e-03
 40  0.24846 -2.37105e-03 | 41 -0.48703  1.19175e-04 | 42  0.25974  1.54959e-02
 43 -0.65352 -2.85250e-05 | 44  0.27580  5.59073e-03 | 45  0.27850 -2.99059e-03
 46 -0.38840 -2.57266e-05 | 47 -0.27813 -1.88798e-01 | 48 -0.04024  6.61458e-02
 49 -0.25617 -1.37170e-02 | 50 -0.42033 -2.81886e-03 | 51 -0.12925  6.93836e-03
 52 -0.24174 -5.26706e-03 |
52 variables; iteration 120; function evaluation 158; phase 3
Function value 1.1870236e+02; maximum gradient component mag -3.8728e+02
Var    Value     Gradient |Var    Value     Gradient |Var    Value     Gradient
  1  0.01693 -2.27993e+00 |  2 -0.06323 -2.11823e-03 |  3 -0.09515 -5.24246e-03
  4  0.01528 -4.93544e-02 |  5 -0.02001 -5.55078e-02 |  6  0.01839 -9.94307e-02
  7 -0.04329 -6.59897e-02 |  8 -0.09768 -8.42410e-02 |  9 -0.06495 -1.85452e-01
 10 -0.07369 -6.51894e-03 | 11  0.02699  5.35979e-02 | 12  0.02792  1.45510e-01
 13  0.07561  5.31914e-01 | 14  0.01167  6.85195e-02 | 15 -0.00679 -5.89054e-03
 16  0.07242  4.63993e-02 | 17  0.03366  8.54545e-02 | 18 -0.03867  1.02932e-01
 19 -0.01126 -4.06758e-01 | 20 -0.02041 -2.11704e-01 | 21  0.03504 -3.10884e-01
 22  0.03938 -2.26038e-01 | 23 -0.05755 -1.88492e-02 | 24 -0.02916 -1.32885e-01
 25 -0.10368  2.77747e-05 | 26 -0.00375  5.73976e-01 | 27 -0.01460 -4.42642e-03
 28 -0.01160 -2.61474e-01 | 29  0.05499  5.77658e-02 | 30  0.00161  1.91344e-01
 31  0.05631 -1.98737e-01 | 32 -0.01694 -3.78072e-01 | 33  0.04800 -2.59552e-01
 34 -0.00149 -8.81236e-02 | 35  0.05351 -1.45039e-01 | 36  0.03010 -2.23449e-01
 37 -0.00511 -7.98294e-02 | 38  0.03070  1.38915e-01 | 39  0.00372 -1.01602e-01
 40  0.24846 -1.21697e-01 | 41 -0.48694  5.21520e-03 | 42  0.25986 -5.28184e+00
 43 -0.65349 -3.08845e-02 | 44  0.27581  2.80740e-01 | 45  0.27851 -1.80281e-01
 46 -0.38844 -5.18114e-04 | 47 -0.30786 -3.87283e+02 | 48 -0.12471  1.36507e+02
 49 -0.23398 -3.75121e+00 | 50 -0.39331  3.12848e+00 | 51 -0.12924  2.38848e-01
 52 -0.24174 -2.38348e-01 |
52 variables; iteration 140; function evaluation 214; phase 3
Function value 1.1869484e+02; maximum gradient component mag 6.4011e+03
Var    Value     Gradient |Var    Value     Gradient |Var    Value     Gradient
  1  0.01692  1.37961e+00 |  2 -0.06325 -2.26253e-03 |  3 -0.09518 -7.49326e-03
  4  0.01527 -2.53579e-02 |  5 -0.01999 -8.05874e-02 |  6  0.01843 -1.64885e-01
  7 -0.04329 -4.94359e-02 |  8 -0.09767 -4.76483e-02 |  9 -0.06490 -6.10512e-02
 10 -0.07367 -3.91786e-02 | 11  0.02700 -2.43675e-02 | 12  0.02794  1.41228e-03
 13  0.07567  1.12462e-01 | 14  0.01164 -1.29407e-02 | 15 -0.00682 -4.07965e-02
 16  0.07243 -8.32104e-03 | 17  0.03368  1.20718e-03 | 18 -0.03864  6.93332e-03
 19 -0.01117 -5.98805e-02 | 20 -0.02041 -2.00993e-01 | 21  0.03490  3.65117e-02
 22  0.03930  1.58179e-02 | 23 -0.05780 -2.35348e-02 | 24 -0.02948  2.55734e-02
 25 -0.10379  2.68721e-03 | 26 -0.00359  3.87895e-02 | 27 -0.01468  2.20360e-02
 28 -0.01156  1.81840e-02 | 29  0.05504 -8.55694e-03 | 30  0.00168 -1.36432e-01
 31  0.05632  6.33160e-02 | 32 -0.01695  9.52656e-03 | 33  0.04804  2.97046e-02
 34 -0.00149  1.09322e-02 | 35  0.05354 -4.12526e-02 | 36  0.03014 -1.89603e-01
 37 -0.00505  1.92886e-02 | 38  0.03074  1.59477e-01 | 39  0.00386 -7.48257e-02
 40  0.24847 -8.06600e-02 | 41 -0.48698  3.42349e-03 | 42  0.26180  1.81565e+00
 43 -0.65524  2.44648e-03 | 44  0.27582  6.95231e-02 | 45  0.27853 -1.63561e-02
 46 -0.38830  7.96066e-04 | 47 -0.30906  6.40114e+03 | 48 -0.12811 -2.25755e+03
 49 -0.20469 -9.68123e-01 | 50 -0.36103  7.55598e-01 | 51 -0.12918 -1.25933e-02
 52 -0.24171  3.80793e-02 |
52 variables; iteration 160; function evaluation 234; phase 3
Function value 1.1869479e+02; maximum gradient component mag -9.0672e+00
Var    Value     Gradient |Var    Value     Gradient |Var    Value     Gradient
  1  0.01692 -2.71925e-02 |  2 -0.06324 -5.88925e-06 |  3 -0.09516 -2.68376e-05
  4  0.01529 -1.03564e-04 |  5 -0.01999  2.25438e-04 |  6  0.01843 -1.83092e-04
  7 -0.04327  4.57758e-04 |  8 -0.09765  4.61472e-04 |  9 -0.06490  4.46223e-04
 10 -0.07366  4.58219e-04 | 11  0.02701  3.96127e-04 | 12  0.02795  2.77904e-04
 13  0.07565 -9.44544e-05 | 14  0.01165  3.88338e-04 | 15 -0.00681  4.51889e-04
 16  0.07243  4.74261e-04 | 17  0.03369  4.51890e-04 | 18 -0.03864  4.11670e-04
 19 -0.01117  4.98727e-06 | 20 -0.02040 -2.58546e-04 | 21  0.03490  4.15613e-04
 22  0.03929  3.60313e-04 | 23 -0.05779  3.87728e-04 | 24 -0.02949  3.53799e-04
 25 -0.10380  2.80361e-04 | 26 -0.00359 -3.80274e-04 | 27 -0.01467  6.30309e-04
 28 -0.01159  2.53732e-04 | 29  0.05504 -7.48409e-04 | 30  0.00168 -2.79276e-03
 31  0.05632 -1.16597e-03 | 32 -0.01695 -1.08473e-04 | 33  0.04804  4.46465e-05
 34 -0.00150  4.27486e-04 | 35  0.05353 -1.51039e-04 | 36  0.03014 -6.77512e-04
 37 -0.00506 -3.50980e-04 | 38  0.03073  1.11009e-03 | 39  0.00386 -4.05791e-05
 40  0.24848 -4.32019e-04 | 41 -0.48703  8.36731e-06 | 42  0.26180 -8.68973e-04
 43 -0.65562  1.01530e-06 | 44  0.27582  1.56372e-04 | 45  0.27853 -3.06134e-04
 46 -0.38833 -8.38288e-06 | 47 -0.30906 -9.06718e+00 | 48 -0.12811  3.19604e+00
 49 -0.20463  5.37449e-04 | 50 -0.36103 -4.69954e-04 | 51 -0.12918 -8.88223e-04
 52 -0.24171  1.29684e-03 |
52 variables; iteration 180; function evaluation 257; phase 3
Function value 1.1869475e+02; maximum gradient component mag 7.9839e+00
Var    Value     Gradient |Var    Value     Gradient |Var    Value     Gradient
  1  0.01692 -5.08421e+00 |  2 -0.06324  1.75440e-04 |  3 -0.09516 -6.52986e-04
  4  0.01529  1.25920e-03 |  5 -0.01999  6.69864e-02 |  6  0.01843  4.16930e-02
  7 -0.04327  7.93809e-02 |  8 -0.09765  7.71043e-02 |  9 -0.06490  7.36306e-02
 10 -0.07365  7.49674e-02 | 11  0.02701  6.41035e-02 | 12  0.02795  4.42211e-02
 13  0.07565 -3.35538e-02 | 14  0.01165  6.71267e-02 | 15 -0.00681  7.87390e-02
 16  0.07243  8.33579e-02 | 17  0.03369  8.34945e-02 | 18 -0.03864  7.93217e-02
 19 -0.01117  5.57447e-02 | 20 -0.02040  3.81297e-02 | 21  0.03490  7.74292e-02
 22  0.03929  6.91742e-02 | 23 -0.05779  6.95167e-02 | 24 -0.02949  5.41432e-02
 25 -0.10379  4.24959e-02 | 26 -0.00360 -1.04699e-01 | 27 -0.01467  4.24605e-02
 28 -0.01159  3.97631e-03 | 29  0.05504 -2.07428e-01 | 30  0.00167 -4.30463e-01
 31  0.05632 -1.47424e-01 | 32 -0.01696  5.00609e-02 | 33  0.04804  3.71302e-02
 34 -0.00150  4.74228e-02 | 35  0.05353 -5.93706e-02 | 36  0.03014 -1.69774e-01
 37 -0.00506 -2.25527e-01 | 38  0.03073 -2.41354e-02 | 39  0.00385  7.51148e-03
 40  0.24848 -2.60064e-02 | 41 -0.48701  8.32029e-04 | 42  0.26180 -3.42522e-02
 43 -0.65562  3.11000e-04 | 44  0.27583  1.29530e-02 | 45  0.27853 -3.46277e-02
 46 -0.38835 -5.40372e-04 | 47 -0.29495  7.98392e+00 | 48 -0.08809 -2.81460e+00
 49 -0.20468  3.05822e-02 | 50 -0.36108 -2.88814e-02 | 51 -0.12918 -1.33139e-01
 52 -0.24171  1.80116e-01 |
52 variables; iteration 200; function evaluation 278; phase 3
Function value 1.1869474e+02; maximum gradient component mag 3.7097e+00
Var    Value     Gradient |Var    Value     Gradient |Var    Value     Gradient
  1  0.01692  6.52602e-02 |  2 -0.06324  9.80215e-05 |  3 -0.09517 -4.86355e-05
  4  0.01528  2.87191e-03 |  5 -0.01999  5.57149e-03 |  6  0.01843  1.31894e-02
  7 -0.04328  9.98133e-04 |  8 -0.09766  1.04872e-03 |  9 -0.06490  3.08439e-03
 10 -0.07366 -2.28038e-04 | 11  0.02701  1.10705e-04 | 12  0.02795  2.68540e-04
 13  0.07566  3.28021e-04 | 14  0.01164 -2.16655e-04 | 15 -0.00681 -6.34991e-05
 16  0.07243  3.24262e-04 | 17  0.03369 -1.90073e-04 | 18 -0.03864 -5.59296e-04
 19 -0.01118 -6.65664e-04 | 20 -0.02040  3.80952e-03 | 21  0.03490 -5.75522e-05
 22  0.03929  9.91097e-05 | 23 -0.05779  9.18824e-04 | 24 -0.02949  4.64787e-04
 25 -0.10380  1.05040e-03 | 26 -0.00359  4.64036e-03 | 27 -0.01468  4.18065e-03
 28 -0.01158  1.05130e-03 | 29  0.05505  5.62822e-03 | 30  0.00168 -8.92762e-03
 31  0.05632 -2.73759e-04 | 32 -0.01695  5.22344e-03 | 33  0.04804 -4.69293e-03
 34 -0.00150 -1.86719e-03 | 35  0.05354  7.30898e-03 | 36  0.03014  1.67319e-03
 37 -0.00506 -8.71379e-03 | 38  0.03073  4.44610e-03 | 39  0.00387  6.56734e-04
 40  0.24848 -8.22790e-03 | 41 -0.48703  1.19150e-04 | 42  0.26180 -1.35487e-02
 43 -0.65560  4.53656e-04 | 44  0.27582 -8.26409e-04 | 45  0.27853  1.77538e-03
 46 -0.38833  2.38537e-06 | 47 -0.29373  3.70969e+00 | 48 -0.08464 -1.30809e+00
 49 -0.20462  1.58443e-03 | 50 -0.36102 -1.37916e-04 | 51 -0.12918 -1.26760e-03
 52 -0.24171  3.75656e-03 |
52 variables; iteration 220; function evaluation 300; phase 3
Function value 1.1869471e+02; maximum gradient component mag 2.0888e+00
Var    Value     Gradient |Var    Value     Gradient |Var    Value     Gradient
  1  0.01692 -1.58050e+00 |  2 -0.06324 -1.24708e-04 |  3 -0.09516  6.47714e-04
  4  0.01528 -7.83504e-03 |  5 -0.01999  1.14559e-04 |  6  0.01843 -2.88657e-02
  7 -0.04327  1.71578e-02 |  8 -0.09765  1.62239e-02 |  9 -0.06490  8.31159e-03
 10 -0.07366  1.98018e-02 | 11  0.02701  1.55825e-02 | 12  0.02795  9.75139e-03
 13  0.07566 -1.26792e-02 | 14  0.01165  1.80219e-02 | 15 -0.00681  2.04616e-02
 16  0.07243  1.92691e-02 | 17  0.03369  2.11807e-02 | 18 -0.03864  2.14269e-02
 19 -0.01117  2.32320e-02 | 20 -0.02040  4.60444e-03 | 21  0.03490  2.08069e-02
 22  0.03929  1.81908e-02 | 23 -0.05779  1.46140e-02 | 24 -0.02949  1.12463e-02
 25 -0.10380  5.88177e-03 | 26 -0.00359 -5.14692e-02 | 27 -0.01468 -1.31109e-02
 28 -0.01159 -7.05001e-03 | 29  0.05504 -8.27892e-02 | 30  0.00168 -6.52847e-02
 31  0.05632 -2.97266e-02 | 32 -0.01696 -6.55319e-04 | 33  0.04804  2.96768e-02
 34 -0.00150  1.58764e-02 | 35  0.05353 -4.25136e-02 | 36  0.03014 -4.86144e-02
 37 -0.00506 -4.17220e-02 | 38  0.03073 -5.14803e-02 | 39  0.00386  2.45290e-03
 40  0.24848  2.88920e-02 | 41 -0.48704 -4.17067e-04 | 42  0.26181  5.28722e-02
 43 -0.65570 -1.59633e-03 | 44  0.27582  2.11798e-03 | 45  0.27853 -1.17850e-02
 46 -0.38833 -2.50148e-05 | 47 -0.28058  2.08884e+00 | 48 -0.04723 -7.33701e-01
 49 -0.20462 -5.36547e-03 | 50 -0.36102 -3.90808e-04 | 51 -0.12918 -2.69870e-02
 52 -0.24171  2.52001e-02 |

 - final statistics:
52 variables; iteration 232; function evaluation 313
Function value 1.1869e+02; maximum gradient component mag -1.2815e-05
Exit code = 1;  converg criter 1.0000e-04
Var    Value     Gradient |Var    Value     Gradient |Var    Value     Gradient
  1  0.01692 -1.28146e-05 |  2 -0.06324 -5.48004e-09 |  3 -0.09516 -2.90403e-09
  4  0.01529 -2.01468e-07 |  5 -0.01999 -3.20100e-07 |  6  0.01843 -8.94946e-07
  7 -0.04327  1.05989e-07 |  8 -0.09765  1.35981e-07 |  9 -0.06490  2.03117e-07
 10 -0.07366  1.06889e-07 | 11  0.02701  8.11902e-08 | 12  0.02795  5.68543e-08
 13  0.07565  6.24160e-08 | 14  0.01165  8.65156e-08 | 15 -0.00681  4.93954e-08
 16  0.07243 -1.84113e-07 | 17  0.03369 -2.38110e-07 | 18 -0.03864 -2.67036e-07
 19 -0.01117 -1.47158e-07 | 20 -0.02040 -7.10253e-07 | 21  0.03490  8.51677e-08
 22  0.03929  1.00396e-07 | 23 -0.05779  1.10634e-09 | 24 -0.02949 -4.00307e-09
 25 -0.10380 -1.09059e-07 | 26 -0.00359 -7.56480e-07 | 27 -0.01467 -3.16677e-07
 28 -0.01159 -1.21876e-07 | 29  0.05504 -1.23238e-06 | 30  0.00168 -6.73375e-07
 31  0.05632 -2.43585e-07 | 32 -0.01695 -1.10908e-07 | 33  0.04804  5.42054e-08
 34 -0.00150  2.07151e-07 | 35  0.05353  1.11102e-07 | 36  0.03014  4.14222e-07
 37 -0.00506  8.97789e-07 | 38  0.03073 -3.59282e-07 | 39  0.00386  2.86592e-07
 40  0.24848  2.15127e-07 | 41 -0.48703 -1.30588e-08 | 42  0.26180 -1.14390e-07
 43 -0.65562 -4.02161e-08 | 44  0.27582 -1.43061e-07 | 45  0.27853 -4.37200e-08
 46 -0.38833 -3.93923e-09 | 47 -0.27803  1.28684e-06 | 48 -0.03996 -4.49644e-07
 49 -0.20463 -1.98744e-07 | 50 -0.36103  2.14202e-07 | 51 -0.12918 -1.92620e-07
 52 -0.24171 -1.31548e-07 |
Estimating row 1 out of 52 for hessian
Estimating row 2 out of 52 for hessian
Estimating row 3 out of 52 for hessian
Estimating row 4 out of 52 for hessian
Estimating row 5 out of 52 for hessian
Estimating row 6 out of 52 for hessian
Estimating row 7 out of 52 for hessian
Estimating row 8 out of 52 for hessian
Estimating row 9 out of 52 for hessian
Estimating row 10 out of 52 for hessian
Estimating row 11 out of 52 for hessian
Estimating row 12 out of 52 for hessian
Estimating row 13 out of 52 for hessian
Estimating row 14 out of 52 for hessian
Estimating row 15 out of 52 for hessian
Estimating row 16 out of 52 for hessian
Estimating row 17 out of 52 for hessian
Estimating row 18 out of 52 for hessian
Estimating row 19 out of 52 for hessian
Estimating row 20 out of 52 for hessian
Estimating row 21 out of 52 for hessian
Estimating row 22 out of 52 for hessian
Estimating row 23 out of 52 for hessian
Estimating row 24 out of 52 for hessian
Estimating row 25 out of 52 for hessian
Estimating row 26 out of 52 for hessian
Estimating row 27 out of 52 for hessian
Estimating row 28 out of 52 for hessian
Estimating row 29 out of 52 for hessian
Estimating row 30 out of 52 for hessian
Estimating row 31 out of 52 for hessian
Estimating row 32 out of 52 for hessian
Estimating row 33 out of 52 for hessian
Estimating row 34 out of 52 for hessian
Estimating row 35 out of 52 for hessian
Estimating row 36 out of 52 for hessian
Estimating row 37 out of 52 for hessian
Estimating row 38 out of 52 for hessian
Estimating row 39 out of 52 for hessian
Estimating row 40 out of 52 for hessian
Estimating row 41 out of 52 for hessian
Estimating row 42 out of 52 for hessian
Estimating row 43 out of 52 for hessian
Estimating row 44 out of 52 for hessian
Estimating row 45 out of 52 for hessian
Estimating row 46 out of 52 for hessian
Estimating row 47 out of 52 for hessian
Estimating row 48 out of 52 for hessian
Estimating row 49 out of 52 for hessian
Estimating row 50 out of 52 for hessian
Estimating row 51 out of 52 for hessian
Estimating row 52 out of 52 for hessian
size of file gradfil1.tmp = 0
size of file gradfil2.tmp = 0
size of file varssave.tmp = 0
size of file cmpdiff.tmp = 0
