
Initial statistics: 2 variables; iteration 0; function evaluation 0; phase 1
Function value 4.0788145e+03; maximum gradient component mag 2.3444e+04
Var    Value     Gradient |Var    Value     Gradient |Var    Value     Gradient
  1  0.33333  2.34437e+04 |  2  0.21635  1.52853e+04 |

 - final statistics:
2 variables; iteration 9; function evaluation 15
Function value 5.1539e+02; maximum gradient component mag 1.9781e+00
Exit code = 1;  converg criter 1.0000e+01
Var    Value     Gradient |Var    Value     Gradient |Var    Value     Gradient
  1  0.08347  1.97811e+00 |  2  0.19506 -9.12253e-01 |

Initial statistics: 44 variables; iteration 0; function evaluation 0; phase 2
Function value 5.1538765e+02; maximum gradient component mag -3.8067e+03
Var    Value     Gradient |Var    Value     Gradient |Var    Value     Gradient
  1  0.08347  1.97811e+00 |  2  0.00000  1.23067e+01 |  3  0.00000  2.79282e+01
  4  0.00000 -6.48478e+01 |  5  0.00000  2.91195e+01 |  6  0.00000 -4.23080e+01
  7  0.00000 -1.80744e+01 |  8  0.00000  3.36066e+01 |  9  0.00000  5.09144e+00
 10  0.00000  1.08756e+01 | 11  0.00000 -4.20410e+01 | 12  0.00000  1.06677e+01
 13  0.00000 -1.77046e+01 | 14  0.00000  1.51260e+01 | 15  0.00000  1.30444e+01
 16  0.00000 -2.29700e+01 | 17  0.00000  2.80458e+01 | 18  0.00000  8.30944e+01
 19  0.00000  3.15311e+01 | 20  0.00000  8.66761e+01 | 21  0.00000 -2.78691e+01
 22  0.00000 -5.95927e+01 | 23  0.00000  5.62897e+01 | 24  0.00000  2.94797e+01
 25  0.00000  1.46408e+02 | 26  0.00000  4.63280e+00 | 27  0.00000  2.36193e+01
 28  0.00000  5.06694e+01 | 29  0.00000 -2.46460e+02 | 30  0.00000  3.16336e+02
 31  0.00000 -6.47992e+02 | 32  0.00000  3.97178e+02 | 33  0.00000 -7.70879e+02
 34  0.00000  2.88152e+02 | 35  0.00000 -3.37762e+02 | 36  0.00000  1.28837e+02
 37  0.00000  4.23894e+02 | 38  0.00000 -7.61775e+01 | 39  0.00000  9.74567e+01
 40  0.21635  2.03533e+03 | 41  0.19506 -9.12253e-01 | 42 -0.30909 -2.23598e+03
 43  0.12819  1.10428e+01 | 44 -0.30909 -3.80666e+03 |

Intermediate statistics: 44 variables; iteration 20; function evaluation 31; phase 2
Function value 2.1941085e+02; maximum gradient component mag 1.4928e+03
Var    Value     Gradient |Var    Value     Gradient |Var    Value     Gradient
  1  0.04554 -9.67016e+02 |  2 -0.07586 -1.14553e+00 |  3 -0.12249 -4.95831e+00
  4 -0.00719 -2.87962e+00 |  5 -0.05148  8.61132e+00 |  6 -0.01022  6.31446e+00
  7 -0.04413  8.93853e+00 |  8 -0.08218  1.11246e+01 |  9 -0.05168  1.00818e+01
 10 -0.03985  1.14562e+01 | 11  0.02559  7.56682e+00 | 12  0.00795  5.20632e+00
 13  0.03434 -6.54609e+00 | 14  0.00394 -8.96810e+00 | 15 -0.00430  2.49340e+00
 16  0.04435 -1.76651e+01 | 17  0.00459 -1.48281e+01 | 18 -0.04744 -8.67197e-02
 19 -0.01689 -3.66899e+00 | 20 -0.00360 -2.70245e+01 | 21  0.04040 -1.15597e+01
 22  0.06808 -1.75305e+01 | 23 -0.01326 -1.66095e+01 | 24 -0.01773 -3.63182e+00
 25 -0.09779  7.31779e-01 | 26  0.01691 -9.72835e+00 | 27 -0.02169  7.60991e-01
 28 -0.01772 -2.92213e+01 | 29  0.02814 -7.07563e+01 | 30 -0.01630 -7.05256e+01
 31  0.09354  2.54525e+02 | 32 -0.00971 -1.90237e+02 | 33  0.09803  1.63314e+02
 34  0.00095 -1.64303e+02 | 35  0.05628  4.36450e+01 | 36  0.00179 -3.29261e+01
 37 -0.02741  3.41257e+01 | 38  0.02434  2.62614e+01 | 39  0.01952 -7.32194e+01
 40  0.22129 -1.35175e+03 | 41  0.21927 -5.17741e+02 | 42 -0.23437 -3.82846e+02
 43  0.15009  1.32353e+02 | 44 -0.26397  1.49280e+03 |
44 variables; iteration 40; function evaluation 62; phase 2
Function value 2.0285187e+02; maximum gradient component mag 7.4643e+01
Var    Value     Gradient |Var    Value     Gradient |Var    Value     Gradient
  1  0.04375  2.00793e+01 |  2 -0.07234  6.90697e-01 |  3 -0.10821  1.66182e+00
  4 -0.01239  2.61668e-01 |  5 -0.05706 -2.09147e+00 |  6 -0.01606 -1.12177e+00
  7 -0.05674 -2.24750e+00 |  8 -0.09588  1.94275e+00 |  9 -0.06461  8.05702e-02
 10 -0.05297  2.62257e+00 | 11  0.01635 -2.47622e+00 | 12  0.00235 -2.34362e+00
 13  0.03775  1.10497e+00 | 14  0.00377  2.85266e-01 | 15 -0.01161 -4.39336e+00
 16  0.04291 -7.93014e+00 | 17  0.00260 -9.30791e+00 | 18 -0.05306 -2.47147e+00
 19 -0.01591  3.58811e+00 | 20  0.00647  4.87108e+00 | 21  0.04156  9.41682e-01
 22  0.07131  2.40977e+00 | 23 -0.00842 -2.41262e+00 | 24 -0.02039  3.06670e-01
 25 -0.10049 -1.27942e+00 | 26  0.02670  9.35203e+00 | 27 -0.02274 -1.09618e+00
 28 -0.01199 -1.14142e+00 | 29  0.03797  4.78946e+00 | 30 -0.01000 -3.74727e+00
 31  0.07608  2.70510e+00 | 32  0.00890 -1.33293e-01 | 33  0.08785  5.45603e+00
 34  0.01728 -5.38974e-01 | 35  0.05702  6.49349e+00 | 36  0.00771  1.18187e+00
 37 -0.02594 -3.05063e+00 | 38  0.03272  4.03303e+00 | 39  0.04629 -2.25400e+00
 40  0.22720 -2.97328e+01 | 41  0.22374  6.42788e+00 | 42 -0.23799  7.46435e+01
 43  0.11419 -6.50320e+00 | 44 -0.26642  4.03267e+01 |

 - final statistics:
44 variables; iteration 55; function evaluation 85
Function value 2.0213e+02; maximum gradient component mag 9.5603e+00
Exit code = 1;  converg criter 1.0000e+01
Var    Value     Gradient |Var    Value     Gradient |Var    Value     Gradient
  1  0.04482  5.26130e-01 |  2 -0.07369  1.31792e-02 |  3 -0.11111  1.52071e-02
  4 -0.01143  1.01225e-01 |  5 -0.05524  9.06749e-03 |  6 -0.01450  1.14616e-01
  7 -0.05299 -1.95347e-02 |  8 -0.09489  7.38297e-02 |  9 -0.06342  1.27964e-04
 10 -0.05313  3.80912e-02 | 11  0.01960  3.55134e-02 | 12  0.00501 -4.68097e-02
 13  0.03699  9.21327e-02 | 14  0.00385  1.09317e-02 | 15 -0.00773 -4.40227e-02
 16  0.04499 -9.90022e-02 | 17  0.00543 -1.26118e-01 | 18 -0.05246 -9.43831e-02
 19 -0.01754  4.92400e-02 | 20  0.00338  1.18122e-01 | 21  0.04047  1.12743e-02
 22  0.06962  7.25869e-02 | 23 -0.00748  6.52231e-03 | 24 -0.02050  1.06156e-01
 25 -0.09980 -2.48596e-02 | 26  0.02178  1.70678e-01 | 27 -0.02359  7.86517e-03
 28 -0.01282 -8.09002e-02 | 29  0.03666  4.38732e-02 | 30 -0.01062 -1.31488e-01
 31  0.07522  3.37910e-02 | 32  0.00770  7.45052e-04 | 33  0.08682 -6.32609e-02
 34  0.01621 -1.57484e-01 | 35  0.05548  1.15874e-01 | 36  0.00659 -5.71216e-02
 37 -0.02675 -2.02813e-01 | 38  0.03153  1.32024e-01 | 39  0.04580  1.38355e-01
 40  0.22677 -1.54865e+00 | 41  0.22313 -1.12994e+00 | 42 -0.27005  9.56029e+00
 43  0.00629 -2.42476e+00 | 44 -0.26686 -2.97100e+00 |

Initial statistics: 46 variables; iteration 0; function evaluation 0; phase 3
Function value 2.0213054e+02; maximum gradient component mag -2.1471e+03
Var    Value     Gradient |Var    Value     Gradient |Var    Value     Gradient
  1  0.04482  5.26130e-01 |  2 -0.07369  1.31792e-02 |  3 -0.11111  1.52071e-02
  4 -0.01143  1.01225e-01 |  5 -0.05524  2.38090e-03 |  6 -0.01450  1.07906e-01
  7 -0.05299 -2.62233e-02 |  8 -0.09489  6.71923e-02 |  9 -0.06342 -6.55059e-03
 10 -0.05313  3.14027e-02 | 11  0.01960  2.88047e-02 | 12  0.00501 -5.35214e-02
 13  0.03699  8.54322e-02 | 14  0.00385  4.22004e-03 | 15 -0.00773 -5.07341e-02
 16  0.04499 -1.05697e-01 | 17  0.00543 -1.32830e-01 | 18 -0.05246 -1.01072e-01
 19 -0.01754  4.25307e-02 | 20  0.00338  1.11410e-01 | 21  0.04047  4.57602e-03
 22  0.06961  6.59151e-02 | 23 -0.00748 -1.89060e-04 | 24 -0.02050  9.94473e-02
 25 -0.09980 -3.14891e-02 | 26  0.02177  1.63971e-01 | 27 -0.02359  1.15794e-03
 28 -0.01282 -8.76106e-02 | 29  0.03666  3.71725e-02 | 30 -0.01062 -1.38199e-01
 31  0.07522  2.71260e-02 | 32  0.00770 -5.96629e-03 | 33  0.08682 -6.99104e-02
 34  0.01621 -1.64193e-01 | 35  0.05548  1.09187e-01 | 36  0.00659 -6.38330e-02
 37 -0.02675 -2.09519e-01 | 38  0.03153  1.25320e-01 | 39  0.04580  1.31660e-01
 40  0.22677 -1.54865e+00 | 41  0.21635 -2.14709e+03 | 42  0.22313 -1.12994e+00
 43 -0.27005  9.56029e+00 | 44  0.00629 -2.42476e+00 | 45 -0.26686 -2.97100e+00
 46 -0.36199  8.99240e+00 |

Intermediate statistics: 46 variables; iteration 20; function evaluation 29; phase 3
Function value 1.6450084e+02; maximum gradient component mag -5.7279e+03
Var    Value     Gradient |Var    Value     Gradient |Var    Value     Gradient
  1  0.02233 -5.72788e+03 |  2 -0.06970 -2.50324e+00 |  3 -0.10401 -4.34695e+00
  4  0.00512 -1.98858e+01 |  5 -0.03441  5.83793e+01 |  6  0.00787  5.99107e+01
  7 -0.04337  7.47197e+01 |  8 -0.09027  7.94955e+01 |  9 -0.06049  7.32058e+01
 10 -0.05790  7.56114e+01 | 11  0.02299  3.26956e+01 | 12  0.01396 -2.64078e+01
 13  0.04924 -2.36892e+02 | 14  0.00626 -3.50561e+01 | 15 -0.00809  6.30266e+01
 16  0.05205 -1.35279e+01 | 17  0.02005 -2.95484e+01 | 18 -0.03918  9.30650e+00
 19 -0.01406  4.31666e+01 | 20 -0.01787 -1.94570e+01 | 21  0.03225  5.25314e+01
 22  0.05248  2.29178e+01 | 23 -0.04618  2.18216e+01 | 24 -0.02785  5.68454e+01
 25 -0.11256  5.65710e+01 | 26  0.00196 -1.83834e+01 | 27 -0.01735  4.11691e+01
 28 -0.00250 -3.39002e+01 | 29  0.04546 -2.28196e+02 | 30 -0.00139 -1.69739e+01
 31  0.06425 -5.83944e+01 | 32 -0.00361  3.99070e-02 | 33  0.07752  8.43714e+01
 34  0.01370 -1.00207e+00 | 35  0.05607 -1.56192e+02 | 36  0.02197 -5.84161e+01
 37 -0.01642 -6.72863e+01 | 38  0.02737 -1.51728e+02 | 39  0.02366  1.10722e+02
 40  0.23847 -1.31593e+03 | 41  0.24708 -1.64824e+03 | 42  0.23900 -9.21419e+02
 43 -0.26933 -1.67569e+02 | 44 -0.00179  5.24584e+01 | 45 -0.28432  1.85955e+02
 46 -0.43118 -8.51018e+01 |
46 variables; iteration 40; function evaluation 55; phase 3
Function value 1.3854616e+02; maximum gradient component mag -1.1565e+03
Var    Value     Gradient |Var    Value     Gradient |Var    Value     Gradient
  1  0.02119 -1.15647e+03 |  2 -0.14165 -1.72391e+01 |  3 -0.05291  1.85817e+01
  4  0.01040  3.30401e+00 |  5 -0.02822  2.30406e+01 |  6  0.00927  3.96207e+01
  7 -0.04508  1.70397e+01 |  8 -0.09500  2.06016e+01 |  9 -0.06705  1.60185e+01
 10 -0.07553  9.29552e+00 | 11  0.02707  1.16549e+01 | 12  0.03032  8.75127e+00
 13  0.05503 -4.82494e+01 | 14  0.02294  1.01113e+01 | 15  0.01478  3.68388e+01
 16  0.05917 -1.23274e+00 | 17  0.02590 -4.21906e+00 | 18 -0.04265  2.46240e+00
 19 -0.01896  8.59650e+00 | 20 -0.02111 -1.40042e+01 | 21  0.03605  3.13300e+01
 22  0.05083  7.51177e+00 | 23 -0.05329 -7.36717e+00 | 24 -0.03419  7.65022e+00
 25 -0.11981  7.58219e+00 | 26 -0.00044 -9.40914e+00 | 27 -0.01917  7.54396e+00
 28  0.01030  2.70067e+01 | 29  0.04938 -2.07667e+01 | 30  0.00014 -1.36675e+01
 31  0.06389 -1.14891e+01 | 32 -0.00629 -8.70981e-01 | 33  0.07116  2.04450e+01
 34  0.01290 -5.30038e+00 | 35  0.06184 -1.74813e+01 | 36  0.02574 -1.42717e+01
 37 -0.01361 -5.74301e+01 | 38  0.02423 -1.41249e+02 | 39 -0.01224  2.41270e+01
 40  0.24264 -3.32020e+02 | 41  0.26322 -4.96772e+02 | 42  0.24749 -2.13977e+02
 43 -0.27317  1.58782e+01 | 44 -0.02082 -5.26163e+00 | 45 -0.27908  8.29411e+00
 46 -0.42087 -4.09377e+00 |
46 variables; iteration 60; function evaluation 87; phase 3
Function value 1.3376602e+02; maximum gradient component mag -2.6078e+01
Var    Value     Gradient |Var    Value     Gradient |Var    Value     Gradient
  1  0.01892 -2.60783e+01 |  2 -0.06378  1.76185e-02 |  3 -0.09585  9.21432e-02
  4  0.01359 -9.64889e-02 |  5 -0.02342  5.03978e-01 |  6  0.01371  6.99412e-02
  7 -0.04461  4.53002e-01 |  8 -0.09816  5.36708e-01 |  9 -0.06592  4.71168e-01
 10 -0.07247  4.44237e-01 | 11  0.02516  2.51269e-01 | 12  0.02433  3.43837e-01
 13  0.06903 -2.90455e-01 | 14  0.01474  5.46410e-01 | 15 -0.01008  4.47868e-01
 16  0.06456  5.94801e-01 | 17  0.03329  4.67845e-01 | 18 -0.03759  4.42480e-01
 19 -0.01854 -1.67059e+00 | 20 -0.01880 -4.91443e+00 | 21  0.02500  7.43002e-01
 22  0.04679  3.99726e-01 | 23 -0.04871  5.44650e-01 | 24 -0.03401  5.83105e-01
 25 -0.11856  3.48435e-01 | 26  0.00008  3.70530e-01 | 27 -0.01464  4.44652e-01
 28  0.00565  4.03298e-01 | 29  0.05270 -9.58799e-01 | 30  0.00336 -9.61732e-02
 31  0.06338  3.86330e-01 | 32 -0.00682  6.20667e-01 | 33  0.06648 -2.16981e-01
 34  0.01231  1.36912e-01 | 35  0.06220 -4.81510e-02 | 36  0.02803 -9.20825e-01
 37 -0.00955 -1.53437e-01 | 38  0.02636 -1.01261e+00 | 39 -0.01602 -2.38403e-01
 40  0.24584 -8.06619e-01 | 41  0.27190  4.77471e-01 | 42  0.25272  1.23635e+00
 43 -0.26980  8.12012e+00 | 44 -0.01346 -2.71697e+00 | 45 -0.27565 -8.52315e+00
 46 -0.41671  3.57314e+00 |
46 variables; iteration 80; function evaluation 118; phase 3
Function value 1.2961806e+02; maximum gradient component mag 4.6668e+02
Var    Value     Gradient |Var    Value     Gradient |Var    Value     Gradient
  1  0.01923  4.66684e+02 |  2 -0.06929 -5.44188e-01 |  3 -0.09196  3.15285e+00
  4  0.01158  3.93640e+00 |  5 -0.02344 -1.12704e-01 |  6  0.01636  1.11802e+01
  7 -0.04919 -8.44535e+00 |  8 -0.10316 -7.74435e+00 |  9 -0.07440 -1.54842e+01
 10 -0.08032 -6.08965e+00 | 11  0.02501  1.51660e+00 | 12  0.02598  7.50719e+00
 13  0.07251  3.65682e+01 | 14  0.01171 -2.84891e-01 | 15 -0.01121 -4.79997e+00
 16  0.06470  1.99993e+00 | 17  0.03241  3.04126e+00 | 18 -0.03614  6.03304e+00
 19 -0.01881  1.09440e+01 | 20 -0.01637  2.84005e+01 | 21  0.02235 -9.76403e+00
 22  0.04582 -8.43084e+00 | 23 -0.05073 -1.18959e+01 | 24 -0.03770 -1.58414e+01
 25 -0.12332 -1.71891e+01 | 26  0.00040 -3.97455e+01 | 27 -0.01824 -1.81932e+01
 28 -0.00122 -1.95082e+01 | 29  0.05344 -5.05978e+01 | 30  0.00206 -1.36046e+01
 31  0.06180 -1.26429e+01 | 32 -0.01352 -3.51705e+00 | 33  0.05957 -2.94923e+01
 34  0.00686 -1.38418e+01 | 35  0.06081  4.89339e+00 | 36  0.02758  6.46800e+00
 37 -0.00723  3.28798e+01 | 38  0.03853  1.32798e+02 | 39  0.03627  2.89398e+01
 40  0.24575 -9.18228e+01 | 41  0.27080 -1.15649e+01 | 42  0.26113  1.47325e+01
 43 -0.22114  6.57964e+01 | 44  0.12418 -2.09043e+01 | 45 -0.17752 -2.05245e+02
 46 -0.26561  1.24405e+02 |
46 variables; iteration 100; function evaluation 140; phase 3
Function value 1.2328900e+02; maximum gradient component mag -8.8904e+01
Var    Value     Gradient |Var    Value     Gradient |Var    Value     Gradient
  1  0.01610 -8.89043e+01 |  2 -0.06273  1.38122e-01 |  3 -0.09473  1.53068e-01
  4  0.01596  3.03554e-01 |  5 -0.01843  1.46611e+00 |  6  0.02081  2.04550e+00
  7 -0.04402  1.65817e+00 |  8 -0.09963  2.01295e+00 |  9 -0.06825  2.28076e+00
 10 -0.07800  1.20768e+00 | 11  0.02620  7.89989e-01 | 12  0.02904 -2.54497e-01
 13  0.07870 -3.73529e+00 | 14  0.01322  6.39752e-01 | 15 -0.01131  8.68354e-01
 16  0.06651 -5.81008e-02 | 17  0.03760 -1.10784e+00 | 18 -0.03410 -3.03797e+00
 19 -0.01489 -1.04599e+00 | 20 -0.01635 -4.21614e+00 | 21  0.02271  1.14794e+00
 22  0.04523  4.96953e-01 | 23 -0.05150  8.65729e-01 | 24 -0.03429  8.43928e-01
 25 -0.11721  8.58614e-01 | 26  0.00366  4.71476e-01 | 27 -0.01385 -3.07506e+00
 28 -0.00786 -2.15922e+00 | 29  0.05598 -1.12059e+01 | 30  0.00479 -5.48201e+00
 31  0.05932  2.29917e+00 | 32 -0.01866  4.99048e-01 | 33  0.04639  4.29410e+00
 34 -0.00108  1.14441e+00 | 35  0.05714  1.44070e+00 | 36  0.02876  3.24049e-01
 37 -0.00691  8.89755e-01 | 38  0.03446  8.31792e+00 | 39  0.00502 -1.38190e+00
 40  0.24905 -2.14347e+00 | 41  0.27630 -4.02817e+00 | 42  0.28017 -4.56975e+00
 43 -0.23934  1.72710e+01 | 44  0.06903 -4.19829e+00 | 45 -0.12354 -1.38525e-01
 46 -0.23871 -5.29876e+00 |
46 variables; iteration 120; function evaluation 160; phase 3
Function value 1.2325108e+02; maximum gradient component mag -4.2087e-01
Var    Value     Gradient |Var    Value     Gradient |Var    Value     Gradient
  1  0.01597 -4.20874e-01 |  2 -0.06297 -1.53233e-03 |  3 -0.09473 -2.71050e-03
  4  0.01604 -6.08003e-03 |  5 -0.01829  9.63820e-04 |  6  0.02060 -8.66812e-03
  7 -0.04394  5.63440e-03 |  8 -0.09992  8.74101e-03 |  9 -0.06830  9.51161e-03
 10 -0.07837  3.72492e-03 | 11  0.02614 -2.32853e-03 | 12  0.02910 -1.39208e-02
 13  0.07883 -3.90754e-02 | 14  0.01336 -7.78993e-03 | 15 -0.01127  7.64812e-03
 16  0.06664  1.16139e-02 | 17  0.03759  1.36406e-02 | 18 -0.03388  2.49226e-02
 19 -0.01479  5.19465e-03 | 20 -0.01628  7.33878e-03 | 21  0.02276  6.96941e-03
 22  0.04552  7.29199e-03 | 23 -0.05157  5.87369e-03 | 24 -0.03416  5.19184e-03
 25 -0.11717  4.49415e-03 | 26  0.00362 -1.81357e-02 | 27 -0.01379 -2.73681e-02
 28 -0.00823 -1.95489e-03 | 29  0.05624 -2.99017e-02 | 30  0.00509 -1.88871e-02
 31  0.05916 -2.28517e-02 | 32 -0.01873  7.47198e-03 | 33  0.04560  1.17969e-02
 34 -0.00145  1.80876e-02 | 35  0.05698  3.07792e-02 | 36  0.02891  3.31830e-02
 37 -0.00673  5.98062e-03 | 38  0.03430 -4.59529e-02 | 39  0.00560  2.60076e-03
 40  0.24918  2.02851e-02 | 41  0.27659  4.47566e-03 | 42  0.28092  3.63917e-02
 43 -0.27466  1.89079e-01 | 44 -0.03160 -6.65941e-02 | 45 -0.12196 -3.15220e-03
 46 -0.23842 -1.46133e-02 |

 - final statistics:
46 variables; iteration 129; function evaluation 169
Function value 1.2325e+02; maximum gradient component mag -3.3287e-05
Exit code = 1;  converg criter 1.0000e-04
Var    Value     Gradient |Var    Value     Gradient |Var    Value     Gradient
  1  0.01597  3.25994e-05 |  2 -0.06296  2.30967e-07 |  3 -0.09473 -1.60976e-07
  4  0.01604  1.01373e-06 |  5 -0.01829  6.35752e-07 |  6  0.02060  2.78948e-06
  7 -0.04394  4.49928e-07 |  8 -0.09993  1.30678e-06 |  9 -0.06830  3.99155e-06
 10 -0.07836 -1.74646e-07 | 11  0.02615 -1.05350e-06 | 12  0.02911 -2.77564e-07
 13  0.07883  2.49231e-06 | 14  0.01336  2.56587e-07 | 15 -0.01127 -2.90824e-07
 16  0.06664  2.40401e-06 | 17  0.03759  4.42559e-06 | 18 -0.03388  3.02454e-06
 19 -0.01479 -3.08986e-06 | 20 -0.01628 -3.66988e-06 | 21  0.02276 -7.65484e-07
 22  0.04552 -3.37200e-06 | 23 -0.05157 -1.50035e-06 | 24 -0.03416 -4.61962e-07
 25 -0.11717 -4.37002e-07 | 26  0.00362 -2.54517e-06 | 27 -0.01378 -2.44025e-06
 28 -0.00823  5.63080e-07 | 29  0.05624 -3.87511e-06 | 30  0.00509 -7.12272e-07
 31  0.05916 -3.23603e-06 | 32 -0.01873  1.81468e-06 | 33  0.04560 -1.39622e-06
 34 -0.00145  2.73773e-06 | 35  0.05698  2.13452e-06 | 36  0.02891  1.22431e-06
 37 -0.00673 -2.53096e-07 | 38  0.03430  3.40825e-07 | 39  0.00560 -2.64573e-06
 40  0.24918  6.77389e-06 | 41  0.27659 -3.66590e-08 | 42  0.28092 -5.81668e-06
 43 -0.27580 -3.32872e-05 | 44 -0.03481  1.18254e-05 | 45 -0.12195  5.29607e-06
 46 -0.23842 -4.30732e-06 |
Estimating row 1 out of 46 for hessian
Estimating row 2 out of 46 for hessian
Estimating row 3 out of 46 for hessian
Estimating row 4 out of 46 for hessian
Estimating row 5 out of 46 for hessian
Estimating row 6 out of 46 for hessian
Estimating row 7 out of 46 for hessian
Estimating row 8 out of 46 for hessian
Estimating row 9 out of 46 for hessian
Estimating row 10 out of 46 for hessian
Estimating row 11 out of 46 for hessian
Estimating row 12 out of 46 for hessian
Estimating row 13 out of 46 for hessian
Estimating row 14 out of 46 for hessian
Estimating row 15 out of 46 for hessian
Estimating row 16 out of 46 for hessian
Estimating row 17 out of 46 for hessian
Estimating row 18 out of 46 for hessian
Estimating row 19 out of 46 for hessian
Estimating row 20 out of 46 for hessian
Estimating row 21 out of 46 for hessian
Estimating row 22 out of 46 for hessian
Estimating row 23 out of 46 for hessian
Estimating row 24 out of 46 for hessian
Estimating row 25 out of 46 for hessian
Estimating row 26 out of 46 for hessian
Estimating row 27 out of 46 for hessian
Estimating row 28 out of 46 for hessian
Estimating row 29 out of 46 for hessian
Estimating row 30 out of 46 for hessian
Estimating row 31 out of 46 for hessian
Estimating row 32 out of 46 for hessian
Estimating row 33 out of 46 for hessian
Estimating row 34 out of 46 for hessian
Estimating row 35 out of 46 for hessian
Estimating row 36 out of 46 for hessian
Estimating row 37 out of 46 for hessian
Estimating row 38 out of 46 for hessian
Estimating row 39 out of 46 for hessian
Estimating row 40 out of 46 for hessian
Estimating row 41 out of 46 for hessian
Estimating row 42 out of 46 for hessian
Estimating row 43 out of 46 for hessian
Estimating row 44 out of 46 for hessian
Estimating row 45 out of 46 for hessian
Estimating row 46 out of 46 for hessian
size of file gradfil1.tmp = 0
size of file gradfil2.tmp = 0
size of file varssave.tmp = 0
size of file cmpdiff.tmp = 0
