
Initial statistics: 2 variables; iteration 0; function evaluation 0; phase 1
Function value 5.7676850e+03; maximum gradient component mag 3.3257e+04
Var    Value     Gradient |Var    Value     Gradient |Var    Value     Gradient
  1  0.33333  3.32573e+04 |  2  0.21635  1.52853e+04 |

 - final statistics:
2 variables; iteration 8; function evaluation 14
Function value 5.8446e+02; maximum gradient component mag 9.9642e-01
Exit code = 1;  converg criter 1.0000e+01
Var    Value     Gradient |Var    Value     Gradient |Var    Value     Gradient
  1  0.07325 -9.78292e-01 |  2  0.20088  9.96415e-01 |

Initial statistics: 43 variables; iteration 0; function evaluation 0; phase 2
Function value 5.8446128e+02; maximum gradient component mag -4.1135e+03
Var    Value     Gradient |Var    Value     Gradient |Var    Value     Gradient
  1  0.07325 -9.78292e-01 |  2  0.00000  1.19581e+01 |  3  0.00000  2.70521e+01
  4  0.00000 -6.74303e+01 |  5  0.00000  2.71147e+01 |  6  0.00000 -4.49681e+01
  7  0.00000 -1.79611e+01 |  8  0.00000  3.39663e+01 |  9  0.00000  4.67199e+00
 10  0.00000  1.10596e+01 | 11  0.00000 -4.42717e+01 | 12  0.00000  4.73708e+00
 13  0.00000 -3.07099e+01 | 14  0.00000 -4.29224e+00 | 15  0.00000  3.52089e+00
 16  0.00000 -4.56123e+01 | 17  0.00000  6.72590e+00 | 18  0.00000  7.42939e+01
 19  0.00000  1.69168e+01 | 20  0.00000  4.28304e+01 | 21  0.00000 -9.20208e+01
 22  0.00000 -9.51292e+01 | 23  0.00000  9.23009e+01 | 24  0.00000  2.93112e+01
 25  0.00000  2.21412e+02 | 26  0.00000  8.53543e+01 | 27  0.00000  2.94314e+01
 28  0.00000  4.70631e+01 | 29  0.00000 -2.35562e+02 | 30  0.00000  3.53059e+02
 31  0.00000 -6.38033e+02 | 32  0.00000  4.24518e+02 | 33  0.00000 -7.53331e+02
 34  0.00000  2.58858e+02 | 35  0.00000 -4.11028e+02 | 36  0.00000  8.55469e+01
 37  0.00000  4.16660e+02 | 38  0.00000 -6.67932e+01 | 39  0.00000  2.10358e+02
 40  0.21635  5.37580e+02 | 41  0.21635  3.26104e+03 | 42  0.20088  9.96415e-01
 43 -0.30909 -4.11350e+03 |

Intermediate statistics: 43 variables; iteration 20; function evaluation 28; phase 2
Function value 3.6809490e+02; maximum gradient component mag 1.4091e+03
Var    Value     Gradient |Var    Value     Gradient |Var    Value     Gradient
  1  0.07584 -2.60533e+02 |  2 -0.04957 -2.62763e+00 |  3 -0.07756 -6.70393e+00
  4  0.09602  1.11015e+01 |  5  0.00703  1.61380e+01 |  6  0.06771  2.82553e+01
  7  0.03830  2.55806e+01 |  8 -0.02207  1.64416e+01 |  9 -0.00113  2.15743e+01
 10  0.00311  2.02071e+01 | 11  0.06158  2.88257e+01 | 12  0.01487  1.74823e+01
 13  0.03660  2.07270e+01 | 14  0.00603  1.49863e+01 | 15  0.00692  1.84634e+01
 16  0.04595  2.35637e+01 | 17 -0.00025  1.45268e+01 | 18 -0.04913  1.30190e+01
 19  0.01721  3.47798e+01 | 20 -0.03006  6.97962e+00 | 21  0.10008  6.99824e+01
 22  0.08302  4.89842e+01 | 23 -0.04974  1.27938e+01 | 24 -0.01092  2.25217e+01
 25 -0.13042  5.40283e-01 | 26 -0.04839  1.57475e+00 | 27 -0.05190  1.33549e+01
 28 -0.05072  4.16773e+00 | 29  0.00563  8.19692e+01 | 30 -0.02390  9.05590e+01
 31  0.04713 -1.08584e+02 | 32 -0.01652  2.43152e+01 | 33  0.06159 -1.48850e+01
 34 -0.00133  8.57239e+01 | 35  0.02116 -6.23501e+01 | 36 -0.02414  1.89089e+00
 37 -0.05160  1.08077e+02 | 38 -0.01615 -1.59021e+01 | 39 -0.02767 -5.16462e+01
 40  0.20996 -4.70235e+02 | 41  0.20183  1.02700e+03 | 42  0.20170 -8.99444e+02
 43 -0.27314  1.40911e+03 |
43 variables; iteration 40; function evaluation 58; phase 2
Function value 3.5240677e+02; maximum gradient component mag 1.1188e+02
Var    Value     Gradient |Var    Value     Gradient |Var    Value     Gradient
  1  0.08339  9.48526e+00 |  2 -0.02885  2.62338e+00 |  3 -0.06777 -2.60659e+00
  4  0.07485 -4.33107e+00 |  5  0.00221 -1.04063e+00 |  6  0.06227  5.23280e+00
  7  0.03640  3.20129e+00 |  8 -0.01521  4.44764e+00 |  9 -0.00771 -5.01590e+00
 10 -0.00096 -7.67597e-01 | 11  0.04836 -2.90463e+00 | 12  0.01677  4.89187e+00
 13  0.03232  9.04190e-01 | 14  0.00531 -3.88191e-01 | 15  0.00419 -2.21520e+00
 16  0.03800  3.07718e-01 | 17  0.00475  7.62813e+00 | 18 -0.04521 -2.89163e+00
 19  0.01616  6.85676e+00 | 20 -0.02449  3.00293e+00 | 21  0.08352  4.24818e+00
 22  0.06803 -2.87230e-02 | 23 -0.04722 -6.37840e+00 | 24 -0.01251 -4.42707e+00
 25 -0.10835  3.03476e+00 | 26 -0.04080  2.88634e+00 | 27 -0.04298  3.53272e+00
 28 -0.04320  8.37384e-01 | 29 -0.00043  4.69999e+00 | 30 -0.03286  6.94732e+00
 31  0.05743 -6.83983e+00 | 32 -0.02109  4.40683e-01 | 33  0.07334 -9.58305e-01
 34 -0.00653  4.34096e+00 | 35  0.02548 -3.21434e+00 | 36 -0.02565 -5.94533e-01
 37 -0.06370  5.67806e+00 | 38 -0.01509 -4.02199e+00 | 39 -0.01995 -9.16502e+00
 40  0.20763 -1.08700e+01 | 41  0.19197  4.81433e+01 | 42  0.20268 -3.10714e+01
 43 -0.28053  1.11883e+02 |

 - final statistics:
43 variables; iteration 44; function evaluation 67
Function value 3.5215e+02; maximum gradient component mag 3.1148e+00
Exit code = 1;  converg criter 1.0000e+01
Var    Value     Gradient |Var    Value     Gradient |Var    Value     Gradient
  1  0.08409  1.25205e+00 |  2 -0.03939  8.29884e-02 |  3 -0.05779 -7.11408e-03
  4  0.08019 -5.27982e-02 |  5  0.00443  2.20947e-02 |  6  0.05603 -2.16558e-01
  7  0.03125  3.04616e-01 |  8 -0.02044 -3.89182e-02 |  9 -0.00295 -1.66242e-01
 10  0.00204  2.54621e-02 | 11  0.05144 -1.33318e-01 | 12  0.01310  7.47135e-02
 13  0.03169  6.24465e-02 | 14  0.00629 -3.06472e-01 | 15  0.00734  7.95768e-02
 16  0.03816  7.44987e-02 | 17 -0.00020  3.28527e-01 | 18 -0.04233 -1.11315e-01
 19  0.01267  1.42539e-01 | 20 -0.02638  2.32200e-01 | 21  0.08221  3.49821e-02
 22  0.06821 -1.67974e-02 | 23 -0.04214  2.03521e-02 | 24 -0.00935  1.51325e-02
 25 -0.10964  1.73846e-01 | 26 -0.04305 -5.22097e-02 | 27 -0.04565 -1.62587e-01
 28 -0.04304  5.02939e-03 | 29 -0.00041  5.89252e-02 | 30 -0.03353  2.13867e-01
 31  0.05843 -1.74486e-01 | 32 -0.02119 -1.44586e-02 | 33  0.07481 -1.15668e-02
 34 -0.00629  7.96723e-02 | 35  0.02631 -1.17115e-01 | 36 -0.02493 -4.17434e-02
 37 -0.06340  1.16858e-01 | 38 -0.01321 -1.69407e-01 | 39 -0.01628 -1.43524e-01
 40  0.20722  6.00259e-01 | 41  0.19126  1.12473e+00 | 42  0.20215 -5.22678e-01
 43 -0.28121  3.11483e+00 |

Initial statistics: 47 variables; iteration 0; function evaluation 0; phase 3
Function value 3.5215400e+02; maximum gradient component mag -1.2431e+03
Var    Value     Gradient |Var    Value     Gradient |Var    Value     Gradient
  1  0.08409  1.25205e+00 |  2 -0.03939  8.29884e-02 |  3 -0.05779 -7.11408e-03
  4  0.08019 -5.27982e-02 |  5  0.00443  1.66646e-02 |  6  0.05603 -2.21967e-01
  7  0.03124  2.99193e-01 |  8 -0.02044 -4.43456e-02 |  9 -0.00295 -1.71672e-01
 10  0.00204  2.00319e-02 | 11  0.05144 -1.38731e-01 | 12  0.01310  6.92845e-02
 13  0.03169  5.70231e-02 | 14  0.00629 -3.11902e-01 | 15  0.00734  7.41470e-02
 16  0.03816  6.90783e-02 | 17 -0.00021  3.23097e-01 | 18 -0.04233 -1.16733e-01
 19  0.01266  1.37110e-01 | 20 -0.02638  2.26775e-01 | 21  0.08221  2.95972e-02
 22  0.06821 -2.21964e-02 | 23 -0.04214  1.49339e-02 | 24 -0.00935  9.70295e-03
 25 -0.10964  1.68496e-01 | 26 -0.04305 -5.76274e-02 | 27 -0.04565 -1.68003e-01
 28 -0.04304 -3.88376e-04 | 29 -0.00041  5.34950e-02 | 30 -0.03353  2.08445e-01
 31  0.05843 -1.79893e-01 | 32 -0.02119 -1.98857e-02 | 33  0.07481 -1.69595e-02
 34 -0.00629  7.42424e-02 | 35  0.02631 -1.22541e-01 | 36 -0.02493 -4.71694e-02
 37 -0.06340  1.11455e-01 | 38 -0.01321 -1.74836e-01 | 39 -0.01628 -1.48952e-01
 40  0.20722  6.00259e-01 | 41  0.19126  1.12473e+00 | 42  0.21635 -5.93493e+02
 43  0.20215 -5.22678e-01 | 44 -0.30909 -1.24313e+03 | 45 -0.43452  9.87753e-04
 46 -0.28121  3.11483e+00 | 47 -0.36199  1.55337e+01 |

Intermediate statistics: 47 variables; iteration 20; function evaluation 32; phase 3
Function value 3.0684753e+02; maximum gradient component mag -1.1582e+03
Var    Value     Gradient |Var    Value     Gradient |Var    Value     Gradient
  1  0.04760 -1.15817e+03 |  2 -0.03760 -4.68013e-01 |  3 -0.05325 -9.36712e-01
  4  0.09406 -3.21493e+00 |  5  0.01556  1.64527e+01 |  6  0.06639  1.45555e+01
  7  0.03609  1.71795e+01 |  8 -0.01730  1.70679e+01 |  9  0.00129  1.60073e+01
 10  0.00451  1.75706e+01 | 11  0.06062  1.55310e+01 | 12  0.02457  1.45604e+01
 13  0.04406  9.97908e+00 | 14  0.01223  1.10397e+01 | 15  0.00917  1.71397e+01
 16  0.04352  8.98529e+00 | 17  0.00651  7.95828e+00 | 18 -0.05075  1.38383e+01
 19 -0.01915  1.43224e+01 | 20 -0.03883  1.10189e+01 | 21  0.04898  1.82184e+01
 22  0.04449  1.53391e+01 | 23 -0.04783  1.49879e+01 | 24 -0.02939  1.82413e+01
 25 -0.12267  1.38767e+01 | 26 -0.02067 -6.14732e+00 | 27 -0.04196 -5.10897e+00
 28 -0.05485 -3.55792e+01 | 29  0.01165 -1.76942e+02 | 30 -0.02797 -2.61851e+01
 31  0.05940  7.91393e+01 | 32 -0.02896 -5.25202e+00 | 33  0.08104  7.45061e+01
 34 -0.00183 -2.35556e+01 | 35  0.03142 -4.92315e+01 | 36 -0.01824 -6.21465e+01
 37 -0.05727 -2.55332e+01 | 38 -0.01284 -8.15151e+01 | 39 -0.01082  5.83269e+01
 40  0.22913 -2.27000e+02 | 41  0.23723  6.66333e+01 | 42  0.24603 -3.97421e+02
 43  0.22133 -6.78301e+02 | 44 -0.25350  1.99543e+02 | 45 -0.41726 -1.63588e+02
 46 -0.28574 -8.67521e+01 | 47 -0.40899  2.80702e+01 |
47 variables; iteration 40; function evaluation 56; phase 3
Function value 3.0045229e+02; maximum gradient component mag -1.6084e+02
Var    Value     Gradient |Var    Value     Gradient |Var    Value     Gradient
  1  0.04483 -1.60844e+02 |  2 -0.03751 -7.52999e-01 |  3 -0.05197 -1.33454e+00
  4  0.10264  4.64693e-01 |  5  0.02189  2.53030e+00 |  6  0.06999 -2.37622e+00
  7  0.04236  3.28973e+00 |  8 -0.00866  5.43609e+00 |  9  0.00959  4.57732e+00
 10  0.00748  4.54689e-01 | 11  0.06672  2.82806e+00 | 12  0.03119  3.06480e+00
 13  0.05131  3.33267e+00 | 14  0.01560  3.45646e+00 | 15  0.00481 -2.02694e+00
 16  0.04811  3.69108e+00 | 17  0.00944 -1.88929e+00 | 18 -0.05027  1.43810e-01
 19 -0.01836  2.82864e+00 | 20 -0.04334 -4.85350e-01 | 21  0.04562 -6.40061e+00
 22  0.03776 -1.05573e+01 | 23 -0.05338  1.11115e+00 | 24 -0.03395 -5.27810e+00
 25 -0.12800 -2.07327e+00 | 26 -0.01963  1.63248e+00 | 27 -0.03626  3.27566e+00
 28 -0.05046  1.88607e-02 | 29  0.02105  2.60050e+01 | 30 -0.02687  9.96001e-02
 31  0.04737 -2.06143e+01 | 32 -0.03423 -5.48606e+00 | 33  0.06665 -3.54020e+00
 34 -0.00541  6.44797e-01 | 35  0.03173 -7.40199e+00 | 36 -0.01480 -1.75722e+00
 37 -0.05742 -4.91129e+00 | 38 -0.01458 -5.24735e+00 | 39 -0.03378  6.79894e+00
 40  0.23180 -1.44324e+02 | 41  0.23845 -2.57699e+01 | 42  0.25283 -9.86467e+01
 43  0.23073 -7.15603e+01 | 44 -0.25891 -3.35727e+01 | 45 -0.41660  2.49056e+01
 46 -0.28563  5.22720e+01 | 47 -0.41281 -1.69311e+01 |
47 variables; iteration 60; function evaluation 85; phase 3
Function value 3.0009170e+02; maximum gradient component mag -2.8421e+00
Var    Value     Gradient |Var    Value     Gradient |Var    Value     Gradient
  1  0.04291 -2.84212e+00 |  2 -0.03366 -8.82603e-03 |  3 -0.04652 -1.18752e-02
  4  0.10403  1.03089e-02 |  5  0.02312  4.41164e-02 |  6  0.07429 -8.26205e-03
  7  0.04116  5.10792e-02 |  8 -0.01294  7.23196e-02 |  9  0.00613  1.31383e-02
 10  0.00756  1.01817e-01 | 11  0.06588 -2.57415e-02 | 12  0.03059  7.04263e-02
 13  0.05126 -5.24866e-03 | 14  0.01531  5.04847e-02 | 15  0.00829  2.88266e-02
 16  0.04656  5.20159e-02 | 17  0.01236  1.28506e-02 | 18 -0.04888  5.99220e-02
 19 -0.01994  3.38561e-02 | 20 -0.04443  1.39284e-02 | 21  0.04683 -4.97171e-02
 22  0.04007 -6.38664e-02 | 23 -0.05624  1.85278e-03 | 24 -0.03207  9.75601e-03
 25 -0.12603 -1.25523e-03 | 26 -0.02034  3.08109e-02 | 27 -0.03534  2.26027e-02
 28 -0.04878 -6.98155e-03 | 29  0.01973  9.54208e-02 | 30 -0.02640 -3.49675e-02
 31  0.04805 -1.90055e-01 | 32 -0.03372 -1.51504e-02 | 33  0.06530 -8.64238e-02
 34 -0.00603 -8.13626e-04 | 35  0.03221 -9.45973e-02 | 36 -0.01389 -7.35357e-02
 37 -0.05643 -9.81594e-02 | 38 -0.01480 -1.40882e-01 | 39 -0.03895  1.01505e-01
 40  0.23357 -9.84249e-01 | 41  0.24033 -7.78807e-01 | 42  0.25597 -5.47921e-01
 43  0.23329 -4.38155e-01 | 44 -0.25898  1.40439e-01 | 45 -0.41805  5.84877e-02
 46 -0.28605 -1.42577e+00 | 47 -0.41587  6.44132e-01 |

 - final statistics:
47 variables; iteration 66; function evaluation 91
Function value 3.0009e+02; maximum gradient component mag -6.1438e-01
Exit code = 1;  converg criter 1.0000e+00
Var    Value     Gradient |Var    Value     Gradient |Var    Value     Gradient
  1  0.04291 -2.14013e-01 |  2 -0.03361  2.73241e-03 |  3 -0.04646  5.98801e-03
  4  0.10402 -5.19445e-03 |  5  0.02312  1.57428e-03 |  6  0.07433  1.47316e-02
  7  0.04114  3.02865e-03 |  8 -0.01299 -4.58180e-03 |  9  0.00612  2.63953e-03
 10  0.00747 -8.74766e-03 | 11  0.06594  1.64357e-02 | 12  0.03057 -1.23474e-03
 13  0.05130  9.66668e-03 | 14  0.01530  6.40771e-04 | 15  0.00829  4.84182e-03
 16  0.04654 -3.59212e-03 | 17  0.01237  6.40764e-03 | 18 -0.04891 -5.03100e-03
 19 -0.01996 -9.42837e-03 | 20 -0.04443  9.28529e-03 | 21  0.04685  1.71177e-02
 22  0.04010  2.36874e-02 | 23 -0.05624  6.24370e-03 | 24 -0.03207 -3.75267e-03
 25 -0.12601  4.83222e-03 | 26 -0.02036 -1.72370e-03 | 27 -0.03533  4.52681e-03
 28 -0.04876  1.75998e-05 | 29  0.01971 -5.96612e-02 | 30 -0.02640 -9.91397e-04
 31  0.04806  5.62647e-03 | 32 -0.03370  1.83566e-02 | 33  0.06530 -2.20673e-02
 34 -0.00603 -2.48936e-03 | 35  0.03221 -5.53822e-03 | 36 -0.01389 -9.22348e-03
 37 -0.05642 -4.10811e-05 | 38 -0.01481 -1.31324e-02 | 39 -0.03896  5.85333e-03
 40  0.23357  1.14363e-01 | 41  0.24033 -2.35103e-01 | 42  0.25598  1.62488e-01
 43  0.23330  9.81433e-02 | 44 -0.25939  1.41347e-01 | 45 -0.41859  4.49866e-02
 46 -0.29154 -6.14376e-01 | 47 -0.43231  2.10221e-01 |

 - final statistics:
47 variables; iteration 0; function evaluation 0
Function value 3.0009e+02; maximum gradient component mag -6.1438e-01
Exit code = 0;  converg criter 1.0000e+00
Var    Value     Gradient |Var    Value     Gradient |Var    Value     Gradient
  1  0.04291 -2.14013e-01 |  2 -0.03361  2.73241e-03 |  3 -0.04646  5.98801e-03
  4  0.10402 -5.19445e-03 |  5  0.02312  1.44273e-03 |  6  0.07433  1.46009e-02
  7  0.04114  2.89728e-03 |  8 -0.01299 -4.71341e-03 |  9  0.00612  2.50790e-03
 10  0.00747 -8.87929e-03 | 11  0.06594  1.63047e-02 | 12  0.03057 -1.36623e-03
 13  0.05130  9.53548e-03 | 14  0.01530  5.09173e-04 | 15  0.00829  4.71019e-03
 16  0.04654 -3.72340e-03 | 17  0.01237  6.27603e-03 | 18 -0.04891 -5.16225e-03
 19 -0.01996 -9.55994e-03 | 20 -0.04443  9.15397e-03 | 21  0.04685  1.69864e-02
 22  0.04010  2.35561e-02 | 23 -0.05624  6.11258e-03 | 24 -0.03207 -3.88414e-03
 25 -0.12601  4.70315e-03 | 26 -0.02036 -1.85527e-03 | 27 -0.03533  4.39538e-03
 28 -0.04876 -1.13650e-04 | 29  0.01971 -5.97928e-02 | 30 -0.02640 -1.12292e-03
 31  0.04806  5.49521e-03 | 32 -0.03370  1.82251e-02 | 33  0.06530 -2.21983e-02
 34 -0.00603 -2.62099e-03 | 35  0.03221 -5.66968e-03 | 36 -0.01389 -9.35509e-03
 37 -0.05642 -1.72201e-04 | 38 -0.01481 -1.32640e-02 | 39 -0.03896  5.72194e-03
 40  0.23357  1.14363e-01 | 41  0.24033 -2.35103e-01 | 42  0.25598  1.62488e-01
 43  0.23330  9.81433e-02 | 44 -0.25939  1.41347e-01 | 45 -0.41859  4.49866e-02
 46 -0.29154 -6.14376e-01 | 47 -0.43231  2.10221e-01 |

Initial statistics: 119 variables; iteration 0; function evaluation 0; phase 5
Function value 3.0009063e+02; maximum gradient component mag -2.6112e+03
Var    Value     Gradient |Var    Value     Gradient |Var    Value     Gradient
  1  0.04291 -2.14013e-01 |  2 -0.03361  2.73241e-03 |  3 -0.04646  5.98801e-03
  4  0.10402 -5.19445e-03 |  5  0.02312  1.44273e-03 |  6  0.07433  1.46009e-02
  7  0.04114  2.89728e-03 |  8 -0.01299 -4.71341e-03 |  9  0.00612  2.50790e-03
 10  0.00747 -8.87929e-03 | 11  0.06594  1.63047e-02 | 12  0.03057 -1.36623e-03
 13  0.05130  9.53548e-03 | 14  0.01530  5.09173e-04 | 15  0.00829  4.71019e-03
 16  0.04654 -3.72340e-03 | 17  0.01237  6.27603e-03 | 18 -0.04891 -5.16225e-03
 19 -0.01996 -9.55994e-03 | 20 -0.04443  9.15397e-03 | 21  0.04685  1.69864e-02
 22  0.04010  2.35561e-02 | 23 -0.05624  6.11258e-03 | 24 -0.03207 -3.88414e-03
 25 -0.12601  4.70315e-03 | 26 -0.02036 -1.85527e-03 | 27 -0.03533  4.39538e-03
 28 -0.04876 -1.13650e-04 | 29  0.01971 -5.97928e-02 | 30 -0.02640 -1.12292e-03
 31  0.04806  5.49521e-03 | 32 -0.03370  1.82251e-02 | 33  0.06530 -2.21983e-02
 34 -0.00603 -2.62099e-03 | 35  0.03221 -5.66968e-03 | 36 -0.01389 -9.35509e-03
 37 -0.05642 -1.72201e-04 | 38 -0.01481 -1.32640e-02 | 39 -0.03896  5.72194e-03
 40  0.23357  1.14363e-01 | 41  0.24033 -2.35103e-01 | 42  0.25598  1.62488e-01
 43  0.23330  9.81433e-02 | 44 -0.30909 -2.61121e+03 | 45  0.12819  1.09027e+01
 46 -0.25939  1.41347e-01 | 47 -0.41859  4.49866e-02 | 48 -0.29154 -6.14376e-01
 49 -0.43231  2.10221e-01 | 50  0.00000  8.25746e+01 | 51  0.00000 -1.06358e+01
 52  0.00000  4.46300e+01 | 53  0.00000 -1.03768e+01 | 54  0.00000  6.88530e+01
 55  0.00000 -9.62335e+00 | 56  0.00000  1.15468e+02 | 57  0.00000 -1.44146e+01
 58  0.00000  6.04640e+01 | 59  0.00000 -1.25967e+01 | 60  0.00000  7.81307e+01
 61  0.00000 -1.06087e+01 | 62  0.00000  5.24092e+01 | 63  0.00000 -1.03055e+01
 64  0.00000  3.14853e+01 | 65  0.00000 -4.70294e+00 | 66  0.00000  7.87991e+01
 67  0.00000 -5.36651e+00 | 68  0.00000  7.27699e+01 | 69  0.00000 -8.79043e+00
 70  0.00000  8.38395e+01 | 71  0.00000 -9.66623e+00 | 72  0.00000  8.05071e+01
 73  0.00000 -1.17218e+01 | 74  0.00000  7.23164e+01 | 75  0.00000 -8.68278e+00
 76  0.00000  8.94574e+01 | 77  0.00000 -6.51762e+00 | 78  0.00000  4.94821e+01
 79  0.00000 -6.33007e+00 | 80  0.00000  4.84755e+01 | 81  0.00000 -6.83922e+00
 82  0.00000  6.36319e+01 | 83  0.00000 -7.85302e+00 | 84  0.00000  9.75208e+01
 85  0.00000 -1.13186e+01 | 86  0.00000  5.93641e+01 | 87  0.00000 -9.32541e+00
 88  0.00000  5.45359e+01 | 89  0.00000 -5.20057e+00 | 90  0.00000  9.41459e+01
 91  0.00000 -9.18419e+00 | 92  0.00000  5.15242e+01 | 93  0.00000 -7.66802e+00
 94  0.00000  2.31087e+01 | 95  0.00000 -3.85647e+00 | 96  0.00000  5.65693e+01
 97  0.00000 -7.64044e+00 | 98  0.00000  1.15932e+02 | 99  0.00000 -1.21430e+01
100  0.00000  9.63668e+01 |101  0.00000 -9.32443e+00 |102  0.00000  4.89362e+01
103  0.00000 -6.39293e+00 |104  0.00000  8.35768e+01 |105  0.00000 -9.43995e+00
106  0.00000  7.88620e+01 |107  0.00000 -8.66300e+00 |108  0.00000  5.95551e+01
109  0.00000 -5.80056e+00 |110  0.00000  6.02082e+01 |111  0.00000 -1.16299e+01
112  0.00000  5.92958e+01 |113  0.00000  6.77739e+00 |114  0.00000  8.38479e+01
115  0.00000 -3.78868e+00 |116  0.00000  7.37967e+01 |117  0.00000 -1.92001e+00
118  0.00000  4.96629e+01 |119  0.00000 -2.04227e+00 |

Intermediate statistics: 119 variables; iteration 20; function evaluation 29; phase 5
Function value 1.2771351e+02; maximum gradient component mag -4.1812e+03
Var    Value     Gradient |Var    Value     Gradient |Var    Value     Gradient
  1  0.02411 -4.18116e+03 |  2 -0.04977  6.55301e+00 |  3 -0.08068  1.10737e+01
  4  0.00767  1.41794e+01 |  5 -0.02287  5.78014e+01 |  6  0.00246  5.88168e+01
  7 -0.03076  7.82434e+01 |  8 -0.03638  7.94397e+01 |  9 -0.02570  7.04590e+01
 10 -0.00409  6.55954e+01 | 11  0.04664  5.25705e+01 | 12  0.00466  3.66376e+01
 13  0.05668 -7.22341e+00 | 14  0.00291  4.46414e+01 | 15 -0.01891  4.15474e+01
 16  0.05567 -1.61981e+01 | 17  0.01588 -4.06612e+01 | 18 -0.03470 -1.67496e+01
 19 -0.01513 -1.02168e+02 | 20 -0.04524 -1.99823e+02 | 21  0.04274  4.85411e+01
 22  0.05104  3.31936e+01 | 23 -0.04886  3.59589e+01 | 24 -0.03818  3.84462e+01
 25 -0.10893  4.09389e+01 | 26 -0.00857 -3.64231e-01 | 27 -0.03315  5.90740e+01
 28 -0.01926  2.43648e+01 | 29  0.04699 -1.22096e+02 | 30 -0.00676 -2.58689e+01
 31  0.05568 -1.93626e+01 | 32 -0.01978 -3.18207e+01 | 33  0.06340  4.69521e+01
 34  0.01038  1.88141e+01 | 35  0.05107 -1.18913e+02 | 36  0.01578 -9.91020e+01
 37 -0.02321 -1.04714e+02 | 38  0.01765 -1.33881e+02 | 39 -0.00034  7.12941e+01
 40  0.23933 -1.29714e+03 | 41  0.25004 -4.83208e+02 | 42  0.25951 -8.71293e+02
 43  0.24466 -7.16779e+02 | 44 -0.21227  3.93831e+02 | 45  0.16879 -8.11315e+01
 46 -0.24728  7.61673e+01 | 47 -0.40747 -5.86196e+01 | 48 -0.28881  1.98135e+03
 49 -0.44388 -9.56293e+02 | 50 -0.03998 -7.20428e+00 | 51  0.00012 -1.36740e+00
 52  0.01210  1.28570e+00 | 53  0.00005 -7.45546e-01 | 54 -0.01593  2.55896e+00
 55  0.00002 -9.92602e-01 | 56 -0.07778  2.63303e+00 | 57  0.00008 -7.41927e-01
 58  0.01196 -3.88748e+00 | 59  0.00005 -6.71742e-01 | 60 -0.01399 -3.35716e+00
 61  0.00008 -1.06061e+00 | 62  0.02578 -7.39269e+00 | 63  0.00006 -9.23588e-01
 64  0.05165 -9.91245e+00 | 65 -0.00008 -1.39469e+00 | 66 -0.01470 -3.49673e+00
 67 -0.00012 -1.84381e+00 | 68 -0.00683 -2.96618e+01 | 69  0.00063  1.25838e+01
 70 -0.03741 -1.28971e+01 | 71 -0.00003 -7.15478e-01 | 72 -0.02896 -8.49559e+00
 73  0.00002 -9.93940e-01 | 74 -0.01126 -1.15690e+01 | 75 -0.00009 -1.05578e+00
 76 -0.04274 -9.02348e+00 | 77 -0.00013 -2.72036e+00 | 78 -0.00143 -2.20360e+00
 79 -0.00008 -3.25878e-01 | 80  0.00531 -1.34131e+01 | 81 -0.00008 -3.32886e-01
 82 -0.02113  8.01647e+00 | 83  0.00028 -8.53031e+00 | 84 -0.04229 -1.12272e+01
 85 -0.00003 -1.12632e+00 | 86  0.00787 -1.06256e+01 | 87  0.00002 -5.17624e-01
 88  0.02028 -1.07880e+01 | 89 -0.00008 -4.86773e-01 | 90 -0.04613 -8.64850e+00
 91 -0.00001 -6.50323e-01 | 92 -0.00817 -8.49264e+00 | 93  0.00004  1.52453e-01
 94  0.03724  2.41512e+00 | 95 -0.00006 -1.20875e+00 | 96 -0.02267 -3.99283e+00
 97 -0.00003 -2.25750e+00 | 98 -0.06698  1.20901e+01 | 99 -0.00201 -4.26642e+01
100 -0.00562 -5.54105e-02 |101  0.00029 -4.02821e+00 |102  0.00258 -1.53095e+01
103  0.00050  8.05059e+00 |104 -0.01389 -5.95567e+00 |105  0.00013 -2.37502e+00
106 -0.02706 -8.91791e+00 |107  0.00004  2.19785e+00 |108  0.00943 -7.93323e+00
109 -0.00022 -5.81248e+00 |110  0.01004 -6.83873e+00 |111  0.00034 -2.98089e+00
112  0.01789 -9.00322e+00 |113 -0.00082 -5.41617e+00 |114 -0.00751 -1.20380e+01
115 -0.00016 -4.06594e+00 |116 -0.00546 -3.10424e+01 |117 -0.00071 -1.32064e+01
118 -0.01235 -3.78192e+01 |119  0.00375  8.35209e+01 |
119 variables; iteration 40; function evaluation 52; phase 5
Function value 1.2555882e+02; maximum gradient component mag -4.0085e+03
Var    Value     Gradient |Var    Value     Gradient |Var    Value     Gradient
  1  0.02095 -4.00851e+03 |  2 -0.07345 -1.15252e+00 |  3 -0.10616 -7.92954e-01
  4  0.00096 -4.78229e+00 |  5 -0.01512  3.32252e+01 |  6  0.00986 -8.69439e-01
  7 -0.05718  6.86848e+01 |  8 -0.08078  6.21690e+01 |  9 -0.07326  5.65918e+01
 10 -0.05158  5.54799e+01 | 11  0.02838  5.48126e+01 | 12 -0.00469  4.74329e+01
 13  0.07200  4.85575e+01 | 14  0.00767  5.10074e+01 | 15 -0.01578  4.46155e+01
 16  0.06467  3.44975e+00 | 17  0.02235 -1.38822e+01 | 18 -0.02606 -1.18997e+01
 19 -0.00771 -1.04073e+02 | 20 -0.04099 -2.00766e+02 | 21  0.05019  5.32385e+01
 22  0.06027  4.07909e+01 | 23 -0.04164  3.70505e+01 | 24 -0.03399  3.18961e+01
 25 -0.10043  3.60857e+01 | 26 -0.00328 -3.00227e+01 | 27 -0.02798  2.21886e+01
 28 -0.01363  7.91445e+00 | 29  0.05319 -1.33665e+02 | 30 -0.00032 -1.56485e+01
 31  0.06205 -1.39576e+01 | 32 -0.01434 -3.78034e+01 | 33  0.06991  5.22849e+01
 34  0.01626  1.97986e+01 | 35  0.05676 -1.17179e+02 | 36  0.02383 -5.64207e+01
 37 -0.01800 -1.10724e+02 | 38  0.02392 -8.36075e+01 | 39  0.00503  9.43967e+01
 40  0.23960 -1.21052e+03 | 41  0.25029 -4.52695e+02 | 42  0.25970 -8.65084e+02
 43  0.24523 -6.53597e+02 | 44 -0.21379  2.16941e+02 | 45  0.16687 -2.39847e+01
 46 -0.23383  5.37952e+01 | 47 -0.39041 -3.43730e+01 | 48 -0.28867  1.82775e+03
 49 -0.44348 -8.80276e+02 | 50 -0.05962 -1.25896e+01 | 51  0.00017  9.57914e-01
 52  0.00091 -3.55980e+00 | 53  0.00027  5.81207e+00 | 54 -0.01062 -9.69299e-01
 55 -0.00411 -1.13127e+02 | 56 -0.09646 -8.65027e+00 | 57  0.00013  4.97899e-01
 58  0.00149 -6.01627e+00 | 59  0.00006  7.27582e-04 | 60 -0.04093 -8.34813e+00
 61  0.00008 -7.93489e-01 | 62  0.00919 -7.29352e+00 | 63  0.00001 -7.26500e-01
 64  0.04689 -6.42392e+00 | 65 -0.00013 -1.67500e+00 | 66 -0.03376 -6.11102e+00
 67 -0.00020 -2.86355e+00 | 68 -0.00076 -1.06832e+01 | 69  0.00122  3.07174e+01
 70 -0.03666 -1.10472e+01 | 71 -0.00001 -4.07190e-01 | 72 -0.03471 -1.03811e+01
 73 -0.00000 -1.34308e+00 | 74 -0.00905 -9.13828e+00 | 75 -0.00016 -2.99997e+00
 76 -0.04380 -4.94475e+00 | 77  0.00058  1.63957e+01 | 78  0.00374  1.00331e+00
 79  0.00004  2.64624e+00 | 80  0.01251 -8.60831e+00 | 81 -0.00007 -5.13864e-01
 82 -0.02107  9.73456e+00 | 83  0.00058 -1.01654e+00 | 84 -0.04316 -1.07582e+01
 85 -0.00002 -8.94973e-01 | 86  0.01125 -8.05875e+00 | 87  0.00003 -4.15400e-01
 88  0.02477 -7.22349e+00 | 89 -0.00006 -4.54633e-01 | 90 -0.05042 -1.02780e+01
 91  0.00000 -5.16940e-01 | 92 -0.00568 -6.51444e+00 | 93  0.00005  3.01986e-01
 94  0.04585  8.56725e+00 | 95 -0.00007 -1.57960e+00 | 96 -0.02176 -1.11907e+00
 97 -0.00006 -5.75025e+00 | 98 -0.06734  9.10695e+00 | 99 -0.00177 -3.76345e+01
100 -0.00660 -1.71335e+00 |101  0.00006 -9.49856e+00 |102  0.00452 -1.16964e+01
103  0.00086  1.64560e+01 |104 -0.01124 -2.12182e+00 |105  0.00012 -2.76130e+00
106 -0.02546 -6.26751e+00 |107  0.00012  4.03533e+00 |108  0.01223 -4.85430e+00
109 -0.00033 -8.77350e+00 |110  0.01207 -3.81728e+00 |111  0.00030 -3.92290e+00
112  0.02007 -6.64770e+00 |113 -0.00096 -9.03983e+00 |114 -0.00545 -6.47006e+00
115 -0.00016 -5.17329e+00 |116 -0.00732 -3.37599e+01 |117 -0.00117 -2.38732e+01
118 -0.01704 -4.20702e+00 |119  0.00357  8.06254e+01 |
119 variables; iteration 60; function evaluation 79; phase 5
Function value 1.1296481e+02; maximum gradient component mag -9.7540e+02
Var    Value     Gradient |Var    Value     Gradient |Var    Value     Gradient
  1  0.01935 -9.75405e+02 |  2 -0.07844 -2.28357e+00 |  3 -0.08365  7.74042e+00
  4  0.00227 -3.24153e+00 |  5 -0.01049  1.28874e+01 |  6  0.01309  3.73158e-01
  7 -0.07643  1.35942e+00 |  8 -0.09518  8.94077e+00 |  9 -0.06857  3.66064e+01
 10 -0.05518  9.95349e+00 | 11  0.03282  1.15092e+01 | 12  0.00009  3.03270e+00
 13  0.07250 -7.23744e+00 | 14  0.00527  6.87908e+00 | 15 -0.01959  5.78041e+00
 16  0.06860  8.61456e+00 | 17  0.02482 -3.51162e+00 | 18 -0.02118  2.19028e+01
 19 -0.00887 -1.47997e+01 | 20 -0.02965 -4.99722e+01 | 21  0.04324  9.56826e+00
 22  0.05331  6.80250e+00 | 23 -0.04823  6.86840e-01 | 24 -0.04832 -3.25988e+01
 25 -0.10798 -3.72066e+00 | 26  0.00771  1.34744e+01 | 27 -0.02605 -6.08981e+00
 28 -0.00843 -1.00999e+01 | 29  0.05897 -5.89639e+01 | 30  0.00318  1.99295e+01
 31  0.06410  2.72907e+00 | 32 -0.01434 -2.15963e+01 | 33  0.06897 -1.08339e+01
 34  0.01766  1.60539e+01 | 35  0.06391 -5.02865e+00 | 36  0.02948  4.38242e+00
 37 -0.00809  6.78858e+00 | 38  0.02666 -2.18722e+00 | 39 -0.00865  6.28269e+00
 40  0.24406 -2.92318e+02 | 41  0.25437 -6.44177e+01 | 42  0.26793 -1.95777e+02
 43  0.24909 -1.64115e+02 | 44 -0.21275  2.51090e+02 | 45  0.15610 -4.02966e+01
 46 -0.23496 -4.32507e+00 | 47 -0.39396  4.60673e+00 | 48 -0.28659  2.57661e+02
 49 -0.43771 -1.20980e+02 | 50 -0.04013 -1.53234e+00 | 51  0.00003 -3.45219e+00
 52  0.00915 -1.98567e+00 | 53 -0.00000 -1.01159e+00 | 54 -0.00187 -5.10169e+00
 55 -0.00078 -2.69173e+01 | 56 -0.09704 -8.06273e+00 | 57  0.00011 -2.84974e-01
 58  0.00572  5.48415e+00 | 59  0.00011  1.41546e+00 | 60 -0.04025 -9.45544e+00
 61 -0.00267 -6.71241e+01 | 62  0.01311 -5.71057e+00 | 63 -0.00006 -2.36573e+00
 64  0.05688 -2.06056e+00 | 65 -0.00029 -5.40176e+00 | 66 -0.02040 -7.41056e-01
 67 -0.00018 -2.48365e+00 | 68  0.01743 -4.13432e+00 | 69 -0.00135 -3.37600e+01
 70 -0.02378 -2.16373e+00 | 71 -0.00010 -2.94759e+00 | 72 -0.01673  5.33417e+00
 73 -0.00001 -2.28662e+00 | 74  0.00394 -1.92449e+00 | 75 -0.00037 -8.36739e+00
 76 -0.03242  1.87812e+00 | 77  0.00127  3.28052e+01 | 78  0.00277 -5.56975e+00
 79  0.00006  3.59277e+00 | 80  0.00476 -9.83164e+00 | 81 -0.00003 -1.77551e-01
 82 -0.01697  3.09278e+00 | 83 -0.00264 -6.92631e+01 | 84 -0.02708 -8.55988e-02
 85  0.00004 -2.49356e-01 | 86  0.01984 -3.50370e+00 | 87 -0.00016 -5.15052e+00
 88  0.02680 -1.02996e+01 | 89 -0.00012 -1.11311e+00 | 90 -0.03757 -1.46068e+00
 91 -0.00010 -3.03227e+00 | 92 -0.00087  7.58621e+00 | 93 -0.00009 -3.19109e+00
 94  0.03945 -2.00486e+00 | 95 -0.00054 -1.21127e+01 | 96 -0.01401  1.09291e+00
 97  0.00049  8.99117e+00 | 98 -0.07098 -1.24359e+01 | 99 -0.00044 -9.15093e+00
100 -0.01288 -1.42701e+01 |101  0.00001 -1.13381e+01 |102  0.01692 -2.25146e+00
103  0.00302  6.93666e+01 |104 -0.01099 -9.19780e+00 |105 -0.00006 -6.18148e+00
106 -0.01603 -1.66313e+00 |107  0.00054  1.43077e+01 |108  0.02090 -3.27631e+00
109 -0.00163 -4.06927e+01 |110  0.01894 -5.50229e+00 |111 -0.00001 -1.14850e+01
112  0.02511 -6.21856e+00 |113 -0.00295 -5.88437e+01 |114  0.00344 -3.48282e+00
115 -0.00215 -5.43198e+01 |116 -0.01065 -1.79454e+01 |117 -0.00153 -3.34759e+01
118 -0.00776 -3.12848e+01 |119  0.00378  8.00129e+01 |
119 variables; iteration 80; function evaluation 106; phase 5
Function value 1.1117128e+02; maximum gradient component mag -2.9631e+02
Var    Value     Gradient |Var    Value     Gradient |Var    Value     Gradient
  1  0.01946 -2.96313e+02 |  2 -0.06995 -2.52696e-01 |  3 -0.09615  2.67793e+00
  4  0.00375 -1.67924e+00 |  5 -0.01083  2.24515e+00 |  6  0.01211 -4.55921e+00
  7 -0.07219 -3.93084e+00 |  8 -0.09408  1.34724e+00 |  9 -0.07179  1.16768e+01
 10 -0.05455  2.72242e+00 | 11  0.03150  2.33083e+00 | 12  0.00286  1.40943e+00
 13  0.07102  1.83784e+00 | 14  0.00685  4.96541e+00 | 15 -0.01250  3.93488e+00
 16  0.06559 -1.04153e+00 | 17  0.02578 -4.54643e+00 | 18 -0.02694  1.07632e+01
 19 -0.00573  6.76059e+00 | 20 -0.03054 -2.21516e+01 | 21  0.04413  9.29323e+00
 22  0.05177  2.66242e+00 | 23 -0.04595  4.76483e+00 | 24 -0.04185 -1.82050e+01
 25 -0.10787 -3.76783e+00 | 26  0.00346  2.94645e+00 | 27 -0.02477 -3.10923e+00
 28 -0.01065 -1.46745e+01 | 29  0.05944 -2.71780e+01 | 30  0.00231  5.47681e+00
 31  0.06406  8.93206e+00 | 32 -0.01313 -4.05987e+00 | 33  0.06869 -8.08573e+00
 34  0.01558 -5.12438e+00 | 35  0.06291 -1.29506e+01 | 36  0.02891 -3.71787e-01
 37 -0.00926  6.16994e+00 | 38  0.02637  3.58153e+01 | 39 -0.01112  1.05355e+01
 40  0.24460 -1.56622e+02 | 41  0.25442 -3.34345e+01 | 42  0.26959 -8.12916e+01
 43  0.24982 -1.08465e+02 | 44 -0.21686  1.54283e+02 | 45  0.14720 -1.95594e+01
 46 -0.25150  1.21432e+01 | 47 -0.41467 -9.90463e+00 | 48 -0.28657  7.20189e+01
 49 -0.43762 -3.37990e+01 | 50 -0.04177 -2.05041e+00 | 51 -0.00026 -1.03032e+01
 52  0.01283  2.27112e+00 | 53  0.00040  8.71287e+00 | 54 -0.00372 -3.78766e+00
 55  0.00015 -2.78399e+00 | 56 -0.09147 -4.94756e+00 | 57 -0.00001 -3.15788e+00
 58 -0.00079 -2.09482e+00 | 59  0.00083  1.96093e+01 | 60 -0.04098 -7.61688e+00
 61 -0.00102 -2.74349e+01 | 62  0.01267 -5.57890e+00 | 63 -0.00011 -3.42798e+00
 64  0.05504 -1.39830e+00 | 65 -0.00000  1.60712e+00 | 66 -0.01932  1.51491e-01
 67 -0.00004  1.09086e+00 | 68  0.01579  2.33911e+00 | 69 -0.00060 -1.41619e+01
 70 -0.02839 -4.03738e+00 | 71  0.00004  5.28384e-01 | 72 -0.01768  1.29574e+00
 73 -0.00012 -4.49576e+00 | 74  0.00068 -2.92317e+00 | 75 -0.00000  4.85163e-01
 76 -0.03540 -8.37966e-01 | 77  0.00169  4.36605e+01 | 78 -0.00200 -3.14875e+00
 79 -0.00269 -6.44130e+01 | 80  0.00389 -9.97993e+00 | 81  0.00071  1.81370e+01
 82 -0.02329 -5.89754e-01 | 83 -0.00153 -3.94579e+01 | 84 -0.03020 -2.83750e+00
 85  0.00044  9.95522e+00 | 86  0.01972 -1.79061e+00 | 87  0.00026  5.00496e+00
 88  0.02480 -9.54575e+00 | 89 -0.00030 -5.50942e+00 | 90 -0.03659 -1.82473e+00
 91  0.00005  6.71352e-01 | 92 -0.00715  8.12263e-02 | 93  0.00017  3.30009e+00
 94  0.03223 -3.86576e+00 | 95  0.00017  5.32949e+00 | 96 -0.01777 -1.30217e+00
 97  0.00043  8.26167e+00 | 98 -0.06882 -7.85820e+00 | 99 -0.00014 -1.44774e+00
100 -0.01536 -9.52277e+00 |101  0.00064  5.60084e+00 |102  0.01358 -5.59243e+00
103  0.00238  5.40275e+01 |104 -0.01363 -1.07235e+01 |105  0.00153  3.31697e+01
106 -0.02048 -4.64298e+00 |107 -0.00056 -1.26676e+01 |108  0.02042 -2.67160e+00
109 -0.00154 -3.85326e+01 |110  0.02156 -1.86065e+00 |111 -0.00092 -3.39275e+01
112  0.02647 -4.07351e+00 |113 -0.00044  2.87411e+00 |114  0.00298 -3.00807e+00
115 -0.00228 -5.73837e+01 |116 -0.00798 -1.51074e+01 |117 -0.00090 -1.79583e+01
118 -0.00404 -4.40401e+00 |119  0.00249  4.83344e+01 |
119 variables; iteration 100; function evaluation 134; phase 5
Function value 1.0939523e+02; maximum gradient component mag -1.9716e+02
Var    Value     Gradient |Var    Value     Gradient |Var    Value     Gradient
  1  0.01908 -1.97165e+02 |  2 -0.06952  5.39598e-02 |  3 -0.10330  4.22446e-01
  4  0.00519  3.44303e+00 |  5 -0.01575  1.61447e+00 |  6  0.01463  3.70379e+00
  7 -0.06348  5.38717e+00 |  8 -0.09056  5.86642e+00 |  9 -0.07481  9.68354e+00
 10 -0.05424  2.42113e+00 | 11  0.03472  2.26789e+00 | 12  0.00717  8.44141e-01
 13  0.07132 -8.59824e+00 | 14  0.00475 -5.80699e-01 | 15 -0.01727  5.77667e-01
 16  0.06691 -8.79702e+00 | 17  0.02835 -1.68679e+01 | 18 -0.03187 -2.30899e+01
 19 -0.00759  2.09418e+00 | 20 -0.02802  8.40414e-01 | 21  0.04141  4.17485e+00
 22  0.05058  2.77810e+00 | 23 -0.04808  4.12355e+00 | 24 -0.03507  4.52153e+00
 25 -0.10607  2.67438e+00 | 26  0.00182  1.55563e+00 | 27 -0.02453 -3.48596e+00
 28 -0.01061 -2.94397e+00 | 29  0.06014 -4.51464e-01 | 30  0.00214  2.82094e+00
 31  0.06348  9.41725e+00 | 32 -0.01326  6.33553e+00 | 33  0.06883  3.40255e+00
 34  0.01526 -2.16715e+00 | 35  0.06293 -3.09287e+00 | 36  0.02882 -7.12103e+00
 37 -0.01063 -1.01232e+01 | 38  0.02546  9.96306e+00 | 39 -0.01726  1.77656e+00
 40  0.24560  3.44297e+00 | 41  0.25512 -1.16085e+01 | 42  0.27157  2.17498e+01
 43  0.25146 -8.07403e-01 | 44 -0.22177  1.29970e+02 | 45  0.12849 -1.56961e+01
 46 -0.25200  1.12763e+01 | 47 -0.41564 -9.28247e+00 | 48 -0.28687 -7.68398e+01
 49 -0.43836  3.60869e+01 | 50 -0.03781 -1.70201e+00 | 51  0.00005 -2.53096e+00
 52  0.00404 -2.95814e+00 | 53  0.00025  5.18858e+00 | 54 -0.00176 -1.34489e+00
 55  0.00039  4.48381e+00 | 56 -0.08125 -1.52574e+00 | 57 -0.00008 -4.91991e+00
 58  0.00445 -3.36950e+00 | 59  0.00010  1.44929e+00 | 60 -0.03318 -1.42707e+00
 61  0.00007  3.69098e-02 | 62  0.01644 -3.03676e+00 | 63 -0.00000 -8.38290e-01
 64  0.05717 -1.28105e+00 | 65  0.00024  7.76386e+00 | 66 -0.01601 -5.92376e-01
 67  0.00005  3.59427e+00 | 68  0.01410 -5.20908e+00 | 69  0.00006  1.60883e+00
 70 -0.02521 -3.13199e+00 | 71 -0.00003 -1.19396e+00 | 72 -0.02232 -2.35724e+00
 73  0.00016  2.59180e+00 | 74  0.00303 -2.31111e+00 | 75 -0.00002  2.35323e-01
 76 -0.03248 -2.44516e+00 | 77  0.00007  4.18649e+00 | 78 -0.00374 -2.83615e+00
 79 -0.00020 -5.86891e+00 | 80  0.01110 -1.44232e+00 | 81 -0.00002 -4.27176e-01
 82 -0.02100 -9.95817e-01 | 83  0.00004  2.36708e-01 | 84 -0.03048 -3.79930e+00
 85 -0.00008 -2.89895e+00 | 86  0.01928 -3.43976e+00 | 87  0.00008  9.02945e-01
 88  0.03171 -1.86153e+00 | 89  0.00007  3.50840e+00 | 90 -0.03346 -1.75688e+00
 91  0.00008  1.90276e+00 | 92 -0.00356 -1.06563e+00 | 93  0.00012  2.17720e+00
 94  0.03667 -1.02114e+00 | 95  0.00015  4.56244e+00 | 96 -0.01839 -2.19588e+00
 97  0.00014  7.67810e-01 | 98 -0.06445 -3.18081e+00 | 99 -0.00002  2.05543e+00
100 -0.01203 -6.08402e+00 |101  0.00049  2.35306e+00 |102  0.01634 -6.09398e+00
103  0.00027  2.29432e+00 |104 -0.00211 -1.30106e+00 |105  0.00047  6.47253e+00
106 -0.01563 -1.63272e+00 |107 -0.00040 -8.76545e+00 |108  0.02280 -2.43585e+00
109  0.00023  5.19986e+00 |110  0.02393 -1.37476e+00 |111  0.00023 -5.38267e+00
112  0.03206 -2.29148e-01 |113 -0.00049  1.60946e+00 |114  0.00663 -1.75684e+00
115  0.00003 -9.47325e-02 |116  0.00346 -9.24816e+00 |117 -0.00013  1.20997e+00
118  0.00514 -2.26716e-01 |119  0.00069 -1.99885e+00 |
119 variables; iteration 120; function evaluation 164; phase 5
Function value 1.0880620e+02; maximum gradient component mag -1.3913e+02
Var    Value     Gradient |Var    Value     Gradient |Var    Value     Gradient
  1  0.01869 -1.39126e+02 |  2 -0.07153 -1.00277e+00 |  3 -0.10982 -2.83376e+00
  4  0.00814  3.34316e+00 |  5 -0.01412 -1.74896e-01 |  6  0.01309 -4.68259e+00
  7 -0.06031  3.54569e+00 |  8 -0.08932 -3.77869e-01 |  9 -0.07719 -6.97466e+00
 10 -0.05293  2.21705e+00 | 11  0.03367  1.26477e+00 | 12  0.00415 -1.92649e+00
 13  0.07279 -1.17813e+01 | 14  0.00613 -5.95315e-01 | 15 -0.01488  3.45144e+00
 16  0.06716  2.27836e+00 | 17  0.02979  2.59235e+00 | 18 -0.03146 -1.20256e+00
 19 -0.00889 -3.17164e+00 | 20 -0.02786  9.81708e-01 | 21  0.04200  3.01127e+00
 22  0.05068  3.38618e+00 | 23 -0.04933  2.86587e+00 | 24 -0.03364  8.65811e+00
 25 -0.10457  4.25877e+00 | 26  0.00073 -4.12202e+00 | 27 -0.02416 -9.50049e+00
 28 -0.01123 -6.11581e+00 | 29  0.05992  1.59195e+00 | 30  0.00166  4.76137e+00
 31  0.06323  7.96476e+00 | 32 -0.01340  6.81683e+00 | 33  0.06790  6.61625e+00
 34  0.01498  1.40109e+00 | 35  0.06304  4.48170e+00 | 36  0.02935 -2.60792e+00
 37 -0.01139 -1.24157e+01 | 38  0.02479 -7.48215e+00 | 39 -0.02083 -1.24711e+00
 40  0.24618  7.15047e+01 | 41  0.25574  1.02403e+01 | 42  0.27258  3.97936e+01
 43  0.25275  4.50851e+01 | 44 -0.23283  7.56713e+01 | 45  0.09438 -1.03791e+01
 46 -0.26057 -7.26673e-01 | 47 -0.42602  5.83747e-01 | 48 -0.28754 -7.18821e+01
 49 -0.44026  3.40555e+01 | 50 -0.03321  9.43862e-01 | 51  0.00028  3.20960e+00
 52  0.00909 -8.52370e-01 | 53 -0.00011 -3.65623e+00 | 54 -0.00358 -1.87124e+00
 55  0.00025  1.46133e+00 | 56 -0.07744  4.83242e-02 | 57 -0.00028 -9.72829e+00
 58  0.00867 -2.06693e+00 | 59  0.00001 -7.92070e-01 | 60 -0.03281 -2.42499e-01
 61  0.00042  7.36244e+00 | 62  0.02178  1.73417e-01 | 63 -0.00003 -1.50320e+00
 64  0.05999 -5.04062e-01 | 65 -0.00074 -1.64707e+01 | 66 -0.01949 -2.97592e+00
 67  0.00080  2.21260e+01 | 68  0.01250 -8.23704e+00 | 69  0.00020  5.23900e+00
 70 -0.02364 -2.64057e+00 | 71  0.00033  7.79936e+00 | 72 -0.01888 -1.26769e+00
 73  0.00003 -5.17207e-01 | 74  0.00509 -1.12727e+00 | 75 -0.00026 -5.62732e+00
 76 -0.02878 -2.10748e-01 | 77 -0.00065 -1.37728e+01 | 78  0.00120 -7.54301e-01
 79  0.00069  1.87519e+01 | 80  0.01300  2.16788e-01 | 81  0.00003  8.71307e-01
 82 -0.02684 -5.73428e+00 | 83  0.00047  1.07008e+01 | 84 -0.02556 -6.14192e-01
 85  0.00041  9.02974e+00 | 86  0.02375 -1.04598e+00 | 87  0.00013  2.18727e+00
 88  0.03574  1.83692e+00 | 89  0.00001  1.79905e+00 | 90 -0.03119 -7.22962e-01
 91 -0.00003 -8.16111e-01 | 92  0.00018  4.24807e-01 | 93  0.00025  5.53065e+00
 94  0.03706 -4.78793e-01 | 95 -0.00078 -1.83798e+01 | 96 -0.01391  1.52683e+00
 97 -0.00009 -5.02632e+00 | 98 -0.06238 -2.41665e+00 | 99 -0.00019 -2.26842e+00
100 -0.00756 -2.23478e+00 |101  0.00031 -1.94879e+00 |102  0.02499  1.62962e+00
103 -0.00058 -1.90583e+01 |104 -0.00045 -7.89037e-02 |105 -0.00020 -9.99073e+00
106 -0.01331 -4.38312e-01 |107  0.00028  7.98213e+00 |108  0.02363 -2.44914e+00
109  0.00048  1.14233e+01 |110  0.02345 -2.17110e+00 |111  0.00086  1.01850e+01
112  0.03163 -1.13019e+00 |113 -0.00039  4.13597e+00 |114  0.00292 -5.53900e+00
115  0.00081  1.96335e+01 |116  0.01090 -2.69806e+00 |117  0.00013  7.41567e+00
118  0.01034  1.39094e+00 |119  0.00017 -1.55906e+01 |
119 variables; iteration 140; function evaluation 198; phase 5
Function value 1.0818452e+02; maximum gradient component mag 1.2384e+01
Var    Value     Gradient |Var    Value     Gradient |Var    Value     Gradient
  1  0.01849 -1.13641e+01 |  2 -0.06806 -2.17254e-02 |  3 -0.10220 -2.80176e-02
  4  0.00438  7.39551e-02 |  5 -0.01363  1.13316e-01 |  6  0.01305 -2.09548e-01
  7 -0.06252  3.07524e-01 |  8 -0.08982  1.68859e-01 |  9 -0.07639  3.65954e-02
 10 -0.05418  1.60379e-01 | 11  0.03345  1.41329e-01 | 12  0.00536  1.05263e-01
 13  0.07184 -4.79776e-01 | 14  0.00758  1.19984e-01 | 15 -0.01647  2.23013e-01
 16  0.06796  2.26281e-01 | 17  0.02980  3.18940e-01 | 18 -0.02996  3.20430e-01
 19 -0.00808  7.21330e-01 | 20 -0.02858  9.84470e-01 | 21  0.04203  2.55504e-01
 22  0.05148  2.17983e-01 | 23 -0.04900  2.11247e-01 | 24 -0.03528  2.73452e-01
 25 -0.10612  1.55415e-01 | 26  0.00175 -2.94432e-01 | 27 -0.02468 -8.84889e-01
 28 -0.01085 -9.82497e-01 | 29  0.06018  1.61262e+00 | 30  0.00216 -4.09742e-01
 31  0.06328  1.03189e-01 | 32 -0.01321  5.12100e-01 | 33  0.06743  1.07078e-01
 34  0.01504 -8.71997e-02 | 35  0.06299 -6.20410e-01 | 36  0.02954 -3.82874e-01
 37 -0.01029  7.34740e-02 | 38  0.02484 -1.83347e+00 | 39 -0.02111 -9.53416e-01
 40  0.24601 -6.15109e-01 | 41  0.25588 -2.60656e-01 | 42  0.27235  1.88587e+00
 43  0.25258 -1.76721e+00 | 44 -0.26525  1.23835e+01 | 45 -0.00188 -4.06982e+00
 46 -0.29321 -3.66249e+00 | 47 -0.46659  2.89639e+00 | 48 -0.28951  1.08727e+00
 49 -0.44461 -5.19802e-01 | 50 -0.03512 -5.50628e-02 | 51  0.00015 -3.31090e-02
 52  0.01018 -7.93796e-02 | 53  0.00003 -6.94937e-02 | 54 -0.00051 -2.97124e-02
 55  0.00016  1.90158e-01 | 56 -0.07820 -1.30482e-02 | 57  0.00011  7.02908e-02
 58  0.01043 -1.00303e-01 | 59  0.00004 -5.66589e-02 | 60 -0.03169 -9.11773e-02
 61  0.00009  1.49865e-01 | 62  0.02227 -5.37799e-02 | 63  0.00003  1.35668e-01
 64  0.06098 -1.02140e-01 | 65 -0.00009 -2.18778e-01 | 66 -0.01478 -1.05191e-01
 67 -0.00010  1.05559e-01 | 68  0.01581 -3.69353e-01 | 69 -0.00006  9.34046e-02
 70 -0.01900 -1.15660e-01 | 71  0.00000 -2.41964e-01 | 72 -0.01756 -9.85776e-02
 73  0.00006  1.58880e-01 | 74  0.00759 -1.08850e-01 | 75 -0.00003  2.68808e-02
 76 -0.02824 -7.54601e-02 | 77 -0.00010 -2.30103e-01 | 78  0.00379 -1.46374e-02
 79 -0.00006  3.39421e-01 | 80  0.01459 -3.43800e-03 | 81 -0.00000  2.82751e-02
 82 -0.02025 -1.45854e-01 | 83 -0.00001  1.32015e-01 | 84 -0.02428 -3.80092e-02
 85  0.00005  1.97534e-01 | 86  0.02609 -1.12820e-01 | 87  0.00005  1.56173e-01
 88  0.03541 -1.44110e-02 | 89 -0.00007  2.73806e-02 | 90 -0.02955 -6.60099e-02
 91  0.00001  1.21576e-01 | 92 -0.00179 -1.44211e-01 | 93  0.00002 -6.08199e-02
 94  0.03843 -9.07065e-02 | 95 -0.00004 -9.27344e-02 | 96 -0.01599 -9.86787e-02
 97  0.00008 -1.78100e-01 | 98 -0.06266 -6.05527e-01 | 99 -0.00014 -1.36545e-01
100 -0.00493  3.39765e-01 |101  0.00039  1.88475e-01 |102  0.02447 -8.44227e-02
103  0.00016 -3.90833e-01 |104  0.00051 -7.81078e-02 |105  0.00020 -1.50064e-01
106 -0.01178 -9.68018e-02 |107 -0.00005  1.31212e-01 |108  0.02744 -6.05944e-02
109  0.00003  2.33326e-01 |110  0.02624 -9.82701e-02 |111  0.00046  2.27822e-01
112  0.03362 -1.16803e-01 |113 -0.00056  3.57875e-02 |114  0.00922 -1.81002e-01
115  0.00003  3.59234e-01 |116  0.01201  1.98804e-01 |117 -0.00015  2.94668e-01
118  0.01120 -1.74039e+00 |119  0.00055 -6.43113e-01 |
119 variables; iteration 160; function evaluation 218; phase 5
Function value 1.0818186e+02; maximum gradient component mag 2.8259e-01
Var    Value     Gradient |Var    Value     Gradient |Var    Value     Gradient
  1  0.01848  2.82593e-01 |  2 -0.06799 -6.59842e-05 |  3 -0.10214 -7.23714e-04
  4  0.00430  1.80843e-03 |  5 -0.01363 -2.16451e-03 |  6  0.01310  7.93036e-04
  7 -0.06262 -2.48644e-03 |  8 -0.08982 -2.57003e-03 |  9 -0.07634 -1.26931e-03
 10 -0.05420 -2.83732e-03 | 11  0.03340 -2.40139e-04 | 12  0.00526  4.54546e-03
 13  0.07189  2.62625e-02 | 14  0.00757  2.71072e-04 | 15 -0.01652 -3.44329e-03
 16  0.06799 -3.15554e-03 | 17  0.02980 -1.57850e-03 | 18 -0.02996 -1.27757e-03
 19 -0.00811  2.91558e-03 | 20 -0.02855  1.06891e-02 | 21  0.04198 -2.62084e-03
 22  0.05148 -3.67787e-03 | 23 -0.04901 -4.02634e-03 | 24 -0.03533 -7.31879e-05
 25 -0.10612 -2.98671e-03 | 26  0.00177  1.26841e-03 | 27 -0.02464  9.21236e-03
 28 -0.01082  1.26249e-02 | 29  0.06016 -2.73425e-02 | 30  0.00219 -7.37939e-03
 31  0.06327 -2.20265e-03 | 32 -0.01323 -2.63012e-04 | 33  0.06740  5.57004e-04
 34  0.01503 -4.21457e-03 | 35  0.06302  2.55549e-03 | 36  0.02956 -1.32997e-03
 37 -0.01027 -4.39358e-03 | 38  0.02486  7.73006e-03 | 39 -0.02097  1.99861e-03
 40  0.24602  4.01365e-02 | 41  0.25590 -4.11525e-03 | 42  0.27234  2.02703e-02
 43  0.25261  1.53933e-02 | 44 -0.28125 -1.16730e-01 | 45 -0.04828  4.02013e-02
 46 -0.29195  1.43247e-01 | 47 -0.46501 -1.17698e-01 | 48 -0.29043 -1.01593e-02
 49 -0.44658  1.00051e-03 | 50 -0.03499  1.10103e-03 | 51  0.00015 -2.25559e-03
 52  0.01031  1.14699e-04 | 53  0.00004 -2.82029e-03 | 54 -0.00033  3.23219e-04
 55  0.00015  1.86410e-03 | 56 -0.07815  3.91933e-04 | 57  0.00011  1.75577e-03
 58  0.01059 -2.70251e-04 | 59  0.00004 -3.21935e-03 | 60 -0.03146  1.09662e-03
 61  0.00009  5.13130e-03 | 62  0.02244  1.65398e-03 | 63  0.00003  4.14113e-03
 64  0.06122 -3.44035e-04 | 65 -0.00008 -6.26233e-03 | 66 -0.01463  6.00405e-04
 67 -0.00010  1.03720e-03 | 68  0.01609  1.01395e-02 | 69 -0.00006  4.53945e-03
 70 -0.01877  4.73439e-05 | 71  0.00001 -7.28730e-03 | 72 -0.01739  8.17352e-04
 73  0.00006  2.74304e-03 | 74  0.00783  8.28050e-05 | 75 -0.00003  4.50636e-03
 76 -0.02806  7.98410e-04 | 77 -0.00009 -6.77644e-03 | 78  0.00389  6.45080e-04
 79 -0.00007  8.86735e-03 | 80  0.01466  1.71429e-03 | 81 -0.00000 -1.01947e-03
 82 -0.01996 -3.47593e-04 | 83 -0.00001  6.19649e-03 | 84 -0.02417  1.86815e-03
 85  0.00004  3.81370e-03 | 86  0.02632  3.44291e-04 | 87  0.00004  9.89262e-04
 88  0.03553  2.08643e-03 | 89 -0.00008  1.09502e-03 | 90 -0.02939  4.01914e-05
 91  0.00000  2.69462e-03 | 92 -0.00157 -3.07411e-04 | 93  0.00002 -2.35360e-03
 94  0.03859  1.57104e-03 | 95 -0.00004 -2.40778e-03 | 96 -0.01576  7.08444e-05
 97  0.00008 -7.55578e-04 | 98 -0.06238  8.29293e-03 | 99 -0.00014  3.29068e-03
100 -0.00502 -6.74306e-03 |101  0.00038 -2.66074e-03 |102  0.02464  2.15054e-03
103  0.00018 -1.00340e-02 |104  0.00066  1.71886e-03 |105  0.00020 -4.76774e-03
106 -0.01157  8.36972e-04 |107 -0.00005  2.18372e-03 |108  0.02760  6.90460e-04
109  0.00002  4.98432e-03 |110  0.02644  3.04591e-04 |111  0.00045  5.09665e-03
112  0.03380  6.63092e-04 |113 -0.00056  2.36757e-03 |114  0.00944  3.35540e-04
115  0.00002  9.71816e-03 |116  0.01194 -2.30782e-04 |117 -0.00016  3.94101e-03
118  0.01153  1.15904e-02 |119  0.00058 -7.69858e-03 |
119 variables; iteration 180; function evaluation 238; phase 5
Function value 1.0818177e+02; maximum gradient component mag -1.0838e+00
Var    Value     Gradient |Var    Value     Gradient |Var    Value     Gradient
  1  0.01848 -3.74143e-01 |  2 -0.06799  1.04043e-03 |  3 -0.10213  1.80666e-03
  4  0.00430  2.14887e-03 |  5 -0.01363  7.40366e-03 |  6  0.01310  4.52330e-03
  7 -0.06262  6.97855e-03 |  8 -0.08982  6.54726e-03 |  9 -0.07634  4.32752e-03
 10 -0.05421  4.19092e-03 | 11  0.03340 -1.54258e-03 | 12  0.00525 -1.01939e-02
 13  0.07188 -5.53495e-02 | 14  0.00757 -3.13893e-03 | 15 -0.01652  2.97078e-03
 16  0.06799 -7.01587e-03 | 17  0.02980 -1.23709e-02 | 18 -0.02996  9.23299e-03
 19 -0.00811  1.50924e-02 | 20 -0.02855  1.06246e-02 | 21  0.04198  7.65252e-03
 22  0.05149  1.01447e-02 | 23 -0.04901  1.31798e-02 | 24 -0.03533  1.05353e-02
 25 -0.10612  1.44540e-02 | 26  0.00177  5.73624e-03 | 27 -0.02464 -1.70246e-02
 28 -0.01082 -3.64426e-02 | 29  0.06016  5.48124e-02 | 30  0.00219  1.43125e-02
 31  0.06328  1.61599e-02 | 32 -0.01323  1.59703e-02 | 33  0.06740  2.22947e-02
 34  0.01504  1.12977e-02 | 35  0.06302 -1.73836e-02 | 36  0.02956 -1.38881e-02
 37 -0.01027 -1.18031e-02 | 38  0.02486 -6.24755e-02 | 39 -0.02097 -1.12638e-02
 40  0.24602 -4.96750e-02 | 41  0.25590  5.16684e-01 | 42  0.27234 -3.39872e-04
 43  0.25261 -6.66447e-02 | 44 -0.28026  1.02707e+00 | 45 -0.04542 -3.56396e-01
 46 -0.27305 -1.08376e+00 | 47 -0.44140  8.71361e-01 | 48 -0.29036 -1.35067e-01
 49 -0.44642  6.01091e-02 | 50 -0.03499 -2.43994e-03 | 51  0.00015  2.44847e-03
 52  0.01031 -1.76933e-03 | 53  0.00004  2.51518e-03 | 54 -0.00033 -9.52055e-04
 55  0.00015  6.49819e-03 | 56 -0.07815 -1.83412e-03 | 57  0.00011 -8.63885e-04
 58  0.01059 -1.34126e-03 | 59  0.00004  3.24378e-03 | 60 -0.03147 -2.95474e-03
 61  0.00009 -8.44366e-03 | 62  0.02244 -3.11209e-03 | 63  0.00002 -2.78869e-03
 64  0.06122 -1.15414e-03 | 65 -0.00008  5.62879e-03 | 66 -0.01464 -2.55450e-03
 67 -0.00010  2.66694e-04 | 68  0.01609 -2.17610e-02 | 69 -0.00006 -3.05461e-03
 70 -0.01878 -2.28175e-03 | 71  0.00001  5.77318e-03 | 72 -0.01739 -2.68664e-03
 73  0.00005 -1.29308e-03 | 74  0.00783 -1.98358e-03 | 75 -0.00003 -4.13846e-03
 76 -0.02806 -2.83512e-03 | 77 -0.00009  4.09585e-03 | 78  0.00389 -1.73056e-03
 79 -0.00007 -7.22010e-03 | 80  0.01465 -2.94396e-03 | 81 -0.00000  1.25159e-03
 82 -0.01997 -2.09528e-03 | 83 -0.00001 -3.18316e-03 | 84 -0.02418 -2.81830e-03
 85  0.00004 -1.82300e-03 | 86  0.02632 -1.80339e-03 | 87  0.00004  4.38222e-04
 88  0.03553 -3.47117e-03 | 89 -0.00008 -4.10371e-04 | 90 -0.02939 -1.30196e-03
 91  0.00000 -1.57121e-03 | 92 -0.00157 -1.55382e-03 | 93  0.00002  2.25048e-03
 94  0.03859 -2.74524e-03 | 95 -0.00004  2.39672e-03 | 96 -0.01576 -1.31019e-03
 97  0.00008 -2.33619e-03 | 98 -0.06239 -2.00828e-02 | 99 -0.00014 -1.33130e-02
100 -0.00501  5.57168e-03 |101  0.00038  3.58393e-03 |102  0.02463 -5.72483e-03
103  0.00018  6.81987e-03 |104  0.00066 -3.81708e-03 |105  0.00020  5.20009e-03
106 -0.01157 -2.41345e-03 |107 -0.00005 -1.52809e-03 |108  0.02760 -2.03423e-03
109  0.00002 -3.40810e-03 |110  0.02644 -1.80310e-03 |111  0.00045 -3.70157e-03
112  0.03380 -3.15482e-03 |113 -0.00056 -1.89534e-03 |114  0.00943 -3.46628e-03
115  0.00002 -8.40515e-03 |116  0.01194 -1.33367e-03 |117 -0.00016 -6.03199e-04
118  0.01152 -5.23021e-02 |119  0.00058  3.75603e-03 |
119 variables; iteration 200; function evaluation 262; phase 5
Function value 1.0818031e+02; maximum gradient component mag -4.5317e-01
Var    Value     Gradient |Var    Value     Gradient |Var    Value     Gradient
  1  0.01847  3.22199e-01 |  2 -0.06798  1.88652e-03 |  3 -0.10212  1.11184e-03
  4  0.00431  8.48070e-05 |  5 -0.01361 -3.69985e-03 |  6  0.01313 -3.44472e-03
  7 -0.06260 -4.39279e-03 |  8 -0.08980 -5.51589e-03 |  9 -0.07632 -6.44429e-03
 10 -0.05419 -2.83213e-03 | 11  0.03341 -1.78062e-03 | 12  0.00527  1.01841e-03
 13  0.07191  1.40157e-02 | 14  0.00757 -2.27678e-03 | 15 -0.01653 -5.17461e-03
 16  0.06800 -5.83094e-03 | 17  0.02982 -6.32278e-03 | 18 -0.02996 -6.09761e-03
 19 -0.00807 -1.69179e-03 | 20 -0.02853  8.84949e-03 | 21  0.04193 -1.07685e-02
 22  0.05147 -8.79361e-03 | 23 -0.04911 -3.68868e-03 | 24 -0.03549 -5.56505e-03
 25 -0.10622 -2.59312e-03 | 26  0.00181  3.54923e-03 | 27 -0.02462  2.80473e-03
 28 -0.01078  1.22167e-02 | 29  0.06017  3.98573e-02 | 30  0.00220  3.62322e-03
 31  0.06326 -9.58481e-03 | 32 -0.01324 -4.18256e-03 | 33  0.06740  5.67695e-03
 34  0.01501 -1.22603e-03 | 35  0.06302  1.64551e-03 | 36  0.02957  3.94982e-03
 37 -0.01026  3.30071e-03 | 38  0.02489  1.49246e-03 | 39 -0.02092  4.89828e-03
 40  0.24603 -1.40706e-03 | 41  0.25665  9.74285e-02 | 42  0.27235  4.21106e-03
 43  0.25263 -1.52496e-02 | 44 -0.28148 -4.53168e-01 | 45 -0.04892  1.56977e-01
 46 -0.22031 -1.98296e-01 | 47 -0.37833  1.73366e-01 | 48 -0.29022  1.90769e-01
 49 -0.44615 -9.42532e-02 | 50 -0.03498  1.65468e-03 | 51  0.00015  9.32687e-04
 52  0.01032  8.04048e-04 | 53  0.00004  5.80711e-04 | 54 -0.00031  7.20083e-04
 55  0.00015  2.02458e-03 | 56 -0.07814  3.23999e-05 | 57  0.00011 -8.12302e-04
 58  0.01061  1.45026e-04 | 59  0.00004  7.47949e-04 | 60 -0.03145  1.34850e-03
 61  0.00009  2.61634e-03 | 62  0.02246  5.12221e-04 | 63  0.00002 -1.45832e-03
 64  0.06123  1.13617e-03 | 65 -0.00008  1.84894e-03 | 66 -0.01462  1.40361e-03
 67 -0.00010 -1.09397e-03 | 68  0.01612  7.78054e-03 | 69 -0.00006 -8.68364e-04
 70 -0.01877  1.44169e-03 | 71  0.00001  2.90689e-03 | 72 -0.01738  1.73899e-03
 73  0.00005 -1.26215e-03 | 74  0.00784  1.65832e-03 | 75 -0.00003 -2.24494e-04
 76 -0.02805  1.53128e-03 | 77 -0.00009  7.82825e-04 | 78  0.00387  7.22618e-04
 79 -0.00007 -2.21111e-03 | 80  0.01468  1.33746e-03 | 81 -0.00000 -1.43709e-04
 82 -0.01991  1.04563e-03 | 83 -0.00001  1.03412e-03 | 84 -0.02420  1.01305e-03
 85  0.00004 -2.00121e-03 | 86  0.02635  1.21343e-03 | 87  0.00004 -1.08837e-03
 88  0.03554  4.14809e-04 | 89 -0.00008 -4.89851e-04 | 90 -0.02944  1.13657e-03
 91  0.00000 -9.00083e-04 | 92 -0.00172  1.71693e-03 | 93  0.00002  8.72495e-04
 94  0.03858  6.39577e-04 | 95 -0.00004  1.10413e-03 | 96 -0.01585  1.88843e-03
 97  0.00008  6.21590e-04 | 98 -0.06238  5.13246e-03 | 99 -0.00014  2.66189e-03
100 -0.00502  6.52941e-03 |101  0.00038  1.20640e-03 |102  0.02464  1.78166e-03
103  0.00018  1.11653e-03 |104  0.00061  1.34925e-03 |105  0.00020  1.14572e-03
106 -0.01158  1.84482e-03 |107 -0.00005 -1.56002e-04 |108  0.02761  6.77919e-04
109  0.00002 -6.64577e-04 |110  0.02646  1.19898e-03 |111  0.00045 -1.48325e-03
112  0.03382  1.27197e-03 |113 -0.00056 -7.31674e-04 |114  0.00945  2.15485e-03
115  0.00002 -1.84715e-03 |116  0.01192  2.96390e-03 |117 -0.00016 -9.52393e-04
118  0.01153  7.86418e-03 |119  0.00058 -8.97620e-04 |
119 variables; iteration 220; function evaluation 282; phase 5
Function value 1.0818031e+02; maximum gradient component mag 4.5155e-01
Var    Value     Gradient |Var    Value     Gradient |Var    Value     Gradient
  1  0.01847 -3.50811e-01 |  2 -0.06799 -3.35073e-04 |  3 -0.10213  6.09181e-04
  4  0.00431 -1.00194e-04 |  5 -0.01361  4.11679e-03 |  6  0.01313  1.49616e-03
  7 -0.06260  4.27248e-03 |  8 -0.08980  5.84748e-03 |  9 -0.07632  4.15391e-03
 10 -0.05420  3.54885e-03 | 11  0.03341  8.06473e-04 | 12  0.00527 -4.49866e-03
 13  0.07191 -3.02252e-02 | 14  0.00757 -5.66436e-04 | 15 -0.01653  2.50796e-03
 16  0.06800 -5.08456e-03 | 17  0.02981 -1.19967e-02 | 18 -0.02996 -1.42326e-02
 19 -0.00806  6.86863e-03 | 20 -0.02853  3.92839e-03 | 21  0.04193  7.19141e-03
 22  0.05147  6.32811e-03 | 23 -0.04911  4.56475e-03 | 24 -0.03549  2.80244e-03
 25 -0.10622  2.95634e-03 | 26  0.00181 -3.95497e-03 | 27 -0.02462 -1.13585e-02
 28 -0.01078 -2.79145e-02 | 29  0.06017 -4.19084e-02 | 30  0.00220 -8.68904e-03
 31  0.06326 -3.95473e-03 | 32 -0.01324  5.15345e-03 | 33  0.06740 -5.41344e-03
 34  0.01501  6.45123e-03 | 35  0.06302  1.83933e-02 | 36  0.02958  4.31834e-02
 37 -0.01026  6.94688e-02 | 38  0.02489 -1.87332e-02 | 39 -0.02092 -8.83916e-03
 40  0.24603 -5.27884e-02 | 41  0.25665 -5.58853e-02 | 42  0.27235 -2.82125e-02
 43  0.25262 -3.64339e-02 | 44 -0.28022  4.51546e-01 | 45 -0.04529 -1.56666e-01
 46 -0.22029  5.89059e-02 | 47 -0.37832 -4.90354e-02 | 48 -0.28993 -2.39071e-01
 49 -0.44553  1.09262e-01 | 50 -0.03499 -1.74168e-03 | 51  0.00015  7.59219e-04
 52  0.01032 -8.02097e-04 | 53  0.00004  1.84498e-03 | 54 -0.00031 -6.84351e-04
 55  0.00015 -1.04720e-03 | 56 -0.07814 -6.36469e-04 | 57  0.00011 -1.47591e-04
 58  0.01061 -5.94696e-04 | 59  0.00004  1.71078e-03 | 60 -0.03144 -1.76633e-03
 61  0.00009 -5.27838e-03 | 62  0.02246 -1.69458e-03 | 63  0.00003 -9.23355e-04
 64  0.06123 -6.19538e-04 | 65 -0.00008  2.87281e-03 | 66 -0.01462 -1.23680e-03
 67 -0.00010  3.81525e-04 | 68  0.01612 -1.24705e-02 | 69 -0.00006 -2.96436e-03
 70 -0.01877 -1.33281e-03 | 71  0.00001  1.75515e-03 | 72 -0.01738 -1.33381e-03
 73  0.00005 -7.70971e-05 | 74  0.00784 -1.12865e-03 | 75 -0.00003 -2.32835e-03
 76 -0.02805 -1.48757e-03 | 77 -0.00009  4.10447e-03 | 78  0.00386 -1.02573e-03
 79 -0.00007 -7.40708e-03 | 80  0.01468 -1.68800e-03 | 81 -0.00000  9.69547e-04
 82 -0.01991 -8.93953e-05 | 83 -0.00001 -2.28789e-03 | 84 -0.02420 -1.72565e-03
 85  0.00004 -2.19271e-04 | 86  0.02635 -1.17308e-03 | 87  0.00004  8.17746e-04
 88  0.03554 -1.80527e-03 | 89 -0.00008 -2.88036e-04 | 90 -0.02944 -1.01923e-03
 91  0.00000 -4.89423e-04 | 92 -0.00172 -1.28262e-03 | 93  0.00002  7.29111e-04
 94  0.03858 -1.94583e-03 | 95 -0.00004  1.33076e-03 | 96 -0.01585 -1.58375e-03
 97  0.00008 -1.27635e-03 | 98 -0.06238 -9.42816e-03 | 99 -0.00014 -2.69839e-03
100 -0.00502 -6.92271e-03 |101  0.00038 -1.70587e-04 |102  0.02464 -3.95702e-03
103  0.00018  6.92638e-03 |104  0.00061 -2.92876e-03 |105  0.00020  3.34065e-03
106 -0.01158 -1.13358e-03 |107 -0.00005 -9.15856e-04 |108  0.02762 -1.28010e-03
109  0.00002 -2.77893e-03 |110  0.02647 -1.28035e-03 |111  0.00045 -2.25555e-03
112  0.03382 -1.55953e-03 |113 -0.00056 -1.80421e-03 |114  0.00945  7.04440e-05
115  0.00002 -7.38932e-03 |116  0.01195  3.57242e-02 |117 -0.00016  3.06847e-03
118  0.01153 -2.88995e-02 |119  0.00058  1.08335e-04 |
119 variables; iteration 240; function evaluation 325; phase 5
Function value 1.0687221e+02; maximum gradient component mag -7.5886e+02
Var    Value     Gradient |Var    Value     Gradient |Var    Value     Gradient
  1  0.01814 -7.58860e+02 |  2 -0.06759 -1.66751e-01 |  3 -0.10192 -4.13282e-01
  4  0.00452 -2.49196e+00 |  5 -0.01309  8.54403e+00 |  6  0.01382  7.63736e+00
  7 -0.06186  1.04615e+01 |  8 -0.08933  9.71721e+00 |  9 -0.07556  1.09447e+01
 10 -0.05337  1.13081e+01 | 11  0.03477  1.52601e+01 | 12  0.00682  1.99429e+01
 13  0.07266  4.44477e+01 | 14  0.00725  1.55971e+01 | 15 -0.01690  1.05722e+01
 16  0.06803  1.14276e+01 | 17  0.03044  1.25423e+01 | 18 -0.02850  1.47616e+01
 19 -0.00812  1.67668e+01 | 20 -0.02744  2.00141e+01 | 21  0.04039  9.20797e+00
 22  0.05062  1.02042e+01 | 23 -0.05025  1.03011e+01 | 24 -0.03672  9.53959e+00
 25 -0.10707  9.77054e+00 | 26  0.00191  1.01310e+01 | 27 -0.02332  1.19351e+01
 28 -0.01039  1.27510e+01 | 29  0.05837 -1.18409e+02 | 30  0.00140 -3.03436e+01
 31  0.06155 -5.27736e+01 | 32 -0.01254  3.62944e+01 | 33  0.06187 -5.59660e+01
 34  0.01219 -8.82769e+00 | 35  0.06081 -5.56000e+01 | 36  0.02869 -5.47025e+01
 37 -0.00993 -2.69766e+01 | 38  0.02606  6.76907e+00 | 39 -0.01358  4.09476e+01
 40  0.24660 -9.02660e+00 | 41  0.25866  5.15770e+00 | 42  0.27325  1.21693e+01
 43  0.25542 -2.34719e+01 | 44 -0.30127 -2.87104e+02 | 45 -0.10561  9.94990e+01
 46 -0.20634 -4.39331e+00 | 47 -0.36339  3.78648e+00 | 48 -0.22833 -4.98564e+02
 49 -0.32740  2.50507e+02 | 50 -0.03469  1.04561e+00 | 51  0.00018  5.80331e-01
 52  0.01100  1.47819e+00 | 53  0.00005  3.40202e-01 | 54  0.00068  1.63570e+00
 55  0.00018  5.06568e-01 | 56 -0.07723  9.54705e-01 | 57  0.00012  2.01004e-01
 58  0.01153  1.74988e+00 | 59  0.00006  5.05594e-01 | 60 -0.03075  1.42637e+00
 61  0.00003 -1.33165e+00 | 62  0.02312  1.64196e+00 | 63  0.00002 -3.06953e-01
 64  0.06208  1.59945e+00 | 65 -0.00004  8.68272e-01 | 66 -0.01315  1.80132e+00
 67 -0.00011 -4.11867e-01 | 68  0.01740  1.22353e+01 | 69 -0.00002  3.06830e+00
 70 -0.01832  1.47815e+00 | 71  0.00008  1.38303e+00 | 72 -0.01699  1.54688e+00
 73  0.00004 -4.25922e-01 | 74  0.00832  1.33006e+00 | 75 -0.00002  2.30966e-01
 76 -0.02797  1.10314e+00 | 77 -0.00006  6.62627e-01 | 78  0.00549  1.54475e+00
 79 -0.00008 -4.40774e-01 | 80  0.01452  1.25246e+00 | 81  0.00001  8.81213e-02
 82 -0.01864  9.96284e-01 | 83 -0.00004 -5.87829e-01 | 84 -0.02438  1.24585e+00
 85  0.00003 -4.93779e-01 | 86  0.02686  1.32866e+00 | 87  0.00003 -4.12484e-01
 88  0.03549  1.19086e+00 | 89 -0.00007  1.03697e-01 | 90 -0.02934  9.75810e-01
 91 -0.00001 -2.03160e-01 | 92 -0.00253  1.54597e+00 | 93  0.00004  5.07314e-01
 94  0.03832  1.29487e+00 | 95 -0.00001  5.62714e-01 | 96 -0.01488  1.48973e+00
 97  0.00008 -8.83613e-02 | 98 -0.05999  1.09451e+01 | 99 -0.00013  2.61193e+00
100 -0.00318 -1.28285e+01 |101  0.00047  1.93067e+00 |102  0.02343 -5.95263e+00
103  0.00018  7.27353e-01 |104 -0.00188 -4.25793e+00 |105  0.00026  1.73465e+00
106 -0.01064  1.95758e+00 |107 -0.00007 -4.25900e-01 |108  0.02683 -6.17979e-01
109  0.00003  6.45347e-01 |110  0.02508 -1.05970e+00 |111  0.00047  7.96997e-01
112  0.03187 -2.67893e+00 |113 -0.00054  1.61722e+00 |114  0.00718 -6.45494e+00
115  0.00004  2.03453e+00 |116  0.00492 -1.70159e+01 |117 -0.00016  1.96207e+00
118  0.00833  5.57499e+00 |119  0.00077  7.54209e+00 |
119 variables; iteration 260; function evaluation 365; phase 5
Function value 9.8198371e+01; maximum gradient component mag -5.8115e+02
Var    Value     Gradient |Var    Value     Gradient |Var    Value     Gradient
  1  0.01676  5.22963e+02 |  2 -0.06634  2.30330e-01 |  3 -0.10074  5.85383e-02
  4  0.00752  1.55035e+00 |  5 -0.01063 -5.75269e+00 |  6  0.01701 -2.19429e+00
  7 -0.05977 -7.10392e+00 |  8 -0.08679 -6.24835e+00 |  9 -0.07244 -4.16480e+00
 10 -0.05227 -7.57301e+00 | 11  0.03442 -9.55306e+00 | 12  0.00621 -1.16659e+01
 13  0.07607 -1.87696e+01 | 14  0.00722 -9.64385e+00 | 15 -0.01704 -6.69118e+00
 16  0.06929 -5.05617e+00 | 17  0.03332 -4.02082e+00 | 18 -0.03372 -1.08551e+01
 19 -0.00706 -9.26151e+00 | 20 -0.02275 -9.42155e+00 | 21  0.03742 -8.26169e+00
 22  0.04838 -8.74270e+00 | 23 -0.05156 -7.59143e+00 | 24 -0.03837 -6.45434e+00
 25 -0.10837 -6.32191e+00 | 26  0.00398 -2.55640e+00 | 27 -0.01944  2.93659e-02
 28 -0.01213  6.99126e+00 | 29  0.06037  6.72566e+01 | 30  0.00173  9.72578e+00
 31  0.05986  1.04576e+01 | 32 -0.02252 -1.37401e+01 | 33  0.05161  1.48092e+01
 34  0.00369  1.16644e+00 | 35  0.05851  1.77892e+01 | 36  0.02953  1.91617e+01
 37 -0.00836  1.41765e+01 | 38  0.03000  2.27254e+01 | 39 -0.00597 -7.02804e+00
 40  0.24838  1.80549e+01 | 41  0.26178  2.68542e+01 | 42  0.27524 -9.62688e+00
 43  0.27617  2.67362e+01 | 44 -0.28784 -5.81153e+02 | 45 -0.06744  2.02989e+02
 46 -0.20294 -1.01716e+01 | 47 -0.36150  5.95677e+00 | 48 -0.13288  2.52726e+01
 49 -0.23896 -5.40914e+01 | 50 -0.03494 -6.52383e-02 | 51  0.00011 -1.01778e+00
 52  0.00957 -3.91118e-01 | 53 -0.00001 -1.04132e+00 | 54 -0.00021 -5.89623e-01
 55  0.00019  1.16730e+00 | 56 -0.07848 -3.59874e-01 | 57  0.00009 -5.69733e-01
 58  0.01037 -1.84356e-01 | 59  0.00000 -8.72206e-01 | 60 -0.03021  1.03257e-01
 61  0.00011  8.62625e-01 | 62  0.02329  1.13840e-02 | 63  0.00003  1.66509e-01
 64  0.06115 -4.32539e-01 | 65 -0.00014 -1.48767e+00 | 66 -0.01630 -5.27734e-01
 67 -0.00009  2.32987e-01 | 68  0.01850 -3.97030e+00 | 69 -0.00007 -1.24092e+00
 70 -0.02022 -5.53502e-02 | 71 -0.00005 -1.63790e+00 | 72 -0.01914 -3.97675e-01
 73  0.00004 -1.02047e-01 | 74  0.00661 -2.05734e-01 | 75 -0.00004 -2.86351e-01
 76 -0.02467  1.62632e+00 | 77 -0.00014 -1.23700e+00 | 78 -0.00483 -9.19180e-01
 79 -0.00005  1.12241e+00 | 80  0.00980 -1.26143e-01 | 81 -0.00003 -5.45577e-01
 82 -0.01712 -3.41816e-01 | 83  0.00024  3.19782e+00 | 84 -0.02607  2.76412e-01
 85  0.00005  2.66708e-01 | 86  0.02464  6.63123e-02 | 87  0.00004  1.50699e-01
 88  0.03440  5.33257e-01 | 89 -0.00010 -1.99623e-01 | 90 -0.03164 -7.94650e-02
 91 -0.00001  4.77619e-02 | 92 -0.00897 -1.54697e-01 | 93 -0.00002 -7.52328e-01
 94  0.03535  1.60310e-01 | 95 -0.00007 -7.69620e-01 | 96 -0.01457 -1.28057e-01
 97  0.00010  1.65939e-03 | 98 -0.04986 -3.17707e-01 | 99  0.00003 -3.00087e+00
100 -0.00150  9.68481e+00 |101  0.00038 -6.59546e-02 |102  0.01246  2.33326e+00
103  0.00003 -9.92057e-01 |104 -0.00354  1.70744e+00 |105  0.00008 -1.93563e+00
106 -0.02259  1.49204e-01 |107 -0.00005  2.97131e-01 |108  0.01974  7.07788e-01
109 -0.00003  5.18034e-02 |110  0.01017  8.96938e-01 |111  0.00035 -2.37376e-01
112  0.01721  1.20272e+00 |113 -0.00075 -4.54476e-02 |114 -0.00284  2.44393e+00
115 -0.00026  1.03787e+00 |116  0.00838  8.45149e+00 |117 -0.00041 -2.27367e+00
118  0.01689  1.76320e+01 |119  0.00101  8.93516e-01 |
119 variables; iteration 280; function evaluation 391; phase 5
Function value 9.7605263e+01; maximum gradient component mag -1.2837e+02
Var    Value     Gradient |Var    Value     Gradient |Var    Value     Gradient
  1  0.01641 -2.08548e+01 |  2 -0.06667 -1.02660e-02 |  3 -0.10018 -2.27160e-02
  4  0.00745 -1.50991e-01 |  5 -0.00974  2.25253e-01 |  6  0.01763  3.70678e-01
  7 -0.05906  2.39345e-01 |  8 -0.08610  2.58929e-01 |  9 -0.07191  4.86829e-01
 10 -0.05168  2.88649e-01 | 11  0.03620  3.50325e-01 | 12  0.00844  4.63822e-01
 13  0.07653  1.42408e+00 | 14  0.00713  3.43695e-01 | 15 -0.01755  2.60018e-01
 16  0.06924  2.94649e-01 | 17  0.03309  3.62151e-01 | 18 -0.03160  6.50740e-02
 19 -0.00699 -4.33545e-01 | 20 -0.02181  1.20898e-01 | 21  0.03644 -5.13239e-01
 22  0.04809 -3.54474e-01 | 23 -0.05259  7.87101e-02 | 24 -0.03929 -2.22968e-01
 25 -0.10900 -5.16207e-03 | 26  0.00393  1.01787e-01 | 27 -0.01809  2.32839e-03
 28 -0.01212 -3.33127e-02 | 29  0.05823 -1.12431e+01 | 30  0.00101 -2.92092e+00
 31  0.05907  6.55858e-02 | 32 -0.02246 -1.37944e+00 | 33  0.04819  1.79270e+00
 34  0.00180  8.35263e-01 | 35  0.05735  1.31720e+00 | 36  0.02937  1.40016e+00
 37 -0.00806 -1.22219e-01 | 38  0.03081  4.41794e+00 | 39 -0.00494  1.66778e+00
 40  0.24882 -2.92697e-01 | 41  0.26493 -1.52659e+01 | 42  0.27618 -5.08475e-01
 43  0.27916  6.40362e-01 | 44 -0.26201 -1.28371e+02 | 45  0.00611  4.48053e+01
 46 -0.18459  2.62367e+00 | 47 -0.34478 -4.69450e-01 | 48 -0.12490  2.35245e+00
 49 -0.23640 -4.07944e+00 | 50 -0.03463  9.39116e-02 | 51  0.00015 -2.56384e-02
 52  0.01078  9.99258e-02 | 53  0.00003 -3.04783e-02 | 54  0.00126  1.22675e-01
 55  0.00017  1.44574e-01 | 56 -0.07724  6.70534e-02 | 57  0.00011 -5.40301e-02
 58  0.01155  1.69821e-01 | 59  0.00004  1.00680e-02 | 60 -0.02946  1.38522e-01
 61  0.00009 -1.18791e-01 | 62  0.02374  1.50496e-01 | 63  0.00002 -6.17956e-02
 64  0.06237  1.47435e-01 | 65 -0.00008  2.24778e-02 | 66 -0.01407  1.20919e-01
 67 -0.00010 -3.45186e-02 | 68  0.02032  4.95026e-01 | 69 -0.00005  1.81945e-02
 70 -0.01952  1.42202e-01 | 71  0.00002  5.38855e-02 | 72 -0.01829  1.16534e-01
 73  0.00005 -8.28300e-02 | 74  0.00761  1.12256e-01 | 75 -0.00004 -4.58796e-02
 76 -0.02691  2.18052e-01 | 77 -0.00009  4.69132e-02 | 78 -0.00245  1.13462e-01
 79 -0.00010 -2.86504e-03 | 80  0.01015  9.88217e-02 | 81 -0.00001 -3.77493e-02
 82 -0.01526  9.47554e-02 | 83  0.00014  1.47551e-01 | 84 -0.02628  1.21422e-01
 85  0.00004 -7.28250e-02 | 86  0.02523  1.37958e-01 | 87  0.00003 -4.28753e-02
 88  0.03420  1.50561e-01 | 89 -0.00009 -2.08083e-02 | 90 -0.03147  8.27930e-02
 91 -0.00002 -5.91026e-02 | 92 -0.00970  1.37340e-01 | 93  0.00001  1.10160e-02
 94  0.03480  9.30651e-02 | 95 -0.00004  1.44501e-02 | 96 -0.01358  1.39587e-01
 97  0.00012 -5.61353e-02 | 98 -0.04626  1.27713e+00 | 99  0.00016  8.40411e-02
100 -0.00728 -4.15644e+00 |101  0.00033 -8.10628e-01 |102  0.01353  1.98507e-02
103  0.00006  5.07436e-02 |104 -0.00504  2.81789e-01 |105  0.00015 -6.05524e-02
106 -0.02305  8.56475e-02 |107 -0.00006 -3.43618e-02 |108  0.01900  1.98083e-01
109 -0.00005 -1.03147e-01 |110  0.00863  2.50465e-01 |111  0.00035 -1.18601e-01
112  0.01579  2.52503e-01 |113 -0.00078 -6.14574e-02 |114 -0.00410  3.49958e-01
115 -0.00034 -1.13254e-01 |116  0.00912 -1.22047e+00 |117 -0.00031 -4.33855e-01
118  0.00870  4.36112e+00 |119  0.00100  1.88831e-03 |
119 variables; iteration 300; function evaluation 411; phase 5
Function value 9.7594231e+01; maximum gradient component mag -9.1192e+01
Var    Value     Gradient |Var    Value     Gradient |Var    Value     Gradient
  1  0.01641 -3.18465e+01 |  2 -0.06666  1.28783e-02 |  3 -0.10018  1.34819e-02
  4  0.00745  2.89981e-02 |  5 -0.00971  4.97376e-01 |  6  0.01764  5.09487e-01
  7 -0.05905  4.50817e-01 |  8 -0.08609  4.30863e-01 |  9 -0.07191  3.72836e-01
 10 -0.05165  4.39199e-01 | 11  0.03630  3.75919e-01 | 12  0.00859  2.94132e-01
 13  0.07652 -1.99323e-01 | 14  0.00706 -2.90415e-02 | 15 -0.01767 -5.75284e-01
 16  0.06905 -4.37268e+00 | 17  0.03265 -7.26624e+00 | 18 -0.03110 -1.15769e+00
 19 -0.00695  5.10122e-01 | 20 -0.02180  7.90460e-01 | 21  0.03638  2.74484e-01
 22  0.04807  3.08628e-01 | 23 -0.05270  4.28068e-01 | 24 -0.03941  3.34663e-01
 25 -0.10911  3.98031e-01 | 26  0.00393  4.66773e-01 | 27 -0.01806  4.86021e-01
 28 -0.01209  3.36538e-01 | 29  0.05827  1.97427e+00 | 30  0.00113  8.38742e-01
 31  0.05908  1.20421e+00 | 32 -0.02236  8.35759e-01 | 33  0.04810  7.06656e-01
 34  0.00173  3.49043e-01 | 35  0.05732  2.66283e-01 | 36  0.02935  1.54993e-01
 37 -0.00809 -1.53970e-01 | 38  0.03084 -3.88203e-01 | 39 -0.00474  2.67374e-02
 40  0.24884  1.89486e-01 | 41  0.26544 -2.88755e+00 | 42  0.27619  2.35239e-01
 43  0.27921  3.59059e-01 | 44 -0.25996 -9.11917e+01 | 45  0.01176  3.20463e+01
 46 -0.18214 -6.02198e-01 | 47 -0.34264  1.23458e+00 | 48 -0.12471  8.11253e-02
 49 -0.23628 -1.99753e-01 | 50 -0.03454 -2.16301e-03 | 51  0.00015  1.74623e-02
 52  0.01091 -1.70550e-03 | 53  0.00003  3.96275e-03 | 54  0.00138  1.61891e-02
 55  0.00017  1.42210e-01 | 56 -0.07717 -1.24531e-02 | 57  0.00011 -1.55934e-02
 58  0.01162 -1.88842e-03 | 59  0.00004  5.56393e-03 | 60 -0.02939  9.34489e-04
 61  0.00009 -2.39552e-02 | 62  0.02380 -2.29597e-03 | 63  0.00002 -2.92989e-02
 64  0.06244  5.03702e-03 | 65 -0.00008  2.05104e-02 | 66 -0.01391 -1.27545e-02
 67 -0.00010  4.64154e-03 | 68  0.02050 -9.16530e-02 | 69 -0.00004 -1.22942e-02
 70 -0.01947 -6.56743e-03 | 71  0.00002  1.99317e-02 | 72 -0.01818 -1.37697e-02
 73  0.00005 -1.15939e-03 | 74  0.00771 -1.48433e-01 | 75 -0.00004 -6.28462e-03
 76 -0.02806 -1.28631e+00 | 77 -0.00010 -4.80012e-01 | 78 -0.00239 -4.39849e-02
 79 -0.00010 -1.26551e-01 | 80  0.01027 -5.27116e-03 | 81 -0.00001  7.90441e-04
 82 -0.01513 -2.01741e-02 | 83  0.00014  3.40659e-02 | 84 -0.02623 -8.29735e-03
 85  0.00004 -1.21809e-02 | 86  0.02528 -8.25651e-03 | 87  0.00003 -9.01383e-04
 88  0.03424 -1.18081e-02 | 89 -0.00009 -5.80172e-03 | 90 -0.03145 -2.52895e-03
 91 -0.00001 -9.23498e-03 | 92 -0.00981 -7.47872e-04 | 93  0.00001  9.00803e-03
 94  0.03481 -1.92199e-03 | 95 -0.00004 -1.75391e-03 | 96 -0.01358  1.51762e-03
 97  0.00012 -2.68323e-02 | 98 -0.04612 -7.58552e-02 | 99  0.00017 -1.97023e-01
100 -0.00606 -1.14058e-01 |101  0.00033 -8.85161e-02 |102  0.01371  1.39421e-01
103  0.00006 -4.96968e-04 |104 -0.00505  3.60368e-02 |105  0.00016  1.83086e-02
106 -0.02290  4.61944e-02 |107 -0.00006 -1.14860e-02 |108  0.01902  3.80322e-03
109 -0.00005 -4.06628e-03 |110  0.00870  1.55841e-02 |111  0.00036 -2.29595e-02
112  0.01587  1.56027e-02 |113 -0.00078 -3.84046e-02 |114 -0.00404  1.16541e-02
115 -0.00034 -6.08689e-02 |116  0.00972 -3.84656e-01 |117 -0.00029 -7.41027e-02
118  0.00834 -4.03550e-01 |119  0.00099 -1.85168e-03 |
119 variables; iteration 320; function evaluation 432; phase 5
Function value 9.7539464e+01; maximum gradient component mag 5.5876e-01
Var    Value     Gradient |Var    Value     Gradient |Var    Value     Gradient
  1  0.01638 -4.96903e-01 |  2 -0.06705 -1.72960e-04 |  3 -0.10071  7.31672e-04
  4  0.00665  1.07763e-03 |  5 -0.00985  7.41416e-03 |  6  0.01794  5.43409e-03
  7 -0.05937  6.57776e-03 |  8 -0.08635  7.42565e-03 |  9 -0.07166  4.99320e-03
 10 -0.05185  5.92135e-03 | 11  0.03611  1.22443e-03 | 12  0.00858 -5.72978e-03
 13  0.07692 -3.89633e-02 | 14  0.00662  4.79885e-04 | 15 -0.01804  5.89232e-03
 16  0.06930  1.79678e-03 | 17  0.03328 -3.96968e-04 | 18 -0.03151  1.14373e-04
 19 -0.00711  1.50968e-02 | 20 -0.02161  1.26135e-02 | 21  0.03617  1.62587e-02
 22  0.04797  1.29559e-02 | 23 -0.05282  7.83652e-03 | 24 -0.03961  8.67370e-03
 25 -0.10936  6.44825e-03 | 26  0.00388 -2.71232e-03 | 27 -0.01791 -6.64534e-03
 28 -0.01176 -3.13888e-02 | 29  0.05827 -5.34055e-02 | 30  0.00130  3.90220e-03
 31  0.05902  7.82404e-03 | 32 -0.02240  1.28838e-02 | 33  0.04798 -1.70455e-04
 34  0.00171  2.57540e-03 | 35  0.05735 -7.11591e-04 | 36  0.02946 -6.30378e-03
 37 -0.00796 -6.38144e-03 | 38  0.03097 -1.79554e-03 | 39 -0.00415  8.85157e-03
 40  0.24887 -3.14916e-02 | 41  0.26582  5.70556e-02 | 42  0.27625 -1.95773e-02
 43  0.27941 -2.76963e-02 | 44 -0.27795  5.58759e-01 | 45 -0.04146 -1.99183e-01
 46 -0.18054  5.88649e-02 | 47 -0.34151 -7.91267e-02 | 48 -0.12414 -2.13050e-02
 49 -0.23616  3.45439e-02 | 50 -0.03278 -1.43452e-03 | 51  0.00015  7.56370e-04
 52  0.01277 -1.22274e-03 | 53  0.00003  1.32885e-03 | 54  0.00393 -7.40000e-04
 55  0.00017 -2.45670e-04 | 56 -0.07528 -6.92714e-04 | 57  0.00011 -3.77551e-04
 58  0.01381 -1.03996e-03 | 59  0.00003  1.14123e-03 | 60 -0.02679 -1.43169e-03
 61  0.00010 -2.46807e-03 | 62  0.02636 -1.71505e-03 | 63  0.00002 -6.57001e-04
 64  0.06488 -9.74662e-04 | 65 -0.00008  1.89422e-03 | 66 -0.01165 -1.57837e-03
 67 -0.00011  8.73475e-04 | 68  0.02350 -1.60226e-02 | 69 -0.00004 -4.15625e-03
 70 -0.01721 -1.40499e-03 | 71  0.00002  6.75100e-04 | 72 -0.01600 -1.48125e-03
 73  0.00004  3.87273e-04 | 74  0.00993 -1.29562e-03 | 75 -0.00004 -1.89865e-03
 76 -0.02456 -1.57818e-03 | 77 -0.00009  2.52292e-03 | 78 -0.00003 -1.54681e-03
 79 -0.00010 -4.26717e-03 | 80  0.01238 -1.22022e-03 | 81 -0.00001  8.17483e-04
 82 -0.01261 -6.30529e-04 | 83  0.00014 -8.90773e-04 | 84 -0.02391 -1.66018e-03
 85  0.00004  2.48564e-04 | 86  0.02752 -1.39101e-03 | 87  0.00002  9.57061e-04
 88  0.03669 -1.66527e-03 | 89 -0.00009 -2.00820e-04 | 90 -0.02951 -9.45204e-04
 91 -0.00002 -1.54344e-04 | 92 -0.00790 -1.54042e-03 | 93  0.00000  4.67654e-04
 94  0.03674 -1.59672e-03 | 95 -0.00004  8.45842e-04 | 96 -0.01146 -2.27043e-03
 97  0.00013 -1.79237e-03 | 98 -0.04311 -1.28895e-02 | 99  0.00018 -3.57575e-03
100 -0.00269 -1.78928e-02 |101  0.00034 -4.05506e-03 |102  0.01617 -3.81000e-04
103  0.00006  4.32632e-03 |104 -0.00260 -2.68574e-03 |105  0.00015  2.39085e-03
106 -0.02053 -1.05086e-03 |107 -0.00007 -5.43306e-04 |108  0.02132 -1.13249e-03
109 -0.00005 -1.49549e-03 |110  0.01108 -1.55046e-03 |111  0.00036 -1.12779e-03
112  0.01835 -2.16283e-03 |113 -0.00078 -1.07717e-03 |114 -0.00160 -2.45149e-03
115 -0.00034 -4.59908e-03 |116  0.01310 -8.10881e-03 |117 -0.00028  3.69604e-04
118  0.01161 -7.97780e-04 |119  0.00098 -6.25554e-04 |

 - final statistics:
119 variables; iteration 328; function evaluation 440
Function value 9.7539e+01; maximum gradient component mag -8.2332e-05
Exit code = 1;  converg criter 1.0000e-04
Var    Value     Gradient |Var    Value     Gradient |Var    Value     Gradient
  1  0.01638 -8.23318e-05 |  2 -0.06705 -1.27442e-07 |  3 -0.10071  1.15002e-07
  4  0.00665 -2.92312e-07 |  5 -0.00985  1.24951e-06 |  6  0.01794  8.52110e-07
  7 -0.05937  1.53901e-06 |  8 -0.08635  2.27015e-06 |  9 -0.07166  2.92678e-06
 10 -0.05185  6.93522e-07 | 11  0.03611  8.67969e-07 | 12  0.00859  4.39150e-07
 13  0.07692 -4.23319e-07 | 14  0.00662  1.37284e-06 | 15 -0.01804  1.28112e-06
 16  0.06930  3.78224e-06 | 17  0.03328  5.66933e-06 | 18 -0.03151  1.54845e-06
 19 -0.00711 -4.15834e-07 | 20 -0.02161 -3.51853e-06 | 21  0.03617  5.46553e-07
 22  0.04797  8.90737e-07 | 23 -0.05282  1.43786e-06 | 24 -0.03961  9.26850e-07
 25 -0.10936  1.03765e-06 | 26  0.00388  7.45787e-07 | 27 -0.01791  1.49712e-06
 28 -0.01176  3.11726e-07 | 29  0.05827 -1.68976e-05 | 30  0.00130 -8.85382e-06
 31  0.05902 -9.18744e-06 | 32 -0.02240  1.25659e-06 | 33  0.04798 -8.64085e-06
 34  0.00171 -2.24766e-07 | 35  0.05735 -2.91162e-08 | 36  0.02946  8.09976e-06
 37 -0.00796  7.47991e-06 | 38  0.03097 -2.35950e-06 | 39 -0.00415  3.60889e-06
 40  0.24887 -1.21714e-05 | 41  0.26581 -4.55067e-05 | 42  0.27625 -3.00907e-06
 43  0.27941 -1.70890e-05 | 44 -0.27906 -9.18778e-06 | 45 -0.04457  3.31726e-06
 46 -0.18057  1.71181e-05 | 47 -0.34152 -1.07568e-05 | 48 -0.12413 -3.22392e-06
 49 -0.23616  1.23093e-05 | 50 -0.03277 -1.72728e-07 | 51  0.00015  3.55828e-07
 52  0.01277  1.41116e-07 | 53  0.00003  4.82964e-07 | 54  0.00393  3.24309e-07
 55  0.00017  6.36940e-07 | 56 -0.07528 -3.16153e-08 | 57  0.00011  3.19485e-08
 58  0.01381  2.15467e-07 | 59  0.00003  6.35527e-07 | 60 -0.02679 -3.41665e-07
 61  0.00010 -2.19999e-06 | 62  0.02636  2.98843e-08 | 63  0.00002 -1.08160e-07
 64  0.06488  2.80239e-07 | 65 -0.00008  6.39470e-07 | 66 -0.01165  2.76076e-08
 67 -0.00011  3.76131e-07 | 68  0.02350 -8.20879e-07 | 69 -0.00004  2.78623e-07
 70 -0.01721 -3.66156e-07 | 71  0.00002  6.15327e-07 | 72 -0.01600 -1.89740e-08
 73  0.00004  1.69672e-08 | 74  0.00993  8.08280e-08 | 75 -0.00004 -6.63687e-07
 76 -0.02456  1.08619e-06 | 77 -0.00009  1.10810e-06 | 78 -0.00003  3.18060e-08
 79 -0.00010 -1.04813e-06 | 80  0.01238 -5.03886e-07 | 81 -0.00001  3.30010e-07
 82 -0.01261  4.38817e-07 | 83  0.00014 -6.69397e-07 | 84 -0.02391 -1.91879e-07
 85  0.00004  2.25380e-07 | 86  0.02752 -9.41884e-08 | 87  0.00002  3.76299e-07
 88  0.03669  1.90758e-08 | 89 -0.00009  8.26947e-09 | 90 -0.02951 -2.09120e-07
 91 -0.00002 -1.33135e-07 | 92 -0.00790 -3.13685e-07 | 93  0.00000  3.10513e-07
 94  0.03674  1.73263e-08 | 95 -0.00004  3.66037e-07 | 96 -0.01146  5.80252e-08
 97  0.00013 -1.85716e-07 | 98 -0.04310  2.14075e-06 | 99  0.00018 -2.55556e-07
100 -0.00269 -1.89939e-06 |101  0.00034 -2.37861e-07 |102  0.01617 -1.70194e-06
103  0.00006  1.22611e-06 |104 -0.00260 -8.95822e-07 |105  0.00015  9.82382e-07
106 -0.02053 -1.83331e-08 |107 -0.00007 -5.67803e-08 |108  0.02132 -1.99552e-07
109 -0.00005 -2.67880e-07 |110  0.01108 -2.72948e-08 |111  0.00036 -2.39608e-07
112  0.01835 -1.57267e-08 |113 -0.00078 -9.15241e-08 |114 -0.00160  4.90415e-07
115 -0.00034 -1.35058e-06 |116  0.01310  4.19882e-06 |117 -0.00028  1.38137e-06
118  0.01161 -6.92581e-07 |119  0.00098 -9.01843e-07 |
Estimating row 1 out of 119 for hessian
Estimating row 2 out of 119 for hessian
Estimating row 3 out of 119 for hessian
Estimating row 4 out of 119 for hessian
Estimating row 5 out of 119 for hessian
Estimating row 6 out of 119 for hessian
Estimating row 7 out of 119 for hessian
Estimating row 8 out of 119 for hessian
Estimating row 9 out of 119 for hessian
Estimating row 10 out of 119 for hessian
Estimating row 11 out of 119 for hessian
Estimating row 12 out of 119 for hessian
Estimating row 13 out of 119 for hessian
Estimating row 14 out of 119 for hessian
Estimating row 15 out of 119 for hessian
Estimating row 16 out of 119 for hessian
Estimating row 17 out of 119 for hessian
Estimating row 18 out of 119 for hessian
Estimating row 19 out of 119 for hessian
Estimating row 20 out of 119 for hessian
Estimating row 21 out of 119 for hessian
Estimating row 22 out of 119 for hessian
Estimating row 23 out of 119 for hessian
Estimating row 24 out of 119 for hessian
Estimating row 25 out of 119 for hessian
Estimating row 26 out of 119 for hessian
Estimating row 27 out of 119 for hessian
Estimating row 28 out of 119 for hessian
Estimating row 29 out of 119 for hessian
Estimating row 30 out of 119 for hessian
Estimating row 31 out of 119 for hessian
Estimating row 32 out of 119 for hessian
Estimating row 33 out of 119 for hessian
Estimating row 34 out of 119 for hessian
Estimating row 35 out of 119 for hessian
Estimating row 36 out of 119 for hessian
Estimating row 37 out of 119 for hessian
Estimating row 38 out of 119 for hessian
Estimating row 39 out of 119 for hessian
Estimating row 40 out of 119 for hessian
Estimating row 41 out of 119 for hessian
Estimating row 42 out of 119 for hessian
Estimating row 43 out of 119 for hessian
Estimating row 44 out of 119 for hessian
Estimating row 45 out of 119 for hessian
Estimating row 46 out of 119 for hessian
Estimating row 47 out of 119 for hessian
Estimating row 48 out of 119 for hessian
Estimating row 49 out of 119 for hessian
Estimating row 50 out of 119 for hessian
Estimating row 51 out of 119 for hessian
Estimating row 52 out of 119 for hessian
Estimating row 53 out of 119 for hessian
Estimating row 54 out of 119 for hessian
Estimating row 55 out of 119 for hessian
Estimating row 56 out of 119 for hessian
Estimating row 57 out of 119 for hessian
Estimating row 58 out of 119 for hessian
Estimating row 59 out of 119 for hessian
Estimating row 60 out of 119 for hessian
Estimating row 61 out of 119 for hessian
Estimating row 62 out of 119 for hessian
Estimating row 63 out of 119 for hessian
Estimating row 64 out of 119 for hessian
Estimating row 65 out of 119 for hessian
Estimating row 66 out of 119 for hessian
Estimating row 67 out of 119 for hessian
Estimating row 68 out of 119 for hessian
Estimating row 69 out of 119 for hessian
Estimating row 70 out of 119 for hessian
Estimating row 71 out of 119 for hessian
Estimating row 72 out of 119 for hessian
Estimating row 73 out of 119 for hessian
Estimating row 74 out of 119 for hessian
Estimating row 75 out of 119 for hessian
Estimating row 76 out of 119 for hessian
Estimating row 77 out of 119 for hessian
Estimating row 78 out of 119 for hessian
Estimating row 79 out of 119 for hessian
Estimating row 80 out of 119 for hessian
Estimating row 81 out of 119 for hessian
Estimating row 82 out of 119 for hessian
Estimating row 83 out of 119 for hessian
Estimating row 84 out of 119 for hessian
Estimating row 85 out of 119 for hessian
Estimating row 86 out of 119 for hessian
Estimating row 87 out of 119 for hessian
Estimating row 88 out of 119 for hessian
Estimating row 89 out of 119 for hessian
Estimating row 90 out of 119 for hessian
Estimating row 91 out of 119 for hessian
Estimating row 92 out of 119 for hessian
Estimating row 93 out of 119 for hessian
Estimating row 94 out of 119 for hessian
Estimating row 95 out of 119 for hessian
Estimating row 96 out of 119 for hessian
Estimating row 97 out of 119 for hessian
Estimating row 98 out of 119 for hessian
Estimating row 99 out of 119 for hessian
Estimating row 100 out of 119 for hessian
Estimating row 101 out of 119 for hessian
Estimating row 102 out of 119 for hessian
Estimating row 103 out of 119 for hessian
Estimating row 104 out of 119 for hessian
Estimating row 105 out of 119 for hessian
Estimating row 106 out of 119 for hessian
Estimating row 107 out of 119 for hessian
Estimating row 108 out of 119 for hessian
Estimating row 109 out of 119 for hessian
Estimating row 110 out of 119 for hessian
Estimating row 111 out of 119 for hessian
Estimating row 112 out of 119 for hessian
Estimating row 113 out of 119 for hessian
Estimating row 114 out of 119 for hessian
Estimating row 115 out of 119 for hessian
Estimating row 116 out of 119 for hessian
Estimating row 117 out of 119 for hessian
Estimating row 118 out of 119 for hessian
Estimating row 119 out of 119 for hessian
size of file gradfil1.tmp = 0
size of file gradfil2.tmp = 0
size of file varssave.tmp = 0
size of file cmpdiff.tmp = 0
