
Initial statistics: 4 variables; iteration 0; function evaluation 0; phase 1
Function value 2.4926352e+04; maximum gradient component mag 8.5890e+04
Var    Value     Gradient |Var    Value     Gradient |Var    Value     Gradient
  1  0.33333  8.58903e+04 |  2  0.21635  8.47435e+04 |  3  0.40967  2.34309e+04
  4  0.21635  1.52853e+04 |

 - final statistics:
4 variables; iteration 13; function evaluation 24
Function value 5.8689e+02; maximum gradient component mag 6.0921e+00
Exit code = 1;  converg criter 1.0000e+01
Var    Value     Gradient |Var    Value     Gradient |Var    Value     Gradient
  1  0.08479  4.62177e+00 |  2 -0.11760  6.09211e+00 |  3  0.89954  3.90827e+00
  4  0.19433 -6.67223e-01 |

Initial statistics: 47 variables; iteration 0; function evaluation 0; phase 2
Function value 5.8689072e+02; maximum gradient component mag -3.7714e+03
Var    Value     Gradient |Var    Value     Gradient |Var    Value     Gradient
  1  0.08479  4.62177e+00 |  2  0.00000  1.23449e+01 |  3  0.00000  2.80247e+01
  4  0.00000 -6.45587e+01 |  5  0.00000  2.92958e+01 |  6  0.00000 -4.20663e+01
  7  0.00000 -1.81332e+01 |  8  0.00000  3.35270e+01 |  9  0.00000  5.10041e+00
 10  0.00000  1.08086e+01 | 11  0.00000 -4.18515e+01 | 12  0.00000  1.12256e+01
 13  0.00000 -1.64901e+01 | 14  0.00000  1.65319e+01 | 15  0.00000  1.13805e+01
 16  0.00000 -2.87882e+01 | 17  0.00000  4.05351e+00 | 18  0.00000  3.74997e+00
 19  0.00000 -1.56973e+02 | 20  0.00000 -2.42594e+01 | 21  0.00000 -2.73043e+02
 22  0.00000 -7.35195e+01 | 23  0.00000  1.07250e+02 | 24  0.00000  5.30603e+01
 25  0.00000  2.49613e+02 | 26  0.00000  1.32068e+02 | 27  0.00000  5.09193e+01
 28  0.00000  1.01387e+02 | 29  0.00000 -1.40140e+02 | 30  0.00000  3.55949e+02
 31  0.00000 -6.22898e+02 | 32  0.00000  4.17474e+02 | 33  0.00000 -7.03123e+02
 34  0.00000  2.47191e+02 | 35  0.00000 -4.14785e+02 | 36  0.00000  7.45182e+01
 37  0.00000  4.52561e+02 | 38  0.00000 -1.87333e+01 | 39  0.00000  2.07139e+02
 40  0.21635  2.22549e+03 | 41 -0.11760  6.09211e+00 | 42  0.89954  3.90827e+00
 43  0.21635 -2.96548e+02 | 44  0.19433 -6.67223e-01 | 45 -0.30909 -2.23663e+03
 46  0.12819  1.10245e+01 | 47 -0.30909 -3.77136e+03 |

Intermediate statistics: 47 variables; iteration 20; function evaluation 32; phase 2
Function value 2.3057245e+02; maximum gradient component mag -2.6962e+03
Var    Value     Gradient |Var    Value     Gradient |Var    Value     Gradient
  1  0.03563 -2.69625e+03 |  2 -0.06107  1.91966e+00 |  3 -0.10740 -1.45076e+00
  4  0.00065 -2.12200e+00 |  5 -0.04069  3.98450e+01 |  6 -0.00211  3.36954e+01
  7 -0.03838  4.27747e+01 |  8 -0.07801  4.46631e+01 |  9 -0.04883  4.01824e+01
 10 -0.03605  4.50992e+01 | 11  0.03168  3.72130e+01 | 12  0.01352  2.95066e+01
 13  0.03992  4.54339e+00 | 14  0.00081 -3.73803e+00 | 15 -0.01150  2.25986e+01
 16  0.05125 -1.37633e+01 | 17  0.01956 -9.55367e+00 | 18 -0.00950  1.65776e+01
 19  0.06187  9.34939e+00 | 20 -0.01579  2.91348e+01 | 21  0.10973 -3.68931e+00
 22  0.05865  7.43931e+00 | 23 -0.04678  2.86483e+01 | 24  0.00819  2.67632e+01
 25 -0.08245  3.56691e+01 | 26 -0.02661  5.21932e+01 | 27 -0.03008  2.39748e+01
 28 -0.01886 -3.69237e+01 | 29  0.03136 -4.28661e+01 | 30 -0.02199 -1.04455e+02
 31  0.05550  3.34758e+01 | 32 -0.03119 -1.00985e+02 | 33  0.06587  1.05904e+02
 34 -0.00257 -7.27352e+01 | 35  0.05306 -1.37608e+00 | 36  0.00226 -1.33205e+02
 37 -0.04705 -1.84024e+02 | 38  0.00370 -1.01139e+02 | 39 -0.01757  1.16312e+02
 40  0.22397 -2.45011e+03 | 41 -0.07386 -1.74440e+02 | 42  0.89039 -4.96353e+00
 43  0.25292 -2.12593e+02 | 44  0.23585 -4.09254e+02 | 45 -0.24105 -7.49001e+01
 46  0.10555  3.10792e+01 | 47 -0.26067 -5.63712e+02 |
47 variables; iteration 40; function evaluation 56; phase 2
Function value 2.1632894e+02; maximum gradient component mag -9.6775e+02
Var    Value     Gradient |Var    Value     Gradient |Var    Value     Gradient
  1  0.03435 -9.67753e+02 |  2 -0.09474 -6.53517e+00 |  3 -0.10531 -5.79639e-01
  4 -0.00167 -3.61677e+00 |  5 -0.04166  1.37663e+01 |  6 -0.00824 -3.96903e+00
  7 -0.04162  2.18264e+01 |  8 -0.08271  2.35327e+01 |  9 -0.05845  1.50031e+01
 10 -0.05596  8.15830e+00 | 11  0.03027  1.81907e+01 | 12  0.01909  1.71608e+01
 13  0.04565  3.81297e+00 | 14  0.01221  8.45660e+00 | 15  0.00317  1.85530e+01
 16  0.05584  4.06588e+00 | 17  0.02715  8.21430e+00 | 18 -0.01330  3.67713e+00
 19  0.06235 -2.96802e+00 | 20 -0.02398  6.47119e+00 | 21  0.11221 -6.23345e-01
 22  0.05697 -8.35706e+00 | 23 -0.05967 -1.09593e+01 | 24  0.00217 -5.24246e+00
 25 -0.09826 -1.76044e+01 | 26 -0.02722  8.69678e+00 | 27 -0.03011  8.91820e+00
 28 -0.01226 -2.45276e+01 | 29  0.03175 -5.17655e+01 | 30 -0.01898 -8.51525e+01
 31  0.06034  1.09788e+02 | 32 -0.02389 -6.49686e+01 | 33  0.06190  6.41430e+01
 34 -0.00216 -7.12848e+01 | 35  0.05569  4.71422e+01 | 36  0.00870 -4.28263e+01
 37 -0.03933 -1.00701e+02 | 38  0.00874  5.20910e+00 | 39 -0.01620  7.58106e+01
 40  0.23089 -7.32096e+02 | 41 -0.07251 -2.72802e+02 | 42  0.87542 -9.86531e+00
 43  0.25403 -1.87243e+02 | 44  0.23799 -1.72444e+02 | 45 -0.24533  4.18972e+01
 46  0.08377 -6.21173e+00 | 47 -0.26020 -6.52573e+02 |
47 variables; iteration 60; function evaluation 84; phase 2
Function value 2.0303282e+02; maximum gradient component mag -1.6932e+02
Var    Value     Gradient |Var    Value     Gradient |Var    Value     Gradient
  1  0.02536 -3.23088e+00 |  2 -0.06626 -1.73651e-01 |  3 -0.09892 -3.05307e-02
  4  0.00904  1.46478e-01 |  5 -0.03156 -6.32608e-02 |  6  0.00655 -7.17891e-01
  7 -0.04692 -5.78782e-01 |  8 -0.09614  6.48558e-01 |  9 -0.06472 -1.96993e-01
 10 -0.06438  2.99147e-02 | 11  0.02522  1.13151e+00 | 12  0.01836 -3.86274e-01
 13  0.05876  1.09859e+00 | 14  0.01334  1.34324e+00 | 15 -0.00742  6.30897e-02
 16  0.06030 -1.25376e+00 | 17  0.03182 -8.54214e-01 | 18 -0.01213 -1.83687e-01
 19  0.05863 -5.28245e+00 | 20 -0.03462 -1.53602e+00 | 21  0.10649 -7.52044e+00
 22  0.05337 -2.88802e+00 | 23 -0.05812 -6.09929e-01 | 24 -0.00241 -2.39305e+00
 25 -0.09031 -3.45150e+00 | 26 -0.02597 -2.14214e+00 | 27 -0.02317  1.86002e+00
 28 -0.00152  6.74691e+00 | 29  0.03567  1.52548e+01 | 30 -0.00773  8.34573e+00
 31  0.05188 -5.42339e+00 | 32 -0.01200 -3.23401e-01 | 33  0.04370 -7.83759e+00
 34  0.00047  3.23698e-01 | 35  0.05212 -2.09410e+00 | 36  0.01686  3.82890e+00
 37 -0.02354  5.65387e+00 | 38  0.01297  1.69462e+01 | 39 -0.04388 -1.52546e+01
 40  0.24025  3.34647e+01 | 41 -0.04233 -1.69318e+02 | 42  0.64978 -1.40018e+01
 43  0.26613  1.45990e+01 | 44  0.25312  1.15156e+01 | 45 -0.26130 -1.06194e+02
 46  0.02118  3.45591e+01 | 47 -0.24762  1.07102e+02 |
Maximum number of function evaluations exceeded

 - final statistics:
47 variables; iteration 76; function evaluation 100
Function value 1.9124e+02; maximum gradient component mag 2.1662e+02
Exit code = 3;  converg criter 1.0000e+01
Var    Value     Gradient |Var    Value     Gradient |Var    Value     Gradient
  1  0.02383  1.26861e+02 |  2 -0.06032  1.40583e+00 |  3 -0.09736  5.39195e-01
  4  0.01136  2.94198e+00 |  5 -0.02607  5.26118e+00 |  6  0.01436  1.44888e+01
  7 -0.04182  1.33486e+00 |  8 -0.09396 -1.62288e+00 |  9 -0.06271  1.01249e-01
 10 -0.06537 -3.24827e+00 | 11  0.02430 -3.02744e+00 | 12  0.02076 -1.30396e+00
 13  0.05949 -6.02942e+00 | 14  0.01285 -4.58859e+00 | 15 -0.00808 -1.26809e+00
 16  0.06158 -2.40697e+00 | 17  0.03004 -3.09888e+00 | 18 -0.02753 -3.58272e+00
 19  0.02259  7.40240e-01 | 20 -0.03136  6.03023e-01 | 21  0.08119 -5.35264e-01
 22  0.05779  2.86192e-01 | 23 -0.05646 -5.68987e-01 | 24 -0.01244  5.33990e-01
 25 -0.10265  3.45993e+00 | 26 -0.01995  6.71559e+00 | 27 -0.01948 -5.73952e-02
 28  0.00274  4.74774e-02 | 29  0.04191  6.86311e+00 | 30 -0.00458 -9.70563e-01
 31  0.05739  6.19848e+00 | 32 -0.01171 -6.76277e-01 | 33  0.05779  1.25199e+01
 34  0.00749  1.37235e+00 | 35  0.05688  1.74744e+00 | 36  0.02014 -4.26926e+00
 37 -0.01985 -1.35633e+01 | 38  0.01516 -2.35471e+01 | 39 -0.04081  1.23890e+01
 40  0.24107 -9.82588e+01 | 41  0.18266  2.16622e+02 | 42 -0.50797  4.38983e+01
 43  0.26764 -2.26538e+00 | 44  0.25131  3.67169e+00 | 45 -0.25809  4.01422e+01
 46  0.02857 -1.18601e+01 | 47 -0.24961 -2.30855e+01 |

Initial statistics: 50 variables; iteration 0; function evaluation 0; phase 3
Function value 1.9123758e+02; maximum gradient component mag -1.8610e+03
Var    Value     Gradient |Var    Value     Gradient |Var    Value     Gradient
  1  0.02383  1.26861e+02 |  2 -0.06032  1.40583e+00 |  3 -0.09736  5.39195e-01
  4  0.01136  2.94198e+00 |  5 -0.02607  5.25036e+00 |  6  0.01436  1.44780e+01
  7 -0.04182  1.32406e+00 |  8 -0.09396 -1.63359e+00 |  9 -0.06271  9.04709e-02
 10 -0.06537 -3.25904e+00 | 11  0.02430 -3.03826e+00 | 12  0.02076 -1.31479e+00
 13  0.05949 -6.04021e+00 | 14  0.01285 -4.59942e+00 | 15 -0.00808 -1.27892e+00
 16  0.06158 -2.41775e+00 | 17  0.03004 -3.10970e+00 | 18 -0.02753 -3.59355e+00
 19  0.02259  7.29416e-01 | 20 -0.03136  5.92205e-01 | 21  0.08119 -5.46007e-01
 22  0.05779  2.75406e-01 | 23 -0.05646 -5.79776e-01 | 24 -0.01244  5.23162e-01
 25 -0.10265  3.44924e+00 | 26 -0.01995  6.70477e+00 | 27 -0.01948 -6.82210e-02
 28  0.00274  3.66466e-02 | 29  0.04191  6.85231e+00 | 30 -0.00458 -9.81394e-01
 31  0.05739  6.18770e+00 | 32 -0.01171 -6.87106e-01 | 33  0.05779  1.25091e+01
 34  0.00749  1.36152e+00 | 35  0.05688  1.73666e+00 | 36  0.02014 -4.28008e+00
 37 -0.01985 -1.35742e+01 | 38  0.01516 -2.35579e+01 | 39 -0.04081  1.23782e+01
 40  0.24107 -9.82588e+01 | 41  0.18266  2.16622e+02 | 42 -0.50797  4.38983e+01
 43  0.26764 -2.26538e+00 | 44  0.25131  3.67169e+00 | 45 -0.25809  4.01422e+01
 46  0.02857 -1.18601e+01 | 47 -0.30909 -1.86102e+03 | 48 -0.43452  1.88418e-03
 49 -0.24961 -2.30855e+01 | 50 -0.36199 -9.05453e+00 |

Intermediate statistics: 50 variables; iteration 20; function evaluation 28; phase 3
Function value 1.3958146e+02; maximum gradient component mag -2.1286e+03
Var    Value     Gradient |Var    Value     Gradient |Var    Value     Gradient
  1  0.01754 -2.12861e+03 |  2 -0.06139  3.36143e-01 |  3 -0.09617 -5.92391e-01
  4  0.01589 -7.00445e-01 |  5 -0.02009  3.00531e+01 |  6  0.02260  3.84238e+01
  7 -0.04156  2.96194e+01 |  8 -0.09397  3.09158e+01 |  9 -0.06248  2.92313e+01
 10 -0.06478  3.35591e+01 | 11  0.03135  3.47522e+01 | 12  0.03175  4.23059e+01
 13  0.08248  7.66481e+01 | 14  0.01064  3.81223e+01 | 15 -0.00551  3.88273e+01
 16  0.06589  4.81460e+01 | 17  0.03781  5.11870e+01 | 18 -0.03103  3.85427e+01
 19 -0.01635 -1.29608e+01 | 20 -0.02212  1.70340e+01 | 21  0.03246 -1.38430e+00
 22  0.03955  2.77571e+01 | 23 -0.04911  3.53540e+01 | 24 -0.03322  3.09163e+00
 25 -0.11597 -5.64419e+00 | 26 -0.00522 -1.47400e+02 | 27 -0.02371 -1.08297e+02
 28 -0.01921 -6.30504e+01 | 29  0.05260 -2.48855e+02 | 30 -0.00073 -1.17989e+02
 31  0.06047  4.44267e+01 | 32 -0.01776  3.29547e+01 | 33  0.06042  7.86849e+01
 34  0.01008  3.14549e+01 | 35  0.05861 -3.94753e+01 | 36  0.02375 -1.09907e+02
 37 -0.01462 -4.79194e+01 | 38  0.03075  7.64974e+01 | 39 -0.01411  6.08866e-01
 40  0.24966  4.50570e+02 | 41  0.22135  3.82333e+02 | 42 -0.50584  5.36391e+01
 43  0.27559 -1.61502e+01 | 44  0.26073 -1.28393e+02 | 45 -0.25366  3.95481e+02
 46  0.03320 -1.31986e+02 | 47 -0.25383 -4.85220e+02 | 48 -0.40851  3.52371e+02
 49 -0.20541 -3.58261e+02 | 50 -0.30311  1.79238e+02 |
50 variables; iteration 40; function evaluation 48; phase 3
Function value 1.3608298e+02; maximum gradient component mag -1.7216e+03
Var    Value     Gradient |Var    Value     Gradient |Var    Value     Gradient
  1  0.01784 -1.72158e+03 |  2 -0.03355  7.28267e+00 |  3 -0.10297 -3.43530e+00
  4  0.01302 -7.93384e+00 |  5 -0.02109  1.48446e+01 |  6  0.02122  3.74571e+00
  7 -0.03999  2.68781e+01 |  8 -0.08852  3.38462e+01 |  9 -0.06587  2.22084e+01
 10 -0.07336  2.01589e+01 | 11  0.03245  3.05147e+01 | 12  0.03892  4.44094e+01
 13  0.08118  6.55246e+01 | 14  0.00826  2.49212e+01 | 15 -0.00480  2.89035e+01
 16  0.05443 -3.84830e+00 | 17  0.03997  2.00019e+01 | 18 -0.03674  5.88773e-01
 19 -0.01622  6.03078e+00 | 20 -0.01946  7.52868e+01 | 21  0.03217 -2.69116e+00
 22  0.04208  3.49986e+01 | 23 -0.05743  1.95869e+01 | 24 -0.02617  4.36589e+01
 25 -0.10824  3.09118e+01 | 26 -0.00527  5.23415e+00 | 27 -0.02216  8.80690e+00
 28 -0.02187 -4.32425e+01 | 29  0.05491 -1.14212e+02 | 30  0.00209 -3.70769e+01
 31  0.05983  1.17222e+01 | 32 -0.01876  1.19836e+01 | 33  0.05869  4.66082e+00
 34  0.01083  1.78971e+01 | 35  0.05929 -7.06845e+01 | 36  0.02778 -1.09379e+02
 37 -0.01223 -1.81272e+02 | 38  0.02859 -3.10507e+01 | 39 -0.01483 -8.37371e+00
 40  0.24904  3.44429e+02 | 41  0.22422  1.49645e+02 | 42 -0.52335  1.88636e+01
 43  0.27522 -8.15071e+00 | 44  0.26005 -9.21434e+01 | 45 -0.25272  4.92071e+02
 46  0.03526 -1.65505e+02 | 47 -0.25367 -1.14684e+02 | 48 -0.41712  9.33187e+01
 49 -0.20571 -3.74844e+02 | 50 -0.30154  1.90249e+02 |
50 variables; iteration 60; function evaluation 75; phase 3
Function value 1.3053156e+02; maximum gradient component mag -3.3084e+02
Var    Value     Gradient |Var    Value     Gradient |Var    Value     Gradient
  1  0.01849 -2.67665e+02 |  2 -0.06643 -6.58392e-01 |  3 -0.10119 -1.74932e+00
  4  0.01548  2.02465e+00 |  5 -0.02087  5.73845e+00 |  6  0.02046  1.17895e+01
  7 -0.04233  5.98670e+00 |  8 -0.09696  3.91425e+00 |  9 -0.06641  2.42834e+00
 10 -0.07191  3.73673e+00 | 11  0.02608  2.31525e+00 | 12  0.02454 -1.76031e+00
 13  0.07069 -1.21071e+01 | 14  0.01353  8.34448e-01 | 15 -0.01066  5.23038e+00
 16  0.06623  1.28620e+01 | 17  0.03435  1.28711e+01 | 18 -0.03459  1.23670e+01
 19 -0.00682  2.40727e+01 | 20 -0.02676  3.18921e+01 | 21  0.04242  6.17414e+00
 22  0.04047  7.78835e+00 | 23 -0.04974  5.30596e+00 | 24 -0.02821  8.87869e-01
 25 -0.10767  1.52038e+00 | 26 -0.00663 -7.19877e+00 | 27 -0.02381 -1.31635e+01
 28 -0.01460 -1.11482e+01 | 29  0.05754 -7.20308e+01 | 30  0.00348 -1.16030e+01
 31  0.06040 -1.62084e+00 | 32 -0.01805  1.68354e+01 | 33  0.05869 -1.98179e+01
 34  0.00955 -6.05879e+00 | 35  0.06085 -1.20085e+01 | 36  0.02849 -1.54402e+01
 37 -0.00875  1.80929e+00 | 38  0.02607 -1.30849e+01 | 39 -0.00969  1.97584e+01
 40  0.24644 -2.65197e+01 | 41  0.19117  1.49386e+02 | 42 -0.32793  2.41645e+01
 43  0.27394  1.27864e+00 | 44  0.26150  1.34432e+01 | 45 -0.24329  1.26581e+02
 46  0.06320 -4.04007e+01 | 47 -0.25404 -5.50294e+01 | 48 -0.41811  4.49157e+01
 49 -0.19003 -3.30843e+02 | 50 -0.27905  1.94296e+02 |
50 variables; iteration 80; function evaluation 101; phase 3
Function value 1.2391960e+02; maximum gradient component mag 6.0213e+01
Var    Value     Gradient |Var    Value     Gradient |Var    Value     Gradient
  1  0.01675 -5.94499e+00 |  2 -0.06336 -1.54526e-01 |  3 -0.09673 -7.80181e-01
  4  0.01656  3.01820e-01 |  5 -0.01813 -7.04543e-01 |  6  0.02363 -8.95307e-01
  7 -0.04192  1.06695e+00 |  8 -0.09695 -3.26762e-01 |  9 -0.06575 -2.66112e+00
 10 -0.07268  7.82911e-01 | 11  0.02804  7.48241e-01 | 12  0.02819 -2.13218e-01
 13  0.07618 -1.88730e-01 | 14  0.01214 -1.12926e+00 | 15 -0.01199  5.16907e-01
 16  0.06572  2.19751e+00 | 17  0.03703  3.32453e+00 | 18 -0.03003  4.36309e+00
 19 -0.00182  1.66301e+00 | 20 -0.02611  1.10050e+00 | 21  0.04019  1.30775e+00
 22  0.03140  9.56101e-01 | 23 -0.05083  2.75374e-01 | 24 -0.02520 -1.90541e-01
 25 -0.09885  6.97179e-01 | 26 -0.00225  3.56103e+00 | 27 -0.02086 -4.78145e-01
 28 -0.02268 -6.91502e+00 | 29  0.05704 -2.92194e+01 | 30  0.00400 -5.68497e+00
 31  0.05679 -4.94715e-01 | 32 -0.02321  1.02160e+00 | 33  0.04100  3.07193e+00
 34 -0.00167  1.75065e+00 | 35  0.05527  5.43605e+00 | 36  0.02741  4.92077e+00
 37 -0.00868  2.29321e+00 | 38  0.03116  7.16108e+00 | 39  0.00390  1.08566e+00
 40  0.24886 -1.13407e+01 | 41  0.08338  7.33273e-01 | 42  0.25956 -4.43311e-01
 43  0.27700  5.24389e-01 | 44  0.28282  2.17542e-01 | 45 -0.29423  6.02128e+01
 46 -0.08630 -2.13384e+01 | 47 -0.26676 -2.38789e-02 | 48 -0.43374  1.24948e-02
 49 -0.11582  8.35476e+00 | 50 -0.23551 -6.11425e+00 |
50 variables; iteration 100; function evaluation 121; phase 3
Function value 1.2386167e+02; maximum gradient component mag 9.3960e-03
Var    Value     Gradient |Var    Value     Gradient |Var    Value     Gradient
  1  0.01676  9.39602e-03 |  2 -0.06285 -4.37473e-05 |  3 -0.09459 -3.09756e-05
  4  0.01618 -1.51322e-04 |  5 -0.01792 -4.11309e-05 |  6  0.02355  3.57257e-04
  7 -0.04272 -7.99118e-05 |  8 -0.09725 -1.26999e-04 |  9 -0.06521  8.85931e-05
 10 -0.07353 -1.07702e-04 | 11  0.02717  8.60250e-05 | 12  0.02817  3.63955e-04
 13  0.07620  1.41016e-03 | 14  0.01269  2.08118e-06 | 15 -0.01184 -3.08687e-04
 16  0.06552 -5.96250e-04 | 17  0.03699 -1.06002e-03 | 18 -0.03015 -1.19841e-03
 19 -0.00040 -1.50726e-03 | 20 -0.02691 -1.53784e-03 | 21  0.04040  6.87351e-04
 22  0.02982  4.75390e-04 | 23 -0.05052  6.74593e-05 | 24 -0.02397 -7.56666e-05
 25 -0.09667 -1.00585e-05 | 26 -0.00290  1.15224e-03 | 27 -0.02086  2.13510e-04
 28 -0.02238  4.98231e-04 | 29  0.05728 -3.31510e-03 | 30  0.00410 -2.00176e-03
 31  0.05680 -1.14495e-03 | 32 -0.02290 -4.54403e-04 | 33  0.04038  3.56131e-05
 34 -0.00195  3.27023e-04 | 35  0.05512  1.20070e-03 | 36  0.02737  1.65038e-03
 37 -0.00868  2.13721e-03 | 38  0.03101  1.97495e-03 | 39  0.00368  7.92082e-04
 40  0.24890  2.40016e-04 | 41  0.05518  4.93667e-03 | 42  0.42958  7.88975e-04
 43  0.27700 -3.00212e-04 | 44  0.28264  1.69575e-03 | 45 -0.29508  5.10535e-03
 46 -0.08867 -2.80576e-03 | 47 -0.26874 -3.75514e-03 | 48 -0.43587 -2.51585e-03
 49 -0.11676  1.06228e-04 | 50 -0.23608 -7.94299e-05 |
50 variables; iteration 120; function evaluation 141; phase 3
Function value 1.2386163e+02; maximum gradient component mag 4.2839e+00
Var    Value     Gradient |Var    Value     Gradient |Var    Value     Gradient
  1  0.01676 -2.06677e+00 |  2 -0.06285  1.29627e-03 |  3 -0.09458  3.28257e-03
  4  0.01618  6.96622e-03 |  5 -0.01791  3.07341e-02 |  6  0.02355  1.64979e-02
  7 -0.04272  2.61670e-02 |  8 -0.09726  2.65240e-02 |  9 -0.06522  1.18332e-02
 10 -0.07353  3.07097e-02 | 11  0.02717  2.03645e-02 | 12  0.02818  5.80592e-03
 13  0.07620 -5.88323e-02 | 14  0.01269  2.16828e-02 | 15 -0.01184  3.82606e-02
 16  0.06552  4.91110e-02 | 17  0.03699  7.46313e-02 | 18 -0.03014  7.97610e-02
 19 -0.00040  7.71883e-02 | 20 -0.02691  6.91518e-02 | 21  0.04040  1.46387e-02
 22  0.02981  1.30369e-02 | 23 -0.05052  2.20714e-02 | 24 -0.02397  1.29990e-02
 25 -0.09667  2.89588e-03 | 26 -0.00290 -1.46725e-01 | 27 -0.02086 -1.34687e-02
 28 -0.02238 -2.47153e-02 | 29  0.05728 -1.40368e-02 | 30  0.00410 -1.03200e-01
 31  0.05680 -2.02794e-02 | 32 -0.02290  3.31509e-02 | 33  0.04038  1.03614e-02
 34 -0.00195  3.49721e-03 | 35  0.05512 -4.41916e-02 | 36  0.02737 -7.88104e-02
 37 -0.00867 -1.02843e-01 | 38  0.03101 -7.12768e-02 | 39  0.00368 -1.25217e-02
 40  0.24890 -1.10475e-02 | 41  0.05517  1.53268e-01 | 42  0.42965  2.28608e-02
 43  0.27700 -5.64370e-03 | 44  0.28264 -6.38971e-02 | 45 -0.28483  4.28389e+00
 46 -0.05972 -1.51481e+00 | 47 -0.26716 -1.51465e-01 | 48 -0.43392  1.15739e-01
 49 -0.11676 -4.84346e-02 | 50 -0.23608  6.11290e-02 |
50 variables; iteration 140; function evaluation 161; phase 3
Function value 1.2386161e+02; maximum gradient component mag 7.0556e-01
Var    Value     Gradient |Var    Value     Gradient |Var    Value     Gradient
  1  0.01676 -6.58480e-01 |  2 -0.06286 -2.08982e-05 |  3 -0.09459 -1.09938e-03
  4  0.01618  1.15921e-03 |  5 -0.01792  1.35307e-02 |  6  0.02355  2.61671e-02
  7 -0.04272  1.72963e-02 |  8 -0.09725  1.71139e-02 |  9 -0.06521  3.31798e-02
 10 -0.07353  7.17850e-03 | 11  0.02717  9.03041e-03 | 12  0.02817  9.52970e-03
 13  0.07620  1.05401e-02 | 14  0.01269  1.30161e-02 | 15 -0.01184  4.13175e-03
 16  0.06552 -5.76362e-03 | 17  0.03699 -2.41440e-02 | 18 -0.03015 -2.93941e-02
 19 -0.00040 -2.82428e-02 | 20 -0.02691 -3.78280e-02 | 21  0.04040  2.97790e-02
 22  0.02982  2.55989e-02 | 23 -0.05052  1.17103e-02 | 24 -0.02397  4.01205e-03
 25 -0.09668  5.94465e-03 | 26 -0.00290  3.40590e-02 | 27 -0.02087  2.47138e-02
 28 -0.02238  6.57642e-03 | 29  0.05728 -1.58456e-01 | 30  0.00410 -7.49244e-02
 31  0.05680 -9.96520e-03 | 32 -0.02290  3.01248e-02 | 33  0.04038  4.85140e-03
 34 -0.00195  5.06329e-04 | 35  0.05512  1.76130e-03 | 36  0.02737  9.00127e-03
 37 -0.00868  3.41683e-04 | 38  0.03101  6.39048e-03 | 39  0.00368  1.08124e-02
 40  0.24890  1.55977e-02 | 41  0.05518 -1.32037e-01 | 42  0.42956 -1.95931e-02
 43  0.27700  2.03502e-03 | 44  0.28264  4.15675e-02 | 45 -0.27814  7.05560e-01
 46 -0.04076 -2.48277e-01 | 47 -0.26597  1.46089e-01 | 48 -0.43244 -1.26252e-01
 49 -0.11676 -5.49966e-03 | 50 -0.23608  1.23628e-02 |
50 variables; iteration 160; function evaluation 206; phase 3
Function value 1.2380666e+02; maximum gradient component mag -5.0901e+01
Var    Value     Gradient |Var    Value     Gradient |Var    Value     Gradient
  1  0.01672 -5.09009e+01 |  2 -0.06274  1.80109e-02 |  3 -0.09427  8.54253e-02
  4  0.01632  2.56213e-02 |  5 -0.01784  5.44794e-01 |  6  0.02357 -1.15306e-01
  7 -0.04281  3.98957e-01 |  8 -0.09726  4.99111e-01 |  9 -0.06524  2.11144e-02
 10 -0.07352  7.92461e-01 | 11  0.02726  7.57708e-01 | 12  0.02828  7.08549e-01
 13  0.07629  4.86867e-01 | 14  0.01263  5.55278e-01 | 15 -0.01177  9.39501e-01
 16  0.06554  1.21001e+00 | 17  0.03714  1.83594e+00 | 18 -0.02994  1.86591e+00
 19 -0.00025  7.28409e-01 | 20 -0.02680  3.41742e+00 | 21  0.04007 -4.14608e+00
 22  0.02957 -2.15335e+00 | 23 -0.05075 -2.33176e-01 | 24 -0.02425 -1.46063e+00
 25 -0.09748 -5.48453e-01 | 26 -0.00264 -2.41316e+00 | 27 -0.02082 -8.73519e-01
 28 -0.02242 -1.02113e+00 | 29  0.05752  4.98350e+00 | 30  0.00420  1.44992e+00
 31  0.05686 -3.43053e+00 | 32 -0.02310 -3.42370e+00 | 33  0.04053 -2.02744e+00
 34 -0.00198 -2.78062e-01 | 35  0.05520 -6.14070e-01 | 36  0.02745  3.52358e-01
 37 -0.00860  8.36150e-01 | 38  0.03113 -2.18117e-02 | 39  0.00374  5.16553e-01
 40  0.24893 -1.24526e+00 | 41  0.05954 -3.82571e+01 | 42  0.42480 -5.76897e+00
 43  0.27703 -2.68466e-01 | 44  0.28261 -2.49930e+00 | 45 -0.30433 -1.23666e+01
 46 -0.11477  4.38494e+00 | 47 -0.20232  4.41268e+00 | 48 -0.35835  5.17682e-01
 49 -0.11674 -1.14880e-02 | 50 -0.23603 -1.29821e-01 |
50 variables; iteration 180; function evaluation 227; phase 3
Function value 1.2375955e+02; maximum gradient component mag -2.6366e+01
Var    Value     Gradient |Var    Value     Gradient |Var    Value     Gradient
  1  0.01667  1.55621e+00 |  2 -0.06279 -9.90508e-04 |  3 -0.09450 -3.88304e-03
  4  0.01634 -1.03824e-02 |  5 -0.01774 -3.24178e-02 |  6  0.02374 -3.99033e-02
  7 -0.04256 -2.81066e-02 |  8 -0.09710 -3.35669e-02 |  9 -0.06504 -6.26254e-02
 10 -0.07341 -1.70636e-02 | 11  0.02731 -1.44404e-02 | 12  0.02835 -3.89951e-03
 13  0.07642  3.70722e-02 | 14  0.01271 -2.37051e-02 | 15 -0.01182 -2.60917e-02
 16  0.06560 -3.65381e-02 | 17  0.03717 -3.80445e-02 | 18 -0.02980 -3.15218e-02
 19 -0.00021 -6.98652e-02 | 20 -0.02675 -1.94084e-02 | 21  0.03974 -1.52316e-02
 22  0.02909 -2.74602e-02 | 23 -0.05109 -1.94622e-02 | 24 -0.02494 -1.02131e-02
 25 -0.09853  1.19980e-02 | 26 -0.00212  8.65056e-02 | 27 -0.02072  8.55573e-03
 28 -0.02210  2.11068e-02 | 29  0.05750  9.54349e-02 | 30  0.00428  1.42248e-01
 31  0.05692  4.58100e-02 | 32 -0.02309 -8.80785e-04 | 33  0.04042  1.20294e-02
 34 -0.00229  8.86093e-03 | 35  0.05517  9.32255e-03 | 36  0.02755  2.43142e-02
 37 -0.00852  3.69295e-02 | 38  0.03127  6.86576e-03 | 39  0.00406  1.49497e-03
 40  0.24901 -1.44999e-02 | 41  0.06461  1.57400e-01 | 42  0.43545  2.67256e-02
 43  0.27710  1.09719e-02 | 44  0.28284  7.66685e-03 | 45 -0.29113 -2.63656e+01
 46 -0.07753  9.33424e+00 | 47 -0.17827 -2.40857e-01 | 48 -0.33711  2.46257e-01
 49 -0.11622  6.73673e-02 | 50 -0.23588 -7.40118e-02 |
50 variables; iteration 200; function evaluation 247; phase 3
Function value 1.2375943e+02; maximum gradient component mag 1.6071e+00
Var    Value     Gradient |Var    Value     Gradient |Var    Value     Gradient
  1  0.01667 -1.64653e-02 |  2 -0.06280  6.12007e-04 |  3 -0.09451  1.39255e-03
  4  0.01631  5.84885e-03 |  5 -0.01775  2.78790e-03 |  6  0.02374  3.17238e-03
  7 -0.04259  7.63838e-04 |  8 -0.09712  3.33990e-03 |  9 -0.06504  1.07789e-02
 10 -0.07344 -7.79434e-04 | 11  0.02730 -1.24924e-03 | 12  0.02834 -5.57801e-03
 13  0.07644 -1.75765e-02 | 14  0.01268 -1.31168e-03 | 15 -0.01184  7.10345e-03
 16  0.06560  2.54610e-02 | 17  0.03717  4.08014e-02 | 18 -0.02980  4.70790e-02
 19 -0.00022  9.15004e-02 | 20 -0.02674  5.37636e-02 | 21  0.03973 -1.97095e-02
 22  0.02911 -6.80224e-03 | 23 -0.05109 -2.69120e-03 | 24 -0.02494  8.33909e-03
 25 -0.09856 -1.76908e-02 | 26 -0.00209 -7.66294e-02 | 27 -0.02074 -2.94260e-02
 28 -0.02209  1.25404e-02 | 29  0.05751  2.84940e-02 | 30  0.00429 -5.28553e-02
 31  0.05692 -2.70148e-02 | 32 -0.02309 -3.85554e-02 | 33  0.04044  3.74151e-03
 34 -0.00227 -5.70188e-03 | 35  0.05518  7.85714e-03 | 36  0.02756 -2.50623e-02
 37 -0.00850 -2.67072e-02 | 38  0.03128  1.61398e-02 | 39  0.00410 -3.31548e-03
 40  0.24901 -3.44567e-02 | 41  0.06492  1.37183e-01 | 42  0.43338  1.89516e-02
 43  0.27709 -9.74410e-03 | 44  0.28283 -3.02867e-02 | 45 -0.28262  1.60713e+00
 46 -0.05349 -5.68545e-01 | 47 -0.17825 -1.39586e-01 | 48 -0.33712  1.20849e-01
 49 -0.11623 -3.95795e-02 | 50 -0.23588  3.50334e-02 |

 - final statistics:
50 variables; iteration 214; function evaluation 261
Function value 1.2376e+02; maximum gradient component mag -5.4390e-06
Exit code = 1;  converg criter 1.0000e-04
Var    Value     Gradient |Var    Value     Gradient |Var    Value     Gradient
  1  0.01667 -1.77124e-06 |  2 -0.06280 -1.63054e-08 |  3 -0.09451  3.23102e-08
  4  0.01631 -1.36198e-07 |  5 -0.01775 -1.09753e-07 |  6  0.02374 -7.13282e-07
  7 -0.04259  1.00642e-07 |  8 -0.09712  1.47738e-07 |  9 -0.06504  7.77773e-07
 10 -0.07344 -1.02556e-07 | 11  0.02730  1.29968e-07 | 12  0.02834  1.86138e-07
 13  0.07644  5.30925e-07 | 14  0.01269 -1.56210e-07 | 15 -0.01184  3.30387e-07
 16  0.06560  1.04115e-06 | 17  0.03716  1.79335e-06 | 18 -0.02980  1.81509e-06
 19 -0.00023  1.35086e-06 | 20 -0.02674  3.64081e-07 | 21  0.03973 -5.92709e-07
 22  0.02911 -5.83522e-07 | 23 -0.05109 -4.27330e-07 | 24 -0.02494 -9.49028e-07
 25 -0.09855 -3.99932e-07 | 26 -0.00209 -5.24556e-07 | 27 -0.02074 -5.87558e-07
 28 -0.02209  1.10360e-06 | 29  0.05751 -1.59374e-06 | 30  0.00429 -1.22316e-06
 31  0.05692 -2.56179e-06 | 32 -0.02309 -2.42961e-06 | 33  0.04044  3.58677e-08
 34 -0.00227  3.86502e-07 | 35  0.05517 -7.08485e-07 | 36  0.02756  7.73767e-07
 37 -0.00850  7.42114e-07 | 38  0.03128  1.74118e-06 | 39  0.00410  3.40179e-07
 40  0.24901  1.11589e-06 | 41  0.06489 -5.43904e-06 | 42  0.43354 -7.95124e-07
 43  0.27710 -7.77839e-07 | 44  0.28283 -6.16767e-07 | 45 -0.27896  6.98485e-07
 46 -0.04311 -2.37938e-07 | 47 -0.17827  3.22778e-06 | 48 -0.33714 -2.20852e-06
 49 -0.11623 -1.61527e-06 | 50 -0.23588  1.15849e-06 |
Estimating row 1 out of 50 for hessian
Estimating row 2 out of 50 for hessian
Estimating row 3 out of 50 for hessian
Estimating row 4 out of 50 for hessian
Estimating row 5 out of 50 for hessian
Estimating row 6 out of 50 for hessian
Estimating row 7 out of 50 for hessian
Estimating row 8 out of 50 for hessian
Estimating row 9 out of 50 for hessian
Estimating row 10 out of 50 for hessian
Estimating row 11 out of 50 for hessian
Estimating row 12 out of 50 for hessian
Estimating row 13 out of 50 for hessian
Estimating row 14 out of 50 for hessian
Estimating row 15 out of 50 for hessian
Estimating row 16 out of 50 for hessian
Estimating row 17 out of 50 for hessian
Estimating row 18 out of 50 for hessian
Estimating row 19 out of 50 for hessian
Estimating row 20 out of 50 for hessian
Estimating row 21 out of 50 for hessian
Estimating row 22 out of 50 for hessian
Estimating row 23 out of 50 for hessian
Estimating row 24 out of 50 for hessian
Estimating row 25 out of 50 for hessian
Estimating row 26 out of 50 for hessian
Estimating row 27 out of 50 for hessian
Estimating row 28 out of 50 for hessian
Estimating row 29 out of 50 for hessian
Estimating row 30 out of 50 for hessian
Estimating row 31 out of 50 for hessian
Estimating row 32 out of 50 for hessian
Estimating row 33 out of 50 for hessian
Estimating row 34 out of 50 for hessian
Estimating row 35 out of 50 for hessian
Estimating row 36 out of 50 for hessian
Estimating row 37 out of 50 for hessian
Estimating row 38 out of 50 for hessian
Estimating row 39 out of 50 for hessian
Estimating row 40 out of 50 for hessian
Estimating row 41 out of 50 for hessian
Estimating row 42 out of 50 for hessian
Estimating row 43 out of 50 for hessian
Estimating row 44 out of 50 for hessian
Estimating row 45 out of 50 for hessian
Estimating row 46 out of 50 for hessian
Estimating row 47 out of 50 for hessian
Estimating row 48 out of 50 for hessian
Estimating row 49 out of 50 for hessian
Estimating row 50 out of 50 for hessian
size of file gradfil1.tmp = 0
size of file gradfil2.tmp = 0
size of file varssave.tmp = 0
size of file cmpdiff.tmp = 0
