
Initial statistics: 5 variables; iteration 0; function evaluation 0; phase 1
Function value 4.2169325e+03; maximum gradient component mag 2.3175e+04
Var    Value     Gradient |Var    Value     Gradient |Var    Value     Gradient
  1  0.33333  2.31755e+04 |  2  0.21635  1.80162e+04 |  3 -0.59033 -2.64272e+03
  4  0.21635  8.59801e+03 |  5 -0.59033 -1.40934e+03 |

Intermediate statistics: 5 variables; iteration 20; function evaluation 36; phase 1
Function value 5.7922032e+02; maximum gradient component mag 4.7864e+01
Var    Value     Gradient |Var    Value     Gradient |Var    Value     Gradient
  1  0.07450  4.78640e+01 |  2  0.21321 -2.59475e+01 |  3 -1.68042 -1.07732e+00
  4  0.19916 -2.87230e+01 |  5  2.27315  4.90527e-01 |

 - final statistics:
5 variables; iteration 22; function evaluation 38
Function value 5.7917e+02; maximum gradient component mag 7.9721e+00
Exit code = 1;  converg criter 1.0000e+01
Var    Value     Gradient |Var    Value     Gradient |Var    Value     Gradient
  1  0.07396  7.97208e+00 |  2  0.21382 -3.41897e+00 |  3 -1.67244 -5.79289e-01
  4  0.20044 -4.88959e-01 |  5  2.24723 -2.27645e-01 |

Initial statistics: 48 variables; iteration 0; function evaluation 0; phase 2
Function value 5.7916808e+02; maximum gradient component mag -4.0846e+03
Var    Value     Gradient |Var    Value     Gradient |Var    Value     Gradient
  1  0.07396  7.97208e+00 |  2  0.00000  1.19860e+01 |  3  0.00000  2.71221e+01
  4  0.00000 -6.72266e+01 |  5  0.00000  2.71559e+01 |  6  0.00000 -4.48701e+01
  7  0.00000 -1.80860e+01 |  8  0.00000  3.38236e+01 |  9  0.00000  4.60894e+00
 10  0.00000  1.10263e+01 | 11  0.00000 -4.38650e+01 | 12  0.00000  6.20395e+00
 13  0.00000 -2.70040e+01 | 14  0.00000  1.47136e+00 | 15  0.00000  3.72902e-01
 16  0.00000 -5.11356e+01 | 17  0.00000  2.85617e+00 | 18  0.00000  6.68356e+01
 19  0.00000  4.55669e+00 | 20  0.00000  1.68812e+01 | 21  0.00000 -8.81931e+01
 22  0.00000 -7.92391e+01 | 23  0.00000  8.95352e+01 | 24  0.00000 -1.13007e+00
 25  0.00000  1.78507e+02 | 26  0.00000  9.47984e+01 | 27  0.00000  1.33945e+01
 28  0.00000  1.75724e+01 | 29  0.00000 -2.21201e+02 | 30  0.00000  3.84950e+02
 31  0.00000 -5.70389e+02 | 32  0.00000  4.00139e+02 | 33  0.00000 -7.43201e+02
 34  0.00000  3.09429e+02 | 35  0.00000 -2.95946e+02 | 36  0.00000  6.14856e+01
 37  0.00000  3.63809e+02 | 38  0.00000 -8.67485e+01 | 39  0.00000  1.81595e+02
 40  0.21382 -3.41897e+00 | 41 -0.32756  5.79289e-01 | 42  0.21635  3.32836e+03
 43  0.21635 -5.66648e+02 | 44  0.20044 -4.88959e-01 | 45 -0.24723  2.27645e-01
 46 -0.30909 -2.26146e+03 | 47  0.12819  1.03793e+01 | 48 -0.30909 -4.08457e+03

Intermediate statistics: 48 variables; iteration 20; function evaluation 31; phase 2
Function value 2.0487680e+02; maximum gradient component mag -1.0051e+03
Var    Value     Gradient |Var    Value     Gradient |Var    Value     Gradient
  1  0.03566  1.87926e+02 |  2 -0.07673 -5.76088e-01 |  3 -0.13113 -6.57619e+00
  4 -0.00774  2.58761e+00 |  5 -0.05111 -5.66467e+00 |  6 -0.00880  1.08441e+00
  7 -0.05861 -4.28620e+00 |  8 -0.10394 -6.29014e+00 |  9 -0.06422 -1.85244e+00
 10 -0.04879  2.66654e+00 | 11  0.03502  9.18450e+00 | 12  0.02104  9.25794e+00
 13  0.05091  2.04060e+01 | 14 -0.00001  2.09842e+00 | 15 -0.00587 -1.93805e+00
 16  0.05381 -3.00908e+00 | 17  0.00846 -4.52864e+00 | 18 -0.04602 -3.60451e+00
 19  0.01744  1.09021e+00 | 20 -0.02222 -2.86865e+00 | 21  0.08798 -9.44928e-01
 22  0.06323  2.01664e+00 | 23 -0.05117 -5.39533e+00 | 24 -0.00493 -1.75528e+00
 25 -0.10034 -7.65879e+00 | 26 -0.04068  3.43928e+00 | 27 -0.02967 -1.15114e+01
 28  0.00430 -2.77630e+01 | 29  0.03103 -1.01575e+02 | 30 -0.02050 -8.95754e+01
 31  0.08297  2.64066e+02 | 32 -0.00113 -4.81462e+01 | 33  0.08810  6.11647e+01
 34  0.00191 -1.28625e+02 | 35  0.05287  1.40530e+00 | 36  0.01215 -5.99688e+01
 37 -0.03048 -1.01596e+02 | 38  0.03626  1.44424e+02 | 39  0.04014  6.86260e+01
 40  0.22905 -2.94925e+02 | 41 -0.38358  4.21892e+00 | 42  0.21390  6.48950e+01
 43  0.25511  4.51136e+01 | 44  0.23014 -3.95082e+01 | 45 -0.26015  1.28699e+00
 46 -0.22004  3.52100e+02 | 47  0.15151 -9.71792e+01 | 48 -0.26496 -1.00509e+03
48 variables; iteration 40; function evaluation 53; phase 2
Function value 1.8940028e+02; maximum gradient component mag -1.9143e+03
Var    Value     Gradient |Var    Value     Gradient |Var    Value     Gradient
  1  0.02528 -1.91435e+03 |  2 -0.03236  9.75389e+00 |  3 -0.11822 -5.65090e+00
  4  0.02133  2.17807e+01 |  5 -0.02471  3.95554e+01 |  6  0.00077  1.86057e+01
  7 -0.06213  5.02085e+00 |  8 -0.10012  2.86397e+01 |  9 -0.06885  1.90463e+01
 10 -0.05689  3.54278e+01 | 11  0.01642 -8.39234e+00 | 12 -0.00482 -6.29865e+01
 13  0.05032 -2.23021e+02 | 14  0.01025 -1.72340e+01 | 15 -0.02747  6.64609e+00
 16  0.06994  3.56635e+01 | 17  0.03013  3.37999e+01 | 18 -0.03006  2.99340e+01
 19  0.02700  3.25487e+01 | 20 -0.01609  2.98179e+01 | 21  0.09591  3.45817e+01
 22  0.06181  1.03039e+01 | 23 -0.06128  5.50095e-02 | 24 -0.00222  1.62267e+01
 25 -0.10909 -6.88272e+00 | 26 -0.03519 -3.32224e+01 | 27 -0.02375 -4.24323e+00
 28  0.00353 -2.59361e+01 | 29  0.04673 -3.31097e+01 | 30 -0.00735 -3.56114e+01
 31  0.06766  8.27103e+01 | 32 -0.00716 -3.67516e+01 | 33  0.08004  7.96107e+01
 34  0.00961 -5.35336e+01 | 35  0.06140  2.92541e+01 | 36  0.02222 -3.27354e+01
 37 -0.02190 -7.01425e+01 | 38  0.01374 -9.25799e+01 | 39 -0.00983  1.26576e+02
 40  0.23612 -3.44642e+02 | 41 -0.54331 -6.74578e+00 | 42  0.21747 -4.47476e+02
 43  0.26049 -1.29283e+02 | 44  0.24347 -8.42950e+01 | 45 -0.63088 -8.99829e+00
 46 -0.23138  4.39198e+02 | 47  0.11070 -1.33699e+02 | 48 -0.25602 -6.79943e+02
48 variables; iteration 60; function evaluation 82; phase 2
Function value 1.7789828e+02; maximum gradient component mag 3.0568e+01
Var    Value     Gradient |Var    Value     Gradient |Var    Value     Gradient
  1  0.02325  3.05681e+01 |  2 -0.06538 -1.14575e-01 |  3 -0.09784  5.39012e-03
  4  0.01023 -6.59582e-01 |  5 -0.02898 -1.75438e+00 |  6  0.00952 -3.67662e+00
  7 -0.04672 -6.44857e-01 |  8 -0.09807 -5.42922e-01 |  9 -0.06611 -9.49569e-02
 10 -0.06886 -2.31158e-01 | 11  0.02172 -8.04711e-01 | 12  0.01663 -8.94989e-01
 13  0.05665 -6.41683e-01 | 14  0.00902  1.94227e-01 | 15 -0.00758 -2.26532e-01
 16  0.06734  4.78447e-01 | 17  0.02716  5.02911e-01 | 18 -0.03508  3.18627e-01
 19  0.01911  1.87496e-02 | 20 -0.02409  5.18459e-01 | 21  0.08305 -3.89226e-01
 22  0.05760 -3.22531e-01 | 23 -0.05642 -5.24937e-01 | 24 -0.00736 -7.30656e-01
 25 -0.09665 -5.95118e-01 | 26 -0.02798 -1.19212e+00 | 27 -0.01461  1.28311e-01
 28  0.01181  8.61835e-01 | 29  0.04106  3.41064e+00 | 30 -0.00650  1.41065e+00
 31  0.05830  1.71796e+00 | 32 -0.00080 -4.90114e-01 | 33  0.06255  8.36104e-01
 34  0.00736 -1.16171e-01 | 35  0.05451  1.27132e+00 | 36  0.02290  1.18831e+00
 37 -0.01714  2.76377e-01 | 38  0.01601  1.79425e+00 | 39 -0.03976 -1.28778e+00
 40  0.24138  2.04352e+00 | 41 -0.44766  2.60499e-02 | 42  0.22304  8.21738e+00
 43  0.26666  6.83006e+00 | 44  0.25137  1.37574e+00 | 45 -0.37318  7.01740e-02
 46 -0.24984  1.37080e+01 | 47  0.05299 -1.52637e+00 | 48 -0.24918  1.78349e+01

 - final statistics:
48 variables; iteration 65; function evaluation 87
Function value 1.7784e+02; maximum gradient component mag -3.5293e+00
Exit code = 1;  converg criter 1.0000e+01
Var    Value     Gradient |Var    Value     Gradient |Var    Value     Gradient
  1  0.02327 -2.95981e+00 |  2 -0.06490  2.08940e-02 |  3 -0.09805 -5.22592e-02
  4  0.01060  9.90223e-02 |  5 -0.02870  2.47307e-02 |  6  0.00959 -4.02878e-01
  7 -0.04634  2.99423e-02 |  8 -0.09777 -1.62691e-02 |  9 -0.06622 -3.51444e-02
 10 -0.06893  8.21236e-02 | 11  0.02191 -1.91208e-01 | 12  0.01686 -1.54260e-01
 13  0.05628 -6.66713e-01 | 14  0.00866 -2.17858e-01 | 15 -0.00794 -1.00309e-01
 16  0.06704 -4.06868e-01 | 17  0.02695 -4.51055e-01 | 18 -0.03524 -6.67407e-02
 19  0.01927 -7.79233e-02 | 20 -0.02417  1.69848e-02 | 21  0.08327  4.30855e-02
 22  0.05785  1.23513e-01 | 23 -0.05611  7.45285e-02 | 24 -0.00697  2.60445e-01
 25 -0.09634  2.65982e-01 | 26 -0.02756  7.76232e-01 | 27 -0.01466  1.97547e-01
 28  0.01162  2.28387e-01 | 29  0.04103  1.05406e+00 | 30 -0.00656  8.27420e-01
 31  0.05825  3.61822e-01 | 32 -0.00083 -5.64683e-02 | 33  0.06249 -1.43175e-01
 34  0.00733 -1.19070e-01 | 35  0.05444 -2.91332e-01 | 36  0.02282 -2.52610e-01
 37 -0.01724 -1.86200e-01 | 38  0.01579 -3.38068e-01 | 39 -0.04026 -2.01021e-01
 40  0.24137  4.10603e-01 | 41 -0.44693  2.84241e-02 | 42  0.22296 -1.48298e+00
 43  0.26648  9.36897e-02 | 44  0.25135  2.19859e-01 | 45 -0.37610 -7.86486e-03
 46 -0.26780 -3.52930e+00 | 47 -0.00215  1.29409e+00 | 48 -0.24923 -2.28684e-02

Initial statistics: 51 variables; iteration 0; function evaluation 0; phase 3
Function value 1.7783526e+02; maximum gradient component mag -1.5175e+03
Var    Value     Gradient |Var    Value     Gradient |Var    Value     Gradient
  1  0.02327 -2.95981e+00 |  2 -0.06490  2.08940e-02 |  3 -0.09805 -5.22592e-02
  4  0.01060  9.90223e-02 |  5 -0.02870  2.49441e-02 |  6  0.00959 -4.02664e-01
  7 -0.04634  3.01554e-02 |  8 -0.09777 -1.60580e-02 |  9 -0.06622 -3.49319e-02
 10 -0.06893  8.23360e-02 | 11  0.02191 -1.90994e-01 | 12  0.01686 -1.54046e-01
 13  0.05628 -6.66500e-01 | 14  0.00866 -2.17644e-01 | 15 -0.00794 -1.00095e-01
 16  0.06704 -4.06656e-01 | 17  0.02695 -4.50841e-01 | 18 -0.03524 -6.65274e-02
 19  0.01927 -7.77097e-02 | 20 -0.02417  1.71983e-02 | 21  0.08327  4.32973e-02
 22  0.05785  1.23725e-01 | 23 -0.05611  7.47414e-02 | 24 -0.00697  2.60659e-01
 25 -0.09634  2.66193e-01 | 26 -0.02756  7.76446e-01 | 27 -0.01466  1.97760e-01
 28  0.01162  2.28600e-01 | 29  0.04103  1.05428e+00 | 30 -0.00656  8.27633e-01
 31  0.05825  3.62034e-01 | 32 -0.00083 -5.62546e-02 | 33  0.06249 -1.42962e-01
 34  0.00733 -1.18856e-01 | 35  0.05444 -2.91119e-01 | 36  0.02282 -2.52396e-01
 37 -0.01724 -1.85986e-01 | 38  0.01579 -3.37855e-01 | 39 -0.04026 -2.00807e-01
 40  0.24137  4.10603e-01 | 41 -0.44693  2.84241e-02 | 42  0.22296 -1.48298e+00
 43  0.26648  9.36897e-02 | 44  0.25135  2.19859e-01 | 45 -0.37610 -7.86486e-03
 46 -0.26780 -3.52930e+00 | 47 -0.00215  1.29409e+00 | 48 -0.30909 -1.51754e+03
 49 -0.43452  1.69869e-03 | 50 -0.24923 -2.28684e-02 | 51 -0.36199 -1.85349e+01

Intermediate statistics: 51 variables; iteration 20; function evaluation 26; phase 3
Function value 1.4012670e+02; maximum gradient component mag -3.9054e+03
Var    Value     Gradient |Var    Value     Gradient |Var    Value     Gradient
  1  0.01620 -3.90541e+03 |  2 -0.06465  7.72069e-02 |  3 -0.09744  4.26070e-02
  4  0.01304  2.43395e+00 |  5 -0.02297  4.26448e+01 |  6  0.02103  2.78125e+01
  7 -0.04514  5.74398e+01 |  8 -0.09695  5.86168e+01 |  9 -0.06381  5.11108e+01
 10 -0.06931  5.99478e+01 | 11  0.02567  4.43619e+01 | 12  0.02505  2.86197e+01
 13  0.08078 -3.06581e+01 | 14  0.01120  4.92339e+01 | 15 -0.00743  4.97133e+01
 16  0.07174  1.59128e+01 | 17  0.03278  1.87867e+00 | 18 -0.03466  5.18437e-01
 19 -0.02671 -1.39861e+02 | 20 -0.01434 -9.75921e+01 | 21  0.01736 -3.93560e+01
 22  0.03001 -1.74751e-01 | 23 -0.04860  4.50765e+01 | 24 -0.04158 -1.26830e+01
 25 -0.10655  5.44381e-01 | 26  0.00394 -1.78636e+02 | 27 -0.02252 -4.25989e+01
 28 -0.02637 -4.11402e+01 | 29  0.06611  1.54176e+02 | 30  0.00464 -4.50740e+01
 31  0.05775  3.98834e+01 | 32 -0.01526 -2.45397e+01 | 33  0.06933  1.89171e+02
 34  0.01474  1.01115e+02 | 35  0.05921  2.67877e+01 | 36  0.03262 -1.87784e+01
 37 -0.00521 -8.32283e+01 | 38  0.02804 -2.32944e+02 | 39 -0.00500 -6.11133e+01
 40  0.24422 -4.58032e+02 | 41 -0.44608 -2.71099e-02 | 42  0.26242  1.85940e+02
 43  0.27401 -6.44495e+01 | 44  0.26115 -6.61298e+01 | 45 -0.37638 -1.14210e+00
 46 -0.25145  2.51707e+03 | 47  0.02140 -9.52566e+02 | 48 -0.24766 -1.16892e+02
 49 -0.41267  9.88052e+01 | 50 -0.20069  4.93860e+02 | 51 -0.30635 -5.43504e+02
51 variables; iteration 40; function evaluation 47; phase 3
Function value 1.3724804e+02; maximum gradient component mag -2.8115e+03
Var    Value     Gradient |Var    Value     Gradient |Var    Value     Gradient
  1  0.01631 -2.81153e+03 |  2 -0.06346  5.94946e-01 |  3 -0.09742  4.32156e-01
  4  0.01305  4.53533e+00 |  5 -0.02403  2.83300e+01 |  6  0.02162  3.00994e+01
  7 -0.04580  3.99930e+01 |  8 -0.09852  4.15311e+01 |  9 -0.06398  4.28020e+01
 10 -0.08733  3.03858e+01 | 11  0.01519  2.23286e+01 | 12  0.02352  1.33152e+01
 13  0.08191 -4.31441e+01 | 14  0.01168  3.11764e+01 | 15  0.00189  4.59510e+01
 16  0.07626  3.22132e+01 | 17  0.03454  2.91614e+01 | 18 -0.03916  1.79488e+01
 19 -0.02763 -7.41111e+01 | 20 -0.01292 -4.31205e+01 | 21  0.02791 -8.28644e+00
 22  0.03138  1.36057e+00 | 23 -0.04733  3.76279e+01 | 24 -0.03772 -1.40115e+01
 25 -0.10815 -1.22196e+01 | 26  0.00276 -1.69433e+02 | 27 -0.02140 -1.93195e+01
 28 -0.02640 -3.61729e+01 | 29  0.06530  1.18125e+02 | 30  0.00368 -4.87043e+01
 31  0.05913  5.37560e+01 | 32 -0.01080 -3.83151e+00 | 33  0.06823  1.52013e+02
 34  0.01236  5.12305e+01 | 35  0.05810 -1.85127e+01 | 36  0.03181 -5.31847e+01
 37 -0.00434 -5.96049e+01 | 38  0.02749 -2.39232e+02 | 39 -0.00209 -5.95376e+01
 40  0.24422 -3.27494e+02 | 41 -0.36848  5.18770e+00 | 42  0.26173  2.06588e+02
 43  0.27305 -9.09999e+01 | 44  0.26006 -9.25677e+01 | 45 -0.36217 -8.53280e-01
 46 -0.25112  2.09011e+03 | 47  0.02355 -7.84003e+02 | 48 -0.24828 -1.23118e+02
 49 -0.41276  1.03170e+02 | 50 -0.20140  3.70665e+02 | 51 -0.30638 -4.29517e+02
51 variables; iteration 60; function evaluation 74; phase 3
Function value 1.2322026e+02; maximum gradient component mag -7.7826e+02
Var    Value     Gradient |Var    Value     Gradient |Var    Value     Gradient
  1  0.01790 -7.78257e+02 |  2 -0.06198  4.50129e-01 |  3 -0.09286  1.07341e+00
  4  0.01314 -1.20534e+00 |  5 -0.02194  1.04309e+01 |  6  0.01624  9.33912e+00
  7 -0.04714  6.57293e+00 |  8 -0.09816  1.30104e+01 |  9 -0.06622  1.18714e+01
 10 -0.07398  1.09381e+01 | 11  0.02621  9.08997e+00 | 12  0.02573  3.95632e+00
 13  0.07258 -1.19903e+01 | 14  0.01161  7.05112e+00 | 15 -0.00662  9.22396e+00
 16  0.07141  4.57720e-01 | 17  0.03159 -5.67891e+00 | 18 -0.04145 -1.06145e+01
 19 -0.02436 -8.99091e+01 | 20 -0.01781 -2.53668e+01 | 21  0.04036  5.23836e+00
 22  0.03862  6.49052e+00 | 23 -0.05484  9.77668e+00 | 24 -0.02859  2.67374e+00
 25 -0.10419  2.06359e+00 | 26 -0.00669 -3.03287e+01 | 27 -0.02170  6.30290e+00
 28 -0.00294  4.12190e+01 | 29  0.05782  1.85544e+01 | 30  0.00032 -1.83555e+01
 31  0.05940 -6.52244e+00 | 32 -0.01234  9.49636e+00 | 33  0.06476  1.53968e+01
 34  0.01020  1.18292e+01 | 35  0.05892 -8.53240e-01 | 36  0.03143 -3.75960e-01
 37 -0.00654  5.72153e-01 | 38  0.02670 -2.36816e+01 | 39 -0.00880  5.35513e+00
 40  0.24631 -4.93126e+01 | 41 -0.48149 -2.29106e-01 | 42  0.25785  2.19515e+01
 43  0.27338 -2.42303e+01 | 44  0.26262 -1.49205e+01 | 45 -0.37417 -1.92450e-02
 46 -0.26654  3.17484e+02 | 47 -0.00654 -1.10044e+02 | 48 -0.25310 -5.54446e+00
 49 -0.41768  4.54431e+00 | 50 -0.18200 -1.76630e+02 | 51 -0.27275  9.61584e+01
51 variables; iteration 80; function evaluation 95; phase 3
Function value 1.1929446e+02; maximum gradient component mag 5.6297e+00
Var    Value     Gradient |Var    Value     Gradient |Var    Value     Gradient
  1  0.01687  5.62968e+00 |  2 -0.06319  5.06667e-04 |  3 -0.09507  4.10691e-03
  4  0.01543  2.85343e-02 |  5 -0.01988 -4.69820e-02 |  6  0.01852  2.98707e-03
  7 -0.04310  1.09394e-01 |  8 -0.09744  2.10322e-01 |  9 -0.06467  6.47666e-01
 10 -0.07339 -6.98217e-02 | 11  0.02717 -5.93180e-02 | 12  0.02807 -4.06037e-02
 13  0.07571 -2.55205e-02 | 14  0.01180 -4.49720e-02 | 15 -0.00675 -6.90833e-02
 16  0.07245 -1.98270e-02 | 17  0.03379  7.13114e-03 | 18 -0.03846  1.52879e-02
 19 -0.00964  2.14303e-01 | 20 -0.02095  1.34894e-02 | 21  0.03913 -5.90416e-02
 22  0.03758 -7.93450e-02 | 23 -0.05729 -7.44837e-02 | 24 -0.02939 -4.80776e-02
 25 -0.10417 -3.52707e-02 | 26 -0.00239  5.96046e-02 | 27 -0.02017 -5.34577e-02
 28 -0.01569  1.25330e-01 | 29  0.05665 -2.68033e-01 | 30  0.00186  3.10180e-01
 31  0.05648  2.45227e-01 | 32 -0.01819 -1.55995e-01 | 33  0.04893  6.02836e-03
 34 -0.00007 -8.81697e-02 | 35  0.05433 -3.96818e-02 | 36  0.03015 -1.68387e-01
 37 -0.00509 -4.05847e-01 | 38  0.03043 -1.24013e-02 | 39  0.00311 -3.61957e-02
 40  0.24847 -6.33768e-02 | 41 -0.49205 -2.42211e-03 | 42  0.26012  1.00729e-01
 43  0.27574 -1.53141e-02 | 44  0.27850 -7.88026e-02 | 45 -0.39164  4.43887e-03
 46 -0.27638  1.37144e+00 | 47 -0.03522 -4.79085e-01 | 48 -0.25340 -7.44431e-02
 49 -0.41865  2.70135e-02 | 50 -0.12854  3.95237e-01 | 51 -0.24078 -7.13618e-01
51 variables; iteration 100; function evaluation 117; phase 3
Function value 1.1929401e+02; maximum gradient component mag -4.8256e+01
Var    Value     Gradient |Var    Value     Gradient |Var    Value     Gradient
  1  0.01683 -4.82559e+01 |  2 -0.06303  1.39814e-02 |  3 -0.09501 -2.64836e-02
  4  0.01545 -2.57136e-01 |  5 -0.01981  5.09238e-01 |  6  0.01860  3.41362e-01
  7 -0.04312  5.55035e-01 |  8 -0.09743  7.36645e-01 |  9 -0.06467  8.54527e-01
 10 -0.07347  6.63206e-01 | 11  0.02713  6.13970e-01 | 12  0.02803  4.77991e-01
 13  0.07580  3.19282e-01 | 14  0.01184  5.09448e-01 | 15 -0.00671  5.74729e-01
 16  0.07251  3.01870e-01 | 17  0.03387  8.37940e-02 | 18 -0.03840 -5.48620e-02
 19 -0.00983 -7.32388e-01 | 20 -0.02074  5.80778e-01 | 21  0.03905 -6.16929e-02
 22  0.03753  6.94061e-02 | 23 -0.05734  3.35720e-01 | 24 -0.02950 -2.84068e-01
 25 -0.10425 -1.20699e-01 | 26 -0.00235 -1.48441e+00 | 27 -0.02005  2.79598e-01
 28 -0.01581  7.89262e-01 | 29  0.05679  3.47005e+00 | 30  0.00185 -1.58452e+00
 31  0.05646 -1.84426e+00 | 32 -0.01820  4.93785e-01 | 33  0.04886 -1.80176e-02
 34 -0.00011  3.30304e-01 | 35  0.05433 -6.89414e-01 | 36  0.03019 -1.12543e+00
 37 -0.00502 -1.36377e+00 | 38  0.03041 -3.69770e+00 | 39  0.00302  1.03494e-01
 40  0.24851  6.09027e-01 | 41 -0.49147  3.35704e-02 | 42  0.26022 -6.00784e+00
 43  0.27577  1.85204e-02 | 44  0.27867  1.07030e+00 | 45 -0.39208 -8.30687e-03
 46 -0.28091 -3.19825e+00 | 47 -0.04809  1.12065e+00 | 48 -0.23851 -2.65361e+00
 49 -0.40094  2.12394e+00 | 50 -0.12816  6.14247e-02 | 51 -0.24058  3.16769e-01
51 variables; iteration 120; function evaluation 142; phase 3
Function value 1.1925587e+02; maximum gradient component mag 5.5270e-01
Var    Value     Gradient |Var    Value     Gradient |Var    Value     Gradient
  1  0.01681 -3.15950e-01 |  2 -0.06315 -2.09063e-05 |  3 -0.09503  8.72953e-05
  4  0.01550  1.21422e-03 |  5 -0.01978  4.94554e-03 |  6  0.01863  4.02420e-03
  7 -0.04307  5.17997e-03 |  8 -0.09745  4.15574e-03 |  9 -0.06470  3.46406e-03
 10 -0.07351  4.52645e-03 | 11  0.02717  2.97431e-03 | 12  0.02813  9.44631e-04
 13  0.07586 -7.95556e-03 | 14  0.01183  3.49938e-03 | 15 -0.00671  4.76550e-03
 16  0.07252  4.32661e-03 | 17  0.03389  4.29687e-03 | 18 -0.03834  3.66984e-03
 19 -0.00947  1.58278e-03 | 20 -0.02088 -6.69453e-05 | 21  0.03876  4.65615e-03
 22  0.03735  4.56217e-03 | 23 -0.05787  4.61797e-03 | 24 -0.03022  4.31034e-03
 25 -0.10453  3.05568e-03 | 26 -0.00202 -8.59277e-03 | 27 -0.02011  2.46252e-03
 28 -0.01553 -3.70283e-03 | 29  0.05676 -3.40574e-02 | 30  0.00199 -2.31243e-02
 31  0.05650 -5.00468e-03 | 32 -0.01819  4.27482e-03 | 33  0.04904  3.26495e-03
 34 -0.00013  2.81776e-03 | 35  0.05437 -1.25121e-03 | 36  0.03026 -4.88065e-03
 37 -0.00499 -1.09732e-02 | 38  0.03057  9.93424e-03 | 39  0.00327  2.18388e-03
 40  0.24853 -1.11402e-02 | 41 -0.49191 -6.29948e-05 | 42  0.26440 -1.96475e-02
 43  0.27580 -1.84304e-03 | 44  0.27857 -3.50612e-03 | 45 -0.39145  4.29783e-05
 46 -0.29592  5.52696e-01 | 47 -0.09082 -1.95755e-01 | 48 -0.18746  2.50478e-02
 49 -0.34761 -2.58377e-02 | 50 -0.12836 -1.20034e-02 | 51 -0.24069  1.11674e-02
51 variables; iteration 140; function evaluation 162; phase 3
Function value 1.1925586e+02; maximum gradient component mag 5.7532e+00
Var    Value     Gradient |Var    Value     Gradient |Var    Value     Gradient
  1  0.01681 -4.32810e+00 |  2 -0.06315  9.62149e-04 |  3 -0.09503  1.03516e-03
  4  0.01551  1.01639e-02 |  5 -0.01978  6.57652e-02 |  6  0.01863  5.53525e-02
  7 -0.04307  6.68867e-02 |  8 -0.09745  6.01278e-02 |  9 -0.06470  5.65725e-02
 10 -0.07350  6.21199e-02 | 11  0.02717  4.71301e-02 | 12  0.02813  2.75221e-02
 13  0.07586 -5.07789e-02 | 14  0.01184  5.29855e-02 | 15 -0.00671  6.42014e-02
 16  0.07252  5.68748e-02 | 17  0.03389  5.39597e-02 | 18 -0.03834  4.75891e-02
 19 -0.00946  4.95324e-02 | 20 -0.02089  3.41275e-02 | 21  0.03876  6.74923e-02
 22  0.03735  6.34099e-02 | 23 -0.05787  6.08297e-02 | 24 -0.03022  4.78856e-02
 25 -0.10453  3.18191e-02 | 26 -0.00202 -1.49828e-01 | 27 -0.02011  3.15980e-02
 28 -0.01553 -1.10819e-02 | 29  0.05676 -2.65962e-01 | 30  0.00199 -2.97076e-01
 31  0.05650 -8.63799e-02 | 32 -0.01819  5.91669e-02 | 33  0.04904  4.88955e-02
 34 -0.00013  3.55059e-02 | 35  0.05437 -3.51384e-02 | 36  0.03026 -1.05979e-01
 37 -0.00499 -1.99081e-01 | 38  0.03057 -8.18566e-02 | 39  0.00327  2.33258e-02
 40  0.24853 -3.11615e-02 | 41 -0.49190  5.32541e-04 | 42  0.26440  8.62461e-02
 43  0.27580 -2.22821e-02 | 44  0.27857 -3.11525e-02 | 45 -0.39146 -3.20023e-04
 46 -0.29139  5.75318e+00 | 47 -0.07797 -2.02644e+00 | 48 -0.18743 -1.16350e-01
 49 -0.34756  1.20855e-01 | 50 -0.12836 -1.00263e-01 | 51 -0.24070  1.07683e-01
51 variables; iteration 160; function evaluation 184; phase 3
Function value 1.1925583e+02; maximum gradient component mag -2.6297e-02
Var    Value     Gradient |Var    Value     Gradient |Var    Value     Gradient
  1  0.01681 -2.62968e-02 |  2 -0.06315  5.55504e-06 |  3 -0.09503  8.77220e-06
  4  0.01550  5.33938e-05 |  5 -0.01978  3.99265e-04 |  6  0.01863  3.67444e-04
  7 -0.04307  4.06579e-04 |  8 -0.09745  3.92702e-04 |  9 -0.06470  3.89854e-04
 10 -0.07351  3.70275e-04 | 11  0.02717  3.03107e-04 | 12  0.02813  1.90850e-04
 13  0.07586 -2.77092e-04 | 14  0.01183  3.26640e-04 | 15 -0.00671  3.90668e-04
 16  0.07252  3.75720e-04 | 17  0.03389  3.73045e-04 | 18 -0.03834  3.43781e-04
 19 -0.00947  3.43008e-04 | 20 -0.02088  2.92192e-04 | 21  0.03876  4.02898e-04
 22  0.03735  3.71024e-04 | 23 -0.05787  3.57849e-04 | 24 -0.03022  2.64180e-04
 25 -0.10453  1.94560e-04 | 26 -0.00202 -7.29319e-04 | 27 -0.02011  1.82404e-04
 28 -0.01553 -6.93982e-05 | 29  0.05676 -1.38273e-03 | 30  0.00199 -1.97580e-03
 31  0.05650 -6.31102e-04 | 32 -0.01819  3.61141e-04 | 33  0.04904  2.34061e-04
 34 -0.00013  1.86127e-04 | 35  0.05437 -2.62378e-04 | 36  0.03026 -7.34278e-04
 37 -0.00499 -1.30348e-03 | 38  0.03057 -6.08958e-04 | 39  0.00328  1.32310e-04
 40  0.24853 -9.58143e-05 | 41 -0.49191 -6.91153e-08 | 42  0.26440  1.74831e-04
 43  0.27580 -8.66062e-05 | 44  0.27857 -1.45547e-04 | 45 -0.39146  1.01609e-07
 46 -0.27831  2.53792e-02 | 47 -0.04075 -8.89388e-03 | 48 -0.18745 -2.16638e-04
 49 -0.34760  2.11801e-04 | 50 -0.12836 -6.38803e-04 | 51 -0.24069  7.57673e-04

 - final statistics:
51 variables; iteration 162; function evaluation 186
Function value 1.1926e+02; maximum gradient component mag -9.6417e-05
Exit code = 1;  converg criter 1.0000e-04
Var    Value     Gradient |Var    Value     Gradient |Var    Value     Gradient
  1  0.01681 -6.75392e-05 |  2 -0.06315 -5.84269e-08 |  3 -0.09503 -3.49428e-08
  4  0.01550 -3.68721e-08 |  5 -0.01978  6.58006e-07 |  6  0.01863 -3.77250e-07
  7 -0.04307  8.13827e-07 |  8 -0.09745  5.20615e-07 |  9 -0.06470  3.36924e-07
 10 -0.07351  1.03555e-06 | 11  0.02717  6.48819e-07 | 12  0.02813  3.70840e-07
 13  0.07586 -3.07276e-07 | 14  0.01183  8.40195e-07 | 15 -0.00671  8.20052e-07
 16  0.07252 -7.17178e-07 | 17  0.03389 -1.73776e-06 | 18 -0.03834 -1.90912e-06
 19 -0.00947 -2.73068e-06 | 20 -0.02088 -1.55597e-06 | 21  0.03876  1.37569e-06
 22  0.03735  1.29115e-06 | 23 -0.05787  9.48722e-07 | 24 -0.03022  1.55619e-06
 25 -0.10453  7.23805e-07 | 26 -0.00202 -2.65136e-06 | 27 -0.02011  1.44023e-06
 28 -0.01553  7.06895e-07 | 29  0.05676 -4.01589e-06 | 30  0.00199 -2.86393e-06
 31  0.05650 -1.46809e-06 | 32 -0.01819  1.53899e-06 | 33  0.04904  6.58156e-07
 34 -0.00013  7.94076e-07 | 35  0.05437 -2.58550e-08 | 36  0.03026 -9.19828e-07
 37 -0.00499 -1.15355e-06 | 38  0.03057  3.53169e-06 | 39  0.00328  1.36551e-06
 40  0.24853 -7.81728e-06 | 41 -0.49191  1.19495e-07 | 42  0.26440  1.27399e-05
 43  0.27580 -2.25883e-06 | 44  0.27857 -2.41748e-06 | 45 -0.39146 -6.41442e-08
 46 -0.27832 -9.64167e-05 | 47 -0.04077  3.38098e-05 | 48 -0.18745 -9.20415e-06
 49 -0.34760  8.11132e-06 | 50 -0.12836 -2.82896e-06 | 51 -0.24069  3.38766e-06
Estimating row 1 out of 51 for hessian
Estimating row 2 out of 51 for hessian
Estimating row 3 out of 51 for hessian
Estimating row 4 out of 51 for hessian
Estimating row 5 out of 51 for hessian
Estimating row 6 out of 51 for hessian
Estimating row 7 out of 51 for hessian
Estimating row 8 out of 51 for hessian
Estimating row 9 out of 51 for hessian
Estimating row 10 out of 51 for hessian
Estimating row 11 out of 51 for hessian
Estimating row 12 out of 51 for hessian
Estimating row 13 out of 51 for hessian
Estimating row 14 out of 51 for hessian
Estimating row 15 out of 51 for hessian
Estimating row 16 out of 51 for hessian
Estimating row 17 out of 51 for hessian
Estimating row 18 out of 51 for hessian
Estimating row 19 out of 51 for hessian
Estimating row 20 out of 51 for hessian
Estimating row 21 out of 51 for hessian
Estimating row 22 out of 51 for hessian
Estimating row 23 out of 51 for hessian
Estimating row 24 out of 51 for hessian
Estimating row 25 out of 51 for hessian
Estimating row 26 out of 51 for hessian
Estimating row 27 out of 51 for hessian
Estimating row 28 out of 51 for hessian
Estimating row 29 out of 51 for hessian
Estimating row 30 out of 51 for hessian
Estimating row 31 out of 51 for hessian
Estimating row 32 out of 51 for hessian
Estimating row 33 out of 51 for hessian
Estimating row 34 out of 51 for hessian
Estimating row 35 out of 51 for hessian
Estimating row 36 out of 51 for hessian
Estimating row 37 out of 51 for hessian
Estimating row 38 out of 51 for hessian
Estimating row 39 out of 51 for hessian
Estimating row 40 out of 51 for hessian
Estimating row 41 out of 51 for hessian
Estimating row 42 out of 51 for hessian
Estimating row 43 out of 51 for hessian
Estimating row 44 out of 51 for hessian
Estimating row 45 out of 51 for hessian
Estimating row 46 out of 51 for hessian
Estimating row 47 out of 51 for hessian
Estimating row 48 out of 51 for hessian
Estimating row 49 out of 51 for hessian
Estimating row 50 out of 51 for hessian
Estimating row 51 out of 51 for hessian
size of file gradfil1.tmp = 0
size of file gradfil2.tmp = 0
size of file varssave.tmp = 0
size of file cmpdiff.tmp = 0
