
Initial statistics: 32 variables; iteration 0; function evaluation 0; phase 1
Function value 5.3822036e+03; maximum gradient component mag 3.2655e+04
Var    Value     Gradient |Var    Value     Gradient |Var    Value     Gradient
  1  0.33333  3.26546e+04 |  2  0.00000 -6.01818e+02 |  3  0.00000 -6.04104e+02
  4  0.00000 -6.00055e+02 |  5  0.00000 -6.03908e+02 |  6  0.00000 -6.64878e+02
  7  0.00000 -5.76490e+02 |  8  0.00000 -5.79467e+02 |  9  0.00000 -5.37444e+02
 10  0.00000 -4.28468e+02 | 11  0.00000 -2.65535e+02 | 12  0.00000 -3.49345e+02
 13  0.00000 -1.03839e+02 | 14  0.00000 -8.91734e+01 | 15  0.00000 -3.49843e+01
 16  0.00000 -2.81517e+01 | 17  0.00000  4.06951e+02 | 18  0.00000 -1.22597e+00
 19  0.00000 -1.37943e+02 | 20  0.00000  4.57758e+02 | 21  0.00000 -4.99369e+01
 22  0.00000  2.86927e+02 | 23  0.00000 -1.15092e+02 | 24  0.00000 -1.15644e+02
 25  0.00000  4.77014e+02 | 26  0.00000  6.62467e+02 | 27  0.00000  1.41384e+03
 28  0.00000  8.65687e+02 | 29  0.00000  9.88609e+02 | 30  0.00000  4.86213e+02
 31  0.00000  5.80656e+02 | 32  0.00000 -1.38615e+02 |

Intermediate statistics: 32 variables; iteration 20; function evaluation 31; phase 1
Function value 1.4891950e+03; maximum gradient component mag 1.5943e+04
Var    Value     Gradient |Var    Value     Gradient |Var    Value     Gradient
  1  0.09353  1.59435e+04 |  2 -0.48700  8.25512e+00 |  3  0.03029  2.07111e+02
  4 -0.09326  1.68138e+02 |  5 -0.53905 -1.15426e+01 |  6 -0.23601  1.03741e+02
  7 -0.83148 -1.82545e+01 |  8 -0.19653  1.20834e+02 |  9 -0.23129  6.50428e+01
 10  0.17191  2.71436e+02 | 11  0.04164  1.80155e+02 | 12  0.10837  2.44137e+02
 13  0.10494  3.15898e+02 | 14  0.04280  2.30564e+02 | 15  0.08108  3.76838e+02
 16  0.03428  2.25858e+02 | 17  0.08077  5.53749e+02 | 18  0.04630  4.49974e+01
 19  0.23748  5.20163e+02 | 20  0.16849  8.28221e+02 | 21  0.00591  3.70149e+01
 22 -0.02458  3.14423e+02 | 23 -0.07678  1.69407e+02 | 24  0.00840  1.89122e+02
 25  0.12169  4.78201e+02 | 26  0.23133  9.64391e+02 | 27  0.20549  1.33245e+03
 28  0.22391  9.68917e+02 | 29  0.16313  7.17652e+02 | 30  0.23775  7.94918e+02
 31  0.25167  9.46713e+02 | 32  0.12032  2.22571e+02 |
32 variables; iteration 40; function evaluation 65; phase 1
Function value 3.5940663e+02; maximum gradient component mag -4.6293e+01
Var    Value     Gradient |Var    Value     Gradient |Var    Value     Gradient
  1  0.03659 -3.67850e+01 |  2  0.01019 -8.50687e+00 |  3 -0.03936 -2.21164e+01
  4 -0.12509 -3.82812e+01 |  5 -0.08092  2.41614e+01 |  6 -0.12524  4.74124e+00
  7 -1.03971  1.53614e+01 |  8 -0.08691 -4.98930e+00 |  9 -0.06138 -4.62934e+01
 10  0.10483 -1.70557e+01 | 11  0.08197 -2.37190e+01 | 12  0.04714 -1.13759e+01
 13  0.09024 -1.25991e+01 | 14  0.06883 -1.30965e+01 | 15  0.01061 -1.11389e+01
 16  0.06364 -1.20046e+01 | 17  0.00334 -1.59243e+01 | 18  0.12667 -1.64239e+01
 19  0.17346 -1.90049e+01 | 20 -0.02040 -2.89587e+01 | 21  0.08784 -1.21267e+01
 22 -0.06296 -1.13087e+01 | 23 -0.04474 -1.69702e+01 | 24 -0.02723 -3.58291e+01
 25  0.04871 -2.53528e+01 | 26  0.12851 -3.20745e+01 | 27 -0.07029 -1.56367e+01
 28  0.11884 -9.97760e+00 | 29  0.00629 -2.42629e+01 | 30  0.07712 -1.45002e+01
 31  0.05462 -1.33371e+01 | 32  0.06193 -2.63276e+01 |
32 variables; iteration 60; function evaluation 87; phase 1
Function value 2.7996691e+02; maximum gradient component mag 2.4925e+01
Var    Value     Gradient |Var    Value     Gradient |Var    Value     Gradient
  1  0.06110 -1.38352e+01 |  2 -0.00468  5.66468e+00 |  3 -0.01251  2.26121e+00
  4 -0.05745 -1.26736e+01 |  5  0.00418 -3.68473e+00 |  6  0.07834  1.19328e+01
  7 -1.97209  4.29946e+00 |  8 -0.02613 -2.09795e+00 |  9  0.01522  3.34986e+00
 10  0.04607 -3.00125e-01 | 11  0.03395  1.82620e+00 | 12 -0.00830  1.65926e+00
 13  0.04267  3.64425e+00 | 14  0.01869  1.13157e-01 | 15 -0.04032  2.03542e+00
 16  0.01379  5.26330e-01 | 17 -0.04642 -3.28925e+00 | 18  0.08037  7.50968e+00
 19  0.12673  4.64415e+00 | 20 -0.05820  5.04369e+00 | 21  0.03860  6.63779e+00
 22 -0.12004 -8.02714e+00 | 23 -0.09154  2.28058e+00 | 24 -0.06118 -5.95230e+00
 25  0.00391  4.62037e+00 | 26  0.08201  4.56420e+00 | 27 -0.11949 -1.14559e+00
 28  0.06576 -1.40629e+01 | 29 -0.03071  2.49249e+01 | 30  0.02551 -7.34076e+00
 31  0.00214 -4.24568e+00 | 32  0.02732  2.59739e+00 |

 - final statistics:
32 variables; iteration 62; function evaluation 89
Function value 2.7937e+02; maximum gradient component mag 8.0411e+00
Exit code = 1;  converg criter 1.0000e+01
Var    Value     Gradient |Var    Value     Gradient |Var    Value     Gradient
  1  0.06246  6.99568e-02 |  2 -0.01095  3.49875e+00 |  3 -0.00858  2.66504e+00
  4 -0.01843  2.65629e-01 |  5  0.01923  2.74482e+00 |  6  0.07617  4.62769e+00
  7 -1.98016 -1.28817e+00 |  8 -0.02417 -1.39822e+00 |  9  0.00759  2.02427e+00
 10  0.04494  1.16297e+00 | 11  0.03256  3.25196e+00 | 12 -0.00878  2.53686e+00
 13  0.03713  1.08120e+00 | 14  0.01660  8.98255e-01 | 15 -0.04265  2.74973e+00
 16  0.01283  3.90661e+00 | 17 -0.04978 -3.15109e+00 | 18  0.07664  4.74127e+00
 19  0.12363  2.73532e+00 | 20 -0.05937  8.04111e+00 | 21  0.03506  3.13500e+00
 22 -0.11936 -1.94265e+00 | 23 -0.09451  2.72224e+00 | 24 -0.05812 -7.75635e-01
 25  0.00066  3.99938e+00 | 26  0.07798 -3.66478e+00 | 27 -0.11915  5.84719e+00
 28  0.06548 -4.93077e-01 | 29 -0.04074  4.25110e+00 | 30  0.02457 -8.45369e-01
 31  0.00306  4.69939e+00 | 32  0.02137  5.81775e-01 |

Initial statistics: 37 variables; iteration 0; function evaluation 0; phase 2
Function value 2.7937160e+02; maximum gradient component mag 1.3256e+03
Var    Value     Gradient |Var    Value     Gradient |Var    Value     Gradient
  1  0.06246  6.99568e-02 |  2 -0.01100  1.51748e+00 |  3 -0.00863  6.83661e-01
  4 -0.01848 -1.71509e+00 |  5  0.01918  7.64167e-01 |  6  0.07612  2.66032e+00
  7 -0.01989 -6.92428e-01 |  8 -0.02422 -3.37834e+00 |  9  0.00754  4.28508e-02
 10  0.04489 -8.13655e-01 | 11  0.03251  1.27300e+00 | 12 -0.00883  5.55486e-01
 13  0.03708 -8.96989e-01 | 14  0.01655 -1.08263e+00 | 15 -0.04270  7.72613e-01
 16  0.01278  1.92545e+00 | 17 -0.04983 -5.12656e+00 | 18  0.07659  2.77408e+00
 19  0.12358  7.91020e-01 | 20 -0.05942  6.06812e+00 | 21  0.03501  1.15645e+00
 22 -0.11941 -3.88942e+00 | 23 -0.09456  7.62471e-01 | 24 -0.05817 -2.74892e+00
 25  0.00061  2.01782e+00 | 26  0.07793 -5.63155e+00 | 27 -0.11920  3.90018e+00
 28  0.06543 -2.46418e+00 | 29 -0.04079  2.27359e+00 | 30  0.02452 -2.82546e+00
 31  0.00301  2.71785e+00 | 32  0.02132 -1.39867e+00 | 33  0.21635 -1.06097e+02
 34  0.21635  4.89233e+01 | 35  0.21635 -5.95674e+02 | 36  0.21635  1.32563e+03
 37 -0.25133 -1.48868e+01 |

Intermediate statistics: 37 variables; iteration 20; function evaluation 27; phase 2
Function value 2.6500115e+02; maximum gradient component mag 1.0994e+03
Var    Value     Gradient |Var    Value     Gradient |Var    Value     Gradient
  1  0.09012 -6.58859e+00 |  2 -0.03053 -7.62425e+00 |  3 -0.01986 -5.57115e+00
  4 -0.00421  1.26343e+00 |  5 -0.00270 -1.35241e+01 |  6  0.07165 -4.30228e+00
  7 -0.01443 -3.23599e+00 |  8 -0.00074  3.96084e+00 |  9 -0.00912 -8.74862e+00
 10  0.01860 -1.59392e+01 | 11  0.03798 -6.28067e+00 | 12 -0.00893 -6.96185e+00
 13  0.03626 -1.21913e+01 | 14  0.01027 -1.44448e+01 | 15 -0.05375 -1.35668e+01
 16  0.00383 -1.17848e+01 | 17 -0.05857 -5.44926e+00 | 18  0.08520 -1.07470e+01
 19  0.12855  2.18721e+00 | 20 -0.05838 -3.27946e+00 | 21  0.03343 -1.91707e+01
 22 -0.11997 -7.92275e+00 | 23 -0.13099 -1.03792e+01 | 24 -0.10815 -3.31000e+01
 25  0.00316 -4.37645e+00 | 26  0.08153  2.30905e+00 | 27 -0.10450  9.92765e+00
 28  0.07795  5.04069e+00 | 29 -0.02257  1.10037e+01 | 30  0.04937  6.53924e+00
 31  0.03152  2.69989e+01 | 32  0.07399  2.15279e+01 | 33  0.19908 -4.14942e+02
 34  0.19556 -4.54377e+02 | 35  0.21278 -1.47537e+01 | 36  0.19674  1.09941e+03
 37  0.03116 -1.05610e+01 |
37 variables; iteration 40; function evaluation 59; phase 2
Function value 2.5706375e+02; maximum gradient component mag -7.3407e+01
Var    Value     Gradient |Var    Value     Gradient |Var    Value     Gradient
  1  0.11424 -7.34075e+01 |  2 -0.03354 -2.88901e+00 |  3 -0.01032  4.13323e+00
  4 -0.01612  1.41031e+00 |  5  0.00627 -4.65528e+00 |  6  0.08275  7.31175e+00
  7 -0.00237  8.85169e+00 |  8 -0.01745 -4.68906e-01 |  9 -0.01400 -2.80343e+00
 10  0.02222 -4.90633e+00 | 11  0.02352 -2.87890e+00 | 12 -0.01821 -2.03488e+00
 13  0.03279  2.23319e-01 | 14  0.00834  2.24904e+00 | 15 -0.05499  6.00929e-01
 16  0.00085  2.94241e+00 | 17 -0.06286  2.60925e+00 | 18  0.08313  3.97592e+00
 19  0.12088  1.15941e+00 | 20 -0.06291  2.03936e+00 | 21  0.03092  2.09810e+00
 22 -0.12462 -7.66557e-01 | 23 -0.13143  2.50124e+00 | 24 -0.06769  4.82797e+00
 25 -0.00296 -3.81257e-02 | 26  0.08100 -3.39538e+00 | 27 -0.10473  8.94862e-03
 28  0.08392 -3.74449e+00 | 29 -0.02001 -1.62003e+00 | 30  0.05279  1.55207e+00
 31  0.03310  5.28233e-01 | 32  0.08156  3.09894e-01 | 33  0.18848 -1.08198e+01
 34  0.18628  7.43889e+00 | 35  0.19973 -2.84484e+01 | 36  0.17689 -5.45497e+01
 37  0.23584 -9.33775e-01 |

 - final statistics:
37 variables; iteration 46; function evaluation 66
Function value 2.5607e+02; maximum gradient component mag -5.4317e+00
Exit code = 1;  converg criter 1.0000e+01
Var    Value     Gradient |Var    Value     Gradient |Var    Value     Gradient
  1  0.15212 -3.58132e+00 |  2 -0.02004  2.33069e-01 |  3 -0.01399  3.97200e-01
  4 -0.01530 -1.81573e-01 |  5  0.01430  1.24849e-01 |  6  0.07152 -2.37639e-01
  7 -0.01495  2.65881e-01 |  8 -0.01838 -4.30576e-01 |  9 -0.00181  4.60347e-01
 10  0.03141  4.74306e-01 | 11  0.02424 -3.29778e-01 | 12 -0.00929 -9.98233e-02
 13  0.02967 -3.32829e-01 | 14  0.00430  1.50801e-01 | 15 -0.05653 -7.80156e-02
 16 -0.00180 -1.94584e-01 | 17 -0.06504 -2.31551e-01 | 18  0.08380 -2.66514e-01
 19  0.12146 -1.55009e-01 | 20 -0.06165 -6.04803e-02 | 21  0.02965 -1.84238e-01
 22 -0.12385  1.07734e-01 | 23 -0.13758 -8.60549e-02 | 24 -0.07720 -4.15623e-02
 25 -0.00481 -2.19291e-01 | 26  0.07846 -1.65280e-01 | 27 -0.10548 -2.68903e-02
 28  0.08275 -1.51212e-01 | 29 -0.01731  5.96992e-02 | 30  0.05500  1.44482e-02
 31  0.03247 -3.04641e-02 | 32  0.08507  1.27332e-01 | 33  0.17028 -5.43165e+00
 34  0.16807 -3.52107e+00 | 35  0.18144 -4.34105e-01 | 36  0.16074  1.19886e+00
 37  0.90496 -6.95787e-02 |

Initial statistics: 40 variables; iteration 0; function evaluation 0; phase 3
Function value 2.5606742e+02; maximum gradient component mag 6.1754e+02
Var    Value     Gradient |Var    Value     Gradient |Var    Value     Gradient
  1  0.15212 -3.58132e+00 |  2 -0.02004  2.68483e-01 |  3 -0.01399  4.32624e-01
  4 -0.01530 -1.46151e-01 |  5  0.01430  1.60272e-01 |  6  0.07152 -2.02431e-01
  7 -0.01495  3.01303e-01 |  8 -0.01838 -3.95159e-01 |  9 -0.00181  4.95779e-01
 10  0.03141  5.09695e-01 | 11  0.02424 -2.94372e-01 | 12 -0.00929 -6.43954e-02
 13  0.02967 -2.97435e-01 | 14  0.00430  1.86231e-01 | 15 -0.05653 -4.27235e-02
 16 -0.00179 -1.59153e-01 | 17 -0.06504 -1.96304e-01 | 18  0.08380 -2.31389e-01
 19  0.12146 -1.20221e-01 | 20 -0.06165 -2.52146e-02 | 21  0.02966 -1.48845e-01
 22 -0.12385  1.42497e-01 | 23 -0.13757 -5.14473e-02 | 24 -0.07720 -6.39087e-03
 25 -0.00481 -1.83861e-01 | 26  0.07847 -1.30117e-01 | 27 -0.10548  8.05620e-03
 28  0.08275 -1.16080e-01 | 29 -0.01731  9.51178e-02 | 30  0.05500  4.97477e-02
 31  0.03247  4.92154e-03 | 32  0.08507  1.62448e-01 | 33  0.17028 -5.43165e+00
 34  0.16807 -3.52107e+00 | 35  0.18144 -4.34105e-01 | 36  0.16074  1.19886e+00
 37 -0.30909 -3.58465e+02 | 38 -0.25133  5.41975e+01 | 39 -0.25133  6.17536e+02
 40  0.90496 -6.95787e-02 |

Intermediate statistics: 40 variables; iteration 20; function evaluation 37; phase 3
Function value 1.5501829e+02; maximum gradient component mag -1.0931e+03
Var    Value     Gradient |Var    Value     Gradient |Var    Value     Gradient
  1  0.04897 -9.22381e+02 |  2 -0.05453 -1.71486e+01 |  3 -0.05201 -2.26812e+01
  4 -0.07617 -1.69926e+01 |  5 -0.07270 -1.31530e+01 |  6 -0.03140  5.50914e+00
  7 -0.04731 -2.84728e+01 |  8  0.02474 -3.30855e+01 |  9  0.00326 -1.89188e+01
 10  0.03411 -2.78277e+01 | 11  0.03793 -3.52353e+01 | 12 -0.00135 -2.83774e+01
 13  0.03802 -6.23724e+01 | 14  0.01278 -5.94564e+01 | 15 -0.03278 -4.69727e+01
 16 -0.00075 -5.68197e+01 | 17 -0.05331 -6.48020e+01 | 18  0.08826  1.04481e+01
 19  0.13874  1.14614e+02 | 20 -0.06674 -9.96016e+01 | 21  0.04878  1.16372e+02
 22 -0.14217 -1.08388e+02 | 23 -0.06023 -6.88349e+01 | 24 -0.05984 -2.13883e+01
 25 -0.00344  7.05697e+00 | 26  0.09688 -1.94969e+01 | 27 -0.08509 -1.35729e+02
 28  0.10555  9.21377e+01 | 29 -0.01912 -4.98094e+01 | 30  0.04476 -1.08200e+02
 31  0.03078 -1.16329e+02 | 32  0.13009 -8.68749e+01 | 33  0.21786 -1.09307e+03
 34  0.21806 -1.04334e+03 | 35  0.22998 -2.63895e+02 | 36  0.20743 -2.77676e+02
 37 -0.19219  3.68220e+02 | 38 -0.32919 -2.47272e+02 | 39 -0.37310 -7.29708e+02
 40  0.90645  8.15756e-02 |
40 variables; iteration 40; function evaluation 63; phase 3
Function value 1.2891801e+02; maximum gradient component mag -2.0921e+03
Var    Value     Gradient |Var    Value     Gradient |Var    Value     Gradient
  1  0.03962 -2.09205e+03 |  2 -0.04359  2.48516e+01 |  3 -0.03895  1.72284e+01
  4 -0.05734  3.19387e+01 |  5 -0.06660  3.21866e+01 |  6 -0.04973  1.58591e+01
  7 -0.01913  3.20506e+01 |  8  0.06342  1.82113e+01 |  9  0.01585  2.12131e+01
 10  0.03991  9.36761e+00 | 11  0.01272 -9.33961e+00 | 12 -0.02908  1.70068e+00
 13  0.03423 -3.51406e+01 | 14  0.02562 -1.23791e+01 | 15 -0.03413 -1.32846e+01
 16 -0.02151 -5.30793e+01 | 17 -0.04108 -3.51704e+01 | 18  0.05424 -2.06557e+01
 19  0.08577 -7.92661e-01 | 20 -0.03636 -6.96303e+00 | 21 -0.00426  2.49041e+01
 22 -0.10913 -1.32869e+01 | 23 -0.02547 -9.62909e+00 | 24 -0.06747 -1.02416e+01
 25 -0.03405 -4.56284e+01 | 26  0.07771 -1.07797e+02 | 27 -0.03190 -3.21386e+01
 28  0.07842 -3.02110e+01 | 29 -0.03273 -4.57361e+01 | 30  0.03663 -5.36651e+01
 31  0.04356 -3.87991e+01 | 32  0.16725 -8.45379e+00 | 33  0.22677 -1.55492e+03
 34  0.22932 -1.22028e+03 | 35  0.23340 -5.97330e+02 | 36  0.20962 -8.08731e+02
 37 -0.18244  2.71819e+02 | 38 -0.32512 -2.12821e+02 | 39 -0.37563 -3.25314e+02
 40  0.94445  2.01607e-01 |
40 variables; iteration 60; function evaluation 91; phase 3
Function value 9.4677105e+01; maximum gradient component mag 5.6531e+00
Var    Value     Gradient |Var    Value     Gradient |Var    Value     Gradient
  1  0.02210  5.65312e+00 |  2 -0.02774 -1.69016e-01 |  3  0.00147 -2.26839e-01
  4 -0.05580 -8.59137e-02 |  5 -0.06536 -6.68227e-02 |  6 -0.04959 -8.05698e-02
  7 -0.04707 -1.12571e-01 |  8  0.06306 -1.18369e-01 |  9  0.02357 -1.16536e-01
 10  0.06067  2.25117e-02 | 11  0.01792  1.93045e-02 | 12 -0.01678 -9.49850e-02
 13  0.05474  1.26764e-02 | 14  0.03170  2.10314e-03 | 15 -0.02736 -2.30560e-01
 16 -0.00955 -3.45297e-01 | 17 -0.03747 -6.87431e-01 | 18  0.03438  3.41708e-02
 19  0.06103  1.76649e-01 | 20 -0.04902  7.57454e-02 | 21 -0.03447  1.94295e-01
 22 -0.10715  1.79060e-01 | 23 -0.01382  2.41404e-01 | 24 -0.03050 -1.69609e-01
 25 -0.03567  8.37671e-02 | 26  0.07091  7.30300e-01 | 27 -0.01561  4.30916e-01
 28  0.05874  5.00729e-01 | 29 -0.04339  2.81237e-01 | 30  0.01352  1.31437e-01
 31  0.02489  2.34417e-04 | 32  0.15085 -1.39545e-01 | 33  0.24706  4.85902e+00
 34  0.25832  2.89130e+00 | 35  0.26736  7.78792e-01 | 36  0.22731  3.33479e+00
 37 -0.23312 -3.15670e-01 | 38 -0.38176  2.32222e+00 | 39 -0.38266 -6.93038e-01
 40  3.58546  4.08699e-03 |
  ic > imax  in fminim is answer attained ?
Var    Value     Gradient |Var    Value     Gradient |Var    Value     Gradient
  1  0.02198 -7.65142e+00 |  2 -0.02827 -3.33827e-01 |  3  0.00122 -6.75739e-01
  4 -0.05578  9.48092e-02 |  5 -0.06539  1.20568e-01 |  6 -0.05015  1.98975e-01
  7 -0.04806  5.18007e-02 |  8  0.06271  2.03437e-01 |  9  0.02310  1.12202e-01
 10  0.06081  6.59543e-01 | 11  0.01820  3.77119e-01 | 12 -0.01682  1.90280e-01
 13  0.05507  4.04833e-01 | 14  0.03190  3.92415e-01 | 15 -0.02714  4.75696e-01
 16 -0.00941  7.33004e-01 | 17 -0.03731  1.13819e+00 | 18  0.03447  1.40276e-01
 19  0.06113 -1.34211e-01 | 20 -0.04895  1.93713e-01 | 21 -0.03445 -2.53036e-01
 22 -0.10689  1.58402e-01 | 23 -0.01414 -1.29093e+00 | 24 -0.03037  7.26032e-01
 25 -0.03533  4.19325e-01 | 26  0.07100 -6.97038e-01 | 27 -0.01522 -1.06325e-01
 28  0.05885 -7.35344e-01 | 29 -0.04322 -2.02235e-01 | 30  0.01355 -3.37775e-01
 31  0.02504 -7.18904e-02 | 32  0.15097 -1.62355e-01 | 33  0.24710  2.53736e+00
 34  0.25839  2.06211e+00 | 35  0.26746  5.66343e-01 | 36  0.22725 -1.08268e+01
 37 -0.24578  1.34099e+00 | 38 -0.39851 -4.92280e-01 | 39 -0.38269  7.97734e-01
 40  3.51320 -3.00940e-03 |
Function minimizer not making progress ... is minimum attained?
Minimprove criterion = 0.0000e+00

 - final statistics:
40 variables; iteration 71; function evaluation 173
Function value 9.4660e+01; maximum gradient component mag -1.0827e+01
Exit code = 1;  converg criter 2.0000e-04
Var    Value     Gradient |Var    Value     Gradient |Var    Value     Gradient
  1  0.02198 -7.65142e+00 |  2 -0.02827 -3.33827e-01 |  3  0.00122 -6.75739e-01
  4 -0.05578  9.48092e-02 |  5 -0.06539  1.20568e-01 |  6 -0.05015  1.98975e-01
  7 -0.04806  5.18007e-02 |  8  0.06271  2.03437e-01 |  9  0.02310  1.12202e-01
 10  0.06081  6.59543e-01 | 11  0.01820  3.77119e-01 | 12 -0.01682  1.90280e-01
 13  0.05507  4.04833e-01 | 14  0.03190  3.92415e-01 | 15 -0.02714  4.75696e-01
 16 -0.00941  7.33004e-01 | 17 -0.03731  1.13819e+00 | 18  0.03447  1.40276e-01
 19  0.06113 -1.34211e-01 | 20 -0.04895  1.93713e-01 | 21 -0.03445 -2.53036e-01
 22 -0.10689  1.58402e-01 | 23 -0.01414 -1.29093e+00 | 24 -0.03037  7.26032e-01
 25 -0.03533  4.19325e-01 | 26  0.07100 -6.97038e-01 | 27 -0.01522 -1.06325e-01
 28  0.05885 -7.35344e-01 | 29 -0.04322 -2.02235e-01 | 30  0.01355 -3.37775e-01
 31  0.02504 -7.18904e-02 | 32  0.15097 -1.62355e-01 | 33  0.24710  2.53736e+00
 34  0.25839  2.06211e+00 | 35  0.26746  5.66343e-01 | 36  0.22725 -1.08268e+01
 37 -0.24578  1.34099e+00 | 38 -0.39851 -4.92280e-01 | 39 -0.38269  7.97734e-01
 40  3.51320 -3.00940e-03 |

Initial statistics: 47 variables; iteration 0; function evaluation 0; phase 4
Function value 9.4659849e+01; maximum gradient component mag -2.9964e+01
Var    Value     Gradient |Var    Value     Gradient |Var    Value     Gradient
  1  0.02198 -7.50139e+00 |  2 -0.02827 -3.86303e-01 |  3  0.00122 -7.23435e-01
  4 -0.05578  3.63907e-02 |  5 -0.06539  6.17599e-02 |  6 -0.05015  1.39062e-01
  7 -0.04806 -6.23758e-03 |  8  0.06271  1.43042e-01 |  9  0.02310  5.32127e-02
 10  0.06081  5.92125e-01 | 11  0.01820  3.14044e-01 | 12 -0.01682  1.30528e-01
 13  0.05507  3.43983e-01 | 14  0.03190  3.32296e-01 | 15 -0.02714  4.12902e-01
 16 -0.00941  6.66080e-01 | 17 -0.03731  1.06581e+00 | 18  0.03447  8.17064e-02
 19  0.06113 -1.87530e-01 | 20 -0.04895  1.35089e-01 | 21 -0.03445 -3.04851e-01
 22 -0.10690  1.01018e-01 | 23 -0.01414 -1.32620e+00 | 24 -0.03037  6.55612e-01
 25 -0.03533  3.55003e-01 | 26  0.07100 -7.39561e-01 | 27 -0.01522 -1.56418e-01
 28  0.05885 -7.86937e-01 | 29 -0.04322 -2.64129e-01 | 30  0.01355 -3.89867e-01
 31  0.02504 -1.28126e-01 | 32  0.15097 -2.14759e-01 | 33  0.00000 -5.11035e+00
 34  0.00000 -1.34636e+01 | 35  0.00000 -2.99641e+01 | 36  0.00000 -4.62763e+00
 37  0.00000  0.00000e+00 | 38  0.00000  0.00000e+00 | 39  0.00000  0.00000e+00
 40  0.24710  2.50474e+00 | 41  0.25839  2.03388e+00 | 42  0.26746  5.59824e-01
 43  0.22725 -1.06541e+01 | 44 -0.24578  1.33312e+00 | 45 -0.39851 -4.93383e-01
 46 -0.38269  7.95735e-01 | 47 -0.48680 -3.01405e-03 |

Intermediate statistics: 47 variables; iteration 20; function evaluation 26; phase 4
Function value 9.4531135e+01; maximum gradient component mag 9.3445e+01
Var    Value     Gradient |Var    Value     Gradient |Var    Value     Gradient
  1  0.02086  9.34451e+01 |  2 -0.02777 -1.87088e+00 |  3  0.00379 -4.43151e+00
  4 -0.05877 -4.77856e-01 |  5 -0.06985 -6.54001e-01 |  6 -0.05676 -1.45225e+00
  7 -0.05805 -2.60113e-01 |  8  0.05644 -4.40287e-01 |  9  0.02287 -2.14320e-02
 10  0.06587  1.17327e+00 | 11  0.01864  5.16696e-02 | 12 -0.01756 -2.41690e-01
 13  0.05675  2.08681e-01 | 14  0.03421  2.21076e+00 | 15 -0.02577  2.74120e+00
 16 -0.00830  7.44393e+00 | 17 -0.03411  1.22081e+01 | 18  0.03517  1.73953e+00
 19  0.06201  1.53194e+00 | 20 -0.04775  1.08186e+00 | 21 -0.03341  2.04576e+00
 22 -0.10576  7.10278e-01 | 23 -0.01154 -7.76125e-01 | 24 -0.02583 -4.56259e+00
 25 -0.03467  3.65859e+00 | 26  0.07234  6.82243e+00 | 27 -0.01356  2.12873e+00
 28  0.05996  4.66890e+00 | 29 -0.04202  2.41111e+00 | 30  0.01389  5.76169e-01
 31  0.02471  5.79718e-01 | 32  0.14671 -2.03386e+00 | 33  0.00054 -1.64612e+00
 34  0.00171 -4.31340e+00 | 35  0.00701 -9.50509e+00 | 36  0.00337 -1.03790e+00
 37  0.00000  0.00000e+00 | 38  0.00000  0.00000e+00 | 39  0.00000  0.00000e+00
 40  0.24742 -2.19905e+01 | 41  0.25950  6.20134e+01 | 42  0.26835  2.30270e+01
 43  0.22803  1.89945e-01 | 44 -0.24651 -1.69117e+01 | 45 -0.39995  1.31013e+01
 46 -0.38312 -1.16464e+01 | 47 -0.48677 -3.01379e-03 |
47 variables; iteration 40; function evaluation 48; phase 4
Function value 9.4496961e+01; maximum gradient component mag 2.7438e+01
Var    Value     Gradient |Var    Value     Gradient |Var    Value     Gradient
  1  0.02060  2.35154e+01 |  2 -0.02783 -8.71504e-01 |  3  0.00470 -2.23879e+00
  4 -0.05967 -2.41624e-01 |  5 -0.06877  1.29087e+00 |  6 -0.05741 -4.40617e-01
  7 -0.05989 -4.46267e-01 |  8  0.05584 -7.71269e-02 |  9  0.02185 -2.63866e-01
 10  0.06704  5.35206e-01 | 11  0.01805 -8.25279e-02 | 12 -0.01771  2.04381e-01
 13  0.05705 -1.08270e-01 | 14  0.03411  5.52918e-01 | 15 -0.02572  1.37912e+00
 16 -0.00745  5.55050e+00 | 17 -0.03436  7.02889e+00 | 18  0.03518  7.88572e-01
 19  0.06166 -1.23425e+00 | 20 -0.04783  3.98624e-01 | 21 -0.03332  1.17060e+00
 22 -0.10591 -6.49219e-01 | 23 -0.01101 -3.07349e+00 | 24 -0.02514 -4.75318e+00
 25 -0.03491  1.27820e+00 | 26  0.07233  1.77286e+00 | 27 -0.01293  1.96719e+00
 28  0.06011  2.23785e+00 | 29 -0.04214 -1.19166e-01 | 30  0.01384  5.12987e-01
 31  0.02484  1.82046e+00 | 32  0.14666 -5.76140e-01 | 33  0.00039 -8.03874e-01
 34  0.00258 -1.88334e+00 | 35  0.00823 -4.02912e+00 | 36  0.00478 -6.80357e-02
 37  0.00000  0.00000e+00 | 38  0.00000  0.00000e+00 | 39  0.00000  0.00000e+00
 40  0.24767 -6.88263e+00 | 41  0.25948  2.74378e+01 | 42  0.26836  1.00318e+01
 43  0.22818  6.87994e-01 | 44 -0.25214 -7.28764e+00 | 45 -0.40771  5.60867e+00
 46 -0.38315 -4.76390e+00 | 47 -0.48489 -2.99599e-03 |
47 variables; iteration 60; function evaluation 73; phase 4
Function value 9.4467720e+01; maximum gradient component mag -3.8640e-01
Var    Value     Gradient |Var    Value     Gradient |Var    Value     Gradient
  1  0.02039 -1.62331e-01 |  2 -0.02758 -3.32947e-02 |  3  0.00555 -2.44187e-02
  4 -0.05948 -2.72124e-03 |  5 -0.07058 -4.71680e-03 |  6 -0.05756  1.02019e-02
  7 -0.06013  1.31672e-03 |  8  0.05612  2.91426e-02 |  9  0.02288 -4.20455e-03
 10  0.06734 -1.19058e-02 | 11  0.01778 -3.27883e-02 | 12 -0.01848 -1.45599e-02
 13  0.05751  2.41939e-02 | 14  0.03443 -5.09147e-04 | 15 -0.02546  1.53967e-02
 16 -0.00798  3.90584e-02 | 17 -0.03626  1.86697e-03 | 18  0.03522  2.29640e-02
 19  0.06213  8.07504e-02 | 20 -0.04801 -8.82262e-04 | 21 -0.03357 -2.85813e-02
 22 -0.10558 -3.36800e-03 | 23 -0.01034  2.27647e-02 | 24 -0.02431 -6.78374e-02
 25 -0.03510 -4.18571e-02 | 26  0.07252  5.18700e-02 | 27 -0.01279  1.03314e-02
 28  0.06009  7.74646e-03 | 29 -0.04177  4.77098e-02 | 30  0.01378  5.40577e-02
 31  0.02420 -6.16814e-02 | 32  0.14630  4.91450e-03 | 33  0.00136 -5.75306e-03
 34  0.00362 -1.63080e-02 | 35  0.00918 -4.51980e-02 | 36  0.00468  1.11919e-02
 37  0.00000  0.00000e+00 | 38  0.00000  0.00000e+00 | 39  0.00000  0.00000e+00
 40  0.24786 -1.10850e-01 | 41  0.25950  3.29292e-02 | 42  0.26851 -5.72896e-02
 43  0.22835 -9.67569e-03 | 44 -0.25577 -3.86400e-01 | 45 -0.41276  2.97558e-01
 46 -0.38315 -2.09117e-02 | 47 -0.42571 -1.21857e-03 |

 - final statistics:
47 variables; iteration 73; function evaluation 86
Function value 9.4468e+01; maximum gradient component mag 2.0327e-05
Exit code = 1;  converg criter 2.0000e-04
Var    Value     Gradient |Var    Value     Gradient |Var    Value     Gradient
  1  0.02039  2.58185e-06 |  2 -0.02754  1.73800e-07 |  3  0.00553 -2.23212e-07
  4 -0.05946  3.80300e-08 |  5 -0.07058  1.22135e-07 |  6 -0.05760  2.21985e-07
  7 -0.06019 -2.03300e-08 |  8  0.05606 -4.20612e-07 |  9  0.02288 -2.00255e-07
 10  0.06735 -6.03060e-07 | 11  0.01782 -1.20508e-07 | 12 -0.01844 -6.76730e-08
 13  0.05750 -8.70193e-08 | 14  0.03445  2.25787e-07 | 15 -0.02546 -1.13417e-07
 16 -0.00799 -4.11315e-07 | 17 -0.03626  3.05455e-07 | 18  0.03522 -5.04060e-08
 19  0.06212  4.60190e-07 | 20 -0.04800  1.09161e-07 | 21 -0.03356 -2.62385e-07
 22 -0.10557 -1.49038e-07 | 23 -0.01035  1.80060e-07 | 24 -0.02431  3.21330e-06
 25 -0.03508 -2.70286e-07 | 26  0.07251  2.85537e-08 | 27 -0.01278 -4.32048e-07
 28  0.06010 -3.47100e-07 | 29 -0.04177  1.59524e-07 | 30  0.01377  2.77617e-07
 31  0.02422 -6.39198e-07 | 32  0.14630 -5.17774e-07 | 33  0.00135 -2.75240e-07
 34  0.00360 -8.65714e-07 | 35  0.00920 -1.85333e-07 | 36  0.00469 -2.87673e-07
 37  0.00000  0.00000e+00 | 38  0.00000  0.00000e+00 | 39  0.00000  0.00000e+00
 40  0.24787 -1.25348e-06 | 41  0.25950 -2.35979e-06 | 42  0.26852 -6.97887e-07
 43  0.22835 -1.39672e-06 | 44 -0.26229  2.03271e-05 | 45 -0.42159 -1.50108e-05
 46 -0.38315  4.19089e-07 | 47 -0.42180  1.10321e-08 |
Estimating row 1 out of 47 for hessian
Estimating row 2 out of 47 for hessian
Estimating row 3 out of 47 for hessian
Estimating row 4 out of 47 for hessian
Estimating row 5 out of 47 for hessian
Estimating row 6 out of 47 for hessian
Estimating row 7 out of 47 for hessian
Estimating row 8 out of 47 for hessian
Estimating row 9 out of 47 for hessian
Estimating row 10 out of 47 for hessian
Estimating row 11 out of 47 for hessian
Estimating row 12 out of 47 for hessian
Estimating row 13 out of 47 for hessian
Estimating row 14 out of 47 for hessian
Estimating row 15 out of 47 for hessian
Estimating row 16 out of 47 for hessian
Estimating row 17 out of 47 for hessian
Estimating row 18 out of 47 for hessian
Estimating row 19 out of 47 for hessian
Estimating row 20 out of 47 for hessian
Estimating row 21 out of 47 for hessian
Estimating row 22 out of 47 for hessian
Estimating row 23 out of 47 for hessian
Estimating row 24 out of 47 for hessian
Estimating row 25 out of 47 for hessian
Estimating row 26 out of 47 for hessian
Estimating row 27 out of 47 for hessian
Estimating row 28 out of 47 for hessian
Estimating row 29 out of 47 for hessian
Estimating row 30 out of 47 for hessian
Estimating row 31 out of 47 for hessian
Estimating row 32 out of 47 for hessian
Estimating row 33 out of 47 for hessian
Estimating row 34 out of 47 for hessian
Estimating row 35 out of 47 for hessian
Estimating row 36 out of 47 for hessian
Estimating row 37 out of 47 for hessian
Estimating row 38 out of 47 for hessian
Estimating row 39 out of 47 for hessian
Estimating row 40 out of 47 for hessian
Estimating row 41 out of 47 for hessian
Estimating row 42 out of 47 for hessian
Estimating row 43 out of 47 for hessian
Estimating row 44 out of 47 for hessian
Estimating row 45 out of 47 for hessian
Estimating row 46 out of 47 for hessian
Estimating row 47 out of 47 for hessian
size of file gradfil1.tmp = 0
size of file gradfil2.tmp = 0
size of file varssave.tmp = 0
size of file cmpdiff.tmp = 0
