
Initial statistics: 37 variables; iteration 0; function evaluation 0; phase 1
Function value 1.1538114e+04; maximum gradient component mag 4.6825e+04
Var    Value     Gradient |Var    Value     Gradient |Var    Value     Gradient
  1  0.33333  4.68246e+04 |  2  0.00000 -7.30985e+02 |  3  0.00000 -8.00210e+02
  4  0.00000 -7.83562e+02 |  5  0.00000 -7.26453e+02 |  6  0.00000 -7.40875e+02
  7  0.00000 -7.18446e+02 |  8  0.00000 -7.21716e+02 |  9  0.00000 -5.79913e+02
 10  0.00000 -4.98060e+02 | 11  0.00000 -3.84657e+02 | 12  0.00000 -3.64055e+02
 13  0.00000 -2.38766e+02 | 14  0.00000 -1.51906e+02 | 15  0.00000 -1.41069e+01
 16  0.00000  9.34601e+01 | 17  0.00000  2.67372e+02 | 18  0.00000  1.41749e+02
 19  0.00000  1.37193e+02 | 20  0.00000  2.99832e+02 | 21  0.00000  1.08938e+02
 22  0.00000  2.13364e+02 | 23  0.00000  1.39077e+02 | 24  0.00000  4.16916e+02
 25  0.00000  1.10102e+03 | 26  0.00000  1.29839e+03 | 27  0.00000  1.03522e+03
 28  0.00000  1.03331e+02 | 29  0.00000  1.01535e+03 | 30  0.00000  5.96014e+02
 31  0.00000  1.09585e+03 | 32  0.00000  4.94711e+02 | 33  0.00000  3.94813e+02
 34  0.00000  3.09414e+02 | 35  0.00000 -5.77411e+02 | 36  0.00000 -1.23088e+03
 37  0.21635  2.10629e+04 |

Intermediate statistics: 37 variables; iteration 20; function evaluation 37; phase 1
Function value 4.8599242e+03; maximum gradient component mag 2.8391e+04
Var    Value     Gradient |Var    Value     Gradient |Var    Value     Gradient
  1  0.01750  2.83911e+04 |  2 -1.14265 -2.32293e+00 |  3 -0.33062  7.69140e+01
  4 -0.36292  1.02186e+02 |  5 -0.66883  2.03686e+01 |  6 -0.24806  3.57883e+02
  7 -1.32262 -1.38212e+01 |  8 -0.42537  2.78959e+01 |  9 -0.12078  2.77912e+02
 10 -0.03423  2.90555e+02 | 11 -0.18999  1.28999e+02 | 12  0.03478  4.93282e+02
 13  0.07707  5.45606e+02 | 14  0.08262  6.03555e+02 | 15  0.05732  5.94572e+02
 16  0.03326  4.91359e+02 | 17  0.02089  5.10644e+02 | 18  0.02598  4.21959e+02
 19  0.03584  4.41546e+02 | 20  0.03828  5.79657e+02 | 21  0.06506  5.65950e+02
 22  0.07703  6.97857e+02 | 23  0.12427  7.91261e+02 | 24  0.11831  8.76529e+02
 25  0.11754  1.15464e+03 | 26  0.14905  1.42729e+03 | 27  0.15746  1.15629e+03
 28  0.22248  9.21806e+02 | 29  0.21776  1.21962e+03 | 30  0.27215  1.17670e+03
 31  0.25965  1.18082e+03 | 32  0.35439  1.78851e+03 | 33  0.31802  8.50826e+02
 34  0.36434  1.06054e+03 | 35  0.42718  5.91121e+02 | 36  0.56309  3.43402e+02
 37  0.31448  2.03913e+04 |
37 variables; iteration 40; function evaluation 66; phase 1
Function value 1.0814197e+03; maximum gradient component mag -1.0375e+04
Var    Value     Gradient |Var    Value     Gradient |Var    Value     Gradient
  1 -0.06018 -1.03750e+04 |  2 -0.33775  3.17945e+02 |  3 -0.07326  3.34091e+02
  4  0.10770  8.39013e+02 |  5  0.06317  7.84792e+02 |  6  0.00371  6.66800e+02
  7 -1.28049 -1.26454e+02 |  8 -0.09937  4.60166e+02 |  9  0.00484  5.99169e+02
 10  0.16083  7.74969e+02 | 11 -0.01423  5.03596e+02 | 12  0.15694  7.39636e+02
 13  0.28918  1.10456e+03 | 14  0.16250  7.83607e+02 | 15 -0.03161  5.30902e+02
 16  0.08903  6.64188e+02 | 17  0.12521  7.74937e+02 | 18  0.15858  7.27942e+02
 19  0.12302  6.12687e+02 | 20  0.06874  6.09883e+02 | 21 -0.00588  3.85478e+02
 22 -0.06352  3.90634e+02 | 23 -0.07799  2.31515e+02 | 24 -0.14638  1.88193e+02
 25 -0.00008 -5.92685e+02 | 26 -0.02360 -9.22616e+02 | 27  0.00685 -4.79547e+02
 28  0.08031 -1.27043e+01 | 29  0.03778  8.29437e+02 | 30  0.04214  2.96777e+02
 31  0.01003  6.09460e+02 | 32  0.04070  3.69939e+02 | 33  0.03378  7.37750e+02
 34  0.00326  5.73230e+02 | 35  0.04411  2.60207e+02 | 36  0.09077  5.77325e+02
 37  0.19978 -3.56144e+03 |
37 variables; iteration 60; function evaluation 87; phase 1
Function value 4.6169818e+02; maximum gradient component mag 1.3118e+02
Var    Value     Gradient |Var    Value     Gradient |Var    Value     Gradient
  1 -0.06623  1.31184e+02 |  2 -0.06990  2.46608e-01 |  3 -0.04376  4.04717e+00
  4 -0.09120 -1.85000e+00 |  5 -0.13754  6.04514e-01 |  6 -0.12333 -2.08712e+01
  7 -1.87313  1.10441e+01 |  8 -0.01734 -4.07859e+00 |  9  0.00926  1.02456e+01
 10  0.05856  2.68033e+00 | 11  0.03695 -3.39116e+00 | 12  0.01429 -2.84068e+00
 13  0.06554 -6.49680e+00 | 14  0.03298 -5.72798e+00 | 15 -0.01417 -4.60144e+00
 16  0.03268 -6.35384e+00 | 17  0.03117 -2.97872e+00 | 18  0.07870 -6.39633e+00
 19  0.06628 -2.89283e+00 | 20 -0.02379 -1.51851e+00 | 21 -0.00432 -3.77858e+00
 22 -0.07414 -3.60468e+00 | 23 -0.01842 -4.52905e+00 | 24 -0.03830 -1.32070e+01
 25 -0.01292  5.03308e+00 | 26  0.04892 -9.71675e+00 | 27  0.00272  1.83508e+00
 28  0.07595  4.16632e-01 | 29 -0.00532  2.10712e+00 | 30  0.05125 -1.19619e+01
 31 -0.00642 -1.14964e+01 | 32  0.04294  7.45258e+00 | 33  0.00952 -1.07659e+00
 34 -0.00810 -4.62803e+00 | 35  0.06416 -5.71418e+00 | 36  0.08855 -1.24662e+00
 37  0.22879 -5.13612e+00 |

 - final statistics:
37 variables; iteration 64; function evaluation 91
Function value 4.6139e+02; maximum gradient component mag 2.8948e+00
Exit code = 1;  converg criter 1.0000e+01
Var    Value     Gradient |Var    Value     Gradient |Var    Value     Gradient
  1 -0.06645 -6.67964e-01 |  2 -0.07255 -1.23513e-01 |  3 -0.04792 -2.21868e+00
  4 -0.09298 -8.17389e-01 |  5 -0.14186 -7.92530e-01 |  6 -0.11184  3.52571e-01
  7 -1.88276 -1.17023e+00 |  8 -0.01483  2.27185e+00 |  9  0.00110  2.50154e+00
 10  0.05711  2.01217e+00 | 11  0.03800  3.70892e-01 | 12  0.01237  2.24991e-01
 13  0.06751  7.06910e-01 | 14  0.03432  5.48396e-01 | 15 -0.01410  1.29131e-01
 16  0.03398  2.15369e-01 | 17  0.02999 -5.48946e-01 | 18  0.08040  1.03154e+00
 19  0.06630  9.30105e-01 | 20 -0.02632 -8.23115e-01 | 21 -0.00435  6.08811e-01
 22 -0.07434  9.32615e-01 | 23 -0.01713  1.80497e+00 | 24 -0.03356  3.48450e-01
 25 -0.01579  2.60973e+00 | 26  0.05028  2.89480e+00 | 27  0.00259 -1.60712e-01
 28  0.07593 -1.85914e+00 | 29 -0.00603 -6.75126e-01 | 30  0.05258  1.13865e+00
 31 -0.00547 -6.15789e-01 | 32  0.04243  9.36581e-01 | 33  0.00920 -1.59302e+00
 34 -0.00832  2.50005e-01 | 35  0.06340 -1.29717e+00 | 36  0.08569  1.17841e+00
 37  0.22911  8.64916e-01 |

Initial statistics: 47 variables; iteration 0; function evaluation 0; phase 2
Function value 4.6138639e+02; maximum gradient component mag -3.7752e+03
Var    Value     Gradient |Var    Value     Gradient |Var    Value     Gradient
  1 -0.39876 -1.01701e+03 |  2 -0.06645 -6.67964e-01 |  3  0.00000  1.39995e+02
  4  0.00000  1.28958e+02 |  5  0.00000  4.35310e+01 |  6 -0.07256 -5.11664e-01
  7 -0.04793 -2.60826e+00 |  8 -0.09299 -1.20391e+00 |  9 -0.14187 -1.17355e+00
 10 -0.11185 -3.21017e-02 | 11 -0.11725  7.86148e-01 | 12 -0.01484  1.88127e+00
 13  0.00109  2.11086e+00 | 14  0.05710  1.62305e+00 | 15  0.03799 -1.90991e-02
 16  0.01236 -1.65622e-01 | 17  0.06750  3.18418e-01 | 18  0.03431  1.58277e-01
 19 -0.01411 -2.61460e-01 | 20  0.03397 -1.74762e-01 | 21  0.02998 -9.39200e-01
 22  0.08039  6.43971e-01 | 23  0.06629  5.41536e-01 | 24 -0.02634 -1.21347e+00
 25 -0.00436  2.18133e-01 | 26 -0.07435  5.44587e-01 | 27 -0.01714  1.41443e+00
 28 -0.03357 -4.16937e-02 | 29 -0.01580  2.21916e+00 | 30  0.05027  2.50533e+00
 31  0.00258 -5.51396e-01 | 32  0.07592 -2.24706e+00 | 33 -0.00605 -1.06580e+00
 34  0.05257  7.49298e-01 | 35 -0.00548 -1.00646e+00 | 36  0.04241  5.46762e-01
 37  0.00919 -1.98367e+00 | 38 -0.00833 -1.40648e-01 | 39  0.06339 -1.68592e+00
 40  0.08568  7.91262e-01 | 41  0.21635 -3.77518e+03 | 42  0.21635 -2.15927e+03
 43  0.21635 -2.34809e+03 | 44  0.22911  8.64916e-01 | 45 -0.30909 -1.27417e+03
 46  0.12819  9.62818e+00 | 47 -0.30909  1.00558e+03 |

Intermediate statistics: 47 variables; iteration 20; function evaluation 26; phase 2
Function value 1.9733605e+02; maximum gradient component mag -6.7905e+03
Var    Value     Gradient |Var    Value     Gradient |Var    Value     Gradient
  1 -0.12966  7.65665e+02 |  2 -0.03392 -6.79051e+03 |  3  0.01948  2.95952e+01
  4 -0.03663  2.78227e+01 |  5  0.02967  2.47021e+01 |  6 -0.00992  1.16487e+02
  7  0.02610  1.07544e+02 |  8  0.00937  1.42130e+02 |  9 -0.03593  1.34485e+02
 10 -0.04650  9.13187e+01 | 11 -0.04295  1.00352e+02 | 12  0.00942  7.24332e+01
 13  0.00546  7.43941e+01 | 14  0.08153  1.02674e+02 | 15 -0.01609  2.70132e+01
 16 -0.04084  5.97682e+01 | 17  0.05901  4.48594e+01 | 18  0.05251  9.93140e+01
 19 -0.03857  6.00908e+01 | 20  0.00898  5.72338e+01 | 21 -0.02243  2.99341e+01
 22  0.04908 -3.02307e+01 | 23  0.04815 -3.10624e+01 | 24 -0.05872 -1.36639e+00
 25 -0.02559 -9.26964e+01 | 26 -0.17128 -7.92875e+01 | 27 -0.01180 -4.67342e+02
 28 -0.03086 -2.05640e+02 | 29 -0.00302 -2.33732e-01 | 30  0.04620 -1.35290e+01
 31 -0.00485 -1.02530e+02 | 32  0.05218 -1.88043e+02 | 33 -0.01724 -8.09599e+01
 34  0.05720  1.54363e+02 | 35  0.00950  1.14469e+02 | 36  0.05416  3.48626e+01
 37  0.01864  3.60990e+01 | 38 -0.02118 -7.56467e+01 | 39  0.01885 -3.49895e+02
 40 -0.01087  3.54507e+01 | 41  0.23347 -2.95661e+03 | 42  0.23352 -9.98957e+02
 43  0.25829 -1.07109e+03 | 44  0.25147 -5.50700e+02 | 45 -0.24128  2.47467e+02
 46  0.12254 -3.76825e+01 | 47 -0.25802  1.51140e+03 |
47 variables; iteration 40; function evaluation 49; phase 2
Function value 1.6234589e+02; maximum gradient component mag -2.4484e+03
Var    Value     Gradient |Var    Value     Gradient |Var    Value     Gradient
  1 -0.13925  3.24949e+02 |  2 -0.03572 -2.44839e+03 |  3 -0.02493  1.66950e+01
  4 -0.09818  4.56022e+00 |  5 -0.00323 -8.23032e+00 |  6 -0.03661  2.09313e+01
  7  0.03439  7.55004e+01 |  8  0.00130  7.51750e+01 |  9 -0.04928  4.96855e+01
 10 -0.00962  7.31296e+01 | 11 -0.02650  3.95649e+01 | 12  0.02341  2.75735e+01
 13 -0.00564  1.05213e+01 | 14  0.08099  9.50006e+01 | 15 -0.00211  2.39998e+01
 16 -0.02876  1.31032e+01 | 17  0.05306 -7.70251e+00 | 18  0.01931 -1.38012e+01
 19 -0.01775  6.66036e+01 | 20  0.00101  4.45221e+01 | 21 -0.03004  2.02723e+01
 22  0.04188 -1.12522e+01 | 23  0.05682  3.90299e+01 | 24 -0.10393 -4.03938e+01
 25 -0.03745 -3.78390e+01 | 26 -0.12530 -2.85528e+01 | 27 -0.01031 -1.76813e+02
 28 -0.02567 -1.91263e+01 | 29  0.02434  1.33973e+02 | 30  0.03390 -5.86533e+01
 31 -0.00525 -9.97036e+01 | 32  0.05220 -1.06997e+02 | 33 -0.01596 -1.71578e+01
 34  0.03992 -3.61672e+01 | 35 -0.00884 -7.10926e+01 | 36  0.04996 -4.31401e+01
 37  0.01893 -1.63417e+01 | 38 -0.01358  3.73220e+01 | 39  0.02518 -8.13887e+01
 40 -0.00452  3.17577e+01 | 41  0.24448 -5.77453e+02 | 42  0.24238  1.78192e+02
 43  0.26844 -3.97206e+02 | 44  0.25580 -2.73463e+02 | 45 -0.24912  4.62531e+02
 46  0.08672 -1.18730e+02 | 47 -0.25941  2.71607e+02 |
47 variables; iteration 60; function evaluation 74; phase 2
Function value 1.4654904e+02; maximum gradient component mag 2.4803e+02
Var    Value     Gradient |Var    Value     Gradient |Var    Value     Gradient
  1 -0.11009 -4.10075e+01 |  2 -0.03048  2.48032e+02 |  3 -0.06611  8.66700e-01
  4 -0.09756  1.46209e+00 |  5  0.00958  2.15112e+00 |  6 -0.02759 -1.94159e+00
  7  0.01112 -3.22885e+00 |  8 -0.04542 -1.49859e+00 |  9 -0.09517 -6.82168e-01
 10 -0.06224  6.74746e-01 | 11 -0.06357 -2.73049e+00 | 12  0.02668 -1.31731e+00
 13  0.02259 -2.49725e-01 | 14  0.06213  1.16045e+00 | 15  0.01479 -1.98265e+00
 16 -0.00661 -1.45994e-01 | 17  0.06180  2.68968e+00 | 18  0.03049  1.58208e+00
 19 -0.02944  4.70802e+00 | 20  0.00242 -2.45419e+00 | 21 -0.02844 -2.55699e+00
 22  0.05984 -1.90075e+00 | 23  0.05052 -2.29313e+00 | 24 -0.05685 -3.04503e+00
 25 -0.02137 -3.78262e+00 | 26 -0.11123 -2.62768e+00 | 27 -0.01414 -1.74704e+00
 28 -0.01490  5.98739e+00 | 29  0.00164  1.08451e+01 | 30  0.04910  2.91572e+01
 31  0.00044  1.62831e+00 | 32  0.06106 -4.90293e+00 | 33 -0.01187 -2.97225e+00
 34  0.06047 -4.88949e+00 | 35  0.00902 -5.77537e+00 | 36  0.05829 -2.41683e+00
 37  0.02319 -1.17875e+00 | 38 -0.01350  1.47416e+00 | 39  0.02395  4.13400e+00
 40 -0.02776 -7.04202e+00 | 41  0.24284  1.45726e+01 | 42  0.23676 -1.65591e-01
 43  0.26904  1.66747e+01 | 44  0.25061 -2.15785e+01 | 45 -0.26328  2.20277e+01
 46  0.04175 -4.63557e+00 | 47 -0.26571  2.28679e+01 |

 - final statistics:
47 variables; iteration 73; function evaluation 87
Function value 1.4628e+02; maximum gradient component mag -9.7057e+00
Exit code = 1;  converg criter 1.0000e+01
Var    Value     Gradient |Var    Value     Gradient |Var    Value     Gradient
  1 -0.13413  1.25537e-01 |  2 -0.03647  5.45676e+00 |  3 -0.07516 -3.00820e-01
  4 -0.10487 -4.64756e-01 |  5  0.00983 -1.41033e+00 |  6 -0.02423 -1.53772e+00
  7  0.01679 -3.21609e+00 |  8 -0.04932  5.09244e-01 |  9 -0.10246  2.78658e-01
 10 -0.07075  4.38910e-01 | 11 -0.07789 -4.80642e-01 | 12  0.01797 -7.65818e-01
 13  0.01877 -1.06031e+00 | 14  0.06424 -3.75581e-01 | 15  0.01585 -1.40010e+00
 16 -0.01135 -1.87331e+00 | 17  0.06215 -3.25373e+00 | 18  0.03356 -3.39134e+00
 19 -0.03067 -3.31354e+00 | 20  0.00477 -2.65689e-01 | 21 -0.02530 -4.34582e-01
 22  0.05853 -1.99416e-01 | 23  0.04828 -1.05935e-01 | 24 -0.05857 -5.38242e-01
 25 -0.02241  4.09095e-01 | 26 -0.11107 -6.00719e-01 | 27 -0.00924  5.02828e+00
 28 -0.01189  5.26729e+00 | 29  0.00254  2.86363e+00 | 30  0.05240  6.83761e+00
 31  0.00385  2.62212e+00 | 32  0.06296  1.35419e+00 | 33 -0.01082 -1.70738e-01
 34  0.05881  1.36809e+00 | 35  0.00851  3.34455e-01 | 36  0.05907 -6.76871e-01
 37  0.02551 -1.60785e+00 | 38 -0.01023 -2.39627e+00 | 39  0.02838 -2.66834e-01
 40 -0.01758 -2.00651e-01 | 41  0.24457 -4.28779e-01 | 42  0.23887  8.53286e-01
 43  0.27051 -9.91439e-01 | 44  0.25260  5.79952e+00 | 45 -0.27401 -9.70569e+00
 46  0.00332  2.71760e+00 | 47 -0.26586  2.42366e+00 |

Initial statistics: 50 variables; iteration 0; function evaluation 0; phase 3
Function value 1.4628463e+02; maximum gradient component mag -1.0715e+03
Var    Value     Gradient |Var    Value     Gradient |Var    Value     Gradient
  1 -0.13413  1.25537e-01 |  2 -0.03647  5.45676e+00 |  3 -0.07516 -3.00820e-01
  4 -0.10487 -4.64756e-01 |  5  0.00983 -1.41033e+00 |  6 -0.02423 -1.51413e+00
  7  0.01679 -3.19249e+00 |  8 -0.04932  5.32782e-01 |  9 -0.10245  3.01962e-01
 10 -0.07075  4.62373e-01 | 11 -0.07789 -4.57210e-01 | 12  0.01797 -7.42218e-01
 13  0.01877 -1.03672e+00 | 14  0.06424 -3.52093e-01 | 15  0.01585 -1.37650e+00
 16 -0.01135 -1.84971e+00 | 17  0.06215 -3.23023e+00 | 18  0.03356 -3.36776e+00
 19 -0.03067 -3.28995e+00 | 20  0.00477 -2.42081e-01 | 21 -0.02530 -4.10992e-01
 22  0.05853 -1.75907e-01 | 23  0.04828 -8.23941e-02 | 24 -0.05857 -5.14733e-01
 25 -0.02241  4.32689e-01 | 26 -0.11107 -5.77469e-01 | 27 -0.00924  5.05189e+00
 28 -0.01189  5.29090e+00 | 29  0.00254  2.88724e+00 | 30  0.05240  6.86113e+00
 31  0.00385  2.64573e+00 | 32  0.06296  1.37768e+00 | 33 -0.01082 -1.47133e-01
 34  0.05881  1.39160e+00 | 35  0.00851  3.58062e-01 | 36  0.05907 -6.53364e-01
 37  0.02551 -1.58426e+00 | 38 -0.01023 -2.37266e+00 | 39  0.02838 -2.43249e-01
 40 -0.01758 -1.77051e-01 | 41  0.24457 -4.28779e-01 | 42  0.23887  8.53286e-01
 43  0.27051 -9.91439e-01 | 44  0.25260  5.79952e+00 | 45 -0.27401 -9.70569e+00
 46  0.00332  2.71760e+00 | 47 -0.30909 -1.07153e+03 | 48 -0.43452  4.58224e-04
 49 -0.26586  2.42366e+00 | 50 -0.36199 -1.33937e+01 |

Intermediate statistics: 50 variables; iteration 20; function evaluation 27; phase 3
Function value 1.2409130e+02; maximum gradient component mag 5.0691e+02
Var    Value     Gradient |Var    Value     Gradient |Var    Value     Gradient
  1 -0.06053  8.54652e+01 |  2 -0.02374 -1.14358e+02 |  3 -0.06783 -2.94934e+00
  4 -0.09695 -2.27516e+00 |  5  0.01835  6.05468e+00 |  6 -0.01924  1.55422e+01
  7  0.01954  2.05849e+01 |  8 -0.03925  5.78630e+00 |  9 -0.09491  3.00453e+00
 10 -0.06554  3.45387e+00 | 11 -0.07071  3.88984e-01 | 12  0.02815  6.19086e+00
 13  0.02834  1.23914e+01 | 14  0.07066  2.25710e+01 | 15  0.01387  9.30639e+00
 16 -0.00441  1.00741e+01 | 17  0.06331  1.61072e+01 | 18  0.03244  1.29340e+01
 19 -0.03824  6.03550e-01 | 20 -0.01812 -2.69754e+01 | 21 -0.01852  4.27638e+01
 22  0.03274 -4.28181e+01 | 23  0.04253 -1.01406e+01 | 24 -0.04280  1.75451e+01
 25 -0.03610 -2.54854e+01 | 26 -0.11147  3.77431e+00 | 27 -0.00585  1.55744e+01
 28 -0.02231 -6.39493e+00 | 29 -0.01518 -1.92642e+01 | 30  0.05645  3.20171e+01
 31  0.00381  4.50145e+01 | 32  0.06268  1.55499e+01 | 33 -0.01198  2.41194e+01
 34  0.06290 -5.97335e+01 | 35  0.01356 -5.79656e+00 | 36  0.06137 -1.57587e+01
 37  0.02706  1.04814e+00 | 38 -0.01146  6.77364e+00 | 39  0.02134 -2.93264e+01
 40 -0.01106  4.54949e+01 | 41  0.24572  5.06914e+02 | 42  0.24913 -4.39563e+02
 43  0.27172  1.55918e+02 | 44  0.25416  9.79504e+01 | 45 -0.27350  5.10219e+01
 46 -0.00370 -1.44771e+01 | 47 -0.26571 -1.63025e+02 | 48 -0.40099  8.74340e+01
 49 -0.23409 -3.67956e+02 | 50 -0.30232  1.36405e+02 |
50 variables; iteration 40; function evaluation 54; phase 3
Function value 1.2120956e+02; maximum gradient component mag -3.4839e+02
Var    Value     Gradient |Var    Value     Gradient |Var    Value     Gradient
  1 -0.05941  8.91657e+01 |  2 -0.02326 -1.99792e+02 |  3 -0.05095  1.02132e+00
  4 -0.09599 -2.09247e+00 |  5  0.01672  3.46629e+00 |  6 -0.02659  1.91672e+00
  7  0.01607  1.12354e+01 |  8 -0.04698 -6.38661e+00 |  9 -0.10019 -5.41804e+00
 10 -0.05699  7.81712e+00 | 11 -0.05511  6.57688e+00 | 12  0.03586  7.73034e+00
 13  0.02646  5.29741e+00 | 14  0.06723  1.15711e+01 | 15  0.01530  6.26315e+00
 16 -0.00661  3.35331e+00 | 17  0.06249  3.88623e+00 | 18  0.02960 -2.99249e+00
 19 -0.03913 -4.20086e+00 | 20 -0.01643 -1.36611e+01 | 21 -0.02284  1.93936e+01
 22  0.03502 -2.42997e+01 | 23  0.04281 -3.80132e+00 | 24 -0.04517  1.16102e+01
 25 -0.03027 -1.97627e+00 | 26 -0.10760  1.36073e+01 | 27 -0.00610  1.62450e+01
 28 -0.02133 -1.15754e+00 | 29 -0.01624 -1.67908e+01 | 30  0.05556  1.28080e+01
 31  0.00261  2.96744e+01 | 32  0.06205  1.61516e+01 | 33 -0.01386  1.60598e+01
 34  0.06504 -3.57641e+01 | 35  0.01319 -1.46344e+01 | 36  0.06097 -2.14563e+01
 37  0.02611 -1.75635e+01 | 38 -0.01215 -4.42417e+00 | 39  0.02205 -1.89263e+01
 40 -0.01397  4.01436e+01 | 41  0.24438  2.11226e+02 | 42  0.25241 -1.10686e+02
 43  0.27093  9.40197e+01 | 44  0.25379  8.67087e+01 | 45 -0.26936 -1.04614e+02
 46  0.01189  2.95630e+01 | 47 -0.26003 -5.48836e+01 | 48 -0.40352  3.40328e+01
 49 -0.23472 -3.48394e+02 | 50 -0.30283  1.25857e+02 |
50 variables; iteration 60; function evaluation 85; phase 3
Function value 1.1414366e+02; maximum gradient component mag -7.1656e+02
Var    Value     Gradient |Var    Value     Gradient |Var    Value     Gradient
  1  0.00238  1.06147e+02 |  2 -0.01112 -7.16564e+02 |  3 -0.05467 -2.50061e+00
  4 -0.07011  3.68021e+00 |  5  0.01379 -2.67297e+00 |  6 -0.02544  1.22327e+01
  7  0.00853 -4.64664e+00 |  8 -0.03659  7.10275e+00 |  9 -0.08111  1.43799e+01
 10 -0.04654  1.69410e+01 | 11 -0.04288  9.53088e+00 | 12  0.05210  2.42740e+01
 13  0.02551  5.55895e+00 | 14  0.07152  2.38142e+01 | 15  0.01075  2.39870e+00
 16  0.00114  1.47793e+01 | 17  0.06025 -1.02431e+00 | 18  0.02055 -1.61467e+01
 19 -0.03749  9.63826e+00 | 20 -0.01170  1.08028e+01 | 21 -0.03964 -2.22522e+01
 22  0.05019  3.03442e+01 | 23  0.05026  1.16783e+01 | 24 -0.05641 -7.97581e+00
 25 -0.01740  2.58818e+01 | 26 -0.11111  1.53315e+01 | 27 -0.01304  1.25474e+01
 28 -0.02368  1.30757e+01 | 29 -0.01428  1.40630e+01 | 30  0.04611 -2.38037e+01
 31 -0.00445  5.80098e+00 | 32  0.05650 -1.29913e+01 | 33 -0.01970  8.09019e+00
 34  0.06337  5.24766e+00 | 35  0.01275  1.31622e+01 | 36  0.05798 -1.96640e+01
 37  0.02257 -9.77301e+00 | 38 -0.01793 -3.93846e+01 | 39  0.01658 -6.10568e+01
 40 -0.02552 -1.58734e+01 | 41  0.24091 -1.69226e+02 | 42  0.24995 -1.04357e+02
 43  0.26916 -3.66549e+01 | 44  0.26411 -2.83882e+01 | 45 -0.22582  8.70580e+01
 46  0.14688 -2.01758e+01 | 47 -0.24954 -5.81238e+01 | 48 -0.38663  3.79006e+01
 49 -0.16123 -1.02198e+02 | 50 -0.22676  2.79294e+01 |
50 variables; iteration 80; function evaluation 106; phase 3
Function value 1.0756843e+02; maximum gradient component mag -1.4764e+02
Var    Value     Gradient |Var    Value     Gradient |Var    Value     Gradient
  1  0.14882  2.37823e+01 |  2  0.01580 -1.47639e+02 |  3 -0.02558 -2.07872e-01
  4 -0.06285 -1.04851e-01 |  5  0.02356 -4.46525e-02 |  6 -0.02078  2.57803e+00
  7  0.02662  3.13989e+00 |  8 -0.01035  2.45848e+00 |  9 -0.06223  1.93122e+00
 10 -0.03498  1.96777e+00 | 11 -0.02539  1.69608e+00 | 12  0.05371  1.61667e+00
 13  0.03502  1.51680e+00 | 14  0.06697  1.74708e-01 | 15  0.01389  1.09458e+00
 16  0.00248  1.86690e+00 | 17  0.05880  1.21059e+00 | 18  0.02242  1.15398e+00
 19 -0.04745  1.45182e+00 | 20 -0.02385  1.62945e+00 | 21 -0.04131  1.93883e+00
 22  0.03801  1.56694e+00 | 23  0.04976  1.48736e+00 | 24 -0.03855  1.73514e+00
 25 -0.02136  7.22204e-01 | 26 -0.11594  1.32120e+00 | 27 -0.01698  2.06564e+00
 28 -0.03044 -7.63573e-01 | 29 -0.02861 -2.87527e+00 | 30  0.03575 -2.10324e+01
 31 -0.01551 -2.82412e+00 | 32  0.05031  3.76891e-01 | 33 -0.02880  1.37664e+00
 34  0.05726  5.46759e-01 | 35  0.00808  8.50420e-01 | 36  0.05469 -1.25983e+00
 37  0.01638 -3.73603e+00 | 38 -0.02452 -9.53516e+00 | 39  0.00798 -3.69958e-02
 40 -0.01142  2.10063e+00 | 41  0.23801 -3.11039e+00 | 42  0.25089 -2.16930e+00
 43  0.26662 -1.67713e+00 | 44  0.28839 -2.22650e+00 | 45 -0.18507 -7.56532e+00
 46  0.22743  3.71909e+00 | 47 -0.22034 -4.50034e+00 | 48 -0.36582  1.51587e+00
 49 -0.05430  2.49041e+00 | 50 -0.19447 -1.42693e+00 |
50 variables; iteration 100; function evaluation 127; phase 3
Function value 1.0730083e+02; maximum gradient component mag -2.4511e+01
Var    Value     Gradient |Var    Value     Gradient |Var    Value     Gradient
  1  0.17664 -6.93709e+00 |  2  0.02213  1.54698e+01 |  3 -0.02425 -3.11662e-01
  4 -0.06067  1.86739e-01 |  5  0.02283  1.43214e-01 |  6 -0.02228  2.99053e-01
  7  0.02498 -8.74169e-01 |  8 -0.00995 -5.34760e-01 |  9 -0.06063 -8.47978e-02
 10 -0.03319 -8.83724e-02 | 11 -0.02234 -5.51587e-01 | 12  0.05612  1.04534e-01
 13  0.03582 -7.50502e-01 | 14  0.06692 -2.51024e+00 | 15  0.01352 -1.25766e+00
 16  0.00437  2.62726e-01 | 17  0.05788 -2.00549e-01 | 18  0.02025 -2.66052e-01
 19 -0.04842  8.46248e-01 | 20 -0.02390  1.15703e+00 | 21 -0.04301 -4.82850e-02
 22  0.03909  8.30863e-01 | 23  0.05124 -4.94694e-01 | 24 -0.03740 -9.81116e-01
 25 -0.02024 -1.14173e+00 | 26 -0.11682 -1.13491e+00 | 27 -0.01919 -3.02476e+00
 28 -0.03199 -1.82192e+00 | 29 -0.02826 -2.19647e+00 | 30  0.03357 -1.19153e+01
 31 -0.01702 -3.90929e-01 | 32  0.05086  2.51229e+00 | 33 -0.02849 -5.55784e-01
 34  0.06109  3.20506e+00 | 35  0.01008  7.43315e-01 | 36  0.05550  4.32679e+00
 37  0.01555  6.72454e+00 | 38 -0.02592  6.75872e+00 | 39  0.00540  7.27038e+00
 40 -0.01342 -2.20952e+00 | 41  0.23621  3.08882e-01 | 42  0.25551 -2.45107e+01
 43  0.26474  2.19840e+00 | 44  0.28815 -1.44317e+00 | 45 -0.17672  1.14309e+00
 46  0.24046 -2.04809e-01 | 47 -0.17298 -2.37103e+00 | 48 -0.31860  4.25499e+00
 49 -0.04738  9.27627e+00 | 50 -0.19329 -1.29349e+01 |

 - final statistics:
50 variables; iteration 119; function evaluation 146
Function value 1.0723e+02; maximum gradient component mag -5.9819e-05
Exit code = 1;  converg criter 1.0000e-04
Var    Value     Gradient |Var    Value     Gradient |Var    Value     Gradient
  1  0.18541 -9.70478e-07 |  2  0.02380 -4.34720e-05 |  3 -0.02192 -1.17443e-06
  4 -0.06025  1.07684e-07 |  5  0.02320 -1.44701e-06 |  6 -0.02218  9.29967e-08
  7  0.02640  1.70171e-06 |  8 -0.00794 -1.80725e-07 |  9 -0.05913  7.29545e-07
 10 -0.03194  1.77576e-06 | 11 -0.02065  9.96426e-08 | 12  0.05670  2.11604e-06
 13  0.03627 -3.50903e-07 | 14  0.06713 -4.52821e-06 | 15  0.01374 -5.74675e-07
 16  0.00436  9.14433e-07 | 17  0.05767  6.34720e-07 | 18  0.01994  6.02645e-07
 19 -0.04944  2.36677e-06 | 20 -0.02490  2.60582e-06 | 21 -0.04344 -1.07420e-06
 22  0.03787  7.35618e-07 | 23  0.05110 -2.46553e-06 | 24 -0.03722 -2.22422e-06
 25 -0.02088 -2.11533e-06 | 26 -0.11749 -2.13390e-06 | 27 -0.01941 -1.12517e-05
 28 -0.03274 -5.79654e-07 | 29 -0.02837 -1.57844e-06 | 30  0.03330 -2.22274e-05
 31 -0.01750 -4.13004e-06 | 32  0.05045  4.92651e-07 | 33 -0.02871 -1.40022e-06
 34  0.06140  7.49567e-06 | 35  0.01011  2.31901e-06 | 36  0.05531  7.30180e-06
 37  0.01509  1.06145e-05 | 38 -0.02649  9.38619e-06 | 39  0.00459  1.70546e-05
 40 -0.01331 -1.60833e-06 | 41  0.23595 -9.91874e-06 | 42  0.26119 -5.98187e-05
 43  0.26448 -3.07944e-06 | 44  0.28840 -4.79918e-07 | 45 -0.17546  4.28389e-07
 46  0.24150  1.59906e-06 | 47 -0.14836  2.54913e-05 | 48 -0.30263 -1.63417e-05
 49 -0.04625  1.25203e-05 | 50 -0.19411 -1.71033e-05 |
size of file gradfil1.tmp = 0
size of file gradfil2.tmp = 0
size of file varssave.tmp = 0
size of file cmpdiff.tmp = 0
