
Initial statistics: 4 variables; iteration 0; function evaluation 0; phase 1
Function value 3.1634833e+04; maximum gradient component mag 1.2007e+05
Var    Value     Gradient |Var    Value     Gradient |Var    Value     Gradient
  1  0.33333  1.08702e+05 |  2  0.21635  1.20074e+05 |  3  0.40967  3.20507e+04
  4  0.21635  1.52853e+04 |

 - final statistics:
4 variables; iteration 14; function evaluation 29
Function value 6.0957e+02; maximum gradient component mag -7.4831e+00
Exit code = 1;  converg criter 1.0000e+01
Var    Value     Gradient |Var    Value     Gradient |Var    Value     Gradient
  1  0.07602 -7.48307e+00 |  2 -0.07885 -2.36978e+00 |  3  1.00596 -4.92953e-02
  4  0.19927 -5.77618e-01 |

Initial statistics: 47 variables; iteration 0; function evaluation 0; phase 2
Function value 6.0956516e+02; maximum gradient component mag -4.0239e+03
Var    Value     Gradient |Var    Value     Gradient |Var    Value     Gradient
  1  0.07602 -7.48307e+00 |  2  0.00000  1.20629e+01 |  3  0.00000  2.73148e+01
  4  0.00000 -6.66638e+01 |  5  0.00000  2.78388e+01 |  6  0.00000 -4.40399e+01
  7  0.00000 -1.78874e+01 |  8  0.00000  3.39066e+01 |  9  0.00000  4.67095e+00
 10  0.00000  1.02423e+01 | 11  0.00000 -4.65300e+01 | 12  0.00000 -3.04257e+00
 13  0.00000 -5.14344e+01 | 14  0.00000 -4.20139e+01 | 15  0.00000  2.52605e+00
 16  0.00000 -5.09393e+01 | 17  0.00000 -1.32645e+01 | 18  0.00000  8.31357e+01
 19  0.00000  3.61638e+01 | 20  0.00000  7.49874e+01 | 21  0.00000 -8.89170e+01
 22  0.00000 -1.06383e+02 | 23  0.00000  1.24054e+02 | 24  0.00000  8.47833e+01
 25  0.00000  2.89206e+02 | 26  0.00000  9.99202e+01 | 27  0.00000  5.36993e+01
 28  0.00000  8.96159e+01 | 29  0.00000 -2.73757e+02 | 30  0.00000  2.53582e+02
 31  0.00000 -7.31082e+02 | 32  0.00000  4.32046e+02 | 33  0.00000 -7.55050e+02
 34  0.00000  2.32981e+02 | 35  0.00000 -4.21781e+02 | 36  0.00000  1.39623e+02
 37  0.00000  4.54031e+02 | 38  0.00000 -8.65954e+01 | 39  0.00000  2.05704e+02
 40 -0.07885 -2.36978e+00 | 41  0.99404  4.92953e-02 | 42  0.21635  3.52073e+03
 43  0.21635 -7.67158e+02 | 44  0.19927 -5.77618e-01 | 45 -0.30909 -2.25257e+03
 46  0.12819  1.04821e+01 | 47 -0.30909 -4.02387e+03 |

Intermediate statistics: 47 variables; iteration 20; function evaluation 31; phase 2
Function value 2.2267153e+02; maximum gradient component mag -2.9342e+03
Var    Value     Gradient |Var    Value     Gradient |Var    Value     Gradient
  1  0.03259 -2.93418e+03 |  2 -0.06164  2.36296e+00 |  3 -0.10710 -2.77416e-01
  4 -0.00487 -5.03263e+00 |  5 -0.03924  4.25135e+01 |  6 -0.00549  2.92359e+01
  7 -0.04848  3.68962e+01 |  8 -0.08480  4.64580e+01 |  9 -0.05427  4.00193e+01
 10 -0.04086  4.50585e+01 | 11  0.02938  2.95707e+01 | 12  0.01831  2.04171e+01
 13  0.04746 -2.84253e+01 | 14  0.00294 -5.07328e+01 | 15 -0.01888  2.39540e+01
 16  0.03587 -2.55081e+01 | 17  0.02475 -3.25295e+01 | 18 -0.01188  2.36768e+01
 19  0.01762  4.40038e+01 | 20 -0.01673  4.77935e+01 | 21  0.04449 -9.58317e+00
 22  0.04532  1.62246e+01 | 23 -0.02801  6.16548e+01 | 24  0.00232  7.66617e+01
 25 -0.07453  8.25086e+01 | 26 -0.02622  4.75206e+01 | 27 -0.02828  4.38319e+00
 28 -0.00551 -8.52439e+01 | 29  0.02799 -3.82775e+02 | 30 -0.00167 -3.75705e+01
 31  0.08556  3.81427e+02 | 32 -0.02074 -7.44765e+01 | 33  0.06870  7.49586e+01
 34 -0.00084 -1.08048e+02 | 35  0.04555 -2.21934e+02 | 36  0.00192 -2.29462e+02
 37 -0.02922 -9.07143e+01 | 38  0.01804 -1.00329e+02 | 39  0.01538  1.57087e+02
 40 -0.03878 -1.10121e+03 | 41  0.99342 -2.29998e+00 | 42  0.21778  1.80902e+02
 43  0.25583 -1.30113e+02 | 44  0.23401 -4.41151e+02 | 45 -0.22887  3.70416e+02
 46  0.12825 -1.10860e+02 | 47 -0.26128 -1.07672e+03 |
47 variables; iteration 40; function evaluation 56; phase 2
Function value 2.0334862e+02; maximum gradient component mag -6.8768e+02
Var    Value     Gradient |Var    Value     Gradient |Var    Value     Gradient
  1  0.02746 -6.87680e+02 |  2 -0.07841 -2.82124e+00 |  3 -0.10071  2.75374e-01
  4  0.00437 -1.16982e+00 |  5 -0.03715  6.07480e+00 |  6  0.00252  5.74865e+00
  7 -0.04574  1.66333e+01 |  8 -0.10016  6.02001e+00 |  9 -0.06336  1.31654e+01
 10 -0.06253  9.38152e+00 | 11  0.02443  6.98857e+00 | 12  0.02460  1.35820e+01
 13  0.06287  7.79915e+00 | 14  0.02009  5.62628e+00 | 15 -0.01982  4.99484e+00
 16  0.04829  2.10903e+01 | 17  0.03803  1.17694e+00 | 18 -0.01772 -1.32409e+01
 19  0.01933 -1.18336e+01 | 20 -0.02745 -2.13243e+01 | 21  0.06257  3.55947e+01
 22  0.05048 -3.89246e+00 | 23 -0.04842 -2.15206e+01 | 24 -0.00631 -8.43023e+00
 25 -0.10430 -1.98287e+01 | 26 -0.01904  4.71441e+00 | 27 -0.02871 -2.59122e+00
 28 -0.00696 -2.16838e+01 | 29  0.05130  2.40531e+01 | 30  0.00001 -7.37623e+01
 31  0.07031  5.73010e+01 | 32 -0.01400 -4.94272e+01 | 33  0.06589  4.63838e+01
 34  0.00605 -5.57351e+01 | 35  0.06364  7.61344e+01 | 36  0.01642 -2.32361e+01
 37 -0.02584 -8.53825e+01 | 38  0.02090  2.89547e+01 | 39 -0.02067  1.95952e+01
 40 -0.03121 -1.98956e+02 | 41  0.99160 -4.19076e-01 | 42  0.21733 -4.22407e+02
 43  0.25816 -2.80277e+02 | 44  0.23836 -4.52579e+02 | 45 -0.23775  1.35093e+02
 46  0.09501 -3.71435e+01 | 47 -0.25692 -1.01799e+02 |
47 variables; iteration 60; function evaluation 83; phase 2
Function value 1.9498349e+02; maximum gradient component mag -1.4348e+02
Var    Value     Gradient |Var    Value     Gradient |Var    Value     Gradient
  1  0.02276 -1.43479e+02 |  2 -0.06501 -7.83856e-02 |  3 -0.09846 -3.36570e-01
  4  0.01132  8.61124e-02 |  5 -0.02750  2.60378e+00 |  6  0.01068  1.91332e+00
  7 -0.04539  1.80306e+00 |  8 -0.09627  2.23927e+00 |  9 -0.06424  2.23808e+00
 10 -0.06609  1.51426e+00 | 11  0.02699  1.97239e+00 | 12  0.02436  2.27739e+00
 13  0.06697  5.88653e-01 | 14  0.02015 -3.01185e-01 | 15 -0.01991  6.02485e-01
 16  0.04351 -2.30266e-01 | 17  0.04119 -7.99751e-02 | 18 -0.01280 -1.21475e+00
 19  0.01837  1.68100e+00 | 20 -0.02501 -8.74838e-01 | 21  0.05162  7.46907e-02
 22  0.04697 -7.94779e-01 | 23 -0.04456 -3.00246e-01 | 24 -0.00973 -1.94703e-01
 25 -0.09597  1.53824e+00 | 26 -0.02019  1.37905e+00 | 27 -0.02160  1.56318e-01
 28 -0.00223 -1.32148e+00 | 29  0.04713 -4.87006e+00 | 30  0.00385 -5.06311e+00
 31  0.06195 -6.60236e+00 | 32 -0.00911 -1.43699e+00 | 33  0.05097 -3.50479e+00
 34  0.00532 -1.69379e+00 | 35  0.05645 -3.95662e+00 | 36  0.01944 -2.58066e+00
 37 -0.01733  6.50248e-01 | 38  0.02033  5.49472e+00 | 39 -0.03881  6.30339e+00
 40 -0.02078 -8.03798e+01 | 41  0.87946 -1.76111e+00 | 42  0.22398  4.22310e-01
 43  0.26804 -5.61562e-01 | 44  0.25178 -8.17617e+00 | 45 -0.25583  1.61789e+01
 46  0.03449 -3.98403e+00 | 47 -0.24887 -1.26952e+01 |
Maximum number of function evaluations exceeded

 - final statistics:
47 variables; iteration 72; function evaluation 100
Function value 1.9415e+02; maximum gradient component mag 4.4522e+03
Exit code = 3;  converg criter 1.0000e+01
Var    Value     Gradient |Var    Value     Gradient |Var    Value     Gradient
  1  0.02273 -5.33441e+02 |  2 -0.06558 -1.21661e-01 |  3 -0.09968 -5.70499e-01
  4  0.01146  1.45132e+00 |  5 -0.02695  1.02275e+01 |  6  0.01098  1.07869e+01
  7 -0.04538  7.57343e+00 |  8 -0.09612  8.17061e+00 |  9 -0.06396  8.66812e+00
 10 -0.06635  6.76382e+00 | 11  0.02684  7.23437e+00 | 12  0.02471  7.92726e+00
 13  0.06659  3.75188e+00 | 14  0.01933  1.66849e+00 | 15 -0.01945  4.25425e+00
 16  0.04553  8.25200e-01 | 17  0.04063  1.44168e+00 | 18 -0.01485 -7.11473e-02
 19  0.01832  5.71192e+00 | 20 -0.02602  5.45406e-01 | 21  0.05416  1.47586e+00
 22  0.04818 -9.07151e-01 | 23 -0.04634  1.38136e+00 | 24 -0.01010  2.03408e+00
 25 -0.09733  6.28345e+00 | 26 -0.01990  6.29864e+00 | 27 -0.02147  3.02765e+00
 28 -0.00175 -4.04166e+00 | 29  0.04687 -1.74097e+01 | 30  0.00297 -1.06061e+01
 31  0.06153 -1.25899e+01 | 32 -0.00939 -8.85712e-01 | 33  0.05179 -9.34570e+00
 34  0.00562 -4.62653e+00 | 35  0.05656 -1.48085e+01 | 36  0.01960 -1.47766e+01
 37 -0.01749 -1.10500e+01 | 38  0.01973 -1.95192e+01 | 39 -0.03759  1.44023e+01
 40  0.00695 -2.40540e+02 | 41  0.55414 -2.71676e+01 | 42  0.22397 -2.05197e+00
 43  0.26811 -9.39191e+00 | 44  0.25163 -3.08312e+01 | 45 -0.30761  4.45223e+03
 46 -0.12372 -1.47417e+03 | 47 -0.24895 -7.53409e+01 |

Initial statistics: 50 variables; iteration 0; function evaluation 0; phase 3
Function value 1.9414565e+02; maximum gradient component mag 4.4486e+03
Var    Value     Gradient |Var    Value     Gradient |Var    Value     Gradient
  1  0.02273 -5.33351e+02 |  2 -0.06558 -1.21994e-01 |  3 -0.09968 -5.71008e-01
  4  0.01146  1.44849e+00 |  5 -0.02695  1.02254e+01 |  6  0.01098  1.07831e+01
  7 -0.04538  7.57189e+00 |  8 -0.09612  8.16960e+00 |  9 -0.06396  8.66678e+00
 10 -0.06635  6.76319e+00 | 11  0.02684  7.23387e+00 | 12  0.02471  7.92644e+00
 13  0.06659  3.74988e+00 | 14  0.01933  1.66591e+00 | 15 -0.01945  4.25302e+00
 16  0.04553  8.22825e-01 | 17  0.04063  1.43838e+00 | 18 -0.01485 -7.39206e-02
 19  0.01832  5.70955e+00 | 20 -0.02602  5.43036e-01 | 21  0.05416  1.47319e+00
 22  0.04818 -9.09359e-01 | 23 -0.04634  1.37956e+00 | 24 -0.01010  2.03170e+00
 25 -0.09733  6.28168e+00 | 26 -0.01990  6.29648e+00 | 27 -0.02147  3.02649e+00
 28 -0.00175 -4.03854e+00 | 29  0.04687 -1.73981e+01 | 30  0.00297 -1.06031e+01
 31  0.06153 -1.25922e+01 | 32 -0.00939 -8.87356e-01 | 33  0.05179 -9.34492e+00
 34  0.00562 -4.62435e+00 | 35  0.05656 -1.48021e+01 | 36  0.01960 -1.47649e+01
 37 -0.01749 -1.10344e+01 | 38  0.01973 -1.94939e+01 | 39 -0.03759  1.44129e+01
 40  0.00695 -2.40571e+02 | 41  0.55414 -2.71722e+01 | 42  0.22397 -2.05063e+00
 43  0.26811 -9.39048e+00 | 44  0.25163 -3.08245e+01 | 45 -0.30761  4.44861e+03
 46 -0.12372 -1.47294e+03 | 47 -0.30909 -1.60663e+03 | 48 -0.43452  1.89811e-03
 49 -0.24895 -7.52902e+01 | 50 -0.36199  1.66674e+01 |

Intermediate statistics: 50 variables; iteration 20; function evaluation 28; phase 3
Function value 1.4218750e+02; maximum gradient component mag 4.7935e+03
Var    Value     Gradient |Var    Value     Gradient |Var    Value     Gradient
  1  0.01969  4.93157e+02 |  2 -0.06422  3.18020e-01 |  3 -0.09657  5.48001e-01
  4  0.01753  9.34623e+00 |  5 -0.01836  6.97090e+00 |  6  0.02784  3.79084e+01
  7 -0.04213 -8.96449e+00 |  8 -0.09557 -8.69430e+00 |  9 -0.06361 -6.65618e+00
 10 -0.06731 -7.43782e+00 | 11  0.02775 -9.93545e+00 | 12  0.02527 -1.55863e+01
 13  0.06983 -3.53647e+01 | 14  0.01696  3.82415e+00 | 15 -0.02053  7.42445e+00
 16  0.04636  3.41381e+01 | 17  0.04294  3.67572e+01 | 18 -0.02260  7.46024e+00
 19 -0.02394 -4.23968e+01 | 20 -0.01026  3.08822e+01 | 21  0.02176 -4.14166e+01
 22  0.03920  9.60307e+00 | 23 -0.03603  2.10964e+01 | 24 -0.02974 -3.92974e+00
 25 -0.10523  2.66463e+00 | 26  0.00054  4.04957e+01 | 27 -0.02521 -1.57334e+01
 28 -0.02425 -4.88323e+01 | 29  0.05466 -5.00789e+01 | 30  0.00522  2.08367e+01
 31  0.06114  6.48451e+01 | 32 -0.01770 -3.82752e+00 | 33  0.05462  7.62480e+01
 34  0.00841  4.72979e+01 | 35  0.05754  3.41464e+01 | 36  0.02236 -1.40767e+01
 37 -0.01242 -2.57695e+01 | 38  0.02337 -1.73263e+02 | 39  0.00861  3.13143e+01
 40  0.01777  6.67099e+02 | 41  0.54542  9.25245e+01 | 42  0.25634  7.22583e+01
 43  0.27263  8.25491e+01 | 44  0.25876  3.39403e+01 | 45 -0.30568  4.79354e+03
 46 -0.11822 -1.63914e+03 | 47 -0.25636 -2.48850e+02 | 48 -0.41666  1.92175e+02
 49 -0.21029 -1.35050e+02 | 50 -0.30826  4.11507e-01 |
50 variables; iteration 40; function evaluation 57; phase 3
Function value 1.3895895e+02; maximum gradient component mag 4.6351e+03
Var    Value     Gradient |Var    Value     Gradient |Var    Value     Gradient
  1  0.01908 -1.00628e+03 |  2 -0.06250  4.81079e-01 |  3 -0.09405  9.90827e-01
  4  0.01218 -7.77831e-01 |  5 -0.01943  2.45620e+01 |  6  0.02168  4.06764e+01
  7 -0.04248  1.62800e+01 |  8 -0.10087  8.52579e+00 |  9 -0.06629  1.23021e+01
 10 -0.07096  1.29913e+01 | 11  0.03307  1.94393e+01 | 12  0.02879  1.22284e+01
 13  0.07286  4.20481e+00 | 14  0.00895 -5.84310e+00 | 15 -0.03148  8.47848e+00
 16  0.04938  2.92053e+01 | 17  0.04345  3.48058e+01 | 18 -0.02168  2.52316e+01
 19 -0.01501  1.11553e+01 | 20 -0.01132  4.47693e+01 | 21  0.03112  7.29125e+00
 22  0.03577 -7.73233e+00 | 23 -0.03591  2.06217e+01 | 24 -0.03040 -4.44623e+00
 25 -0.10256  1.63984e+01 | 26 -0.00305  2.20888e+01 | 27 -0.02258 -3.14278e+00
 28 -0.01968 -3.55950e+01 | 29  0.05500 -1.32208e+02 | 30  0.00591 -7.89770e+00
 31  0.06068 -1.14898e+01 | 32 -0.01847 -1.79190e+01 | 33  0.05296 -1.11912e+01
 34  0.00893  3.31485e+01 | 35  0.05834 -1.21523e+01 | 36  0.02283 -5.87387e+01
 37 -0.01139 -2.85233e+01 | 38  0.02627 -1.00259e+02 | 39  0.00741  4.79570e+01
 40  0.03117  3.93867e+01 | 41  0.43988  1.09162e+01 | 42  0.25708  1.19638e+01
 43  0.27201 -1.24781e+01 | 44  0.25913 -4.78114e+00 | 45 -0.30563  4.63511e+03
 46 -0.11806 -1.58493e+03 | 47 -0.25534 -2.40729e+01 | 48 -0.42017  1.98932e+01
 49 -0.20656 -3.78464e+02 | 50 -0.30137  1.90972e+02 |
50 variables; iteration 60; function evaluation 86; phase 3
Function value 1.3166903e+02; maximum gradient component mag -1.8789e+03
Var    Value     Gradient |Var    Value     Gradient |Var    Value     Gradient
  1  0.01848  6.57411e+02 |  2 -0.05016  3.74309e+00 |  3 -0.09281  1.41644e+00
  4  0.01493  2.80181e+00 |  5 -0.02396 -5.66539e+00 |  6  0.01561  1.24749e+01
  7 -0.03825 -1.52416e+00 |  8 -0.09842 -1.47941e+01 |  9 -0.05938 -2.66828e+00
 10 -0.06878 -1.06824e+01 | 11  0.02615 -1.06234e+01 | 12  0.02890 -2.63932e+00
 13  0.07324  6.85928e+00 | 14  0.02432  1.10803e+01 | 15 -0.01079 -7.21814e+00
 16  0.04635 -3.02478e+01 | 17  0.04027 -2.73355e+01 | 18 -0.02612 -2.48427e+01
 19 -0.00869 -1.27296e+01 | 20 -0.02198 -3.66812e+01 | 21  0.03439 -2.03789e+01
 22  0.04272 -1.47809e+01 | 23 -0.04642 -2.11840e+01 | 24 -0.02301 -1.14176e+01
 25 -0.10949 -2.39311e+01 | 26 -0.00698 -5.36149e+01 | 27 -0.01938 -1.46894e+01
 28 -0.01896  3.49039e+01 | 29  0.05921  1.44853e+02 | 30  0.00397  1.39921e+01
 31  0.05950 -2.13359e+01 | 32 -0.01820  2.46729e+01 | 33  0.04775 -2.99783e+01
 34  0.00131 -3.44145e+01 | 35  0.05644 -7.30410e+00 | 36  0.02539  2.56684e+01
 37 -0.00988  4.63510e+01 | 38  0.03089  1.18500e+02 | 39 -0.00867 -9.29110e+00
 40  0.07698 -2.55811e+02 | 41  0.17913 -4.49684e+01 | 42  0.25775  4.02413e+01
 43  0.27402  2.71486e+01 | 44  0.27125 -2.96537e+00 | 45 -0.29582 -1.87893e+03
 46 -0.08892  6.34675e+02 | 47 -0.25875 -1.31704e+01 | 48 -0.42399  1.07717e+01
 49 -0.14634 -3.79865e+01 | 50 -0.24495  1.98437e+01 |
50 variables; iteration 80; function evaluation 110; phase 3
Function value 1.2734532e+02; maximum gradient component mag 6.7287e+02
Var    Value     Gradient |Var    Value     Gradient |Var    Value     Gradient
  1  0.01652  4.97973e+01 |  2 -0.06396 -1.35897e-01 |  3 -0.09473  2.39132e-01
  4  0.01475 -2.16529e-01 |  5 -0.01937 -6.78466e-01 |  6  0.01954 -9.68174e-01
  7 -0.04298 -9.18363e-02 |  8 -0.09660  1.06125e+00 |  9 -0.06389  1.10817e+00
 10 -0.07182 -4.44129e-01 | 11  0.02969 -8.22888e-01 | 12  0.03128 -1.97160e+00
 13  0.08132 -4.87402e+00 | 14  0.01043 -4.06927e+00 | 15 -0.01880 -5.19166e-01
 16  0.05783  4.51328e+00 | 17  0.04017  9.16646e+00 | 18 -0.02593  1.35776e+01
 19 -0.01100  3.15401e+00 | 20 -0.02031  1.57693e+00 | 21  0.03511 -1.72000e-01
 22  0.04090 -2.18949e+00 | 23 -0.04870 -1.43036e+00 | 24 -0.03033 -3.27329e+00
 25 -0.11029 -2.59482e+00 | 26 -0.00002 -1.15332e+01 | 27 -0.01542  6.17502e+00
 28 -0.02317  2.54699e+00 | 29  0.05829  1.04119e+01 | 30  0.00487  1.54227e+01
 31  0.05796  9.64685e+00 | 32 -0.02339 -1.68062e+00 | 33  0.04257  9.35560e-01
 34 -0.00070  5.14971e-01 | 35  0.05560 -2.17027e+00 | 36  0.02697 -9.40794e+00
 37 -0.00836 -1.77874e+01 | 38  0.03215 -1.09194e+01 | 39  0.00582 -1.03616e+00
 40  0.15490 -6.90857e+00 | 41 -0.19065  1.09343e+00 | 42  0.26088  7.43889e+00
 43  0.27677  2.75529e+00 | 44  0.28325  3.96657e-01 | 45 -0.29716  6.72873e+02
 46 -0.09483 -2.40560e+02 | 47 -0.26329 -5.89091e+00 | 48 -0.43084  4.91228e+00
 49 -0.11337  2.97667e+01 | 50 -0.23406 -2.49696e+01 |
50 variables; iteration 100; function evaluation 130; phase 3
Function value 1.2673385e+02; maximum gradient component mag -1.9098e+02
Var    Value     Gradient |Var    Value     Gradient |Var    Value     Gradient
  1  0.01663  8.81163e+01 |  2 -0.06345 -6.32202e-02 |  3 -0.09524 -4.76279e-02
  4  0.01543  3.93377e-02 |  5 -0.01947 -1.19318e+00 |  6  0.01912 -1.30183e+00
  7 -0.04317 -1.66617e+00 |  8 -0.09743 -1.55561e+00 |  9 -0.06430 -2.03718e+00
 10 -0.07257 -1.14957e+00 | 11  0.02912 -9.77285e-01 | 12  0.03096 -9.26888e-01
 13  0.08059 -1.01420e-01 | 14  0.01243 -3.65583e-01 | 15 -0.01295 -1.14319e+00
 16  0.06307 -1.60975e-01 | 17  0.03812 -3.62509e-01 | 18 -0.03003 -1.19414e+00
 19 -0.01113 -2.64768e+00 | 20 -0.02059 -2.28400e+00 | 21  0.03701 -1.59024e+00
 22  0.04140 -1.70447e+00 | 23 -0.05176 -1.35686e+00 | 24 -0.03153 -1.26651e+00
 25 -0.11152 -2.98062e-01 | 26 -0.00007  3.61817e+00 | 27 -0.01559  1.02053e+00
 28 -0.02196  7.29086e-01 | 29  0.05775  5.06386e+00 | 30  0.00375  4.35230e+00
 31  0.05751  6.25192e-01 | 32 -0.02295 -4.25867e-01 | 33  0.04463 -1.84185e+00
 34  0.00024 -8.39969e-01 | 35  0.05606  1.40153e+00 | 36  0.02747  2.89983e+00
 37 -0.00856  5.16517e+00 | 38  0.03160  3.72267e+00 | 39  0.00413  2.13381e-01
 40  0.21642  1.01754e+01 | 41 -0.55053  1.82847e+00 | 42  0.26071  1.86327e+00
 43  0.27670 -4.46021e-01 | 44  0.28121  8.89863e-01 | 45 -0.28961 -1.90977e+02
 46 -0.07322  6.75754e+01 | 47 -0.26731  1.51436e-01 | 48 -0.43562 -1.30891e-01
 49 -0.12038  1.72721e+00 | 50 -0.23707 -5.50322e+00 |
50 variables; iteration 120; function evaluation 153; phase 3
Function value 1.2670235e+02; maximum gradient component mag 2.1001e-01
Var    Value     Gradient |Var    Value     Gradient |Var    Value     Gradient
  1  0.01666 -4.87362e-03 |  2 -0.06329  1.97229e-04 |  3 -0.09524  5.51547e-04
  4  0.01519  5.69463e-04 |  5 -0.01959  1.30180e-03 |  6  0.01910  4.43966e-03
  7 -0.04315  1.79862e-03 |  8 -0.09748  2.49264e-03 |  9 -0.06431  4.28998e-03
 10 -0.07271  4.87794e-04 | 11  0.02891 -3.11795e-05 | 12  0.03089  6.07877e-04
 13  0.08064  3.04115e-03 | 14  0.01207 -8.70918e-03 | 15 -0.01194 -1.35435e-03
 16  0.06440 -4.56283e-03 | 17  0.03752 -3.87773e-03 | 18 -0.03046 -2.37043e-03
 19 -0.01098  6.10253e-03 | 20 -0.02077  4.05851e-03 | 21  0.03761  2.74914e-03
 22  0.04150 -1.13214e-03 | 23 -0.05257 -1.57420e-03 | 24 -0.03163 -1.05307e-04
 25 -0.11179 -8.56762e-04 | 26 -0.00005 -6.23626e-03 | 27 -0.01567  2.73878e-03
 28 -0.02173  1.59145e-03 | 29  0.05771  9.13578e-04 | 30  0.00365  2.52938e-04
 31  0.05745  1.46476e-03 | 32 -0.02315  1.04377e-03 | 33  0.04508  1.56967e-03
 34  0.00038  8.17787e-04 | 35  0.05612  1.03693e-03 | 36  0.02761 -3.42338e-03
 37 -0.00862 -7.81444e-03 | 38  0.03145  1.55231e-03 | 39  0.00386  3.52675e-04
 40  0.23349  1.38147e-02 | 41 -0.69573  1.34170e-03 | 42  0.26064  1.40606e-03
 43  0.27671  3.36822e-03 | 44  0.28114 -5.01925e-03 | 45 -0.29148  2.10014e-01
 46 -0.07858 -7.54169e-02 | 47 -0.26681 -1.65614e-03 | 48 -0.43498 -3.64082e-03
 49 -0.12025  3.02506e-03 | 50 -0.23670  8.04467e-03 |
50 variables; iteration 140; function evaluation 173; phase 3
Function value 1.2670234e+02; maximum gradient component mag -9.3404e-01
Var    Value     Gradient |Var    Value     Gradient |Var    Value     Gradient
  1  0.01666 -3.11643e-01 |  2 -0.06329 -4.13816e-04 |  3 -0.09524 -1.38000e-03
  4  0.01518 -5.49471e-03 |  5 -0.01959  6.55240e-04 |  6  0.01910  1.83347e-04
  7 -0.04316 -4.16442e-03 |  8 -0.09748 -6.52632e-03 |  9 -0.06431 -1.65233e-02
 10 -0.07272  1.30993e-03 | 11  0.02891 -6.38044e-03 | 12  0.03089 -1.70138e-02
 13  0.08064 -6.12338e-02 | 14  0.01206 -5.51476e-02 | 15 -0.01193 -4.96241e-03
 16  0.06441 -4.18439e-02 | 17  0.03752 -2.92587e-02 | 18 -0.03046  9.95928e-03
 19 -0.01097  1.41479e-02 | 20 -0.02077 -4.54593e-03 | 21  0.03762  1.61553e-02
 22  0.04150  2.66148e-02 | 23 -0.05257  3.30228e-02 | 24 -0.03162  4.31680e-02
 25 -0.11179  2.71286e-02 | 26 -0.00005  1.08008e-01 | 27 -0.01567  1.09238e-01
 28 -0.02173 -4.93114e-02 | 29  0.05771 -5.05054e-02 | 30  0.00365 -3.49192e-02
 31  0.05745  1.92846e-02 | 32 -0.02315 -2.21994e-02 | 33  0.04509  7.20206e-02
 34  0.00039  3.19252e-02 | 35  0.05612  2.39849e-02 | 36  0.02761  3.61051e-02
 37 -0.00862  3.46388e-02 | 38  0.03145 -1.47359e-01 | 39  0.00384 -5.03842e-02
 40  0.23371 -7.88033e-01 | 41 -0.69792 -8.06949e-02 | 42  0.26064  5.38730e-02
 43  0.27671  9.10482e-02 | 44  0.28113  3.07938e-02 | 45 -0.29135 -9.34039e-01
 46 -0.07823  3.30288e-01 | 47 -0.26453 -4.47963e-02 | 48 -0.43223  3.10902e-02
 49 -0.12026 -3.18109e-03 | 50 -0.23670 -8.10866e-03 |
50 variables; iteration 160; function evaluation 203; phase 3
Function value 1.2667014e+02; maximum gradient component mag 5.7258e+00
Var    Value     Gradient |Var    Value     Gradient |Var    Value     Gradient
  1  0.01663  5.72577e+00 |  2 -0.06327  1.82487e-03 |  3 -0.09520  3.37907e-03
  4  0.01523  9.01796e-03 |  5 -0.01954 -7.69227e-02 |  6  0.01917 -7.39982e-02
  7 -0.04310 -6.38332e-02 |  8 -0.09742 -5.83024e-02 |  9 -0.06424 -3.83338e-02
 10 -0.07267 -7.41326e-02 | 11  0.02896 -4.75870e-02 | 12  0.03095 -1.94052e-03
 13  0.08071  1.77089e-01 | 14  0.01210  9.54685e-02 | 15 -0.01193 -3.39684e-02
 16  0.06443  1.15694e-01 | 17  0.03758  8.01004e-02 | 18 -0.03040 -4.18079e-02
 19 -0.01084 -1.37720e-01 | 20 -0.02075 -4.89250e-02 | 21  0.03733 -5.81607e-02
 22  0.04138 -6.95502e-02 | 23 -0.05303 -7.14022e-02 | 24 -0.03222 -8.37142e-02
 25 -0.11209 -4.79421e-02 | 26  0.00021 -1.62731e-01 | 27 -0.01572 -2.77295e-01
 28 -0.02156  9.19438e-02 | 29  0.05777  3.12450e-01 | 30  0.00373  1.13770e-01
 31  0.05745  1.83434e-02 | 32 -0.02314  8.04583e-02 | 33  0.04516 -5.87374e-02
 34  0.00032 -2.28422e-02 | 35  0.05614  2.66919e-02 | 36  0.02767  2.63824e-02
 37 -0.00858  2.29128e-02 | 38  0.03155  2.82162e-01 | 39  0.00398  1.09587e-01
 40  0.23354  5.70491e+00 | 41 -0.69561  5.70989e-01 | 42  0.26421  1.27619e+00
 43  0.27674 -2.25665e-01 | 44  0.28117 -8.88458e-02 | 45 -0.28654  5.30341e-01
 46 -0.06466 -1.88723e-01 | 47 -0.19168 -2.73871e+00 | 48 -0.35164  2.54997e+00
 49 -0.12016  5.04127e-02 | 50 -0.23667 -3.34861e-02 |
50 variables; iteration 180; function evaluation 223; phase 3
Function value 1.2666950e+02; maximum gradient component mag -4.1111e-02
Var    Value     Gradient |Var    Value     Gradient |Var    Value     Gradient
  1  0.01663  5.73828e-04 |  2 -0.06328 -6.72412e-06 |  3 -0.09521 -2.43859e-06
  4  0.01523  2.48356e-05 |  5 -0.01953  4.38161e-05 |  6  0.01918  1.26347e-04
  7 -0.04310 -1.14001e-04 |  8 -0.09743 -1.21886e-04 |  9 -0.06424 -2.98326e-04
 10 -0.07268 -1.18054e-05 | 11  0.02896 -3.07315e-05 | 12  0.03095 -7.07672e-05
 13  0.08072 -1.87591e-04 | 14  0.01207 -2.24454e-05 | 15 -0.01190  3.16286e-05
 16  0.06447  1.34906e-04 | 17  0.03757  4.54968e-05 | 18 -0.03040 -1.16523e-04
 19 -0.01083 -1.76763e-04 | 20 -0.02074  1.64574e-04 | 21  0.03731 -9.77946e-05
 22  0.04137 -1.82066e-05 | 23 -0.05307  5.14801e-05 | 24 -0.03228 -4.34830e-05
 25 -0.11211  7.50190e-06 | 26  0.00023  1.21757e-04 | 27 -0.01572  5.02082e-05
 28 -0.02156 -9.43431e-05 | 29  0.05778 -1.28093e-04 | 30  0.00373 -1.85486e-04
 31  0.05745 -1.45687e-04 | 32 -0.02315 -7.31352e-05 | 33  0.04519 -5.63269e-05
 34  0.00033  7.02775e-05 | 35  0.05615  5.38764e-05 | 36  0.02768  2.45756e-04
 37 -0.00857  4.43934e-04 | 38  0.03155  3.43695e-04 | 39  0.00397  1.15873e-04
 40  0.23415  6.80242e-03 | 41 -0.70202  6.95001e-04 | 42  0.26456 -5.12670e-03
 43  0.27675  1.59267e-04 | 44  0.28117 -9.69354e-05 | 45 -0.28655 -4.11106e-02
 46 -0.06470  1.37071e-02 | 47 -0.18948  2.38896e-03 | 48 -0.34989 -1.71995e-03
 49 -0.12017 -1.48956e-04 | 50 -0.23667  1.24955e-04 |
50 variables; iteration 200; function evaluation 243; phase 3
Function value 1.2666949e+02; maximum gradient component mag 7.8513e-01
Var    Value     Gradient |Var    Value     Gradient |Var    Value     Gradient
  1  0.01663 -2.49072e-01 |  2 -0.06328  9.68138e-05 |  3 -0.09521 -4.08031e-05
  4  0.01523  5.65400e-05 |  5 -0.01953  2.76688e-03 |  6  0.01918  1.32906e-03
  7 -0.04310  5.83417e-03 |  8 -0.09743  6.10373e-03 |  9 -0.06424  1.04388e-02
 10 -0.07268  3.54510e-03 | 11  0.02896  3.15593e-03 | 12  0.03095  2.45625e-03
 13  0.08072 -1.31416e-03 | 14  0.01207  4.14026e-03 | 15 -0.01190  3.30051e-03
 16  0.06447  1.56411e-03 | 17  0.03757  3.35622e-03 | 18 -0.03040  4.75355e-03
 19 -0.01083  6.22443e-03 | 20 -0.02075  3.19989e-04 | 21  0.03731  5.66868e-03
 22  0.04137  3.46536e-03 | 23 -0.05307  1.66949e-03 | 24 -0.03228  2.69738e-03
 25 -0.11212  1.58080e-03 | 26  0.00023 -1.07213e-02 | 27 -0.01572  1.38043e-03
 28 -0.02156  4.08256e-04 | 29  0.05778 -1.92572e-02 | 30  0.00373 -1.90817e-02
 31  0.05745 -5.46464e-03 | 32 -0.02315  5.00012e-03 | 33  0.04519  1.59158e-03
 34  0.00033  1.79739e-04 | 35  0.05615 -2.41399e-03 | 36  0.02768 -8.74679e-03
 37 -0.00857 -1.43586e-02 | 38  0.03155 -4.11306e-03 | 39  0.00397  1.91828e-03
 40  0.23414 -1.38516e-01 | 41 -0.70193 -1.31631e-02 | 42  0.26456  1.12363e-01
 43  0.27675 -6.62765e-03 | 44  0.28117  6.58439e-03 | 45 -0.28052  7.85135e-01
 46 -0.04766 -2.78031e-01 | 47 -0.18947 -5.51899e-02 | 48 -0.34987  4.39721e-02
 49 -0.12017 -9.34837e-03 | 50 -0.23667  8.21749e-03 |

 - final statistics:
50 variables; iteration 211; function evaluation 256
Function value 1.2667e+02; maximum gradient component mag 2.0594e-05
Exit code = 1;  converg criter 1.0000e-04
Var    Value     Gradient |Var    Value     Gradient |Var    Value     Gradient
  1  0.01663 -2.82098e-06 |  2 -0.06328 -4.70277e-08 |  3 -0.09521 -6.78487e-08
  4  0.01523  3.13586e-07 |  5 -0.01953  3.87528e-07 |  6  0.01918  5.53662e-07
  7 -0.04310 -6.91582e-07 |  8 -0.09743 -9.25033e-07 |  9 -0.06424 -2.47908e-06
 10 -0.07268 -8.45614e-08 | 11  0.02896 -5.62034e-07 | 12  0.03095 -1.50468e-06
 13  0.08072 -4.86082e-06 | 14  0.01207 -2.04757e-06 | 15 -0.01190  1.30768e-07
 16  0.06448  4.29683e-07 | 17  0.03757  6.25393e-07 | 18 -0.03040  5.93159e-07
 19 -0.01083  1.10696e-06 | 20 -0.02074  1.91656e-06 | 21  0.03731  1.60627e-06
 22  0.04137  4.13893e-07 | 23 -0.05307 -3.56613e-07 | 24 -0.03228 -6.20386e-08
 25 -0.11211  2.76149e-07 | 26  0.00023  1.04083e-06 | 27 -0.01572  3.28287e-06
 28 -0.02156  1.13447e-07 | 29  0.05778 -4.43404e-06 | 30  0.00373 -1.94773e-06
 31  0.05745 -1.14851e-06 | 32 -0.02315 -1.64712e-07 | 33  0.04519 -7.08005e-07
 34  0.00033  2.32902e-07 | 35  0.05615  8.22471e-07 | 36  0.02768  1.38491e-06
 37 -0.00857  3.23837e-06 | 38  0.03155  3.28004e-06 | 39  0.00397  1.27424e-06
 40  0.23415 -9.29993e-06 | 41 -0.70204 -8.66346e-07 | 42  0.26456  9.64498e-06
 43  0.27675 -7.77194e-06 | 44  0.28117  1.41954e-05 | 45 -0.27865  2.05944e-05
 46 -0.04235 -7.27688e-06 | 47 -0.18948 -3.90524e-06 | 48 -0.34989  2.88798e-06
 49 -0.12017 -6.23204e-06 | 50 -0.23667  3.55269e-06 |
Estimating row 1 out of 50 for hessian
Estimating row 2 out of 50 for hessian
Estimating row 3 out of 50 for hessian
Estimating row 4 out of 50 for hessian
Estimating row 5 out of 50 for hessian
Estimating row 6 out of 50 for hessian
Estimating row 7 out of 50 for hessian
Estimating row 8 out of 50 for hessian
Estimating row 9 out of 50 for hessian
Estimating row 10 out of 50 for hessian
Estimating row 11 out of 50 for hessian
Estimating row 12 out of 50 for hessian
Estimating row 13 out of 50 for hessian
Estimating row 14 out of 50 for hessian
Estimating row 15 out of 50 for hessian
Estimating row 16 out of 50 for hessian
Estimating row 17 out of 50 for hessian
Estimating row 18 out of 50 for hessian
Estimating row 19 out of 50 for hessian
Estimating row 20 out of 50 for hessian
Estimating row 21 out of 50 for hessian
Estimating row 22 out of 50 for hessian
Estimating row 23 out of 50 for hessian
Estimating row 24 out of 50 for hessian
Estimating row 25 out of 50 for hessian
Estimating row 26 out of 50 for hessian
Estimating row 27 out of 50 for hessian
Estimating row 28 out of 50 for hessian
Estimating row 29 out of 50 for hessian
Estimating row 30 out of 50 for hessian
Estimating row 31 out of 50 for hessian
Estimating row 32 out of 50 for hessian
Estimating row 33 out of 50 for hessian
Estimating row 34 out of 50 for hessian
Estimating row 35 out of 50 for hessian
Estimating row 36 out of 50 for hessian
Estimating row 37 out of 50 for hessian
Estimating row 38 out of 50 for hessian
Estimating row 39 out of 50 for hessian
Estimating row 40 out of 50 for hessian
Estimating row 41 out of 50 for hessian
Estimating row 42 out of 50 for hessian
Estimating row 43 out of 50 for hessian
Estimating row 44 out of 50 for hessian
Estimating row 45 out of 50 for hessian
Estimating row 46 out of 50 for hessian
Estimating row 47 out of 50 for hessian
Estimating row 48 out of 50 for hessian
Estimating row 49 out of 50 for hessian
Estimating row 50 out of 50 for hessian
size of file gradfil1.tmp = 0
size of file gradfil2.tmp = 0
size of file varssave.tmp = 0
size of file cmpdiff.tmp = 0
