
Initial statistics: 2 variables; iteration 0; function evaluation 0; phase 1
Function value 4.1609086e+03; maximum gradient component mag 2.3662e+04
Var    Value     Gradient |Var    Value     Gradient |Var    Value     Gradient
  1  0.33333  2.36625e+04 |  2  0.21635  7.03106e+03 |

 - final statistics:
2 variables; iteration 9; function evaluation 15
Function value 4.3907e+02; maximum gradient component mag 1.5897e+00
Exit code = 1;  converg criter 1.0000e+01
Var    Value     Gradient |Var    Value     Gradient |Var    Value     Gradient
  1  0.06951  1.58975e+00 |  2  0.19847 -2.65068e-02 |

Initial statistics: 40 variables; iteration 0; function evaluation 0; phase 2
Function value 4.3906669e+02; maximum gradient component mag 2.4660e+03
Var    Value     Gradient |Var    Value     Gradient |Var    Value     Gradient
  1  0.06951  1.58975e+00 |  2  0.00000  1.18019e+01 |  3  0.00000  2.66617e+01
  4  0.00000 -6.85579e+01 |  5  0.00000  2.59655e+01 |  6  0.00000 -4.64435e+01
  7  0.00000 -1.81748e+01 |  8  0.00000  3.38946e+01 |  9  0.00000  4.27368e+00
 10  0.00000  1.09089e+01 | 11  0.00000 -4.54586e+01 | 12  0.00000  1.96684e+00
 13  0.00000 -3.64710e+01 | 14  0.00000 -1.28231e+01 | 15  0.00000 -7.95361e-01
 16  0.00000 -5.57004e+01 | 17  0.00000 -4.44034e+00 | 18  0.00000  6.46536e+01
 19  0.00000  4.89926e+00 | 20  0.00000  2.64171e+01 | 21  0.00000 -1.08059e+02
 22  0.00000 -1.08390e+02 | 23  0.00000  7.62564e+01 | 24  0.00000  2.01158e+01
 25  0.00000  2.10171e+02 | 26  0.00000  7.35673e+01 | 27  0.00000  1.95098e+01
 28  0.00000  2.09703e+01 | 29  0.00000 -2.87445e+02 | 30  0.00000  3.13241e+02
 31  0.00000 -6.79836e+02 | 32  0.00000  4.00340e+02 | 33  0.00000 -4.98034e+02
 34  0.00000  5.94920e+02 | 35  0.21635 -5.13710e+01 | 36  0.21635  2.46602e+03
 37  0.19847 -2.65068e-02 | 38 -0.30909 -2.06569e+03 | 39  0.12819  9.98066e+00
 40 -0.30909 -1.98953e+03 |

Intermediate statistics: 40 variables; iteration 20; function evaluation 30; phase 2
Function value 2.0681478e+02; maximum gradient component mag -1.8443e+03
Var    Value     Gradient |Var    Value     Gradient |Var    Value     Gradient
  1  0.04517  1.35779e+01 |  2 -0.07485  1.74097e+00 |  3 -0.08457  1.50428e+01
  4 -0.02322  4.14969e-01 |  5 -0.05676 -7.87717e+00 |  6 -0.03448 -3.66782e+01
  7 -0.07653 -2.83818e+01 |  8 -0.10709 -6.09832e+00 |  9 -0.08811 -2.41915e+01
 10 -0.08416 -2.72482e+01 | 11 -0.00443 -3.29991e+01 | 12  0.00644 -6.25320e+00
 13  0.03083 -2.46395e+01 | 14  0.01240 -5.58039e+00 | 15  0.00689 -4.29279e+00
 16  0.04352 -2.18737e+01 | 17  0.01661 -1.04499e+01 | 18 -0.01006 -1.22166e+00
 19  0.03440 -5.86275e+01 | 20  0.01228 -2.17037e+01 | 21  0.08257 -7.37239e+01
 22  0.07559 -5.40698e+01 | 23  0.00533 -1.04936e+01 | 24  0.01201 -1.93495e+01
 25 -0.04935  1.09492e+01 | 26  0.00669 -2.55221e+01 | 27 -0.00253  7.08062e+00
 28  0.02460  5.19381e+01 | 29  0.04094 -6.38410e+01 | 30  0.01369  1.23150e+02
 31  0.08123 -5.12030e+01 | 32  0.00088 -6.21352e+01 | 33  0.02107 -2.58662e+02
 34 -0.03078  1.01270e+02 | 35  0.22700  7.63809e+02 | 36  0.19159 -1.84431e+03
 37  0.22209  3.54021e+02 | 38 -0.22714  6.58035e+02 | 39  0.12917 -1.84013e+02
 40 -0.27391 -3.21408e+02 |
40 variables; iteration 40; function evaluation 63; phase 2
Function value 1.7898167e+02; maximum gradient component mag 7.9119e+01
Var    Value     Gradient |Var    Value     Gradient |Var    Value     Gradient
  1  0.04460  2.06184e+01 |  2 -0.07902 -1.19224e+00 |  3 -0.11274 -1.52455e-01
  4 -0.01300 -8.65619e-01 |  5 -0.05803 -2.41384e+00 |  6 -0.01985 -8.24804e+00
  7 -0.05601  1.48013e+00 |  8 -0.09990 -2.65991e+00 |  9 -0.06278  3.92606e+00
 10 -0.05524 -1.55008e+00 | 11  0.02010  5.09034e-02 | 12  0.00800  1.38130e+00
 13  0.03941 -1.44902e+00 | 14  0.00841 -1.52669e+00 | 15 -0.00518 -4.78501e+00
 16  0.05804  9.61059e+00 | 17  0.01636 -2.05563e+00 | 18 -0.02071  5.38873e+00
 19  0.03664  2.93660e-02 | 20  0.01517  1.94165e+00 | 21  0.09526  3.28210e+00
 22  0.08859 -4.09205e+00 | 23 -0.01254  5.23823e-01 | 24  0.00181 -3.73815e+00
 25 -0.08748 -2.30139e+00 | 26  0.00101  2.38226e+00 | 27 -0.02438 -1.44062e+00
 28  0.00052  2.50831e+00 | 29  0.05057  1.47108e+01 | 30 -0.00260 -5.47943e+00
 31  0.08172  1.30521e+01 | 32 -0.00234 -8.44739e+00 | 33  0.04615  1.12255e+01
 34 -0.06050 -1.23039e+01 | 35  0.22385 -2.69271e+01 | 36  0.20593 -1.63964e+01
 37  0.21537  1.04588e+00 | 38 -0.24103  7.73898e+01 | 39  0.10756 -3.83070e+00
 40 -0.27622  7.91195e+01 |

 - final statistics:
40 variables; iteration 51; function evaluation 81
Function value 1.7810e+02; maximum gradient component mag 6.9410e+00
Exit code = 1;  converg criter 1.0000e+01
Var    Value     Gradient |Var    Value     Gradient |Var    Value     Gradient
  1  0.04625  6.94100e+00 |  2 -0.07321  3.73728e-02 |  3 -0.11051  3.92159e-02
  4 -0.01064  2.65491e-01 |  5 -0.05505  1.96900e-01 |  6 -0.01393  3.73022e-01
  7 -0.05093 -1.47193e-01 |  8 -0.09230 -7.55880e-02 |  9 -0.06108 -1.94403e-01
 10 -0.05005  3.89948e-03 | 11  0.02158 -6.59003e-02 | 12  0.00678 -1.76462e-01
 13  0.03925 -5.40630e-02 | 14  0.00936  1.18483e-03 | 15 -0.00039 -3.49871e-02
 16  0.05169 -7.12392e-02 | 17  0.01619  1.61369e-02 | 18 -0.02592  1.85904e-02
 19  0.03489  1.03978e-01 | 20  0.01195 -2.47394e-01 | 21  0.09228  1.07194e-02
 22  0.08878  6.01462e-02 | 23 -0.01474  1.09740e-01 | 24  0.00241 -1.57148e-01
 25 -0.08712 -4.68176e-02 | 26 -0.00194  2.66652e-01 | 27 -0.02453 -4.90438e-02
 28 -0.00175  2.53696e-01 | 29  0.04783  6.20082e-01 | 30 -0.00406  5.74140e-02
 31  0.07946  6.61524e-02 | 32 -0.00354 -2.01283e-02 | 33  0.04489  1.57738e-01
 34 -0.05994 -3.49257e-01 | 35  0.22348 -2.78676e-01 | 36  0.20562  1.90988e+00
 37  0.21459  1.15190e-01 | 38 -0.27526  5.01311e+00 | 39 -0.00931 -1.28809e+00
 40 -0.27707  2.52439e+00 |

Initial statistics: 44 variables; iteration 0; function evaluation 0; phase 3
Function value 1.7809833e+02; maximum gradient component mag -1.2353e+03
Var    Value     Gradient |Var    Value     Gradient |Var    Value     Gradient
  1  0.04625  6.94100e+00 |  2 -0.07321  3.73728e-02 |  3 -0.11051  3.92159e-02
  4 -0.01064  2.65491e-01 |  5 -0.05505  1.76104e-01 |  6 -0.01393  3.52154e-01
  7 -0.05093 -1.68000e-01 |  8 -0.09230 -9.62428e-02 |  9 -0.06108 -2.15180e-01
 10 -0.05005 -1.69098e-02 | 11  0.02158 -8.67620e-02 | 12  0.00678 -1.97334e-01
 13  0.03925 -7.48971e-02 | 14  0.00935 -1.96866e-02 | 15 -0.00039 -5.58608e-02
 16  0.05169 -9.20441e-02 | 17  0.01619 -4.73012e-03 | 18 -0.02592 -2.26605e-03
 19  0.03489  8.31357e-02 | 20  0.01195 -2.68264e-01 | 21  0.09228 -9.93545e-03
 22  0.08878  3.94751e-02 | 23 -0.01474  8.88723e-02 | 24  0.00241 -1.78022e-01
 25 -0.08712 -6.74962e-02 | 26 -0.00195  2.45779e-01 | 27 -0.02453 -6.99020e-02
 28 -0.00175  2.32822e-01 | 29  0.04783  5.99267e-01 | 30 -0.00406  3.65407e-02
 31  0.07946  4.54410e-02 | 32 -0.00354 -4.10017e-02 | 33  0.04488  1.36916e-01
 34 -0.05994 -3.70038e-01 | 35  0.22348 -2.78676e-01 | 36  0.20562  1.90988e+00
 37  0.21635 -1.10213e+03 | 38  0.21459  1.15190e-01 | 39 -0.27526  5.01311e+00
 40 -0.00931 -1.28809e+00 | 41 -0.30909 -1.23527e+03 | 42 -0.43452  9.37384e-04
 43 -0.27707  2.52439e+00 | 44 -0.36199  2.32220e+00 |

Intermediate statistics: 44 variables; iteration 20; function evaluation 27; phase 3
Function value 1.1846943e+02; maximum gradient component mag -1.9699e+03
Var    Value     Gradient |Var    Value     Gradient |Var    Value     Gradient
  1  0.02672 -1.96992e+03 |  2 -0.07322 -7.12735e+00 |  3 -0.11037 -1.27239e+01
  4 -0.00920 -6.81260e+01 |  5 -0.04085 -7.52600e+01 |  6 -0.00902 -2.32523e+02
  7 -0.02919  2.84489e+01 |  8 -0.06227  3.18914e+01 |  9 -0.02564  2.81933e+01
 10 -0.00740  3.48072e+01 | 11  0.05437  2.59933e+01 | 12  0.03015  2.23192e+01
 13  0.04967  1.22026e+01 | 14  0.01038  2.34603e+01 | 15  0.00566  3.60220e+01
 16  0.05051  1.05967e+01 | 17  0.01333  7.22926e-01 | 18 -0.03845  2.68608e+01
 19 -0.00654  2.88031e+01 | 20 -0.01240  3.07820e+01 | 21  0.05047  4.76517e+01
 22  0.05440  4.07333e+01 | 23 -0.02722  3.39578e+01 | 24 -0.02041  4.52593e+01
 25 -0.09858  3.03259e+01 | 26 -0.00399 -2.75510e+01 | 27 -0.02617  1.06681e+01
 28 -0.02318 -4.94351e+01 | 29  0.05499 -2.20805e+02 | 30 -0.00341 -7.04472e+01
 31  0.06909  1.25177e+01 | 32 -0.01699  2.90144e+00 | 33  0.04791  6.73236e+01
 34 -0.04017  6.23496e+00 | 35  0.24363  4.85518e+02 | 36  0.24713 -4.02258e+02
 37  0.24731 -6.03177e+02 | 38  0.23150 -2.28830e+02 | 39 -0.26580  9.81125e+01
 40  0.00617 -3.06279e+01 | 41 -0.24839  6.18413e+02 | 42 -0.43454 -7.27948e+02
 43 -0.26410 -5.45576e+01 | 44 -0.36656  2.07664e+01 |
44 variables; iteration 40; function evaluation 54; phase 3
Function value 1.0506326e+02; maximum gradient component mag -1.5407e+02
Var    Value     Gradient |Var    Value     Gradient |Var    Value     Gradient
  1  0.02596 -3.09909e+01 |  2 -0.10018 -8.59162e+00 |  3 -0.10617 -2.57891e+00
  4 -0.00613 -1.92762e+01 |  5 -0.03182 -7.26020e+00 |  6 -0.00015 -1.70973e+01
  7 -0.01575  1.16974e+01 |  8 -0.05797 -4.86355e+00 |  9 -0.00610  2.19523e+01
 10 -0.01582 -1.29348e+01 | 11  0.05601 -2.63495e+00 | 12  0.03342 -6.28316e+00
 13  0.05187 -2.02940e+01 | 14  0.01206 -1.23116e+01 | 15  0.01176  1.23516e+01
 16  0.05639 -5.17810e+00 | 17  0.02276 -1.46688e+00 | 18 -0.03956  1.35075e+00
 19 -0.01215  4.35204e+00 | 20 -0.01973  1.24048e+01 | 21  0.04394 -9.52753e-01
 22  0.05043  1.12455e+01 | 23 -0.03766  5.90915e+00 | 24 -0.02948 -2.40137e+00
 25 -0.10976 -4.14535e+00 | 26 -0.00417  7.50536e+00 | 27 -0.02672  4.60194e-01
 28 -0.01574  4.45436e-01 | 29  0.05786  1.94727e+01 | 30 -0.00028  2.69234e+00
 31  0.06366 -5.73645e+00 | 32 -0.02099  2.25117e-01 | 33  0.03382  1.07267e+01
 34 -0.04981  4.68638e+00 | 35  0.24144 -1.54067e+02 | 36  0.25008  1.96342e+01
 37  0.26080  4.46117e+01 | 38  0.23792 -2.13497e+01 | 39 -0.25586 -1.47701e+02
 40  0.03719  4.98025e+01 | 41 -0.25920  6.94368e-02 | 42 -0.42860 -4.66299e-02
 43 -0.27778  3.09142e+01 | 44 -0.40451 -1.27535e+01 |
44 variables; iteration 60; function evaluation 85; phase 3
Function value 1.0231685e+02; maximum gradient component mag 5.4515e+02
Var    Value     Gradient |Var    Value     Gradient |Var    Value     Gradient
  1  0.02631 -7.21066e+01 |  2 -0.07129 -1.47858e+00 |  3 -0.09890 -5.34844e-02
  4  0.00879 -4.42357e-01 |  5 -0.02248 -2.12284e+00 |  6  0.01813 -9.23461e+00
  7 -0.01033  3.64756e+00 |  8 -0.04849 -1.33193e-01 |  9 -0.01194  4.57071e+00
 10 -0.00302 -2.18296e+00 | 11  0.06458  2.75863e+00 | 12  0.04315  6.34890e+00
 13  0.06201  9.89005e+00 | 14  0.01017  2.00330e-01 | 15  0.00359  3.63725e+00
 16  0.05472 -1.02145e+00 | 17  0.02100  4.64353e-01 | 18 -0.04244  1.23349e+00
 19 -0.01382  6.98080e+00 | 20 -0.02438  6.30665e+00 | 21  0.04122  3.66954e+00
 22  0.04370  2.01890e+00 | 23 -0.04500 -8.60995e-01 | 24 -0.03223  9.81134e-01
 25 -0.11000  1.74260e+00 | 26 -0.00676  4.16691e+00 | 27 -0.02818  1.47898e+00
 28 -0.02003 -5.66342e+00 | 29  0.05569 -2.54742e+01 | 30 -0.00339 -6.17736e+00
 31  0.06062 -1.20786e+01 | 32 -0.02665  8.70046e+00 | 33  0.02876 -7.62533e+00
 34 -0.05827  1.00992e+01 | 35  0.24302 -1.63204e+01 | 36  0.25140  1.56684e+01
 37  0.26169 -5.31302e+00 | 38  0.24349  9.96441e+00 | 39 -0.30256  5.45149e+02
 40 -0.10815 -1.77632e+02 | 41 -0.25912 -6.28624e+00 | 42 -0.42867  5.52874e+00
 43 -0.22375 -1.10569e+02 | 44 -0.28941  4.86781e+01 |
44 variables; iteration 80; function evaluation 174; phase 3
Function value 1.0046303e+02; maximum gradient component mag -5.3393e+03
Var    Value     Gradient |Var    Value     Gradient |Var    Value     Gradient
  1  0.02583 -3.14727e+02 |  2 -0.06209  5.16143e-01 |  3 -0.09781 -3.54835e-01
  4  0.01034 -2.71135e+00 |  5 -0.01637  1.19461e-01 |  6  0.03125  3.53385e+00
  7  0.00251  1.80344e+00 |  8 -0.03140  3.33622e+00 |  9 -0.00023  1.20691e+00
 10  0.01494  5.23798e+00 | 11  0.07022  2.26871e+00 | 12  0.04011 -3.38579e-02
 13  0.05682  1.78657e+00 | 14  0.00993  3.66491e+00 | 15 -0.00066  1.48836e+00
 16  0.05517  5.79932e+00 | 17  0.02089  3.97763e+00 | 18 -0.04293  3.69860e+00
 19 -0.01909 -1.10844e-01 | 20 -0.02927  9.51765e-01 | 21  0.03547  3.27066e+00
 22  0.03818  3.52248e+00 | 23 -0.04786  4.94107e+00 | 24 -0.03643  3.38097e+00
 25 -0.11370  1.94204e+00 | 26 -0.01030  2.54471e-01 | 27 -0.03177 -1.08976e+00
 28 -0.02985 -5.56289e+00 | 29  0.04980 -3.59539e+01 | 30 -0.00852 -4.78730e+00
 31  0.05355 -1.30203e+01 | 32 -0.03361  9.92447e+00 | 33  0.02381 -1.89362e+01
 34 -0.05109  7.72442e+00 | 35  0.24525  2.11941e+00 | 36  0.25477 -1.62472e+01
 37  0.26578  9.14003e+00 | 38  0.26040 -9.43755e+00 | 39 -0.30825 -5.33931e+03
 40 -0.12560  1.73096e+03 | 41 -0.25585  1.79757e+01 | 42 -0.42648 -1.61589e+01
 43 -0.14800 -2.92087e+01 | 44 -0.21961  2.96350e+01 |
44 variables; iteration 100; function evaluation 199; phase 3
Function value 1.0028248e+02; maximum gradient component mag -1.6807e+03
Var    Value     Gradient |Var    Value     Gradient |Var    Value     Gradient
  1  0.02608  3.66423e+00 |  2 -0.06475 -2.04703e-03 |  3 -0.09766 -1.29738e-02
  4  0.01098 -9.31506e-02 |  5 -0.01460 -7.06287e-02 |  6  0.03165  4.37209e-02
  7  0.00506 -2.53317e-02 |  8 -0.02927 -7.31303e-03 |  9  0.00286 -2.64925e-02
 10  0.01549  2.05974e-02 | 11  0.07198 -2.45392e-02 | 12  0.04268 -8.19693e-02
 13  0.05661 -1.00257e-01 | 14  0.00855 -2.78965e-02 | 15  0.00007 -4.77924e-02
 16  0.05336 -2.63048e-03 | 17  0.01984 -5.07994e-02 | 18 -0.04432 -5.04253e-02
 19 -0.01948 -1.15092e-01 | 20 -0.02985 -7.31325e-02 | 21  0.03416 -4.58389e-02
 22  0.03706 -2.06302e-02 | 23 -0.04987  1.62184e-04 | 24 -0.03781 -2.86788e-02
 25 -0.11449 -4.21622e-02 | 26 -0.01121 -6.73044e-02 | 27 -0.03298 -2.08768e-02
 28 -0.03178  1.09939e-01 | 29  0.04939  4.98680e-01 | 30 -0.00973  1.65006e-01
 31  0.05242 -3.09160e-03 | 32 -0.03582 -1.33551e-01 | 33  0.02627  1.09738e-01
 34 -0.04659  4.07806e-02 | 35  0.24545 -2.60429e-02 | 36  0.25511 -2.11086e-01
 37  0.26602  2.48795e-01 | 38  0.26368  1.88176e-02 | 39 -0.30883 -1.68067e+03
 40 -0.12740  5.52484e+02 | 41 -0.25583  2.90849e-01 | 42 -0.42625 -2.32399e-01
 43 -0.13407  3.96471e-01 | 44 -0.21194 -4.32214e-01 |
44 variables; iteration 120; function evaluation 219; phase 3
Function value 1.0028226e+02; maximum gradient component mag 6.2931e+01
Var    Value     Gradient |Var    Value     Gradient |Var    Value     Gradient
  1  0.02608 -6.48091e-01 |  2 -0.06478 -9.49939e-04 |  3 -0.09766  6.83707e-04
  4  0.01099  3.81899e-03 |  5 -0.01461  5.61129e-03 |  6  0.03157 -1.84566e-03
  7  0.00500  6.01709e-03 |  8 -0.02933  3.68409e-03 |  9  0.00281  5.71495e-03
 10  0.01543  9.00295e-04 | 11  0.07198  3.96510e-03 | 12  0.04272  6.41518e-03
 13  0.05664  5.63042e-03 | 14  0.00854  3.73794e-03 | 15  0.00009  8.41031e-03
 16  0.05335  7.28220e-03 | 17  0.01984  9.60994e-03 | 18 -0.04432  7.88716e-03
 19 -0.01946  7.65148e-03 | 20 -0.02983  3.88692e-03 | 21  0.03418  4.69357e-03
 22  0.03707  1.54934e-03 | 23 -0.04986  2.76974e-03 | 24 -0.03780  4.94572e-03
 25 -0.11448  6.34556e-03 | 26 -0.01121  6.72907e-03 | 27 -0.03297  4.04889e-03
 28 -0.03176 -6.95012e-03 | 29  0.04940 -1.48241e-03 | 30 -0.00973 -1.54634e-02
 31  0.05244 -4.31305e-02 | 32 -0.03579 -2.94553e-02 | 33  0.02630 -4.16495e-04
 34 -0.04656 -1.01023e-02 | 35  0.24544  2.77014e-02 | 36  0.25509  3.45963e-02
 37  0.26601 -8.54822e-02 | 38  0.26364 -2.04316e-02 | 39 -0.30877  6.29308e+01
 40 -0.12722 -2.06987e+01 | 41 -0.26405 -4.89349e-02 | 42 -0.43542  4.41695e-02
 43 -0.13418 -1.88394e-02 | 44 -0.21198  1.91648e-02 |
44 variables; iteration 140; function evaluation 239; phase 3
Function value 1.0028226e+02; maximum gradient component mag 4.0403e+00
Var    Value     Gradient |Var    Value     Gradient |Var    Value     Gradient
  1  0.02608  1.15888e-02 |  2 -0.06477  1.32811e-04 |  3 -0.09766  7.60900e-05
  4  0.01099  3.97136e-04 |  5 -0.01461  1.40118e-04 |  6  0.03158 -9.26544e-05
  7  0.00500 -2.90736e-04 |  8 -0.02933 -7.83446e-05 |  9  0.00282 -1.66166e-04
 10  0.01543  1.21403e-04 | 11  0.07198 -5.94870e-05 | 12  0.04272 -8.74790e-05
 13  0.05664  1.77900e-04 | 14  0.00854  1.04962e-04 | 15  0.00009 -3.16256e-04
 16  0.05335 -3.26760e-04 | 17  0.01984 -2.86619e-04 | 18 -0.04432 -2.47766e-04
 19 -0.01946 -1.61253e-04 | 20 -0.02984  8.25236e-05 | 21  0.03418 -7.02646e-05
 22  0.03707 -5.86042e-06 | 23 -0.04987 -9.75122e-05 | 24 -0.03780 -1.53590e-04
 25 -0.11448 -1.86589e-04 | 26 -0.01121 -1.63723e-04 | 27 -0.03297 -2.40017e-04
 28 -0.03176 -8.99739e-05 | 29  0.04940  2.71367e-04 | 30 -0.00973  3.57593e-04
 31  0.05244  8.06815e-04 | 32 -0.03579  5.85873e-04 | 33  0.02630 -5.01781e-05
 34 -0.04656  1.10217e-04 | 35  0.24544 -3.10190e-03 | 36  0.25509 -2.35000e-03
 37  0.26601  5.68882e-03 | 38  0.26364  1.63023e-04 | 39 -0.30877  4.04033e+00
 40 -0.12720 -1.33001e+00 | 41 -0.26451 -1.44867e-03 | 42 -0.43594  1.23893e-03
 43 -0.13418  4.53327e-04 | 44 -0.21198 -5.74382e-04 |
44 variables; iteration 160; function evaluation 261; phase 3
Function value 1.0028225e+02; maximum gradient component mag -1.7870e+01
Var    Value     Gradient |Var    Value     Gradient |Var    Value     Gradient
  1  0.02608 -2.71799e-01 |  2 -0.06477 -2.44409e-03 |  3 -0.09765 -1.26657e-03
  4  0.01099 -8.38764e-03 |  5 -0.01461 -2.55815e-03 |  6  0.03158  7.71357e-03
  7  0.00500  6.71016e-03 |  8 -0.02934  1.65271e-03 |  9  0.00280  4.75039e-03
 10  0.01541 -1.06860e-03 | 11  0.07197  1.73486e-03 | 12  0.04272  1.79281e-04
 13  0.05664 -6.14805e-03 | 14  0.00854 -2.13127e-03 | 15  0.00010  5.75882e-03
 16  0.05335  5.64933e-03 | 17  0.01984  3.55217e-03 | 18 -0.04432  3.77712e-03
 19 -0.01946  2.81580e-03 | 20 -0.02983  1.30920e-03 | 21  0.03418  2.10625e-03
 22  0.03707  2.45704e-03 | 23 -0.04986  3.41540e-03 | 24 -0.03779  2.80419e-03
 25 -0.11448  3.24575e-03 | 26 -0.01120  2.61512e-03 | 27 -0.03297  1.11269e-03
 28 -0.03176 -4.22980e-03 | 29  0.04940 -2.20183e-02 | 30 -0.00972 -8.79608e-03
 31  0.05244 -1.22026e-02 | 32 -0.03579  3.27826e-04 | 33  0.02629 -3.44626e-03
 34 -0.04659  4.06574e-03 | 35  0.24544  1.68878e-02 | 36  0.25509  2.39927e-02
 37  0.26601 -4.90115e-02 | 38  0.26363 -1.74494e-03 | 39 -0.30490 -1.78696e+01
 40 -0.11544  5.87758e+00 | 41 -0.26428  1.88990e-02 | 42 -0.43568 -1.66494e-02
 43 -0.13421 -2.26042e-02 | 44 -0.21199  2.57192e-02 |
44 variables; iteration 180; function evaluation 285; phase 3
Function value 1.0028219e+02; maximum gradient component mag 8.5982e-01
Var    Value     Gradient |Var    Value     Gradient |Var    Value     Gradient
  1  0.02608 -3.01509e-01 |  2 -0.06477  2.02090e-05 |  3 -0.09766  3.72513e-04
  4  0.01098  1.79049e-03 |  5 -0.01461  1.69893e-03 |  6  0.03158  2.91610e-03
  7  0.00500  1.56867e-03 |  8 -0.02933  9.35788e-04 |  9  0.00282  1.43510e-03
 10  0.01543  6.01461e-04 | 11  0.07198  1.04492e-03 | 12  0.04272  1.17973e-03
 13  0.05664  1.19417e-03 | 14  0.00854  1.81753e-03 | 15  0.00009  1.83404e-03
 16  0.05335  2.50224e-03 | 17  0.01984  3.13156e-03 | 18 -0.04432  3.00262e-03
 19 -0.01946  3.00448e-03 | 20 -0.02984  2.48053e-03 | 21  0.03418  2.06140e-03
 22  0.03707  1.78713e-03 | 23 -0.04987  1.66756e-03 | 24 -0.03780  1.95525e-03
 25 -0.11448  1.85739e-03 | 26 -0.01121  2.85126e-03 | 27 -0.03297  4.23112e-04
 28 -0.03176 -5.45259e-03 | 29  0.04940 -1.86376e-02 | 30 -0.00973 -6.84902e-03
 31  0.05244 -1.93957e-03 | 32 -0.03579  1.03867e-03 | 33  0.02630 -5.27971e-03
 34 -0.04656 -5.64583e-03 | 35  0.24544 -6.67057e-03 | 36  0.25509 -1.84874e-03
 37  0.26601  6.93158e-04 | 38  0.26364 -5.61266e-03 | 39 -0.28357  8.59818e-01
 40 -0.05055 -2.82284e-01 | 41 -0.26447 -1.89662e-03 | 42 -0.43589  1.68747e-03
 43 -0.13418 -1.14605e-02 | 44 -0.21198  1.32676e-02 |

 - final statistics:
44 variables; iteration 187; function evaluation 293
Function value 1.0028e+02; maximum gradient component mag -4.9731e-05
Exit code = 1;  converg criter 1.0000e-04
Var    Value     Gradient |Var    Value     Gradient |Var    Value     Gradient
  1  0.02608 -4.97315e-05 |  2 -0.06477 -1.67512e-07 |  3 -0.09766  2.37853e-07
  4  0.01099  1.65763e-07 |  5 -0.01461  8.10401e-07 |  6  0.03158  1.01157e-06
  7  0.00500  2.46289e-07 |  8 -0.02933 -1.04308e-07 |  9  0.00282  7.31325e-07
 10  0.01543  1.94039e-07 | 11  0.07198  7.76627e-07 | 12  0.04272  5.46056e-07
 13  0.05664  2.93864e-08 | 14  0.00854  8.83557e-07 | 15  0.00009  7.23295e-08
 16  0.05335  8.98175e-08 | 17  0.01984 -5.66831e-07 | 18 -0.04432 -7.99437e-07
 19 -0.01946 -2.40405e-06 | 20 -0.02984 -1.91819e-06 | 21  0.03418 -7.16963e-07
 22  0.03707 -2.46489e-07 | 23 -0.04986  7.15972e-08 | 24 -0.03780  1.07131e-07
 25 -0.11448  2.87389e-07 | 26 -0.01121  3.51686e-06 | 27 -0.03297  1.45421e-06
 28 -0.03176  4.60252e-07 | 29  0.04940 -2.56580e-06 | 30 -0.00973 -2.61343e-06
 31  0.05244 -1.14645e-06 | 32 -0.03579  1.57900e-06 | 33  0.02630 -8.77628e-07
 34 -0.04656 -3.80707e-07 | 35  0.24544 -1.38691e-05 | 36  0.25509 -1.02319e-05
 37  0.26601  1.03919e-05 | 38  0.26364 -4.95919e-06 | 39 -0.28276  4.23045e-05
 40 -0.04808 -1.38626e-05 | 41 -0.26446 -2.78374e-06 | 42 -0.43589  2.45474e-06
 43 -0.13418 -1.71587e-06 | 44 -0.21198  3.20827e-06 |
Estimating row 1 out of 44 for hessian
Estimating row 2 out of 44 for hessian
Estimating row 3 out of 44 for hessian
Estimating row 4 out of 44 for hessian
Estimating row 5 out of 44 for hessian
Estimating row 6 out of 44 for hessian
Estimating row 7 out of 44 for hessian
Estimating row 8 out of 44 for hessian
Estimating row 9 out of 44 for hessian
Estimating row 10 out of 44 for hessian
Estimating row 11 out of 44 for hessian
Estimating row 12 out of 44 for hessian
Estimating row 13 out of 44 for hessian
Estimating row 14 out of 44 for hessian
Estimating row 15 out of 44 for hessian
Estimating row 16 out of 44 for hessian
Estimating row 17 out of 44 for hessian
Estimating row 18 out of 44 for hessian
Estimating row 19 out of 44 for hessian
Estimating row 20 out of 44 for hessian
Estimating row 21 out of 44 for hessian
Estimating row 22 out of 44 for hessian
Estimating row 23 out of 44 for hessian
Estimating row 24 out of 44 for hessian
Estimating row 25 out of 44 for hessian
Estimating row 26 out of 44 for hessian
Estimating row 27 out of 44 for hessian
Estimating row 28 out of 44 for hessian
Estimating row 29 out of 44 for hessian
Estimating row 30 out of 44 for hessian
Estimating row 31 out of 44 for hessian
Estimating row 32 out of 44 for hessian
Estimating row 33 out of 44 for hessian
Estimating row 34 out of 44 for hessian
Estimating row 35 out of 44 for hessian
Estimating row 36 out of 44 for hessian
Estimating row 37 out of 44 for hessian
Estimating row 38 out of 44 for hessian
Estimating row 39 out of 44 for hessian
Estimating row 40 out of 44 for hessian
Estimating row 41 out of 44 for hessian
Estimating row 42 out of 44 for hessian
Estimating row 43 out of 44 for hessian
Estimating row 44 out of 44 for hessian
size of file gradfil1.tmp = 0
size of file gradfil2.tmp = 0
size of file varssave.tmp = 0
size of file cmpdiff.tmp = 0
