
Initial statistics: 2 variables; iteration 0; function evaluation 0; phase 1
Function value 6.2362735e+03; maximum gradient component mag 3.5640e+04
Var    Value     Gradient |Var    Value     Gradient |Var    Value     Gradient
  1  0.33333  3.56397e+04 |  2  0.21635  2.20109e+04 |

 - final statistics:
2 variables; iteration 6; function evaluation 12
Function value 6.1027e+02; maximum gradient component mag -8.9228e+00
Exit code = 1;  converg criter 1.0000e+01
Var    Value     Gradient |Var    Value     Gradient |Var    Value     Gradient
  1  0.07131 -8.92276e+00 |  2  0.20202  2.04199e+00 |

Initial statistics: 46 variables; iteration 0; function evaluation 0; phase 2
Function value 6.1027079e+02; maximum gradient component mag -4.1824e+03
Var    Value     Gradient |Var    Value     Gradient |Var    Value     Gradient
  1  0.07131 -8.92276e+00 |  2  0.00000  1.18791e+01 |  3  0.00000  2.68546e+01
  4  0.00000 -6.80022e+01 |  5  0.00000  2.67445e+01 |  6  0.00000 -4.55008e+01
  7  0.00000 -1.78580e+01 |  8  0.00000  3.41377e+01 |  9  0.00000  4.67292e+00
 10  0.00000  1.11725e+01 | 11  0.00000 -4.47351e+01 | 12  0.00000  3.31878e+00
 13  0.00000 -3.39892e+01 | 14  0.00000 -9.39602e+00 | 15  0.00000  1.56292e+00
 16  0.00000 -5.05586e+01 | 17  0.00000  9.15654e-01 | 18  0.00000  6.91008e+01
 19  0.00000  9.27532e+00 | 20  0.00000  3.01943e+01 | 21  0.00000 -1.01178e+02
 22  0.00000 -9.66390e+01 | 23  0.00000  9.91679e+01 | 24  0.00000  3.30964e+01
 25  0.00000  2.34346e+02 | 26  0.00000  1.04079e+02 | 27  0.00000  3.27662e+01
 28  0.00000  5.50313e+01 | 29  0.00000 -2.23087e+02 | 30  0.00000  3.45783e+02
 31  0.00000 -6.71294e+02 | 32  0.00000  4.11938e+02 | 33  0.00000 -7.52850e+02
 34  0.00000  2.64628e+02 | 35  0.00000 -4.04369e+02 | 36  0.00000  6.82100e+01
 37  0.00000  4.26102e+02 | 38  0.00000 -5.09649e+01 | 39  0.00000  2.36175e+02
 40  0.21635  2.63923e+02 | 41  0.21635  3.29367e+03 | 42  0.21635 -5.25465e+02
 43  0.20202  2.04199e+00 | 44 -0.30909 -2.26724e+03 | 45  0.12819  1.01949e+01
 46 -0.30909 -4.18244e+03 |

Intermediate statistics: 46 variables; iteration 20; function evaluation 30; phase 2
Function value 2.1941808e+02; maximum gradient component mag -1.0668e+03
Var    Value     Gradient |Var    Value     Gradient |Var    Value     Gradient
  1  0.03226 -4.80755e+02 |  2 -0.06568  1.90212e+00 |  3 -0.11535 -2.16536e+00
  4 -0.00214  5.46458e+00 |  5 -0.04443  1.73714e+01 |  6 -0.00099  2.79790e+01
  7 -0.05245  1.73152e+01 |  8 -0.09748  1.71205e+01 |  9 -0.05974  2.09315e+01
 10 -0.04772  2.33209e+01 | 11  0.03373  2.57959e+01 | 12  0.01759  2.04106e+01
 13  0.05004  2.07322e+01 | 14  0.01045  2.20481e+01 | 15 -0.00662  1.94639e+01
 16  0.05750  2.67283e+01 | 17  0.02120  2.21108e+01 | 18 -0.03192  1.92049e+01
 19  0.02024  2.58624e+01 | 20 -0.02252  1.87684e+01 | 21  0.08901  4.62408e+01
 22  0.07108  3.59518e+01 | 23 -0.04501  2.14554e+01 | 24 -0.01493  1.59623e+01
 25 -0.11581  7.93348e+00 | 26 -0.04410 -6.84692e+00 | 27 -0.03379 -1.62050e+01
 28 -0.00559 -8.01745e+01 | 29  0.03292 -2.93657e+02 | 30  0.00202  6.69500e+01
 31  0.08769  2.91804e+02 | 32 -0.01291 -9.30286e+01 | 33  0.08694  1.30765e+02
 34  0.00828 -1.08512e+02 | 35  0.04920 -1.89143e+02 | 36  0.01000 -1.48582e+02
 37 -0.01173  1.73762e+02 | 38  0.01979  1.22453e+02 | 39 -0.00996  3.06091e+01
 40  0.23452  4.99632e+01 | 41  0.21703  1.67986e+02 | 42  0.25749 -1.68272e+01
 43  0.22898 -1.06676e+03 | 44 -0.22843  5.19321e+02 | 45  0.11966 -1.59904e+02
 46 -0.26237 -3.33977e+02 |
46 variables; iteration 40; function evaluation 57; phase 2
Function value 2.0145995e+02; maximum gradient component mag -8.5226e+02
Var    Value     Gradient |Var    Value     Gradient |Var    Value     Gradient
  1  0.02673 -8.52259e+02 |  2 -0.06056  2.31754e+00 |  3 -0.10053  1.20297e+00
  4  0.00919  1.05488e+01 |  5 -0.04653  1.20020e+00 |  6 -0.00041  3.05688e+01
  7 -0.05085  1.62854e+01 |  8 -0.11065  7.18354e-01 |  9 -0.06889  1.23843e+01
 10 -0.06713  1.54861e+01 | 11  0.01695  4.39373e+00 | 12  0.02038  1.38591e+01
 13  0.05334 -5.25347e+00 | 14  0.00912 -6.36651e+00 | 15 -0.00662  1.31032e+01
 16  0.06025  6.38657e+00 | 17  0.02950  9.67577e+00 | 18 -0.02375  1.20448e+01
 19  0.02588  1.08215e+01 | 20 -0.02003  1.90074e+00 | 21  0.08289  1.01741e+00
 22  0.07141  1.29358e+01 | 23 -0.05243 -6.26847e+00 | 24 -0.00963  1.08267e+01
 25 -0.10501  9.97050e+00 | 26 -0.03022  6.67127e+00 | 27 -0.01952  1.48516e+01
 28  0.00131 -5.97196e+00 | 29  0.04655 -6.02957e+00 | 30 -0.00621 -8.27783e+01
 31  0.07284  8.06109e+01 | 32 -0.00807 -4.80810e+01 | 33  0.07393  4.94724e+01
 34  0.01088 -6.66314e+01 | 35  0.06571  4.27961e+01 | 36  0.02015 -4.43219e+01
 37 -0.02609 -1.13520e+02 | 38  0.01512 -6.75324e+01 | 39 -0.02522  5.10067e+01
 40  0.23664 -3.18985e+02 | 41  0.21814 -2.22927e+02 | 42  0.25748 -1.91551e+02
 43  0.23891 -6.38271e+02 | 44 -0.23692  1.04740e+02 | 45  0.09761 -2.88956e+01
 46 -0.25680 -6.93795e+01 |

 - final statistics:
46 variables; iteration 60; function evaluation 89
Function value 1.9371e+02; maximum gradient component mag 8.2648e+00
Exit code = 1;  converg criter 1.0000e+01
Var    Value     Gradient |Var    Value     Gradient |Var    Value     Gradient
  1  0.02313  6.27986e+00 |  2 -0.06543  1.69117e-02 |  3 -0.09858  2.82918e-02
  4  0.00922 -3.71451e-01 |  5 -0.03108 -8.26816e-01 |  6  0.00419 -2.60618e+00
  7 -0.04767 -1.98625e-01 |  8 -0.09889  6.47321e-03 |  9 -0.06580  6.56971e-01
 10 -0.06871 -2.47176e-01 | 11  0.02409 -3.25665e-02 | 12  0.02070  3.31144e-01
 13  0.06266  1.20646e+00 | 14  0.01500  2.01036e-01 | 15 -0.00766  2.41977e-02
 16  0.06184 -2.44659e-01 | 17  0.03156  1.94752e-01 | 18 -0.02604 -4.28382e-02
 19  0.02081 -2.54943e-01 | 20 -0.02342 -4.47583e-02 | 21  0.07893 -2.86315e-01
 22  0.06247  1.00949e-01 | 23 -0.05016  7.11039e-02 | 24 -0.01456  1.47725e-01
 25 -0.10920 -1.03639e-02 | 26 -0.02736  1.69496e+00 | 27 -0.01743  6.23286e-01
 28  0.00378 -3.74608e-01 | 29  0.04363  3.46757e-01 | 30 -0.00148  8.91613e-01
 31  0.06197  1.58439e+00 | 32 -0.00531  2.57158e-01 | 33  0.05617  5.39940e-01
 34  0.00882 -2.27102e-01 | 35  0.05792 -4.31065e-01 | 36  0.02177 -4.15475e-01
 37 -0.01797  1.29883e-01 | 38  0.01712 -1.56248e+00 | 39 -0.04117 -7.25570e-02
 40  0.24135 -3.58401e+00 | 41  0.22316  2.82760e+00 | 42  0.26773  2.25709e+00
 43  0.25109  4.29093e+00 | 44 -0.25112  4.36119e+00 | 45  0.04946  1.06231e+00
 46 -0.24956  8.26482e+00 |

Initial statistics: 49 variables; iteration 0; function evaluation 0; phase 3
Function value 1.9370570e+02; maximum gradient component mag -1.5825e+03
Var    Value     Gradient |Var    Value     Gradient |Var    Value     Gradient
  1  0.02313  6.27986e+00 |  2 -0.06543  1.69117e-02 |  3 -0.09858  2.82918e-02
  4  0.00922 -3.71451e-01 |  5 -0.03108 -8.59455e-01 |  6  0.00419 -2.63886e+00
  7 -0.04767 -2.31211e-01 |  8 -0.09889 -2.58106e-02 |  9 -0.06580  6.24468e-01
 10 -0.06871 -2.79663e-01 | 11  0.02409 -6.52203e-02 | 12  0.02070  2.98484e-01
 13  0.06266  1.17394e+00 | 14  0.01500  1.68368e-01 | 15 -0.00766 -8.47717e-03
 16  0.06183 -2.77182e-01 | 17  0.03156  1.62115e-01 | 18 -0.02604 -7.54881e-02
 19  0.02081 -2.87602e-01 | 20 -0.02342 -7.74135e-02 | 21  0.07893 -3.18742e-01
 22  0.06247  6.84289e-02 | 23 -0.05016  3.85280e-02 | 24 -0.01457  1.15056e-01
 25 -0.10920 -4.25616e-02 | 26 -0.02736  1.66232e+00 | 27 -0.01743  5.90621e-01
 28  0.00378 -4.07284e-01 | 29  0.04363  3.14156e-01 | 30 -0.00148  8.58936e-01
 31  0.06197  1.55187e+00 | 32 -0.00531  2.24482e-01 | 33  0.05617  5.07390e-01
 34  0.00881 -2.59776e-01 | 35  0.05792 -4.63607e-01 | 36  0.02177 -4.48133e-01
 37 -0.01798  9.72192e-02 | 38  0.01712 -1.59515e+00 | 39 -0.04117 -1.05166e-01
 40  0.24135 -3.58401e+00 | 41  0.22316  2.82760e+00 | 42  0.26773  2.25709e+00
 43  0.25109  4.29093e+00 | 44 -0.25112  4.36119e+00 | 45  0.04946  1.06231e+00
 46 -0.30909 -1.58247e+03 | 47 -0.43452  1.83946e-03 | 48 -0.24956  8.26482e+00
 49 -0.36199 -2.58869e+01 |

Intermediate statistics: 49 variables; iteration 20; function evaluation 32; phase 3
Function value 1.4578471e+02; maximum gradient component mag -1.8809e+03
Var    Value     Gradient |Var    Value     Gradient |Var    Value     Gradient
  1  0.01743 -1.88090e+03 |  2 -0.06478 -5.88725e-01 |  3 -0.09736 -1.09359e+00
  4  0.01460 -2.84477e+00 |  5 -0.02123  1.95367e+01 |  6  0.02285  1.81571e+01
  7 -0.04523  2.42458e+01 |  8 -0.09840  2.62760e+01 |  9 -0.06572  2.57642e+01
 10 -0.07029  3.00315e+01 | 11  0.02637  2.68548e+01 | 12  0.02567  2.67059e+01
 13  0.07488  3.18252e+01 | 14  0.01550  2.68697e+01 | 15 -0.00926  1.16537e+01
 16  0.06303 -5.02002e+01 | 17  0.03256 -1.13373e+02 | 18 -0.04103 -1.37490e+02
 19 -0.02389 -6.96631e+01 | 20 -0.01261  4.41462e+01 | 21  0.01896 -9.66531e+01
 22  0.03815 -3.55309e+01 | 23 -0.04270  7.94331e+00 | 24 -0.03694 -3.07880e+01
 25 -0.11556 -2.30139e+01 | 26 -0.00466 -2.00957e+02 | 27 -0.02223 -8.00630e+01
 28 -0.02580 -5.77587e+01 | 29  0.06396  1.36213e+00 | 30  0.00775  5.63250e+01
 31  0.06674  9.15876e+01 | 32 -0.01721 -2.26672e+01 | 33  0.07048  1.41113e+02
 34  0.02049  9.72351e+01 | 35  0.06394  3.32116e+01 | 36  0.03076  3.01798e+01
 37 -0.00620  4.94605e+01 | 38  0.03065  8.88939e+01 | 39 -0.01424  1.22604e+01
 40  0.24828  2.67577e+02 | 41  0.25679 -6.57580e+01 | 42  0.26785 -2.47107e+02
 43  0.25914  2.22227e+02 | 44 -0.24478  5.67231e+02 | 45  0.05477 -1.90827e+02
 46 -0.25358 -2.70430e+02 | 47 -0.41242  2.08131e+02 | 48 -0.20517 -1.59744e+02
 49 -0.29646  3.83884e+00 |
49 variables; iteration 40; function evaluation 58; phase 3
Function value 1.4092679e+02; maximum gradient component mag -1.1765e+03
Var    Value     Gradient |Var    Value     Gradient |Var    Value     Gradient
  1  0.01838 -1.17650e+03 |  2 -0.06609  3.31158e-01 |  3 -0.09592  1.73625e+00
  4  0.01486  1.03521e+01 |  5 -0.02013  3.11366e+01 |  6  0.01618  4.80783e+01
  7 -0.04432  1.42726e+01 |  8 -0.09990  8.99287e+00 |  9 -0.05986  1.49262e+01
 10 -0.05488  2.24531e+01 | 11  0.04168  2.85224e+01 | 12  0.03079  2.51704e+01
 13  0.07152  4.50255e+01 | 14 -0.00430 -2.22489e+01 | 15 -0.01797  7.73113e+00
 16  0.06686 -1.04776e+01 | 17  0.03827 -4.40784e+01 | 18 -0.04823 -8.49195e+01
 19 -0.01726 -3.58201e+01 | 20 -0.01532  4.90847e+00 | 21  0.02635 -5.57917e+01
 22  0.03502 -3.69228e+01 | 23 -0.04584  2.03210e+00 | 24 -0.03449 -1.30796e+01
 25 -0.11253 -8.12959e+00 | 26 -0.00725 -1.11586e+02 | 27 -0.02202 -9.20530e+00
 28 -0.01249  1.48793e+01 | 29  0.05856 -2.84101e+01 | 30  0.00503  1.47860e+01
 31  0.06261  3.63015e+00 | 32 -0.01668 -2.64840e+00 | 33  0.06307  4.04376e+01
 34  0.01372  2.56022e+01 | 35  0.06081 -2.36035e+01 | 36  0.02910 -9.11630e+00
 37 -0.00963 -1.43227e+01 | 38  0.02721  1.51186e+01 | 39 -0.00711  4.02996e+01
 40  0.24750  1.32431e+02 | 41  0.25794  6.30821e+00 | 42  0.27040 -1.31172e+02
 43  0.25953  1.43042e+02 | 44 -0.23778  3.38457e+02 | 45  0.07656 -1.10404e+02
 46 -0.25237 -1.12196e+01 | 47 -0.41755  9.38191e+00 | 48 -0.20229 -3.65578e+02
 49 -0.29214  1.78711e+02 |
49 variables; iteration 60; function evaluation 90; phase 3
Function value 1.3513506e+02; maximum gradient component mag -1.4192e+03
Var    Value     Gradient |Var    Value     Gradient |Var    Value     Gradient
  1  0.01796 -1.41915e+03 |  2 -0.05719 -5.34553e-01 |  3 -0.09655 -4.07290e+00
  4  0.01414 -2.14403e+01 |  5 -0.02474 -2.14947e+01 |  6  0.01277 -8.92735e+01
  7 -0.04054  2.41479e+01 |  8 -0.09725  1.70018e+01 |  9 -0.06207  2.06780e+01
 10 -0.06640  2.08916e+01 | 11  0.02909  1.91163e+01 | 12  0.02636  1.70939e+01
 13  0.07176  1.48957e+01 | 14  0.01150  1.08283e+01 | 15 -0.01061  2.08888e+01
 16  0.06422  2.12905e+01 | 17  0.03229  2.16999e+01 | 18 -0.03637  3.29615e+01
 19 -0.00959  3.84052e+00 | 20 -0.02132  3.52474e+00 | 21  0.04309  1.95533e+01
 22  0.04573  1.66705e+01 | 23 -0.04706  1.60061e+01 | 24 -0.02986  9.98456e+00
 25 -0.11257  5.21204e+00 | 26 -0.00790 -6.44322e+01 | 27 -0.02085  9.81163e+00
 28 -0.01509  1.10408e+00 | 29  0.05778 -8.04523e+01 | 30  0.00366 -1.50086e+01
 31  0.06119 -2.12056e+01 | 32 -0.01702  2.30922e+01 | 33  0.05446 -1.16300e+01
 34  0.00737 -5.67308e+00 | 35  0.05915 -3.24377e+01 | 36  0.02806 -3.44202e+01
 37 -0.00926 -2.41855e+01 | 38  0.02749 -1.42040e+01 | 39 -0.00895  3.28487e+01
 40  0.24693 -3.15725e+01 | 41  0.25726  2.46125e+01 | 42  0.27363 -3.07189e+01
 43  0.26661  8.21918e+00 | 44 -0.29074  8.73897e+02 | 45 -0.07533 -3.02954e+02
 46 -0.25184 -9.59358e+01 | 47 -0.41335  7.68755e+01 | 48 -0.16751 -2.80561e+02
 49 -0.25883  2.14013e+02 |
49 variables; iteration 80; function evaluation 119; phase 3
Function value 1.3199848e+02; maximum gradient component mag -1.2312e+02
Var    Value     Gradient |Var    Value     Gradient |Var    Value     Gradient
  1  0.01674 -1.96784e+01 |  2 -0.06292 -7.13500e-02 |  3 -0.09494 -2.12867e-01
  4  0.01571 -1.11335e+00 |  5 -0.01979 -1.68795e+00 |  6  0.01863 -4.98184e+00
  7 -0.04280  5.65076e-01 |  8 -0.09731  3.27854e-01 |  9 -0.06449  4.74239e-01
 10 -0.07326  4.46087e-01 | 11  0.02729  1.22153e-01 | 12  0.02817 -4.24659e-01
 13  0.07571 -2.65949e+00 | 14  0.01397  1.06383e-01 | 15 -0.01144  5.54833e-01
 16  0.06505  7.59715e-01 | 17  0.03607  9.99661e-01 | 18 -0.03520  1.84580e+00
 19 -0.00851  2.40267e+00 | 20 -0.01606  6.90730e+00 | 21  0.03944  6.26657e-01
 22  0.04378  6.91799e-01 | 23 -0.04856 -7.51007e-02 | 24 -0.03210  4.10249e-01
 25 -0.11264  2.60451e-01 | 26 -0.00087 -1.39502e+00 | 27 -0.02013 -4.08176e+00
 28 -0.02180  7.06109e-01 | 29  0.05803  2.28899e+00 | 30  0.00363  2.01134e-01
 31  0.05920  2.22158e+00 | 32 -0.02189  2.46703e-02 | 33  0.04493  9.96198e-01
 34  0.00176  9.39803e-01 | 35  0.05662  6.51265e-02 | 36  0.02871 -1.42385e+00
 37 -0.00554 -6.92885e-01 | 38  0.03116 -2.42236e-01 | 39 -0.00025 -8.74987e-01
 40  0.24845 -1.82961e-01 | 41  0.26021 -2.70391e-01 | 42  0.27584 -1.05080e+00
 43  0.28003  1.51319e+00 | 44 -0.30492 -1.23117e+02 | 45 -0.11635  4.33518e+01
 46 -0.24569 -4.89613e+00 | 47 -0.40957  4.06070e+00 | 48 -0.12162  3.93194e+00
 49 -0.23581 -4.58664e+00 |
49 variables; iteration 100; function evaluation 140; phase 3
Function value 1.3199426e+02; maximum gradient component mag 8.0568e+01
Var    Value     Gradient |Var    Value     Gradient |Var    Value     Gradient
  1  0.01674 -7.77013e+01 |  2 -0.06315  1.28752e-02 |  3 -0.09478  1.04033e-01
  4  0.01588  5.65462e-01 |  5 -0.01955  1.87865e+00 |  6  0.01879  3.00820e+00
  7 -0.04284  1.11350e+00 |  8 -0.09718  1.18532e+00 |  9 -0.06459  1.06171e+00
 10 -0.07345  1.03552e+00 | 11  0.02716  9.23417e-01 | 12  0.02811  7.06099e-01
 13  0.07576 -2.76169e-01 | 14  0.01405  1.22384e+00 | 15 -0.01142  1.16382e+00
 16  0.06506  1.27963e+00 | 17  0.03617  1.33940e+00 | 18 -0.03535  1.14652e+00
 19 -0.00840 -1.02176e+00 | 20 -0.01638 -1.94121e+00 | 21  0.03926  3.19807e-01
 22  0.04361  6.58558e-01 | 23 -0.04827  1.03616e+00 | 24 -0.03228  4.14761e-01
 25 -0.11273  5.42524e-01 | 26 -0.00094 -1.28458e+00 | 27 -0.01993  8.80202e-01
 28 -0.02181 -8.44719e-01 | 29  0.05792 -4.98588e+00 | 30  0.00365 -1.15587e+00
 31  0.05915 -6.06512e-01 | 32 -0.02185  3.35369e-01 | 33  0.04504  1.92606e-01
 34  0.00181  6.44978e-01 | 35  0.05666 -6.50559e-01 | 36  0.02878 -1.36398e+00
 37 -0.00557 -3.05200e+00 | 38  0.03098 -6.68717e+00 | 39 -0.00013  6.03618e-01
 40  0.24845 -5.73808e-01 | 41  0.26037 -7.65775e+00 | 42  0.27591  4.54279e-01
 43  0.27984 -3.53819e-01 | 44 -0.30474  8.05678e+01 | 45 -0.11582 -2.83691e+01
 46 -0.23290 -9.60537e-01 | 47 -0.39474  6.91616e-01 | 48 -0.12227 -2.24182e+00
 49 -0.23608  2.54270e+00 |
49 variables; iteration 120; function evaluation 165; phase 3
Function value 1.3196711e+02; maximum gradient component mag -9.8007e-02
Var    Value     Gradient |Var    Value     Gradient |Var    Value     Gradient
  1  0.01671  1.32712e-02 |  2 -0.06307 -1.26615e-06 |  3 -0.09490 -1.15543e-05
  4  0.01570 -5.53109e-05 |  5 -0.01958 -2.32873e-04 |  6  0.01884 -2.48236e-04
  7 -0.04288 -2.20844e-04 |  8 -0.09727 -2.28909e-04 |  9 -0.06451 -2.50649e-04
 10 -0.07343 -1.64805e-04 | 11  0.02722 -1.65693e-04 | 12  0.02818 -1.34036e-04
 13  0.07594  3.51756e-05 | 14  0.01383 -2.41972e-04 | 15 -0.01156 -1.53638e-04
 16  0.06506 -7.53108e-05 | 17  0.03620  4.90848e-06 | 18 -0.03525  1.05191e-04
 19 -0.00817  2.49669e-04 | 20 -0.01633  8.35651e-04 | 21  0.03900 -2.44745e-04
 22  0.04349 -2.36002e-04 | 23 -0.04886 -1.85390e-04 | 24 -0.03284 -1.23468e-04
 25 -0.11304 -7.70853e-05 | 26 -0.00056  3.42087e-04 | 27 -0.01999 -2.85376e-04
 28 -0.02160 -1.48024e-05 | 29  0.05807  4.27675e-04 | 30  0.00375  9.41795e-05
 31  0.05915  7.21406e-05 | 32 -0.02184 -1.93169e-04 | 33  0.04511  4.58651e-05
 34  0.00174 -3.70020e-05 | 35  0.05668  1.62487e-04 | 36  0.02885  3.21592e-04
 37 -0.00549  7.48908e-04 | 38  0.03124  2.26859e-04 | 39  0.00017  8.74200e-06
 40  0.24849 -2.02195e-05 | 41  0.26382 -2.33346e-04 | 42  0.27590 -3.49862e-05
 43  0.27992  4.78901e-04 | 44 -0.30366 -9.80069e-02 | 45 -0.11279  3.34169e-02
 46 -0.19141  3.81534e-05 | 47 -0.35151  7.53513e-05 | 48 -0.12196  3.56574e-04
 49 -0.23596 -5.22541e-04 |
49 variables; iteration 140; function evaluation 185; phase 3
Function value 1.3196710e+02; maximum gradient component mag 9.8329e+00
Var    Value     Gradient |Var    Value     Gradient |Var    Value     Gradient
  1  0.01671 -6.58448e-01 |  2 -0.06307  4.76204e-05 |  3 -0.09491  6.99998e-04
  4  0.01570  4.66836e-03 |  5 -0.01959  1.16456e-02 |  6  0.01884  1.96311e-02
  7 -0.04289  1.28858e-02 |  8 -0.09727  1.39441e-02 |  9 -0.06451  2.07889e-02
 10 -0.07343  7.84149e-03 | 11  0.02722  7.33462e-03 | 12  0.02818  2.61363e-03
 13  0.07594 -1.38895e-02 | 14  0.01383  9.98193e-03 | 15 -0.01156  7.66095e-03
 16  0.06506  1.35822e-03 | 17  0.03620 -1.58711e-03 | 18 -0.03524  1.17353e-02
 19 -0.00817  3.57235e-03 | 20 -0.01633 -1.73547e-02 | 21  0.03900  2.02718e-02
 22  0.04349  1.68552e-02 | 23 -0.04886  9.74513e-03 | 24 -0.03284  5.09046e-03
 25 -0.11304  6.60168e-04 | 26 -0.00055 -5.72637e-02 | 27 -0.02000 -3.01395e-03
 28 -0.02160  1.26440e-02 | 29  0.05808  3.00174e-03 | 30  0.00376  8.07712e-03
 31  0.05915  1.72059e-03 | 32 -0.02184  1.83972e-03 | 33  0.04510  2.59701e-03
 34  0.00174  4.31920e-03 | 35  0.05668 -2.13471e-02 | 36  0.02885 -4.10231e-02
 37 -0.00549 -7.62153e-02 | 38  0.03124 -6.92600e-03 | 39  0.00018 -3.87418e-04
 40  0.24849  9.12289e-03 | 41  0.26383  1.50763e-01 | 42  0.27590  9.06950e-03
 43  0.27992 -2.60613e-02 | 44 -0.29852  9.83286e+00 | 45 -0.09822 -3.46694e+00
 46 -0.19135 -2.08405e-02 | 47 -0.35146  3.49495e-03 | 48 -0.12195 -1.15579e-02
 49 -0.23596  1.54632e-02 |
49 variables; iteration 160; function evaluation 210; phase 3
Function value 1.3196705e+02; maximum gradient component mag 1.3234e-02
Var    Value     Gradient |Var    Value     Gradient |Var    Value     Gradient
  1  0.01671  5.24009e-03 |  2 -0.06307 -7.34087e-06 |  3 -0.09490 -2.89229e-05
  4  0.01570 -1.29549e-04 |  5 -0.01958 -3.94855e-04 |  6  0.01884 -8.10205e-04
  7 -0.04288 -9.08509e-06 |  8 -0.09727 -9.48910e-05 |  9 -0.06451 -4.45232e-05
 10 -0.07343 -8.76196e-05 | 11  0.02722 -4.80032e-05 | 12  0.02818 -1.47863e-05
 13  0.07594  1.53968e-04 | 14  0.01383 -4.44273e-05 | 15 -0.01156 -1.71993e-04
 16  0.06506 -4.38057e-04 | 17  0.03620 -6.49175e-04 | 18 -0.03525 -4.92552e-04
 19 -0.00817  8.99891e-04 | 20 -0.01633  6.31155e-04 | 21  0.03900  7.31349e-04
 22  0.04349  4.48621e-04 | 23 -0.04886 -7.09234e-06 | 24 -0.03284  1.82357e-04
 25 -0.11304 -1.24489e-04 | 26 -0.00056 -1.18721e-03 | 27 -0.01999 -4.74702e-04
 28 -0.02160  7.11466e-04 | 29  0.05807  2.08532e-03 | 30  0.00375  1.58405e-03
 31  0.05915  4.56584e-04 | 32 -0.02184 -3.70960e-04 | 33  0.04511 -3.31241e-04
 34  0.00174 -1.78836e-04 | 35  0.05668 -3.14188e-04 | 36  0.02885 -1.01294e-03
 37 -0.00549 -2.31316e-03 | 38  0.03124  1.41154e-03 | 39  0.00017 -2.00907e-04
 40  0.24849  8.92443e-04 | 41  0.26382  1.03406e-02 | 42  0.27590  2.04383e-04
 43  0.27992 -6.78152e-04 | 44 -0.27908  1.32344e-02 | 45 -0.04292 -4.64337e-03
 46 -0.19141  3.42920e-04 | 47 -0.35151 -1.64255e-03 | 48 -0.12196  1.64708e-04
 49 -0.23596 -2.21636e-04 |

 - final statistics:
49 variables; iteration 164; function evaluation 214
Function value 1.3197e+02; maximum gradient component mag -5.8810e-05
Exit code = 1;  converg criter 1.0000e-04
Var    Value     Gradient |Var    Value     Gradient |Var    Value     Gradient
  1  0.01671  4.67628e-05 |  2 -0.06307 -4.74597e-08 |  3 -0.09490  5.26056e-08
  4  0.01570  2.57164e-07 |  5 -0.01958 -9.15095e-08 |  6  0.01884  1.39990e-06
  7 -0.04288 -5.91083e-07 |  8 -0.09727 -2.98012e-07 |  9 -0.06451  5.91282e-07
 10 -0.07343 -5.89910e-07 | 11  0.02722 -4.80180e-07 | 12  0.02818 -4.53563e-07
 13  0.07594  3.62397e-07 | 14  0.01383 -1.01056e-06 | 15 -0.01156 -3.69460e-07
 16  0.06506  1.12879e-08 | 17  0.03620  4.20693e-07 | 18 -0.03525  2.90976e-06
 19 -0.00817 -3.04116e-06 | 20 -0.01633 -3.35228e-06 | 21  0.03900 -1.67027e-06
 22  0.04349 -1.30420e-06 | 23 -0.04886 -6.52390e-07 | 24 -0.03284 -7.06332e-07
 25 -0.11304  2.27624e-07 | 26 -0.00056  1.16503e-06 | 27 -0.01999 -9.04226e-07
 28 -0.02160  7.09799e-07 | 29  0.05807 -2.48360e-06 | 30  0.00375 -1.04517e-05
 31  0.05915 -3.27860e-06 | 32 -0.02184  3.66592e-06 | 33  0.04511  5.22408e-06
 34  0.00174  3.56181e-06 | 35  0.05668  4.94440e-06 | 36  0.02885  2.90228e-06
 37 -0.00549  2.20971e-06 | 38  0.03124  1.50385e-06 | 39  0.00017  7.60908e-07
 40  0.24849 -1.51589e-06 | 41  0.26382 -5.94218e-06 | 42  0.27590  1.43202e-06
 43  0.27992  5.10196e-06 | 44 -0.27907 -5.88097e-05 | 45 -0.04290  2.06260e-05
 46 -0.19142 -1.12271e-06 | 47 -0.35152  1.66731e-06 | 48 -0.12196  2.86725e-06
 49 -0.23596 -3.66603e-06 |
Estimating row 1 out of 49 for hessian
Estimating row 2 out of 49 for hessian
Estimating row 3 out of 49 for hessian
Estimating row 4 out of 49 for hessian
Estimating row 5 out of 49 for hessian
Estimating row 6 out of 49 for hessian
Estimating row 7 out of 49 for hessian
Estimating row 8 out of 49 for hessian
Estimating row 9 out of 49 for hessian
Estimating row 10 out of 49 for hessian
Estimating row 11 out of 49 for hessian
Estimating row 12 out of 49 for hessian
Estimating row 13 out of 49 for hessian
Estimating row 14 out of 49 for hessian
Estimating row 15 out of 49 for hessian
Estimating row 16 out of 49 for hessian
Estimating row 17 out of 49 for hessian
Estimating row 18 out of 49 for hessian
Estimating row 19 out of 49 for hessian
Estimating row 20 out of 49 for hessian
Estimating row 21 out of 49 for hessian
Estimating row 22 out of 49 for hessian
Estimating row 23 out of 49 for hessian
Estimating row 24 out of 49 for hessian
Estimating row 25 out of 49 for hessian
Estimating row 26 out of 49 for hessian
Estimating row 27 out of 49 for hessian
Estimating row 28 out of 49 for hessian
Estimating row 29 out of 49 for hessian
Estimating row 30 out of 49 for hessian
Estimating row 31 out of 49 for hessian
Estimating row 32 out of 49 for hessian
Estimating row 33 out of 49 for hessian
Estimating row 34 out of 49 for hessian
Estimating row 35 out of 49 for hessian
Estimating row 36 out of 49 for hessian
Estimating row 37 out of 49 for hessian
Estimating row 38 out of 49 for hessian
Estimating row 39 out of 49 for hessian
Estimating row 40 out of 49 for hessian
Estimating row 41 out of 49 for hessian
Estimating row 42 out of 49 for hessian
Estimating row 43 out of 49 for hessian
Estimating row 44 out of 49 for hessian
Estimating row 45 out of 49 for hessian
Estimating row 46 out of 49 for hessian
Estimating row 47 out of 49 for hessian
Estimating row 48 out of 49 for hessian
Estimating row 49 out of 49 for hessian
size of file gradfil1.tmp = 0
size of file gradfil2.tmp = 0
size of file varssave.tmp = 0
size of file cmpdiff.tmp = 0
