
Initial statistics: 2 variables; iteration 0; function evaluation 0; phase 1
Function value 5.7753619e+03; maximum gradient component mag 3.3037e+04
Var    Value     Gradient |Var    Value     Gradient |Var    Value     Gradient
  1  0.33333  3.30367e+04 |  2  0.21635  1.52853e+04 |

 - final statistics:
2 variables; iteration 8; function evaluation 14
Function value 6.6661e+02; maximum gradient component mag -1.1325e+00
Exit code = 1;  converg criter 1.0000e+01
Var    Value     Gradient |Var    Value     Gradient |Var    Value     Gradient
  1  0.07623 -1.13255e+00 |  2  0.19916  1.08221e+00 |

Initial statistics: 46 variables; iteration 0; function evaluation 0; phase 2
Function value 6.6660558e+02; maximum gradient component mag -5.4473e+03
Var    Value     Gradient |Var    Value     Gradient |Var    Value     Gradient
  1  0.07623 -1.13255e+00 |  2  0.00000  1.21302e+01 |  3  0.00000  2.74690e+01
  4  0.00000 -6.69346e+01 |  5  0.00000  2.79319e+01 |  6  0.00000 -4.42819e+01
  7  0.00000 -1.80486e+01 |  8  0.00000  3.40435e+01 |  9  0.00000  4.84998e+00
 10  0.00000  1.10816e+01 | 11  0.00000 -4.37533e+01 | 12  0.00000  6.67484e+00
 13  0.00000 -2.67062e+01 | 14  0.00000  1.89882e+00 | 15  0.00000  6.61445e+00
 16  0.00000 -3.84454e+01 | 17  0.00000  1.47510e+01 | 18  0.00000  8.11524e+01
 19  0.00000  2.15239e+01 | 20  0.00000  5.15307e+01 | 21  0.00000 -9.13030e+01
 22  0.00000 -1.01939e+02 | 23  0.00000  5.15410e+01 | 24  0.00000  3.28609e+01
 25  0.00000  1.67621e+02 | 26  0.00000  9.77437e+01 | 27  0.00000  4.09754e+01
 28  0.00000  6.29610e+01 | 29  0.00000 -2.95823e+02 | 30  0.00000  4.75515e+02
 31  0.00000 -8.17337e+02 | 32  0.00000  5.55468e+02 | 33  0.00000 -1.00197e+03
 34  0.00000  4.00905e+02 | 35  0.00000 -4.65153e+02 | 36  0.00000  1.29084e+02
 37  0.00000  5.42362e+02 | 38  0.00000 -1.02234e+02 | 39  0.00000  2.27908e+02
 40  0.21635  9.80253e+02 | 41  0.21635  2.92441e+03 | 42  0.19916  1.08221e+00
 43 -0.30909 -2.23604e+03 | 44  0.12819  9.92690e+00 | 45 -0.30909 -1.16536e+03
 46 -0.30909 -5.44725e+03 |

Intermediate statistics: 46 variables; iteration 20; function evaluation 29; phase 2
Function value 2.4321561e+02; maximum gradient component mag 2.2373e+03
Var    Value     Gradient |Var    Value     Gradient |Var    Value     Gradient
  1  0.03986 -6.07907e+01 |  2 -0.05313  5.20550e+00 |  3 -0.09531  4.86801e+00
  4 -0.00228  4.33072e+00 |  5 -0.04563  3.33368e+01 |  6 -0.00200  3.60536e+01
  7 -0.03507  3.98255e+01 |  8 -0.07478  3.88596e+01 |  9 -0.04431  3.86291e+01
 10 -0.03445  3.82678e+01 | 11  0.03055  3.79052e+01 | 12  0.00827  3.55083e+01
 13  0.03529  4.10027e+01 | 14  0.00106  5.45553e+01 | 15 -0.01013  4.73859e+01
 16  0.04372  6.46852e+01 | 17  0.00812  5.68975e+01 | 18 -0.04005  4.95755e+01
 19  0.01190  4.11925e+01 | 20  0.00609  5.32757e+01 | 21  0.06690  7.75465e+01
 22  0.07624  7.57613e+01 | 23 -0.00931  5.82822e+01 | 24 -0.01933  6.11133e+01
 25 -0.09929  4.75983e+01 | 26  0.00666  2.00236e+01 | 27 -0.04187  4.14424e+01
 28 -0.01165  1.02422e+02 | 29  0.03216 -3.08759e+00 | 30 -0.02312 -4.25083e+01
 31  0.06066 -1.13081e+00 | 32  0.00139  1.01690e+02 | 33  0.07584  5.94141e+01
 34  0.00847  2.92542e+01 | 35  0.04525 -7.61750e+01 | 36  0.00230  7.49676e-01
 37 -0.04233 -1.15052e+02 | 38  0.01339 -1.26471e+02 | 39  0.03058  9.21427e+01
 40  0.24011  2.23729e+03 | 41  0.24040 -3.14483e+01 | 42  0.22600 -8.19891e+02
 43 -0.23850  9.13326e+01 | 44  0.10842 -1.72261e+01 | 45 -0.21676  1.60280e+02
 46 -0.26110  2.30943e+01 |
46 variables; iteration 40; function evaluation 56; phase 2
Function value 2.2604496e+02; maximum gradient component mag 2.5116e+02
Var    Value     Gradient |Var    Value     Gradient |Var    Value     Gradient
  1  0.04129  3.49372e+01 |  2 -0.10872 -8.79537e+00 |  3 -0.09560  5.81901e+00
  4 -0.01133 -1.65071e+00 |  5 -0.05825 -4.38939e+00 |  6 -0.00693  1.56499e+01
  7 -0.05698 -6.32217e+00 |  8 -0.08811  1.09532e+01 |  9 -0.05333  1.61549e+01
 10 -0.05674 -3.86987e+00 | 11  0.02251  4.53404e+00 | 12  0.01353  1.10218e+01
 13  0.04072  6.60039e+00 | 14 -0.00170 -2.35185e+00 | 15 -0.01072  5.18114e+00
 16  0.04945  1.42889e+01 | 17  0.02361  3.23763e+01 | 18 -0.03757  7.38147e+00
 19  0.01204  6.84587e-01 | 20  0.00455 -5.61134e+00 | 21  0.06835  1.03946e+01
 22  0.07443  1.47917e+00 | 23 -0.00471  8.86482e+00 | 24 -0.02014 -3.53606e+00
 25 -0.09350  9.54463e+00 | 26  0.00477 -1.09536e+01 | 27 -0.03309  1.88601e+01
 28 -0.01881  2.21365e+01 | 29  0.03675  6.73952e+00 | 30 -0.01678 -7.48495e+00
 31  0.06586  7.98734e-01 | 32 -0.00076  1.41935e+01 | 33  0.08002 -2.04170e+00
 34  0.01157  1.60969e+00 | 35  0.05168 -7.38443e+00 | 36  0.00467  2.96193e+00
 37 -0.03422 -8.01395e+00 | 38  0.01602 -7.02301e+00 | 39  0.01603  9.59819e-01
 40  0.22994  2.51158e+02 | 41  0.23567 -1.49071e+01 | 42  0.22897 -7.85649e+01
 43 -0.24326  5.46354e+01 | 44  0.09358 -7.95526e+00 | 45 -0.22711  1.47254e+01
 46 -0.26376  3.60427e+01 |

 - final statistics:
46 variables; iteration 57; function evaluation 81
Function value 2.2476e+02; maximum gradient component mag 9.1692e+00
Exit code = 1;  converg criter 1.0000e+01
Var    Value     Gradient |Var    Value     Gradient |Var    Value     Gradient
  1  0.04199  5.26141e+00 |  2 -0.07330 -2.25172e-02 |  3 -0.11038 -4.75594e-02
  4 -0.00940  1.83016e-01 |  5 -0.05285 -5.32581e-02 |  6 -0.01259  1.27386e-01
  7 -0.05352  8.29189e-02 |  8 -0.09671 -9.10621e-02 |  9 -0.06496 -1.49554e-01
 10 -0.05548  1.71356e-02 | 11  0.01973 -7.38733e-02 | 12  0.00661 -3.47043e-02
 13  0.03985  1.13883e-01 | 14  0.00543 -9.79666e-02 | 15 -0.00677  1.37388e-02
 16  0.04855 -6.20242e-02 | 17  0.01226 -1.00880e-01 | 18 -0.03740 -1.97598e-01
 19  0.01438  3.96136e-01 | 20  0.00969 -1.78381e-01 | 21  0.06798 -8.08142e-02
 22  0.07785  1.02286e-01 | 23 -0.00642 -4.23637e-01 | 24 -0.01475 -6.75313e-02
 25 -0.09606  6.11572e-02 | 26  0.00894 -2.01550e-02 | 27 -0.03935  6.85233e-02
 28 -0.02285 -4.59191e-01 | 29  0.03792 -4.94866e-01 | 30 -0.01554  1.45944e-01
 31  0.06695  1.41722e-02 | 32 -0.00137 -3.63091e-02 | 33  0.08264 -4.62998e-03
 34  0.01300  3.22194e-02 | 35  0.05289  7.25054e-02 | 36  0.00534  4.28391e-01
 37 -0.03266  5.52701e-01 | 38  0.01809  6.86301e-01 | 39  0.02094 -1.19484e-01
 40  0.22829 -5.71948e-02 | 41  0.23473 -1.11190e+00 | 42  0.22829 -9.76537e-01
 43 -0.26742  9.16917e+00 | 44  0.01290 -2.27534e+00 | 45 -0.22759  1.67310e-01
 46 -0.26460 -1.75191e+00 |

Initial statistics: 49 variables; iteration 0; function evaluation 0; phase 3
Function value 2.2475981e+02; maximum gradient component mag -2.4212e+03
Var    Value     Gradient |Var    Value     Gradient |Var    Value     Gradient
  1  0.04199  5.26141e+00 |  2 -0.07330 -2.25172e-02 |  3 -0.11038 -4.75594e-02
  4 -0.00940  1.83016e-01 |  5 -0.05285 -5.80638e-02 |  6 -0.01259  1.22564e-01
  7 -0.05352  7.81137e-02 |  8 -0.09671 -9.58288e-02 |  9 -0.06496 -1.54352e-01
 10 -0.05548  1.23316e-02 | 11  0.01973 -7.86932e-02 | 12  0.00661 -3.95264e-02
 13  0.03985  1.09070e-01 | 14  0.00543 -1.02789e-01 | 15 -0.00677  8.91676e-03
 16  0.04855 -6.68325e-02 | 17  0.01226 -1.05702e-01 | 18 -0.03740 -2.02412e-01
 19  0.01438  3.91315e-01 | 20  0.00969 -1.83203e-01 | 21  0.06798 -8.56090e-02
 22  0.07785  9.74996e-02 | 23 -0.00642 -4.28459e-01 | 24 -0.01475 -7.23522e-02
 25 -0.09606  5.63897e-02 | 26  0.00894 -2.49768e-02 | 27 -0.03935  6.37103e-02
 28 -0.02285 -4.64010e-01 | 29  0.03792 -4.99680e-01 | 30 -0.01554  1.41123e-01
 31  0.06695  9.37652e-03 | 32 -0.00137 -4.11313e-02 | 33  0.08264 -9.41169e-03
 34  0.01300  2.73981e-02 | 35  0.05289  6.76997e-02 | 36  0.00534  4.23569e-01
 37 -0.03266  5.47885e-01 | 38  0.01809  6.81481e-01 | 39  0.02094 -1.24303e-01
 40  0.22829 -5.71948e-02 | 41  0.23473 -1.11190e+00 | 42  0.21635 -2.42122e+03
 43  0.22829 -9.76537e-01 | 44 -0.26742  9.16917e+00 | 45  0.01290 -2.27534e+00
 46 -0.22759  1.67310e-01 | 47 -0.36199  1.19785e+02 | 48 -0.26460 -1.75191e+00
 49 -0.36199  7.15735e+00 |

Intermediate statistics: 49 variables; iteration 20; function evaluation 28; phase 3
Function value 1.8249758e+02; maximum gradient component mag -6.2865e+03
Var    Value     Gradient |Var    Value     Gradient |Var    Value     Gradient
  1  0.02352 -6.28651e+03 |  2 -0.07090 -5.27896e+00 |  3 -0.10602 -9.43121e+00
  4  0.00326 -4.68404e+01 |  5 -0.03668  2.03031e+01 |  6 -0.00039 -8.50075e+01
  7 -0.04557  8.82471e+01 |  8 -0.09365  9.05741e+01 |  9 -0.06258  8.67250e+01
 10 -0.06057  8.99225e+01 | 11  0.02177  6.68090e+01 | 12  0.01237  3.69805e+01
 13  0.05147 -6.51211e+01 | 14  0.00799  1.65790e+01 | 15 -0.00715  7.78947e+01
 16  0.05525  1.85107e+01 | 17  0.02294  1.49326e+01 | 18 -0.03873  4.18387e+01
 19 -0.00483  3.68354e+01 | 20 -0.01047  1.50603e+01 | 21  0.05181  4.38229e+01
 22  0.05509  2.68748e+01 | 23 -0.03583  3.42716e+01 | 24 -0.02087  5.73773e+01
 25 -0.09980  6.38987e+01 | 26 -0.00213 -5.90504e+00 | 27 -0.02614  4.25228e+01
 28 -0.01339 -5.17176e+01 | 29  0.04726 -2.98816e+02 | 30 -0.00538 -4.87189e+01
 31  0.06231 -3.47723e+01 | 32 -0.00818 -1.68128e+01 | 33  0.07650  9.16430e+01
 34  0.01324  1.12947e+01 | 35  0.05623 -1.47253e+02 | 36  0.01861 -1.12230e+02
 37 -0.02069 -1.17695e+02 | 38  0.02326 -2.25070e+02 | 39  0.01689  1.46106e+02
 40  0.23534 -1.74210e+03 | 41  0.24676 -5.63378e+02 | 42  0.24244 -1.90876e+03
 43  0.24394 -4.06179e+02 | 44 -0.26373  9.02988e+01 | 45  0.01388 -2.79854e+01
 46 -0.26125  1.87540e+02 | 47 -0.42264 -9.21956e+01 | 48 -0.27108 -2.68081e+02
 49 -0.40258  1.24635e+02 |
49 variables; iteration 40; function evaluation 53; phase 3
Function value 1.4979755e+02; maximum gradient component mag -4.4029e+02
Var    Value     Gradient |Var    Value     Gradient |Var    Value     Gradient
  1  0.02117  3.18330e+02 |  2 -0.08464 -4.35077e+00 |  3 -0.07302  1.03485e+01
  4  0.01744  1.43504e+01 |  5 -0.02464  3.70763e+00 |  6  0.00563 -1.01217e+01
  7 -0.04488  4.03802e+00 |  8 -0.10598 -1.05485e+01 |  9 -0.06601  2.86406e+00
 10 -0.07518 -4.00133e+00 | 11  0.01623 -7.57508e+00 | 12  0.01761  1.06377e-01
 13  0.06711  2.17201e+01 | 14  0.00800 -2.06533e+01 | 15 -0.00748 -2.94176e-01
 16  0.06348 -8.87517e+00 | 17  0.03497  1.42811e+00 | 18 -0.03726 -1.02402e+01
 19 -0.00728 -1.91686e+01 | 20 -0.02349 -3.38953e+01 | 21  0.05860  1.93837e+01
 22  0.05466 -3.89774e+00 | 23 -0.04679 -2.41338e+01 | 24 -0.02834 -2.32688e+01
 25 -0.10268 -6.05064e+00 | 26 -0.00492 -1.76082e+01 | 27 -0.02427 -9.14708e+00
 28 -0.00690 -2.00048e+01 | 29  0.05759  1.83471e+01 | 30  0.00175 -1.11200e+00
 31  0.06358 -3.24665e+01 | 32 -0.00790 -2.26744e+01 | 33  0.07340 -1.75140e+01
 34  0.01538 -8.78723e+00 | 35  0.06411  2.65491e+01 | 36  0.02880  6.25419e+01
 37 -0.01102  6.44525e+01 | 38  0.02312  9.89162e+01 | 39 -0.02990 -2.59408e+01
 40  0.24142 -3.95128e+02 | 41  0.24955 -2.95211e+02 | 42  0.26295 -4.40285e+02
 43  0.24882 -2.23818e+01 | 44 -0.27279  3.66932e+02 | 45 -0.02285 -1.25686e+02
 46 -0.26927  1.14767e+02 | 47 -0.43295 -6.77278e+01 | 48 -0.27382  2.21329e+02
 49 -0.40909 -1.05883e+02 |
49 variables; iteration 60; function evaluation 92; phase 3
Function value 1.4546563e+02; maximum gradient component mag -3.3930e+02
Var    Value     Gradient |Var    Value     Gradient |Var    Value     Gradient
  1  0.01971 -3.39299e+02 |  2 -0.06302  3.68288e-01 |  3 -0.09197  1.72771e+00
  4  0.01310  3.10830e-01 |  5 -0.02434  6.40399e+00 |  6  0.01155  5.21134e+00
  7 -0.04507  4.81751e+00 |  8 -0.09867  4.24534e+00 |  9 -0.06584  5.02215e+00
 10 -0.07195  4.78595e+00 | 11  0.02499  5.73537e+00 | 12  0.02245  5.10434e+00
 13  0.06657  7.51839e+00 | 14  0.01452  3.81548e+00 | 15 -0.00991  4.68261e+00
 16  0.06396  3.71906e+00 | 17  0.03331  5.25808e+00 | 18 -0.03634  2.71638e+00
 19 -0.00949  2.03905e+00 | 20 -0.02436 -1.50535e+00 | 21  0.04471  4.42684e+00
 22  0.04569  3.41286e+00 | 23 -0.04535  4.53243e+00 | 24 -0.02852  3.50435e+00
 25 -0.10718  4.81338e+00 | 26 -0.00596  3.28781e+00 | 27 -0.02072  2.91320e+00
 28 -0.00587 -2.88801e+00 | 29  0.05556 -2.04283e+01 | 30  0.00141 -1.14061e+00
 31  0.06195 -2.86308e+00 | 32 -0.01000  7.46042e+00 | 33  0.06934 -2.61767e+00
 34  0.01275  2.74959e-01 | 35  0.06165 -1.00067e+01 | 36  0.02770 -1.35587e+01
 37 -0.01196 -1.75007e+01 | 38  0.02251 -4.63752e+01 | 39 -0.01968  1.24225e+01
 40  0.24485 -2.43425e+01 | 41  0.25401  1.94238e+01 | 42  0.27094 -3.41269e+01
 43  0.25207  2.27035e+00 | 44 -0.26663  5.55794e+01 | 45 -0.00249 -1.84612e+01
 46 -0.29568 -2.23148e+02 | 47 -0.46841  1.63849e+02 | 48 -0.25713 -2.24683e+02
 49 -0.37788  9.68531e+01 |
Maximum number of function evaluations exceeded

 - final statistics:
49 variables; iteration 63; function evaluation 100
Function value 1.4523e+02; maximum gradient component mag -9.2140e+02
Exit code = 3;  converg criter 1.0000e+00
Var    Value     Gradient |Var    Value     Gradient |Var    Value     Gradient
  1  0.01968 -5.02305e+02 |  2 -0.06231  5.76261e-01 |  3 -0.08383  3.60796e+00
  4  0.01337  1.12174e+00 |  5 -0.02336  1.04412e+01 |  6  0.01101  7.96795e+00
  7 -0.04539  7.03607e+00 |  8 -0.09939  6.09125e+00 |  9 -0.06544  7.64467e+00
 10 -0.07119  7.37370e+00 | 11  0.02581  8.60406e+00 | 12  0.02213  7.19253e+00
 13  0.06698  1.05832e+01 | 14  0.01325  5.03851e+00 | 15 -0.01244  5.74372e+00
 16  0.06355  4.94101e+00 | 17  0.03402  7.78147e+00 | 18 -0.03591  4.63427e+00
 19 -0.00908  1.97332e+00 | 20 -0.02587 -7.15873e+00 | 21  0.04414  4.77551e+00
 22  0.04483  3.26668e+00 | 23 -0.04414  7.44266e+00 | 24 -0.02846  5.79031e+00
 25 -0.10699  7.24333e+00 | 26 -0.00608  4.11871e+00 | 27 -0.02044  3.94233e+00
 28 -0.00671 -7.65926e+00 | 29  0.05592 -3.64797e+01 | 30  0.00154 -3.30073e+00
 31  0.06228 -4.46974e+00 | 32 -0.01042  1.05074e+01 | 33  0.07066  1.36796e+00
 34  0.01309 -2.25106e-01 | 35  0.06189 -1.56194e+01 | 36  0.02787 -2.01502e+01
 37 -0.01208 -2.56073e+01 | 38  0.02251 -5.38601e+01 | 39 -0.01864  2.20692e+01
 40  0.24482 -3.66717e+01 | 41  0.25402  4.71349e+01 | 42  0.27060 -5.61957e+01
 43  0.25189 -1.15902e+01 | 44 -0.26472  1.02598e+02 | 45  0.00296 -3.41920e+01
 46 -0.30662 -9.21399e+02 | 47 -0.48336  6.60855e+02 | 48 -0.24719 -3.29945e+02
 49 -0.35778  1.44201e+02 |

Initial statistics: 51 variables; iteration 0; function evaluation 0; phase 4
Function value 1.4522793e+02; maximum gradient component mag -1.8458e+03
Var    Value     Gradient |Var    Value     Gradient |Var    Value     Gradient
  1  0.01968 -6.28066e+02 |  2 -0.06231  6.96268e-01 |  3 -0.08383  4.93432e+00
  4  0.01337  1.76708e+00 |  5 -0.02336  1.34922e+01 |  6  0.01101  1.02531e+01
  7 -0.04539  8.76727e+00 |  8 -0.09939  7.56910e+00 |  9 -0.06544  9.69091e+00
 10 -0.07119  9.42303e+00 | 11  0.02581  1.07709e+01 | 12  0.02213  8.86022e+00
 13  0.06698  1.28632e+01 | 14  0.01325  6.12681e+00 | 15 -0.01244  6.49226e+00
 16  0.06355  5.86008e+00 | 17  0.03402  9.45808e+00 | 18 -0.03591  6.08182e+00
 19 -0.00907  1.13897e+00 | 20 -0.02587 -1.30964e+01 | 21  0.04414  5.02217e+00
 22  0.04483  3.25875e+00 | 23 -0.04414  9.74519e+00 | 24 -0.02846  7.57761e+00
 25 -0.10699  8.88982e+00 | 26 -0.00608  4.25377e+00 | 27 -0.02044  4.71901e+00
 28 -0.00671 -1.11774e+01 | 29  0.05592 -5.07947e+01 | 30  0.00154 -6.27414e+00
 31  0.06228 -7.06582e+00 | 32 -0.01042  1.28852e+01 | 33  0.07066  3.10874e+00
 34  0.01309 -1.07421e+00 | 35  0.06189 -1.97299e+01 | 36  0.02787 -2.42586e+01
 37 -0.01208 -2.96175e+01 | 38  0.02251 -5.22611e+01 | 39 -0.01864  2.88465e+01
 40  0.24482 -4.30507e+01 | 41  0.25402  4.19261e+01 | 42  0.27060 -6.90476e+01
 43  0.25189 -2.44810e+01 | 44 -0.26472  1.35746e+02 | 45  0.00296 -4.53233e+01
 46 -0.30662 -1.84581e+03 | 47 -0.48336  1.32683e+03 | 48 -0.24719 -4.00595e+02
 49 -0.35778  1.78765e+02 | 50 -0.21635 -1.11080e-03 | 51 -0.30909 -1.84205e+03

Intermediate statistics: 51 variables; iteration 20; function evaluation 24; phase 4
Function value 1.4380598e+02; maximum gradient component mag -1.3726e+03
Var    Value     Gradient |Var    Value     Gradient |Var    Value     Gradient
  1  0.01921 -1.37257e+03 |  2 -0.06338  7.36613e-02 |  3 -0.09225  1.24265e+00
  4  0.01308 -1.86068e+00 |  5 -0.02516  1.64702e+01 |  6  0.01329  1.82623e+01
  7 -0.04487  1.85805e+01 |  8 -0.09793  1.93161e+01 |  9 -0.06603  1.86637e+01
 10 -0.07201  1.98450e+01 | 11  0.02454  1.95265e+01 | 12  0.02364  2.09830e+01
 13  0.06780  2.40078e+01 | 14  0.01582  2.04425e+01 | 15 -0.00937  1.84643e+01
 16  0.06458  1.55591e+01 | 17  0.03232  1.27228e+01 | 18 -0.03564  1.62519e+01
 19 -0.00911  1.87609e+01 | 20 -0.02151  2.75934e+01 | 21  0.04482  1.68841e+01
 22  0.04626  1.73367e+01 | 23 -0.04647  1.61841e+01 | 24 -0.02815  1.40615e+01
 25 -0.10769  1.45512e+01 | 26 -0.00620  6.26511e+00 | 27 -0.02095 -2.81063e-01
 28 -0.00678 -1.95086e+01 | 29  0.05619 -1.25487e+02 | 30  0.00161 -2.77943e+01
 31  0.06173 -4.60037e+01 | 32 -0.01189  2.58038e+01 | 33  0.06573 -8.59863e+01
 34  0.01104 -1.07782e+01 | 35  0.06131 -5.37667e+01 | 36  0.02823 -4.70246e+01
 37 -0.01085 -1.65609e+01 | 38  0.02459 -1.87719e+00 | 39 -0.02350  1.57359e+01
 40  0.24510 -6.52212e+01 | 41  0.25398 -1.29673e+02 | 42  0.27179 -6.14349e+00
 43  0.25497  4.47485e+01 | 44 -0.26474  2.75648e+02 | 45  0.00287 -9.22579e+01
 46 -0.30745  1.32484e+03 | 47 -0.48571 -9.72687e+02 | 48 -0.22561 -7.67431e+02
 49 -0.31959  4.03712e+02 | 50 -0.21634 -1.11079e-03 | 51 -0.30992  1.32213e+03
51 variables; iteration 40; function evaluation 49; phase 4
Function value 1.4307491e+02; maximum gradient component mag -1.2103e+03
Var    Value     Gradient |Var    Value     Gradient |Var    Value     Gradient
  1  0.01897 -1.21028e+03 |  2 -0.05395  2.64055e+00 |  3 -0.10254 -2.02919e+00
  4  0.01158 -2.47155e+00 |  5 -0.02198  2.28582e+01 |  6  0.01391  2.77218e+01
  7 -0.04507  1.72665e+01 |  8 -0.10103  1.47446e+01 |  9 -0.06903  1.58553e+01
 10 -0.08008  1.41642e+01 | 11  0.01977  1.23026e+01 | 12  0.02320  1.32397e+01
 13  0.06797  1.12102e+00 | 14  0.02114  2.73257e+01 | 15 -0.00950  1.44819e+01
 16  0.06647  1.99629e+01 | 17  0.03234  1.29124e+01 | 18 -0.03528  1.50378e+01
 19 -0.01081  1.05821e+01 | 20 -0.01999  2.79733e+01 | 21  0.04359  1.28334e+01
 22  0.04782  1.98095e+01 | 23 -0.04977  7.07342e+00 | 24 -0.03005  7.12811e+00
 25 -0.10826  1.13416e+01 | 26 -0.00427  9.57158e+00 | 27 -0.02104 -1.79833e+00
 28 -0.00462 -8.56868e+00 | 29  0.05632 -1.40342e+02 | 30  0.00224 -2.49516e+01
 31  0.06287 -3.29222e+01 | 32 -0.01096  4.15405e+01 | 33  0.06611 -8.08333e+01
 34  0.00920 -4.22133e+01 | 35  0.06249 -3.63802e+01 | 36  0.02959 -2.73772e+01
 37 -0.01044 -2.08994e+01 | 38  0.02483 -9.79063e+00 | 39 -0.01848  4.42771e+01
 40  0.24548  3.03346e+01 | 41  0.25468 -6.11640e+01 | 42  0.27152 -2.71268e+01
 43  0.25560  2.13707e+01 | 44 -0.27140  2.57217e+02 | 45 -0.01703 -8.66297e+01
 46 -0.30718  7.30738e+02 | 47 -0.48502 -5.42578e+02 | 48 -0.21662 -7.98524e+02
 49 -0.30531  4.59366e+02 | 50 -0.21560 -1.10666e-03 | 51 -0.30967  7.29233e+02
51 variables; iteration 60; function evaluation 88; phase 4
Function value 1.3577973e+02; maximum gradient component mag -1.2853e+03
Var    Value     Gradient |Var    Value     Gradient |Var    Value     Gradient
  1  0.01826 -4.34595e+02 |  2 -0.05517  2.08158e+00 |  3 -0.09879 -1.09909e+00
  4  0.00767 -9.66184e+00 |  5 -0.02168  7.04103e+00 |  6  0.02378  2.71614e+01
  7 -0.03475  1.12134e+01 |  8 -0.07588  2.72167e+01 |  9 -0.06354  2.05849e+00
 10 -0.06322  1.37935e+01 | 11  0.00513 -2.09994e+01 | 12  0.01199 -1.65534e+01
 13  0.07641 -2.95130e+01 | 14  0.01155 -9.94855e-01 | 15 -0.02206 -3.76539e+00
 16  0.06491  1.19762e+01 | 17  0.03728  2.17784e+01 | 18 -0.03351  1.79424e+01
 19 -0.01182  1.10666e+01 | 20 -0.01989  2.62501e+01 | 21  0.04081  8.94302e+00
 22  0.04286  7.14216e+00 | 23 -0.04715  7.32519e+00 | 24 -0.03168  1.31949e-01
 25 -0.10936 -1.54926e+00 | 26 -0.00767 -3.99070e+01 | 27 -0.01737 -5.89170e+00
 28 -0.01285 -8.88282e+00 | 29  0.05632 -7.57370e+01 | 30  0.00093 -8.05493e+00
 31  0.05869 -7.63675e+00 | 32 -0.01734  1.79826e+01 | 33  0.05639 -1.59125e+01
 34  0.00354 -1.00413e+01 | 35  0.05838 -3.09681e+00 | 36  0.02824  3.77604e-01
 37 -0.00952 -4.53213e-01 | 38  0.02735  1.36804e+00 | 39 -0.00541  3.49878e+01
 40  0.24701  1.10296e+01 | 41  0.25782  6.06861e+01 | 42  0.27402 -1.53329e+01
 43  0.26717  1.77560e+00 | 44 -0.25506  1.43548e+02 | 45  0.02830 -4.82161e+01
 46 -0.31083 -1.28074e+03 | 47 -0.48569  9.66520e+02 | 48 -0.16651 -2.48335e+02
 49 -0.26042  1.63582e+02 | 50 -0.19134 -9.73792e-04 | 51 -0.30651 -1.28533e+03
51 variables; iteration 80; function evaluation 109; phase 4
Function value 1.3148966e+02; maximum gradient component mag 1.0792e+01
Var    Value     Gradient |Var    Value     Gradient |Var    Value     Gradient
  1  0.01643  2.45467e+00 |  2 -0.06320  5.01131e-03 |  3 -0.09501  1.44309e-02
  4  0.01593  8.75138e-02 |  5 -0.01910  1.09827e-01 |  6  0.01952  3.80375e-01
  7 -0.04260 -1.97801e-02 |  8 -0.09700 -2.59103e-02 |  9 -0.06397  4.50419e-02
 10 -0.07329 -4.23786e-02 | 11  0.02764  9.67901e-03 | 12  0.02875  1.95667e-02
 13  0.07682  6.38929e-02 | 14  0.01331 -6.00430e-03 | 15 -0.01131 -4.02570e-02
 16  0.06597 -1.21743e-01 | 17  0.03652 -1.24029e-01 | 18 -0.03475 -2.04653e-01
 19 -0.00944 -2.05604e-01 | 20 -0.02008 -3.11988e-01 | 21  0.03849 -4.13165e-02
 22  0.04152 -1.66196e-02 | 23 -0.04967 -2.53584e-02 | 24 -0.03206  5.63594e-03
 25 -0.10851  7.28327e-03 | 26  0.00046  1.82985e-01 | 27 -0.01994  1.42831e-01
 28 -0.01847  6.20580e-02 | 29  0.05781  3.41587e-01 | 30  0.00307  2.50637e-01
 31  0.05724  2.24549e-02 | 32 -0.02183  4.48996e-03 | 33  0.04557 -2.23649e-01
 34 -0.00282 -9.90714e-02 | 35  0.05542 -1.50443e-01 | 36  0.02840 -9.10939e-02
 37 -0.00823  7.32732e-02 | 38  0.03179  1.57695e-02 | 39  0.00418  2.76762e-03
 40  0.24894  4.57559e-03 | 41  0.26056  6.81762e-01 | 42  0.27674 -2.14178e-02
 43  0.28172 -2.42122e-02 | 44 -0.27430 -1.65706e+00 | 45 -0.02967  5.85528e-01
 46 -0.31789  1.06176e+01 | 47 -0.48390 -8.27508e+00 | 48 -0.11975 -2.54446e-01
 49 -0.23720  4.39446e-01 | 50 -0.13556 -6.79031e-04 | 51 -0.29813  1.07924e+01
51 variables; iteration 100; function evaluation 129; phase 4
Function value 1.3148963e+02; maximum gradient component mag -4.2483e-02
Var    Value     Gradient |Var    Value     Gradient |Var    Value     Gradient
  1  0.01643 -1.71791e-02 |  2 -0.06319  1.28631e-05 |  3 -0.09501  3.06727e-05
  4  0.01593  1.59194e-04 |  5 -0.01910  4.93843e-04 |  6  0.01951  9.17179e-04
  7 -0.04260  2.33474e-04 |  8 -0.09699  1.83410e-04 |  9 -0.06398  2.36568e-04
 10 -0.07330  2.16432e-04 | 11  0.02760  3.09769e-04 | 12  0.02873  2.25798e-04
 13  0.07683  3.90509e-05 | 14  0.01331  2.73263e-04 | 15 -0.01132  2.28669e-04
 16  0.06598  9.78786e-05 | 17  0.03651  4.06498e-05 | 18 -0.03473 -1.17910e-04
 19 -0.00942  1.47015e-04 | 20 -0.02008  2.69066e-05 | 21  0.03851  2.04256e-04
 22  0.04152  2.32031e-04 | 23 -0.04967  2.31361e-04 | 24 -0.03206  1.48040e-04
 25 -0.10851  8.35690e-05 | 26  0.00045 -4.55538e-04 | 27 -0.01994  4.49733e-04
 28 -0.01846 -1.09073e-05 | 29  0.05781 -6.75282e-04 | 30  0.00307 -8.89328e-04
 31  0.05724 -6.63647e-04 | 32 -0.02183 -1.93119e-04 | 33  0.04557 -1.21474e-04
 34 -0.00281  1.68160e-04 | 35  0.05542 -1.79876e-04 | 36  0.02840 -5.13709e-04
 37 -0.00824 -9.64227e-04 | 38  0.03179 -5.07522e-04 | 39  0.00417  1.59883e-05
 40  0.24894  7.02649e-04 | 41  0.26055 -1.33856e-03 | 42  0.27674 -2.15912e-05
 43  0.28172 -5.38574e-05 | 44 -0.27828  1.70723e-02 | 45 -0.04099 -5.99860e-03
 46 -0.31786 -4.13662e-02 | 47 -0.48390  3.06515e-02 | 48 -0.11976  6.37693e-05
 49 -0.23721  4.97928e-04 | 50 -0.13065 -6.54616e-06 | 51 -0.29815 -4.24827e-02
51 variables; iteration 120; function evaluation 149; phase 4
Function value 1.3148962e+02; maximum gradient component mag 1.9899e+00
Var    Value     Gradient |Var    Value     Gradient |Var    Value     Gradient
  1  0.01643  2.85138e-02 |  2 -0.06319 -2.69244e-04 |  3 -0.09501 -7.66835e-04
  4  0.01593 -2.65306e-03 |  5 -0.01910 -6.89448e-03 |  6  0.01951 -1.65324e-02
  7 -0.04259  2.53200e-03 |  8 -0.09699  5.98084e-03 |  9 -0.06398  5.72357e-03
 10 -0.07330  1.36703e-03 | 11  0.02760 -4.92690e-03 | 12  0.02872 -5.49934e-03
 13  0.07683 -1.20335e-02 | 14  0.01330 -2.63141e-03 | 15 -0.01132 -1.38406e-04
 16  0.06599  6.10513e-03 | 17  0.03651  6.28544e-03 | 18 -0.03473  1.19517e-02
 19 -0.00943 -3.63087e-04 | 20 -0.02008  1.78137e-03 | 21  0.03850  3.00446e-04
 22  0.04152 -4.26582e-04 | 23 -0.04967 -1.13292e-03 | 24 -0.03206 -6.19903e-04
 25 -0.10851  3.91607e-04 | 26  0.00045 -4.68428e-03 | 27 -0.01994 -6.24007e-03
 28 -0.01847  6.24165e-04 | 29  0.05781  1.01604e-03 | 30  0.00307 -1.06661e-02
 31  0.05724  6.88134e-03 | 32 -0.02183  2.60265e-03 | 33  0.04557  1.00480e-02
 34 -0.00281 -2.83892e-03 | 35  0.05542  5.58021e-03 | 36  0.02840  5.87154e-03
 37 -0.00824  7.62674e-03 | 38  0.03179  9.03726e-04 | 39  0.00417 -4.91170e-03
 40  0.24894 -7.28381e-03 | 41  0.26055 -2.53781e-02 | 42  0.27674 -4.59247e-03
 43  0.28172 -2.87709e-03 | 44 -0.27833  2.99944e-02 | 45 -0.04113 -1.05642e-02
 46 -0.31833  1.95652e+00 | 47 -0.48376 -1.52623e+00 | 48 -0.11976  3.15946e-02
 49 -0.23721 -3.78208e-02 | 50 -0.13071 -2.52660e-05 | 51 -0.29759  1.98988e+00
51 variables; iteration 140; function evaluation 172; phase 4
Function value 1.3148962e+02; maximum gradient component mag 1.7905e+00
Var    Value     Gradient |Var    Value     Gradient |Var    Value     Gradient
  1  0.01643 -3.73133e-02 |  2 -0.06320 -2.74994e-04 |  3 -0.09501 -4.09715e-04
  4  0.01593 -1.29166e-03 |  5 -0.01910 -2.80730e-03 |  6  0.01951 -7.31213e-03
  7 -0.04260  1.80889e-03 |  8 -0.09699  3.48162e-03 |  9 -0.06398  4.19231e-03
 10 -0.07330  1.14679e-03 | 11  0.02760 -1.01682e-03 | 12  0.02872 -1.26230e-03
 13  0.07683 -3.88270e-03 | 14  0.01331 -3.63286e-04 | 15 -0.01132  7.61591e-04
 16  0.06599  3.09133e-03 | 17  0.03651  2.93774e-03 | 18 -0.03473  5.67054e-03
 19 -0.00942  1.17132e-03 | 20 -0.02008  2.46120e-03 | 21  0.03850  1.17338e-03
 22  0.04152  5.16194e-04 | 23 -0.04967 -8.50371e-07 | 24 -0.03206 -3.90096e-04
 25 -0.10851 -2.77084e-04 | 26  0.00045 -4.40822e-03 | 27 -0.01994 -9.58215e-04
 28 -0.01847  2.08411e-03 | 29  0.05781  1.24835e-03 | 30  0.00307 -4.94642e-03
 31  0.05724  9.77679e-04 | 32 -0.02183 -6.98378e-05 | 33  0.04557  1.43882e-03
 34 -0.00281 -3.04286e-03 | 35  0.05542  1.08551e-03 | 36  0.02840  1.11323e-03
 37 -0.00824 -4.17147e-04 | 38  0.03179 -1.89969e-03 | 39  0.00417 -1.74764e-03
 40  0.24894  5.05783e-03 | 41  0.26055 -5.91766e-02 | 42  0.27674 -3.19421e-03
 43  0.28172 -1.01762e-03 | 44 -0.27831  8.43172e-03 | 45 -0.04109 -2.97163e-03
 46 -0.32104  1.75173e+00 | 47 -0.48283 -1.37180e+00 | 48 -0.11976  1.12025e-02
 49 -0.23721 -1.18783e-02 | 50 -0.13137 -2.91409e-05 | 51 -0.29422  1.79053e+00
51 variables; iteration 160; function evaluation 198; phase 4
Function value 1.3148962e+02; maximum gradient component mag 9.0306e-01
Var    Value     Gradient |Var    Value     Gradient |Var    Value     Gradient
  1  0.01643 -3.57094e-02 |  2 -0.06319 -2.62726e-05 |  3 -0.09501 -3.98008e-05
  4  0.01593 -1.39783e-04 |  5 -0.01910  1.76129e-04 |  6  0.01951 -2.89135e-04
  7 -0.04260  6.21940e-04 |  8 -0.09699  7.65558e-04 |  9 -0.06398  8.56169e-04
 10 -0.07330  5.61913e-04 | 11  0.02760  3.81500e-04 | 12  0.02873  3.67934e-04
 13  0.07683  1.78399e-04 | 14  0.01331  4.30903e-04 | 15 -0.01132  5.26864e-04
 16  0.06598  7.12773e-04 | 17  0.03651  6.78454e-04 | 18 -0.03473  8.84264e-04
 19 -0.00942  5.45864e-04 | 20 -0.02008  6.25763e-04 | 21  0.03851  4.85855e-04
 22  0.04152  3.49867e-04 | 23 -0.04967  2.59925e-04 | 24 -0.03206 -1.31494e-04
 25 -0.10851 -1.07257e-04 | 26  0.00045 -1.05301e-03 | 27 -0.01994  2.80609e-04
 28 -0.01846  6.84951e-04 | 29  0.05781 -2.25596e-03 | 30  0.00307 -2.41342e-03
 31  0.05724 -1.54079e-03 | 32 -0.02183 -2.88196e-04 | 33  0.04557 -1.82169e-03
 34 -0.00281 -1.03142e-03 | 35  0.05542  2.31183e-04 | 36  0.02840  6.22533e-04
 37 -0.00824  1.97361e-04 | 38  0.03179  5.92685e-04 | 39  0.00417 -9.24171e-04
 40  0.24894 -1.63233e-04 | 41  0.26055 -4.93329e-02 | 42  0.27674 -2.45995e-04
 43  0.28172 -1.26883e-04 | 44 -0.27830  5.92544e-04 | 45 -0.04106 -2.09891e-04
 46 -0.32441  8.78037e-01 | 47 -0.48136 -6.91864e-01 | 48 -0.11976  1.13698e-03
 49 -0.23721 -1.22992e-03 | 50 -0.13306 -2.90441e-06 | 51 -0.28981  9.03055e-01
51 variables; iteration 180; function evaluation 224; phase 4
Function value 1.3148961e+02; maximum gradient component mag 1.3774e+00
Var    Value     Gradient |Var    Value     Gradient |Var    Value     Gradient
  1  0.01643 -8.33702e-02 |  2 -0.06319 -2.53107e-06 |  3 -0.09501  7.88028e-07
  4  0.01593  1.83325e-05 |  5 -0.01910  1.19592e-03 |  6  0.01951  1.20156e-03
  7 -0.04260  1.20274e-03 |  8 -0.09699  1.19946e-03 |  9 -0.06398  1.21170e-03
 10 -0.07330  1.18082e-03 | 11  0.02760  1.17933e-03 | 12  0.02873  1.15350e-03
 13  0.07683  1.05529e-03 | 14  0.01331  1.18430e-03 | 15 -0.01132  1.20232e-03
 16  0.06598  1.21283e-03 | 17  0.03651  1.22523e-03 | 18 -0.03473  1.29032e-03
 19 -0.00942  1.23198e-03 | 20 -0.02008  1.26225e-03 | 21  0.03851  1.09743e-03
 22  0.04152  8.78980e-04 | 23 -0.04967  7.52979e-04 | 24 -0.03206 -1.60214e-04
 25 -0.10851 -1.13959e-04 | 26  0.00045 -1.38459e-03 | 27 -0.01994  1.33209e-03
 28 -0.01846  1.29281e-03 | 29  0.05781 -6.37952e-03 | 30  0.00307 -4.64203e-03
 31  0.05724 -3.80302e-03 | 32 -0.02183 -1.07817e-03 | 33  0.04557 -4.06178e-03
 34 -0.00281 -2.05860e-03 | 35  0.05542 -1.47532e-03 | 36  0.02840 -2.69084e-05
 37 -0.00824  1.29916e-03 | 38  0.03179  1.44652e-03 | 39  0.00417 -2.14015e-03
 40  0.24894  6.85734e-04 | 41  0.26055 -1.14571e-01 | 42  0.27674 -6.14023e-05
 43  0.28172  4.15421e-05 | 44 -0.27830  8.79714e-04 | 45 -0.04106 -3.10429e-04
 46 -0.32895  1.32728e+00 | 47 -0.47885 -1.05309e+00 | 48 -0.11976 -1.87504e-04
 49 -0.23721  2.44992e-04 | 50 -0.13694  6.95458e-06 | 51 -0.28350  1.37740e+00
51 variables; iteration 200; function evaluation 251; phase 4
Function value 1.3148960e+02; maximum gradient component mag 1.1200e+00
Var    Value     Gradient |Var    Value     Gradient |Var    Value     Gradient
  1  0.01643 -1.03986e-01 |  2 -0.06319 -1.97891e-06 |  3 -0.09501 -1.02941e-06
  4  0.01593 -4.50911e-06 |  5 -0.01910  1.46922e-03 |  6  0.01951  1.43757e-03
  7 -0.04260  1.48086e-03 |  8 -0.09699  1.46510e-03 |  9 -0.06398  1.47676e-03
 10 -0.07330  1.47383e-03 | 11  0.02760  1.48818e-03 | 12  0.02873  1.47976e-03
 13  0.07683  1.45839e-03 | 14  0.01331  1.48318e-03 | 15 -0.01132  1.49011e-03
 16  0.06598  1.47831e-03 | 17  0.03651  1.48033e-03 | 18 -0.03473  1.48851e-03
 19 -0.00942  1.49047e-03 | 20 -0.02008  1.47837e-03 | 21  0.03851  1.32109e-03
 22  0.04152  1.05653e-03 | 23 -0.04967  9.05018e-04 | 24 -0.03206 -2.42541e-04
 25 -0.10851 -1.88963e-04 | 26  0.00045 -1.86438e-03 | 27 -0.01994  1.45803e-03
 28 -0.01846  1.63991e-03 | 29  0.05781 -7.94920e-03 | 30  0.00307 -6.02247e-03
 31  0.05724 -4.92893e-03 | 32 -0.02183 -1.19345e-03 | 33  0.04557 -5.47884e-03
 34 -0.00281 -2.53440e-03 | 35  0.05542 -1.11314e-03 | 36  0.02840  5.62655e-04
 37 -0.00824  1.47178e-03 | 38  0.03179  2.08253e-03 | 39  0.00417 -2.60909e-03
 40  0.24894 -2.19877e-05 | 41  0.26055 -1.43142e-01 | 42  0.27674 -1.34478e-05
 43  0.28172 -2.26011e-05 | 44 -0.27830  5.99258e-04 | 45 -0.04106 -2.11762e-04
 46 -0.33500  1.06616e+00 | 47 -0.47451 -8.56146e-01 | 48 -0.11976 -2.56074e-05
 49 -0.23721  4.24470e-05 | 50 -0.14486  6.84861e-06 | 51 -0.27439  1.11999e+00
51 variables; iteration 220; function evaluation 277; phase 4
Function value 1.3148959e+02; maximum gradient component mag 2.9007e-01
Var    Value     Gradient |Var    Value     Gradient |Var    Value     Gradient
  1  0.01643 -3.42587e-02 |  2 -0.06319 -4.55239e-06 |  3 -0.09501 -1.12257e-05
  4  0.01593 -2.34226e-05 |  5 -0.01910  4.23656e-04 |  6  0.01951  3.56569e-04
  7 -0.04260  5.73609e-04 |  8 -0.09699  6.55077e-04 |  9 -0.06398  8.08446e-04
 10 -0.07330  5.04768e-04 | 11  0.02760  4.60537e-04 | 12  0.02873  4.70884e-04
 13  0.07683  4.48773e-04 | 14  0.01331  4.69344e-04 | 15 -0.01132  5.08976e-04
 16  0.06598  6.48968e-04 | 17  0.03651  7.59050e-04 | 18 -0.03473  8.38839e-04
 19 -0.00942  6.32558e-04 | 20 -0.02008  8.48297e-04 | 21  0.03850  4.37293e-04
 22  0.04152  3.31647e-04 | 23 -0.04967  2.48776e-04 | 24 -0.03206 -2.10301e-04
 25 -0.10851 -1.75115e-04 | 26  0.00045 -9.57957e-04 | 27 -0.01994 -1.47883e-04
 28 -0.01846  5.67575e-04 | 29  0.05781 -3.30429e-03 | 30  0.00307 -2.74637e-03
 31  0.05724 -1.74199e-03 | 32 -0.02183 -3.79183e-04 | 33  0.04557 -1.94098e-03
 34 -0.00281 -1.06097e-03 | 35  0.05542 -1.87436e-04 | 36  0.02840  6.46123e-04
 37 -0.00824  1.35565e-03 | 38  0.03179  1.08660e-03 | 39  0.00417 -1.13737e-03
 40  0.24894  8.33144e-05 | 41  0.26055 -5.70797e-02 | 42  0.27674 -9.46249e-05
 43  0.28172 -3.24479e-05 | 44 -0.27831 -1.10569e-03 | 45 -0.04107  3.86270e-04
 46 -0.34328  2.71407e-01 | 47 -0.46679 -2.23079e-01 | 48 -0.11976  9.28088e-04
 49 -0.23721 -9.98767e-04 | 50 -0.16073 -5.67795e-05 | 51 -0.26069  2.90067e-01
51 variables; iteration 240; function evaluation 302; phase 4
Function value 1.3148958e+02; maximum gradient component mag 6.6061e-04
Var    Value     Gradient |Var    Value     Gradient |Var    Value     Gradient
  1  0.01643 -1.23453e-05 |  2 -0.06319 -5.03944e-07 |  3 -0.09501 -6.11535e-07
  4  0.01593 -1.63895e-06 |  5 -0.01910 -4.99184e-06 |  6  0.01951 -1.14722e-05
  7 -0.04260  3.06227e-06 |  8 -0.09699  6.43563e-06 |  9 -0.06398  1.02314e-05
 10 -0.07330  8.23943e-07 | 11  0.02760 -1.76387e-06 | 12  0.02873 -3.56511e-06
 13  0.07683 -9.57645e-06 | 14  0.01331 -1.84902e-06 | 15 -0.01132  8.17860e-07
 16  0.06598  4.05034e-06 | 17  0.03651  4.28440e-06 | 18 -0.03473  8.47655e-06
 19 -0.00942  1.04042e-05 | 20 -0.02008  1.98281e-05 | 21  0.03851  1.69157e-06
 22  0.04152  3.43398e-07 | 23 -0.04967 -3.22483e-07 | 24 -0.03206 -1.14133e-06
 25 -0.10851 -2.13959e-06 | 26  0.00045 -1.55291e-05 | 27 -0.01994 -2.14900e-05
 28 -0.01846 -8.36114e-06 | 29  0.05781 -3.16647e-05 | 30  0.00307 -1.92554e-05
 31  0.05724  4.82286e-06 | 32 -0.02183  5.81591e-06 | 33  0.04557  9.46630e-06
 34 -0.00281 -1.90934e-06 | 35  0.05542  7.05661e-06 | 36  0.02840  1.13937e-05
 37 -0.00824  2.22326e-05 | 38  0.03179  5.97767e-06 | 39  0.00417  4.69402e-07
 40  0.24894  2.38604e-06 | 41  0.26055  3.21178e-05 | 42  0.27674 -9.24400e-06
 43  0.28172 -1.07525e-05 | 44 -0.27830  4.96507e-05 | 45 -0.04105 -1.74518e-05
 46 -0.35039  6.60355e-04 | 47 -0.45867 -4.64144e-04 | 48 -0.11976  1.36037e-05
 49 -0.23721 -1.63496e-05 | 50 -0.17646 -4.75259e-08 | 51 -0.24787  6.60609e-04
  ic > imax  in fminim is answer attained ?
Var    Value     Gradient |Var    Value     Gradient |Var    Value     Gradient
  1  0.01643 -1.79668e-05 |  2 -0.06319 -1.66265e-09 |  3 -0.09501 -8.95585e-09
  4  0.01593 -1.62288e-08 |  5 -0.01910  2.11721e-07 |  6  0.01951  3.11248e-07
  7 -0.04260  4.47919e-07 |  8 -0.09699  6.40184e-07 |  9 -0.06398  8.58345e-07
 10 -0.07330  2.97970e-07 | 11  0.02760  7.55274e-08 | 12  0.02873 -3.09133e-08
 13  0.07683 -4.54585e-07 | 14  0.01331  1.43315e-07 | 15 -0.01132  1.56054e-07
 16  0.06598  3.26202e-09 | 17  0.03651 -3.90934e-07 | 18 -0.03473 -4.01249e-07
 19 -0.00942  8.04308e-07 | 20 -0.02008  1.22743e-06 | 21  0.03851  2.88791e-07
 22  0.04152  2.24704e-07 | 23 -0.04967  1.93485e-07 | 24 -0.03206  8.51641e-09
 25 -0.10851 -8.59249e-08 | 26  0.00045 -1.46513e-06 | 27 -0.01994 -7.72186e-07
 28 -0.01846 -5.53485e-07 | 29  0.05781 -2.38611e-06 | 30  0.00307 -1.03454e-06
 31  0.05724 -1.31486e-07 | 32 -0.02183  3.25360e-07 | 33  0.04557  1.22950e-07
 34 -0.00281  2.65954e-09 | 35  0.05542  2.18483e-07 | 36  0.02840  3.04542e-07
 37 -0.00824  5.66824e-07 | 38  0.03179  1.81099e-07 | 39  0.00417  1.70608e-07
 40  0.24894  4.45888e-07 | 41  0.26055 -2.70014e-06 | 42  0.27674 -4.20347e-07
 43  0.28172 -5.78847e-07 | 44 -0.27830  1.03912e-05 | 45 -0.04105 -3.62887e-06
 46 -0.35039  6.36609e-04 | 47 -0.45867 -4.44161e-04 | 48 -0.11976 -1.15273e-06
 49 -0.23721  8.12066e-07 | 50 -0.17646  8.58076e-09 | 51 -0.24787  6.34782e-04
Function minimizer not making progress ... is minimum attained?
Minimprove criterion = 0.0000e+00

 - final statistics:
51 variables; iteration 243; function evaluation 334
Function value 1.3149e+02; maximum gradient component mag 6.3661e-04
Exit code = 1;  converg criter 1.0000e-04
Var    Value     Gradient |Var    Value     Gradient |Var    Value     Gradient
  1  0.01643 -1.79668e-05 |  2 -0.06319 -1.66265e-09 |  3 -0.09501 -8.95585e-09
  4  0.01593 -1.62288e-08 |  5 -0.01910  2.11721e-07 |  6  0.01951  3.11248e-07
  7 -0.04260  4.47919e-07 |  8 -0.09699  6.40184e-07 |  9 -0.06398  8.58345e-07
 10 -0.07330  2.97970e-07 | 11  0.02760  7.55274e-08 | 12  0.02873 -3.09133e-08
 13  0.07683 -4.54585e-07 | 14  0.01331  1.43315e-07 | 15 -0.01132  1.56054e-07
 16  0.06598  3.26202e-09 | 17  0.03651 -3.90934e-07 | 18 -0.03473 -4.01249e-07
 19 -0.00942  8.04308e-07 | 20 -0.02008  1.22743e-06 | 21  0.03851  2.88791e-07
 22  0.04152  2.24704e-07 | 23 -0.04967  1.93485e-07 | 24 -0.03206  8.51641e-09
 25 -0.10851 -8.59249e-08 | 26  0.00045 -1.46513e-06 | 27 -0.01994 -7.72186e-07
 28 -0.01846 -5.53485e-07 | 29  0.05781 -2.38611e-06 | 30  0.00307 -1.03454e-06
 31  0.05724 -1.31486e-07 | 32 -0.02183  3.25360e-07 | 33  0.04557  1.22950e-07
 34 -0.00281  2.65954e-09 | 35  0.05542  2.18483e-07 | 36  0.02840  3.04542e-07
 37 -0.00824  5.66824e-07 | 38  0.03179  1.81099e-07 | 39  0.00417  1.70608e-07
 40  0.24894  4.45888e-07 | 41  0.26055 -2.70014e-06 | 42  0.27674 -4.20347e-07
 43  0.28172 -5.78847e-07 | 44 -0.27830  1.03912e-05 | 45 -0.04105 -3.62887e-06
 46 -0.35039  6.36609e-04 | 47 -0.45867 -4.44161e-04 | 48 -0.11976 -1.15273e-06
 49 -0.23721  8.12066e-07 | 50 -0.17646  8.58076e-09 | 51 -0.24787  6.34782e-04
Estimating row 1 out of 51 for hessian
Estimating row 2 out of 51 for hessian
Estimating row 3 out of 51 for hessian
Estimating row 4 out of 51 for hessian
Estimating row 5 out of 51 for hessian
Estimating row 6 out of 51 for hessian
Estimating row 7 out of 51 for hessian
Estimating row 8 out of 51 for hessian
Estimating row 9 out of 51 for hessian
Estimating row 10 out of 51 for hessian
Estimating row 11 out of 51 for hessian
Estimating row 12 out of 51 for hessian
Estimating row 13 out of 51 for hessian
Estimating row 14 out of 51 for hessian
Estimating row 15 out of 51 for hessian
Estimating row 16 out of 51 for hessian
Estimating row 17 out of 51 for hessian
Estimating row 18 out of 51 for hessian
Estimating row 19 out of 51 for hessian
Estimating row 20 out of 51 for hessian
Estimating row 21 out of 51 for hessian
Estimating row 22 out of 51 for hessian
Estimating row 23 out of 51 for hessian
Estimating row 24 out of 51 for hessian
Estimating row 25 out of 51 for hessian
Estimating row 26 out of 51 for hessian
Estimating row 27 out of 51 for hessian
Estimating row 28 out of 51 for hessian
Estimating row 29 out of 51 for hessian
Estimating row 30 out of 51 for hessian
Estimating row 31 out of 51 for hessian
Estimating row 32 out of 51 for hessian
Estimating row 33 out of 51 for hessian
Estimating row 34 out of 51 for hessian
Estimating row 35 out of 51 for hessian
Estimating row 36 out of 51 for hessian
Estimating row 37 out of 51 for hessian
Estimating row 38 out of 51 for hessian
Estimating row 39 out of 51 for hessian
Estimating row 40 out of 51 for hessian
Estimating row 41 out of 51 for hessian
Estimating row 42 out of 51 for hessian
Estimating row 43 out of 51 for hessian
Estimating row 44 out of 51 for hessian
Estimating row 45 out of 51 for hessian
Estimating row 46 out of 51 for hessian
Estimating row 47 out of 51 for hessian
Estimating row 48 out of 51 for hessian
Estimating row 49 out of 51 for hessian
Estimating row 50 out of 51 for hessian
Estimating row 51 out of 51 for hessian
size of file gradfil1.tmp = 0
size of file gradfil2.tmp = 0
size of file varssave.tmp = 0
size of file cmpdiff.tmp = 0
