
Initial statistics: 2 variables; iteration 0; function evaluation 0; phase 1
Function value 2.4128987e+04; maximum gradient component mag 6.2707e+04
Var    Value     Gradient |Var    Value     Gradient |Var    Value     Gradient
  1  0.33333  6.27074e+04 |  2  0.21635  2.83125e+04 |

 - final statistics:
2 variables; iteration 8; function evaluation 35
Function value 2.4041e+03; maximum gradient component mag 3.2224e+00
Exit code = 1;  converg criter 1.0000e+01
Var    Value     Gradient |Var    Value     Gradient |Var    Value     Gradient
  1 -0.11902  3.22241e+00 |  2  0.23217  3.21312e-01 |

Initial statistics: 45 variables; iteration 0; function evaluation 0; phase 2
Function value 2.4040668e+03; maximum gradient component mag 7.4126e+03
Var    Value     Gradient |Var    Value     Gradient |Var    Value     Gradient
  1 -0.11902  3.22241e+00 |  2  0.00000  3.88782e+03 |  3  0.00000  3.95896e+02
  4  0.00000  2.26864e+02 |  5  0.00000  3.93999e+02 |  6  0.00000  3.44862e+02
  7  0.00000  3.96050e+02 |  8  0.00000  4.76303e+02 |  9  0.00000  4.76134e+02
 10  0.00000  5.19418e+02 | 11  0.00000  4.91801e+02 | 12  0.00000  5.47772e+02
 13  0.00000  5.17791e+02 | 14  0.00000  5.75339e+02 | 15  0.00000  6.11674e+02
 16  0.00000  5.55050e+02 | 17  0.00000  5.98094e+02 | 18  0.00000  6.67800e+02
 19  0.00000  5.93077e+02 | 20  0.00000  6.31692e+02 | 21  0.00000  5.58828e+02
 22  0.00000  5.63412e+02 | 23  0.00000  7.13341e+02 | 24  0.00000  6.35960e+02
 25  0.00000  7.23715e+02 | 26  0.00000  6.27051e+02 | 27  0.00000  5.97160e+02
 28  0.00000  5.11580e+02 | 29  0.00000 -5.68863e+01 | 30  0.00000 -6.46303e+02
 31  0.00000 -1.76355e+03 | 32  0.00000 -9.51614e+02 | 33  0.00000 -1.51502e+03
 34  0.00000 -1.41121e+03 | 35  0.00000 -2.01992e+03 | 36  0.00000 -1.75817e+03
 37  0.00000 -1.46897e+03 | 38  0.00000 -1.63886e+03 | 39  0.00000 -9.73963e+01
 40  0.21635 -8.98296e+02 | 41  0.21635 -9.71873e+02 | 42  0.23217  3.21312e-01
 43 -0.30909  6.41078e+01 | 44  0.12819  2.05614e+01 | 45 -0.30909  7.41256e+03

Intermediate statistics: 45 variables; iteration 20; function evaluation 43; phase 2
Function value 1.2150747e+03; maximum gradient component mag 3.7299e+04
Var    Value     Gradient |Var    Value     Gradient |Var    Value     Gradient
  1 -0.11016  3.72994e+04 |  2 -0.17349  3.45779e+03 |  3 -0.07628  7.40772e+02
  4 -0.05444  6.51498e+02 |  5 -0.05469  2.59246e+02 |  6 -0.04073  2.89445e+02
  7 -0.04240  3.90668e+02 |  8 -0.04619  4.63992e+02 |  9 -0.04154  5.01400e+02
 10 -0.04472  5.91603e+02 | 11 -0.03738  6.10084e+02 | 12 -0.03630  5.80259e+02
 13 -0.02540  5.28225e+02 | 14 -0.02058  5.93096e+02 | 15 -0.01970  7.19096e+02
 16 -0.00948  6.00598e+02 | 17 -0.00698  4.97264e+02 | 18 -0.01031  4.75083e+02
 19  0.00090  4.18827e+02 | 20 -0.00315  3.10277e+02 | 21  0.00393  2.76341e+02
 22 -0.00132  2.19856e+02 | 23 -0.01928  2.81412e+02 | 24 -0.00620  3.30345e+02
 25 -0.02415  2.54596e+02 | 26 -0.01139  1.61229e+02 | 27 -0.00328  1.36188e+02
 28 -0.02007 -5.89378e+01 | 29  0.01148 -4.36769e+02 | 30 -0.00296 -7.82475e+02
 31  0.09588 -9.38494e+02 | 32 -0.01769 -9.00033e+02 | 33  0.00730 -1.34825e+03
 34 -0.01950 -1.01218e+03 | 35  0.03057 -1.37217e+03 | 36  0.02604 -1.04325e+03
 37  0.01359 -8.88932e+02 | 38  0.12634 -8.12142e+02 | 39  0.25092 -7.23580e+01
 40  0.22058 -4.97194e+03 | 41  0.22148 -2.87337e+03 | 42  0.21771 -1.87497e+03
 43 -0.32580  1.32503e+02 | 44  0.24640  5.84984e+01 | 45 -0.32887  1.07865e+03
45 variables; iteration 40; function evaluation 79; phase 2
Function value 1.0481940e+03; maximum gradient component mag 8.0992e+04
Var    Value     Gradient |Var    Value     Gradient |Var    Value     Gradient
  1 -0.10711  8.09917e+04 |  2 -0.20523  3.84187e+03 |  3 -0.09672  8.93202e+02
  4 -0.04768  1.04036e+03 |  5 -0.03697  1.35677e+02 |  6 -0.02471  1.87346e+02
  7 -0.02604  3.49166e+02 |  8 -0.02543  5.12266e+02 |  9 -0.02901  4.96206e+02
 10 -0.02442  7.74466e+02 | 11 -0.01875  8.47983e+02 | 12 -0.02246  7.41999e+02
 13 -0.01907  6.28823e+02 | 14 -0.01732  7.35782e+02 | 15 -0.01484  9.99255e+02
 16 -0.01454  7.71935e+02 | 17 -0.01982  5.75539e+02 | 18 -0.03753  4.09371e+02
 19 -0.02880  4.14036e+02 | 20 -0.04502  1.54646e+02 | 21 -0.02867  2.27898e+02
 22 -0.03037  1.22317e+02 | 23 -0.05400  4.95664e+01 | 24 -0.04197  1.06676e+02
 25 -0.05457  5.29248e+00 | 26 -0.02291  4.61819e+01 | 27 -0.00875  5.79861e+01
 28 -0.02584 -2.36456e+02 | 29  0.02429 -4.64087e+02 | 30 -0.01352 -9.84262e+02
 31  0.10551 -2.25449e+02 | 32  0.00962 -6.70161e+02 | 33  0.02858 -1.09296e+03
 34 -0.00251 -8.02702e+02 | 35  0.05188 -1.00194e+03 | 36  0.03498 -1.04206e+03
 37  0.03068 -1.09203e+03 | 38  0.13382 -1.15105e+03 | 39  0.27512 -6.03569e+02
 40  0.23316 -1.63893e+03 | 41  0.23549 -8.46421e+02 | 42  0.22151 -1.52146e+03
 43 -0.32592  8.89004e+02 | 44  0.16486  9.28096e+01 | 45 -0.33477 -1.07220e+01
Maximum number of function evaluations exceeded

 - final statistics:
45 variables; iteration 52; function evaluation 100
Function value 1.0099e+03; maximum gradient component mag 2.3556e+04
Exit code = 3;  converg criter 1.0000e+01
Var    Value     Gradient |Var    Value     Gradient |Var    Value     Gradient
  1 -0.10612  2.35557e+04 |  2 -0.22251  2.10757e+03 |  3 -0.11537  4.72507e+02
  4 -0.06083  4.91443e+02 |  5 -0.05772  2.48464e+02 |  6 -0.03060  2.95273e+02
  7 -0.03294  3.58124e+02 |  8 -0.03434  4.16864e+02 |  9 -0.02697  4.26594e+02
 10 -0.02853  4.87801e+02 | 11 -0.02022  4.77179e+02 | 12 -0.01734  4.71059e+02
 13 -0.01890  3.36422e+02 | 14 -0.00734  4.17840e+02 | 15 -0.00720  4.83245e+02
 16 -0.00074  3.79709e+02 | 17 -0.00756  2.76770e+02 | 18 -0.02733  1.92469e+02
 19 -0.02033  1.06052e+02 | 20 -0.03659  6.01413e+00 | 21 -0.02633 -6.00235e+01
 22 -0.03405 -1.24623e+02 | 23 -0.05702 -7.72677e+01 | 24 -0.05226 -1.69994e+02
 25 -0.06683 -1.60797e+02 | 26 -0.03087 -2.28637e+02 | 27 -0.01896 -2.70061e+02
 28 -0.03553 -3.84647e+02 | 29  0.02934 -6.99922e+02 | 30 -0.01448 -8.01422e+02
 31  0.10649 -5.11876e+02 | 32  0.00380 -2.81289e+02 | 33  0.03082 -5.95161e+02
 34  0.00084 -6.05376e+01 | 35  0.05268 -2.95950e+02 | 36  0.04193 -1.97849e+02
 37  0.05042 -1.12263e+02 | 38  0.14169 -2.93197e+02 | 39  0.26476  5.87780e+01
 40  0.23887 -2.83171e+02 | 41  0.23847 -4.02360e+02 | 42  0.22712 -9.77839e+02
 43 -0.33857 -3.18417e+02 | 44  0.07002 -4.56842e+01 | 45 -0.34040 -3.80155e+02

Initial statistics: 49 variables; iteration 0; function evaluation 0; phase 3
Function value 1.0099041e+03; maximum gradient component mag 2.3659e+04
Var    Value     Gradient |Var    Value     Gradient |Var    Value     Gradient
  1 -0.10612  2.36590e+04 |  2 -0.22251  2.11139e+03 |  3 -0.11537  4.73258e+02
  4 -0.06083  4.92698e+02 |  5 -0.05781  2.45065e+02 |  6 -0.03068  2.92419e+02
  7 -0.03302  3.55296e+02 |  8 -0.03443  4.14059e+02 |  9 -0.02705  4.24230e+02
 10 -0.02861  4.85406e+02 | 11 -0.02030  4.75352e+02 | 12 -0.01742  4.69167e+02
 13 -0.01898  3.34440e+02 | 14 -0.00742  4.15593e+02 | 15 -0.00728  4.81429e+02
 16 -0.00082  3.78357e+02 | 17 -0.00764  2.74968e+02 | 18 -0.02742  1.90026e+02
 19 -0.02041  1.03990e+02 | 20 -0.03668  3.25336e+00 | 21 -0.02641 -6.27046e+01
 22 -0.03413 -1.27446e+02 | 23 -0.05711 -8.05866e+01 | 24 -0.05234 -1.73205e+02
 25 -0.06691 -1.64384e+02 | 26 -0.03095 -2.31977e+02 | 27 -0.01904 -2.73370e+02
 28 -0.03561 -3.88038e+02 | 29  0.02926 -7.03139e+02 | 30 -0.01457 -8.04975e+02
 31  0.10640 -5.14670e+02 | 32  0.00372 -2.85681e+02 | 33  0.03073 -5.98914e+02
 34  0.00076 -6.36284e+01 | 35  0.05260 -2.99310e+02 | 36  0.04185 -2.01245e+02
 37  0.05034 -1.15663e+02 | 38  0.14160 -2.96796e+02 | 39  0.26467  5.47110e+01
 40  0.23887 -2.76360e+02 | 41  0.23847 -4.00089e+02 | 42  0.21635 -2.98730e+03
 43  0.22712 -9.73632e+02 | 44 -0.33857 -3.17336e+02 | 45  0.07002 -4.56647e+01
 46 -0.30909 -1.55505e+02 | 47 -0.43452  8.16684e-04 | 48 -0.34040 -3.80781e+02
 49 -0.36199 -9.31063e+01 |

Intermediate statistics: 49 variables; iteration 20; function evaluation 45; phase 3
Function value 5.6984658e+02; maximum gradient component mag -6.1389e+04
Var    Value     Gradient |Var    Value     Gradient |Var    Value     Gradient
  1 -0.10808 -6.13892e+04 |  2 -0.31646 -1.54791e+03 |  3 -0.10836 -7.58987e+02
  4 -0.03956 -1.16524e+03 |  5 -0.05030 -1.83256e+02 |  6 -0.02890 -2.82424e+02
  7 -0.06353 -4.30161e+01 |  8 -0.07401  9.12418e+00 |  9 -0.06240 -1.07663e+02
 10 -0.05567 -4.16429e+02 | 11 -0.03195 -7.30552e+02 | 12 -0.03208 -5.43913e+02
 13 -0.01734 -4.72889e+02 | 14  0.01275 -5.97432e+02 | 15  0.01700 -7.62331e+02
 16  0.02837 -6.77055e+02 | 17  0.02664 -3.80143e+02 | 18  0.00709 -1.25025e+02
 19  0.01767 -2.17321e+02 | 20  0.00031 -6.43573e+01 | 21  0.00949 -1.80416e+02
 22 -0.02129  1.36795e+01 | 23 -0.08642  2.87365e+02 | 24 -0.05595  8.89159e+01
 25 -0.09726  2.72539e+02 | 26 -0.04757  1.08216e+02 | 27 -0.02765  1.43540e+02
 28  0.00137  7.05130e+01 | 29  0.10379 -5.27509e+02 | 30  0.06345 -3.17047e+02
 31  0.07516 -1.01943e+03 | 32 -0.00361  1.65387e+02 | 33  0.05984  1.70983e+03
 34 -0.02442  7.96201e+02 | 35  0.05865  8.59058e+02 | 36  0.03367  6.54283e+02
 37  0.03657  9.77038e+02 | 38  0.09582  7.79457e+02 | 39  0.13849  8.50098e+02
 40  0.25114 -6.72493e+02 | 41  0.25740 -8.92751e+02 | 42  0.24883 -1.96386e+03
 43  0.25733 -2.54356e+02 | 44 -0.27382  4.58650e+02 | 45  0.02550 -1.12090e+02
 46 -0.24828  4.16663e+02 | 47 -0.38722 -2.53124e+02 | 48 -0.28110  3.06288e+02
 49 -0.32525 -3.62903e+01 |
49 variables; iteration 40; function evaluation 76; phase 3
Function value 5.4608289e+02; maximum gradient component mag 1.6507e+05
Var    Value     Gradient |Var    Value     Gradient |Var    Value     Gradient
  1 -0.10853  1.65075e+05 |  2 -0.31271  1.08197e+04 |  3 -0.11002  5.10088e+03
  4 -0.04408  6.59101e+03 |  5 -0.04715  3.82443e+03 |  6 -0.02621  3.71464e+03
  7 -0.06360  1.88709e+03 |  8 -0.07001  1.61091e+03 |  9 -0.05912  1.52928e+03
 10 -0.05330  2.32793e+03 | 11 -0.02804  2.94386e+03 | 12 -0.02831  2.27547e+03
 13 -0.01437  1.77661e+03 | 14  0.00650  1.96619e+03 | 15  0.00861  2.09613e+03
 16  0.02840  1.63117e+03 | 17  0.02413  7.43351e+02 | 18  0.00712  6.66346e+01
 19  0.01876 -3.00389e+02 | 20  0.01430 -7.21544e+02 | 21  0.02230 -9.83116e+02
 22 -0.00106 -1.31376e+03 | 23 -0.09973 -1.57168e+03 | 24 -0.00962 -1.45345e+03
 25 -0.10513 -1.69464e+03 | 26 -0.04267 -1.80044e+03 | 27 -0.09222 -1.86344e+03
 28  0.01129 -1.78794e+03 | 29  0.10459 -1.96749e+03 | 30  0.07042 -9.97520e+02
 31  0.07237 -2.20085e+03 | 32  0.01173 -1.39995e+03 | 33  0.05236  2.22810e+02
 34 -0.01736 -1.05729e+03 | 35  0.06217 -8.29397e+02 | 36  0.04002 -1.31587e+03
 37  0.03323 -1.42610e+03 | 38  0.08786 -1.72852e+03 | 39  0.09385 -1.66920e+03
 40  0.25164 -5.54154e+02 | 41  0.26251 -7.85390e+02 | 42  0.25142 -1.70168e+03
 43  0.26033 -2.29788e+00 | 44 -0.27681  6.03739e+03 | 45  0.02651 -1.22783e+03
 46 -0.18300  3.18804e+02 | 47 -0.29255 -1.06585e+02 | 48 -0.27370  2.04430e+02
 49 -0.27767  6.40594e+00 |
49 variables; iteration 60; function evaluation 106; phase 3
Function value 4.2607458e+02; maximum gradient component mag 6.5388e+05
Var    Value     Gradient |Var    Value     Gradient |Var    Value     Gradient
  1 -0.10891  6.53883e+05 |  2 -0.30797  4.54377e+04 |  3 -0.10949  2.07714e+04
  4 -0.04201  2.77785e+04 |  5 -0.04978  1.60540e+04 |  6 -0.02869  1.61304e+04
  7 -0.08025  7.36348e+03 |  8 -0.08585  6.28268e+03 |  9 -0.07047  6.29138e+03
 10 -0.06888  9.18507e+03 | 11 -0.03364  1.30394e+04 | 12 -0.03331  9.79663e+03
 13 -0.00950  8.38618e+03 | 14  0.01327  7.63991e+03 | 15  0.01393  6.77526e+03
 16  0.04341  5.61196e+03 | 17  0.04863  2.36713e+03 | 18  0.02602 -9.85949e+02
 19  0.02670 -2.69654e+03 | 20  0.02291 -4.02086e+03 | 21  0.02747 -4.82310e+03
 22  0.00425 -5.60562e+03 | 23 -0.24801 -6.17038e+03 | 24  0.01471 -5.73775e+03
 25 -0.20954 -6.30945e+03 | 26  0.07538 -6.05087e+03 | 27 -0.04348 -6.64720e+03
 28  0.01198 -6.19048e+03 | 29  0.09664 -6.09962e+03 | 30  0.05593 -4.87433e+03
 31  0.09506 -3.17502e+03 | 32  0.02552 -5.16336e+03 | 33  0.03719 -4.21518e+03
 34 -0.01273 -5.46327e+03 | 35  0.06429 -5.16129e+03 | 36  0.05578 -5.65659e+03
 37  0.03026 -6.26707e+03 | 38  0.09900 -6.18640e+03 | 39  0.07365 -6.62172e+03
 40  0.26161  2.72851e+02 | 41  0.26920  2.88734e+02 | 42  0.29168  9.53666e+02
 43  0.26579  3.12279e+02 | 44 -0.28561  1.81742e+04 | 45  0.00092 -3.28388e+03
 46 -0.24401 -1.29636e+02 | 47 -0.29773  5.64102e+01 | 48 -0.30006 -1.90900e+02
 49 -0.43474  3.41446e+01 |
49 variables; iteration 80; function evaluation 153; phase 3
Function value 3.8857566e+02; maximum gradient component mag -1.2679e+05
Var    Value     Gradient |Var    Value     Gradient |Var    Value     Gradient
  1 -0.10925 -1.26793e+05 |  2 -0.31311 -1.01760e+04 |  3 -0.11243 -4.71431e+03
  4 -0.04055 -6.64276e+03 |  5 -0.04199 -4.51789e+03 |  6 -0.02218 -4.53441e+03
  7 -0.10516 -1.59690e+03 |  8 -0.10856 -1.32126e+03 |  9 -0.08118 -1.28781e+03
 10 -0.08252 -1.08080e+03 | 11 -0.03217 -2.01365e+03 | 12 -0.02006 -1.65411e+03
 13  0.01038 -1.49522e+03 | 14  0.01746 -5.05982e+02 | 15  0.01112  2.36537e+01
 16  0.07452 -2.29994e+02 | 17  0.06625  2.52991e+02 | 18  0.01769  6.99102e+02
 19  0.01759  7.35442e+02 | 20  0.02356  7.91859e+02 | 21  0.02646  6.75840e+02
 22  0.05222  4.68913e+02 | 23 -0.41542  7.35821e+02 | 24 -0.02704  8.38208e+02
 25 -0.12044  9.51997e+02 | 26  0.06072  5.24737e+02 | 27  0.02785  8.22770e+02
 28  0.01860  1.03248e+03 | 29  0.09108  7.32304e+02 | 30  0.04926  9.68116e+02
 31  0.10289  8.68765e+02 | 32  0.01580  1.09298e+03 | 33  0.03599  1.03684e+03
 34 -0.01434  1.07343e+03 | 35  0.06603  1.05155e+03 | 36  0.05263  1.10149e+03
 37  0.03239  1.15304e+03 | 38  0.09426  1.18535e+03 | 39  0.07495  1.14691e+03
 40  0.26154 -6.80404e+01 | 41  0.27286  7.18198e+01 | 42  0.28225  4.72848e+01
 43  0.26214 -6.79456e+01 | 44 -0.28511 -1.58809e+03 | 45  0.00191  2.90182e+02
 46 -0.21703 -1.45818e+01 | 47 -0.29813  1.64588e+01 | 48 -0.30691 -1.69773e+03
 49 -0.47309  2.72530e+02 |
49 variables; iteration 100; function evaluation 203; phase 3
Function value 3.7597134e+02; maximum gradient component mag 3.5708e+04
Var    Value     Gradient |Var    Value     Gradient |Var    Value     Gradient
  1 -0.10902  3.57081e+04 |  2 -0.32493  3.44391e+03 |  3 -0.11145  1.75736e+03
  4 -0.03558  2.33595e+03 |  5 -0.04444  1.51460e+03 |  6 -0.01708  1.39350e+03
  7 -0.09191  1.86013e+02 |  8 -0.10518  9.78701e+01 |  9 -0.08203  8.10759e+01
 10 -0.09028  3.77513e+02 | 11 -0.02330  6.53573e+02 | 12 -0.02733  3.88810e+02
 13  0.01203  3.40330e+02 | 14  0.02736  2.76069e+02 | 15  0.01697  1.72344e+02
 16  0.07608  1.26929e+02 | 17  0.06316 -6.94176e+01 | 18 -0.02728 -2.86788e+02
 19  0.02922 -3.11489e+02 | 20  0.03069 -3.50968e+02 | 21  0.02771 -3.47355e+02
 22  0.05270 -3.21974e+02 | 23 -0.37637 -4.29414e+02 | 24 -0.03144 -4.12674e+02
 25 -0.15444 -4.09781e+02 | 26  0.06709 -2.45344e+02 | 27  0.02252 -3.94412e+02
 28  0.01058 -3.38293e+02 | 29  0.09411 -5.50153e+02 | 30  0.04950 -1.66571e+02
 31  0.10177  1.44989e+02 | 32  0.01539 -9.97312e+01 | 33  0.03525  1.14436e+02
 34 -0.01350 -1.03682e+02 | 35  0.06718 -2.31847e+01 | 36  0.05354 -1.43086e+02
 37  0.03146 -2.41632e+02 | 38  0.09325 -2.67389e+02 | 39  0.08352 -2.94945e+02
 40  0.26169  8.52806e+01 | 41  0.27103  1.65939e+02 | 42  0.28102  1.76951e+01
 43  0.26240 -2.49718e+01 | 44 -0.28187  7.41159e+02 | 45  0.01889 -1.32456e+02
 46 -0.30899  3.08618e+02 | 47 -0.48659 -1.42120e+02 | 48 -0.29845 -1.77772e+02
 49 -0.42389  3.12693e+01 |
49 variables; iteration 120; function evaluation 231; phase 3
Function value 3.6891826e+02; maximum gradient component mag 2.0872e+04
Var    Value     Gradient |Var    Value     Gradient |Var    Value     Gradient
  1 -0.10886  2.08722e+04 |  2 -0.33233  1.86777e+03 |  3 -0.11563  9.73808e+02
  4 -0.03353  1.29243e+03 |  5 -0.03845  8.48057e+02 |  6 -0.01489  8.39629e+02
  7 -0.09116  4.11424e+02 |  8 -0.10274  3.04039e+02 |  9 -0.07383  2.84370e+02
 10 -0.09417  3.88196e+02 | 11 -0.02820  6.04536e+02 | 12 -0.02570  4.13778e+02
 13  0.01704  3.81757e+02 | 14  0.02975  2.76625e+02 | 15  0.00831  1.30863e+02
 16  0.07189  8.62087e+01 | 17  0.07028 -2.16607e+01 | 18 -0.00284 -1.76226e+02
 19  0.00522 -3.03943e+02 | 20  0.03477 -2.92111e+02 | 21  0.02363 -3.11923e+02
 22  0.05036 -2.47542e+02 | 23 -0.38033 -3.35999e+02 | 24 -0.01872 -2.64816e+02
 25 -0.15999 -3.00333e+02 | 26  0.06374 -1.91839e+02 | 27  0.02728 -2.88732e+02
 28  0.00347 -2.21449e+02 | 29  0.10567 -3.15494e+02 | 30  0.04195 -2.03851e+02
 31  0.10199 -7.75090e+01 | 32  0.01508 -1.40093e+02 | 33  0.03349 -1.73260e+02
 34 -0.01359 -1.75032e+02 | 35  0.06603 -1.64179e+02 | 36  0.05268 -1.66936e+02
 37  0.03196 -1.71269e+02 | 38  0.09127 -1.84933e+02 | 39  0.07475 -1.97890e+02
 40  0.26146  1.13219e+01 | 41  0.26999  3.26969e+00 | 42  0.28037 -4.41636e+01
 43  0.26262 -1.02700e-01 | 44 -0.28465  4.13954e+02 | 45  0.00051 -7.71563e+01
 46 -0.30278  9.85392e+01 | 47 -0.47312 -4.57674e+01 | 48 -0.28984  3.52286e+01
 49 -0.37477 -1.62501e+00 |
49 variables; iteration 140; function evaluation 252; phase 3
Function value 3.6721597e+02; maximum gradient component mag 2.7659e+04
Var    Value     Gradient |Var    Value     Gradient |Var    Value     Gradient
  1 -0.10873  2.76595e+04 |  2 -0.32766  1.77405e+03 |  3 -0.12499  8.23759e+02
  4 -0.03999  1.10098e+03 |  5 -0.03672  6.55228e+02 |  6 -0.01073  6.97684e+02
  7 -0.09816  2.84148e+02 |  8 -0.09941  2.45030e+02 |  9 -0.07201  2.75417e+02
 10 -0.09348  6.10983e+02 | 11 -0.02885  9.88355e+02 | 12 -0.02363  7.41204e+02
 13  0.01567  6.95006e+02 | 14  0.02018  5.50942e+02 | 15  0.00750  2.52225e+02
 16  0.08308  2.67768e+02 | 17  0.07188  2.45647e+01 | 18 -0.00487 -2.32108e+02
 19  0.00286 -3.78463e+02 | 20  0.02517 -3.86404e+02 | 21  0.02353 -3.90774e+02
 22  0.05280 -2.59065e+02 | 23 -0.37144 -4.28201e+02 | 24 -0.02783 -3.70002e+02
 25 -0.15138 -3.96515e+02 | 26  0.06334 -2.17329e+02 | 27  0.02749 -3.58129e+02
 28 -0.00380 -3.11692e+02 | 29  0.11062 -2.77602e+02 | 30  0.04340 -2.14089e+02
 31  0.10110 -6.08397e+01 | 32  0.01402 -2.13618e+02 | 33  0.03350 -1.82971e+02
 34 -0.01366 -2.36875e+02 | 35  0.06573 -2.15501e+02 | 36  0.05265 -2.41644e+02
 37  0.03161 -2.66895e+02 | 38  0.09144 -2.80845e+02 | 39  0.07636 -3.07686e+02
 40  0.26142  8.97793e+00 | 41  0.26980 -3.78564e+00 | 42  0.28052 -1.14290e+01
 43  0.26254  1.26004e-01 | 44 -0.29101  1.04342e+03 | 45 -0.03308 -1.98383e+02
 46 -0.29902  1.18753e+01 | 47 -0.46495 -5.53964e+00 | 48 -0.29138  1.20113e+02
 49 -0.38426 -1.93264e+01 |
49 variables; iteration 160; function evaluation 275; phase 3
Function value 3.6280292e+02; maximum gradient component mag 8.6280e+04
Var    Value     Gradient |Var    Value     Gradient |Var    Value     Gradient
  1 -0.10869  8.62796e+04 |  2 -0.32225  4.74795e+03 |  3 -0.13170  2.00659e+03
  4 -0.03311  3.24640e+03 |  5 -0.04122  1.62681e+03 |  6 -0.02005  1.70362e+03
  7 -0.10635  6.18334e+02 |  8 -0.09326  6.81644e+02 |  9 -0.06331  8.48999e+02
 10 -0.09626  1.35746e+03 | 11 -0.03490  2.36304e+03 | 12 -0.02372  1.92467e+03
 13  0.02200  2.03591e+03 | 14  0.02251  1.41618e+03 | 15 -0.00784  2.68866e+02
 16  0.08841  6.72464e+02 | 17  0.07716  3.12258e+01 | 18 -0.01112 -6.67081e+02
 19 -0.00143 -8.53570e+02 | 20  0.04372 -8.02690e+02 | 21  0.02255 -8.14898e+02
 22  0.04579 -6.23762e+02 | 23 -0.26309 -1.01945e+03 | 24 -0.01090 -8.50965e+02
 25 -0.25325 -1.01443e+03 | 26  0.07011 -5.14707e+02 | 27  0.01106 -8.63120e+02
 28  0.00312 -5.00546e+02 | 29  0.10821 -4.11384e+02 | 30  0.05078 -3.67674e+02
 31  0.09966 -6.17625e+01 | 32  0.01391 -6.54533e+02 | 33  0.03278 -5.01752e+02
 34 -0.01360 -7.28693e+02 | 35  0.06582 -6.63005e+02 | 36  0.05324 -7.75975e+02
 37  0.03163 -8.72366e+02 | 38  0.09122 -9.02673e+02 | 39  0.07193 -9.76818e+02
 40  0.26150  3.14243e+01 | 41  0.27066  1.18396e+02 | 42  0.28089  2.17258e+01
 43  0.26269  8.02300e+00 | 44 -0.29877  4.37481e+03 | 45 -0.07293 -8.19015e+02
 46 -0.28898 -6.34388e+01 | 47 -0.44315  2.98650e+01 | 48 -0.29741  4.66324e+02
 49 -0.41990 -8.45424e+01 |
49 variables; iteration 180; function evaluation 299; phase 3
Function value 3.5139597e+02; maximum gradient component mag -9.2253e+03
Var    Value     Gradient |Var    Value     Gradient |Var    Value     Gradient
  1 -0.10798 -9.22530e+03 |  2 -0.32668  1.10639e+03 |  3 -0.12852  4.94317e+02
  4 -0.03519  6.69703e+02 |  5 -0.03923  7.17484e+02 |  6 -0.01961  5.95352e+02
  7 -0.11073  2.14755e+02 |  8 -0.09657  2.56848e+02 |  9 -0.07154  1.84201e+02
 10 -0.09804  1.34372e+02 | 11 -0.04289  8.04341e+00 | 12 -0.01550  5.05083e+00
 13  0.02221 -4.53779e+01 | 14  0.02668  5.90213e+01 | 15 -0.02213  8.33895e+01
 16  0.09254 -1.10275e+00 | 17  0.05975  3.47695e+01 | 18 -0.00554  7.76999e+01
 19  0.00557  2.84940e+00 | 20  0.04559  9.61250e+00 | 21  0.01869 -2.11365e+02
 22  0.03989 -3.93683e+02 | 23 -0.12301 -4.20538e+01 | 24 -0.04045 -1.46559e+02
 25 -0.32139 -2.06957e+01 | 26  0.05974 -4.69944e+02 | 27  0.03317 -2.68884e+02
 28 -0.00456 -1.40436e+02 | 29  0.11127 -4.35401e+02 | 30  0.03869 -2.15599e+02
 31  0.09874 -6.38462e+02 | 32  0.01457 -2.27056e+01 | 33  0.03271 -6.41413e+01
 34 -0.01563  6.23178e+01 | 35  0.06507  5.07465e+01 | 36  0.05086  1.10078e+02
 37  0.03040  1.58559e+02 | 38  0.08929  1.50097e+02 | 39  0.07723  1.86692e+02
 40  0.26124 -2.07368e+01 | 41  0.26983 -4.77925e+01 | 42  0.28026 -3.17960e+01
 43  0.26290 -3.06441e+01 | 44 -0.30599 -7.73456e+03 | 45 -0.11186  1.46974e+03
 46 -0.27360 -3.86402e+01 | 47 -0.40973  1.86939e+01 | 48 -0.29408  1.34423e+02
 49 -0.40221 -2.42778e+01 |
  ic > imax  in fminim is answer attained ?
Var    Value     Gradient |Var    Value     Gradient |Var    Value     Gradient
  1 -0.10734  3.34919e+04 |  2 -0.33167  3.54110e+03 |  3 -0.12859  1.64859e+03
  4 -0.03635  2.49293e+03 |  5 -0.03962  1.76314e+03 |  6 -0.01532  1.60872e+03
  7 -0.10872  2.50821e+02 |  8 -0.09714  2.96461e+02 |  9 -0.07946  2.66478e+02
 10 -0.10268  5.64366e+02 | 11 -0.04203  8.50366e+02 | 12 -0.01461  8.22144e+02
 13  0.01888  6.92614e+02 | 14  0.02922  3.41495e+02 | 15 -0.02098 -9.75684e+00
 16  0.09084  1.60643e+02 | 17  0.05265 -1.11982e+02 | 18 -0.01071 -2.46052e+02
 19  0.00323 -3.65718e+02 | 20  0.03763 -3.54123e+02 | 21  0.01773 -4.41778e+02
 22  0.02957 -4.13019e+02 | 23 -0.07821 -3.50188e+02 | 24 -0.05109 -4.22034e+02
 25 -0.30552 -4.00411e+02 | 26  0.05840 -3.83189e+02 | 27  0.04046 -4.21924e+02
 28 -0.00695 -4.71445e+02 | 29  0.10558 -5.57216e+02 | 30  0.03552 -4.42005e+02
 31  0.09845 -3.59130e+02 | 32  0.01588 -2.08139e+02 | 33  0.03055 -2.14500e+02
 34 -0.01648 -2.32869e+02 | 35  0.06337 -2.13039e+02 | 36  0.04991 -2.27574e+02
 37  0.02895 -2.38694e+02 | 38  0.08973 -2.49288e+02 | 39  0.08095 -2.53945e+02
 40  0.26101 -3.07328e+01 | 41  0.27008  1.09992e+01 | 42  0.28054  3.56373e+00
 43  0.26278 -9.15520e-01 | 44 -0.30909  4.53999e+05 | 45 -0.12818 -8.52354e+04
 46 -0.26808 -4.98182e+01 | 47 -0.39774  2.45786e+01 | 48 -0.28956  9.93321e+00
 49 -0.37600  2.75326e+00 |
Function minimizer not making progress ... is minimum attained?
Minimprove criterion = 0.0000e+00

 - final statistics:
49 variables; iteration 191; function evaluation 377
Function value 3.4652e+02; maximum gradient component mag 4.5400e+05
Exit code = 1;  converg criter 1.0000e-04
Var    Value     Gradient |Var    Value     Gradient |Var    Value     Gradient
  1 -0.10734  3.34919e+04 |  2 -0.33167  3.54110e+03 |  3 -0.12859  1.64859e+03
  4 -0.03635  2.49293e+03 |  5 -0.03962  1.76314e+03 |  6 -0.01532  1.60872e+03
  7 -0.10872  2.50821e+02 |  8 -0.09714  2.96461e+02 |  9 -0.07946  2.66478e+02
 10 -0.10268  5.64366e+02 | 11 -0.04203  8.50366e+02 | 12 -0.01461  8.22144e+02
 13  0.01888  6.92614e+02 | 14  0.02922  3.41495e+02 | 15 -0.02098 -9.75684e+00
 16  0.09084  1.60643e+02 | 17  0.05265 -1.11982e+02 | 18 -0.01071 -2.46052e+02
 19  0.00323 -3.65718e+02 | 20  0.03763 -3.54123e+02 | 21  0.01773 -4.41778e+02
 22  0.02957 -4.13019e+02 | 23 -0.07821 -3.50188e+02 | 24 -0.05109 -4.22034e+02
 25 -0.30552 -4.00411e+02 | 26  0.05840 -3.83189e+02 | 27  0.04046 -4.21924e+02
 28 -0.00695 -4.71445e+02 | 29  0.10558 -5.57216e+02 | 30  0.03552 -4.42005e+02
 31  0.09845 -3.59130e+02 | 32  0.01588 -2.08139e+02 | 33  0.03055 -2.14500e+02
 34 -0.01648 -2.32869e+02 | 35  0.06337 -2.13039e+02 | 36  0.04991 -2.27574e+02
 37  0.02895 -2.38694e+02 | 38  0.08973 -2.49288e+02 | 39  0.08095 -2.53945e+02
 40  0.26101 -3.07328e+01 | 41  0.27008  1.09992e+01 | 42  0.28054  3.56373e+00
 43  0.26278 -9.15520e-01 | 44 -0.30909  4.53999e+05 | 45 -0.12818 -8.52354e+04
 46 -0.26808 -4.98182e+01 | 47 -0.39774  2.45786e+01 | 48 -0.28956  9.93321e+00
 49 -0.37600  2.75326e+00 |
Estimating row 1 out of 49 for hessian
Estimating row 2 out of 49 for hessian
Estimating row 3 out of 49 for hessian
Estimating row 4 out of 49 for hessian
Estimating row 5 out of 49 for hessian
Estimating row 6 out of 49 for hessian
Estimating row 7 out of 49 for hessian
Estimating row 8 out of 49 for hessian
Estimating row 9 out of 49 for hessian
Estimating row 10 out of 49 for hessian
Estimating row 11 out of 49 for hessian
Estimating row 12 out of 49 for hessian
Estimating row 13 out of 49 for hessian
Estimating row 14 out of 49 for hessian
Estimating row 15 out of 49 for hessian
Estimating row 16 out of 49 for hessian
Estimating row 17 out of 49 for hessian
Estimating row 18 out of 49 for hessian
Estimating row 19 out of 49 for hessian
Estimating row 20 out of 49 for hessian
Estimating row 21 out of 49 for hessian
Estimating row 22 out of 49 for hessian
Estimating row 23 out of 49 for hessian
Estimating row 24 out of 49 for hessian
Estimating row 25 out of 49 for hessian
Estimating row 26 out of 49 for hessian
Estimating row 27 out of 49 for hessian
Estimating row 28 out of 49 for hessian
Estimating row 29 out of 49 for hessian
Estimating row 30 out of 49 for hessian
Estimating row 31 out of 49 for hessian
Estimating row 32 out of 49 for hessian
Estimating row 33 out of 49 for hessian
Estimating row 34 out of 49 for hessian
Estimating row 35 out of 49 for hessian
Estimating row 36 out of 49 for hessian
Estimating row 37 out of 49 for hessian
Estimating row 38 out of 49 for hessian
Estimating row 39 out of 49 for hessian
Estimating row 40 out of 49 for hessian
Estimating row 41 out of 49 for hessian
Estimating row 42 out of 49 for hessian
Estimating row 43 out of 49 for hessian
Estimating row 44 out of 49 for hessian
Estimating row 45 out of 49 for hessian
Estimating row 46 out of 49 for hessian
Estimating row 47 out of 49 for hessian
Estimating row 48 out of 49 for hessian
Estimating row 49 out of 49 for hessian
Warning -- Hessian does not appear to be positive definite
Hessian does not appear to be positive definite.
size of file gradfil1.tmp = 0
size of file gradfil2.tmp = 0
size of file varssave.tmp = 0
size of file cmpdiff.tmp = 0
