
Initial statistics: 2 variables; iteration 0; function evaluation 0; phase 1
Function value 7.9275944e+03; maximum gradient component mag 3.9270e+04
Var    Value     Gradient |Var    Value     Gradient |Var    Value     Gradient
  1  0.33333  3.92698e+04 |  2  0.21635  1.77798e+04 |

 - final statistics:
2 variables; iteration 10; function evaluation 16
Function value 4.7573e+02; maximum gradient component mag 1.0370e+00
Exit code = 1;  converg criter 1.0000e+01
Var    Value     Gradient |Var    Value     Gradient |Var    Value     Gradient
  1  0.01428  1.03697e+00 |  2  0.21210 -1.19583e-03 |

Initial statistics: 45 variables; iteration 0; function evaluation 0; phase 2
Function value 4.7572689e+02; maximum gradient component mag -1.6074e+03
Var    Value     Gradient |Var    Value     Gradient |Var    Value     Gradient
  1  0.01428  1.03697e+00 |  2  0.00000  3.34751e+01 |  3  0.00000  5.02978e+01
  4  0.00000 -4.67784e+01 |  5  0.00000  3.42543e+01 |  6  0.00000 -3.44149e+01
  7  0.00000 -5.05124e+00 |  8  0.00000  4.47837e+01 |  9  0.00000  1.22353e+01
 10  0.00000  1.66518e+01 | 11  0.00000 -4.25196e+01 | 12  0.00000  2.13081e+00
 13  0.00000 -3.68222e+01 | 14  0.00000 -9.38309e+00 | 15  0.00000  5.35234e+00
 16  0.00000 -5.74018e+01 | 17  0.00000 -3.68316e+00 | 18  0.00000  6.83599e+01
 19  0.00000  1.42958e+00 | 20  0.00000  8.97873e+00 | 21  0.00000 -1.10982e+02
 22  0.00000 -1.04108e+02 | 23  0.00000  6.76860e+01 | 24  0.00000  3.67850e+01
 25  0.00000  1.89116e+02 | 26  0.00000  8.07516e+01 | 27  0.00000  9.64394e+01
 28  0.00000  1.54249e+02 | 29  0.00000 -7.43828e+01 | 30  0.00000  3.11726e+02
 31  0.00000 -6.94717e+02 | 32  0.00000  3.02804e+02 | 33  0.00000 -5.96950e+02
 34  0.00000  2.43782e+02 | 35  0.00000 -3.60591e+02 | 36  0.00000  1.38668e+02
 37  0.00000  4.50106e+02 | 38  0.00000 -1.26948e+02 | 39  0.00000 -8.33502e+00
 40  0.21635 -9.41880e+02 | 41  0.21635  7.82677e+02 | 42  0.21210 -1.19583e-03
 43 -0.30909 -1.60736e+03 | 44  0.12819  1.01539e+01 | 45 -0.30909 -1.12024e+03

Intermediate statistics: 45 variables; iteration 20; function evaluation 29; phase 2
Function value 2.8546337e+02; maximum gradient component mag -4.9164e+03
Var    Value     Gradient |Var    Value     Gradient |Var    Value     Gradient
  1 -0.02004 -4.91642e+03 |  2 -0.09771  4.41460e+00 |  3 -0.11718  3.63875e+00
  4 -0.00323 -9.24658e+00 |  5 -0.03255  4.77495e+01 |  6 -0.00469 -1.70013e-01
  7 -0.05347  9.18727e+01 |  8 -0.10713  7.18814e+01 |  9 -0.07770  6.82235e+01
 10 -0.08060  6.53185e+01 | 11  0.00138  5.67108e+01 | 12  0.00092  5.03107e+01
 13  0.04574  3.91927e+01 | 14  0.00784  3.94508e+01 | 15 -0.01832  4.90103e+01
 16  0.05959  3.65313e+01 | 17  0.02226  2.57216e+01 | 18 -0.02936  3.38362e+01
 19  0.01787  5.07716e+00 | 20  0.00740 -4.40779e+00 | 21  0.06372  2.14224e+01
 22  0.06712  2.99319e+01 | 23 -0.03180  3.52802e+01 | 24 -0.01251  4.04697e+01
 25 -0.08392  3.80370e+01 | 26  0.01639 -3.03610e+01 | 27 -0.05353 -1.00940e+02
 28 -0.01977 -2.70261e+02 | 29  0.04345 -7.04101e+02 | 30  0.00006 -1.86280e+01
 31  0.08097  1.61466e+02 | 32 -0.00917 -2.85032e+01 | 33  0.05957 -5.61996e+01
 34  0.00065 -4.62209e+01 | 35  0.05388 -9.34441e+01 | 36  0.01349 -4.03295e+01
 37 -0.01519  1.49863e+01 | 38  0.03518 -6.71490e+01 | 39  0.02239  1.07814e+02
 40  0.23381 -1.32007e+03 | 41  0.22619 -5.09381e+02 | 42  0.23743 -1.47569e+02
 43 -0.26548  2.93051e+02 | 44  0.04731 -7.09306e+01 | 45 -0.28105 -9.51361e+02
45 variables; iteration 40; function evaluation 56; phase 2
Function value 2.7104826e+02; maximum gradient component mag -9.8527e+02
Var    Value     Gradient |Var    Value     Gradient |Var    Value     Gradient
  1 -0.02113 -9.85274e+02 |  2 -0.13589 -5.37383e+00 |  3 -0.12814  2.39416e+00
  4 -0.00768 -1.56065e+00 |  5 -0.03127  2.30873e+01 |  6  0.00661  2.28548e+01
  7 -0.06686  2.07093e+01 |  8 -0.12101  1.14072e+01 |  9 -0.08545  1.40538e+01
 10 -0.09828  1.63976e+01 | 11 -0.00906  7.47074e+00 | 12 -0.00294  7.03673e+00
 13  0.05280  1.93365e+01 | 14  0.01404  1.97068e+01 | 15 -0.02220  5.03089e+00
 16  0.06035  2.24279e+01 | 17  0.03141  2.34325e+01 | 18 -0.02512  1.18771e+01
 19  0.01892 -1.45978e+01 | 20  0.01943 -4.97416e+00 | 21  0.06555  1.14876e+00
 22  0.06418 -5.60715e+00 | 23 -0.03524 -4.40550e+00 | 24 -0.02384 -3.24073e+00
 25 -0.10042 -6.12097e+00 | 26  0.01526 -2.93318e+00 | 27 -0.03821 -2.47803e+01
 28 -0.00289 -3.54298e+01 | 29  0.05670 -1.01849e+02 | 30 -0.00149 -2.64081e+01
 31  0.07283 -1.35517e+01 | 32 -0.00177 -4.21335e+00 | 33  0.06174 -3.99494e+01
 34  0.00617 -2.05661e+01 | 35  0.05915 -1.07403e+01 | 36  0.01667 -8.34558e+00
 37 -0.01474 -6.99705e+00 | 38  0.03921  1.16798e+00 | 39  0.01604  1.57246e+01
 40  0.23720 -3.84052e+02 | 41  0.22808 -2.00482e+02 | 42  0.23787 -8.95783e+01
 43 -0.26373  1.33459e+02 | 44  0.04952 -3.20908e+01 | 45 -0.27937 -2.42703e+02

 - final statistics:
45 variables; iteration 52; function evaluation 77
Function value 2.6975e+02; maximum gradient component mag 8.2991e+00
Exit code = 1;  converg criter 1.0000e+01
Var    Value     Gradient |Var    Value     Gradient |Var    Value     Gradient
  1 -0.02091 -2.93862e+00 |  2 -0.11687  1.63465e-02 |  3 -0.13256  1.80677e-02
  4 -0.00500 -5.01079e-01 |  5 -0.03540 -2.81284e-01 |  6  0.00572 -1.01260e+00
  7 -0.07134 -1.20222e+00 |  8 -0.12220 -1.43485e+00 |  9 -0.08801 -2.70115e+00
 10 -0.10415 -1.42975e-01 | 11 -0.00604  7.92414e-02 | 12  0.00185  9.52366e-02
 13  0.04967 -2.58940e-01 | 14  0.01068  2.28454e-01 | 15 -0.01760  2.52285e-01
 16  0.05579  4.20222e-02 | 17  0.02626  1.11168e-01 | 18 -0.02744 -2.70688e-01
 19  0.02569  5.67177e-01 | 20  0.02100  2.26982e-01 | 21  0.06398  3.24146e-01
 22  0.06542  3.97403e-01 | 23 -0.03018  2.87542e-01 | 24 -0.02079  2.90352e-01
 25 -0.09172  2.32888e-01 | 26  0.01220  1.39017e-02 | 27 -0.03017  2.80805e-01
 28 -0.00351  5.94325e-01 | 29  0.05730  1.85039e+00 | 30 -0.00109  1.44191e-01
 31  0.07197  9.89250e-01 | 32 -0.00132 -3.76743e-01 | 33  0.06315  1.81407e+00
 34  0.00755 -6.00735e-02 | 35  0.05807  3.88827e-01 | 36  0.01597  1.37450e-03
 37 -0.01494 -1.56616e-01 | 38  0.03816  1.46203e-01 | 39  0.01428 -2.99164e-02
 40  0.23855  4.99768e+00 | 41  0.22881 -1.14770e+00 | 42  0.23864 -2.80443e-01
 43 -0.26390  3.36010e+00 | 44  0.05105  1.10594e+00 | 45 -0.27861  8.29909e+00

Initial statistics: 49 variables; iteration 0; function evaluation 0; phase 3
Function value 2.6974776e+02; maximum gradient component mag -3.2609e+03
Var    Value     Gradient |Var    Value     Gradient |Var    Value     Gradient
  1 -0.02091 -2.93862e+00 |  2 -0.11687  1.63465e-02 |  3 -0.13256  1.80677e-02
  4 -0.00500 -5.01079e-01 |  5 -0.03540 -3.21191e-01 |  6  0.00572 -1.05257e+00
  7 -0.07134 -1.24194e+00 |  8 -0.12220 -1.47408e+00 |  9 -0.08801 -2.74074e+00
 10 -0.10415 -1.82411e-01 | 11 -0.00604  3.92742e-02 | 12  0.00185  5.52678e-02
 13  0.04967 -2.98787e-01 | 14  0.01068  1.88491e-01 | 15 -0.01760  2.12331e-01
 16  0.05579  2.20660e-03 | 17  0.02626  7.12327e-02 | 18 -0.02744 -3.10620e-01
 19  0.02569  5.27241e-01 | 20  0.02100  1.87035e-01 | 21  0.06398  2.84379e-01
 22  0.06542  3.57645e-01 | 23 -0.03018  2.47618e-01 | 24 -0.02080  2.50404e-01
 25 -0.09172  1.93333e-01 | 26  0.01220 -2.60600e-02 | 27 -0.03018  2.40881e-01
 28 -0.00352  5.54356e-01 | 29  0.05730  1.81058e+00 | 30 -0.00109  1.04222e-01
 31  0.07197  9.49536e-01 | 32 -0.00132 -4.16712e-01 | 33  0.06314  1.77430e+00
 34  0.00755 -1.00040e-01 | 35  0.05807  3.49024e-01 | 36  0.01597 -3.85819e-02
 37 -0.01494 -1.96574e-01 | 38  0.03816  1.06306e-01 | 39  0.01428 -6.98753e-02
 40  0.23855  4.99768e+00 | 41  0.22881 -1.14770e+00 | 42  0.21635 -3.26086e+03
 43  0.23864 -2.80443e-01 | 44 -0.26390  3.36010e+00 | 45  0.05105  1.10594e+00
 46 -0.30909 -1.04968e+03 | 47 -0.43452  4.63993e-04 | 48 -0.27861  8.29909e+00
 49 -0.36199  5.39039e+00 |

Intermediate statistics: 49 variables; iteration 20; function evaluation 31; phase 3
Function value 1.8656878e+02; maximum gradient component mag -6.6533e+03
Var    Value     Gradient |Var    Value     Gradient |Var    Value     Gradient
  1 -0.03090 -6.65331e+03 |  2 -0.11418 -1.96257e+01 |  3 -0.12908 -2.54076e+01
  4  0.00704 -1.14941e+02 |  5 -0.02108 -6.21804e+01 |  6  0.02138 -2.27367e+02
  7 -0.05725  5.15262e+01 |  8 -0.10810  4.36110e+01 |  9 -0.06671  4.92744e+00
 10 -0.09605  8.83834e+01 | 11  0.00488  9.74025e+01 | 12  0.01684  1.07283e+02
 13  0.07042  1.30966e+02 | 14  0.01532  9.26326e+01 | 15 -0.01639  7.51360e+01
 16  0.06405  3.07563e+01 | 17  0.04037  1.09926e+01 | 18 -0.02849  3.29681e+00
 19 -0.01265 -1.55333e+02 | 20  0.00359 -2.02057e+02 | 21  0.03058 -3.09592e+01
 22  0.02597 -7.45254e+01 | 23 -0.05704 -1.22969e+01 | 24 -0.05094 -1.98607e+00
 25 -0.11320  2.62449e+01 | 26  0.01701 -6.62010e+01 | 27 -0.01256  3.37985e+01
 28 -0.02168 -1.38306e+01 | 29  0.07442  3.00073e+01 | 30  0.01416  1.02730e+02
 31  0.06683 -6.79848e+01 | 32 -0.01516 -1.11815e+02 | 33  0.05345  4.12339e+01
 34  0.00305  1.68973e+01 | 35  0.05615 -1.10600e+02 | 36  0.03053  4.04419e+01
 37 -0.00118  4.08594e+01 | 38  0.04291 -2.98904e+01 | 39  0.02564  9.81326e+01
 40  0.24992 -2.87528e+02 | 41  0.26032 -3.21632e+02 | 42  0.24215 -2.69622e+03
 43  0.25261 -3.10887e+02 | 44 -0.25950 -1.34135e+02 | 45  0.04633  4.16939e+01
 46 -0.27696  2.46354e+02 | 47 -0.44117 -1.76710e+02 | 48 -0.28918  8.87619e+02
 49 -0.43255 -3.35194e+02 |
49 variables; iteration 40; function evaluation 58; phase 3
Function value 1.5504003e+02; maximum gradient component mag 1.2533e+04
Var    Value     Gradient |Var    Value     Gradient |Var    Value     Gradient
  1 -0.03039 -3.58600e+03 |  2 -0.09343  1.18644e+00 |  3 -0.10289  3.14820e+00
  4 -0.00723 -3.84362e+01 |  5 -0.03456 -3.19582e+00 |  6  0.03547  1.98197e+01
  7 -0.05386  5.50568e+01 |  8 -0.11168  3.22525e+01 |  9 -0.06679  2.18900e+01
 10 -0.08855  5.19857e+01 | 11  0.00531  2.34337e+01 | 12  0.00889 -9.64175e+00
 13  0.06728 -9.68332e+01 | 14  0.03011  8.73240e+01 | 15 -0.01348  5.72105e+01
 16  0.06354  5.23580e+01 | 17  0.03669  4.05132e+01 | 18 -0.02936  2.82992e+01
 19 -0.00626 -3.51926e+01 | 20 -0.00280 -4.68454e+01 | 21  0.04069  2.03163e+01
 22  0.02414 -4.35475e+01 | 23 -0.06010 -2.15464e+00 | 24 -0.04660 -1.28646e+01
 25 -0.11871 -5.32945e+00 | 26  0.01111 -1.14947e+02 | 27 -0.00694  4.43592e+01
 28 -0.01849 -8.07489e+01 | 29  0.07181  1.12684e+01 | 30  0.01163  2.14448e+01
 31  0.06567 -3.78909e+01 | 32 -0.01268 -2.41361e+01 | 33  0.05134  5.08661e-01
 34  0.00392  2.50762e+01 | 35  0.05809 -4.53645e+01 | 36  0.02784 -4.60470e+01
 37 -0.00090 -9.49142e-01 | 38  0.04376  8.64988e+01 | 39  0.01740  6.81519e+01
 40  0.24975 -1.64916e+02 | 41  0.25908 -2.85686e+02 | 42  0.25702 -1.44660e+03
 43  0.25465 -1.11076e+02 | 44 -0.30434  1.25330e+04 | 45 -0.11286 -3.88906e+03
 46 -0.28305  1.73739e+02 | 47 -0.44759 -1.17354e+02 | 48 -0.28983 -1.61915e+02
 49 -0.43379  6.04722e+01 |
49 variables; iteration 60; function evaluation 86; phase 3
Function value 1.3693436e+02; maximum gradient component mag -1.4016e+03
Var    Value     Gradient |Var    Value     Gradient |Var    Value     Gradient
  1 -0.03079  2.95184e+02 |  2 -0.10918 -1.15428e-01 |  3 -0.12447 -5.62455e-01
  4  0.00812 -2.06031e+00 |  5 -0.01630 -7.05118e+00 |  6  0.02869 -1.02475e+01
  7 -0.05619 -4.56806e+00 |  8 -0.10434 -3.59810e+00 |  9 -0.06594 -4.70320e+00
 10 -0.09107 -3.96539e+00 | 11  0.00762 -2.80132e+00 | 12  0.01684 -2.07939e+00
 13  0.06897 -3.60584e-02 | 14  0.01128 -1.77786e+00 | 15 -0.02145 -3.77410e+00
 16  0.06333 -1.42978e+00 | 17  0.04015  5.75317e-01 | 18 -0.02561 -1.10073e+00
 19 -0.00359  7.51873e+00 | 20 -0.00763  1.45647e+01 | 21  0.03524 -4.11387e+00
 22  0.02980 -4.07861e+00 | 23 -0.06499 -2.24885e+00 | 24 -0.04223  1.68216e-02
 25 -0.11305 -1.26082e+00 | 26  0.00903  2.34487e+01 | 27 -0.00701  2.35380e-01
 28 -0.00931  5.32427e+00 | 29  0.06614  1.37806e+01 | 30  0.01131 -4.34404e+00
 31  0.06495 -9.15553e-01 | 32 -0.01454 -3.21986e+00 | 33  0.05044 -6.30121e+00
 34  0.00112 -3.12482e+00 | 35  0.05676 -1.18529e+00 | 36  0.02994  3.84213e+00
 37 -0.00124  1.26427e+01 | 38  0.04098  4.18391e+00 | 39  0.01113 -2.42061e-02
 40  0.25129  8.76769e+00 | 41  0.26128 -4.68390e+00 | 42  0.27609 -6.68007e+00
 43  0.25705 -1.97615e+00 | 44 -0.30648 -1.40165e+03 | 45 -0.11913  4.03556e+02
 46 -0.28735  1.56467e+01 | 47 -0.45340 -1.03381e+01 | 48 -0.28910 -1.05547e+01
 49 -0.43288  4.00479e+00 |
49 variables; iteration 80; function evaluation 107; phase 3
Function value 1.3690579e+02; maximum gradient component mag 3.7689e+01
Var    Value     Gradient |Var    Value     Gradient |Var    Value     Gradient
  1 -0.03081 -4.66800e+00 |  2 -0.11019 -1.55699e-01 |  3 -0.12407 -6.42288e-02
  4  0.00815 -3.91369e-01 |  5 -0.01601 -3.68932e-01 |  6  0.02879 -1.63455e+00
  7 -0.05612 -9.87071e-02 |  8 -0.10476 -1.09384e-01 |  9 -0.06574 -1.48277e-01
 10 -0.09119 -7.36113e-02 | 11  0.00717 -4.73644e-02 | 12  0.01657  5.89532e-02
 13  0.06923  1.17412e-01 | 14  0.01091  9.68872e-02 | 15 -0.02105  1.64783e-01
 16  0.06350  2.84488e-01 | 17  0.03970  2.81013e-01 | 18 -0.02521  4.65893e-01
 19 -0.00342  1.71484e-01 | 20 -0.00825  4.70995e-01 | 21  0.03547  1.82524e-01
 22  0.03016  6.17222e-02 | 23 -0.06526  2.22411e-02 | 24 -0.04197  3.26059e-02
 25 -0.11153  5.28931e-02 | 26  0.00808 -2.71226e-01 | 27 -0.00669  2.55127e-01
 28 -0.00983 -2.22849e-02 | 29  0.06610  8.04443e-01 | 30  0.01148  3.73748e-01
 31  0.06487  2.01055e-01 | 32 -0.01463  2.93188e-01 | 33  0.05065 -3.56336e-01
 34  0.00118 -1.16757e-01 | 35  0.05687 -1.16514e-01 | 36  0.02999 -1.87260e-01
 37 -0.00149 -3.50650e-01 | 38  0.04098 -1.01042e+00 | 39  0.01044 -2.12429e-01
 40  0.25126  1.21550e+00 | 41  0.26125  3.49726e-01 | 42  0.27627  5.25489e-01
 43  0.25712  2.46573e+00 | 44 -0.30634  3.76895e+01 | 45 -0.11866 -1.08680e+01
 46 -0.28723 -8.87392e-02 | 47 -0.45310  5.46924e-02 | 48 -0.28650 -8.70440e+00
 49 -0.42609  3.26853e+00 |
49 variables; iteration 100; function evaluation 153; phase 3
Function value 1.3260874e+02; maximum gradient component mag -1.3276e+04
Var    Value     Gradient |Var    Value     Gradient |Var    Value     Gradient
  1 -0.03141  5.93433e+02 |  2 -0.11026 -4.57952e-01 |  3 -0.12432 -5.46338e-01
  4  0.00902 -1.16812e+00 |  5 -0.01393 -9.71000e+00 |  6  0.02954 -1.79591e+01
  7 -0.05572 -9.31698e+00 |  8 -0.10375 -8.44423e+00 |  9 -0.06416 -8.64048e+00
 10 -0.09114 -8.96190e+00 | 11  0.00761 -8.18970e+00 | 12  0.01754 -7.09051e+00
 13  0.07159 -3.61385e+00 | 14  0.01003 -7.45290e+00 | 15 -0.02159 -7.98259e+00
 16  0.06394 -6.69571e+00 | 17  0.04082 -6.42286e+00 | 18 -0.02278 -4.54367e+00
 19 -0.00428 -9.24141e+00 | 20 -0.00595 -6.35385e+00 | 21  0.03361 -8.01923e+00
 22  0.02918 -9.05000e+00 | 23 -0.06587 -8.44651e+00 | 24 -0.04293 -8.93173e+00
 25 -0.11108 -7.34043e+00 | 26  0.01109 -7.08830e+00 | 27 -0.00610 -6.59665e+00
 28 -0.01519  7.57856e-01 | 29  0.06860  1.15259e+01 | 30  0.01045  3.88222e+00
 31  0.06391  1.20603e+01 | 32 -0.01932 -6.19666e-01 | 33  0.04369  1.09726e+01
 34 -0.00433  8.93146e+00 | 35  0.05557  3.79247e+01 | 36  0.03108  5.21154e+01
 37  0.00128  6.31795e+01 | 38  0.04346  3.97326e+00 | 39  0.01417 -1.89740e+01
 40  0.25234  7.44391e+00 | 41  0.26313 -8.14553e-01 | 42  0.27774  5.11036e+00
 43  0.27088  2.32038e+01 | 44 -0.30883 -1.32757e+04 | 45 -0.12728  3.88428e+03
 46 -0.26301  4.39776e+00 | 47 -0.41808 -3.03017e+00 | 48 -0.17244  1.59063e-01
 49 -0.23148 -6.75479e+00 |
49 variables; iteration 120; function evaluation 174; phase 3
Function value 1.3234670e+02; maximum gradient component mag 2.9707e-01
Var    Value     Gradient |Var    Value     Gradient |Var    Value     Gradient
  1 -0.03149 -1.90064e-02 |  2 -0.10976 -5.73465e-06 |  3 -0.12393  2.26876e-06
  4  0.00848  2.24994e-05 |  5 -0.01484  1.38523e-04 |  6  0.03068  1.00132e-03
  7 -0.05540  2.35678e-04 |  8 -0.10375  2.17201e-04 |  9 -0.06405  1.27954e-04
 10 -0.09011  3.13055e-04 | 11  0.00844  3.34914e-04 | 12  0.01803  4.55843e-04
 13  0.07147  5.87112e-04 | 14  0.00976  2.50720e-04 | 15 -0.02179  3.37929e-04
 16  0.06400  4.57116e-04 | 17  0.04136  3.95867e-04 | 18 -0.02301  3.06705e-04
 19 -0.00402  6.25978e-04 | 20 -0.00593  5.54673e-04 | 21  0.03312  2.15086e-05
 22  0.02917  1.09587e-04 | 23 -0.06604  1.72677e-05 | 24 -0.04285 -6.50689e-05
 25 -0.11154 -1.99180e-04 | 26  0.01157 -1.50179e-03 | 27 -0.00601 -4.30491e-04
 28 -0.01590 -1.35682e-04 | 29  0.06861 -7.33250e-04 | 30  0.01017 -3.10380e-04
 31  0.06355 -9.67359e-04 | 32 -0.01897 -1.96550e-04 | 33  0.04215 -2.44311e-04
 34 -0.00521 -6.01896e-06 | 35  0.05498 -4.92464e-04 | 36  0.03037 -4.08636e-04
 37 -0.00098 -3.07652e-04 | 38  0.04403 -1.14539e-03 | 39  0.01799  2.77572e-04
 40  0.25255 -1.13193e-03 | 41  0.26344 -2.61003e-03 | 42  0.27794  5.09672e-04
 43  0.27229 -6.96007e-04 | 44 -0.30855  2.97074e-01 | 45 -0.12634 -8.82707e-02
 46 -0.26118  3.25198e-03 | 47 -0.41554 -2.04684e-04 | 48 -0.16670 -1.40107e-03
 49 -0.22797  2.93405e-04 |
49 variables; iteration 140; function evaluation 194; phase 3
Function value 1.3234670e+02; maximum gradient component mag -2.1151e+00
Var    Value     Gradient |Var    Value     Gradient |Var    Value     Gradient
  1 -0.03149  1.33225e-02 |  2 -0.10976  6.86677e-05 |  3 -0.12393  1.43413e-05
  4  0.00848  1.71385e-04 |  5 -0.01484 -2.12984e-04 |  6  0.03068  1.36348e-03
  7 -0.05540 -2.21087e-04 |  8 -0.10375 -1.24481e-04 |  9 -0.06405 -1.05216e-04
 10 -0.09011 -1.48474e-04 | 11  0.00844 -1.83611e-05 | 12  0.01803  2.16201e-04
 13  0.07147  8.99318e-04 | 14  0.00976 -3.31784e-04 | 15 -0.02179 -1.17892e-04
 16  0.06400  2.52030e-04 | 17  0.04136 -3.63761e-05 | 18 -0.02301 -2.22872e-04
 19 -0.00402  6.22752e-04 | 20 -0.00593  2.02465e-04 | 21  0.03312 -3.22581e-04
 22  0.02917  2.20852e-05 | 23 -0.06604 -3.84548e-04 | 24 -0.04285 -1.37986e-04
 25 -0.11154 -2.59324e-04 | 26  0.01157  1.52358e-04 | 27 -0.00601 -5.23532e-04
 28 -0.01590  2.60409e-04 | 29  0.06861 -5.45955e-04 | 30  0.01017 -1.77536e-04
 31  0.06355 -2.73607e-04 | 32 -0.01897 -6.00588e-05 | 33  0.04215 -8.82917e-04
 34 -0.00521 -4.81733e-05 | 35  0.05498 -1.94301e-05 | 36  0.03037  8.04798e-04
 37 -0.00098  9.86718e-04 | 38  0.04403 -1.26036e-03 | 39  0.01799 -3.18437e-04
 40  0.25255  2.92585e-04 | 41  0.26344 -9.88850e-04 | 42  0.27794 -1.27294e-03
 43  0.27229 -1.49015e-03 | 44 -0.30831 -2.11508e+00 | 45 -0.12553  6.19429e-01
 46 -0.26393  1.10708e-02 | 47 -0.41952 -7.91763e-03 | 48 -0.16670  1.05844e-03
 49 -0.22797 -8.07685e-04 |
49 variables; iteration 160; function evaluation 214; phase 3
Function value 1.3234670e+02; maximum gradient component mag -2.9981e+01
Var    Value     Gradient |Var    Value     Gradient |Var    Value     Gradient
  1 -0.03149  2.96303e-01 |  2 -0.10976 -2.09243e-03 |  3 -0.12393 -1.17257e-03
  4  0.00848 -6.38424e-03 |  5 -0.01484 -1.09171e-02 |  6  0.03068 -7.76265e-03
  7 -0.05540 -5.24994e-03 |  8 -0.10375 -4.25890e-03 |  9 -0.06405 -4.63195e-03
 10 -0.09011 -3.89406e-03 | 11  0.00844 -1.10546e-03 | 12  0.01803  3.11128e-03
 13  0.07147  1.31533e-02 | 14  0.00976 -6.24428e-03 | 15 -0.02179 -6.01244e-03
 16  0.06400 -8.50531e-03 | 17  0.04136 -9.86217e-03 | 18 -0.02301 -8.11559e-03
 19 -0.00402 -3.95615e-03 | 20 -0.00593 -3.68295e-03 | 21  0.03312 -6.25370e-03
 22  0.02917 -2.67912e-03 | 23 -0.06604 -2.86325e-03 | 24 -0.04285 -1.83965e-04
 25 -0.11154  7.47811e-04 | 26  0.01157  2.30886e-02 | 27 -0.00600 -3.39644e-03
 28 -0.01590  6.99471e-03 | 29  0.06861  1.69861e-02 | 30  0.01017 -3.46828e-03
 31  0.06355 -1.48309e-02 | 32 -0.01897 -8.70805e-03 | 33  0.04215 -1.47732e-05
 34 -0.00522  1.62444e-03 | 35  0.05498  1.16811e-02 | 36  0.03037  1.92454e-02
 37 -0.00098  2.25321e-02 | 38  0.04403  4.57994e-03 | 39  0.01799  2.02468e-03
 40  0.25255 -1.92026e-02 | 41  0.26344  2.13764e-03 | 42  0.27794  3.40681e-03
 43  0.27229 -2.35620e-02 | 44 -0.30791 -2.99813e+01 | 45 -0.12415  8.79552e+00
 46 -0.26326 -4.10933e-02 | 47 -0.41854  2.85854e-02 | 48 -0.16670  2.36604e-02
 49 -0.22797 -1.61453e-02 |
49 variables; iteration 180; function evaluation 240; phase 3
Function value 1.3234663e+02; maximum gradient component mag -1.8120e-01
Var    Value     Gradient |Var    Value     Gradient |Var    Value     Gradient
  1 -0.03149  1.82420e-02 |  2 -0.10976 -1.67017e-03 |  3 -0.12393 -8.99033e-04
  4  0.00848 -5.02241e-03 |  5 -0.01484 -3.10587e-03 |  6  0.03068 -1.28748e-02
  7 -0.05540 -8.58790e-05 |  8 -0.10375  1.15169e-03 |  9 -0.06405  1.39104e-03
 10 -0.09011 -9.14505e-04 | 11  0.00844  1.17164e-03 | 12  0.01803  1.89258e-03
 13  0.07147  5.71830e-03 | 14  0.00976  5.48092e-04 | 15 -0.02179 -2.28284e-03
 16  0.06400 -5.87368e-03 | 17  0.04136 -6.33340e-03 | 18 -0.02301 -3.41338e-03
 19 -0.00402 -4.83657e-03 | 20 -0.00593 -5.06612e-03 | 21  0.03312  1.90959e-03
 22  0.02917  1.59684e-03 | 23 -0.06604  2.78760e-03 | 24 -0.04285  4.25250e-03
 25 -0.11154  5.40454e-03 | 26  0.01157  2.14241e-02 | 27 -0.00601  4.08849e-03
 28 -0.01590  6.96733e-04 | 29  0.06861  1.17718e-03 | 30  0.01017 -2.73848e-03
 31  0.06355 -1.60916e-03 | 32 -0.01897 -6.10727e-04 | 33  0.04215 -1.98035e-04
 34 -0.00521 -7.61856e-04 | 35  0.05498 -1.25343e-03 | 36  0.03037 -4.35753e-03
 37 -0.00098 -6.14909e-03 | 38  0.04403  1.21517e-02 | 39  0.01799  1.17678e-03
 40  0.25255 -8.82365e-03 | 41  0.26344  7.33678e-04 | 42  0.27794  2.42554e-03
 43  0.27229  1.51167e-02 | 44 -0.28572 -1.81199e-01 | 45 -0.04857  5.31244e-02
 46 -0.26357  6.40438e-03 | 47 -0.41900 -4.45005e-03 | 48 -0.16670 -1.69908e-02
 49 -0.22797  1.44737e-02 |
  ic > imax  in fminim is answer attained ?
Var    Value     Gradient |Var    Value     Gradient |Var    Value     Gradient
  1 -0.03149 -1.50312e-04 |  2 -0.10976  1.57644e-07 |  3 -0.12393 -3.34603e-07
  4  0.00848 -4.57665e-07 |  5 -0.01484  2.31351e-06 |  6  0.03068  1.35180e-05
  7 -0.05540  1.99679e-06 |  8 -0.10375  5.65794e-06 |  9 -0.06405  5.45893e-06
 10 -0.09011  2.13120e-06 | 11  0.00844  4.37285e-06 | 12  0.01803  5.05596e-06
 13  0.07147  1.01031e-05 | 14  0.00976  3.02722e-06 | 15 -0.02179  5.71337e-07
 16  0.06400  1.69212e-06 | 17  0.04136 -6.23105e-07 | 18 -0.02301  1.56124e-06
 19 -0.00402  3.12829e-06 | 20 -0.00593  1.61154e-06 | 21  0.03312  1.71829e-06
 22  0.02917  1.72637e-06 | 23 -0.06604  2.14994e-06 | 24 -0.04285  3.03558e-06
 25 -0.11154  3.73637e-06 | 26  0.01157  9.88589e-06 | 27 -0.00601 -8.67144e-07
 28 -0.01590 -4.67809e-06 | 29  0.06861 -2.45627e-05 | 30  0.01017 -1.10024e-05
 31  0.06355 -1.41199e-05 | 32 -0.01897 -2.12295e-06 | 33  0.04215 -5.75003e-06
 34 -0.00521  8.23177e-07 | 35  0.05498 -8.62901e-06 | 36  0.03037 -5.49495e-06
 37 -0.00098 -4.82576e-06 | 38  0.04403 -1.05219e-05 | 39  0.01799  1.87180e-06
 40  0.25255  3.27369e-06 | 41  0.26344 -2.53102e-06 | 42  0.27794 -1.04339e-05
 43  0.27229  6.04152e-06 | 44 -0.28577 -8.41327e-05 | 45 -0.04874  2.46589e-05
 46 -0.26353  4.51181e-06 | 47 -0.41894 -3.14834e-06 | 48 -0.16670 -1.89350e-05
 49 -0.22797  1.42937e-05 |
Function minimizer not making progress ... is minimum attained?
Minimprove criterion = 0.0000e+00

 - final statistics:
49 variables; iteration 188; function evaluation 278
Function value 1.3235e+02; maximum gradient component mag -1.5031e-04
Exit code = 1;  converg criter 1.0000e-04
Var    Value     Gradient |Var    Value     Gradient |Var    Value     Gradient
  1 -0.03149 -1.50312e-04 |  2 -0.10976  1.57644e-07 |  3 -0.12393 -3.34603e-07
  4  0.00848 -4.57665e-07 |  5 -0.01484  2.31351e-06 |  6  0.03068  1.35180e-05
  7 -0.05540  1.99679e-06 |  8 -0.10375  5.65794e-06 |  9 -0.06405  5.45893e-06
 10 -0.09011  2.13120e-06 | 11  0.00844  4.37285e-06 | 12  0.01803  5.05596e-06
 13  0.07147  1.01031e-05 | 14  0.00976  3.02722e-06 | 15 -0.02179  5.71337e-07
 16  0.06400  1.69212e-06 | 17  0.04136 -6.23105e-07 | 18 -0.02301  1.56124e-06
 19 -0.00402  3.12829e-06 | 20 -0.00593  1.61154e-06 | 21  0.03312  1.71829e-06
 22  0.02917  1.72637e-06 | 23 -0.06604  2.14994e-06 | 24 -0.04285  3.03558e-06
 25 -0.11154  3.73637e-06 | 26  0.01157  9.88589e-06 | 27 -0.00601 -8.67144e-07
 28 -0.01590 -4.67809e-06 | 29  0.06861 -2.45627e-05 | 30  0.01017 -1.10024e-05
 31  0.06355 -1.41199e-05 | 32 -0.01897 -2.12295e-06 | 33  0.04215 -5.75003e-06
 34 -0.00521  8.23177e-07 | 35  0.05498 -8.62901e-06 | 36  0.03037 -5.49495e-06
 37 -0.00098 -4.82576e-06 | 38  0.04403 -1.05219e-05 | 39  0.01799  1.87180e-06
 40  0.25255  3.27369e-06 | 41  0.26344 -2.53102e-06 | 42  0.27794 -1.04339e-05
 43  0.27229  6.04152e-06 | 44 -0.28577 -8.41327e-05 | 45 -0.04874  2.46589e-05
 46 -0.26353  4.51181e-06 | 47 -0.41894 -3.14834e-06 | 48 -0.16670 -1.89350e-05
 49 -0.22797  1.42937e-05 |
Estimating row 1 out of 49 for hessian
Estimating row 2 out of 49 for hessian
Estimating row 3 out of 49 for hessian
Estimating row 4 out of 49 for hessian
Estimating row 5 out of 49 for hessian
Estimating row 6 out of 49 for hessian
Estimating row 7 out of 49 for hessian
Estimating row 8 out of 49 for hessian
Estimating row 9 out of 49 for hessian
Estimating row 10 out of 49 for hessian
Estimating row 11 out of 49 for hessian
Estimating row 12 out of 49 for hessian
Estimating row 13 out of 49 for hessian
Estimating row 14 out of 49 for hessian
Estimating row 15 out of 49 for hessian
Estimating row 16 out of 49 for hessian
Estimating row 17 out of 49 for hessian
Estimating row 18 out of 49 for hessian
Estimating row 19 out of 49 for hessian
Estimating row 20 out of 49 for hessian
Estimating row 21 out of 49 for hessian
Estimating row 22 out of 49 for hessian
Estimating row 23 out of 49 for hessian
Estimating row 24 out of 49 for hessian
Estimating row 25 out of 49 for hessian
Estimating row 26 out of 49 for hessian
Estimating row 27 out of 49 for hessian
Estimating row 28 out of 49 for hessian
Estimating row 29 out of 49 for hessian
Estimating row 30 out of 49 for hessian
Estimating row 31 out of 49 for hessian
Estimating row 32 out of 49 for hessian
Estimating row 33 out of 49 for hessian
Estimating row 34 out of 49 for hessian
Estimating row 35 out of 49 for hessian
Estimating row 36 out of 49 for hessian
Estimating row 37 out of 49 for hessian
Estimating row 38 out of 49 for hessian
Estimating row 39 out of 49 for hessian
Estimating row 40 out of 49 for hessian
Estimating row 41 out of 49 for hessian
Estimating row 42 out of 49 for hessian
Estimating row 43 out of 49 for hessian
Estimating row 44 out of 49 for hessian
Estimating row 45 out of 49 for hessian
Estimating row 46 out of 49 for hessian
Estimating row 47 out of 49 for hessian
Estimating row 48 out of 49 for hessian
Estimating row 49 out of 49 for hessian
size of file gradfil1.tmp = 0
size of file gradfil2.tmp = 0
size of file varssave.tmp = 0
size of file cmpdiff.tmp = 0
