
Initial statistics: 2 variables; iteration 0; function evaluation 0; phase 1
Function value 4.7215194e+03; maximum gradient component mag 2.7450e+04
Var    Value     Gradient |Var    Value     Gradient |Var    Value     Gradient
  1  0.33333  2.74501e+04 |  2  0.21635  9.80189e+03 |

 - final statistics:
2 variables; iteration 9; function evaluation 15
Function value 5.3764e+02; maximum gradient component mag 8.6521e-01
Exit code = 1;  converg criter 1.0000e+01
Var    Value     Gradient |Var    Value     Gradient |Var    Value     Gradient
  1  0.07503  4.65803e-01 |  2  0.20474  8.65213e-01 |

Initial statistics: 43 variables; iteration 0; function evaluation 0; phase 2
Function value 5.3763582e+02; maximum gradient component mag -3.2731e+03
Var    Value     Gradient |Var    Value     Gradient |Var    Value     Gradient
  1  0.07503  4.65803e-01 |  2  0.00000  1.20265e+01 |  3  0.00000  2.72234e+01
  4  0.00000 -6.69311e+01 |  5  0.00000  2.74328e+01 |  6  0.00000 -4.45134e+01
  7  0.00000 -1.80550e+01 |  8  0.00000  3.38161e+01 |  9  0.00000  4.66898e+00
 10  0.00000  1.09440e+01 | 11  0.00000 -4.39253e+01 | 12  0.00000  5.78983e+00
 13  0.00000 -2.83157e+01 | 14  0.00000 -6.62877e-01 | 15  0.00000  5.29837e+00
 16  0.00000 -4.12077e+01 | 17  0.00000  1.15710e+01 | 18  0.00000  7.84859e+01
 19  0.00000  2.22181e+01 | 20  0.00000  5.01631e+01 | 21  0.00000 -8.48547e+01
 22  0.00000 -8.91888e+01 | 23  0.00000  9.95867e+01 | 24  0.00000  3.34420e+01
 25  0.00000  2.26542e+02 | 26  0.00000  9.08040e+01 | 27  0.00000  3.44600e+01
 28  0.00000  6.07993e+01 | 29  0.00000 -2.07059e+02 | 30  0.00000  3.80740e+02
 31  0.00000 -6.09841e+02 | 32  0.00000  4.43858e+02 | 33  0.00000 -7.38553e+02
 34  0.00000  2.57178e+02 | 35  0.00000 -3.56605e+02 | 36  0.00000  3.84983e+02
 37  0.21635  2.63167e+02 | 38  0.21635  2.83866e+03 | 39  0.21635 -8.17656e+02
 40  0.20474  8.65213e-01 | 41 -0.30909 -2.11086e+03 | 42  0.12819  1.00914e+01
 43 -0.30909 -3.27313e+03 |

Intermediate statistics: 43 variables; iteration 20; function evaluation 33; phase 2
Function value 1.9660825e+02; maximum gradient component mag -1.5753e+03
Var    Value     Gradient |Var    Value     Gradient |Var    Value     Gradient
  1  0.03202 -1.57529e+03 |  2 -0.06469  3.52969e+00 |  3 -0.10668  3.37741e+00
  4 -0.01045  3.72812e+00 |  5 -0.04386  4.43084e+01 |  6 -0.01026  3.96057e+01
  7 -0.05925  3.47723e+01 |  8 -0.09947  4.14508e+01 |  9 -0.06443  3.97274e+01
 10 -0.05210  4.37443e+01 | 11  0.02302  3.44000e+01 | 12  0.01474  3.71403e+01
 13  0.04667  2.73175e+01 | 14  0.00602  2.54566e+01 | 15 -0.01006  3.15777e+01
 16  0.04883  6.19254e+00 | 17  0.01688  1.46352e+01 | 18 -0.02898  3.39234e+01
 19  0.01365  1.76377e+01 | 20 -0.02711  2.53053e+01 | 21  0.06864 -2.25203e+01
 22  0.05400 -3.09192e+00 | 23 -0.04283  2.78201e+01 | 24 -0.01200  2.17302e+01
 25 -0.09030  4.69329e+01 | 26 -0.02372  3.61521e+01 | 27 -0.03629 -1.52213e+01
 28 -0.00568 -1.13883e+02 | 29  0.02833 -3.82070e+02 | 30 -0.00780 -1.80835e+01
 31  0.07658  1.91796e+02 | 32 -0.00237  3.06898e+01 | 33  0.08200  3.31667e+01
 34  0.01754 -8.15707e+01 | 35  0.07929  2.41638e+01 | 36  0.04794  2.08828e+01
 37  0.23167 -1.18275e+03 | 38  0.21272 -7.92097e+02 | 39  0.25656 -3.35940e+01
 40  0.23473 -1.38143e+02 | 41 -0.21289  6.54599e+02 | 42  0.15206 -2.11475e+02
 43 -0.26011 -7.94322e+02 |
43 variables; iteration 40; function evaluation 60; phase 2
Function value 1.8050802e+02; maximum gradient component mag -7.3753e+02
Var    Value     Gradient |Var    Value     Gradient |Var    Value     Gradient
  1  0.02544 -7.37530e+02 |  2 -0.07587 -2.20796e+00 |  3 -0.09341  2.81937e+00
  4  0.00462 -2.93009e+00 |  5 -0.03623  4.30541e+00 |  6  0.00104 -2.20803e+00
  7 -0.05582  5.30289e+00 |  8 -0.10719  5.63229e+00 |  9 -0.06364  2.25694e+01
 10 -0.07185  8.72936e+00 | 11  0.01667  4.50861e+00 | 12  0.01430  2.68357e+00
 13  0.05136 -2.10513e+01 | 14  0.01042  1.46046e+00 | 15 -0.01153  8.35604e+00
 16  0.05846 -3.40730e+00 | 17  0.01470 -2.83791e+01 | 18 -0.02832  7.37939e+00
 19  0.01843  7.28987e+00 | 20 -0.03614 -1.37508e+01 | 21  0.07053 -6.07647e+00
 22  0.07921  6.62306e+01 | 23 -0.05265  1.25993e+01 | 24 -0.01420  7.76853e+00
 25 -0.11957 -1.27610e+01 | 26 -0.02140 -1.93660e+01 | 27 -0.02762 -1.10939e+01
 28 -0.00318 -2.78179e+01 | 29  0.04325 -3.20185e+01 | 30 -0.00955 -7.81004e+01
 31  0.06174  5.94347e+01 | 32 -0.01483 -5.03619e+01 | 33  0.07253  6.09635e+01
 34  0.01902 -3.46310e+01 | 35  0.08194  5.20720e+01 | 36  0.05908 -1.54808e+01
 37  0.24082 -1.97373e+02 | 38  0.22102 -1.67703e+02 | 39  0.26180 -1.46286e+02
 40  0.24469 -6.93719e+01 | 41 -0.22667  1.72198e+00 | 42  0.12429  1.60455e+01
 43 -0.25148 -3.70403e+01 |

 - final statistics:
43 variables; iteration 58; function evaluation 86
Function value 1.7685e+02; maximum gradient component mag 8.0792e+00
Exit code = 1;  converg criter 1.0000e+01
Var    Value     Gradient |Var    Value     Gradient |Var    Value     Gradient
  1  0.02391 -5.02724e+00 |  2 -0.06693  5.98982e-03 |  3 -0.10079  4.05281e-03
  4  0.00594 -7.69154e-02 |  5 -0.03289 -7.17663e-02 |  6  0.00295 -6.22284e-01
  7 -0.05069  1.87170e-01 |  8 -0.10263  1.22813e-01 |  9 -0.07011  1.18629e-01
 10 -0.07361 -6.28707e-03 | 11  0.01958 -6.40730e-02 | 12  0.01546 -2.18432e-01
 13  0.05610 -8.30212e-01 | 14  0.00965 -9.03550e-02 | 15 -0.01429  1.25410e-01
 16  0.05796  3.81922e-02 | 17  0.02747  1.55793e-01 | 18 -0.03216  1.65850e-01
 19  0.01388  3.13267e-01 | 20 -0.03213  3.04771e-01 | 21  0.07167  2.35873e-01
 22  0.05465 -3.12075e-02 | 23 -0.05826  5.70772e-02 | 24 -0.01833  7.40426e-02
 25 -0.10933  2.36528e-01 | 26 -0.01885  2.06639e-01 | 27 -0.02151  1.14872e-01
 28  0.00140 -3.40438e-02 | 29  0.04063 -2.89031e-01 | 30 -0.00515  8.28396e-02
 31  0.05615 -3.18596e-01 | 32 -0.00925  2.68909e-01 | 33  0.05916 -2.67487e-01
 34  0.01708  2.37771e-01 | 35  0.07636 -1.24398e-02 | 36  0.06844 -4.54685e-03
 37  0.24362  8.81013e-01 | 38  0.22382  4.47603e-01 | 39  0.26660  4.56981e-01
 40  0.24990 -3.13495e-01 | 41 -0.26504  8.07916e+00 | 42  0.00346 -2.48584e+00
 43 -0.24702 -1.74816e+00 |

Initial statistics: 46 variables; iteration 0; function evaluation 0; phase 3
Function value 1.7684661e+02; maximum gradient component mag -1.5484e+03
Var    Value     Gradient |Var    Value     Gradient |Var    Value     Gradient
  1  0.02391 -5.02724e+00 |  2 -0.06693  5.98982e-03 |  3 -0.10079  4.05281e-03
  4  0.00594 -7.69154e-02 |  5 -0.03289 -7.76490e-02 |  6  0.00295 -6.28174e-01
  7 -0.05069  1.81298e-01 |  8 -0.10263  1.16999e-01 |  9 -0.07011  1.12774e-01
 10 -0.07361 -1.21382e-02 | 11  0.01958 -6.99607e-02 | 12  0.01546 -2.24320e-01
 13  0.05610 -8.36080e-01 | 14  0.00965 -9.62448e-02 | 15 -0.01429  1.19521e-01
 16  0.05796  3.23261e-02 | 17  0.02747  1.49908e-01 | 18 -0.03216  1.59967e-01
 19  0.01388  3.07378e-01 | 20 -0.03213  2.98888e-01 | 21  0.07167  2.30019e-01
 22  0.05465 -3.70763e-02 | 23 -0.05826  5.12114e-02 | 24 -0.01833  6.81546e-02
 25 -0.10933  2.30724e-01 | 26 -0.01885  2.00751e-01 | 27 -0.02151  1.08985e-01
 28  0.00140 -3.99343e-02 | 29  0.04063 -2.94910e-01 | 30 -0.00515  7.69493e-02
 31  0.05615 -3.24464e-01 | 32 -0.00925  2.63019e-01 | 33  0.05916 -2.73352e-01
 34  0.01708  2.31882e-01 | 35  0.07636 -1.82880e-02 | 36  0.06844 -1.04033e-02
 37  0.24362  8.81013e-01 | 38  0.22382  4.47603e-01 | 39  0.26660  4.56981e-01
 40  0.24990 -3.13495e-01 | 41 -0.26504  8.07916e+00 | 42  0.00346 -2.48584e+00
 43 -0.30909 -1.54844e+03 | 44 -0.43452  1.79461e-03 | 45 -0.24702 -1.74816e+00
 46 -0.36199 -2.39866e+01 |

Intermediate statistics: 46 variables; iteration 20; function evaluation 29; phase 3
Function value 1.2589152e+02; maximum gradient component mag -1.2129e+03
Var    Value     Gradient |Var    Value     Gradient |Var    Value     Gradient
  1  0.01836 -1.21287e+03 |  2 -0.06616  9.26743e-02 |  3 -0.09935  1.76685e-01
  4  0.01108  3.83309e+00 |  5 -0.02078  2.83092e+01 |  6  0.01844  4.73877e+01
  7 -0.04467  1.73685e+01 |  8 -0.09933  1.56278e+01 |  9 -0.06646  1.58269e+01
 10 -0.07311  1.04388e+01 | 11  0.02478 -2.40987e+01 | 12  0.02246 -8.48981e+01
 13  0.06646 -3.12192e+02 | 14  0.00420 -3.66339e+01 | 15 -0.01217  2.82919e+01
 16  0.06470  4.64295e+01 | 17  0.03656  4.73452e+01 | 18 -0.03685  2.23296e+01
 19 -0.02473 -2.66891e+01 | 20 -0.02029 -1.18198e+01 | 21  0.01903 -1.58607e+01
 22  0.03147  8.47345e+00 | 23 -0.05186  2.53028e+01 | 24 -0.04426  1.96533e+01
 25 -0.11648  2.70587e+01 | 26  0.00111  5.54392e+01 | 27 -0.02555 -1.50203e+01
 28 -0.02401 -5.47730e+01 | 29  0.05254 -2.31100e+02 | 30  0.00263  2.34033e+01
 31  0.06117  1.35615e+02 | 32 -0.01780  4.49613e+01 | 33  0.06376  5.73252e+01
 34  0.02126  2.93271e+01 | 35  0.08817  5.82065e+01 | 36  0.09915  4.11472e+01
 37  0.25217  4.46487e+02 | 38  0.26616  7.54899e+02 | 39  0.27310 -4.95724e+01
 40  0.26046  6.65623e+01 | 41 -0.26146  6.25301e+02 | 42  0.00639 -2.18528e+02
 43 -0.24348 -1.81076e+02 | 44 -0.41094  1.57096e+02 | 45 -0.19433 -4.16682e+02
 46 -0.28914  2.25678e+02 |
46 variables; iteration 40; function evaluation 53; phase 3
Function value 1.2127952e+02; maximum gradient component mag 1.0566e+03
Var    Value     Gradient |Var    Value     Gradient |Var    Value     Gradient
  1  0.01927 -1.00324e+03 |  2 -0.05176  4.09830e+00 |  3 -0.07576  9.25851e+00
  4  0.01070  4.52166e+00 |  5 -0.02381  2.14833e+01 |  6  0.01281  2.41780e+01
  7 -0.04139  2.06213e+01 |  8 -0.08993  2.51220e+01 |  9 -0.06292  2.02822e+01
 10 -0.07262  8.68507e+00 | 11  0.02516  1.02724e+00 | 12  0.01787 -2.70614e+01
 13  0.06925 -1.06604e+02 | 14  0.00747 -3.58273e+00 | 15 -0.01800  1.41052e+01
 16  0.06197  2.29756e+01 | 17  0.03117  2.25426e+01 | 18 -0.03445  2.92236e+01
 19 -0.01607  6.54337e+00 | 20 -0.02636 -1.40971e+00 | 21  0.03117  4.56542e+00
 22  0.03748  1.32347e+01 | 23 -0.04538  3.02074e+01 | 24 -0.04206  2.12921e-02
 25 -0.12103  4.43757e+00 | 26 -0.00227  2.77369e+01 | 27 -0.02698 -1.83114e+01
 28 -0.02600 -7.20351e+01 | 29  0.05274 -1.65613e+02 | 30  0.00114 -1.48275e+01
 31  0.05894  2.65100e+01 | 32 -0.01603  3.45463e+01 | 33  0.06142 -7.10215e+00
 34  0.02038  1.24299e+01 | 35  0.08446  2.05104e+01 | 36  0.09187  3.81887e+01
 37  0.24890 -5.98776e+01 | 38  0.26034  1.71654e+02 | 39  0.27195 -5.98152e+01
 40  0.25862 -1.59961e+01 | 41 -0.29164  1.05657e+03 | 42 -0.07901 -3.74397e+02
 43 -0.25009 -7.75086e+01 | 44 -0.41640  6.62732e+01 | 45 -0.19766 -3.97652e+02
 46 -0.29223  2.17780e+02 |
46 variables; iteration 60; function evaluation 94; phase 3
Function value 1.1428459e+02; maximum gradient component mag -3.8092e+02
Var    Value     Gradient |Var    Value     Gradient |Var    Value     Gradient
  1  0.01966  7.78764e+01 |  2 -0.07000 -2.85542e+00 |  3 -0.10143 -4.10830e+00
  4  0.00838 -1.90590e+01 |  5 -0.02713 -3.47748e+01 |  6  0.01084 -8.41919e+01
  7 -0.04817 -6.77455e+00 |  8 -0.10034 -4.39567e+00 |  9 -0.06603 -4.01681e+00
 10 -0.06889 -3.05793e+00 | 11  0.03239  3.37835e+00 | 12  0.03221  1.05478e+01
 13  0.07727  3.75218e+01 | 14  0.00464 -1.86899e+00 | 15 -0.01366 -3.82667e+00
 16  0.05909 -6.72602e+00 | 17  0.03012 -6.47976e+00 | 18 -0.03595 -5.16937e-01
 19 -0.01496 -2.54545e+00 | 20 -0.02726  4.56251e+00 | 21  0.03668  1.46259e+00
 22  0.03984  2.17027e+00 | 23 -0.05526 -2.90480e+00 | 24 -0.03396  1.11875e+00
 25 -0.11449 -1.50274e+00 | 26 -0.00701 -1.88713e+00 | 27 -0.02580  1.44849e+01
 28 -0.02212  2.45679e+01 | 29  0.05998  1.35499e+02 | 30 -0.00037  1.63573e+00
 31  0.05647 -4.00885e+01 | 32 -0.02405  5.90405e+00 | 33  0.05980 -2.22536e+01
 34  0.01776 -2.79597e+00 | 35  0.08390 -1.50185e+01 | 36  0.08408  1.43437e+00
 37  0.24876  3.11546e+01 | 38  0.25814 -4.60921e+01 | 39  0.27336  3.46502e+01
 40  0.26776 -2.90599e+01 | 41 -0.29300 -3.80918e+02 | 42 -0.08231  1.33500e+02
 43 -0.25350  2.13922e+01 | 44 -0.42112 -1.84639e+01 | 45 -0.14174 -1.52493e+02
 46 -0.23612  1.32461e+02 |
46 variables; iteration 80; function evaluation 116; phase 3
Function value 1.0996571e+02; maximum gradient component mag -1.6940e+02
Var    Value     Gradient |Var    Value     Gradient |Var    Value     Gradient
  1  0.01847  2.61479e+01 |  2 -0.06404  4.09499e-02 |  3 -0.09609  1.74068e-01
  4  0.01363  7.92169e-01 |  5 -0.02008  9.18615e-01 |  6  0.02000  3.01446e+00
  7 -0.04131 -3.03999e-01 |  8 -0.09370 -5.10230e-01 |  9 -0.06127 -3.25903e-01
 10 -0.06372 -3.42782e-01 | 11  0.03118 -9.68523e-03 | 12  0.02795  5.44435e-01
 13  0.07037  2.26905e+00 | 14  0.00857  3.21993e-02 | 15 -0.01435 -1.61712e-01
 16  0.06063  9.62814e-01 | 17  0.03345  2.16575e+00 | 18 -0.03387  1.32871e+00
 19 -0.01525 -6.37606e-01 | 20 -0.02423 -1.04344e+00 | 21  0.03175  2.10257e-01
 22  0.03597  6.68000e-01 | 23 -0.05612  8.03768e-01 | 24 -0.03760  1.40459e+00
 25 -0.11491  1.54101e+00 | 26 -0.00313 -9.46559e-02 | 27 -0.02395 -1.73958e+00
 28 -0.02939 -1.22414e+00 | 29  0.05424 -3.30867e+00 | 30 -0.00116 -2.96499e-01
 31  0.05279 -1.15561e+00 | 32 -0.02866 -1.27325e+00 | 33  0.04305 -1.39004e+00
 34  0.00771 -9.80613e-01 | 35  0.08462 -2.12070e-01 | 36  0.10019 -7.59282e-01
 37  0.25080  4.18286e+00 | 38  0.26204 -2.49018e+00 | 39  0.27566  2.95324e-01
 40  0.28568  3.43941e+00 | 41 -0.26267 -1.69405e+02 | 42  0.00477  5.87553e+01
 43 -0.25241  7.72565e-01 | 44 -0.42059 -6.68324e-01 | 45 -0.09464 -1.52515e+00
 46 -0.22567  1.56840e+00 |
46 variables; iteration 100; function evaluation 145; phase 3
Function value 1.0992840e+02; maximum gradient component mag 8.8700e-02
Var    Value     Gradient |Var    Value     Gradient |Var    Value     Gradient
  1  0.01848  6.37376e-02 |  2 -0.06427  2.69084e-03 |  3 -0.09673  3.13368e-03
  4  0.01276  5.59507e-03 |  5 -0.02034  7.12388e-03 |  6  0.02001  1.61949e-02
  7 -0.04197  1.75193e-03 |  8 -0.09435  6.73339e-03 |  9 -0.06194  1.77152e-03
 10 -0.06435 -3.79424e-03 | 11  0.03098 -4.47890e-04 | 12  0.02788 -1.90741e-03
 13  0.07075  1.50927e-03 | 14  0.00826 -3.54037e-03 | 15 -0.01450  2.30846e-03
 16  0.06061  2.84093e-03 | 17  0.03314 -1.66031e-03 | 18 -0.03373  5.18753e-04
 19 -0.01531  6.35494e-03 | 20 -0.02413 -2.53109e-03 | 21  0.03168  4.29348e-03
 22  0.03598  7.58736e-03 | 23 -0.05633  1.21487e-02 | 24 -0.03787  2.29615e-03
 25 -0.11553 -4.97967e-04 | 26 -0.00246  1.10647e-02 | 27 -0.02415 -3.85248e-03
 28 -0.02889 -2.17148e-02 | 29  0.05455 -5.45076e-02 | 30 -0.00066 -1.80101e-02
 31  0.05302  1.61558e-02 | 32 -0.02848  7.30430e-04 | 33  0.04350  4.72334e-03
 34  0.00823 -2.78343e-03 | 35  0.08513  1.10209e-02 | 36  0.10106  4.10445e-03
 37  0.25074  3.03345e-03 | 38  0.26197  8.87002e-02 | 39  0.27551 -3.47810e-02
 40  0.28535  4.67889e-03 | 41 -0.28254  1.63336e-02 | 42 -0.05301 -6.44311e-03
 43 -0.25242 -3.28397e-02 | 44 -0.42063  3.21769e-02 | 45 -0.09485 -1.08931e-02
 46 -0.22558  3.74174e-03 |
46 variables; iteration 120; function evaluation 165; phase 3
Function value 1.0992839e+02; maximum gradient component mag 4.0627e-02
Var    Value     Gradient |Var    Value     Gradient |Var    Value     Gradient
  1  0.01848  1.80898e-02 |  2 -0.06428 -3.30303e-04 |  3 -0.09673 -4.73786e-04
  4  0.01276 -5.93533e-04 |  5 -0.02034 -1.42015e-03 |  6  0.02001 -2.84465e-03
  7 -0.04197 -4.98367e-04 |  8 -0.09436 -2.74025e-04 |  9 -0.06194 -3.02549e-04
 10 -0.06435 -2.03654e-04 | 11  0.03098  6.19079e-04 | 12  0.02788  2.13902e-03
 13  0.07075  6.61927e-03 | 14  0.00826  5.41983e-04 | 15 -0.01451 -5.01300e-04
 16  0.06061  8.82097e-05 | 17  0.03314 -3.48327e-04 | 18 -0.03373 -3.43566e-04
 19 -0.01531 -6.41043e-04 | 20 -0.02413 -5.08081e-04 | 21  0.03168 -1.37667e-03
 22  0.03598 -1.01594e-03 | 23 -0.05633 -1.14124e-03 | 24 -0.03787 -4.33374e-04
 25 -0.11553 -7.53343e-04 | 26 -0.00246  4.24540e-04 | 27 -0.02415 -8.33810e-04
 28 -0.02889  6.89639e-04 | 29  0.05455  3.96671e-04 | 30 -0.00065  8.46230e-04
 31  0.05302  2.17179e-03 | 32 -0.02848 -4.47820e-04 | 33  0.04350  9.19668e-04
 34  0.00823 -3.21735e-04 | 35  0.08513  9.32169e-04 | 36  0.10106 -1.82176e-03
 37  0.25074  1.37058e-03 | 38  0.26197 -1.94512e-03 | 39  0.27551 -5.49259e-03
 40  0.28535  1.62691e-04 | 41 -0.27906  4.06271e-02 | 42 -0.04314 -1.42171e-02
 43 -0.25301  3.42898e-03 | 44 -0.42129 -1.93617e-04 | 45 -0.09485  4.98081e-03
 46 -0.22558 -5.63062e-03 |

 - final statistics:
46 variables; iteration 137; function evaluation 182
Function value 1.0993e+02; maximum gradient component mag 9.2681e-05
Exit code = 1;  converg criter 1.0000e-04
Var    Value     Gradient |Var    Value     Gradient |Var    Value     Gradient
  1  0.01848 -8.67447e-05 |  2 -0.06428  4.94516e-07 |  3 -0.09673  8.88168e-07
  4  0.01276  1.08193e-06 |  5 -0.02034  3.47520e-06 |  6  0.02001  6.64182e-06
  7 -0.04197  1.05727e-06 |  8 -0.09436  4.37227e-07 |  9 -0.06194  1.34112e-06
 10 -0.06435  1.34936e-06 | 11  0.03098 -1.68757e-06 | 12  0.02788 -4.60718e-06
 13  0.07075 -1.87054e-05 | 14  0.00826 -1.52955e-06 | 15 -0.01451  6.78265e-07
 16  0.06061 -1.88234e-06 | 17  0.03314 -8.84550e-07 | 18 -0.03373 -1.60543e-06
 19 -0.01531  8.92930e-07 | 20 -0.02413  3.08988e-07 | 21  0.03168  4.22626e-06
 22  0.03598  2.15136e-06 | 23 -0.05633 -1.23141e-07 | 24 -0.03787 -8.21116e-08
 25 -0.11553  5.67279e-07 | 26 -0.00246 -3.65202e-06 | 27 -0.02415  4.20891e-06
 28 -0.02889  2.92846e-06 | 29  0.05455  1.18061e-05 | 30 -0.00065 -1.42387e-06
 31  0.05302 -9.16044e-06 | 32 -0.02848  9.87961e-07 | 33  0.04350 -3.14434e-06
 34  0.00823  2.55450e-06 | 35  0.08513 -1.57059e-06 | 36  0.10106  2.85792e-06
 37  0.25074 -1.14510e-05 | 38  0.26196 -1.39805e-06 | 39  0.27551  1.48877e-05
 40  0.28535 -5.24958e-06 | 41 -0.27923  9.26809e-05 | 42 -0.04360 -3.26239e-05
 43 -0.25600 -2.17331e-05 | 44 -0.42471  1.90715e-05 | 45 -0.09485 -1.08032e-05
 46 -0.22558  1.24018e-05 |
Estimating row 1 out of 46 for hessian
Estimating row 2 out of 46 for hessian
Estimating row 3 out of 46 for hessian
Estimating row 4 out of 46 for hessian
Estimating row 5 out of 46 for hessian
Estimating row 6 out of 46 for hessian
Estimating row 7 out of 46 for hessian
Estimating row 8 out of 46 for hessian
Estimating row 9 out of 46 for hessian
Estimating row 10 out of 46 for hessian
Estimating row 11 out of 46 for hessian
Estimating row 12 out of 46 for hessian
Estimating row 13 out of 46 for hessian
Estimating row 14 out of 46 for hessian
Estimating row 15 out of 46 for hessian
Estimating row 16 out of 46 for hessian
Estimating row 17 out of 46 for hessian
Estimating row 18 out of 46 for hessian
Estimating row 19 out of 46 for hessian
Estimating row 20 out of 46 for hessian
Estimating row 21 out of 46 for hessian
Estimating row 22 out of 46 for hessian
Estimating row 23 out of 46 for hessian
Estimating row 24 out of 46 for hessian
Estimating row 25 out of 46 for hessian
Estimating row 26 out of 46 for hessian
Estimating row 27 out of 46 for hessian
Estimating row 28 out of 46 for hessian
Estimating row 29 out of 46 for hessian
Estimating row 30 out of 46 for hessian
Estimating row 31 out of 46 for hessian
Estimating row 32 out of 46 for hessian
Estimating row 33 out of 46 for hessian
Estimating row 34 out of 46 for hessian
Estimating row 35 out of 46 for hessian
Estimating row 36 out of 46 for hessian
Estimating row 37 out of 46 for hessian
Estimating row 38 out of 46 for hessian
Estimating row 39 out of 46 for hessian
Estimating row 40 out of 46 for hessian
Estimating row 41 out of 46 for hessian
Estimating row 42 out of 46 for hessian
Estimating row 43 out of 46 for hessian
Estimating row 44 out of 46 for hessian
Estimating row 45 out of 46 for hessian
Estimating row 46 out of 46 for hessian
size of file gradfil1.tmp = 0
size of file gradfil2.tmp = 0
size of file varssave.tmp = 0
size of file cmpdiff.tmp = 0
