
Initial statistics: 10 variables; iteration 0; function evaluation 0; phase 1
Function value 4.0027726e+04; maximum gradient component mag 1.2332e+05
Var    Value     Gradient |Var    Value     Gradient |Var    Value     Gradient
  1  0.33333  1.23315e+05 |  2  0.21635  6.75414e+04 |  3  0.40967  1.80285e+04
  4 -0.59033 -3.68995e+04 |  5  0.21635  4.76682e+04 |  6  0.40967  1.31799e+04
  7 -0.59033 -2.75958e+04 |  8  0.21635  3.01301e+04 |  9 -0.30909  2.70586e+04
 10 -0.59033 -1.71393e+04 |

Intermediate statistics: 10 variables; iteration 20; function evaluation 51; phase 1
Function value 1.3792544e+03; maximum gradient component mag 4.1504e+02
Var    Value     Gradient |Var    Value     Gradient |Var    Value     Gradient
  1  0.02724  4.15043e+02 |  2  0.22365  3.74635e+01 |  3 -0.64050  9.07164e+00
  4 -0.74429 -4.00590e+01 |  5  0.21020  5.88378e+01 |  6 -1.30468 -8.68323e+00
  7 -1.76633  6.37260e+00 |  8  0.17326 -1.32686e+02 |  9 -0.66205 -4.43355e+01
 10 -1.14503  1.23663e+01 |

 - final statistics:
10 variables; iteration 34; function evaluation 65
Function value 1.3634e+03; maximum gradient component mag -7.1216e+00
Exit code = 1;  converg criter 1.0000e+01
Var    Value     Gradient |Var    Value     Gradient |Var    Value     Gradient
  1  0.02661 -7.12159e+00 |  2  0.23552 -1.33506e+00 |  3 -0.75831  1.21839e+00
  4 -0.35675 -6.43499e+00 |  5  0.21180  2.40558e+00 |  6 -1.27990 -1.80068e+00
  7 -1.94129 -9.54775e-01 |  8  0.20916 -3.88048e+00 |  9 -0.78925 -1.00075e+00
 10 -1.88418 -3.24242e+00 |

Initial statistics: 54 variables; iteration 0; function evaluation 0; phase 2
Function value 1.3634028e+03; maximum gradient component mag 7.5144e+03
Var    Value     Gradient |Var    Value     Gradient |Var    Value     Gradient
  1  0.02661 -7.12159e+00 |  2  0.00000  7.00136e+00 |  3  0.00000  1.49699e+01
  4  0.00000 -9.90895e+01 |  5  0.00000 -1.19727e+01 |  6  0.00000 -1.02406e+02
  7  0.00000 -2.81014e+01 |  8  0.00000  3.37753e+01 |  9  0.00000 -1.85298e+00
 10  0.00000  1.08242e+01 | 11  0.00000 -6.42565e+01 | 12  0.00000 -4.06690e+01
 13  0.00000 -1.16291e+02 | 14  0.00000 -1.05014e+02 | 15  0.00000 -2.87252e+01
 16  0.00000 -1.25604e+02 | 17  0.00000 -8.06739e+01 | 18  0.00000  1.47796e+02
 19  0.00000  2.91035e+02 | 20  0.00000  6.59860e+02 | 21  0.00000 -3.16274e+01
 22  0.00000  9.32861e+01 | 23  0.00000  5.60551e+02 | 24  0.00000  4.26513e+01
 25  0.00000  3.46958e+02 | 26  0.00000  5.47225e+02 | 27  0.00000 -3.22998e+01
 28  0.00000 -6.37305e+01 | 29  0.00000 -3.99435e+02 | 30  0.00000 -1.54116e+02
 31  0.00000 -1.05174e+03 | 32  0.00000  9.87048e+02 | 33  0.00000 -1.30908e+03
 34  0.00000  1.42039e+02 | 35  0.00000 -4.18788e+02 | 36  0.00000 -5.18515e+02
 37  0.00000  3.03185e+02 | 38  0.00000  2.04460e+02 | 39  0.00000  3.14206e+02
 40  0.23552 -1.33506e+00 | 41 -0.75831  1.21839e+00 | 42 -0.35675 -6.43499e+00
 43  0.21180  2.40558e+00 | 44 -0.72010  1.80068e+00 | 45 -0.05871  9.54775e-01
 46  0.21635  7.51444e+03 | 47  0.40967  1.20832e+03 | 48 -0.59033 -1.38268e+03
 49  0.20916 -3.88048e+00 | 50 -0.78925 -1.00075e+00 | 51 -0.11582  3.24242e+00
 52 -0.30909 -1.97383e+03 | 53  0.12819  5.81757e+00 | 54 -0.30909 -6.78619e+03

Intermediate statistics: 54 variables; iteration 20; function evaluation 35; phase 2
Function value 2.0273684e+02; maximum gradient component mag 3.5381e+03
Var    Value     Gradient |Var    Value     Gradient |Var    Value     Gradient
  1  0.03118  3.53812e+03 |  2 -0.06908  3.67889e+00 |  3 -0.11555  2.36955e+00
  4 -0.00761  9.80233e+00 |  5 -0.03748 -2.61673e+01 |  6  0.00032 -4.77297e+01
  7 -0.05737 -2.03497e+01 |  8 -0.10532 -2.79092e+01 |  9 -0.06956 -2.60625e+01
 10 -0.05429 -2.20181e+01 | 11  0.02844 -2.14719e+01 | 12  0.02222 -1.47259e+01
 13  0.05122 -9.62603e+00 | 14  0.01656  1.85307e+01 | 15  0.00477 -4.64612e+00
 16  0.05014  6.72748e+00 | 17  0.00936  2.76036e+01 | 18 -0.06167  7.67164e+00
 19 -0.01983 -6.67598e+00 | 20 -0.01086  2.43038e+01 | 21  0.02702 -2.86296e+01
 22  0.02864 -5.27069e+01 | 23 -0.07519 -4.55795e+01 | 24 -0.02442 -2.67075e+01
 25 -0.10047 -2.24787e+01 | 26 -0.00850 -1.56956e+01 | 27 -0.02648 -1.83700e+01
 28  0.02085  4.71135e+01 | 29  0.03297  8.55367e+01 | 30 -0.01276  2.92932e+01
 31  0.06564  2.18374e+02 | 32 -0.01351 -8.86981e+01 | 33  0.07290 -1.63775e+01
 34  0.00894 -1.73896e+01 | 35  0.06367  2.07704e+02 | 36  0.02888  1.15128e+02
 37  0.00315  1.25064e+02 | 38  0.07368  4.22205e+02 | 39  0.08542 -1.57478e+02
 40  0.23397  5.69724e+02 | 41 -0.76144  4.71582e+01 | 42 -0.39527 -3.53477e+00
 43  0.20186 -1.19006e+02 | 44 -0.73923 -8.45140e+00 | 45 -0.03695 -2.84706e+00
 46  0.05213  1.88850e+02 | 47  0.41218  3.15959e+01 | 48 -0.67106 -8.52527e+00
 49  0.23091  2.55216e+02 | 50 -0.80638  5.04144e+01 | 51 -0.06974 -1.41218e+00
 52 -0.18047  7.91472e+02 | 53  0.21497 -2.41184e+02 | 54 -0.25463  8.52314e+02
54 variables; iteration 40; function evaluation 57; phase 2
Function value 1.9370025e+02; maximum gradient component mag 2.3289e+03
Var    Value     Gradient |Var    Value     Gradient |Var    Value     Gradient
  1  0.02635  2.32888e+03 |  2 -0.01705  1.85890e+01 |  3 -0.13547 -6.94720e+00
  4  0.01982  4.10165e+01 |  5 -0.02742  6.94901e+00 |  6  0.00390 -1.87073e+00
  7 -0.05379  3.78489e+00 |  8 -0.12007 -2.44644e+01 |  9 -0.06981  5.61833e+00
 10 -0.07948 -2.26047e+01 | 11  0.04112  1.95684e+01 | 12  0.02547  4.47751e+00
 13  0.06288  2.96080e+01 | 14  0.02255  2.98149e+01 | 15  0.01846  1.86162e+01
 16  0.06202  1.64489e+01 | 17  0.02638  3.53399e+01 | 18 -0.05975 -1.48489e+01
 19 -0.02446 -2.70947e+01 | 20 -0.01775 -3.93305e+01 | 21  0.02628 -1.04144e+01
 22  0.03545 -4.31810e+01 | 23 -0.08825 -5.41484e+01 | 24 -0.03336 -3.55003e+01
 25 -0.10924 -2.15751e+01 | 26 -0.00679 -4.36559e+01 | 27 -0.02219 -5.33946e+00
 28  0.01734  2.77134e+01 | 29  0.03969  9.07816e+01 | 30 -0.00873  4.45370e+01
 31  0.05851  8.43288e+01 | 32 -0.00847 -3.89006e+01 | 33  0.06810 -1.99738e+01
 34  0.00841  1.95316e+01 | 35  0.05735  1.24054e+02 | 36  0.03132  1.77739e+02
 37 -0.00240  1.01884e+02 | 38  0.06297  3.51165e+02 | 39  0.08252 -8.81284e+01
 40  0.23427  2.43787e+02 | 41 -0.76975  1.97747e+01 | 42 -0.43854 -1.71680e+00
 43  0.22454  7.44298e+01 | 44 -0.88601  3.85789e+00 | 45  0.20416  2.40611e+00
 46  0.02572 -1.08867e+02 | 47  0.66885 -9.11418e+00 | 48 -0.61427 -5.74841e+00
 49  0.26088  2.45024e+02 | 50 -0.78697  5.23626e+01 | 51  0.76652 -7.66949e-01
 52 -0.18778  4.88290e+02 | 53  0.20532 -1.25113e+02 | 54 -0.25078  5.92895e+02
54 variables; iteration 60; function evaluation 81; phase 2
Function value 1.6988579e+02; maximum gradient component mag -1.7298e+02
Var    Value     Gradient |Var    Value     Gradient |Var    Value     Gradient
  1  0.02205 -1.72983e+02 |  2 -0.08612 -5.71546e+00 |  3 -0.06320  1.19585e+01
  4 -0.00192 -2.45917e+01 |  5 -0.02880 -9.01667e+00 |  6  0.00959 -2.71880e+01
  7 -0.05789 -1.52848e+01 |  8 -0.09574  1.27331e+01 |  9 -0.07736 -9.99114e+00
 10 -0.09743 -8.88354e+00 | 11  0.00738 -9.91204e+00 | 12  0.01478 -1.66060e+01
 13  0.06437 -5.57401e+01 | 14  0.00819 -5.63732e+00 | 15 -0.01725 -5.15785e+00
 16  0.06777  8.56489e+00 | 17  0.02568  8.19067e+00 | 18 -0.04251  1.35700e+01
 19 -0.00866  1.78910e+01 | 20 -0.00920  3.43274e+01 | 21  0.03706  4.17143e+00
 22  0.04530  4.82026e-01 | 23 -0.06486  8.65022e+00 | 24 -0.01160 -2.13887e+00
 25 -0.09991 -5.77711e+00 | 26 -0.00111 -5.41505e+00 | 27 -0.01614 -8.42674e+00
 28  0.01332 -1.41181e+01 | 29  0.04498 -4.78189e+00 | 30 -0.00480 -2.76121e+00
 31  0.05925 -1.09343e+01 | 32 -0.00187  3.36911e+01 | 33  0.07476  1.16373e+01
 34  0.00973 -1.14628e+01 | 35  0.05559  6.65834e+00 | 36  0.02767  2.96383e+01
 37 -0.01017  1.89011e+00 | 38  0.03941  1.05513e+02 | 39  0.04175  6.77934e+00
 40  0.23830 -2.96574e+01 | 41 -0.84205 -1.28870e+00 | 42 -0.45015 -8.44335e-02
 43  0.22176  1.04861e+01 | 44 -0.88321  1.29963e+00 | 45 -0.00122  1.12887e+00
 46  0.04721  8.82826e+01 | 47  0.55247  1.11798e+01 | 48 -0.67449  1.85651e+00
 49  0.22096 -7.12934e+01 | 50 -0.80331 -1.32441e+01 | 51  0.33277  3.69738e+00
 52 -0.22119 -8.52068e+01 | 53  0.13926  4.80546e+01 | 54 -0.25036 -8.22119e+01
Maximum number of function evaluations exceeded

 - final statistics:
54 variables; iteration 79; function evaluation 100
Function value 1.6364e+02; maximum gradient component mag 2.6539e+02
Exit code = 3;  converg criter 1.0000e+01
Var    Value     Gradient |Var    Value     Gradient |Var    Value     Gradient
  1  0.02116 -1.53364e+02 |  2 -0.06498  6.26178e-02 |  3 -0.09863 -1.50910e-01
  4  0.01018 -2.61870e-03 |  5 -0.02780  3.53430e-01 |  6  0.00874 -3.53351e+00
  7 -0.04556  3.38343e+00 |  8 -0.09711  3.20379e+00 |  9 -0.06195  7.54383e+00
 10 -0.06696  1.82247e+00 | 11  0.02546  4.57009e-01 | 12  0.02141 -1.77688e+00
 13  0.06285 -1.10935e+01 | 14  0.00888  6.06281e-01 | 15 -0.00752  3.93187e+00
 16  0.06813  6.99926e+00 | 17  0.02774  1.05271e+01 | 18 -0.04329  8.79571e+00
 19 -0.01150  1.29706e+00 | 20 -0.01984  1.99468e+00 | 21  0.03748  2.35867e+00
 22  0.04792  1.96999e+00 | 23 -0.06860  1.18775e+00 | 24 -0.01048  2.45234e+00
 25 -0.09681  2.08314e+00 | 26 -0.00692  9.78554e-01 | 27 -0.01240  1.15593e+00
 28  0.01617 -8.85339e-01 | 29  0.04443 -6.40926e+00 | 30 -0.00400 -4.29288e+00
 31  0.05784  2.04054e+00 | 32 -0.00790 -1.57732e+00 | 33  0.06890 -2.71284e-01
 34  0.00931  8.96701e-01 | 35  0.05602 -2.94902e+00 | 36  0.02643 -6.01735e+00
 37 -0.01112 -8.85615e+00 | 38  0.02499 -4.12033e+01 | 39 -0.01409  8.63314e-01
 40  0.24371  2.15273e+01 | 41 -0.94334  5.40363e-01 | 42 -0.45142 -2.90406e-01
 43  0.22374 -8.58192e-02 | 44 -1.10567 -8.54893e-01 | 45 -0.09096 -2.36454e-01
 46  0.14730 -1.87063e+01 | 47 -0.01511 -2.25101e+00 | 48 -0.74040  4.66919e-01
 49  0.24706  4.83846e+00 | 50 -0.89803  8.00667e-01 | 51 -0.36679 -3.74781e-01
 52 -0.27867  2.65393e+02 | 53 -0.03914 -9.03003e+01 | 54 -0.24831 -3.12308e+01

Initial statistics: 57 variables; iteration 0; function evaluation 0; phase 3
Function value 1.6363497e+02; maximum gradient component mag -1.0097e+03
Var    Value     Gradient |Var    Value     Gradient |Var    Value     Gradient
  1  0.02116 -1.53364e+02 |  2 -0.06498  6.26178e-02 |  3 -0.09863 -1.50910e-01
  4  0.01018 -2.61870e-03 |  5 -0.02778  9.77709e-01 |  6  0.00876 -2.90869e+00
  7 -0.04555  4.00671e+00 |  8 -0.09709  3.82143e+00 |  9 -0.06193  8.16577e+00
 10 -0.06694  2.44390e+00 | 11  0.02548  1.08138e+00 | 12  0.02142 -1.15236e+00
 13  0.06287 -1.04716e+01 | 14  0.00890  1.23109e+00 | 15 -0.00750  4.55670e+00
 16  0.06815  7.62053e+00 | 17  0.02776  1.11514e+01 | 18 -0.04327  9.41916e+00
 19 -0.01148  1.92184e+00 | 20 -0.01983  2.61926e+00 | 21  0.03749  2.98245e+00
 22  0.04794  2.59309e+00 | 23 -0.06858  1.80901e+00 | 24 -0.01046  3.07714e+00
 25 -0.09680  2.70081e+00 | 26 -0.00691  1.60339e+00 | 27 -0.01238  1.78069e+00
 28  0.01619 -2.60666e-01 | 29  0.04444 -5.78589e+00 | 30 -0.00398 -3.66802e+00
 31  0.05786  2.66284e+00 | 32 -0.00788 -9.52495e-01 | 33  0.06892  3.49933e-01
 34  0.00932  1.52151e+00 | 35  0.05604 -2.32656e+00 | 36  0.02645 -5.39301e+00
 37 -0.01110 -8.23137e+00 | 38  0.02501 -4.05789e+01 | 39 -0.01407  1.48804e+00
 40  0.24371  2.15273e+01 | 41 -0.94334  5.40363e-01 | 42 -0.45142 -2.90406e-01
 43  0.22374 -8.58192e-02 | 44 -0.89433  8.54893e-01 | 45 -0.09096 -2.36454e-01
 46  0.14730 -1.87063e+01 | 47 -0.01511 -2.25101e+00 | 48 -0.74040  4.66919e-01
 49  0.24706  4.83846e+00 | 50 -0.89803  8.00667e-01 | 51 -0.36679 -3.74781e-01
 52 -0.27867  2.65393e+02 | 53 -0.03914 -9.03003e+01 | 54 -0.30909 -1.00971e+03
 55 -0.43452  2.96534e-04 | 56 -0.24831 -3.12308e+01 | 57 -0.36199 -5.47355e+00

Intermediate statistics: 57 variables; iteration 20; function evaluation 29; phase 3
Function value 1.3036735e+02; maximum gradient component mag -5.5656e+02
Var    Value     Gradient |Var    Value     Gradient |Var    Value     Gradient
  1  0.01989 -5.56555e+02 |  2 -0.06477  1.71688e-01 |  3 -0.09758  2.75340e-01
  4  0.01221  2.62201e+00 |  5 -0.02529  1.41148e+01 |  6  0.01251  2.84682e+01
  7 -0.04589  6.51908e+00 |  8 -0.09869  7.07768e+00 |  9 -0.06637  5.20631e+00
 10 -0.06854  9.42468e+00 | 11  0.03053  1.33787e+01 | 12  0.03127  2.07886e+01
 13  0.07814  4.80727e+01 | 14  0.00893  1.11282e+01 | 15 -0.00369  1.00669e+01
 16  0.07055  1.77066e+01 | 17  0.03101  2.57478e+01 | 18 -0.03903  2.68106e+01
 19 -0.02055 -2.27331e+00 | 20 -0.01845  1.08633e+01 | 21  0.01980 -1.21920e+01
 22  0.03299 -1.17976e+01 | 23 -0.05916  1.26838e+01 | 24 -0.03460 -1.35732e+01
 25 -0.10000  6.12138e+00 | 26 -0.00069  1.38243e+01 | 27 -0.01659 -6.70502e+00
 28  0.00038 -3.58572e+01 | 29  0.04958 -6.01932e+01 | 30 -0.00312 -2.40912e+01
 31  0.05563 -4.91542e+01 | 32 -0.01095  1.71513e+01 | 33  0.06416 -3.49405e+01
 34  0.00612 -1.59576e+01 | 35  0.05507 -3.36072e+01 | 36  0.02846 -2.44428e+01
 37 -0.00924 -9.89752e+00 | 38  0.02987  3.10184e+00 | 39  0.01538  2.78705e+01
 40  0.24383 -1.72171e+02 | 41 -0.94376 -3.19494e+00 | 42 -0.45176  1.48728e-01
 43  0.25254  1.04149e+01 | 44 -0.89357  3.39551e-01 | 45 -0.12326  9.22747e+00
 46  0.15156  6.36388e+01 | 47 -0.01711  1.24340e+01 | 48 -0.74494  1.97075e+00
 49  0.25147  1.38189e+01 | 50 -0.89846  1.51715e+00 | 51 -0.36498 -6.16479e-01
 52 -0.27465 -4.00301e+01 | 53 -0.02647  1.34821e+01 | 54 -0.25093 -1.60531e+02
 55 -0.40168  1.14098e+02 | 56 -0.21532 -4.59291e+02 | 57 -0.30882  2.54605e+02
57 variables; iteration 40; function evaluation 54; phase 3
Function value 1.2853359e+02; maximum gradient component mag -4.3776e+02
Var    Value     Gradient |Var    Value     Gradient |Var    Value     Gradient
  1  0.02019 -9.81352e+01 |  2 -0.06333  4.17629e-01 |  3 -0.09385  1.35466e+00
  4  0.01179  8.22363e-01 |  5 -0.02651  5.21754e+00 |  6  0.01147  1.17360e+01
  7 -0.04536  3.41406e+00 |  8 -0.09707  4.54580e+00 |  9 -0.06490  1.63153e+00
 10 -0.06453  6.72093e+00 | 11  0.03393  1.13954e+01 | 12  0.03527  2.18506e+01
 13  0.08202  5.68546e+01 | 14  0.01127  1.45311e+01 | 15  0.00070  1.02286e+01
 16  0.06898  1.70095e+01 | 17  0.02937  2.44896e+01 | 18 -0.03987  2.61021e+01
 19 -0.01959  4.92847e+00 | 20 -0.01972  2.05841e+01 | 21  0.02401 -3.09200e+00
 22  0.03009 -1.28386e+01 | 23 -0.05924  1.35931e+01 | 24 -0.03394 -3.94735e+00
 25 -0.10032  1.15782e+01 | 26  0.00265  3.64925e+01 | 27 -0.01881 -9.67238e+00
 28 -0.00173 -3.32971e+01 | 29  0.04866 -8.42712e+01 | 30 -0.00243  3.02577e+00
 31  0.05366 -5.57573e+01 | 32 -0.01607 -1.25225e+00 | 33  0.06564 -1.54167e+01
 34  0.00761 -3.79654e-01 | 35  0.05628 -8.63263e+00 | 36  0.02736 -2.37195e+01
 37 -0.00939  9.33603e+00 | 38  0.02800  1.95717e+01 | 39  0.00492  1.83443e+01
 40  0.24621  4.85248e+01 | 41 -1.03628 -6.72396e-01 | 42 -0.47265 -8.68065e-01
 43  0.25668  1.91408e+02 | 44 -0.89874  6.31574e+00 | 45 -0.34942  5.97413e+00
 46  0.18461  7.16072e+01 | 47 -0.19150  1.25146e+01 | 48 -1.07807 -8.21551e-01
 49  0.25482  3.35759e+01 | 50 -0.93024  2.37919e+00 | 51 -0.33957  2.95548e-01
 52 -0.27914  2.87908e+01 | 53 -0.03989 -9.72664e+00 | 54 -0.24979 -1.96283e+02
 55 -0.40286  1.42860e+02 | 56 -0.21581 -4.37758e+02 | 57 -0.30915  2.35622e+02
57 variables; iteration 60; function evaluation 81; phase 3
Function value 1.2463574e+02; maximum gradient component mag -8.7698e+02
Var    Value     Gradient |Var    Value     Gradient |Var    Value     Gradient
  1  0.01840 -8.76977e+02 |  2 -0.07042 -1.98029e+00 |  3 -0.08952  1.64850e+00
  4  0.01285 -4.72391e+00 |  5 -0.02438  4.14649e+00 |  6  0.01532  3.59048e+00
  7 -0.04237  1.36714e+01 |  8 -0.10049  5.59125e+00 |  9 -0.06594  6.42005e+00
 10 -0.06761  1.26871e+01 | 11  0.02688 -4.19705e+00 | 12  0.02056 -3.26920e+01
 13  0.06989 -1.18228e+02 | 14  0.00249 -2.40724e+01 | 15 -0.01493  7.70438e+00
 16  0.07272  2.36964e+01 | 17  0.03550  3.29983e+01 | 18 -0.03604  2.97196e+01
 19 -0.01205  6.49608e+00 | 20 -0.01954  1.26537e+01 | 21  0.03634  4.92296e+00
 22  0.03604  8.11556e+00 | 23 -0.06340  8.19350e+00 | 24 -0.02751  5.16235e+00
 25 -0.10441  2.06212e+00 | 26 -0.00017  1.33507e+00 | 27 -0.01805  2.49787e+00
 28 -0.00695 -1.39922e+01 | 29  0.05520 -4.13182e+01 | 30 -0.00061 -1.99119e+01
 31  0.05862  1.24689e+01 | 32 -0.01215  3.68449e+01 | 33  0.06431 -3.34757e+01
 34  0.00899 -7.86072e+00 | 35  0.05917 -6.20077e+00 | 36  0.03116 -2.32111e+00
 37 -0.00746 -7.22524e+00 | 38  0.02965 -2.39681e-01 | 39 -0.00111  9.66859e+00
 40  0.24676  6.53062e+01 | 41 -0.94469  1.31559e+00 | 42 -0.44689  1.55369e+00
 43  0.25577  3.65518e+00 | 44 -0.92657 -3.05047e-01 | 45 -0.73339 -1.88788e+00
 46  0.18721  3.85990e+01 | 47 -0.20070  7.18198e+00 | 48 -0.91786  3.09646e-01
 49  0.25387  3.04601e+01 | 50 -0.88635  3.44761e+00 | 51 -0.28213  2.06317e+00
 52 -0.28762  5.29297e+02 | 53 -0.06565 -1.81413e+02 | 54 -0.25381 -2.30276e+01
 55 -0.41642  1.85637e+01 | 56 -0.20301 -3.74841e+02 | 57 -0.29429  2.10437e+02
57 variables; iteration 80; function evaluation 107; phase 3
Function value 1.1772272e+02; maximum gradient component mag -9.5427e+01
Var    Value     Gradient |Var    Value     Gradient |Var    Value     Gradient
  1  0.01668 -9.54266e+01 |  2 -0.06320 -6.64164e-04 |  3 -0.09474  1.20377e-01
  4  0.01573  2.75132e-01 |  5 -0.01963  7.63274e-01 |  6  0.01899 -9.75198e-02
  7 -0.04480  1.39108e+00 |  8 -0.10082  1.33355e+00 |  9 -0.06989  7.69928e-01
 10 -0.07869  1.67754e+00 | 11  0.02518  8.66640e-01 | 12  0.02793  4.13236e-01
 13  0.07689 -1.80465e+00 | 14  0.01191  9.17579e-01 | 15 -0.00712 -2.14673e-01
 16  0.07327 -2.55249e+00 | 17  0.03564 -6.05036e+00 | 18 -0.03402 -8.79407e+00
 19 -0.01098  1.13191e+00 | 20 -0.02021  1.40190e+00 | 21  0.03531  1.16113e+00
 22  0.03649  6.45493e-01 | 23 -0.06261 -6.82486e-01 | 24 -0.02739  6.52609e-01
 25 -0.10156 -1.07900e+00 | 26  0.00181 -1.17245e+01 | 27 -0.01592  1.59411e+00
 28 -0.01240 -2.32386e+00 | 29  0.05539 -1.09209e+01 | 30  0.00282  2.01305e+00
 31  0.05624  2.83602e+00 | 32 -0.01939 -6.72320e-01 | 33  0.04962  4.89134e+00
 34 -0.00010  2.21268e+00 | 35  0.05541  1.07253e+00 | 36  0.03056  6.27752e+00
 37 -0.00435  8.59751e+00 | 38  0.03128  3.41997e+00 | 39  0.00445  3.73817e-01
 40  0.24532  4.88875e+00 | 41 -0.86156  3.56719e-01 | 42 -0.48520 -8.91453e-02
 43  0.24785  1.31351e+01 | 44 -0.72288 -4.11468e-01 | 45 -0.68589  6.06889e-02
 46  0.21767 -3.70712e+01 | 47 -0.35759 -7.03836e+00 | 48 -1.01022 -6.25571e-02
 49  0.27847  2.35510e+00 | 50 -0.99986 -4.51207e-03 | 51 -0.38563  1.42063e-01
 52 -0.24902  8.41775e+01 | 53  0.04271 -2.81779e+01 | 54 -0.23848 -2.57413e+00
 55 -0.39955  1.84506e+00 | 56 -0.12889 -8.52859e-01 | 57 -0.24105 -2.84570e+00
57 variables; iteration 100; function evaluation 128; phase 3
Function value 1.1643236e+02; maximum gradient component mag 8.0764e+01
Var    Value     Gradient |Var    Value     Gradient |Var    Value     Gradient
  1  0.01640  5.24516e+01 |  2 -0.06451 -4.08785e-01 |  3 -0.09597 -4.46375e-01
  4  0.01558 -5.77572e-01 |  5 -0.01915 -1.81691e+00 |  6  0.01960 -3.42995e+00
  7 -0.04453 -3.65558e-01 |  8 -0.10013  5.68608e-01 |  9 -0.06934  7.77335e-01
 10 -0.07956 -1.24916e+00 | 11  0.02575  3.02703e-02 | 12  0.02803 -5.22297e-01
 13  0.07795  1.74297e+00 | 14  0.01174 -1.06660e+00 | 15 -0.00618 -1.40172e+00
 16  0.07327 -6.08853e+00 | 17  0.03538 -9.08314e+00 | 18 -0.03252 -7.59930e+00
 19 -0.00703  3.99643e+00 | 20 -0.02148 -8.95250e-01 | 21  0.03820  6.04975e+00
 22  0.03156  3.26305e+00 | 23 -0.06439  1.10578e+00 | 24 -0.02578  3.29262e+00
 25 -0.09862  2.39668e+00 | 26  0.00300  1.31465e+01 | 27 -0.01644  8.79114e+00
 28 -0.01713 -4.11265e-01 | 29  0.05653 -1.65825e+00 | 30  0.00035 -2.88792e+00
 31  0.05493 -6.85421e+00 | 32 -0.01973 -1.17610e+00 | 33  0.04672 -5.66235e-01
 34 -0.00114  1.69103e+00 | 35  0.05493 -1.19086e+00 | 36  0.03057 -5.36689e+00
 37 -0.00373  1.04360e+00 | 38  0.03208  1.31478e+01 | 39  0.00575 -4.17222e+00
 40  0.24887 -6.33313e+00 | 41 -1.00643  7.93455e-03 | 42 -0.47727  9.02914e-03
 43  0.19062  8.07639e+01 | 44 -0.29986  1.15728e+01 | 45 -0.80753  3.03301e-02
 46  0.18694  2.45907e+01 | 47 -0.17317  4.39209e+00 | 48 -1.00800 -7.16977e-02
 49  0.28017  2.64041e+00 | 50 -0.95450  9.62922e-02 | 51 -0.39225 -1.62841e-01
 52 -0.28284  1.94991e+00 | 53 -0.05435 -6.91869e-01 | 54 -0.27596 -1.92919e+01
 55 -0.44588  1.58565e+01 | 56 -0.12240 -1.19932e+01 | 57 -0.23890  1.94226e+01
57 variables; iteration 120; function evaluation 189; phase 3
Function value 1.1557395e+02; maximum gradient component mag -1.1915e+04
Var    Value     Gradient |Var    Value     Gradient |Var    Value     Gradient
  1  0.01626 -7.15370e+01 |  2 -0.06398 -2.52279e-01 |  3 -0.09540 -2.12471e-01
  4  0.01577 -1.63560e-01 |  5 -0.01886  6.43043e-01 |  6  0.01994  4.01579e-01
  7 -0.04444  9.70910e-01 |  8 -0.10033  1.34401e+00 |  9 -0.06891  1.82046e+00
 10 -0.07890  8.71698e-01 | 11  0.02584  1.64409e+00 | 12  0.02847  2.01064e+00
 13  0.07824  5.45661e+00 | 14  0.01213  1.74829e+00 | 15 -0.00597  5.80307e-01
 16  0.07351 -3.11744e+00 | 17  0.03594 -5.99204e+00 | 18 -0.03226 -6.48726e+00
 19 -0.00432  1.39794e+00 | 20 -0.02248  2.68196e-01 | 21  0.03876  9.76173e-01
 22  0.02778  8.93528e-01 | 23 -0.06372  1.33360e+00 | 24 -0.02380  1.81534e+00
 25 -0.09452  1.78883e+00 | 26  0.00242  1.97599e-01 | 27 -0.01680  1.28946e+00
 28 -0.02011  1.44035e-01 | 29  0.05705 -2.10329e+00 | 30  0.00085 -1.23853e+01
 31  0.05488 -2.06033e+00 | 32 -0.01955  2.96827e+00 | 33  0.04381  5.66579e+00
 34 -0.00244  3.12853e+00 | 35  0.05420  2.19550e+00 | 36  0.02961 -4.67806e-01
 37 -0.00661 -2.95182e+00 | 38  0.03174 -7.27518e+00 | 39  0.00825  4.58469e-01
 40  0.24837  4.33717e+00 | 41 -1.07211 -1.58211e-01 | 42 -0.48154 -1.23556e-01
 43  0.13772  3.98074e+01 | 44 -0.02028  5.43108e+00 | 45 -0.95317  1.18321e-01
 46  0.17846 -6.07877e+00 | 47 -0.12654 -1.07560e+00 | 48 -0.98960  9.49071e-02
 49  0.27970  6.25581e+00 | 50 -0.90984  4.61523e-01 | 51 -0.39390 -1.08757e-01
 52 -0.30641 -8.36742e+02 | 53 -0.12065  2.97959e+02 | 54 -0.30905 -1.19150e+04
 55 -0.48676  9.49158e+03 | 56 -0.11755  7.01613e+00 | 57 -0.23817 -4.33191e+00
57 variables; iteration 140; function evaluation 220; phase 3
Function value 1.1500870e+02; maximum gradient component mag 6.7618e+03
Var    Value     Gradient |Var    Value     Gradient |Var    Value     Gradient
  1  0.01637 -1.35009e+02 |  2 -0.06339  9.67162e-04 |  3 -0.09526  3.62660e-02
  4  0.01529  3.60072e-01 |  5 -0.01907  2.35671e+00 |  6  0.01980  3.00416e+00
  7 -0.04478  1.89078e+00 |  8 -0.10060  2.20774e+00 |  9 -0.06913  2.18478e+00
 10 -0.07883  2.03757e+00 | 11  0.02563  2.15146e+00 | 12  0.02846  2.38283e+00
 13  0.07813  3.59455e+00 | 14  0.01131  2.11449e+00 | 15 -0.00696  1.89874e+00
 16  0.07342  1.86518e+00 | 17  0.03598  1.86690e+00 | 18 -0.03216  2.06548e+00
 19 -0.00083  2.97183e+00 | 20 -0.02472  2.58793e+00 | 21  0.03950  6.61595e-01
 22  0.02443  1.16782e+00 | 23 -0.06314  1.74807e+00 | 24 -0.02111  6.90657e-01
 25 -0.08921  1.22408e+00 | 26  0.00123  2.74082e+00 | 27 -0.01739 -5.66116e-01
 28 -0.02015 -1.81444e+00 | 29  0.05671 -6.44820e+00 | 30  0.00139 -1.53305e+01
 31  0.05478 -9.22482e+00 | 32 -0.01904  5.82111e-01 | 33  0.04175 -1.26479e+00
 34 -0.00328  2.17939e-01 | 35  0.05388 -2.04008e+00 | 36  0.02953 -4.08264e+00
 37 -0.00669 -6.64875e+00 | 38  0.03174 -9.09010e-01 | 39  0.00889  2.23749e+00
 40  0.24628  3.38095e+00 | 41 -1.13161 -2.44458e-01 | 42 -0.47389  4.29329e-02
 43  0.06370 -2.76999e+01 | 44  0.38246 -4.83990e+00 | 45 -1.00044  6.29374e-05
 46  0.17371  5.58724e+00 | 47 -0.10046  1.05281e+00 | 48 -1.00347 -3.22458e-02
 49  0.26887 -5.11625e+00 | 50 -0.82135 -8.16248e-01 | 51 -0.39333 -4.22132e-03
 52 -0.30730  8.16576e+02 | 53 -0.12317 -2.91970e+02 | 54 -0.30860  6.76179e+03
 55 -0.48620 -5.38914e+03 | 56 -0.11882 -8.37543e+00 | 57 -0.23923  9.05687e+00
57 variables; iteration 160; function evaluation 241; phase 3
Function value 1.1495167e+02; maximum gradient component mag 1.4873e+03
Var    Value     Gradient |Var    Value     Gradient |Var    Value     Gradient
  1  0.01636  1.50176e+00 |  2 -0.06325  7.52330e-04 |  3 -0.09518 -4.76713e-03
  4  0.01533  1.22815e-02 |  5 -0.01905 -2.63406e-02 |  6  0.01979 -5.06091e-02
  7 -0.04466 -1.26536e-02 |  8 -0.10064  2.01352e-02 |  9 -0.06910  4.76117e-02
 10 -0.07892 -3.39227e-02 | 11  0.02560 -3.77808e-02 | 12  0.02850 -5.64026e-02
 13  0.07806 -1.65542e-01 | 14  0.01145 -3.26642e-02 | 15 -0.00685 -2.66014e-02
 16  0.07341 -1.33261e-01 | 17  0.03605 -1.67016e-01 | 18 -0.03207 -1.73483e-01
 19  0.00018 -1.94335e-01 | 20 -0.02528 -1.14496e-01 | 21  0.03948 -4.84736e-02
 22  0.02297 -4.77916e-02 | 23 -0.06292 -3.33923e-03 | 24 -0.02029 -1.26143e-02
 25 -0.08696  2.32380e-02 | 26  0.00063  1.13595e-01 | 27 -0.01733 -4.91703e-03
 28 -0.02025  1.84223e-02 | 29  0.05650  2.00611e-01 | 30  0.00173 -1.45169e-01
 31  0.05481 -1.65054e-01 | 32 -0.01892 -4.18079e-02 | 33  0.04027 -1.62548e-01
 34 -0.00410 -5.13960e-02 | 35  0.05357  2.07003e-01 | 36  0.02953  3.84075e-01
 37 -0.00642  6.45084e-01 | 38  0.03177  4.61700e-01 | 39  0.00896 -1.16190e-01
 40  0.24473 -1.51043e+00 | 41 -1.16315 -3.89797e-02 | 42 -0.47216 -8.98498e-03
 43  0.03260 -6.60585e-01 | 44  0.61448 -6.05260e-02 | 45 -1.00117 -1.25303e-02
 46  0.17095  3.43871e-01 | 47 -0.08524  6.81931e-02 | 48 -0.99964 -2.12872e-03
 49  0.25965 -1.96129e-01 | 50 -0.76404 -1.45176e-02 | 51 -0.39608  1.47853e-03
 52 -0.29797 -1.98926e+02 | 53 -0.09704  7.10150e+01 | 54 -0.30690  1.48731e+03
 55 -0.48406 -1.18463e+03 | 56 -0.11676  2.25433e-01 | 57 -0.23859 -2.24543e-01
57 variables; iteration 180; function evaluation 264; phase 3
Function value 1.1494183e+02; maximum gradient component mag 5.7031e+02
Var    Value     Gradient |Var    Value     Gradient |Var    Value     Gradient
  1  0.01637  8.57399e+00 |  2 -0.06328  8.32066e-03 |  3 -0.09522  1.01989e-02
  4  0.01519  9.38100e-03 |  5 -0.01910 -1.19055e-01 |  6  0.01979 -1.17592e-01
  7 -0.04473 -1.09266e-01 |  8 -0.10072 -1.16826e-01 |  9 -0.06911 -9.81779e-02
 10 -0.07893 -1.09890e-01 | 11  0.02558 -1.19994e-01 | 12  0.02847 -1.08484e-01
 13  0.07810 -5.74070e-02 | 14  0.01132 -3.86110e-02 | 15 -0.00683 -9.55451e-02
 16  0.07360  8.80917e-02 | 17  0.03597  8.06499e-02 | 18 -0.03214 -2.13469e-02
 19  0.00070 -7.91478e-02 | 20 -0.02561  5.67027e-02 | 21  0.03958  7.49151e-02
 22  0.02243  1.01692e-03 | 23 -0.06302 -2.24416e-02 | 24 -0.01994  1.15171e-01
 25 -0.08616 -1.49022e-02 | 26  0.00047 -6.48631e-02 | 27 -0.01739  3.58083e-02
 28 -0.02017 -2.27746e-02 | 29  0.05643 -5.50908e-03 | 30  0.00186 -3.01551e-01
 31  0.05480 -1.66951e-01 | 32 -0.01886 -5.36761e-02 | 33  0.03982 -2.02341e-02
 34 -0.00433 -7.50572e-03 | 35  0.05348  1.12964e-01 | 36  0.02955  3.24817e-01
 37 -0.00635  6.52141e-01 | 38  0.03177  3.14977e-01 | 39  0.00916 -1.14114e-01
 40  0.24877  7.19573e+00 | 41 -1.05501 -1.69000e-01 | 42 -0.47098  9.94654e-03
 43  0.02056  7.23791e-01 | 44  0.74453  1.38256e-01 | 45 -0.99856  1.69858e-02
 46  0.16984 -1.97751e-01 | 47 -0.07924 -3.55043e-02 | 48 -0.99714  2.62582e-02
 49  0.25349 -1.23702e+00 | 50 -0.73442 -1.81572e-01 | 51 -0.39672  4.36173e-04
 52 -0.28308 -3.55255e+01 | 53 -0.05536  1.26515e+01 | 54 -0.30349  5.70309e+02
 55 -0.47976 -4.54581e+02 | 56 -0.11648  3.27414e-01 | 57 -0.23855 -2.19490e-01
57 variables; iteration 200; function evaluation 289; phase 3
Function value 1.1493807e+02; maximum gradient component mag 5.0283e+02
Var    Value     Gradient |Var    Value     Gradient |Var    Value     Gradient
  1  0.01638  3.45535e+00 |  2 -0.06332 -2.14411e-03 |  3 -0.09526 -1.08047e-03
  4  0.01516 -1.09358e-02 |  5 -0.01911 -6.45328e-02 |  6  0.01979 -8.45496e-02
  7 -0.04475 -4.86207e-02 |  8 -0.10073 -5.05676e-02 |  9 -0.06911 -5.98436e-02
 10 -0.07895 -4.54545e-02 | 11  0.02557 -3.86965e-02 | 12  0.02846 -3.52652e-02
 13  0.07811  2.29327e-02 | 14  0.01129 -7.27862e-02 | 15 -0.00686 -6.47600e-02
 16  0.07357 -5.84723e-02 | 17  0.03595 -2.17993e-02 | 18 -0.03212  2.92060e-02
 19  0.00069  5.81312e-02 | 20 -0.02562 -1.04170e-02 | 21  0.03961  8.47991e-02
 22  0.02250  3.01578e-02 | 23 -0.06300 -1.69942e-02 | 24 -0.01995  4.96923e-02
 25 -0.08623  2.20725e-02 | 26  0.00050  1.60070e-01 | 27 -0.01741  3.44305e-02
 28 -0.02015  2.49293e-02 | 29  0.05644  3.52804e-02 | 30  0.00186 -1.78277e-02
 31  0.05479 -2.46282e-02 | 32 -0.01887 -4.61283e-03 | 33  0.03992  6.60265e-02
 34 -0.00428  5.89914e-02 | 35  0.05350  8.87641e-02 | 36  0.02955 -3.90852e-02
 37 -0.00637 -3.43069e-02 | 38  0.03177  6.84744e-02 | 39  0.00915 -2.70027e-02
 40  0.24844 -1.47154e+00 | 41 -0.93353  1.01129e-02 | 42 -0.47124  3.12767e-03
 43  0.02137  1.75845e+00 | 44  0.73344  2.19726e-01 | 45 -0.99746  3.14929e-02
 46  0.17017  4.46837e-01 | 47 -0.08105  7.98563e-02 | 48 -1.00081 -5.13022e-03
 49  0.25867  1.41417e-01 | 50 -0.75873  4.89774e-02 | 51 -0.39673 -1.52861e-03
 52 -0.28153 -1.80473e+01 | 53 -0.05104  6.42495e+00 | 54 -0.30298  5.02825e+02
 55 -0.47912 -4.00818e+02 | 56 -0.11653 -1.11972e-01 | 57 -0.23856  1.31321e-01
57 variables; iteration 220; function evaluation 309; phase 3
Function value 1.1493408e+02; maximum gradient component mag 6.1833e+02
Var    Value     Gradient |Var    Value     Gradient |Var    Value     Gradient
  1  0.01637  5.51211e+00 |  2 -0.06332 -6.68532e-03 |  3 -0.09525 -7.94438e-03
  4  0.01522  1.10234e-05 |  5 -0.01910 -1.02283e-01 |  6  0.01978 -1.49468e-01
  7 -0.04473 -7.37041e-02 |  8 -0.10071 -5.27791e-02 |  9 -0.06912 -4.36411e-02
 10 -0.07895 -8.36657e-02 | 11  0.02557 -8.98610e-02 | 12  0.02847 -1.03541e-01
 13  0.07807 -1.69462e-01 | 14  0.01137 -2.62639e-02 | 15 -0.00676 -3.62902e-02
 16  0.07360  4.62486e-03 | 17  0.03595 -2.32437e-02 | 18 -0.03216 -5.30530e-02
 19  0.00037 -1.41476e-01 | 20 -0.02544 -1.04882e-01 | 21  0.03961 -5.20232e-02
 22  0.02287 -9.82328e-02 | 23 -0.06303 -2.46449e-02 | 24 -0.02017 -4.66950e-02
 25 -0.08683 -3.39947e-02 | 26  0.00060  1.71463e-01 | 27 -0.01738  4.90415e-02
 28 -0.02017  3.48482e-02 | 29  0.05649  3.51437e-01 | 30  0.00175 -1.13415e-01
 31  0.05479  3.41065e-02 | 32 -0.01892  8.14796e-02 | 33  0.04031 -5.07561e-02
 34 -0.00410  1.85922e-02 | 35  0.05357  2.66451e-01 | 36  0.02954  2.56688e-01
 37 -0.00641  2.47991e-01 | 38  0.03176  3.58201e-01 | 39  0.00900 -1.35017e-01
 40  0.24896  3.86507e+00 | 41 -0.96006  7.78643e-02 | 42 -0.47213 -1.54405e-02
 43  0.02998 -1.36394e+00 | 44  0.63808 -1.09145e-01 | 45 -1.00110 -1.16182e-02
 46  0.17122  8.33043e-01 | 47 -0.08672  1.45684e-01 | 48 -1.00194 -1.72600e-02
 49  0.26531  1.78739e+00 | 50 -0.79418  2.70387e-01 | 51 -0.39609 -3.04156e-03
 52 -0.28896 -4.99634e+01 | 53 -0.07184  1.78215e+01 | 54 -0.30431  6.18325e+02
 55 -0.48079 -4.92496e+02 | 56 -0.11681 -7.18726e-01 | 57 -0.23860  5.09037e-01
57 variables; iteration 240; function evaluation 332; phase 3
Function value 1.1493177e+02; maximum gradient component mag 5.3275e+02
Var    Value     Gradient |Var    Value     Gradient |Var    Value     Gradient
  1  0.01637 -3.49915e+00 |  2 -0.06329 -3.00399e-03 |  3 -0.09524 -9.59107e-03
  4  0.01519 -6.60407e-02 |  5 -0.01909 -2.36365e-02 |  6  0.01978 -1.81389e-01
  7 -0.04471  8.05115e-02 |  8 -0.10071  4.95960e-02 |  9 -0.06911  6.01196e-02
 10 -0.07896  3.06866e-02 | 11  0.02558  6.00373e-02 | 12  0.02846  3.73464e-02
 13  0.07809  6.31519e-02 | 14  0.01134  3.38427e-02 | 15 -0.00680 -3.96707e-03
 16  0.07362 -1.10182e-01 | 17  0.03594 -2.25293e-01 | 18 -0.03216 -2.41488e-01
 19  0.00036 -9.20882e-02 | 20 -0.02543 -1.05232e-01 | 21  0.03963 -1.19011e-02
 22  0.02292  2.29504e-03 | 23 -0.06303  4.32521e-02 | 24 -0.02019 -1.17011e-01
 25 -0.08688 -4.83496e-02 | 26  0.00061 -1.46274e-01 | 27 -0.01737 -1.62373e-01
 28 -0.02019 -1.50540e-01 | 29  0.05650  1.44475e-01 | 30  0.00179  1.73308e+00
 31  0.05482  9.00398e-01 | 32 -0.01897  5.67365e-02 | 33  0.04027 -5.28616e-02
 34 -0.00411  2.10631e-02 | 35  0.05358 -1.87332e-02 | 36  0.02955 -1.86441e-01
 37 -0.00640 -2.49646e-01 | 38  0.03173 -1.15433e+00 | 39  0.00903  4.29518e-03
 40  0.24917  1.71340e-01 | 41 -1.01291 -8.76866e-03 | 42 -0.47155  3.49874e-02
 43  0.03072 -1.68604e+00 | 44  0.63083 -1.60123e-01 | 45 -1.00056 -3.31373e-03
 46  0.17180  1.18426e+00 | 47 -0.08980  1.94027e-01 | 48 -0.99670  3.04160e-02
 49  0.25901  4.90426e-01 | 50 -0.76090  1.28990e-01 | 51 -0.39635 -2.14005e-03
 52 -0.28768 -4.36441e+01 | 53 -0.06827  1.55637e+01 | 54 -0.30374  5.32749e+02
 55 -0.48007 -4.24397e+02 | 56 -0.11674 -1.52745e-01 | 57 -0.23855  2.16080e-01
57 variables; iteration 260; function evaluation 353; phase 3
Function value 1.1492928e+02; maximum gradient component mag 3.3104e+02
Var    Value     Gradient |Var    Value     Gradient |Var    Value     Gradient
  1  0.01638 -2.31176e+00 |  2 -0.06333  9.43423e-04 |  3 -0.09528  3.08100e-03
  4  0.01513  1.55548e-02 |  5 -0.01912  5.18023e-02 |  6  0.01979  8.02141e-02
  7 -0.04478  1.89411e-02 |  8 -0.10075  2.00133e-02 |  9 -0.06911 -2.25217e-03
 10 -0.07896  4.01830e-02 | 11  0.02557  3.53304e-02 | 12  0.02847  4.61460e-02
 13  0.07811  5.71369e-02 | 14  0.01129  3.28102e-02 | 15 -0.00687  4.54601e-02
 16  0.07355  7.44702e-02 | 17  0.03596  1.11613e-01 | 18 -0.03215  1.19426e-01
 19  0.00032  6.58571e-02 | 20 -0.02540  1.05032e-01 | 21  0.03968  3.25717e-03
 22  0.02303 -1.17309e-02 | 23 -0.06310  1.48642e-03 | 24 -0.02019  2.17004e-02
 25 -0.08709  1.26925e-02 | 26  0.00069 -1.71938e-02 | 27 -0.01740  6.14733e-02
 28 -0.02015 -1.31353e-02 | 29  0.05651 -2.54549e-01 | 30  0.00179 -2.71401e-01
 31  0.05483 -2.25692e-01 | 32 -0.01897 -7.83663e-02 | 33  0.04033 -8.05386e-02
 34 -0.00406 -4.95789e-02 | 35  0.05360 -7.61641e-02 | 36  0.02956 -4.87545e-02
 37 -0.00637 -1.05124e-01 | 38  0.03178  1.91798e-01 | 39  0.00908  3.36693e-02
 40  0.24833 -3.86055e-01 | 41 -0.92911  3.69734e-02 | 42 -0.47241 -8.01102e-03
 43  0.03274 -2.46498e-01 | 44  0.61141 -4.27621e-02 | 45 -0.99889  1.16336e-02
 46  0.17089 -5.96060e-01 | 47 -0.08516 -1.02184e-01 | 48 -0.99900  7.41669e-03
 49  0.25675 -9.73993e-01 | 50 -0.75031 -1.41271e-01 | 51 -0.39610  2.12388e-04
 52 -0.28142  3.30689e+00 | 53 -0.05076 -1.17841e+00 | 54 -0.30157  3.31044e+02
 55 -0.47735 -2.63910e+02 | 56 -0.11681  3.50259e-01 | 57 -0.23857 -2.31528e-01
57 variables; iteration 280; function evaluation 377; phase 3
Function value 1.1492484e+02; maximum gradient component mag 1.8585e+02
Var    Value     Gradient |Var    Value     Gradient |Var    Value     Gradient
  1  0.01640  4.31978e+00 |  2 -0.06340  7.72584e-04 |  3 -0.09540 -2.09300e-03
  4  0.01494 -1.28702e-02 |  5 -0.01918 -7.84934e-02 |  6  0.01979 -1.19010e-01
  7 -0.04488 -4.38978e-02 |  8 -0.10083 -4.80554e-02 |  9 -0.06911 -3.11012e-02
 10 -0.07903 -6.94907e-02 | 11  0.02552 -6.50822e-02 | 12  0.02843 -7.91365e-02
 13  0.07817 -1.02628e-01 | 14  0.01115 -3.82921e-02 | 15 -0.00698 -6.05441e-02
 16  0.07354 -4.60180e-02 | 17  0.03590 -8.62340e-02 | 18 -0.03217 -1.09100e-01
 19  0.00037 -4.73648e-02 | 20 -0.02548 -8.71309e-02 | 21  0.03980  8.60652e-02
 22  0.02311  6.68236e-02 | 23 -0.06310  8.30218e-03 | 24 -0.02015  1.00495e-02
 25 -0.08717 -1.86347e-03 | 26  0.00074 -1.54864e-03 | 27 -0.01746 -4.60100e-02
 28 -0.02007 -2.40140e-02 | 29  0.05655  1.70730e-01 | 30  0.00186  5.37998e-01
 31  0.05484  3.72451e-01 | 32 -0.01901  7.57503e-02 | 33  0.04048  6.02421e-02
 34 -0.00399  3.27181e-02 | 35  0.05364  5.68020e-02 | 36  0.02958  1.63380e-02
 37 -0.00631  1.09293e-01 | 38  0.03176 -3.22447e-01 | 39  0.00918 -7.82881e-02
 40  0.24878  2.32038e+00 | 41 -0.95089  6.97410e-02 | 42 -0.47231  1.19154e-02
 43  0.03304  7.69061e-01 | 44  0.60753  5.92133e-02 | 45 -0.99744  3.01213e-02
 46  0.17171  5.89041e-01 | 47 -0.08972  9.96207e-02 | 48 -1.00085 -5.66974e-03
 49  0.26195  1.61137e-01 | 50 -0.77660  2.36402e-02 | 51 -0.39602  1.16012e-04
 52 -0.27064  5.47322e+01 | 53 -0.02059 -1.94103e+01 | 54 -0.29787  1.85853e+02
 55 -0.47268 -1.48404e+02 | 56 -0.11692 -1.27477e-01 | 57 -0.23856  1.32051e-01
57 variables; iteration 300; function evaluation 402; phase 3
Function value 1.1492364e+02; maximum gradient component mag 1.9462e+02
Var    Value     Gradient |Var    Value     Gradient |Var    Value     Gradient
  1  0.01639 -1.80315e+00 |  2 -0.06340  1.14760e-03 |  3 -0.09539  7.26433e-04
  4  0.01495  6.32813e-04 |  5 -0.01918  2.30073e-02 |  6  0.01979  6.91951e-03
  7 -0.04488  3.11181e-02 |  8 -0.10083  2.86970e-02 |  9 -0.06911  2.85428e-02
 10 -0.07902  2.31411e-02 | 11  0.02552  1.87977e-02 | 12  0.02843  7.92517e-03
 13  0.07817 -3.93570e-02 | 14  0.01115  1.99277e-02 | 15 -0.00696  2.45806e-02
 16  0.07356  2.19766e-02 | 17  0.03590  1.94385e-02 | 18 -0.03217  1.46987e-02
 19  0.00044 -1.67357e-02 | 20 -0.02552  2.15491e-03 | 21  0.03979  6.37937e-03
 22  0.02301  1.04657e-02 | 23 -0.06311  2.18596e-02 | 24 -0.02010 -1.56764e-02
 25 -0.08703  3.56767e-03 | 26  0.00071 -1.36845e-02 | 27 -0.01746 -1.51801e-02
 28 -0.02007 -5.25285e-02 | 29  0.05654 -8.34682e-02 | 30  0.00187  5.94345e-02
 31  0.05483  6.25356e-03 | 32 -0.01899 -1.27786e-02 | 33  0.04038 -4.46861e-02
 34 -0.00404 -8.17433e-03 | 35  0.05362 -1.97761e-02 | 36  0.02958 -1.70472e-03
 37 -0.00631  2.64107e-02 | 38  0.03177 -7.26941e-02 | 39  0.00920  1.13945e-03
 40  0.24916  4.14495e-02 | 41 -1.00331 -1.52230e-03 | 42 -0.47228  2.97488e-03
 43  0.03115 -7.28446e-01 | 44  0.62503 -8.31626e-02 | 45 -1.00032  2.31367e-03
 46  0.17127  1.79499e-01 | 47 -0.08733  3.04959e-02 | 48 -0.99947  1.25529e-03
 49  0.26049 -4.85538e-02 | 50 -0.76887 -1.13045e-03 | 51 -0.39614  2.19099e-04
 52 -0.27067  5.37148e+01 | 53 -0.02067 -1.90487e+01 | 54 -0.29781  1.94616e+02
 55 -0.47261 -1.55411e+02 | 56 -0.11686 -5.36563e-02 | 57 -0.23855  6.61154e-02
57 variables; iteration 320; function evaluation 423; phase 3
Function value 1.1492218e+02; maximum gradient component mag 1.2958e+02
Var    Value     Gradient |Var    Value     Gradient |Var    Value     Gradient
  1  0.01639  4.07596e+00 |  2 -0.06339  9.21249e-04 |  3 -0.09537 -1.29960e-04
  4  0.01499 -3.27432e-03 |  5 -0.01917 -6.28799e-02 |  6  0.01979 -8.18443e-02
  7 -0.04486 -4.88556e-02 |  8 -0.10082 -5.10960e-02 |  9 -0.06912 -4.51914e-02
 10 -0.07901 -6.17809e-02 | 11  0.02553 -6.20878e-02 | 12  0.02843 -7.23345e-02
 13  0.07815 -1.05542e-01 | 14  0.01118 -7.77017e-02 | 15 -0.00697 -6.59229e-02
 16  0.07351 -8.27014e-02 | 17  0.03591 -6.89716e-02 | 18 -0.03216 -4.30918e-02
 19  0.00039  1.89819e-02 | 20 -0.02548 -8.86709e-02 | 21  0.03985  9.09097e-02
 22  0.02316  4.11512e-02 | 23 -0.06312 -2.11092e-02 | 24 -0.02014  4.08564e-02
 25 -0.08726  1.17391e-02 | 26  0.00073  5.80224e-04 | 27 -0.01745 -1.19181e-02
 28 -0.02008  1.79220e-02 | 29  0.05655  1.61402e-01 | 30  0.00182  3.08793e-01
 31  0.05484  3.05058e-01 | 32 -0.01901  9.96040e-02 | 33  0.04050  1.09497e-01
 34 -0.00398  5.17418e-02 | 35  0.05364  6.36884e-02 | 36  0.02957 -4.89171e-02
 37 -0.00634 -3.34110e-02 | 38  0.03177 -1.17272e-01 | 39  0.00911 -4.95324e-02
 40  0.24821 -1.31396e+00 | 41 -1.07467 -1.55944e-02 | 42 -0.47248  5.05792e-03
 43  0.03373  2.26530e+00 | 44  0.60101  2.13467e-01 | 45 -1.00049 -1.72274e-03
 46  0.17163  2.44137e-01 | 47 -0.08926  4.14454e-02 | 48 -0.99957 -6.44405e-04
 49  0.26189  6.07781e-01 | 50 -0.77626  1.11374e-01 | 51 -0.39599 -1.43367e-04
 52 -0.27248  4.64044e+01 | 53 -0.02573 -1.64719e+01 | 54 -0.29515  1.29581e+02
 55 -0.46925 -1.03603e+02 | 56 -0.11694 -2.75954e-01 | 57 -0.23856  1.85793e-01
57 variables; iteration 340; function evaluation 444; phase 3
Function value 1.1491905e+02; maximum gradient component mag 4.8220e+01
Var    Value     Gradient |Var    Value     Gradient |Var    Value     Gradient
  1  0.01639 -2.77862e+00 |  2 -0.06337  8.25509e-04 |  3 -0.09534  8.87737e-04
  4  0.01504  1.61470e-03 |  5 -0.01916  4.10227e-02 |  6  0.01978  3.80268e-02
  7 -0.04483  4.23307e-02 |  8 -0.10080  4.04481e-02 |  9 -0.06913  4.14702e-02
 10 -0.07900  3.86267e-02 | 11  0.02553  3.53632e-02 | 12  0.02844  2.80738e-02
 13  0.07812 -4.13178e-03 | 14  0.01123 -2.74133e-03 | 15 -0.00707  1.99239e-02
 16  0.07333 -3.27135e-02 | 17  0.03597 -1.27451e-02 | 18 -0.03207  1.84646e-02
 19  0.00079  3.57835e-02 | 20 -0.02570 -1.02077e-02 | 21  0.04004  1.21056e-02
 22  0.02301  8.13673e-03 | 23 -0.06307  1.17494e-02 | 24 -0.01989  1.51324e-02
 25 -0.08700  2.48936e-02 | 26  0.00062  4.78693e-03 | 27 -0.01744  3.94014e-03
 28 -0.02010 -1.00718e-02 | 29  0.05649 -5.21059e-02 | 30  0.00180 -2.05637e-02
 31  0.05485 -4.09383e-02 | 32 -0.01898 -1.50473e-03 | 33  0.04028 -4.81831e-02
 34 -0.00411 -2.95479e-02 | 35  0.05360 -8.00320e-02 | 36  0.02953 -8.56793e-02
 37 -0.00637 -2.98615e-02 | 38  0.03178 -2.31221e-02 | 39  0.00899  2.56450e-02
 40  0.24446 -3.14670e+00 | 41 -1.16694  5.14871e-02 | 42 -0.47215  1.55096e-03
 43  0.02771  5.79669e-01 | 44  0.65655  5.80092e-02 | 45 -1.00253 -3.00473e-02
 46  0.17118  4.99627e-02 | 47 -0.08682  8.65289e-03 | 48 -0.99866  1.11022e-02
 49  0.26099 -6.67690e-01 | 50 -0.77131 -1.29093e-01 | 51 -0.39635  2.32193e-04
 52 -0.27341  2.94213e+01 | 53 -0.02829 -1.04415e+01 | 54 -0.28389  4.82200e+01
 55 -0.45506 -3.87597e+01 | 56 -0.11679  1.92461e-01 | 57 -0.23855 -7.53778e-02
57 variables; iteration 360; function evaluation 467; phase 3
Function value 1.1490567e+02; maximum gradient component mag 5.6244e+00
Var    Value     Gradient |Var    Value     Gradient |Var    Value     Gradient
  1  0.01640  2.17735e+00 |  2 -0.06333  5.47159e-04 |  3 -0.09528 -7.08444e-04
  4  0.01512 -1.12722e-02 |  5 -0.01915 -4.36790e-02 |  6  0.01974 -7.06647e-02
  7 -0.04479 -2.81912e-02 |  8 -0.10077 -3.03592e-02 |  9 -0.06916 -2.77385e-02
 10 -0.07899 -3.22655e-02 | 11  0.02553 -2.62863e-02 | 12  0.02843 -2.05194e-02
 13  0.07805  9.52783e-03 | 14  0.01130  3.48401e-02 | 15 -0.00687 -2.03407e-03
 16  0.07353  9.11476e-02 | 17  0.03591  5.66329e-02 | 18 -0.03214 -2.95757e-03
 19  0.00110 -1.18685e-01 | 20 -0.02591  3.14494e-02 | 21  0.04038 -5.71407e-02
 22  0.02302  3.09590e-04 | 23 -0.06326  9.92640e-03 | 24 -0.01969 -9.29354e-02
 25 -0.08704 -5.96291e-02 | 26  0.00052 -4.51945e-02 | 27 -0.01742 -2.29682e-02
 28 -0.02008 -5.48810e-02 | 29  0.05644  6.65931e-02 | 30  0.00169  4.65029e-01
 31  0.05484  8.75554e-02 | 32 -0.01901 -9.11214e-02 | 33  0.04030 -1.20290e-01
 34 -0.00415 -5.92109e-02 | 35  0.05359 -3.18842e-02 | 36  0.02950  1.29328e-01
 37 -0.00644  2.05854e-01 | 38  0.03175 -9.27725e-02 | 39  0.00872 -4.57903e-02
 40  0.24811  5.62440e+00 | 41 -1.08079 -2.06823e-01 | 42 -0.47202  3.31994e-03
 43  0.02584 -2.72600e+00 | 44  0.67304 -2.63807e-01 | 45 -0.99700  3.56278e-02
 46  0.17135  2.10816e-01 | 47 -0.08767  3.47164e-02 | 48 -0.99823  1.55130e-02
 49  0.26371 -3.48675e-01 | 50 -0.78574 -9.18717e-02 | 51 -0.39628  4.43767e-04
 52 -0.27644 -3.38526e-01 | 53 -0.03672  1.21458e-01 | 54 -0.26770  5.10466e+00
 55 -0.43466 -4.13773e+00 | 56 -0.11684  1.55020e-01 | 57 -0.23856 -9.71937e-02
57 variables; iteration 380; function evaluation 489; phase 3
Function value 1.1490318e+02; maximum gradient component mag 1.2613e+00
Var    Value     Gradient |Var    Value     Gradient |Var    Value     Gradient
  1  0.01640  1.26129e+00 |  2 -0.06333 -5.43011e-05 |  3 -0.09528 -6.20804e-05
  4  0.01513 -2.85511e-04 |  5 -0.01915 -1.83010e-02 |  6  0.01974 -1.83331e-02
  7 -0.04479 -1.76300e-02 |  8 -0.10077 -1.73636e-02 |  9 -0.06916 -1.66163e-02
 10 -0.07899 -1.79282e-02 | 11  0.02553 -1.78503e-02 | 12  0.02842 -1.78133e-02
 13  0.07804 -1.64916e-02 | 14  0.01130 -1.90783e-02 | 15 -0.00682 -1.76651e-02
 16  0.07358 -1.47506e-02 | 17  0.03590 -8.85819e-03 | 18 -0.03215 -2.34035e-03
 19  0.00129  2.17902e-02 | 20 -0.02603 -1.38829e-02 | 21  0.04045  3.36700e-02
 22  0.02286  1.84355e-02 | 23 -0.06331 -4.94349e-03 | 24 -0.01955  2.37866e-02
 25 -0.08681  6.84579e-03 | 26  0.00046  4.39958e-03 | 27 -0.01743  5.65886e-03
 28 -0.02007  2.16863e-02 | 29  0.05640  4.11453e-02 | 30  0.00170  1.75954e-02
 31  0.05484  4.93163e-02 | 32 -0.01899  2.60774e-02 | 33  0.04015  3.04138e-02
 34 -0.00424  7.80860e-03 | 35  0.05356  5.83799e-03 | 36  0.02950 -2.73830e-02
 37 -0.00644 -2.62169e-02 | 38  0.03175 -7.08914e-03 | 39  0.00871 -1.48028e-02
 40  0.24913 -1.53131e-01 | 41 -1.01163 -6.66336e-03 | 42 -0.47178  1.39423e-04
 43  0.02203  8.21929e-01 | 44  0.71591  8.33358e-02 | 45 -0.99978 -6.63986e-03
 46  0.17086  9.27282e-03 | 47 -0.08496  1.62048e-03 | 48 -1.00059 -2.15451e-03
 49  0.26094 -8.12862e-02 | 50 -0.77069 -1.61959e-02 | 51 -0.39656 -4.34054e-05
 52 -0.27560 -7.72743e-01 | 53 -0.03435  2.76449e-01 | 54 -0.26367 -9.62615e-01
 55 -0.42958  7.69110e-01 | 56 -0.11673  2.76167e-02 | 57 -0.23854 -1.14704e-02
57 variables; iteration 400; function evaluation 509; phase 3
Function value 1.1490293e+02; maximum gradient component mag -6.1114e-01
Var    Value     Gradient |Var    Value     Gradient |Var    Value     Gradient
  1  0.01640  2.06568e-02 |  2 -0.06333 -1.25788e-05 |  3 -0.09528 -1.25282e-05
  4  0.01513 -9.78798e-07 |  5 -0.01915 -2.71345e-04 |  6  0.01974 -1.66422e-04
  7 -0.04479 -3.17164e-04 |  8 -0.10077 -2.72037e-04 |  9 -0.06916 -2.55397e-04
 10 -0.07899 -3.01522e-04 | 11  0.02553 -2.65731e-04 | 12  0.02843 -2.05697e-04
 13  0.07804  1.08662e-05 | 14  0.01130 -2.27293e-04 | 15 -0.00682 -2.47549e-04
 16  0.07358 -2.15086e-04 | 17  0.03590 -2.02767e-04 | 18 -0.03216 -1.48937e-04
 19  0.00120 -8.11858e-05 | 20 -0.02597 -2.63805e-04 | 21  0.04043  1.09591e-04
 22  0.02295 -4.49859e-05 | 23 -0.06331 -1.48641e-04 | 24 -0.01962  1.78140e-04
 25 -0.08695  8.03704e-06 | 26  0.00049  4.88469e-04 | 27 -0.01743  7.99601e-05
 28 -0.02008  3.87799e-04 | 29  0.05642  1.46578e-03 | 30  0.00169  3.87340e-04
 31  0.05484  3.67555e-04 | 32 -0.01901  2.12155e-04 | 33  0.04022  3.63844e-04
 34 -0.00419  5.89881e-05 | 35  0.05358  4.64917e-05 | 36  0.02950 -2.61020e-04
 37 -0.00644 -3.92041e-04 | 38  0.03175  4.30574e-04 | 39  0.00870 -1.35658e-04
 40  0.24916  1.68243e-03 | 41 -1.00173  4.74824e-05 | 42 -0.47195 -2.42850e-05
 43  0.02422  6.60992e-03 | 44  0.69052  4.53873e-04 | 45 -0.99960 -1.41347e-04
 46  0.17105 -1.50098e-04 | 47 -0.08600 -2.18525e-05 | 48 -1.00047 -1.65333e-04
 49  0.26114 -5.82812e-04 | 50 -0.77188 -8.60451e-05 | 51 -0.39644  1.77770e-06
 52 -0.27613 -6.11140e-01 | 53 -0.03583  2.18549e-01 | 54 -0.26474 -5.29729e-01
 55 -0.43093  4.20075e-01 | 56 -0.11679  5.43587e-04 | 57 -0.23855 -3.02407e-04
57 variables; iteration 420; function evaluation 529; phase 3
Function value 1.1490293e+02; maximum gradient component mag -6.8829e-01
Var    Value     Gradient |Var    Value     Gradient |Var    Value     Gradient
  1  0.01640 -1.33334e-02 |  2 -0.06333  5.31710e-05 |  3 -0.09528  7.04000e-05
  4  0.01513 -2.68717e-05 |  5 -0.01915  1.78309e-04 |  6  0.01974  3.53457e-05
  7 -0.04479  3.67826e-04 |  8 -0.10077  1.64752e-04 |  9 -0.06916  3.02406e-04
 10 -0.07899  2.55028e-04 | 11  0.02554  2.61254e-04 | 12  0.02843  2.26352e-04
 13  0.07804  4.82672e-04 | 14  0.01130  2.24679e-04 | 15 -0.00682  8.52419e-05
 16  0.07358  4.74053e-04 | 17  0.03590  5.42277e-04 | 18 -0.03216  4.08096e-04
 19  0.00120  1.15536e-03 | 20 -0.02597  8.13426e-04 | 21  0.04043  1.31019e-03
 22  0.02295  1.36038e-03 | 23 -0.06331  6.31910e-04 | 24 -0.01962  8.49573e-04
 25 -0.08695 -2.38099e-04 | 26  0.00049 -3.68282e-03 | 27 -0.01743 -1.80526e-03
 28 -0.02008 -1.67761e-04 | 29  0.05642 -2.51560e-03 | 30  0.00169 -1.71409e-03
 31  0.05484  3.11000e-04 | 32 -0.01901  6.00899e-04 | 33  0.04022  4.83542e-05
 34 -0.00419 -2.46376e-04 | 35  0.05358 -7.82467e-04 | 36  0.02950 -2.59581e-04
 37 -0.00644  1.46340e-03 | 38  0.03175 -1.85509e-03 | 39  0.00870 -2.36751e-04
 40  0.24916  1.23636e-02 | 41 -1.00158  2.49346e-04 | 42 -0.47195  1.47087e-04
 43  0.02419  1.21239e-02 | 44  0.69081  1.21072e-03 | 45 -0.99961 -4.67373e-04
 46  0.17105  1.50969e-03 | 47 -0.08599  2.64211e-04 | 48 -1.00045  1.28530e-04
 49  0.26115 -1.10402e-02 | 50 -0.77193 -2.26816e-03 | 51 -0.39645 -1.26741e-05
 52 -0.27617 -6.88291e-01 | 53 -0.03594  2.45914e-01 | 54 -0.26476 -4.70968e-01
 55 -0.43096  3.72477e-01 | 56 -0.11679  2.51487e-03 | 57 -0.23855 -1.27892e-03
57 variables; iteration 440; function evaluation 549; phase 3
Function value 1.1490293e+02; maximum gradient component mag -5.5662e-01
Var    Value     Gradient |Var    Value     Gradient |Var    Value     Gradient
  1  0.01640  1.73845e-03 |  2 -0.06333  5.96100e-06 |  3 -0.09528  5.27255e-06
  4  0.01513  9.18808e-06 |  5 -0.01915 -2.11529e-05 |  6  0.01974 -3.70966e-05
  7 -0.04479 -3.09798e-05 |  8 -0.10077 -3.30706e-05 |  9 -0.06916 -4.42915e-05
 10 -0.07899 -2.36285e-05 | 11  0.02553 -4.97385e-05 | 12  0.02843 -6.75794e-05
 13  0.07804 -2.14521e-04 | 14  0.01130 -3.77734e-05 | 15 -0.00682 -3.20633e-06
 16  0.07358  5.79742e-05 | 17  0.03590  1.05674e-04 | 18 -0.03216  9.32316e-05
 19  0.00120 -6.55508e-05 | 20 -0.02597 -2.08047e-05 | 21  0.04043 -3.11813e-05
 22  0.02295 -2.89581e-05 | 23 -0.06331 -2.14288e-05 | 24 -0.01961 -5.70344e-05
 25 -0.08695 -5.89850e-05 | 26  0.00049 -2.36786e-04 | 27 -0.01743 -1.15836e-04
 28 -0.02008 -3.65204e-05 | 29  0.05642 -9.86219e-05 | 30  0.00169  3.44571e-04
 31  0.05484  1.43539e-04 | 32 -0.01901 -6.90352e-05 | 33  0.04022 -4.38474e-05
 34 -0.00419 -1.56776e-06 | 35  0.05358  1.26596e-04 | 36  0.02950  2.14441e-04
 37 -0.00644  3.05043e-04 | 38  0.03175  4.82423e-05 | 39  0.00871 -7.50915e-06
 40  0.24916  4.02556e-04 | 41 -1.00177  1.14462e-06 | 42 -0.47195  8.93672e-07
 43  0.02419 -1.84500e-04 | 44  0.69080  2.20363e-06 | 45 -0.99959  5.83500e-07
 46  0.17105 -9.52041e-05 | 47 -0.08599 -1.77826e-05 | 48 -1.00046  1.20009e-06
 49  0.26114  2.09938e-04 | 50 -0.77186  4.33100e-05 | 51 -0.39645  2.89600e-06
 52 -0.27871  4.79035e-02 | 53 -0.04308 -1.71372e-02 | 54 -0.26464 -5.56619e-01
 55 -0.43081  4.41756e-01 | 56 -0.11679 -8.43877e-05 | 57 -0.23855 -6.23246e-05
57 variables; iteration 460; function evaluation 569; phase 3
Function value 1.1490292e+02; maximum gradient component mag 7.9392e-01
Var    Value     Gradient |Var    Value     Gradient |Var    Value     Gradient
  1  0.01640  7.93923e-01 |  2 -0.06332  2.77540e-03 |  3 -0.09528  2.50301e-03
  4  0.01513  3.90706e-03 |  5 -0.01915 -1.02012e-02 |  6  0.01974 -1.73546e-02
  7 -0.04479 -1.53399e-02 |  8 -0.10078 -1.64868e-02 |  9 -0.06916 -2.24712e-02
 10 -0.07899 -1.05257e-02 | 11  0.02553 -2.32195e-02 | 12  0.02843 -3.13214e-02
 13  0.07804 -9.95835e-02 | 14  0.01130 -1.77411e-02 | 15 -0.00682 -2.03473e-03
 16  0.07358  2.46095e-02 | 17  0.03590  4.49522e-02 | 18 -0.03216  3.68450e-02
 19  0.00120 -3.33171e-02 | 20 -0.02597 -1.19682e-02 | 21  0.04043 -1.69186e-02
 22  0.02295 -1.52806e-02 | 23 -0.06331 -1.12714e-02 | 24 -0.01961 -2.74849e-02
 25 -0.08695 -2.92548e-02 | 26  0.00049 -1.25374e-01 | 27 -0.01743 -6.11798e-02
 28 -0.02007 -1.25322e-02 | 29  0.05642 -4.36425e-02 | 30  0.00169  1.32454e-01
 31  0.05484  5.23532e-02 | 32 -0.01901 -3.96501e-02 | 33  0.04022 -1.71859e-02
 34 -0.00419  2.52079e-03 | 35  0.05358  7.15903e-02 | 36  0.02950  1.23500e-01
 37 -0.00644  1.75326e-01 | 38  0.03175  3.44073e-02 | 39  0.00871 -1.30445e-03
 40  0.24916  1.72031e-01 | 41 -1.00148  3.21564e-04 | 42 -0.47193  3.15515e-04
 43  0.02413 -1.12224e-01 | 44  0.69141 -9.84100e-03 | 45 -0.99957  6.36547e-04
 46  0.17104 -6.63011e-02 | 47 -0.08595 -1.20707e-02 | 48 -1.00043  5.42463e-04
 49  0.26111  1.18276e-01 | 50 -0.77168  2.31349e-02 | 51 -0.39640  1.47066e-03
 52 -0.27963  1.60382e-01 | 53 -0.04569 -5.74207e-02 | 54 -0.26402 -7.15734e-01
 55 -0.43004  5.70038e-01 | 56 -0.11679 -3.25221e-02 | 57 -0.23856 -4.50093e-02
57 variables; iteration 480; function evaluation 603; phase 3
Function value 1.1489042e+02; maximum gradient component mag -5.1001e+01
Var    Value     Gradient |Var    Value     Gradient |Var    Value     Gradient
  1  0.01639 -5.10009e+01 |  2 -0.06318  3.78660e-02 |  3 -0.09513  4.75071e-02
  4  0.01518  3.93540e-02 |  5 -0.01913  6.80556e-01 |  6  0.01972  4.22173e-01
  7 -0.04480  6.57935e-01 |  8 -0.10078  6.42179e-01 |  9 -0.06915  5.89885e-01
 10 -0.07894  7.24210e-01 | 11  0.02554  5.25651e-01 | 12  0.02850  3.70811e-01
 13  0.07799 -8.52661e-01 | 14  0.01132  5.76623e-01 | 15 -0.00676  7.94586e-01
 16  0.07361  8.25371e-01 | 17  0.03597  8.10205e-01 | 18 -0.03215  3.24541e-01
 19  0.00102 -2.81219e+00 | 20 -0.02587  2.23111e-01 | 21  0.04025 -3.07028e+00
 22  0.02286 -1.37053e+00 | 23 -0.06329  1.50279e-01 | 24 -0.01976 -1.34915e+00
 25 -0.08704 -1.09931e-01 | 26  0.00050 -2.02583e+00 | 27 -0.01742 -1.03489e+00
 28 -0.02003 -1.04287e+00 | 29  0.05641 -2.13885e+00 | 30  0.00173  2.32449e+00
 31  0.05485 -1.42379e+00 | 32 -0.01902 -1.15010e+00 | 33  0.04024 -1.81065e+00
 34 -0.00421 -7.54051e-02 | 35  0.05359  4.09875e-01 | 36  0.02955  3.00505e+00
 37 -0.00635  4.38095e+00 | 38  0.03176  7.33372e-01 | 39  0.00876  8.04242e-01
 40  0.24919  5.26970e+00 | 41 -1.01144 -2.75749e-02 | 42 -0.47168  8.43418e-03
 43  0.02597 -3.57113e+01 | 44  0.68166 -3.27724e+00 | 45 -0.99826  1.98371e-02
 46  0.17078 -1.02763e+00 | 47 -0.08456 -1.87227e-01 | 48 -1.00929 -8.71859e-02
 49  0.26067  2.16175e+00 | 50 -0.76936  4.26056e-01 | 51 -0.39563  2.30867e-02
 52 -0.26554 -1.09413e+01 | 53 -0.00592  3.93213e+00 | 54 -0.22259  7.85719e+00
 55 -0.38038 -5.26864e+00 | 56 -0.11695 -8.92462e-01 | 57 -0.23865 -4.87600e-01
57 variables; iteration 500; function evaluation 624; phase 3
Function value 1.1482154e+02; maximum gradient component mag 7.0312e+00
Var    Value     Gradient |Var    Value     Gradient |Var    Value     Gradient
  1  0.01632  7.03124e+00 |  2 -0.06320  2.43913e-02 |  3 -0.09517  2.32637e-02
  4  0.01524  2.73048e-02 |  5 -0.01900 -1.05233e-01 |  6  0.01991 -2.06069e-01
  7 -0.04467 -1.30153e-01 |  8 -0.10065 -1.58178e-01 |  9 -0.06899 -2.31816e-01
 10 -0.07885 -9.36479e-02 | 11  0.02566 -2.00354e-01 | 12  0.02860 -2.86030e-01
 13  0.07823 -8.82348e-01 | 14  0.01134 -1.85680e-01 | 15 -0.00689 -2.86543e-02
 16  0.07356  2.44494e-01 | 17  0.03612  5.10390e-01 | 18 -0.03186  5.20112e-01
 19  0.00117  6.75043e-02 | 20 -0.02571 -6.94738e-02 | 21  0.03978  2.10555e-01
 22  0.02223  9.92471e-03 | 23 -0.06338 -1.26906e-01 | 24 -0.02057 -1.86173e-01
 25 -0.08907 -3.56980e-01 | 26  0.00130 -1.26411e+00 | 27 -0.01741 -6.87628e-01
 28 -0.01981 -1.37423e-01 | 29  0.05665 -5.62129e-01 | 30  0.00189  5.08843e-01
 31  0.05501  4.70471e-01 | 32 -0.01916 -3.31542e-01 | 33  0.04030  5.91405e-02
 34 -0.00450  7.23881e-02 | 35  0.05364  7.30114e-01 | 36  0.02969  1.01202e+00
 37 -0.00624  1.41689e+00 | 38  0.03200  3.38633e-01 | 39  0.00916 -8.82321e-02
 40  0.24684 -1.05327e+00 | 41 -1.11942 -4.12700e-02 | 42 -0.47274  1.00701e-02
 43  0.03707  9.74210e-01 | 44  0.66247  8.10394e-02 | 45 -1.00417 -5.38096e-02
 46  0.17026 -5.24329e-01 | 47 -0.08127 -9.50143e-02 | 48 -1.00047 -2.62647e-04
 49  0.25981  2.57222e+00 | 50 -0.76399  5.19129e-01 | 51 -0.39572  1.19002e-02
 52 -0.26874  2.41772e+00 | 53 -0.01506 -8.26626e-01 | 54 -0.18054  6.52554e-01
 55 -0.33928 -1.16125e+00 | 56 -0.11642 -9.51764e-01 | 57 -0.23841 -1.86257e-02
57 variables; iteration 520; function evaluation 647; phase 3
Function value 1.1481814e+02; maximum gradient component mag 1.7184e+01
Var    Value     Gradient |Var    Value     Gradient |Var    Value     Gradient
  1  0.01632  1.51909e+01 |  2 -0.06325  1.23045e-02 |  3 -0.09519  1.37601e-02
  4  0.01523  1.68375e-02 |  5 -0.01901 -2.21464e-01 |  6  0.01991 -2.72586e-01
  7 -0.04468 -2.33843e-01 |  8 -0.10065 -2.37244e-01 |  9 -0.06899 -2.67073e-01
 10 -0.07887 -2.12417e-01 | 11  0.02565 -2.77096e-01 | 12  0.02858 -3.22282e-01
 13  0.07823 -6.74099e-01 | 14  0.01133 -2.17897e-01 | 15 -0.00682 -1.32430e-01
 16  0.07364  1.30243e-01 | 17  0.03608  3.08306e-01 | 18 -0.03187  3.08785e-01
 19  0.00145  8.81388e-03 | 20 -0.02588 -1.31671e-01 | 21  0.03989  1.85423e-01
 22  0.02200  3.61801e-02 | 23 -0.06343 -1.10343e-01 | 24 -0.02037  5.69868e-03
 25 -0.08876 -1.56523e-01 | 26  0.00122 -5.63750e-01 | 27 -0.01742 -2.30304e-01
 28 -0.01980  7.67667e-02 | 29  0.05661  6.11696e-02 | 30  0.00190  5.15075e-01
 31  0.05500  6.15195e-01 | 32 -0.01913  1.36718e-02 | 33  0.04012  2.21430e-01
 34 -0.00461  1.06243e-01 | 35  0.05360  4.54158e-01 | 36  0.02968  4.51089e-01
 37 -0.00626  5.74015e-01 | 38  0.03200  2.99977e-01 | 39  0.00914 -1.77830e-01
 40  0.24870  3.30861e+00 | 41 -1.05896 -1.04360e-01 | 42 -0.47254 -2.44066e-04
 43  0.03170  4.06493e+00 | 44  0.72252  3.43667e-01 | 45 -0.99996 -4.80170e-02
 46  0.16984 -2.87587e-01 | 47 -0.07891 -5.21700e-02 | 48 -0.99876  1.01228e-02
 49  0.25902  2.02838e+00 | 50 -0.75975  4.20724e-01 | 51 -0.39620  6.16996e-03
 52 -0.30029  1.71842e+01 | 53 -0.10359 -6.15000e+00 | 54 -0.18088 -2.95958e+00
 55 -0.33918  1.93436e+00 | 56 -0.11624 -7.35404e-01 | 57 -0.23837  1.49864e-01
  ic > imax  in fminim is answer attained ?
Var    Value     Gradient |Var    Value     Gradient |Var    Value     Gradient
  1  0.01632  1.64016e+01 |  2 -0.06329 -1.23050e-03 |  3 -0.09523 -3.71877e-03
  4  0.01521 -2.81033e-02 |  5 -0.01901 -2.49166e-01 |  6  0.01992 -2.42703e-01
  7 -0.04468 -2.55562e-01 |  8 -0.10065 -2.43821e-01 |  9 -0.06899 -2.44032e-01
 10 -0.07888 -2.29038e-01 | 11  0.02565 -2.08549e-01 | 12  0.02857 -1.57260e-01
 13  0.07826  3.21173e-02 | 14  0.01133 -2.21432e-01 | 15 -0.00681 -2.35520e-01
 16  0.07366 -2.13643e-01 | 17  0.03606 -2.00499e-01 | 18 -0.03188 -1.89797e-01
 19  0.00136 -2.35465e-01 | 20 -0.02583 -2.14841e-01 | 21  0.03981 -1.52594e-01
 22  0.02201 -1.47890e-01 | 23 -0.06341 -1.68829e-01 | 24 -0.02042 -6.34822e-02
 25 -0.08872 -5.46842e-02 | 26  0.00124  3.40854e-01 | 27 -0.01742  1.57672e-01
 28 -0.01982  1.65878e-01 | 29  0.05663  9.25763e-01 | 30  0.00190  1.25222e+00
 31  0.05499  3.96691e-01 | 32 -0.01912 -1.14095e-01 | 33  0.04013 -5.98904e-02
 34 -0.00459 -5.86962e-02 | 35  0.05360  1.38951e-01 | 36  0.02968  2.31083e-01
 37 -0.00627  3.54275e-01 | 38  0.03200  2.44687e-01 | 39  0.00918 -6.19019e-02
 40  0.24914  3.30650e-01 | 41 -1.02591 -1.94504e-02 | 42 -0.47259 -2.68607e-03
 43  0.03225  1.86723e+00 | 44  0.71473  1.75257e-01 | 45 -0.99931  6.27901e-03
 46  0.16990 -1.42153e-03 | 47 -0.07922 -1.43594e-05 | 48 -0.99655  3.21844e-02
 49  0.25916 -1.09877e-01 | 50 -0.76071 -1.39925e-02 | 51 -0.39630  2.36966e-03
 52 -0.30869 -6.73836e+02 | 53 -0.12707  2.41101e+02 | 54 -0.18120 -2.45923e-01
 55 -0.33968 -5.57974e-01 | 56 -0.11622  2.62263e-01 | 57 -0.23835 -3.03148e-01
Function minimizer not making progress ... is minimum attained?
Minimprove criterion = 0.0000e+00
Warning: the following parameters had issues
  Q_parm[2] is within 0.1% of lower bound: 0.0000e+00 < 4.1409e-04 < 1.0000e+00
  Q_parm[6] is within 0.1% of lower bound: 0.0000e+00 < 2.9719e-07 < 1.0000e+00
  Q_parm[9] is within 0.1% of lower bound: 0.0000e+00 < 7.3632e-06 < 1.0000e+00


 - final statistics:
57 variables; iteration 531; function evaluation 709
Function value 1.1482e+02; maximum gradient component mag -6.7384e+02
Exit code = 1;  converg criter 1.0000e-04
Var    Value     Gradient |Var    Value     Gradient |Var    Value     Gradient
  1  0.01632  1.64016e+01 |  2 -0.06329 -1.23050e-03 |  3 -0.09523 -3.71877e-03
  4  0.01521 -2.81033e-02 |  5 -0.01901 -2.49166e-01 |  6  0.01992 -2.42703e-01
  7 -0.04468 -2.55562e-01 |  8 -0.10065 -2.43821e-01 |  9 -0.06899 -2.44032e-01
 10 -0.07888 -2.29038e-01 | 11  0.02565 -2.08549e-01 | 12  0.02857 -1.57260e-01
 13  0.07826  3.21173e-02 | 14  0.01133 -2.21432e-01 | 15 -0.00681 -2.35520e-01
 16  0.07366 -2.13643e-01 | 17  0.03606 -2.00499e-01 | 18 -0.03188 -1.89797e-01
 19  0.00136 -2.35465e-01 | 20 -0.02583 -2.14841e-01 | 21  0.03981 -1.52594e-01
 22  0.02201 -1.47890e-01 | 23 -0.06341 -1.68829e-01 | 24 -0.02042 -6.34822e-02
 25 -0.08872 -5.46842e-02 | 26  0.00124  3.40854e-01 | 27 -0.01742  1.57672e-01
 28 -0.01982  1.65878e-01 | 29  0.05663  9.25763e-01 | 30  0.00190  1.25222e+00
 31  0.05499  3.96691e-01 | 32 -0.01912 -1.14095e-01 | 33  0.04013 -5.98904e-02
 34 -0.00459 -5.86962e-02 | 35  0.05360  1.38951e-01 | 36  0.02968  2.31083e-01
 37 -0.00627  3.54275e-01 | 38  0.03200  2.44687e-01 | 39  0.00918 -6.19019e-02
 40  0.24914  3.30650e-01 | 41 -1.02591 -1.94504e-02 | 42 -0.47259 -2.68607e-03
 43  0.03225  1.86723e+00 | 44  0.71473  1.75257e-01 | 45 -0.99931  6.27901e-03
 46  0.16990 -1.42153e-03 | 47 -0.07922 -1.43594e-05 | 48 -0.99655  3.21844e-02
 49  0.25916 -1.09877e-01 | 50 -0.76071 -1.39925e-02 | 51 -0.39630  2.36966e-03
 52 -0.30869 -6.73836e+02 | 53 -0.12707  2.41101e+02 | 54 -0.18120 -2.45923e-01
 55 -0.33968 -5.57974e-01 | 56 -0.11622  2.62263e-01 | 57 -0.23835 -3.03148e-01
Estimating row 1 out of 57 for hessian
Estimating row 2 out of 57 for hessian
Estimating row 3 out of 57 for hessian
Estimating row 4 out of 57 for hessian
Estimating row 5 out of 57 for hessian
Estimating row 6 out of 57 for hessian
Estimating row 7 out of 57 for hessian
Estimating row 8 out of 57 for hessian
Estimating row 9 out of 57 for hessian
Estimating row 10 out of 57 for hessian
Estimating row 11 out of 57 for hessian
Estimating row 12 out of 57 for hessian
Estimating row 13 out of 57 for hessian
Estimating row 14 out of 57 for hessian
Estimating row 15 out of 57 for hessian
Estimating row 16 out of 57 for hessian
Estimating row 17 out of 57 for hessian
Estimating row 18 out of 57 for hessian
Estimating row 19 out of 57 for hessian
Estimating row 20 out of 57 for hessian
Estimating row 21 out of 57 for hessian
Estimating row 22 out of 57 for hessian
Estimating row 23 out of 57 for hessian
Estimating row 24 out of 57 for hessian
Estimating row 25 out of 57 for hessian
Estimating row 26 out of 57 for hessian
Estimating row 27 out of 57 for hessian
Estimating row 28 out of 57 for hessian
Estimating row 29 out of 57 for hessian
Estimating row 30 out of 57 for hessian
Estimating row 31 out of 57 for hessian
Estimating row 32 out of 57 for hessian
Estimating row 33 out of 57 for hessian
Estimating row 34 out of 57 for hessian
Estimating row 35 out of 57 for hessian
Estimating row 36 out of 57 for hessian
Estimating row 37 out of 57 for hessian
Estimating row 38 out of 57 for hessian
Estimating row 39 out of 57 for hessian
Estimating row 40 out of 57 for hessian
Estimating row 41 out of 57 for hessian
Estimating row 42 out of 57 for hessian
Estimating row 43 out of 57 for hessian
Estimating row 44 out of 57 for hessian
Estimating row 45 out of 57 for hessian
Estimating row 46 out of 57 for hessian
Estimating row 47 out of 57 for hessian
Estimating row 48 out of 57 for hessian
Estimating row 49 out of 57 for hessian
Estimating row 50 out of 57 for hessian
Estimating row 51 out of 57 for hessian
Estimating row 52 out of 57 for hessian
Estimating row 53 out of 57 for hessian
Estimating row 54 out of 57 for hessian
Estimating row 55 out of 57 for hessian
Estimating row 56 out of 57 for hessian
Estimating row 57 out of 57 for hessian
size of file gradfil1.tmp = 0
size of file gradfil2.tmp = 0
size of file varssave.tmp = 0
size of file cmpdiff.tmp = 0
