
Initial statistics: 37 variables; iteration 0; function evaluation 0; phase 1
Function value 5.2867066e+03; maximum gradient component mag 3.1736e+04
Var    Value     Gradient |Var    Value     Gradient |Var    Value     Gradient
  1  0.33333  3.17362e+04 |  2  0.00000 -6.19590e+02 |  3  0.00000 -6.84752e+02
  4  0.00000 -6.62907e+02 |  5  0.00000 -6.13381e+02 |  6  0.00000 -6.34190e+02
  7  0.00000 -6.24716e+02 |  8  0.00000 -6.40860e+02 |  9  0.00000 -5.42653e+02
 10  0.00000 -4.69886e+02 | 11  0.00000 -3.51930e+02 | 12  0.00000 -3.98136e+02
 13  0.00000 -2.46794e+02 | 14  0.00000 -1.64068e+02 | 15  0.00000 -9.51148e+01
 16  0.00000 -1.88945e+01 | 17  0.00000  1.88647e+02 | 18  0.00000  1.58861e+01
 19  0.00000 -2.49966e+01 | 20  0.00000  3.25204e+02 | 21  0.00000 -4.38798e+00
 22  0.00000  2.81755e+02 | 23  0.00000  4.23882e+01 | 24  0.00000 -1.20359e+02
 25  0.00000  4.05750e+02 | 26  0.00000  7.02750e+02 | 27  0.00000  1.02268e+03
 28  0.00000  1.54353e+02 | 29  0.00000  1.06918e+03 | 30  0.00000 -3.78385e+01
 31  0.00000  1.08479e+03 | 32  0.00000  5.57701e+02 | 33  0.00000  6.19954e+02
 34  0.00000  6.33205e+02 | 35  0.00000  1.01550e+02 | 36  0.00000 -2.50345e+02
 37  0.21635  1.45890e+04 |

Intermediate statistics: 37 variables; iteration 20; function evaluation 33; phase 1
Function value 1.7976009e+03; maximum gradient component mag 1.4332e+04
Var    Value     Gradient |Var    Value     Gradient |Var    Value     Gradient
  1  0.07908  1.33059e+04 |  2 -0.17328 -3.15849e+02 |  3  0.01456 -2.10724e+02
  4 -0.04759 -2.12268e+02 |  5 -0.04132 -1.18096e+02 |  6 -0.18560 -2.68580e+02
  7 -0.43503 -3.35493e+02 |  8  0.13996 -1.89180e+02 |  9  0.01568 -2.15306e+02
 10 -0.00300 -2.63906e+02 | 11  0.03115 -2.07762e+02 | 12 -0.00388 -2.24138e+02
 13  0.07232 -1.65892e+02 | 14  0.02532 -1.60274e+02 | 15 -0.01731 -1.66309e+02
 16  0.07967 -6.15757e+01 | 17  0.09265  9.79850e+00 | 18  0.18532  8.00286e+01
 19  0.17075  5.80086e+01 | 20  0.06028  2.60415e+00 | 21  0.04659 -7.60553e+01
 22 -0.04183 -8.34047e+01 | 23 -0.00313 -8.58895e+01 | 24 -0.02436 -1.27630e+02
 25  0.02689  8.98236e+01 | 26  0.05909  2.92925e+02 | 27  0.02123  5.58661e+02
 28  0.08545  2.85438e+02 | 29  0.04955  6.69159e+02 | 30  0.13137  3.82132e+02
 31  0.04529  7.25480e+02 | 32  0.03736  5.49091e+02 | 33 -0.04350  2.02869e+02
 34 -0.11022 -1.00781e+01 | 35 -0.07525 -3.64222e+01 | 36 -0.21498 -8.59671e+01
 37  0.35518  1.43321e+04 |
37 variables; iteration 40; function evaluation 65; phase 1
Function value 4.5937275e+02; maximum gradient component mag -1.3430e+03
Var    Value     Gradient |Var    Value     Gradient |Var    Value     Gradient
  1  0.07256 -1.34300e+03 |  2 -0.07443 -1.72119e+01 |  3 -0.01562 -3.02502e+01
  4 -0.01801  2.73685e+01 |  5 -0.08237  1.25488e+01 |  6 -0.07854 -1.58165e+01
  7 -0.00535  4.39669e+01 |  8  0.02058  4.21797e-01 |  9  0.02523  3.61173e+01
 10  0.06389  3.80154e+01 | 11 -0.02327 -2.18611e+01 | 12  0.01268  2.78277e+01
 13  0.03913  8.24279e+00 | 14  0.02978  6.25339e+01 | 15 -0.00070  7.85402e+01
 16  0.01395  4.37395e+01 | 17  0.00154  5.66509e+01 | 18  0.12775  1.43406e+02
 19  0.04691  8.12054e+00 | 20  0.00035  1.19462e+02 | 21  0.00400  7.59335e+01
 22 -0.12282  2.46127e+01 | 23  0.02135  7.62278e+01 | 24  0.00700  3.66239e+01
 25 -0.02138 -1.96583e+01 | 26  0.05699 -7.27431e+00 | 27 -0.02211  1.18303e-01
 28  0.08686 -3.82824e+00 | 29 -0.03008  6.61104e+01 | 30  0.12730 -4.70951e+01
 31  0.00762  3.73262e+01 | 32  0.04287 -1.05804e+02 | 33 -0.01467 -8.92003e+01
 34 -0.07350 -1.67236e+02 | 35 -0.03657 -2.95450e+02 | 36 -0.10907  4.61856e+01
 37  0.20408 -4.86876e+02 |

 - final statistics:
37 variables; iteration 53; function evaluation 79
Function value 4.3519e+02; maximum gradient component mag -9.9111e+00
Exit code = 1;  converg criter 1.0000e+01
Var    Value     Gradient |Var    Value     Gradient |Var    Value     Gradient
  1  0.08257 -9.91111e+00 |  2 -0.01337  3.34212e-01 |  3  0.05717 -2.53252e-01
  4  0.02451  8.32819e-01 |  5 -0.02274  1.18680e+00 |  6  0.00127  2.87558e-01
  7  0.00747 -4.54918e-01 |  8  0.05768 -4.31913e-01 |  9  0.01628 -7.09722e-01
 10  0.03204 -2.87050e+00 | 11  0.00682 -1.80393e+00 | 12  0.00909  2.57763e-01
 13  0.04003 -5.94968e-01 | 14 -0.00596 -1.20676e-01 | 15 -0.04740  4.57333e-01
 16  0.00615 -3.60942e-01 | 17 -0.01241  2.28190e-01 | 18  0.06796  2.27718e-01
 19  0.05542  3.85108e-01 | 20 -0.06184 -6.98875e-02 | 21 -0.02705  1.14990e+00
 22 -0.12479  9.10506e-01 | 23 -0.00974  1.62278e+00 | 24 -0.01795  3.14151e-01
 25 -0.01090  8.10349e-01 | 26  0.04425  1.52571e+00 | 27 -0.03377  2.77548e-01
 28  0.07223  2.34354e+00 | 29 -0.05381 -7.26140e-01 | 30  0.11977  1.79162e+00
 31 -0.01092 -1.51119e+00 | 32  0.03577  2.33679e-01 | 33 -0.02257  7.69276e-01
 34 -0.06857 -5.64686e-01 | 35 -0.01833 -1.04031e+00 | 36 -0.09184 -2.06825e-01
 37  0.20443 -1.67970e+00 |

Initial statistics: 45 variables; iteration 0; function evaluation 0; phase 2
Function value 4.3518599e+02; maximum gradient component mag 2.8241e+03
Var    Value     Gradient |Var    Value     Gradient |Var    Value     Gradient
  1  0.08257 -9.91111e+00 |  2  0.00000  1.32303e+01 |  3  0.00000  2.88185e+01
  4  0.00000 -6.71053e+01 |  5 -0.01338  2.11761e-01 |  6  0.05717 -3.75237e-01
  7  0.02450  7.10432e-01 |  8 -0.02274  1.06440e+00 |  9  0.00127  1.65080e-01
 10  0.00747 -5.77388e-01 | 11  0.05767 -5.53889e-01 | 12  0.01628 -8.32160e-01
 13  0.03203 -2.99283e+00 | 14  0.00682 -1.92640e+00 | 15  0.00908  1.35297e-01
 16  0.04003 -7.17205e-01 | 17 -0.00597 -2.43149e-01 | 18 -0.04740  3.35194e-01
 19  0.00614 -4.83415e-01 | 20 -0.01241  1.05735e-01 | 21  0.06796  1.05937e-01
 22  0.05542  2.63093e-01 | 23 -0.06184 -1.91788e-01 | 24 -0.02705  1.02753e+00
 25 -0.12480  7.90372e-01 | 26 -0.00975  1.50032e+00 | 27 -0.01796  1.91721e-01
 28 -0.01090  6.87889e-01 | 29  0.04425  1.40352e+00 | 30 -0.03377  1.55242e-01
 31  0.07223  2.22185e+00 | 32 -0.05382 -8.48181e-01 | 33  0.11977  1.67130e+00
 34 -0.01093 -1.63365e+00 | 35  0.03577  1.11395e-01 | 36 -0.02258  6.46875e-01
 37 -0.06858 -6.86454e-01 | 38 -0.01834 -1.16273e+00 | 39 -0.09184 -3.28031e-01
 40  0.21635  2.07840e+02 | 41  0.21635  2.82412e+03 | 42  0.20443 -1.67970e+00
 43 -0.30909 -2.25691e+03 | 44  0.12819  1.09099e+01 | 45 -0.30909 -2.39505e+03

Intermediate statistics: 45 variables; iteration 20; function evaluation 30; phase 2
Function value 2.6923631e+02; maximum gradient component mag -2.8424e+03
Var    Value     Gradient |Var    Value     Gradient |Var    Value     Gradient
  1  0.07022 -1.67297e+03 |  2 -0.09796  1.40143e-01 |  3 -0.13256  3.74721e+00
  4 -0.04853 -2.76419e+00 |  5 -0.06907  2.98715e+01 |  6 -0.00390  4.42053e+01
  7 -0.07917  1.93157e+01 |  8 -0.11041  1.91801e+01 |  9 -0.05691  2.78662e+01
 10 -0.05825  2.48085e+01 | 11  0.03436  3.50454e+01 | 12  0.00751  3.21693e+01
 13  0.03584  2.43319e+01 | 14  0.01051  1.82321e+01 | 15  0.00927  2.03256e+01
 16  0.04181 -1.07055e+01 | 17 -0.00106 -1.10913e+01 | 18 -0.03172 -1.53455e+01
 19  0.03478 -4.79815e+01 | 20  0.00232 -1.50902e+01 | 21  0.08326 -6.58028e+01
 22  0.06680 -3.24761e+01 | 23 -0.03497 -1.83769e+01 | 24 -0.01280 -1.84811e+01
 25 -0.09744 -7.53283e+00 | 26  0.00651  1.48163e+01 | 27 -0.01882  3.99621e+01
 28  0.00388  4.46851e+01 | 29  0.04957  1.16924e+02 | 30 -0.01600 -1.04782e+02
 31  0.08898 -2.75047e+00 | 32 -0.01583 -1.31886e+02 | 33  0.11034  1.02892e+02
 34  0.00385 -9.90736e+01 | 35  0.05178  1.23503e+01 | 36  0.00068  5.22299e+01
 37 -0.04338 -1.91413e+01 | 38  0.01499  3.72412e+00 | 39 -0.00729 -8.05456e+01
 40  0.21614 -6.90525e+02 | 41  0.18502 -2.84240e+03 | 42  0.20841 -7.27661e+02
 43 -0.21852  1.16440e+02 | 44  0.18966  2.09909e+01 | 45 -0.27211  1.22141e+03
45 variables; iteration 40; function evaluation 58; phase 2
Function value 2.3787894e+02; maximum gradient component mag -8.9470e+02
Var    Value     Gradient |Var    Value     Gradient |Var    Value     Gradient
  1  0.06371 -7.98688e+02 |  2 -0.06891  2.20248e+00 |  3 -0.11259  7.75604e-01
  4 -0.03943 -3.61496e+01 |  5 -0.07082 -3.25925e+01 |  6 -0.00688 -3.57436e+01
  7 -0.07956 -1.23383e+00 |  8 -0.11278 -4.84568e-01 |  9 -0.04977  1.68764e+01
 10 -0.07645  1.24970e+00 | 11  0.03486  1.76723e+01 | 12  0.00889  1.84289e+01
 13  0.03895  1.32406e+01 | 14  0.00378  9.10966e+00 | 15 -0.02221 -9.51617e+00
 16  0.06809  2.76513e+01 | 17  0.00860  9.56352e+00 | 18 -0.02902 -1.28747e+00
 19  0.03748 -1.67546e+01 | 20 -0.00208 -1.73980e+01 | 21  0.09088 -1.21518e+01
 22  0.07139 -5.10440e+00 | 23 -0.02701  5.63230e+00 | 24 -0.01762 -1.35412e+01
 25 -0.10199 -7.40744e+00 | 26  0.01136  8.60433e+00 | 27 -0.02717  5.42785e+00
 28  0.00589  1.62997e+01 | 29  0.04057  3.06550e+01 | 30 -0.01313 -2.75955e+01
 31  0.08574  2.71772e-01 | 32 -0.00143 -2.91442e+01 | 33  0.08964  3.25559e+01
 34  0.00500 -2.18135e+01 | 35  0.04991  1.48244e+01 | 36 -0.00293  1.96285e+01
 37 -0.04021 -5.38519e+00 | 38  0.02146  9.61429e+00 | 39  0.00845 -1.07172e+01
 40  0.22235 -2.46535e+02 | 41  0.20007 -8.94699e+02 | 42  0.22001 -2.12030e+02
 43 -0.22058  7.29336e+01 | 44  0.17267  1.97086e+01 | 45 -0.26844  3.78561e+02

 - final statistics:
45 variables; iteration 60; function evaluation 84
Function value 2.3143e+02; maximum gradient component mag -5.4041e+00
Exit code = 1;  converg criter 1.0000e+01
Var    Value     Gradient |Var    Value     Gradient |Var    Value     Gradient
  1  0.06497  6.43996e-01 |  2 -0.09345  1.76058e-02 |  3 -0.13512  3.45376e-02
  4 -0.04188 -4.91063e-01 |  5 -0.06685 -3.17918e-01 |  6 -0.01520 -4.94455e-01
  7 -0.06466 -2.82011e-02 |  8 -0.09467  1.57995e-01 |  9 -0.04940  1.46290e-01
 10 -0.05245 -1.02473e-01 | 11  0.02944 -8.48972e-02 | 12  0.00339 -1.13527e-01
 13  0.03649 -9.25244e-02 | 14  0.00663 -1.15852e-01 | 15 -0.00009  5.55710e-02
 16  0.05031 -1.09404e-02 | 17  0.00244 -1.15627e-01 | 18 -0.03003 -1.92346e-01
 19  0.03825 -1.28694e-02 | 20  0.00566 -2.31121e-02 | 21  0.08806  2.23540e-01
 22  0.07100  9.75193e-02 | 23 -0.03447 -2.80953e-01 | 24 -0.01232 -4.28104e-03
 25 -0.09650  4.92568e-02 | 26  0.00496 -2.15710e-01 | 27 -0.02415  5.76988e-02
 28 -0.00026  1.66331e-01 | 29  0.03455  1.03327e-01 | 30 -0.01472 -2.51868e-01
 31  0.08189 -6.01597e-02 | 32 -0.00116 -2.02449e-01 | 33  0.08049  1.43165e-01
 34  0.00211 -6.11710e-02 | 35  0.04517  2.98221e-01 | 36 -0.00736  4.80380e-01
 37 -0.04193  2.84343e-01 | 38  0.01869  3.89371e-01 | 39  0.00661 -8.49965e-02
 40  0.22355  5.47747e-01 | 41  0.20554 -1.04488e+00 | 42  0.22304  1.94133e-01
 43 -0.27185 -5.40409e+00 | 44 -0.00031  1.74175e+00 | 45 -0.26826  2.29383e+00

Initial statistics: 49 variables; iteration 0; function evaluation 0; phase 3
Function value 2.3142627e+02; maximum gradient component mag -2.0314e+03
Var    Value     Gradient |Var    Value     Gradient |Var    Value     Gradient
  1  0.06497  6.43996e-01 |  2 -0.09345  1.76058e-02 |  3 -0.13512  3.45376e-02
  4 -0.04188 -4.91063e-01 |  5 -0.06685 -3.11986e-01 |  6 -0.01520 -4.88492e-01
  7 -0.06466 -2.22668e-02 |  8 -0.09467  1.63895e-01 |  9 -0.04940  1.52237e-01
 10 -0.05245 -9.65283e-02 | 11  0.02944 -7.89385e-02 | 12  0.00339 -1.07562e-01
 13  0.03649 -8.65691e-02 | 14  0.00663 -1.09887e-01 | 15 -0.00009  6.15361e-02
 16  0.05031 -4.99394e-03 | 17  0.00244 -1.09662e-01 | 18 -0.03003 -1.86387e-01
 19  0.03825 -6.91506e-03 | 20  0.00566 -1.71472e-02 | 21  0.08806  2.29448e-01
 22  0.07100  1.03447e-01 | 23 -0.03447 -2.74996e-01 | 24 -0.01232  1.68295e-03
 25 -0.09650  5.51535e-02 | 26  0.00496 -2.09745e-01 | 27 -0.02415  6.36596e-02
 28 -0.00026  1.72296e-01 | 29  0.03455  1.09284e-01 | 30 -0.01472 -2.45905e-01
 31  0.08189 -5.42439e-02 | 32 -0.00116 -1.96484e-01 | 33  0.08049  1.49083e-01
 34  0.00211 -5.52059e-02 | 35  0.04517  3.04171e-01 | 36 -0.00736  4.86345e-01
 37 -0.04193  2.90295e-01 | 38  0.01869  3.95333e-01 | 39  0.00661 -7.90317e-02
 40  0.22355  5.47747e-01 | 41  0.20554 -1.04488e+00 | 42  0.21635 -2.03136e+03
 43  0.22304  1.94133e-01 | 44 -0.27185 -5.40409e+00 | 45 -0.00031  1.74175e+00
 46 -0.30909 -1.35720e+03 | 47 -0.43452  1.22881e-03 | 48 -0.26826  2.29383e+00
 49 -0.36199  7.88805e+00 |

Intermediate statistics: 49 variables; iteration 20; function evaluation 28; phase 3
Function value 1.4820182e+02; maximum gradient component mag -8.1704e+03
Var    Value     Gradient |Var    Value     Gradient |Var    Value     Gradient
  1  0.04477 -8.17044e+03 |  2 -0.09295 -2.92106e+01 |  3 -0.13436 -4.73762e+01
  4 -0.01892 -2.24209e+02 |  5 -0.04265 -8.66865e+01 |  6  0.01942 -1.44411e+02
  7 -0.05580  1.36314e+02 |  8 -0.08678  1.49765e+02 |  9 -0.03619  1.53415e+02
 10 -0.05436  1.21298e+02 | 11  0.03095  8.03458e+01 | 12  0.00775  4.90202e+01
 13  0.05114 -4.74187e+01 | 14 -0.00022  3.61924e+00 | 15 -0.00433  4.04124e+01
 16  0.04743 -6.17615e+01 | 17  0.00509 -7.72853e+01 | 18 -0.04928 -6.48535e+00
 19  0.00589  7.59385e+01 | 20 -0.01264  7.53197e+01 | 21  0.06517  1.36888e+02
 22  0.04671  1.42662e+02 | 23 -0.04351  1.33474e+02 | 24 -0.02775  8.72721e+01
 25 -0.10078  7.39597e+01 | 26  0.00659 -9.18600e+01 | 27  0.00007 -1.01122e+02
 28 -0.02540 -1.91130e+02 | 29  0.05620 -3.63677e+02 | 30 -0.00948 -1.09368e+02
 31  0.06947 -8.42056e+01 | 32 -0.01839  6.17428e+01 | 33  0.07864  4.07075e+01
 34  0.00074  4.08879e+01 | 35  0.04089 -1.64621e+02 | 36  0.00524 -1.04892e+02
 37 -0.02971 -7.02637e+01 | 38  0.02648 -7.93355e+01 | 39  0.03436  2.21189e+02
 40  0.23655 -1.91558e+03 | 41  0.25713  3.43257e+02 | 42  0.26334 -4.60828e+02
 43  0.23917 -1.11372e+03 | 44 -0.27209 -1.76147e+02 | 45 -0.01225  5.59411e+01
 46 -0.26880  5.43886e+02 | 47 -0.44384 -5.17330e+02 | 48 -0.28511 -1.88005e+02
 49 -0.43408  8.77767e+01 |
49 variables; iteration 40; function evaluation 52; phase 3
Function value 1.2858200e+02; maximum gradient component mag -4.2550e+03
Var    Value     Gradient |Var    Value     Gradient |Var    Value     Gradient
  1  0.04441 -3.09076e+03 |  2 -0.11107 -1.44694e+01 |  3 -0.14643 -2.11584e+01
  4  0.00202 -5.18972e+01 |  5 -0.05144 -2.96664e+01 |  6  0.02398 -3.29552e+01
  7 -0.06885 -6.83863e+00 |  8 -0.08632  2.60036e+01 |  9 -0.02526  3.19828e+01
 10 -0.05714  4.70746e+01 | 11  0.04311  4.16991e+01 | 12  0.01101  2.52750e+01
 13  0.04985 -1.39261e+00 | 14  0.00282  1.41175e+01 | 15 -0.00799  2.23715e+01
 16  0.05794 -1.12718e+01 | 17  0.01331 -1.16345e+01 | 18 -0.05994 -1.61508e+01
 19 -0.00435 -3.56701e+01 | 20 -0.00121  3.23334e+01 | 21  0.06834  4.75407e+01
 22  0.04150  3.17178e+01 | 23 -0.05716  2.39289e+01 | 24 -0.04164 -2.24305e+01
 25 -0.10789 -8.35845e-01 | 26  0.02250 -6.37388e+01 | 27 -0.02303 -8.75788e+01
 28  0.01333 -7.43484e+01 | 29  0.05067 -2.20643e+02 | 30 -0.00918 -8.75566e+01
 31  0.06990 -8.80941e+01 | 32 -0.01229  4.86643e+01 | 33  0.06981 -5.50594e+01
 34 -0.00390 -1.37587e+01 | 35  0.04597 -4.18333e+01 | 36  0.00761  2.87798e+01
 37 -0.02395  1.23309e+02 | 38  0.02850  1.51415e+02 | 39  0.01750  8.78330e+01
 40  0.24116 -6.33910e+02 | 41  0.25170 -3.32989e+02 | 42  0.26423 -2.91735e+02
 43  0.24610 -2.70152e+02 | 44 -0.27763 -2.33417e+02 | 45 -0.03299  7.68165e+01
 46 -0.27145  3.52081e+02 | 47 -0.44179 -2.99267e+02 | 48 -0.30241 -4.25501e+03
 49 -0.47150  1.87319e+03 |
49 variables; iteration 60; function evaluation 80; phase 3
Function value 1.2042186e+02; maximum gradient component mag -8.2796e+02
Var    Value     Gradient |Var    Value     Gradient |Var    Value     Gradient
  1  0.04246 -1.80383e+02 |  2 -0.07726  3.02782e-01 |  3 -0.11319  3.30735e-01
  4 -0.00819  2.34298e+00 |  5 -0.03397 -1.30581e-01 |  6  0.02272  1.34900e+00
  7 -0.04887  1.27253e+01 |  8 -0.08863  5.58849e+00 |  9 -0.04097  7.44585e+00
 10 -0.05746  3.03748e+00 | 11  0.04496  3.32218e+00 | 12  0.01625 -1.86526e+00
 13  0.05657 -2.59084e+00 | 14  0.00148 -4.69215e+00 | 15 -0.00854 -6.81488e+00
 16  0.06251 -1.71453e+01 | 17  0.00893 -2.35067e+01 | 18 -0.04933 -1.61146e+01
 19  0.00692 -1.92643e+01 | 20 -0.01466 -2.19367e+01 | 21  0.06122 -9.43826e+00
 22  0.03369 -1.39706e+01 | 23 -0.06512 -8.99692e+00 | 24 -0.03376 -1.81856e+01
 25 -0.11062 -1.43914e+01 | 26  0.02090 -3.09358e+01 | 27 -0.00935 -3.05395e-01
 28  0.00644  2.07012e+01 | 29  0.05891  2.98422e+01 | 30 -0.00618  2.33176e+01
 31  0.06957  1.59357e+01 | 32 -0.01999  2.71433e+00 | 33  0.07457  7.76036e+00
 34 -0.00128  9.99614e+00 | 35  0.04949  1.43228e+01 | 36  0.01060  7.38696e+00
 37 -0.02525  9.09035e+00 | 38  0.02345  1.67424e+01 | 39 -0.01592  8.41561e+00
 40  0.24568  1.27075e+01 | 41  0.25564  3.39479e+01 | 42  0.27257  2.67461e+01
 43  0.25184 -8.59307e+00 | 44 -0.28799  5.39968e+01 | 45 -0.06661 -1.84710e+01
 46 -0.27596 -2.27671e+00 | 47 -0.44502  1.83021e+00 | 48 -0.30349 -8.27958e+02
 49 -0.47451  3.79527e+02 |
49 variables; iteration 80; function evaluation 100; phase 3
Function value 1.2027827e+02; maximum gradient component mag -2.6252e-02
Var    Value     Gradient |Var    Value     Gradient |Var    Value     Gradient
  1  0.04250 -1.29414e-02 |  2 -0.07904  2.36605e-04 |  3 -0.11507 -1.72774e-03
  4 -0.01104 -4.55404e-03 |  5 -0.03185 -3.76308e-03 |  6  0.02338 -3.66335e-03
  7 -0.05210  1.82538e-02 |  8 -0.08723  1.29072e-02 |  9 -0.03986  1.43529e-02
 10 -0.05816  9.12848e-04 | 11  0.04326  3.67287e-03 | 12  0.01830  5.98509e-03
 13  0.05634  6.89703e-03 | 14  0.00112  2.74944e-04 | 15 -0.00899 -1.42938e-03
 16  0.06336 -2.11063e-03 | 17  0.00998 -4.92644e-03 | 18 -0.05063 -3.64834e-03
 19  0.00675 -6.45121e-03 | 20 -0.01374 -9.59503e-03 | 21  0.06143 -1.15674e-03
 22  0.03494 -2.52140e-03 | 23 -0.06477 -1.46122e-03 | 24 -0.03338  1.96071e-04
 25 -0.11023 -1.75247e-03 | 26  0.02107 -5.18542e-03 | 27 -0.00960 -1.05596e-02
 28  0.00528 -3.85026e-03 | 29  0.05783 -6.56860e-03 | 30 -0.00681 -1.92607e-03
 31  0.06933 -2.49354e-03 | 32 -0.01881 -3.28060e-03 | 33  0.07299  3.26563e-03
 34 -0.00207  3.13323e-03 | 35  0.04889  2.82896e-03 | 36  0.01044  3.08591e-03
 37 -0.02523  2.38328e-03 | 38  0.02355  3.94474e-03 | 39 -0.01521 -1.21161e-03
 40  0.24562  2.28357e-02 | 41  0.25543 -1.99806e-03 | 42  0.27214 -4.86803e-04
 43  0.25256  1.99629e-03 | 44 -0.28893 -2.62518e-02 | 45 -0.06944  8.12577e-03
 46 -0.27567 -1.24848e-02 | 47 -0.44446  6.21799e-03 | 48 -0.30379 -2.40477e-02
 49 -0.47531  7.50081e-03 |
49 variables; iteration 100; function evaluation 122; phase 3
Function value 1.2027823e+02; maximum gradient component mag 3.9950e-02
Var    Value     Gradient |Var    Value     Gradient |Var    Value     Gradient
  1  0.04250 -3.52948e-02 |  2 -0.07905  8.67440e-05 |  3 -0.11507  1.39146e-06
  4 -0.01104  8.58162e-05 |  5 -0.03184  8.68788e-04 |  6  0.02338  5.36692e-04
  7 -0.05211  1.96251e-03 |  8 -0.08723  1.44125e-03 |  9 -0.03986  1.47231e-03
 10 -0.05816  3.25475e-06 | 11  0.04326 -2.83212e-04 | 12  0.01830 -7.27745e-04
 13  0.05634 -2.63330e-03 | 14  0.00112  1.09097e-04 | 15 -0.00899  9.22458e-04
 16  0.06336  1.03670e-03 | 17  0.00998  6.62446e-04 | 18 -0.05063  9.03797e-04
 19  0.00675 -2.21372e-04 | 20 -0.01374 -6.65215e-04 | 21  0.06143  5.45808e-04
 22  0.03494  4.45262e-04 | 23 -0.06477  7.56757e-04 | 24 -0.03339  9.91139e-04
 25 -0.11023  6.39124e-04 | 26  0.02107  1.24506e-04 | 27 -0.00960 -5.88558e-04
 28  0.00527 -4.15505e-04 | 29  0.05783 -1.01023e-03 | 30 -0.00681 -1.12275e-04
 31  0.06933 -2.44590e-04 | 32 -0.01881 -2.34988e-04 | 33  0.07299  1.19843e-04
 34 -0.00207 -1.19068e-04 | 35  0.04889 -1.12795e-03 | 36  0.01044 -1.17394e-03
 37 -0.02523 -1.83683e-03 | 38  0.02355 -2.59830e-03 | 39 -0.01521  6.68560e-04
 40  0.24562  1.61687e-03 | 41  0.25543  1.92544e-03 | 42  0.27214 -6.71199e-03
 43  0.25256 -3.57889e-04 | 44 -0.27905  3.99499e-02 | 45 -0.04055 -1.27308e-02
 46 -0.27207 -6.68056e-03 | 47 -0.43999  1.64564e-03 | 48 -0.30243  2.93116e-02
 49 -0.47239 -1.72805e-02 |
49 variables; iteration 120; function evaluation 143; phase 3
Function value 1.2027818e+02; maximum gradient component mag -7.7891e+00
Var    Value     Gradient |Var    Value     Gradient |Var    Value     Gradient
  1  0.04250 -1.29807e+00 |  2 -0.07905 -1.08748e-03 |  3 -0.11507 -3.27266e-03
  4 -0.01103 -7.80066e-03 |  5 -0.03185  8.24958e-03 |  6  0.02338  1.07492e-02
  7 -0.05211 -2.02021e-02 |  8 -0.08723 -1.81895e-02 |  9 -0.03986 -3.23878e-02
 10 -0.05815  2.64231e-02 | 11  0.04326  1.93413e-02 | 12  0.01829  1.21152e-02
 13  0.05634  4.52460e-03 | 14  0.00112  3.74582e-03 | 15 -0.00899 -6.91498e-03
 16  0.06335 -3.56404e-02 | 17  0.00999 -4.54022e-02 | 18 -0.05063 -4.58235e-02
 19  0.00675  1.45234e-02 | 20 -0.01374  2.41653e-02 | 21  0.06143  4.35476e-03
 22  0.03494 -5.10845e-03 | 23 -0.06477 -8.24800e-03 | 24 -0.03339 -3.03552e-02
 25 -0.11023 -1.60001e-02 | 26  0.02107 -5.51072e-02 | 27 -0.00960 -4.82768e-02
 28  0.00528 -2.23526e-02 | 29  0.05783 -6.10405e-02 | 30 -0.00681  3.10422e-03
 31  0.06934  9.05989e-03 | 32 -0.01882  3.39030e-02 | 33  0.07300 -3.41459e-03
 34 -0.00207  2.71086e-02 | 35  0.04890  3.25160e-02 | 36  0.01044  2.39789e-02
 37 -0.02523  5.85533e-02 | 38  0.02355  8.55902e-02 | 39 -0.01521  6.65660e-02
 40  0.24562  6.21906e-04 | 41  0.25543  4.72489e-02 | 42  0.27214  5.15359e-02
 43  0.25256  6.17838e-02 | 44 -0.28211  1.13646e-01 | 45 -0.04951 -3.93294e-02
 46 -0.26330  9.02398e-03 | 47 -0.42913 -1.06434e-02 | 48 -0.29999 -7.78912e+00
 49 -0.46716  3.64271e+00 |
49 variables; iteration 140; function evaluation 165; phase 3
Function value 1.2027811e+02; maximum gradient component mag -7.7594e-02
Var    Value     Gradient |Var    Value     Gradient |Var    Value     Gradient
  1  0.04250  7.31099e-02 |  2 -0.07905 -5.88921e-05 |  3 -0.11507 -2.59104e-04
  4 -0.01104 -9.95972e-04 |  5 -0.03184 -2.54444e-03 |  6  0.02338 -2.57477e-03
  7 -0.05211  2.79106e-05 |  8 -0.08723 -2.79596e-04 |  9 -0.03986  3.49234e-04
 10 -0.05816 -1.01455e-03 | 11  0.04326 -4.61047e-04 | 12  0.01830 -1.68284e-04
 13  0.05634  1.33066e-03 | 14  0.00112 -1.78356e-03 | 15 -0.00899 -2.37349e-03
 16  0.06336 -3.01888e-03 | 17  0.00998 -3.77871e-03 | 18 -0.05063 -3.17040e-03
 19  0.00675  3.60892e-04 | 20 -0.01374  1.96074e-04 | 21  0.06143 -6.45034e-04
 22  0.03494 -7.20642e-04 | 23 -0.06477 -5.37010e-04 | 24 -0.03339  5.16356e-04
 25 -0.11023  2.09890e-04 | 26  0.02107  2.32478e-03 | 27 -0.00960  1.14117e-03
 28  0.00528 -5.05799e-04 | 29  0.05783 -7.85884e-04 | 30 -0.00681 -4.81860e-04
 31  0.06933  6.98059e-05 | 32 -0.01881 -6.79954e-04 | 33  0.07299  8.10402e-04
 34 -0.00207  1.17929e-03 | 35  0.04889  3.70461e-03 | 36  0.01044  3.27030e-03
 37 -0.02523  4.09052e-03 | 38  0.02355  6.85412e-03 | 39 -0.01520 -1.06638e-03
 40  0.24562  3.22352e-03 | 41  0.25546  1.96101e-03 | 42  0.27214  9.25467e-03
 43  0.25256  3.29759e-03 | 44 -0.28039 -7.75941e-02 | 45 -0.04446  2.65663e-02
 46 -0.24915 -1.01597e-04 | 47 -0.41180  1.67681e-03 | 48 -0.29628 -4.34071e-02
 49 -0.45928  1.69792e-02 |
49 variables; iteration 160; function evaluation 185; phase 3
Function value 1.2027811e+02; maximum gradient component mag -2.2582e+00
Var    Value     Gradient |Var    Value     Gradient |Var    Value     Gradient
  1  0.04250 -9.24251e-01 |  2 -0.07905  9.00254e-04 |  3 -0.11508  6.01709e-04
  4 -0.01103  1.40933e-02 |  5 -0.03184  2.84972e-02 |  6  0.02338  3.36463e-02
  7 -0.05211  5.35028e-02 |  8 -0.08723  4.93586e-02 |  9 -0.03985  6.58536e-02
 10 -0.05816  3.64221e-03 | 11  0.04326 -2.83931e-06 | 12  0.01829 -1.94410e-02
 13  0.05635 -4.44790e-02 | 14  0.00111 -5.12623e-02 | 15 -0.00900 -5.92757e-02
 16  0.06336 -1.25683e-01 | 17  0.00998 -1.68862e-01 | 18 -0.05064 -1.53386e-01
 19  0.00676  8.03388e-02 | 20 -0.01374  8.61179e-02 | 21  0.06143  2.59794e-02
 22  0.03494  1.40912e-02 | 23 -0.06477  2.61701e-02 | 24 -0.03339  1.80434e-02
 25 -0.11023  1.53066e-02 | 26  0.02107  9.83523e-03 | 27 -0.00959  5.20303e-03
 28  0.00527 -8.12905e-02 | 29  0.05782 -1.79005e-01 | 30 -0.00681 -5.44122e-02
 31  0.06933 -2.97939e-02 | 32 -0.01881  2.85453e-02 | 33  0.07298 -1.39365e-02
 34 -0.00207  3.53131e-02 | 35  0.04890  5.81823e-02 | 36  0.01044  4.43724e-02
 37 -0.02522  8.24524e-02 | 38  0.02356  1.64903e-01 | 39 -0.01520  1.08823e-02
 40  0.24562 -1.69004e-02 | 41  0.25546  1.36697e-01 | 42  0.27214  1.66956e-01
 43  0.25256  1.71228e-01 | 44 -0.28059  1.00927e+00 | 45 -0.04505 -3.44856e-01
 46 -0.24975 -6.43253e-02 | 47 -0.41254  5.35813e-02 | 48 -0.29535 -2.25816e+00
 49 -0.45731  1.06444e+00 |
49 variables; iteration 180; function evaluation 206; phase 3
Function value 1.2027804e+02; maximum gradient component mag -5.7702e+00
Var    Value     Gradient |Var    Value     Gradient |Var    Value     Gradient
  1  0.04250 -3.34159e+00 |  2 -0.07905 -3.30880e-04 |  3 -0.11507  3.97621e-04
  4 -0.01103  1.67440e-03 |  5 -0.03184  7.22373e-02 |  6  0.02338  7.18429e-02
  7 -0.05211  4.80835e-02 |  8 -0.08723  5.29224e-02 |  9 -0.03986  4.65092e-02
 10 -0.05816  7.13725e-02 | 11  0.04326  7.03848e-02 | 12  0.01830  7.42777e-02
 13  0.05634  7.63897e-02 | 14  0.00112  7.73072e-02 | 15 -0.00899  7.85882e-02
 16  0.06336  8.50895e-02 | 17  0.00998  9.18492e-02 | 18 -0.05063  8.88665e-02
 19  0.00675  2.55740e-03 | 20 -0.01374  9.07239e-03 | 21  0.06143  1.64595e-02
 22  0.03495  5.77752e-03 | 23 -0.06477  1.07369e-02 | 24 -0.03339 -4.46955e-02
 25 -0.11023 -2.87579e-02 | 26  0.02107 -1.41440e-01 | 27 -0.00960 -1.32537e-01
 28  0.00528 -1.15229e-01 | 29  0.05783 -2.44301e-01 | 30 -0.00681 -8.12009e-02
 31  0.06933 -1.17319e-01 | 32 -0.01881  3.14260e-02 | 33  0.07299 -1.22772e-01
 34 -0.00207 -2.48582e-02 | 35  0.04889 -1.09494e-01 | 36  0.01044 -6.94683e-02
 37 -0.02523 -9.00240e-03 | 38  0.02355  1.90919e-02 | 39 -0.01521  1.37087e-01
 40  0.24562 -2.69615e-02 | 41  0.25545 -1.10195e-01 | 42  0.27214 -7.36160e-02
 43  0.25256  1.74775e-01 | 44 -0.28037  6.37307e-01 | 45 -0.04442 -2.17650e-01
 46 -0.25139 -4.03883e-02 | 47 -0.41453  3.35127e-02 | 48 -0.28739 -5.77020e+00
 49 -0.44061  2.76541e+00 |
49 variables; iteration 200; function evaluation 355; phase 3
Function value 1.1935843e+02; maximum gradient component mag -2.8233e+04
Var    Value     Gradient |Var    Value     Gradient |Var    Value     Gradient
  1  0.04251 -9.96939e+02 |  2 -0.08419 -1.06639e+00 |  3 -0.11211  1.70548e+00
  4 -0.01248  5.02731e-01 |  5 -0.03076  2.27379e+01 |  6  0.02379  2.10926e+01
  7 -0.05362  2.32038e+01 |  8 -0.08759  2.36126e+01 |  9 -0.03799  2.62160e+01
 10 -0.05917  1.89708e+01 | 11  0.04297  1.93187e+01 | 12  0.01819  1.86854e+01
 13  0.05752  1.76744e+01 | 14  0.00062  2.10211e+01 | 15 -0.00966  1.92675e+01
 16  0.06323  1.82719e+01 | 17  0.00977  1.69218e+01 | 18 -0.04909  1.79812e+01
 19  0.00457 -1.17351e+00 | 20 -0.01288  1.40572e+00 | 21  0.05891  5.45706e+00
 22  0.03437  7.31647e+00 | 23 -0.06281  1.27217e+01 | 24 -0.03360  6.92237e-01
 25 -0.10946  2.18266e+00 | 26  0.02200 -2.47895e+01 | 27 -0.00967 -2.80299e+01
 28  0.00346 -3.71515e+01 | 29  0.05833 -7.93658e+01 | 30 -0.00663 -2.56868e+01
 31  0.06842 -4.78407e+01 | 32 -0.01881  1.20844e+01 | 33  0.07080 -4.95841e+01
 34 -0.00288 -9.69446e+00 | 35  0.04843 -4.11203e+01 | 36  0.01081 -2.49200e+01
 37 -0.02511 -1.31172e+01 | 38  0.02381 -8.00494e-01 | 39 -0.01116  4.00805e+01
 40  0.24578 -1.38677e+01 | 41  0.25599  2.48259e+01 | 42  0.27217 -8.68328e+00
 43  0.25422  2.66768e+01 | 44 -0.24135  2.63727e+02 | 45  0.06806 -8.64737e+01
 46 -0.30907 -2.82329e+04 | 47 -0.48679  2.19864e+04 | 48 -0.23320 -5.06637e+02
 49 -0.33412  2.48130e+02 |
49 variables; iteration 220; function evaluation 382; phase 3
Function value 1.0990924e+02; maximum gradient component mag -2.2827e+05
Var    Value     Gradient |Var    Value     Gradient |Var    Value     Gradient
  1  0.04116  3.93817e+02 |  2 -0.08027 -1.59306e+00 |  3 -0.11418 -1.85415e+00
  4 -0.00994 -9.40543e+00 |  5 -0.02941 -1.96085e+01 |  6  0.02586 -2.56932e+01
  7 -0.05156 -2.30492e+01 |  8 -0.08603 -2.09658e+01 |  9 -0.03777 -2.47577e+01
 10 -0.05832 -1.14820e+01 | 11  0.04339 -1.36484e+01 | 12  0.01982 -1.50024e+01
 13  0.06069 -1.97450e+01 | 14 -0.00241 -6.38477e+00 | 15 -0.01114 -2.60293e+00
 16  0.06444  3.21382e+00 | 17  0.01428  1.01900e+01 | 18 -0.04256  9.79565e+00
 19 -0.00023  2.32335e+01 | 20 -0.01066  3.02730e+01 | 21  0.05577 -4.94252e+00
 22  0.03300  1.42421e-01 | 23 -0.06676 -1.15615e+00 | 24 -0.03546  2.22849e+00
 25 -0.10965  2.30157e+00 | 26  0.02737  1.29426e+01 | 27 -0.00769 -3.75265e+01
 28 -0.00706 -2.53834e+01 | 29  0.05958 -3.34180e+01 | 30 -0.00711  2.20704e+01
 31  0.06783  3.40040e+01 | 32 -0.02580  1.38690e+01 | 33  0.05946  1.38872e+01
 34 -0.01109  8.85495e+00 | 35  0.04752  2.26302e+01 | 36  0.01261  3.54404e+01
 37 -0.01966  4.20442e+01 | 38  0.02875 -6.24795e+00 | 39 -0.00076 -4.82232e+00
 40  0.24832 -8.03264e+00 | 41  0.26005  3.85614e+01 | 42  0.27575 -2.24525e+01
 43  0.27757  1.21625e+01 | 44 -0.25742 -2.91775e+02 | 45  0.02019  1.00907e+02
 46 -0.30908 -2.28273e+05 | 47 -0.48679  1.78338e+05 | 48 -0.13194  1.01190e+01
 49 -0.24277 -4.56444e+01 |
49 variables; iteration 240; function evaluation 404; phase 3
Function value 1.0949868e+02; maximum gradient component mag 3.8473e+03
Var    Value     Gradient |Var    Value     Gradient |Var    Value     Gradient
  1  0.04115 -9.09953e+00 |  2 -0.07908  3.43680e-03 |  3 -0.11503  2.17045e-02
  4 -0.01093  5.26648e-02 |  5 -0.02963  2.53216e-01 |  6  0.02692  2.56508e-01
  7 -0.05148  2.87501e-01 |  8 -0.08603  2.52339e-01 |  9 -0.03710  2.63091e-01
 10 -0.05724  1.70666e-01 | 11  0.04481  1.48012e-01 | 12  0.02062  1.16324e-01
 13  0.06050 -1.13392e-03 | 14 -0.00303  1.46294e-01 | 15 -0.01098  1.41465e-01
 16  0.06472  9.08397e-02 | 17  0.01399  6.56959e-02 | 18 -0.04203  9.85466e-02
 19 -0.00064  2.04819e-02 | 20 -0.01350  2.70951e-02 | 21  0.05714  1.02302e-01
 22  0.03212  2.98303e-02 | 23 -0.06770  3.68378e-02 | 24 -0.03498 -8.03727e-02
 25 -0.10989 -5.74743e-02 | 26  0.02714 -3.39679e-01 | 27 -0.00668 -5.22622e-01
 28 -0.00796 -2.50305e-01 | 29  0.06086 -5.26650e-01 | 30 -0.00747 -7.36675e-01
 31  0.06689 -1.67881e-01 | 32 -0.02770  2.39844e-01 | 33  0.05960  9.49655e-02
 34 -0.01165  8.33591e-02 | 35  0.04768 -5.87003e-02 | 36  0.01269 -1.11858e-01
 37 -0.01967 -8.11708e-02 | 38  0.02967 -2.46230e-02 | 39 -0.00044  8.99710e-02
 40  0.24855 -1.53103e-02 | 41  0.26038 -8.40252e-01 | 42  0.27650 -3.24816e-02
 43  0.27947 -2.23919e-01 | 44 -0.27242  5.92776e+00 | 45 -0.02428 -2.06723e+00
 46 -0.30908  3.84735e+03 | 47 -0.48680 -3.06897e+03 | 48 -0.12386 -7.06799e-01
 49 -0.23724  7.85252e-01 |

Function minimizer: Step size too small -- ialph=1

 - final statistics:
49 variables; iteration 257; function evaluation 421
Function value 1.0950e+02; maximum gradient component mag -1.3662e-01
Exit code = 3;  converg criter 1.0000e-04
Var    Value     Gradient |Var    Value     Gradient |Var    Value     Gradient
  1  0.04115  9.89936e-05 |  2 -0.07907 -1.05946e-07 |  3 -0.11506 -1.21809e-07
  4 -0.01093 -1.33951e-06 |  5 -0.02963 -3.60138e-06 |  6  0.02693 -4.01412e-06
  7 -0.05148 -2.24784e-06 |  8 -0.08603 -2.50071e-06 |  9 -0.03710 -2.44883e-06
 10 -0.05725 -1.91258e-06 | 11  0.04480 -1.71268e-06 | 12  0.02062 -1.71561e-06
 13  0.06051 -1.26003e-06 | 14 -0.00304 -1.05341e-06 | 15 -0.01097 -2.80468e-07
 16  0.06472  9.34139e-07 | 17  0.01400  3.11331e-06 | 18 -0.04204  1.69381e-06
 19 -0.00064  2.42902e-06 | 20 -0.01349  1.97873e-06 | 21  0.05712  7.59751e-07
 22  0.03212  1.30582e-06 | 23 -0.06770  5.62553e-07 | 24 -0.03499  2.57846e-06
 25 -0.10989  2.20287e-06 | 26  0.02715  6.56479e-06 | 27 -0.00666  7.63087e-06
 28 -0.00798  1.74728e-06 | 29  0.06086  2.85502e-06 | 30 -0.00746  2.18259e-09
 31  0.06688  1.39489e-06 | 32 -0.02772 -2.80412e-06 | 33  0.05957  2.46639e-06
 34 -0.01166 -1.61778e-06 | 35  0.04768 -3.29493e-06 | 36  0.01269 -5.29122e-06
 37 -0.01967 -1.60801e-06 | 38  0.02968  1.75843e-07 | 39 -0.00041 -2.84845e-06
 40  0.24855  2.79222e-06 | 41  0.26039  5.26899e-06 | 42  0.27650  2.28645e-06
 43  0.27951  1.59179e-06 | 44 -0.27900 -9.77701e-06 | 45 -0.04300  3.37404e-06
 46 -0.30908 -1.36624e-01 | 47 -0.48680  1.04636e-01 | 48 -0.12375  6.13687e-06
 49 -0.23721 -7.75617e-06 |
Estimating row 1 out of 49 for hessian
Estimating row 2 out of 49 for hessian
Estimating row 3 out of 49 for hessian
Estimating row 4 out of 49 for hessian
Estimating row 5 out of 49 for hessian
Estimating row 6 out of 49 for hessian
Estimating row 7 out of 49 for hessian
Estimating row 8 out of 49 for hessian
Estimating row 9 out of 49 for hessian
Estimating row 10 out of 49 for hessian
Estimating row 11 out of 49 for hessian
Estimating row 12 out of 49 for hessian
Estimating row 13 out of 49 for hessian
Estimating row 14 out of 49 for hessian
Estimating row 15 out of 49 for hessian
Estimating row 16 out of 49 for hessian
Estimating row 17 out of 49 for hessian
Estimating row 18 out of 49 for hessian
Estimating row 19 out of 49 for hessian
Estimating row 20 out of 49 for hessian
Estimating row 21 out of 49 for hessian
Estimating row 22 out of 49 for hessian
Estimating row 23 out of 49 for hessian
Estimating row 24 out of 49 for hessian
Estimating row 25 out of 49 for hessian
Estimating row 26 out of 49 for hessian
Estimating row 27 out of 49 for hessian
Estimating row 28 out of 49 for hessian
Estimating row 29 out of 49 for hessian
Estimating row 30 out of 49 for hessian
Estimating row 31 out of 49 for hessian
Estimating row 32 out of 49 for hessian
Estimating row 33 out of 49 for hessian
Estimating row 34 out of 49 for hessian
Estimating row 35 out of 49 for hessian
Estimating row 36 out of 49 for hessian
Estimating row 37 out of 49 for hessian
Estimating row 38 out of 49 for hessian
Estimating row 39 out of 49 for hessian
Estimating row 40 out of 49 for hessian
Estimating row 41 out of 49 for hessian
Estimating row 42 out of 49 for hessian
Estimating row 43 out of 49 for hessian
Estimating row 44 out of 49 for hessian
Estimating row 45 out of 49 for hessian
Estimating row 46 out of 49 for hessian
Estimating row 47 out of 49 for hessian
Estimating row 48 out of 49 for hessian
Estimating row 49 out of 49 for hessian
size of file gradfil1.tmp = 0
size of file gradfil2.tmp = 0
size of file varssave.tmp = 0
size of file cmpdiff.tmp = 0
