
Initial statistics: 2 variables; iteration 0; function evaluation 0; phase 1
Function value 4.4223830e+03; maximum gradient component mag 2.5362e+04
Var    Value     Gradient |Var    Value     Gradient |Var    Value     Gradient
  1  0.33333  2.53618e+04 |  2  0.21635  8.35089e+03 |

 - final statistics:
2 variables; iteration 8; function evaluation 16
Function value 4.8070e+02; maximum gradient component mag -2.6917e+00
Exit code = 1;  converg criter 1.0000e+01
Var    Value     Gradient |Var    Value     Gradient |Var    Value     Gradient
  1  0.07086 -2.69170e+00 |  2  0.20421 -1.57958e+00 |

Initial statistics: 42 variables; iteration 0; function evaluation 0; phase 2
Function value 4.8069607e+02; maximum gradient component mag -2.5902e+03
Var    Value     Gradient |Var    Value     Gradient |Var    Value     Gradient
  1  0.07086 -2.69170e+00 |  2  0.00000  1.18601e+01 |  3  0.00000  2.68071e+01
  4  0.00000 -6.81395e+01 |  5  0.00000  2.64335e+01 |  6  0.00000 -4.58517e+01
  7  0.00000 -1.80547e+01 |  8  0.00000  3.39596e+01 |  9  0.00000  4.45901e+00
 10  0.00000  1.10035e+01 | 11  0.00000 -4.49807e+01 | 12  0.00000  3.03045e+00
 13  0.00000 -3.43033e+01 | 14  0.00000 -9.63024e+00 | 15  0.00000  8.28253e-01
 16  0.00000 -5.19600e+01 | 17  0.00000 -2.86543e-01 | 18  0.00000  6.82332e+01
 19  0.00000  9.34128e+00 | 20  0.00000  3.24608e+01 | 21  0.00000 -1.02154e+02
 22  0.00000 -1.03514e+02 | 23  0.00000  8.21360e+01 | 24  0.00000  2.35308e+01
 25  0.00000  2.14425e+02 | 26  0.00000  7.83365e+01 | 27  0.00000  2.45784e+01
 28  0.00000  3.45829e+01 | 29  0.00000 -2.58518e+02 | 30  0.00000  3.45537e+02
 31  0.00000 -6.48649e+02 | 32  0.00000  4.23180e+02 | 33  0.00000 -7.43090e+02
 34  0.00000  3.41501e+02 | 35  0.00000  3.03436e+02 | 36  0.21635  2.49384e+01
 37  0.21635  2.51207e+03 | 38  0.21635 -4.26487e+02 | 39  0.20421 -1.57958e+00
 40 -0.30909 -2.09065e+03 | 41  0.12819  1.02495e+01 | 42 -0.30909 -2.59017e+03

Intermediate statistics: 42 variables; iteration 20; function evaluation 34; phase 2
Function value 1.8632477e+02; maximum gradient component mag -1.3658e+03
Var    Value     Gradient |Var    Value     Gradient |Var    Value     Gradient
  1  0.03034 -1.16357e+03 |  2 -0.06171  2.04792e+00 |  3 -0.09354  3.90466e+00
  4  0.00671  6.88382e+00 |  5 -0.03527  1.80470e+01 |  6  0.00571  2.16982e+01
  7 -0.03734  2.15902e+01 |  8 -0.08193  2.01444e+01 |  9 -0.05208  2.07705e+01
 10 -0.05023  1.47106e+01 | 11  0.02309  1.04642e+01 | 12  0.01037  7.78821e+00
 13  0.05304  1.35541e+01 | 14  0.01411  1.42886e+01 | 15 -0.00080  1.72902e+01
 16  0.05868  1.17203e+01 | 17  0.02258  7.56240e+00 | 18 -0.03247  4.57237e+00
 19  0.01987  6.59348e+00 | 20 -0.02862  2.04073e+01 | 21  0.08224 -1.14503e+01
 22  0.06550  1.11735e+01 | 23 -0.04640  9.38793e+00 | 24 -0.00875  3.29274e+00
 25 -0.10675 -2.44798e+00 | 26 -0.02154  1.95029e+01 | 27 -0.03354 -3.07657e+01
 28 -0.00524 -9.90683e+01 | 29  0.03803 -3.06269e+02 | 30 -0.00625 -4.77747e+01
 31  0.07242  7.41293e+01 | 32 -0.01344  1.45178e+01 | 33  0.08379  5.38532e+01
 34 -0.00072 -4.92483e+01 | 35  0.00843 -8.93024e+00 | 36  0.23437 -4.61237e+02
 37  0.20934 -1.36583e+03 | 38  0.26335  4.73260e+02 | 39  0.23499 -9.07878e+01
 40 -0.23156  2.21011e+02 | 41  0.11747 -4.94064e+01 | 42 -0.26571 -5.84507e+02
42 variables; iteration 40; function evaluation 59; phase 2
Function value 1.7329108e+02; maximum gradient component mag -4.4304e+02
Var    Value     Gradient |Var    Value     Gradient |Var    Value     Gradient
  1  0.02730 -4.43036e+02 |  2 -0.04010  7.88950e+00 |  3 -0.07169  1.22144e+01
  4 -0.00063 -5.42152e+00 |  5 -0.03424  8.83780e+00 |  6  0.00256  1.00263e+01
  7 -0.05748 -2.93082e+00 |  8 -0.11167 -6.81329e+00 |  9 -0.07028  1.36840e+00
 10 -0.06299  1.01168e+01 | 11  0.02609  8.43023e+00 | 12  0.01574  2.23197e+00
 13  0.05586  2.18033e+00 | 14  0.01299  1.73209e+00 | 15 -0.00223  8.85402e+00
 16  0.06129  4.95516e+00 | 17  0.02385 -3.25490e+00 | 18 -0.03024 -2.01346e-01
 19  0.02353  9.65824e+00 | 20 -0.02137  4.79694e+00 | 21  0.08411  6.66442e+00
 22  0.07328  1.91132e+01 | 23 -0.04915 -3.67942e+00 | 24 -0.00577  9.71817e+00
 25 -0.10858 -7.89867e+00 | 26 -0.01495  5.48237e+00 | 27 -0.02439 -7.75804e+00
 28  0.00343 -2.67583e+01 | 29  0.04414 -9.70624e+01 | 30 -0.00623 -5.52470e+01
 31  0.07017  8.07877e+01 | 32 -0.01155 -2.92893e+01 | 33  0.07770  6.10441e+01
 34  0.00598 -2.76549e+01 | 35  0.02968  4.52732e+00 | 36  0.23710 -1.90567e+02
 37  0.21728 -3.48518e+02 | 38  0.25618 -1.56362e+01 | 39  0.24010 -2.20633e+01
 40 -0.23682  9.97433e+01 | 41  0.09653 -1.74541e+01 | 42 -0.25914 -1.56382e+02

 - final statistics:
42 variables; iteration 56; function evaluation 81
Function value 1.6992e+02; maximum gradient component mag -5.9708e+00
Exit code = 1;  converg criter 1.0000e+01
Var    Value     Gradient |Var    Value     Gradient |Var    Value     Gradient
  1  0.02673 -5.97076e+00 |  2 -0.06701 -2.41842e-02 |  3 -0.10087 -1.37340e-02
  4  0.00576 -5.56020e-02 |  5 -0.03158  9.48974e-02 |  6  0.00715  1.97965e-02
  7 -0.04155  4.63154e-02 |  8 -0.08798  3.79427e-05 |  9 -0.05536 -5.52875e-02
 10 -0.04945  1.49013e-01 | 11  0.03266  9.94416e-02 | 12  0.02201  8.71940e-02
 13  0.05622  6.18280e-02 | 14  0.01085  6.62181e-02 | 15 -0.00675  7.46521e-02
 16  0.05762  5.93318e-02 | 17  0.02531  4.73151e-02 | 18 -0.03096  4.87435e-02
 19  0.01570  4.49379e-02 | 20 -0.02607  3.06460e-02 | 21  0.07509  1.09695e-01
 22  0.06027  5.85806e-02 | 23 -0.05063  3.79760e-02 | 24 -0.01451  6.44268e-02
 25 -0.10543  5.66536e-02 | 26 -0.01861 -8.85509e-03 | 27 -0.02285  7.19014e-02
 28  0.00080 -5.73684e-02 | 29  0.04110 -4.00992e-01 | 30 -0.00662 -3.88009e-01
 31  0.05864 -3.80756e-01 | 32 -0.01104  5.43794e-04 | 33  0.05977  1.56050e-02
 34  0.00237  1.15275e-01 | 35  0.03349  1.23091e-01 | 36  0.24031 -3.28618e-01
 37  0.22189  9.41114e-01 | 38  0.25957 -1.20988e+00 | 39  0.24575 -6.89849e-01
 40 -0.27027 -2.22501e+00 | 41 -0.00831  8.65541e-01 | 42 -0.25326 -1.61132e+00

Initial statistics: 45 variables; iteration 0; function evaluation 0; phase 3
Function value 1.6992291e+02; maximum gradient component mag -1.4783e+03
Var    Value     Gradient |Var    Value     Gradient |Var    Value     Gradient
  1  0.02673 -5.97076e+00 |  2 -0.06701 -2.41842e-02 |  3 -0.10087 -1.37340e-02
  4  0.00576 -5.56020e-02 |  5 -0.03158  8.54290e-02 |  6  0.00715  1.03171e-02
  7 -0.04155  3.68555e-02 |  8 -0.08798 -9.35176e-03 |  9 -0.05536 -6.47317e-02
 10 -0.04945  1.39562e-01 | 11  0.03266  8.99739e-02 | 12  0.02201  7.77196e-02
 13  0.05622  5.23848e-02 | 14  0.01085  5.67394e-02 | 15 -0.00675  6.51725e-02
 16  0.05762  4.98905e-02 | 17  0.02531  3.78425e-02 | 18 -0.03096  3.92746e-02
 19  0.01570  3.54607e-02 | 20 -0.02607  2.11739e-02 | 21  0.07509  1.00281e-01
 22  0.06027  4.91429e-02 | 23 -0.05063  2.85259e-02 | 24 -0.01451  5.49491e-02
 25 -0.10543  4.73032e-02 | 26 -0.01861 -1.83311e-02 | 27 -0.02285  6.24274e-02
 28  0.00080 -6.68485e-02 | 29  0.04110 -4.10452e-01 | 30 -0.00662 -3.97489e-01
 31  0.05864 -3.90196e-01 | 32 -0.01104 -8.93487e-03 | 33  0.05977  6.16667e-03
 34  0.00237  1.05795e-01 | 35  0.03349  1.13624e-01 | 36  0.24031 -3.28618e-01
 37  0.22189  9.41114e-01 | 38  0.25957 -1.20988e+00 | 39  0.24575 -6.89849e-01
 40 -0.27027 -2.22501e+00 | 41 -0.00831  8.65541e-01 | 42 -0.30909 -1.47825e+03
 43 -0.43452  1.56796e-03 | 44 -0.25326 -1.61132e+00 | 45 -0.36199 -1.93676e+01

Intermediate statistics: 45 variables; iteration 20; function evaluation 29; phase 3
Function value 1.2240922e+02; maximum gradient component mag 8.2078e+02
Var    Value     Gradient |Var    Value     Gradient |Var    Value     Gradient
  1  0.02429 -5.13951e+02 |  2 -0.06674  3.02094e-01 |  3 -0.10045  5.68141e-01
  4  0.00642  2.86031e+00 |  5 -0.02318  1.53933e+01 |  6  0.01253  6.42311e+00
  7 -0.02637  1.64324e+01 |  8 -0.07129  1.11687e+01 |  9 -0.03922  9.65358e+00
 10 -0.02941  7.44042e+00 | 11  0.05257  1.47396e+01 | 12  0.04281  2.58826e+01
 13  0.07950  6.31827e+01 | 14  0.01036  2.21257e+01 | 15 -0.00003  1.23413e+01
 16  0.05382  8.01673e+00 | 17  0.02007  7.79958e+00 | 18 -0.04756  1.08907e+01
 19 -0.02106  3.15672e+01 | 20 -0.02093  2.84093e+01 | 21  0.02951  2.82076e+01
 22  0.03507  1.85231e+01 | 23 -0.04490  1.92083e+01 | 24 -0.04540  1.19895e+01
 25 -0.12027  8.40637e+00 | 26 -0.01279 -3.91630e+01 | 27 -0.03057  5.21219e+00
 28 -0.02070  5.44837e+00 | 29  0.04509 -1.40359e+02 | 30 -0.01532 -2.21697e+02
 31  0.04867 -1.27434e+02 | 32 -0.01628  5.82210e+01 | 33  0.05969  6.77414e+00
 34  0.01950  3.49710e+01 | 35  0.07512  1.39068e+01 | 36  0.24535 -1.14306e+02
 37  0.26350  8.20779e+02 | 38  0.26224 -2.78208e+02 | 39  0.24904 -4.16710e+02
 40 -0.26767  2.86320e+02 | 41 -0.00770 -9.74428e+01 | 42 -0.24186 -6.27031e+01
 43 -0.41375  5.52855e+01 | 44 -0.20616 -2.86978e+01 | 45 -0.30139 -4.76984e+01
45 variables; iteration 40; function evaluation 58; phase 3
Function value 1.1477903e+02; maximum gradient component mag -1.2267e+03
Var    Value     Gradient |Var    Value     Gradient |Var    Value     Gradient
  1  0.02418 -1.22667e+03 |  2 -0.06185  1.08774e+00 |  3 -0.09657  1.02996e+00
  4  0.00719 -1.42918e+00 |  5 -0.02453  1.52582e+01 |  6  0.01130  3.83353e+00
  7 -0.02543  2.18850e+01 |  8 -0.06819  1.99396e+01 |  9 -0.03877  1.68114e+01
 10 -0.03351  1.22205e+01 | 11  0.04321  1.36409e+01 | 12  0.03160  1.90255e+01
 13  0.06461  3.00436e+01 | 14  0.01337  2.21647e+01 | 15  0.00167  2.12807e+01
 16  0.05763  1.68240e+01 | 17  0.02472  1.55700e+01 | 18 -0.04380  6.49421e+00
 19 -0.02347 -1.97332e+01 | 20 -0.02394  6.44424e+00 | 21  0.02920 -2.29832e+01
 22  0.03848 -3.10525e+00 | 23 -0.04641  1.02108e+01 | 24 -0.03852 -2.40084e+00
 25 -0.11420  7.35845e+00 | 26 -0.00904 -4.44745e+00 | 27 -0.02807  7.20477e+00
 28 -0.01977 -8.32270e+00 | 29  0.04999 -1.16230e+02 | 30 -0.00717 -8.20526e+01
 31  0.05470 -9.08298e+01 | 32 -0.02111  2.12743e+01 | 33  0.06819 -1.44410e+01
 34  0.01739  2.08130e+01 | 35  0.05862  1.76782e+01 | 36  0.24428 -1.62036e+02
 37  0.25430 -1.91149e+02 | 38  0.26463 -8.40730e+01 | 39  0.25041 -1.47546e+02
 40 -0.27776  3.50957e+01 | 41 -0.03437 -1.16611e+01 | 42 -0.25165  7.60560e+01
 43 -0.42230 -6.89858e+01 | 44 -0.20188 -2.08252e+02 | 45 -0.28056  8.04504e+01
  ic > imax  in fminim is answer attained ?
Var    Value     Gradient |Var    Value     Gradient |Var    Value     Gradient
  1  0.02521  2.78829e+01 |  2 -0.06894 -6.45926e-01 |  3 -0.09919  2.87695e-01
  4  0.00651 -1.22764e+00 |  5 -0.02053  9.66645e+00 |  6  0.01503  3.61383e+00
  7 -0.03124 -4.16478e+00 |  8 -0.07108  2.54161e-01 |  9 -0.03626  2.06403e-01
 10 -0.02278  3.14974e+00 | 11  0.05124  3.26929e+00 | 12  0.03470  5.50117e+00
 13  0.06108  1.04691e+01 | 14  0.00772  2.60591e-01 | 15 -0.00449  1.75824e+00
 16  0.05624  2.41877e+00 | 17  0.02125 -9.00253e-01 | 18 -0.04230  3.59985e+00
 19 -0.01773  1.79790e+00 | 20 -0.02688  3.30607e+00 | 21  0.03791  5.70291e+00
 22  0.04142  6.30749e+00 | 23 -0.04917  5.84966e-01 | 24 -0.03505  1.71319e+00
 25 -0.11654 -3.56758e+00 | 26 -0.00989 -3.87338e+00 | 27 -0.03021  1.55149e-01
 28 -0.02590 -1.12419e+01 | 29  0.05340 -3.88158e+01 | 30 -0.00475  7.42804e+00
 31  0.05832 -1.34077e+00 | 32 -0.02704  1.27899e+01 | 33  0.06886 -3.19892e+01
 34  0.01403  1.97064e+00 | 35  0.05067  2.40212e+01 | 36  0.24399 -4.27298e+01
 37  0.25424  9.74807e+01 | 38  0.26498  1.37778e+01 | 39  0.25556  2.89766e+01
 40 -0.30905 -9.57945e+03 | 41 -0.12806  3.17303e+03 | 42 -0.25155 -4.12266e+01
 43 -0.41995  3.62395e+01 | 44 -0.17303 -2.58858e+02 | 45 -0.23660  1.61573e+02
Function minimizer not making progress ... is minimum attained?
Minimprove criterion = 0.0000e+00

 - final statistics:
45 variables; iteration 54; function evaluation 129
Function value 1.1127e+02; maximum gradient component mag -9.5794e+03
Exit code = 1;  converg criter 1.0000e-04
Var    Value     Gradient |Var    Value     Gradient |Var    Value     Gradient
  1  0.02521  2.78829e+01 |  2 -0.06894 -6.45926e-01 |  3 -0.09919  2.87695e-01
  4  0.00651 -1.22764e+00 |  5 -0.02053  9.66645e+00 |  6  0.01503  3.61383e+00
  7 -0.03124 -4.16478e+00 |  8 -0.07108  2.54161e-01 |  9 -0.03626  2.06403e-01
 10 -0.02278  3.14974e+00 | 11  0.05124  3.26929e+00 | 12  0.03470  5.50117e+00
 13  0.06108  1.04691e+01 | 14  0.00772  2.60591e-01 | 15 -0.00449  1.75824e+00
 16  0.05624  2.41877e+00 | 17  0.02125 -9.00253e-01 | 18 -0.04230  3.59985e+00
 19 -0.01773  1.79790e+00 | 20 -0.02688  3.30607e+00 | 21  0.03791  5.70291e+00
 22  0.04142  6.30749e+00 | 23 -0.04917  5.84966e-01 | 24 -0.03505  1.71319e+00
 25 -0.11654 -3.56758e+00 | 26 -0.00989 -3.87338e+00 | 27 -0.03021  1.55149e-01
 28 -0.02590 -1.12419e+01 | 29  0.05340 -3.88158e+01 | 30 -0.00475  7.42804e+00
 31  0.05832 -1.34077e+00 | 32 -0.02704  1.27899e+01 | 33  0.06886 -3.19892e+01
 34  0.01403  1.97064e+00 | 35  0.05067  2.40212e+01 | 36  0.24399 -4.27298e+01
 37  0.25424  9.74807e+01 | 38  0.26498  1.37778e+01 | 39  0.25556  2.89766e+01
 40 -0.30905 -9.57945e+03 | 41 -0.12806  3.17303e+03 | 42 -0.25155 -4.12266e+01
 43 -0.41995  3.62395e+01 | 44 -0.17303 -2.58858e+02 | 45 -0.23660  1.61573e+02
Estimating row 1 out of 45 for hessian
Estimating row 2 out of 45 for hessian
Estimating row 3 out of 45 for hessian
Estimating row 4 out of 45 for hessian
Estimating row 5 out of 45 for hessian
Estimating row 6 out of 45 for hessian
Estimating row 7 out of 45 for hessian
Estimating row 8 out of 45 for hessian
Estimating row 9 out of 45 for hessian
Estimating row 10 out of 45 for hessian
Estimating row 11 out of 45 for hessian
Estimating row 12 out of 45 for hessian
Estimating row 13 out of 45 for hessian
Estimating row 14 out of 45 for hessian
Estimating row 15 out of 45 for hessian
Estimating row 16 out of 45 for hessian
Estimating row 17 out of 45 for hessian
Estimating row 18 out of 45 for hessian
Estimating row 19 out of 45 for hessian
Estimating row 20 out of 45 for hessian
Estimating row 21 out of 45 for hessian
Estimating row 22 out of 45 for hessian
Estimating row 23 out of 45 for hessian
Estimating row 24 out of 45 for hessian
Estimating row 25 out of 45 for hessian
Estimating row 26 out of 45 for hessian
Estimating row 27 out of 45 for hessian
Estimating row 28 out of 45 for hessian
Estimating row 29 out of 45 for hessian
Estimating row 30 out of 45 for hessian
Estimating row 31 out of 45 for hessian
Estimating row 32 out of 45 for hessian
Estimating row 33 out of 45 for hessian
Estimating row 34 out of 45 for hessian
Estimating row 35 out of 45 for hessian
Estimating row 36 out of 45 for hessian
Estimating row 37 out of 45 for hessian
Estimating row 38 out of 45 for hessian
Estimating row 39 out of 45 for hessian
Estimating row 40 out of 45 for hessian
Estimating row 41 out of 45 for hessian
Estimating row 42 out of 45 for hessian
Estimating row 43 out of 45 for hessian
Estimating row 44 out of 45 for hessian
Estimating row 45 out of 45 for hessian
Warning -- Hessian does not appear to be positive definite
Hessian does not appear to be positive definite.
size of file gradfil1.tmp = 0
size of file gradfil2.tmp = 0
size of file varssave.tmp = 0
size of file cmpdiff.tmp = 0
