
Initial statistics: 33 variables; iteration 0; function evaluation 0; phase 1
Function value 5.7489886e+03; maximum gradient component mag 3.5426e+04
Var    Value     Gradient |Var    Value     Gradient |Var    Value     Gradient
  1  0.33333  3.54258e+04 |  2  0.00000 -6.32809e+02 |  3  0.00000 -6.35094e+02
  4  0.00000 -6.31045e+02 |  5  0.00000 -6.34899e+02 |  6  0.00000 -6.95869e+02
  7  0.00000 -6.07481e+02 |  8  0.00000 -6.10458e+02 |  9  0.00000 -5.68434e+02
 10  0.00000 -4.59458e+02 | 11  0.00000 -2.96525e+02 | 12  0.00000 -3.80336e+02
 13  0.00000 -1.34829e+02 | 14  0.00000 -1.20164e+02 | 15  0.00000 -6.59748e+01
 16  0.00000 -5.91422e+01 | 17  0.00000  3.75961e+02 | 18  0.00000 -3.22164e+01
 19  0.00000 -1.68933e+02 | 20  0.00000  4.26768e+02 | 21  0.00000 -8.09265e+01
 22  0.00000  2.55940e+02 | 23  0.00000 -1.46070e+02 | 24  0.00000 -1.46588e+02
 25  0.00000  4.46197e+02 | 26  0.00000  6.32129e+02 | 27  0.00000  1.38530e+03
 28  0.00000  8.43925e+02 | 29  0.00000  9.92400e+02 | 30  0.00000  5.86408e+02
 31  0.00000  9.13295e+02 | 32  0.00000  4.79754e+02 | 33  0.00000 -2.30819e+02

Intermediate statistics: 33 variables; iteration 20; function evaluation 31; phase 1
Function value 1.5584410e+03; maximum gradient component mag 1.1119e+04
Var    Value     Gradient |Var    Value     Gradient |Var    Value     Gradient
  1  0.07429  1.11188e+04 |  2  0.09441  9.08199e+02 |  3  0.12201  9.48640e+02
  4 -0.18229  7.97094e+02 |  5 -0.33932  6.60756e+02 |  6 -0.04799  9.50758e+02
  7 -1.48743 -4.81657e+02 |  8 -0.07076  8.49191e+02 |  9 -0.22382  7.35527e+02
 10 -0.10302  6.24738e+02 | 11  0.03322  7.90931e+02 | 12 -0.04072  8.69060e+02
 13  0.04584  8.87210e+02 | 14  0.07784  9.69593e+02 | 15  0.13275  1.13121e+03
 16 -0.02393  7.95122e+02 | 17  0.28157  1.67524e+03 | 18  0.18950  9.39867e+02
 19  0.07544  6.73119e+02 | 20  0.10466  1.23051e+03 | 21  0.17271  1.23796e+03
 22 -0.11464  7.71997e+02 | 23  0.16459  1.21546e+03 | 24 -0.13440  7.93309e+02
 25  0.15227  1.24738e+03 | 26  0.18744  1.23559e+03 | 27  0.16902  1.74428e+03
 28  0.25953  1.82677e+03 | 29  0.15699  1.43376e+03 | 30  0.11009  1.04484e+03
 31  0.05458  9.85458e+02 | 32  0.22659  1.51416e+03 | 33 -0.18050  5.77239e+02
33 variables; iteration 40; function evaluation 60; phase 1
Function value 3.8240001e+02; maximum gradient component mag -2.2416e+02
Var    Value     Gradient |Var    Value     Gradient |Var    Value     Gradient
  1  0.04603 -2.24164e+02 |  2  0.05871  4.65034e+01 |  3  0.05638  5.29967e+01
  4 -0.03332  2.86310e+01 |  5 -0.04253  4.44367e+01 |  6 -0.04487  5.83712e+01
  7 -1.25368  7.80160e+01 |  8  0.00366  5.53819e+01 |  9 -0.07937 -1.50915e+01
 10 -0.06625 -4.61173e+01 | 11  0.07156 -2.37257e+01 | 12 -0.09370 -1.42219e+01
 13  0.08187  1.54049e+01 | 14  0.04964  1.96756e+01 | 15 -0.01659  2.01692e+01
 16  0.07050  6.99830e+01 | 17 -0.03525  2.41946e+00 | 18  0.11016  3.29464e+01
 19  0.16485  5.99809e+01 | 20 -0.04930 -8.20333e+00 | 21  0.07971  5.44372e+01
 22 -0.07145  4.12234e+01 | 23 -0.08828  1.53983e+00 | 24  0.00707  5.53144e+01
 25  0.03433  3.73653e+01 | 26  0.11872  7.01584e+01 | 27 -0.10134 -4.14315e+00
 28  0.08597 -5.23403e+01 | 29 -0.00256  3.92013e+01 | 30  0.06985  7.15128e+01
 31  0.00181 -6.28880e+01 | 32  0.12041  5.47060e+00 | 33  0.14611  1.16212e+02
33 variables; iteration 60; function evaluation 80; phase 1
Function value 2.9021998e+02; maximum gradient component mag -1.4222e+01
Var    Value     Gradient |Var    Value     Gradient |Var    Value     Gradient
  1  0.06467 -1.42218e+01 |  2 -0.00927  9.81443e-01 |  3 -0.00130  2.53682e+00
  4 -0.02214 -3.97591e+00 |  5  0.01491 -1.31397e+00 |  6  0.07004 -2.85640e+00
  7 -1.98031 -9.20349e-02 |  8 -0.02032 -1.70205e+00 |  9 -0.00339 -4.21659e+00
 10  0.03584 -5.43725e+00 | 11  0.02783 -1.98618e+00 | 12 -0.01592 -2.02842e+00
 13  0.03432 -9.15016e-01 | 14  0.01280 -1.46257e+00 | 15 -0.04664  8.44276e-02
 16  0.00597 -1.94975e+00 | 17 -0.04959  6.54063e-01 | 18  0.07089 -3.02864e+00
 19  0.11834 -3.22936e+00 | 20 -0.06550  1.70130e+00 | 21  0.03085 -6.81643e-01
 22 -0.12152 -1.65294e+00 | 23 -0.09876 -3.69855e-01 | 24 -0.06036 -2.48446e+00
 25 -0.00463 -8.44585e-01 | 26  0.07415 -1.65609e+00 | 27 -0.12453  8.32326e-01
 28  0.06145 -1.07691e-01 | 29 -0.04581  4.89425e-01 | 30  0.01944 -3.11708e+00
 31  0.00096  1.22074e-01 | 32  0.07917 -7.79819e-01 | 33  0.05065 -1.40745e+00

 - final statistics:
33 variables; iteration 61; function evaluation 81
Function value 2.9018e+02; maximum gradient component mag -8.4792e+00
Exit code = 1;  converg criter 1.0000e+01
Var    Value     Gradient |Var    Value     Gradient |Var    Value     Gradient
  1  0.06492 -8.47921e+00 |  2 -0.01125  1.18645e-01 |  3 -0.00364  1.28750e+00
  4 -0.01658 -2.31584e+00 |  5  0.01760 -6.44598e-01 |  6  0.07124 -2.99630e+00
  7 -1.98096  5.34327e-01 |  8 -0.01875 -1.44097e+00 |  9 -0.00214 -4.01479e+00
 10  0.03764 -4.48189e+00 | 11  0.02657 -2.25919e+00 | 12 -0.01450 -1.47200e+00
 13  0.03344 -1.29465e+00 | 14  0.01224 -1.77832e+00 | 15 -0.04736 -3.65851e-01
 16  0.00542 -2.11303e+00 | 17 -0.04965  1.13798e+00 | 18  0.07052 -2.88843e+00
 19  0.11806 -2.42085e+00 | 20 -0.06670  9.26237e-02 | 21  0.03038 -1.07840e+00
 22 -0.12159 -1.26323e+00 | 23 -0.09986 -1.28516e+00 | 24 -0.06035 -2.34892e+00
 25 -0.00527 -1.39680e+00 | 26  0.07362 -2.03542e+00 | 27 -0.12449  1.62418e+00
 28  0.06109  5.39239e-01 | 29 -0.04740 -2.81764e+00 | 30  0.01894 -3.42660e+00
 31  0.00129  1.84843e+00 | 32  0.07814 -2.49120e+00 | 33  0.05046 -1.08545e+00

Initial statistics: 38 variables; iteration 0; function evaluation 0; phase 2
Function value 2.9018323e+02; maximum gradient component mag 1.7508e+03
Var    Value     Gradient |Var    Value     Gradient |Var    Value     Gradient
  1  0.06492 -8.47921e+00 |  2 -0.01121  1.48574e+00 |  3 -0.00360  2.65479e+00
  4 -0.01655 -9.48992e-01 |  5  0.01763  7.22190e-01 |  6  0.07127 -1.63753e+00
  7 -0.01901  8.32375e-01 |  8 -0.01872 -7.42494e-02 |  9 -0.00210 -2.64748e+00
 10  0.03767 -3.11695e+00 | 11  0.02660 -8.93063e-01 | 12 -0.01447 -1.05038e-01
 13  0.03348  7.07731e-02 | 14  0.01228 -4.11266e-01 | 15 -0.04732  9.97684e-01
 16  0.00546 -7.45772e-01 | 17 -0.04961  2.50114e+00 | 18  0.07056 -1.52949e+00
 19  0.11809 -1.07697e+00 | 20 -0.06666  1.45245e+00 | 21  0.03042  2.87358e-01
 22 -0.12156  7.92212e-02 | 23 -0.09982  6.53699e-02 | 24 -0.06031 -9.87754e-01
 25 -0.00523 -2.95309e-02 | 26  0.07366 -6.77236e-01 | 27 -0.12446  2.96547e+00
 28  0.06113  1.90025e+00 | 29 -0.04736 -1.45413e+00 | 30  0.01898 -2.05989e+00
 31  0.00133  3.21574e+00 | 32  0.07818 -1.13417e+00 | 33  0.05050  2.77564e-01
 34  0.21635 -3.37649e+02 | 35  0.21635  3.38342e+01 | 36  0.21635 -7.96648e+02
 37  0.21635  1.75078e+03 | 38 -0.25133 -1.75603e+01 |

Intermediate statistics: 38 variables; iteration 20; function evaluation 31; phase 2
Function value 2.6392827e+02; maximum gradient component mag -2.8572e+02
Var    Value     Gradient |Var    Value     Gradient |Var    Value     Gradient
  1  0.09498 -2.85723e+02 |  2 -0.02626  3.28267e+00 |  3 -0.02510  1.72524e+00
  4 -0.00924  8.20591e+00 |  5  0.00740  9.93776e-01 |  6  0.07223  5.58749e+00
  7 -0.01532  6.73476e+00 |  8 -0.01706  5.48111e+00 |  9  0.00021  5.61424e+00
 10  0.02661  2.60826e+00 | 11  0.03265  1.23275e+01 | 12 -0.01271  4.81684e+00
 13  0.02701  3.10582e+00 | 14  0.00132 -1.72540e-01 | 15 -0.05685  2.83326e+00
 16 -0.00216  5.54220e+00 | 17 -0.06959  4.53504e+00 | 18  0.07760  8.42384e+00
 19  0.11379  2.32810e+00 | 20 -0.07177  2.25259e+00 | 21  0.02516 -2.35000e+00
 22 -0.12983  7.48567e-01 | 23 -0.13308  4.11333e+00 | 24 -0.09700 -1.41397e+01
 25 -0.00871 -8.49233e+00 | 26  0.07487 -2.55470e+01 | 27 -0.11052  7.57742e-01
 28  0.07697 -1.93045e+01 | 29 -0.02732 -9.72851e-02 | 30  0.04417  3.35688e+00
 31  0.01989 -1.47686e+01 | 32  0.10710 -4.81176e+00 | 33  0.10517  1.17262e+01
 34  0.19996 -9.41802e+01 | 35  0.19602 -2.71778e+02 | 36  0.21323 -6.05087e+01
 37  0.18815  5.76776e+01 | 38  0.17782 -1.49646e+00 |
38 variables; iteration 40; function evaluation 59; phase 2
Function value 2.6210615e+02; maximum gradient component mag -1.0744e+02
Var    Value     Gradient |Var    Value     Gradient |Var    Value     Gradient
  1  0.11307 -9.28110e+01 |  2 -0.02577 -1.11666e+00 |  3 -0.00863  3.66877e+00
  4 -0.02040 -1.18901e+00 |  5  0.01910  3.50595e+00 |  6  0.07058 -1.80745e+00
  7 -0.01169  5.34639e+00 |  8 -0.02258 -1.68854e+00 |  9 -0.00436  3.17222e-01
 10  0.02600 -1.82702e+00 | 11  0.01804 -2.12002e+00 | 12 -0.01269  1.25215e+00
 13  0.02418 -2.03077e+00 | 14 -0.00084 -2.52133e+00 | 15 -0.05993 -2.26112e-02
 16 -0.00871 -2.08898e+00 | 17 -0.07341 -2.04322e+00 | 18  0.07394 -2.00131e+00
 19  0.11185 -3.82090e+00 | 20 -0.07184 -5.60154e-01 | 21  0.02379 -9.85397e-01
 22 -0.13023  6.59231e-01 | 23 -0.14090 -7.35393e-01 | 24 -0.07346  3.04633e+00
 25 -0.00857 -7.49420e-01 | 26  0.07589 -3.00421e-01 | 27 -0.11112 -2.46558e+00
 28  0.07822 -5.04721e+00 | 29 -0.02535 -1.19063e+00 | 30  0.04601  1.81031e+00
 31  0.02816  2.75964e+00 | 32  0.10987  1.92350e-01 | 33  0.10361 -2.17533e-01
 34  0.19082 -1.07443e+02 | 35  0.18849  1.80946e+01 | 36  0.20397 -3.76848e+01
 37  0.17928  5.10466e+00 | 38  0.45102 -5.04984e-01 |

 - final statistics:
38 variables; iteration 45; function evaluation 66
Function value 2.6154e+02; maximum gradient component mag 5.5350e+00
Exit code = 1;  converg criter 1.0000e+01
Var    Value     Gradient |Var    Value     Gradient |Var    Value     Gradient
  1  0.14231  1.47782e-01 |  2 -0.02080  2.78705e-02 |  3 -0.01542 -4.51756e-02
  4 -0.01493  1.01323e-01 |  5  0.01390 -7.55142e-02 |  6  0.07156  7.74043e-02
  7 -0.01583 -1.12709e-01 |  8 -0.01811  1.27352e-01 |  9 -0.00486  4.59817e-02
 10  0.02637  7.00575e-02 | 11  0.01860  7.37224e-02 | 12 -0.01433  7.77660e-03
 13  0.02350  5.33958e-02 | 14 -0.00184 -6.98555e-02 | 15 -0.06216 -7.33112e-02
 16 -0.00856 -3.18848e-03 | 17 -0.07293  2.13562e-02 | 18  0.07658  8.66122e-02
 19  0.11361  2.02198e-02 | 20 -0.06932  1.03362e-02 | 21  0.02324 -1.05625e-01
 22 -0.13045 -1.65517e-02 | 23 -0.14345 -4.57987e-02 | 24 -0.08120 -1.27085e-01
 25 -0.01028 -1.75480e-01 | 26  0.07333 -2.60260e-01 | 27 -0.10970  1.49433e-01
 28  0.07855  2.52736e-01 | 29 -0.02280  2.45710e-01 | 30  0.04797  1.05165e-01
 31  0.02860 -7.32702e-02 | 32  0.11214  1.91467e-01 | 33  0.10819  2.15653e-01
 34  0.17680  1.08833e-01 | 35  0.17399 -2.89880e+00 | 36  0.18957 -2.12877e-01
 37  0.16571  5.53503e+00 | 38  0.95819  1.65425e-02 |

Initial statistics: 41 variables; iteration 0; function evaluation 0; phase 3
Function value 2.6153993e+02; maximum gradient component mag 5.9461e+02
Var    Value     Gradient |Var    Value     Gradient |Var    Value     Gradient
  1  0.14231  1.47782e-01 |  2 -0.02080  5.77221e-03 |  3 -0.01542 -6.72792e-02
  4 -0.01493  7.92190e-02 |  5  0.01390 -9.76190e-02 |  6  0.07155  5.54338e-02
  7 -0.01583 -1.34812e-01 |  8 -0.01811  1.05251e-01 |  9 -0.00486  2.38723e-02
 10  0.02637  4.79664e-02 | 11  0.01860  5.16217e-02 | 12 -0.01434 -1.43279e-02
 13  0.02350  3.13008e-02 | 14 -0.00184 -9.19655e-02 | 15 -0.06216 -9.53160e-02
 16 -0.00856 -2.52966e-02 | 17 -0.07293 -6.08963e-04 | 18  0.07658  6.46619e-02
 19  0.11361 -1.53908e-03 | 20 -0.06932 -1.16429e-02 | 21  0.02324 -1.27720e-01
 22 -0.13045 -3.81992e-02 | 23 -0.14345 -6.73498e-02 | 24 -0.08120 -1.49015e-01
 25 -0.01028 -1.97588e-01 | 26  0.07332 -2.82224e-01 | 27 -0.10970  1.27650e-01
 28  0.07855  2.30794e-01 | 29 -0.02280  2.23614e-01 | 30  0.04797  8.31177e-02
 31  0.02860 -9.53580e-02 | 32  0.11214  1.69699e-01 | 33  0.10819  1.93862e-01
 34  0.17680  1.08833e-01 | 35  0.17399 -2.89880e+00 | 36  0.18957 -2.12877e-01
 37  0.16571  5.53503e+00 | 38 -0.30909 -3.92655e+02 | 39 -0.25133  5.56106e+01
 40 -0.25133  5.94607e+02 | 41  0.95819  1.65425e-02 |

Intermediate statistics: 41 variables; iteration 20; function evaluation 37; phase 3
Function value 1.7266686e+02; maximum gradient component mag -1.4728e+03
Var    Value     Gradient |Var    Value     Gradient |Var    Value     Gradient
  1  0.05918 -5.79924e+02 |  2 -0.03710 -8.96311e+00 |  3 -0.03692 -9.82695e+00
  4 -0.05228 -7.58872e+00 |  5 -0.02826  1.21278e+00 |  6  0.01960 -8.10269e+00
  7 -0.01821 -9.29187e+00 |  8  0.00591 -1.62629e+01 |  9  0.00003 -1.06670e+01
 10  0.02528 -2.18386e+01 | 11  0.02368 -2.99847e+01 | 12 -0.01045 -1.82834e+01
 13  0.02354 -4.67197e+01 | 14  0.00144 -4.61318e+01 | 15 -0.05081 -2.98731e+01
 16 -0.01031 -1.61260e+01 | 17 -0.06501 -4.10440e+01 | 18  0.07487  3.52869e+01
 19  0.10947  6.12672e+01 | 20 -0.06629 -6.26680e+01 | 21  0.02600  8.73241e+01
 22 -0.13521 -6.82801e+01 | 23 -0.10032 -6.73372e+01 | 24 -0.07398 -2.10258e+01
 25 -0.02126 -1.23188e+01 | 26  0.07725 -3.01587e+01 | 27 -0.10181 -1.06459e+02
 28  0.08453  5.22738e+01 | 29 -0.02737 -3.00224e+01 | 30  0.04884 -8.94313e+00
 31  0.03126 -3.70664e+01 | 32  0.11990  3.40535e+01 | 33  0.15097 -4.05388e+01
 34  0.21511 -1.47285e+03 | 35  0.22330  2.55741e+02 | 36  0.22907 -3.35487e+02
 37  0.20575 -2.23049e+01 | 38 -0.16381 -1.04295e+02 | 39 -0.20444  2.31460e+02
 40 -0.35340 -8.72101e+01 | 41  0.95656  5.48765e-02 |
41 variables; iteration 40; function evaluation 66; phase 3
Function value 1.4200552e+02; maximum gradient component mag -1.6760e+03
Var    Value     Gradient |Var    Value     Gradient |Var    Value     Gradient
  1  0.04076 -1.67602e+03 |  2 -0.05312  2.15905e+01 |  3 -0.03163  2.79172e+01
  4 -0.05772  3.77362e+01 |  5 -0.11235  8.00199e+00 |  6 -0.07975  3.40994e+00
  7 -0.07250  2.82069e+01 |  8  0.00514  1.41628e+01 |  9 -0.05582  1.37395e+00
 10  0.03456  6.40895e+00 | 11  0.03264  1.97408e+00 | 12 -0.00052  2.17282e+01
 13  0.04362 -1.38459e+00 | 14  0.00733 -1.27958e+01 | 15 -0.02230  9.74529e+00
 16 -0.01382 -2.46879e+01 | 17 -0.03946  1.42683e+01 | 18  0.06883  1.63540e+01
 19  0.09258  1.70609e+01 | 20 -0.03884  8.46998e+00 | 21  0.00994  3.49159e+01
 22 -0.10103 -2.38741e+00 | 23 -0.06126 -3.88653e+01 | 24 -0.06093 -1.31236e+01
 25 -0.02508 -4.14596e+01 | 26  0.08353 -8.77655e+01 | 27 -0.04283 -4.76973e+01
 28  0.08169 -4.48229e+01 | 29 -0.01755 -1.99049e+01 | 30  0.05324 -7.60703e+00
 31  0.05214 -6.58733e+00 | 32  0.11786 -1.35605e+01 | 33  0.20501  1.82497e+01
 34  0.22726 -7.28776e+02 | 35  0.22408 -1.43268e+03 | 36  0.24070 -2.89296e+02
 37  0.20809 -7.46335e+02 | 38 -0.18683  5.66900e+00 | 39 -0.31061  5.75392e+01
 40 -0.36212 -1.43682e+02 | 41  0.78071  7.26877e-01 |
  ic > imax  in fminim is answer attained ?
Var    Value     Gradient |Var    Value     Gradient |Var    Value     Gradient
  1  0.02795 -8.55389e+02 |  2 -0.05410 -1.95435e+01 |  3 -0.02007 -5.67388e+01
  4 -0.06676  7.00346e+00 |  5 -0.06467  1.15345e+01 |  6 -0.05303 -1.52893e+00
  7 -0.03205  2.05958e+01 |  8  0.07253  1.60621e+01 |  9  0.02140  1.08195e+01
 10  0.04656  4.23633e+00 | 11  0.00811 -4.55857e+00 | 12 -0.02033  7.79872e+00
 13  0.04383 -6.79436e+00 | 14  0.02659  2.63009e+00 | 15 -0.03368  2.25077e+00
 16 -0.01795 -1.02804e+01 | 17 -0.04326  7.77654e+00 | 18  0.03686  5.16609e+00
 19  0.06364 -2.66123e+00 | 20 -0.05360  1.16763e+01 | 21 -0.02831  1.82404e+00
 22 -0.10760  1.56644e+01 | 23 -0.03133 -2.61214e+00 | 24 -0.03230  1.24879e+01
 25 -0.03863 -2.07606e+01 | 26  0.06818 -5.22112e+01 | 27 -0.02233 -1.23429e-01
 28  0.06025 -3.19187e+01 | 29 -0.04505 -1.81503e+01 | 30  0.01723 -5.41066e+00
 31  0.03112  8.03291e+00 | 32  0.08204 -1.37173e+01 | 33  0.18719  2.54810e+01
 34  0.24244 -3.79547e+02 | 35  0.25121 -4.09743e+01 | 36  0.26145 -1.35761e+02
 37  0.21986 -4.70621e+02 | 38 -0.26610 -1.01759e+02 | 39 -0.42378  7.11874e+01
 40 -0.37074  1.45295e+02 | 41 -0.48675 -2.98484e-03 |
Function minimizer not making progress ... is minimum attained?
Minimprove criterion = 0.0000e+00

 - final statistics:
41 variables; iteration 55; function evaluation 124
Function value 1.1538e+02; maximum gradient component mag -8.5539e+02
Exit code = 1;  converg criter 2.0000e-04
Var    Value     Gradient |Var    Value     Gradient |Var    Value     Gradient
  1  0.02795 -8.55389e+02 |  2 -0.05410 -1.95435e+01 |  3 -0.02007 -5.67388e+01
  4 -0.06676  7.00346e+00 |  5 -0.06467  1.15345e+01 |  6 -0.05303 -1.52893e+00
  7 -0.03205  2.05958e+01 |  8  0.07253  1.60621e+01 |  9  0.02140  1.08195e+01
 10  0.04656  4.23633e+00 | 11  0.00811 -4.55857e+00 | 12 -0.02033  7.79872e+00
 13  0.04383 -6.79436e+00 | 14  0.02659  2.63009e+00 | 15 -0.03368  2.25077e+00
 16 -0.01795 -1.02804e+01 | 17 -0.04326  7.77654e+00 | 18  0.03686  5.16609e+00
 19  0.06364 -2.66123e+00 | 20 -0.05360  1.16763e+01 | 21 -0.02831  1.82404e+00
 22 -0.10760  1.56644e+01 | 23 -0.03133 -2.61214e+00 | 24 -0.03230  1.24879e+01
 25 -0.03863 -2.07606e+01 | 26  0.06818 -5.22112e+01 | 27 -0.02233 -1.23429e-01
 28  0.06025 -3.19187e+01 | 29 -0.04505 -1.81503e+01 | 30  0.01723 -5.41066e+00
 31  0.03112  8.03291e+00 | 32  0.08204 -1.37173e+01 | 33  0.18719  2.54810e+01
 34  0.24244 -3.79547e+02 | 35  0.25121 -4.09743e+01 | 36  0.26145 -1.35761e+02
 37  0.21986 -4.70621e+02 | 38 -0.26610 -1.01759e+02 | 39 -0.42378  7.11874e+01
 40 -0.37074  1.45295e+02 | 41 -0.48675 -2.98484e-03 |

Initial statistics: 47 variables; iteration 0; function evaluation 0; phase 4
Function value 1.1537422e+02; maximum gradient component mag -8.1677e+02
Var    Value     Gradient |Var    Value     Gradient |Var    Value     Gradient
  1  0.02795 -8.16774e+02 |  2 -0.05404 -1.55273e+01 |  3 -0.02001 -4.94852e+01
  4 -0.06670  8.95367e+00 |  5 -0.06461  1.32620e+01 |  6 -0.05297  6.92668e-01
  7 -0.03199  2.22365e+01 |  8  0.07259  1.75878e+01 |  9  0.02146  1.25948e+01
 10  0.04662  6.14952e+00 | 11  0.00817 -2.46733e+00 | 12 -0.02027  9.40387e+00
 13  0.04389 -4.88348e+00 | 14  0.02665  5.01156e+00 | 15 -0.03362  4.44233e+00
 16 -0.01789 -7.55628e+00 | 17 -0.04320  8.97447e+00 | 18  0.03692  7.15642e+00
 19  0.06370 -4.09712e-01 | 20 -0.05354  1.32862e+01 | 21 -0.02825  3.97818e+00
 22 -0.10754  1.71606e+01 | 23 -0.03127 -7.19708e-01 | 24 -0.03224  1.40236e+01
 25 -0.03857 -1.82839e+01 | 26  0.06825 -4.83889e+01 | 27 -0.02227  2.25544e+00
 28  0.06031 -2.81366e+01 | 29 -0.04499 -1.52520e+01 | 30  0.01729 -3.00913e+00
 31  0.03118  1.00998e+01 | 32  0.08210 -1.11507e+01 | 33  0.18726  2.68030e+01
 34  0.00000 -2.45941e-07 | 35  0.00000 -5.12816e-07 | 36  0.00000  1.78299e-09
 37  0.00000  0.00000e+00 | 38  0.00000  0.00000e+00 | 39  0.00000  0.00000e+00
 40  0.24244 -3.70208e+02 | 41  0.25121 -3.75280e+01 | 42  0.26145 -1.32191e+02
 43  0.21986 -4.58984e+02 | 44 -0.26610 -9.34368e+01 | 45 -0.42378  6.54086e+01
 46 -0.37074  1.39821e+02 | 47 -0.48675 -3.01361e-03 |

Intermediate statistics: 47 variables; iteration 20; function evaluation 24; phase 4
Function value 1.1330470e+02; maximum gradient component mag -9.9264e+02
Var    Value     Gradient |Var    Value     Gradient |Var    Value     Gradient
  1  0.02353 -9.92639e+02 |  2 -0.03284  5.64742e+00 |  3 -0.00669 -9.82486e+00
  4 -0.06189  1.35585e+01 |  5 -0.07033  1.35803e+01 |  6 -0.05599  1.08902e+01
  7 -0.05370  1.70907e+01 |  8  0.05319  1.17012e+01 |  9  0.01659  8.74288e+00
 10  0.05829 -2.55048e+00 | 11  0.01301  1.31965e-01 | 12 -0.02227  8.99715e+00
 13  0.05080 -6.39997e+00 | 14  0.02772 -8.44689e+00 | 15 -0.03129 -2.04434e+00
 16 -0.01120 -2.28086e+00 | 17 -0.04455 -6.44383e+00 | 18  0.03617  1.16317e+01
 19  0.06454  1.08863e+01 | 20 -0.05556  6.79471e+00 | 21 -0.02871  7.19419e+00
 22 -0.11044  2.67712e+00 | 23 -0.02528 -2.48172e+01 | 24 -0.02506  8.17345e+00
 25 -0.03907 -2.07364e+01 | 26  0.07065 -3.97427e+01 | 27 -0.02059 -1.85553e+01
 28  0.05736 -5.07319e+01 | 29 -0.04344 -1.51960e+01 | 30  0.01673  1.42048e+01
 31  0.02591  1.36962e+01 | 32  0.07792  7.18566e+00 | 33  0.17103  9.43203e+00
 34  0.00000 -1.57788e-07 | 35  0.00000 -3.32764e-07 | 36  0.00000 -2.13273e-10
 37  0.00000  0.00000e+00 | 38  0.00000  0.00000e+00 | 39  0.00000  0.00000e+00
 40  0.24540 -4.63731e+02 | 41  0.25631  1.15780e+01 | 42  0.26694 -9.84342e+01
 43  0.22499 -2.91830e+02 | 44 -0.26864 -9.60789e+00 | 45 -0.42841  6.80817e+00
 46 -0.37495 -2.32187e+01 | 47 -0.48673 -3.01337e-03 |
47 variables; iteration 40; function evaluation 47; phase 4
Function value 1.1239558e+02; maximum gradient component mag -1.7722e+02
Var    Value     Gradient |Var    Value     Gradient |Var    Value     Gradient
  1  0.02342 -1.77215e+02 |  2 -0.03121  1.98266e+00 |  3 -0.00322 -3.69736e-01
  4 -0.06445  4.67458e-01 |  5 -0.07533 -1.46280e+00 |  6 -0.05750 -3.91838e-01
  7 -0.05295  8.03633e+00 |  8  0.05027 -5.72166e-01 |  9  0.02127  3.21163e+00
 10  0.05993  1.79790e+00 | 11  0.01063 -5.76104e+00 | 12 -0.01856  3.02251e+00
 13  0.05062 -2.80727e+00 | 14  0.03341  4.75513e+00 | 15 -0.03473 -6.48386e+00
 16 -0.00966 -1.18210e-01 | 17 -0.04378 -3.08020e+00 | 18  0.03459  4.17306e-01
 19  0.06211 -1.58193e+00 | 20 -0.05211  8.64148e+00 | 21 -0.03110 -3.34469e+00
 22 -0.11032 -3.74540e-01 | 23 -0.02064  1.21629e+00 | 24 -0.02734  6.51529e+00
 25 -0.03523 -6.52512e+00 | 26  0.07054 -8.60728e+00 | 27 -0.01920  1.41122e+00
 28  0.05806 -1.34805e+01 | 29 -0.04231 -2.38326e+00 | 30  0.01436  1.51525e+00
 31  0.02226  2.01115e+00 | 32  0.07544 -5.45354e-01 | 33  0.16729  7.70086e-01
 34 -0.00000 -1.05347e-05 | 35 -0.00000 -2.24865e-05 | 36 -0.00000 -2.02479e-08
 37  0.00000  0.00000e+00 | 38  0.00000  0.00000e+00 | 39  0.00000  0.00000e+00
 40  0.24647 -1.50400e+02 | 41  0.25655  1.90624e+01 | 42  0.26813 -2.90591e+01
 43  0.22672 -6.56282e+01 | 44 -0.29655  5.36307e+01 | 45 -0.46868 -3.73899e+01
 46 -0.37470  5.34230e+00 | 47 -0.48405 -2.98810e-03 |
47 variables; iteration 60; function evaluation 76; phase 4
Function value 1.1220908e+02; maximum gradient component mag 3.1894e+00
Var    Value     Gradient |Var    Value     Gradient |Var    Value     Gradient
  1  0.02358  2.93544e-01 |  2 -0.03222 -4.34028e-03 |  3 -0.00292 -2.84652e-03
  4 -0.06144  3.88447e-03 |  5 -0.07116 -3.60354e-03 |  6 -0.05637 -8.72053e-03
  7 -0.05765 -3.20722e-03 |  8  0.05329  1.20696e-03 |  9  0.01802 -4.48725e-03
 10  0.05856  5.88282e-03 | 11  0.01556  3.20098e-03 | 12 -0.02129 -3.31220e-03
 13  0.05216  1.02900e-03 | 14  0.02907  2.02750e-02 | 15 -0.02979  1.52686e-02
 16 -0.01005  2.41293e-02 | 17 -0.04261  2.39408e-02 | 18  0.03436 -7.40246e-03
 19  0.06239 -7.08575e-03 | 20 -0.05611 -1.10905e-03 | 21 -0.02969  4.09576e-03
 22 -0.10973 -4.60634e-03 | 23 -0.02110 -1.00941e-02 | 24 -0.02915  1.57795e-02
 25 -0.03354 -8.34232e-03 | 26  0.07067 -8.29439e-03 | 27 -0.02065 -6.87245e-03
 28  0.05874  5.82185e-03 | 29 -0.04259 -1.12660e-02 | 30  0.01390  5.19859e-04
 31  0.02121  1.18982e-03 | 32  0.07518  5.95992e-03 | 33  0.16645 -3.87646e-03
 34 -0.00003 -5.84142e-03 | 35 -0.00002 -3.27326e-03 | 36  0.00001  1.36122e-03
 37  0.00000  0.00000e+00 | 38  0.00000  0.00000e+00 | 39  0.00000  0.00000e+00
 40  0.24682 -8.30608e-02 | 41  0.25624  4.54964e-02 | 42  0.26848 -8.29724e-02
 43  0.22711  1.10195e-01 | 44 -0.29949  3.18944e+00 | 45 -0.47285 -2.21151e+00
 46 -0.37445  2.26117e-02 | 47 -0.42548 -3.25998e-04 |
47 variables; iteration 80; function evaluation 97; phase 4
Function value 1.1220905e+02; maximum gradient component mag -2.3896e+00
Var    Value     Gradient |Var    Value     Gradient |Var    Value     Gradient
  1  0.02358  2.63278e-01 |  2 -0.03221 -4.70719e-03 |  3 -0.00292 -3.32907e-03
  4 -0.06144 -9.11636e-03 |  5 -0.07115 -1.28835e-02 |  6 -0.05634 -1.23858e-02
  7 -0.05764 -3.63615e-03 |  8  0.05328  6.21573e-03 |  9  0.01803  5.34275e-03
 10  0.05855  2.76819e-02 | 11  0.01556 -3.89184e-03 | 12 -0.02129 -1.74305e-03
 13  0.05216 -2.66550e-03 | 14  0.02906 -1.19961e-02 | 15 -0.02980 -9.43874e-03
 16 -0.01005 -2.75489e-03 | 17 -0.04262  3.27766e-03 | 18  0.03436 -2.86922e-03
 19  0.06239 -3.24250e-03 | 20 -0.05612 -5.65842e-03 | 21 -0.02969  1.06252e-03
 22 -0.10973  7.71527e-03 | 23 -0.02111  6.22948e-02 | 24 -0.02915 -1.09037e-02
 25 -0.03354  3.26443e-03 | 26  0.07067  3.05611e-03 | 27 -0.02065  5.89069e-03
 28  0.05874 -7.46898e-03 | 29 -0.04259 -2.97659e-03 | 30  0.01390 -1.11617e-02
 31  0.02121 -8.58412e-03 | 32  0.07517 -1.00822e-02 | 33  0.16645  1.92082e-03
 34  0.00004  6.89520e-03 | 35  0.00003  5.70355e-03 | 36 -0.00000 -7.19890e-04
 37  0.00000  0.00000e+00 | 38  0.00000  0.00000e+00 | 39  0.00000  0.00000e+00
 40  0.24682  4.24507e-02 | 41  0.25624  2.47675e-03 | 42  0.26848  6.95075e-02
 43  0.22711  1.96793e-03 | 44 -0.29334 -2.38960e+00 | 45 -0.46400  1.66254e+00
 46 -0.37445 -2.19180e-02 | 47 -0.42508 -1.62527e-04 |
47 variables; iteration 100; function evaluation 125; phase 4
Function value 1.1220865e+02; maximum gradient component mag -2.1964e+01
Var    Value     Gradient |Var    Value     Gradient |Var    Value     Gradient
  1  0.02358  2.93763e+00 |  2 -0.03217 -2.56649e-01 |  3 -0.00293 -4.23719e-01
  4 -0.06146 -1.46989e-01 |  5 -0.07116 -2.34999e-01 |  6 -0.05629 -4.98924e-01
  7 -0.05762 -1.20123e-03 |  8  0.05328  2.74235e-01 |  9  0.01804  1.63687e-01
 10  0.05855  6.98335e-01 | 11  0.01554 -1.19264e-03 | 12 -0.02126 -3.50788e-02
 13  0.05215  7.22111e-02 | 14  0.02904 -8.99541e-02 | 15 -0.02981 -1.19675e-01
 16 -0.01006 -1.94829e-01 | 17 -0.04261 -2.55464e-01 | 18  0.03436 -4.93831e-02
 19  0.06238 -1.02156e-02 | 20 -0.05613 -5.72599e-02 | 21 -0.02970  1.36604e-01
 22 -0.10973  2.07666e-01 | 23 -0.02111  1.49244e+00 | 24 -0.02916 -4.68796e-01
 25 -0.03354  8.52741e-02 | 26  0.07067 -3.58623e-02 | 27 -0.02066  2.92214e-01
 28  0.05874 -2.29248e-01 | 29 -0.04258 -1.19460e-01 | 30  0.01390 -1.86591e-01
 31  0.02120 -9.04423e-02 | 32  0.07517 -1.46809e-01 | 33  0.16644  1.48473e-01
 34  0.00027  4.64840e-02 | 35  0.00022  3.84223e-02 | 36 -0.00003 -4.96443e-03
 37  0.00000  0.00000e+00 | 38  0.00000  0.00000e+00 | 39  0.00000  0.00000e+00
 40  0.24682  9.62208e-01 | 41  0.25624  6.30948e-01 | 42  0.26849  6.40780e-01
 43  0.22711  7.90206e-01 | 44 -0.25324 -2.19638e+01 | 45 -0.40756  1.57269e+01
 46 -0.37445 -3.83337e-01 | 47 -0.42733 -9.70704e-04 |
47 variables; iteration 120; function evaluation 150; phase 4
Function value 1.1215540e+02; maximum gradient component mag -8.8068e-03
Var    Value     Gradient |Var    Value     Gradient |Var    Value     Gradient
  1  0.02374 -8.80676e-03 |  2 -0.03088 -4.34091e-05 |  3 -0.00093 -2.90887e-04
  4 -0.06271  2.11460e-04 |  5 -0.07236  2.75915e-04 |  6 -0.05548 -5.24390e-05
  7 -0.05633  2.08355e-04 |  8  0.05338  1.23670e-04 |  9  0.01883  2.47954e-06
 10  0.05997 -1.14195e-04 | 11  0.01461  2.73821e-04 | 12 -0.02103  4.23372e-05
 13  0.05143  2.35962e-04 | 14  0.02854  5.47736e-04 | 15 -0.02991  3.83226e-04
 16 -0.01059  1.79411e-05 | 17 -0.04361 -9.29543e-05 | 18  0.03420  1.22239e-04
 19  0.06191  1.84485e-04 | 20 -0.05608  2.11153e-04 | 21 -0.02992  1.05392e-04
 22 -0.11027 -1.93188e-04 | 23 -0.01968 -1.21594e-03 | 24 -0.02803 -1.53990e-04
 25 -0.03420 -1.67630e-04 | 26  0.07045 -5.94360e-04 | 27 -0.02153 -1.19572e-04
 28  0.05871 -1.82893e-04 | 29 -0.04306 -1.69202e-04 | 30  0.01373  3.27709e-04
 31  0.02098  2.86366e-04 | 32  0.07512  2.57878e-04 | 33  0.16618  5.26764e-05
 34 -0.00000 -2.51582e-04 | 35 -0.00000 -2.05472e-04 | 36  0.00000  2.78051e-05
 37  0.00000  0.00000e+00 | 38  0.00000  0.00000e+00 | 39  0.00000  0.00000e+00
 40  0.24676  2.49889e-03 | 41  0.25614 -5.58237e-04 | 42  0.26830 -3.35027e-03
 43  0.22706 -1.08212e-03 | 44 -0.21818  3.06603e-03 | 45 -0.36173 -2.21640e-03
 46 -0.37435  9.28269e-04 | 47 -0.42461  6.58509e-06 |

 - final statistics:
47 variables; iteration 124; function evaluation 154
Function value 1.1216e+02; maximum gradient component mag 5.3476e-05
Exit code = 1;  converg criter 2.0000e-04
Var    Value     Gradient |Var    Value     Gradient |Var    Value     Gradient
  1  0.02374  5.34755e-05 |  2 -0.03088 -1.91315e-06 |  3 -0.00093 -3.15971e-06
  4 -0.06271 -8.67254e-07 |  5 -0.07236 -1.46166e-06 |  6 -0.05548 -2.53821e-06
  7 -0.05633 -7.48860e-07 |  8  0.05338 -4.87101e-07 |  9  0.01883 -5.78982e-07
 10  0.05997 -8.13841e-07 | 11  0.01461 -1.46250e-06 | 12 -0.02103 -8.05928e-07
 13  0.05143 -2.40464e-07 | 14  0.02854 -1.13600e-07 | 15 -0.02991  2.83358e-07
 16 -0.01059  2.52227e-06 | 17 -0.04361  3.30337e-06 | 18  0.03420 -8.59798e-07
 19  0.06191 -9.01867e-07 | 20 -0.05608 -9.75877e-07 | 21 -0.02992 -7.42799e-08
 22 -0.11027  7.97825e-07 | 23 -0.01968  5.48812e-06 | 24 -0.02803  3.61898e-06
 25 -0.03420  8.11730e-08 | 26  0.07045  1.65112e-06 | 27 -0.02153  2.13026e-06
 28  0.05871  8.56471e-07 | 29 -0.04306  1.80910e-08 | 30  0.01373 -1.29475e-06
 31  0.02098 -6.65273e-07 | 32  0.07512 -7.60730e-07 | 33  0.16618  1.08697e-07
 34  0.00000 -1.46834e-07 | 35  0.00000 -4.93255e-08 | 36  0.00000  3.90283e-08
 37  0.00000  0.00000e+00 | 38  0.00000  0.00000e+00 | 39  0.00000  0.00000e+00
 40  0.24676 -2.74383e-05 | 41  0.25614  1.59323e-05 | 42  0.26830  1.06470e-05
 43  0.22706  2.15195e-05 | 44 -0.21818 -2.33004e-05 | 45 -0.36173  1.86098e-05
 46 -0.37435 -1.48755e-06 | 47 -0.42462 -1.26281e-09 |
Estimating row 1 out of 47 for hessian
Estimating row 2 out of 47 for hessian
Estimating row 3 out of 47 for hessian
Estimating row 4 out of 47 for hessian
Estimating row 5 out of 47 for hessian
Estimating row 6 out of 47 for hessian
Estimating row 7 out of 47 for hessian
Estimating row 8 out of 47 for hessian
Estimating row 9 out of 47 for hessian
Estimating row 10 out of 47 for hessian
Estimating row 11 out of 47 for hessian
Estimating row 12 out of 47 for hessian
Estimating row 13 out of 47 for hessian
Estimating row 14 out of 47 for hessian
Estimating row 15 out of 47 for hessian
Estimating row 16 out of 47 for hessian
Estimating row 17 out of 47 for hessian
Estimating row 18 out of 47 for hessian
Estimating row 19 out of 47 for hessian
Estimating row 20 out of 47 for hessian
Estimating row 21 out of 47 for hessian
Estimating row 22 out of 47 for hessian
Estimating row 23 out of 47 for hessian
Estimating row 24 out of 47 for hessian
Estimating row 25 out of 47 for hessian
Estimating row 26 out of 47 for hessian
Estimating row 27 out of 47 for hessian
Estimating row 28 out of 47 for hessian
Estimating row 29 out of 47 for hessian
Estimating row 30 out of 47 for hessian
Estimating row 31 out of 47 for hessian
Estimating row 32 out of 47 for hessian
Estimating row 33 out of 47 for hessian
Estimating row 34 out of 47 for hessian
Estimating row 35 out of 47 for hessian
Estimating row 36 out of 47 for hessian
Estimating row 37 out of 47 for hessian
Estimating row 38 out of 47 for hessian
Estimating row 39 out of 47 for hessian
Estimating row 40 out of 47 for hessian
Estimating row 41 out of 47 for hessian
Estimating row 42 out of 47 for hessian
Estimating row 43 out of 47 for hessian
Estimating row 44 out of 47 for hessian
Estimating row 45 out of 47 for hessian
Estimating row 46 out of 47 for hessian
Estimating row 47 out of 47 for hessian
size of file gradfil1.tmp = 0
size of file gradfil2.tmp = 0
size of file varssave.tmp = 0
size of file cmpdiff.tmp = 0
