
Initial statistics: 2 variables; iteration 0; function evaluation 0; phase 1
Function value 3.7974632e+03; maximum gradient component mag 2.0132e+04
Var    Value     Gradient |Var    Value     Gradient |Var    Value     Gradient
  1  0.33333  2.01321e+04 |  2  0.21635  1.52853e+04 |

 - final statistics:
2 variables; iteration 7; function evaluation 14
Function value 5.9170e+02; maximum gradient component mag 4.7491e+00
Exit code = 1;  converg criter 1.0000e+01
Var    Value     Gradient |Var    Value     Gradient |Var    Value     Gradient
  1  0.07516  4.74912e+00 |  2  0.19977  4.93742e-01 |

Initial statistics: 44 variables; iteration 0; function evaluation 0; phase 2
Function value 5.9170359e+02; maximum gradient component mag -4.0513e+03
Var    Value     Gradient |Var    Value     Gradient |Var    Value     Gradient
  1  0.07516  4.74912e+00 |  2  0.00000  1.20314e+01 |  3  0.00000  2.72358e+01
  4  0.00000 -6.68949e+01 |  5  0.00000  2.74759e+01 |  6  0.00000 -4.44599e+01
  7  0.00000 -1.80385e+01 |  8  0.00000  3.38375e+01 |  9  0.00000  4.73150e+00
 10  0.00000  1.11144e+01 | 11  0.00000 -4.33327e+01 | 12  0.00000  7.62870e+00
 13  0.00000 -2.37425e+01 | 14  0.00000  6.57239e+00 | 15  0.00000  7.63705e-01
 16  0.00000 -4.97611e+01 | 17  0.00000  5.06117e+00 | 18  0.00000  6.73061e+01
 19  0.00000  4.11026e+00 | 20  0.00000  1.38308e+01 | 21  0.00000 -8.21752e+01
 22  0.00000 -7.01091e+01 | 23  0.00000  8.94764e+01 | 24  0.00000 -1.30737e+01
 25  0.00000  1.56096e+02 | 26  0.00000  8.31526e+01 | 27  0.00000  1.11548e+01
 28  0.00000  1.52435e+01 | 29  0.00000 -1.81624e+02 | 30  0.00000  4.18674e+02
 31  0.00000 -5.67159e+02 | 32  0.00000  4.03823e+02 | 33  0.00000 -7.33263e+02
 34  0.00000  2.93010e+02 | 35  0.00000 -3.79824e+02 | 36  0.00000  3.07139e+01
 37  0.00000  3.71327e+02 | 38  0.00000 -5.55116e+01 | 39  0.00000  2.06971e+02
 40  0.21635  3.44049e+03 | 41  0.19977  4.93742e-01 | 42 -0.30909 -2.25728e+03
 43  0.12819  1.04655e+01 | 44 -0.30909 -4.05125e+03 |

Intermediate statistics: 44 variables; iteration 20; function evaluation 29; phase 2
Function value 2.5635217e+02; maximum gradient component mag 5.1095e+02
Var    Value     Gradient |Var    Value     Gradient |Var    Value     Gradient
  1  0.04425 -3.21113e+02 |  2 -0.08655 -2.11127e+00 |  3 -0.14020 -7.70703e+00
  4 -0.01462  5.39030e+00 |  5 -0.06557 -1.08077e-01 |  6 -0.01824  1.39381e+01
  7 -0.06290  9.08993e+00 |  8 -0.10865  3.83646e+00 |  9 -0.07161  1.06508e+01
 10 -0.06322  8.27382e+00 | 11  0.01341  1.56409e+01 | 12 -0.01091  3.96034e+00
 13  0.01838  9.78424e+00 | 14 -0.02717  7.67889e+00 | 15 -0.02728  7.63651e+00
 16  0.04446  1.86109e+01 | 17 -0.00323  1.08305e+01 | 18 -0.04955  9.19790e+00
 19  0.04555  1.72901e+01 | 20  0.02920 -8.01709e+00 | 21  0.12526  3.35154e+01
 22  0.10402  1.60329e+01 | 23 -0.01576 -4.26920e+00 | 24  0.03160  1.61355e+01
 25 -0.06891 -3.51741e+00 | 26 -0.01537 -2.22156e+01 | 27 -0.02389 -6.30106e+00
 28 -0.00791 -5.79957e+01 | 29  0.01878 -1.53541e+02 | 30 -0.01637  4.27915e+01
 31  0.08801  2.85728e+02 | 32 -0.00485 -1.21619e+02 | 33  0.07992  4.47786e+01
 34 -0.01150 -2.26666e+02 | 35  0.06215  7.93482e+01 | 36  0.00986 -2.44838e+01
 37 -0.02395  5.51934e+01 | 38  0.01666 -9.66334e+00 | 39  0.01347  2.49526e+01
 40  0.20897  5.10949e+02 | 41  0.22188 -4.03686e+02 | 42 -0.21774  2.32620e+02
 43  0.17493 -3.31492e+01 | 44 -0.26660  5.64831e+01 |
44 variables; iteration 40; function evaluation 59; phase 2
Function value 2.4444233e+02; maximum gradient component mag 1.7982e+02
Var    Value     Gradient |Var    Value     Gradient |Var    Value     Gradient
  1  0.04570  2.82301e+01 |  2 -0.08800 -3.04117e+00 |  3 -0.11364  4.62971e-01
  4 -0.00962  8.29858e+00 |  5 -0.05461  5.63178e+00 |  6 -0.01922 -7.78995e-01
  7 -0.05545  5.40487e+00 |  8 -0.10224 -1.66483e+00 |  9 -0.06945  3.62480e+00
 10 -0.06535 -1.56429e+00 | 11  0.00516 -9.83610e-02 | 12 -0.01511 -4.89780e+00
 13  0.01398 -3.22847e+00 | 14 -0.02766  2.47006e+00 | 15 -0.03349 -5.57748e+00
 16  0.04337  9.93776e+00 | 17 -0.00063  6.06248e+00 | 18 -0.04653  1.99840e+00
 19  0.04679  2.32980e+00 | 20  0.04031  1.32282e+00 | 21  0.12105  8.46573e+00
 22  0.09936 -2.87752e+00 | 23 -0.00666 -8.66671e-01 | 24  0.02546 -5.36264e+00
 25 -0.06167 -2.28466e+00 | 26 -0.00172  4.17948e+00 | 27 -0.01668  4.82276e+00
 28 -0.00591 -1.50311e+01 | 29  0.02134 -1.10184e+01 | 30 -0.02434  7.66872e-01
 31  0.06591  4.26678e+01 | 32  0.00189 -2.32325e+01 | 33  0.07915  7.48919e+00
 34  0.00941 -3.17857e+01 | 35  0.05484  1.64084e+01 | 36  0.00646 -1.45100e+00
 37 -0.03410  6.97382e+00 | 38  0.00951  1.52168e+00 | 39 -0.00207 -4.13661e+00
 40  0.20552 -2.24909e+01 | 41  0.22626 -1.15775e+01 | 42 -0.23097  1.79817e+02
 43  0.13581 -2.99697e+01 | 44 -0.26602  6.16396e+01 |

 - final statistics:
44 variables; iteration 55; function evaluation 82
Function value 2.4282e+02; maximum gradient component mag -6.8554e+00
Exit code = 1;  converg criter 1.0000e+01
Var    Value     Gradient |Var    Value     Gradient |Var    Value     Gradient
  1  0.04746 -1.92587e+00 |  2 -0.07519 -6.57306e-02 |  3 -0.11316 -7.52180e-02
  4 -0.01464 -3.23810e-01 |  5 -0.05821  4.30579e-01 |  6 -0.01774  1.88549e-01
  7 -0.05523  3.09844e-01 |  8 -0.09760 -2.32112e-02 |  9 -0.06760 -1.31837e-01
 10 -0.05909  5.81301e-02 | 11  0.00958  1.96147e-01 | 12 -0.00939 -1.30859e-01
 13  0.01594  3.34884e-01 | 14 -0.02692 -2.62619e-01 | 15 -0.02520  6.19286e-02
 16  0.03825  4.98589e-01 | 17 -0.00516 -6.75320e-02 | 18 -0.04905  7.97381e-02
 19  0.04468  4.89025e-02 | 20  0.03751 -1.71790e-01 | 21  0.11632  3.13396e-01
 22  0.10039  6.36964e-02 | 23 -0.00619 -4.77538e-02 | 24  0.02977 -1.74044e-02
 25 -0.05973  8.98969e-02 | 26 -0.00646  2.31876e-02 | 27 -0.02178  5.02126e-02
 28 -0.00438 -3.07500e-01 | 29  0.01978 -3.79154e-01 | 30 -0.02612  8.27548e-02
 31  0.06208  4.79771e-01 | 32  0.00258 -3.69268e-01 | 33  0.07928 -1.66135e-01
 34  0.01187 -7.72241e-01 | 35  0.05250  1.16915e-01 | 36  0.00516 -9.33012e-02
 37 -0.03613  7.13673e-02 | 38  0.00831 -4.45643e-02 | 39 -0.00142  2.67300e-01
 40  0.20498  1.49958e+00 | 41  0.22515 -4.77267e+00 | 42 -0.26839 -6.85538e+00
 43  0.01344  2.50282e+00 | 44 -0.26687 -2.28882e+00 |

Initial statistics: 48 variables; iteration 0; function evaluation 0; phase 3
Function value 2.4281599e+02; maximum gradient component mag -1.9595e+03
Var    Value     Gradient |Var    Value     Gradient |Var    Value     Gradient
  1  0.04746 -1.92587e+00 |  2 -0.07519 -6.57306e-02 |  3 -0.11316 -7.52180e-02
  4 -0.01464 -3.23810e-01 |  5 -0.05821  4.08058e-01 |  6 -0.01774  1.65942e-01
  7 -0.05523  2.87314e-01 |  8 -0.09760 -4.55613e-02 |  9 -0.06760 -1.54325e-01
 10 -0.05909  3.56121e-02 | 11  0.00957  1.73534e-01 | 12 -0.00939 -1.53472e-01
 13  0.01594  3.12276e-01 | 14 -0.02692 -2.85215e-01 | 15 -0.02520  3.93309e-02
 16  0.03825  4.76015e-01 | 17 -0.00516 -9.01466e-02 | 18 -0.04905  5.71898e-02
 19  0.04468  2.63429e-02 | 20  0.03751 -1.94366e-01 | 21  0.11632  2.91157e-01
 22  0.10039  4.13616e-02 | 23 -0.00619 -7.03681e-02 | 24  0.02977 -3.99950e-02
 25 -0.05973  6.73810e-02 | 26 -0.00646  5.73387e-04 | 27 -0.02178  2.76105e-02
 28 -0.00438 -3.30114e-01 | 29  0.01978 -4.01758e-01 | 30 -0.02612  6.01585e-02
 31  0.06208  4.57264e-01 | 32  0.00258 -3.91883e-01 | 33  0.07927 -1.88575e-01
 34  0.01187 -7.94852e-01 | 35  0.05250  9.43763e-02 | 36  0.00516 -1.15916e-01
 37 -0.03614  4.87884e-02 | 38  0.00831 -6.71777e-02 | 39 -0.00142  2.44685e-01
 40  0.20498  1.49958e+00 | 41  0.21635 -1.95950e+03 | 42  0.22515 -4.77267e+00
 43 -0.26839 -6.85538e+00 | 44  0.01344  2.50282e+00 | 45 -0.30909 -1.23091e+03
 46 -0.43452  1.00376e-03 | 47 -0.26687 -2.28882e+00 | 48 -0.36199  1.00401e+01

Intermediate statistics: 48 variables; iteration 20; function evaluation 28; phase 3
Function value 1.4840521e+02; maximum gradient component mag -4.8676e+03
Var    Value     Gradient |Var    Value     Gradient |Var    Value     Gradient
  1  0.01581 -4.86756e+03 |  2 -0.07090 -8.98463e+00 |  3 -0.10542 -1.60012e+01
  4  0.01129 -7.82430e+01 |  5 -0.02002 -4.04838e+01 |  6  0.01180 -2.39746e+02
  7 -0.04116  6.81811e+01 |  8 -0.09362  7.03213e+01 |  9 -0.06356  5.93107e+01
 10 -0.07680  7.46485e+01 | 11 -0.00198  2.13833e+01 | 12 -0.02991 -4.84101e+01
 13  0.09119 -2.87707e+02 | 14 -0.02835 -7.18966e+01 | 15 -0.01286  4.88333e+01
 16  0.07607 -4.59726e+01 | 17  0.02438 -1.02842e+02 | 18 -0.03233 -8.45445e+01
 19 -0.00513  3.33064e+01 | 20 -0.02217 -2.72951e+01 | 21  0.04845  1.01784e+02
 22  0.03963  8.67403e+01 | 23 -0.06256  6.28158e+01 | 24 -0.02618  6.81920e+01
 25 -0.09791  5.90144e+01 | 26  0.00121  3.32458e+01 | 27 -0.01277  2.61725e+01
 28 -0.00294 -3.62169e+01 | 29  0.05786 -2.93007e+02 | 30  0.00300 -6.36921e+01
 31  0.06317  1.71772e+01 | 32 -0.00866  6.30959e+01 | 33  0.07279  7.42578e+01
 34  0.01704  4.63489e+01 | 35  0.06831  7.62145e+01 | 36  0.03712  6.80077e+01
 37 -0.00286  1.04550e+02 | 38  0.03579  2.90527e+02 | 39  0.00207  7.75872e+01
 40  0.26160  5.38727e+02 | 41  0.27167 -2.21135e+02 | 42  0.25064 -3.36720e+02
 43 -0.27358  1.86902e+02 | 44 -0.02298 -6.26408e+01 | 45 -0.27530  8.71216e+01
 46 -0.44721 -7.54408e+01 | 47 -0.27376 -3.74019e+02 | 48 -0.41328  1.85319e+02
48 variables; iteration 40; function evaluation 51; phase 3
Function value 1.3973118e+02; maximum gradient component mag -2.5285e+03
Var    Value     Gradient |Var    Value     Gradient |Var    Value     Gradient
  1  0.01730 -2.52845e+03 |  2 -0.07366 -5.27370e+00 |  3 -0.12601 -1.39646e+01
  4  0.01525 -2.82668e+01 |  5 -0.01947 -2.54982e+00 |  6  0.01357 -8.80433e+01
  7 -0.03952  4.28999e+01 |  8 -0.09702  3.38846e+01 |  9 -0.06854  2.15746e+01
 10 -0.08525  3.83925e+01 | 11 -0.00988 -1.09820e+01 | 12  0.00487 -3.37591e+01
 13  0.08158 -1.84398e+02 | 14 -0.01005 -3.62266e+01 | 15 -0.00948  2.73621e+01
 16  0.06587 -4.33471e+01 | 17  0.02855 -5.78475e+01 | 18 -0.03584 -4.22101e+01
 19 -0.00747  4.74884e+00 | 20 -0.02451 -2.27815e+01 | 21  0.04524  4.40589e+01
 22  0.03820  4.42075e+01 | 23 -0.05861  3.88967e+01 | 24 -0.02294  3.66595e+01
 25 -0.08811  4.25735e+01 | 26 -0.00516  2.31792e+00 | 27 -0.01486  1.53500e+01
 28 -0.00545 -2.53155e+01 | 29  0.05743 -8.91853e+01 | 30  0.00161 -3.62775e+01
 31  0.06174  4.13446e+00 | 32 -0.00895  3.82575e+01 | 33  0.07180  4.22626e+01
 34  0.01644  2.11212e+01 | 35  0.06653  4.92609e+01 | 36  0.03519  4.22799e+01
 37 -0.00433  6.45770e+01 | 38  0.03196  1.42560e+02 | 39 -0.00059  4.50372e+01
 40  0.25700  1.23224e+02 | 41  0.27214 -1.11704e+02 | 42  0.25165 -1.32239e+02
 43 -0.27275  3.67228e+02 | 44 -0.02282 -1.25818e+02 | 45 -0.27816 -3.03593e+01
 46 -0.44803  2.45733e+01 | 47 -0.27247 -2.58349e+02 | 48 -0.41027  1.26936e+02
48 variables; iteration 60; function evaluation 80; phase 3
Function value 1.3541909e+02; maximum gradient component mag -8.8286e+02
Var    Value     Gradient |Var    Value     Gradient |Var    Value     Gradient
  1  0.01880 -8.82860e+02 |  2 -0.06847 -1.64117e+00 |  3 -0.09765 -1.37628e+00
  4  0.01172 -7.27577e+00 |  5 -0.02411  5.72671e+00 |  6  0.01431  3.09081e-01
  7 -0.04642  8.45347e+00 |  8 -0.09887  1.11686e+01 |  9 -0.06320  1.59533e+01
 10 -0.07101  1.21377e+01 | 11  0.02532  8.90349e+00 | 12  0.02798  1.10928e+01
 13  0.06904 -4.44494e+00 | 14  0.00405  1.29609e+00 | 15 -0.00449  1.43837e+01
 16  0.07705  1.94532e+01 | 17  0.03382  3.13368e+01 | 18 -0.05077  8.15728e+00
 19 -0.01070  4.14315e+00 | 20 -0.02596  1.04842e+01 | 21  0.04169  9.98270e+00
 22  0.03341  1.11071e+01 | 23 -0.06058  1.53573e+01 | 24 -0.02580  9.07697e+00
 25 -0.09590  1.16047e+01 | 26 -0.00538  1.35122e+01 | 27 -0.01320  1.36787e+01
 28 -0.00348 -1.61128e+01 | 29  0.05333 -6.44679e+01 | 30  0.00008 -1.46271e+01
 31  0.05904 -1.42411e+01 | 32 -0.01268  1.84736e+01 | 33  0.06861 -5.79195e+00
 34  0.01361 -5.99836e+00 | 35  0.06210 -2.12567e+01 | 36  0.03155 -2.80724e+01
 37 -0.00913 -2.72852e+01 | 38  0.02226 -7.04350e+01 | 39 -0.01578  1.49642e+01
 40  0.25611 -5.68537e+00 | 41  0.27362 -6.17265e+00 | 42  0.25366  8.62994e+00
 43 -0.26861  1.24928e+02 | 44 -0.00931 -4.21233e+01 | 45 -0.28193  1.40589e+01
 46 -0.45242 -1.12572e+01 | 47 -0.24481 -4.35273e+02 | 48 -0.35498  2.06665e+02
48 variables; iteration 80; function evaluation 105; phase 3
Function value 1.2495301e+02; maximum gradient component mag 8.3775e+01
Var    Value     Gradient |Var    Value     Gradient |Var    Value     Gradient
  1  0.01727  3.14115e+01 |  2 -0.06306  3.19833e-01 |  3 -0.09500  5.67303e-01
  4  0.01506  2.35036e+00 |  5 -0.02041  3.64765e+00 |  6  0.01826  9.98351e+00
  7 -0.04061  2.38820e+00 |  8 -0.09193  4.00336e+00 |  9 -0.05613  1.09525e+01
 10 -0.06565 -9.63370e-01 | 11  0.02964 -1.19751e+00 | 12  0.02730 -3.98834e+00
 13  0.07441 -9.73476e+00 | 14  0.00926 -2.36769e+00 | 15 -0.00230  1.06223e+00
 16  0.07974  5.21911e+00 | 17  0.03193  7.43278e+00 | 18 -0.04279  4.14214e+00
 19 -0.01057  2.96436e-01 | 20 -0.02159  6.42276e-01 | 21  0.03790  8.78091e-01
 22  0.03077  7.06164e-01 | 23 -0.06551  5.68330e-01 | 24 -0.02792 -1.50949e-01
 25 -0.09754 -8.36700e-01 | 26 -0.00389 -5.44715e+00 | 27 -0.02098 -1.19957e+00
 28 -0.01372 -9.65372e-01 | 29  0.05450 -5.73493e+00 | 30  0.00130  4.01632e+00
 31  0.05502  1.71876e+00 | 32 -0.02291 -3.19155e-01 | 33  0.04665 -2.35578e+00
 34 -0.00053  2.93284e+00 | 35  0.05490 -4.00095e+00 | 36  0.02989 -1.70816e+00
 37 -0.00635 -4.33173e-01 | 38  0.02902 -4.76435e+00 | 39  0.00086 -4.98074e-01
 40  0.26028 -2.35654e+01 | 41  0.27733  1.30444e+01 | 42  0.27906 -9.04657e-01
 43 -0.24483  2.39244e+01 | 44  0.05596 -5.23838e+00 | 45 -0.29402  8.37755e+01
 46 -0.46814 -6.81057e+01 | 47 -0.12634 -5.40556e+00 | 48 -0.23897 -8.62792e-02
48 variables; iteration 100; function evaluation 126; phase 3
Function value 1.2479030e+02; maximum gradient component mag -3.4063e+00
Var    Value     Gradient |Var    Value     Gradient |Var    Value     Gradient
  1  0.01673 -3.40630e+00 |  2 -0.06306  4.79331e-03 |  3 -0.09490  7.34750e-03
  4  0.01570  2.61100e-02 |  5 -0.01960  9.02663e-02 |  6  0.01881  1.73326e-01
  7 -0.04290  3.10072e-02 |  8 -0.09728  2.76334e-02 |  9 -0.06453 -1.72973e-02
 10 -0.07334  3.98654e-02 | 11  0.02739  1.06503e-02 | 12  0.02837 -6.61457e-02
 13  0.07609 -4.43060e-01 | 14  0.01092 -3.50041e-02 | 15 -0.00151  4.58125e-02
 16  0.08007  2.54841e-02 | 17  0.03208  2.48131e-02 | 18 -0.04108  1.06672e-01
 19 -0.00974  4.81443e-02 | 20 -0.02062  5.00862e-02 | 21  0.03836  3.25963e-02
 22  0.03151  4.33752e-02 | 23 -0.06499  5.86157e-02 | 24 -0.02743  6.38837e-02
 25 -0.09691  5.28425e-02 | 26 -0.00255  2.93142e-02 | 27 -0.02018  3.63885e-02
 28 -0.01327  1.13253e-02 | 29  0.05568 -1.29407e-01 | 30  0.00233 -1.24702e-01
 31  0.05586 -8.45285e-02 | 32 -0.02220  1.00321e-01 | 33  0.04704 -2.10413e-02
 34 -0.00028  4.06528e-02 | 35  0.05581 -2.25912e-02 | 36  0.03086 -2.13855e-02
 37 -0.00532 -4.02058e-02 | 38  0.03014 -1.87082e-01 | 39  0.00195  7.32428e-02
 40  0.26053 -3.13056e-02 | 41  0.27733 -5.03093e-02 | 42  0.27980  3.80259e-02
 43 -0.27368  2.00091e+00 | 44 -0.02749 -6.90175e-01 | 45 -0.29312 -5.55186e-01
 46 -0.46693  4.45486e-01 | 47 -0.12417 -3.69224e-01 | 48 -0.23806  3.81846e-01
48 variables; iteration 120; function evaluation 146; phase 3
Function value 1.2479024e+02; maximum gradient component mag 8.1860e-01
Var    Value     Gradient |Var    Value     Gradient |Var    Value     Gradient
  1  0.01673  8.18604e-01 |  2 -0.06307 -1.90477e-03 |  3 -0.09491 -3.11269e-03
  4  0.01570 -1.01739e-02 |  5 -0.01960 -2.68141e-02 |  6  0.01881 -5.82845e-02
  7 -0.04289 -1.39996e-02 |  8 -0.09728 -1.29094e-02 |  9 -0.06451 -6.80183e-03
 10 -0.07333 -1.31848e-02 | 11  0.02737 -1.23239e-02 | 12  0.02835 -1.24211e-02
 13  0.07611 -1.93960e-02 | 14  0.01093 -1.74727e-02 | 15 -0.00150 -1.21873e-02
 16  0.08008 -1.17836e-02 | 17  0.03210 -1.46032e-02 | 18 -0.04110 -4.11945e-02
 19 -0.00974 -1.28076e-02 | 20 -0.02062 -2.39659e-02 | 21  0.03836 -1.24595e-02
 22  0.03151 -1.15198e-02 | 23 -0.06500 -1.33183e-02 | 24 -0.02744 -1.27193e-02
 25 -0.09691 -1.15155e-02 | 26 -0.00255 -4.21766e-04 | 27 -0.02017 -4.46226e-03
 28 -0.01329  2.24544e-02 | 29  0.05569  1.08247e-01 | 30  0.00233  8.84960e-02
 31  0.05586  3.77893e-02 | 32 -0.02221 -1.98359e-02 | 33  0.04703  1.26394e-02
 34 -0.00030 -7.62759e-03 | 35  0.05581  2.06998e-02 | 36  0.03085  2.35876e-02
 37 -0.00532  4.17095e-02 | 38  0.03015  3.05103e-02 | 39  0.00195 -1.74966e-02
 40  0.26054  9.06702e-03 | 41  0.27733  2.57142e-02 | 42  0.27981 -1.72228e-02
 43 -0.27994 -6.33117e-01 | 44 -0.04536  2.21820e-01 | 45 -0.29278  1.79730e-01
 46 -0.46651 -1.49693e-01 | 47 -0.12411  1.01170e-01 | 48 -0.23803 -1.09251e-01
48 variables; iteration 140; function evaluation 167; phase 3
Function value 1.2479017e+02; maximum gradient component mag -2.9949e+00
Var    Value     Gradient |Var    Value     Gradient |Var    Value     Gradient
  1  0.01673  2.16892e+00 |  2 -0.06306  1.15541e-03 |  3 -0.09490  1.35801e-03
  4  0.01571  1.99373e-03 |  5 -0.01960 -2.16471e-02 |  6  0.01881  8.57694e-03
  7 -0.04289 -3.27037e-02 |  8 -0.09727 -3.08211e-02 |  9 -0.06452 -3.41304e-02
 10 -0.07333 -3.15653e-02 | 11  0.02737 -2.83806e-02 | 12  0.02836 -2.54875e-02
 13  0.07610 -3.98781e-02 | 14  0.01093 -3.49582e-02 | 15 -0.00150 -3.15309e-02
 16  0.08008 -3.16739e-02 | 17  0.03209 -2.96374e-02 | 18 -0.04109 -2.99938e-03
 19 -0.00974 -3.07072e-02 | 20 -0.02062 -2.03934e-02 | 21  0.03836 -3.24458e-02
 22  0.03151 -2.79645e-02 | 23 -0.06500 -2.37699e-02 | 24 -0.02744 -8.82684e-03
 25 -0.09691 -4.22561e-03 | 26 -0.00255  8.38204e-02 | 27 -0.02017 -1.46191e-02
 28 -0.01328  6.81521e-04 | 29  0.05568  9.58106e-02 | 30  0.00233  1.19371e-01
 31  0.05586  3.39401e-02 | 32 -0.02221 -1.70673e-02 | 33  0.04703 -3.32553e-02
 34 -0.00029 -1.01115e-02 | 35  0.05581  1.53720e-02 | 36  0.03085  7.66661e-02
 37 -0.00533  1.32250e-01 | 38  0.03015  5.40772e-02 | 39  0.00194  8.45000e-03
 40  0.26053  1.46074e-01 | 41  0.27733 -4.42203e-03 | 42  0.27981  5.86862e-02
 43 -0.27703 -2.99490e+00 | 44 -0.03705  1.05052e+00 | 45 -0.27684 -7.38039e-01
 46 -0.44698  6.02806e-01 | 47 -0.12412 -1.01779e-02 | 48 -0.23804 -5.59333e-03
48 variables; iteration 160; function evaluation 204; phase 3
Function value 1.2477780e+02; maximum gradient component mag -1.4571e+02
Var    Value     Gradient |Var    Value     Gradient |Var    Value     Gradient
  1  0.01672 -2.66138e+01 |  2 -0.06299  2.95434e-02 |  3 -0.09484  4.17631e-02
  4  0.01571  1.11482e-01 |  5 -0.01961  6.00983e-01 |  6  0.01885  1.17762e+00
  7 -0.04286  4.21078e-01 |  8 -0.09725  4.20801e-01 |  9 -0.06450  4.44332e-01
 10 -0.07332  3.94605e-01 | 11  0.02739  4.04908e-01 | 12  0.02839  4.52618e-01
 13  0.07610  4.37732e-01 | 14  0.01096  4.35818e-01 | 15 -0.00149  4.05360e-01
 16  0.08007  4.31808e-01 | 17  0.03208  4.85063e-01 | 18 -0.04103  6.93893e-01
 19 -0.00975 -6.01320e-01 | 20 -0.02060  3.79227e-01 | 21  0.03830 -5.35697e-01
 22  0.03145 -2.82860e-01 | 23 -0.06504  2.26701e-01 | 24 -0.02757 -1.92697e-01
 25 -0.09696  9.88733e-02 | 26 -0.00250  7.31810e-01 | 27 -0.02017  2.88376e-01
 28 -0.01328 -6.87935e-01 | 29  0.05570 -1.25229e+00 | 30  0.00232 -1.77673e+00
 31  0.05586 -1.49100e+00 | 32 -0.02218 -2.71737e-01 | 33  0.04702 -1.30581e+00
 34 -0.00033 -5.17890e-01 | 35  0.05580 -6.56020e-01 | 36  0.03086  2.86172e-01
 37 -0.00532  5.12752e-01 | 38  0.03016  5.18309e-02 | 39  0.00197  4.31253e-01
 40  0.26122 -2.86969e+01 | 41  0.27733 -6.73543e-01 | 42  0.27981  4.38975e-01
 43 -0.30784 -1.45709e+02 | 44 -0.12464  5.13398e+01 | 45 -0.21791  6.39707e+00
 46 -0.37798 -5.19327e+00 | 47 -0.12417 -1.03304e+00 | 48 -0.23807  9.90216e-01
48 variables; iteration 180; function evaluation 272; phase 3
Function value 1.2474182e+02; maximum gradient component mag -4.4546e+03
Var    Value     Gradient |Var    Value     Gradient |Var    Value     Gradient
  1  0.01668  2.17860e+00 |  2 -0.06304 -1.73594e-04 |  3 -0.09486 -3.89198e-04
  4  0.01578 -3.56288e-03 |  5 -0.01951 -3.11582e-02 |  6  0.01892 -2.42671e-02
  7 -0.04281 -3.46083e-02 |  8 -0.09719 -3.41371e-02 |  9 -0.06442 -3.61009e-02
 10 -0.07328 -2.99585e-02 | 11  0.02744 -2.41204e-02 | 12  0.02844 -1.32465e-02
 13  0.07623  3.90198e-02 | 14  0.01101 -2.46796e-02 | 15 -0.00143 -3.26959e-02
 16  0.08018 -3.09017e-02 | 17  0.03220 -2.95960e-02 | 18 -0.04100 -2.53354e-02
 19 -0.00952 -3.63530e-02 | 20 -0.02058 -2.61460e-02 | 21  0.03789 -3.60604e-02
 22  0.03116 -3.29483e-02 | 23 -0.06563 -2.98392e-02 | 24 -0.02853 -2.27847e-02
 25 -0.09734 -1.51019e-02 | 26 -0.00212  6.18198e-02 | 27 -0.02013 -1.66491e-02
 28 -0.01306  2.12295e-03 | 29  0.05577  1.01202e-01 | 30  0.00245  1.32318e-01
 31  0.05587  3.64080e-02 | 32 -0.02221 -3.09068e-02 | 33  0.04714 -2.29408e-02
 34 -0.00037 -1.67685e-02 | 35  0.05584  2.25722e-02 | 36  0.03095  7.33592e-02
 37 -0.00525  1.30152e-01 | 38  0.03029  6.79612e-02 | 39  0.00212 -6.72208e-03
 40  0.26543 -1.17842e-01 | 41  0.27739  2.11910e-03 | 42  0.27988  2.69674e-02
 43 -0.30903 -4.45458e+03 | 44 -0.12803  1.56999e+03 | 45 -0.18398  5.76386e-02
 46 -0.34480 -4.16234e-02 | 47 -0.12397  4.26746e-02 | 48 -0.23800 -5.92188e-02
48 variables; iteration 200; function evaluation 292; phase 3
Function value 1.2474180e+02; maximum gradient component mag -4.5456e+00
Var    Value     Gradient |Var    Value     Gradient |Var    Value     Gradient
  1  0.01668  2.07759e-02 |  2 -0.06304  5.78344e-06 |  3 -0.09487  2.44624e-05
  4  0.01577 -5.23302e-06 |  5 -0.01951 -2.46494e-04 |  6  0.01892  2.74565e-05
  7 -0.04282 -3.14046e-04 |  8 -0.09720 -3.34064e-04 |  9 -0.06442 -3.85078e-04
 10 -0.07329 -2.39261e-04 | 11  0.02744 -2.63479e-04 | 12  0.02844 -2.72615e-05
 13  0.07624  9.58311e-04 | 14  0.01100 -1.18262e-04 | 15 -0.00144 -2.94009e-04
 16  0.08017 -2.71794e-04 | 17  0.03220 -1.45672e-04 | 18 -0.04099 -1.46419e-04
 19 -0.00953 -3.00391e-04 | 20 -0.02058 -9.74681e-05 | 21  0.03788 -2.58579e-04
 22  0.03115 -2.76675e-04 | 23 -0.06563 -2.53045e-04 | 24 -0.02854 -1.92082e-04
 25 -0.09734 -8.81230e-05 | 26 -0.00211  6.48687e-04 | 27 -0.02013 -1.33102e-04
 28 -0.01306  2.59193e-04 | 29  0.05577  3.69950e-04 | 30  0.00246  6.79069e-04
 31  0.05588  3.56116e-04 | 32 -0.02221 -1.89402e-04 | 33  0.04714 -3.56896e-04
 34 -0.00037 -1.81058e-04 | 35  0.05584  4.97192e-04 | 36  0.03095  5.75774e-04
 37 -0.00524  6.97615e-04 | 38  0.03030  5.09591e-04 | 39  0.00214 -9.01297e-05
 40  0.26543  2.68563e-03 | 41  0.27739 -1.30816e-04 | 42  0.27988  3.87262e-04
 43 -0.30899 -4.54564e+00 | 44 -0.12790  1.60120e+00 | 45 -0.18397 -1.15378e-03
 46 -0.34478  1.09041e-03 | 47 -0.12396 -2.20408e-04 | 48 -0.23799  2.74878e-05
48 variables; iteration 220; function evaluation 318; phase 3
Function value 1.2474175e+02; maximum gradient component mag 3.5848e+00
Var    Value     Gradient |Var    Value     Gradient |Var    Value     Gradient
  1  0.01668  2.40215e-02 |  2 -0.06305 -4.02871e-05 |  3 -0.09487 -6.71810e-05
  4  0.01576 -2.57828e-04 |  5 -0.01951 -6.77626e-04 |  6  0.01892 -1.22036e-03
  7 -0.04282 -4.61326e-04 |  8 -0.09721 -4.59100e-04 |  9 -0.06442 -4.42634e-04
 10 -0.07329 -3.29949e-04 | 11  0.02744 -2.67861e-04 | 12  0.02844 -1.27295e-04
 13  0.07624  5.01226e-04 | 14  0.01099 -3.31907e-04 | 15 -0.00145 -3.89502e-04
 16  0.08017 -4.21415e-04 | 17  0.03220 -4.72558e-04 | 18 -0.04099 -9.18181e-04
 19 -0.00953 -1.01088e-03 | 20 -0.02058 -5.71817e-04 | 21  0.03788 -9.67927e-04
 22  0.03115 -7.24570e-04 | 23 -0.06563 -4.00346e-04 | 24 -0.02854 -5.87123e-04
 25 -0.09734 -2.77832e-04 | 26 -0.00211  9.02920e-04 | 27 -0.02014 -1.36169e-04
 28 -0.01306  1.19550e-04 | 29  0.05577  2.59135e-03 | 30  0.00247  2.86205e-03
 31  0.05588  6.81678e-04 | 32 -0.02221 -8.73385e-04 | 33  0.04714 -2.97277e-05
 34 -0.00037 -2.65368e-04 | 35  0.05584  7.00833e-04 | 36  0.03095  1.14180e-03
 37 -0.00524  1.63413e-03 | 38  0.03030  7.93795e-04 | 39  0.00215 -1.05798e-04
 40  0.26543 -9.69067e-03 | 41  0.27739  6.02746e-04 | 42  0.27988 -2.70075e-04
 43 -0.29355  3.58480e+00 | 44 -0.08411 -1.26368e+00 | 45 -0.18396  1.24975e-03
 46 -0.34478  1.04584e-03 | 47 -0.12396  2.55381e-03 | 48 -0.23799 -2.80523e-03
48 variables; iteration 240; function evaluation 338; phase 3
Function value 1.2474175e+02; maximum gradient component mag 3.6020e+00
Var    Value     Gradient |Var    Value     Gradient |Var    Value     Gradient
  1  0.01668  5.45381e-01 |  2 -0.06304  9.33282e-04 |  3 -0.09487  1.91198e-03
  4  0.01576  6.67892e-03 |  5 -0.01951  4.93793e-03 |  6  0.01892  2.86589e-02
  7 -0.04282 -8.38579e-03 |  8 -0.09721 -9.36622e-03 |  9 -0.06443 -1.54509e-02
 10 -0.07329 -5.97115e-03 | 11  0.02743 -3.32647e-03 | 12  0.02843  3.67405e-03
 13  0.07625  5.73443e-02 | 14  0.01099  2.51190e-03 | 15 -0.00145 -7.37916e-03
 16  0.08017 -4.28712e-03 | 17  0.03220  8.32920e-05 | 18 -0.04099  1.22461e-02
 19 -0.00953  1.67497e-03 | 20 -0.02058  4.51194e-03 | 21  0.03788  1.46768e-03
 22  0.03116 -2.71345e-03 | 23 -0.06563 -5.30958e-03 | 24 -0.02853 -1.65812e-03
 25 -0.09734 -1.40560e-03 | 26 -0.00211  1.25328e-02 | 27 -0.02014 -6.29772e-03
 28 -0.01306 -1.43921e-02 | 29  0.05577 -3.47185e-02 | 30  0.00247 -1.18220e-02
 31  0.05588 -4.83355e-03 | 32 -0.02221  4.60532e-03 | 33  0.04714 -1.73081e-02
 34 -0.00037 -4.03466e-03 | 35  0.05585 -6.03604e-03 | 36  0.03095  6.94611e-03
 37 -0.00524  2.35278e-02 | 38  0.03030  1.86999e-02 | 39  0.00215  2.40237e-03
 40  0.26542  1.26195e-01 | 41  0.27739 -2.79209e-02 | 42  0.27987  2.34027e-02
 43 -0.29298  3.60205e+00 | 44 -0.08249 -1.26962e+00 | 45 -0.18399 -2.98643e-02
 46 -0.34481  5.17385e-03 | 47 -0.12397 -7.35900e-02 | 48 -0.23800  6.91498e-02
48 variables; iteration 260; function evaluation 360; phase 3
Function value 1.2474172e+02; maximum gradient component mag -1.4464e-02
Var    Value     Gradient |Var    Value     Gradient |Var    Value     Gradient
  1  0.01668 -1.44639e-02 |  2 -0.06304  2.25560e-06 |  3 -0.09487  5.29351e-06
  4  0.01577  1.98412e-05 |  5 -0.01951  2.01015e-04 |  6  0.01892  1.65846e-04
  7 -0.04282  2.29317e-04 |  8 -0.09720  2.21960e-04 |  9 -0.06442  2.35489e-04
 10 -0.07329  2.03559e-04 | 11  0.02744  1.59558e-04 | 12  0.02844  1.03373e-04
 13  0.07624 -1.69114e-04 | 14  0.01100  1.77060e-04 | 15 -0.00144  2.15205e-04
 16  0.08017  2.04626e-04 | 17  0.03220  2.01463e-04 | 18 -0.04099  1.56650e-04
 19 -0.00953  1.92333e-04 | 20 -0.02058  1.72669e-04 | 21  0.03788  2.00515e-04
 22  0.03115  1.86886e-04 | 23 -0.06563  1.88793e-04 | 24 -0.02854  1.20381e-04
 25 -0.09734  8.86011e-05 | 26 -0.00211 -3.78475e-04 | 27 -0.02013  1.05152e-04
 28 -0.01306 -1.68439e-05 | 29  0.05577 -6.50967e-04 | 30  0.00246 -8.46360e-04
 31  0.05588 -2.62579e-04 | 32 -0.02221  1.64323e-04 | 33  0.04714  1.25511e-04
 34 -0.00037  7.66336e-05 | 35  0.05584 -1.64255e-04 | 36  0.03095 -4.55388e-04
 37 -0.00524 -7.88880e-04 | 38  0.03030 -4.37443e-04 | 39  0.00214  3.76669e-05
 40  0.26543 -2.76704e-04 | 41  0.27739 -2.15548e-05 | 42  0.27988 -1.93876e-04
 43 -0.27946  7.46059e-03 | 44 -0.04402 -2.61653e-03 | 45 -0.18397 -1.50419e-05
 46 -0.34479  1.13713e-04 | 47 -0.12396 -2.60150e-04 | 48 -0.23799  3.65585e-04

 - final statistics:
48 variables; iteration 263; function evaluation 363
Function value 1.2474e+02; maximum gradient component mag 2.8953e-05
Exit code = 1;  converg criter 1.0000e-04
Var    Value     Gradient |Var    Value     Gradient |Var    Value     Gradient
  1  0.01668  2.89529e-05 |  2 -0.06304 -8.47780e-08 |  3 -0.09487 -2.12424e-07
  4  0.01577  2.69362e-07 |  5 -0.01951  1.12525e-08 |  6  0.01892 -2.16712e-07
  7 -0.04282 -4.10522e-07 |  8 -0.09720 -3.32957e-07 |  9 -0.06442 -3.93162e-07
 10 -0.07329 -4.44459e-07 | 11  0.02744 -3.52212e-08 | 12  0.02844 -2.47230e-07
 13  0.07624  1.85854e-07 | 14  0.01100 -3.08479e-07 | 15 -0.00144 -3.01534e-07
 16  0.08017 -1.69930e-07 | 17  0.03220 -2.03125e-07 | 18 -0.04099 -9.91702e-08
 19 -0.00953 -8.32669e-07 | 20 -0.02058 -5.90818e-07 | 21  0.03788 -5.25103e-07
 22  0.03115 -3.77309e-07 | 23 -0.06563 -1.58650e-07 | 24 -0.02854  6.90060e-08
 25 -0.09734  1.08208e-07 | 26 -0.00211  3.82816e-07 | 27 -0.02013 -1.62415e-08
 28 -0.01306 -7.41217e-07 | 29  0.05577  1.90616e-06 | 30  0.00246  9.05006e-07
 31  0.05588  1.18411e-07 | 32 -0.02221  3.76905e-07 | 33  0.04714 -1.83111e-06
 34 -0.00037  2.98136e-07 | 35  0.05584  3.81941e-06 | 36  0.03095  2.03668e-06
 37 -0.00524 -1.08180e-06 | 38  0.03030  6.21829e-07 | 39  0.00214 -1.07081e-08
 40  0.26543  5.53095e-07 | 41  0.27739  5.93023e-07 | 42  0.27988  8.96431e-07
 43 -0.27946 -1.18402e-05 | 44 -0.04402  4.15302e-06 | 45 -0.18397  9.65305e-08
 46 -0.34479 -2.93591e-07 | 47 -0.12396  6.45033e-07 | 48 -0.23799 -1.07860e-06
Estimating row 1 out of 48 for hessian
Estimating row 2 out of 48 for hessian
Estimating row 3 out of 48 for hessian
Estimating row 4 out of 48 for hessian
Estimating row 5 out of 48 for hessian
Estimating row 6 out of 48 for hessian
Estimating row 7 out of 48 for hessian
Estimating row 8 out of 48 for hessian
Estimating row 9 out of 48 for hessian
Estimating row 10 out of 48 for hessian
Estimating row 11 out of 48 for hessian
Estimating row 12 out of 48 for hessian
Estimating row 13 out of 48 for hessian
Estimating row 14 out of 48 for hessian
Estimating row 15 out of 48 for hessian
Estimating row 16 out of 48 for hessian
Estimating row 17 out of 48 for hessian
Estimating row 18 out of 48 for hessian
Estimating row 19 out of 48 for hessian
Estimating row 20 out of 48 for hessian
Estimating row 21 out of 48 for hessian
Estimating row 22 out of 48 for hessian
Estimating row 23 out of 48 for hessian
Estimating row 24 out of 48 for hessian
Estimating row 25 out of 48 for hessian
Estimating row 26 out of 48 for hessian
Estimating row 27 out of 48 for hessian
Estimating row 28 out of 48 for hessian
Estimating row 29 out of 48 for hessian
Estimating row 30 out of 48 for hessian
Estimating row 31 out of 48 for hessian
Estimating row 32 out of 48 for hessian
Estimating row 33 out of 48 for hessian
Estimating row 34 out of 48 for hessian
Estimating row 35 out of 48 for hessian
Estimating row 36 out of 48 for hessian
Estimating row 37 out of 48 for hessian
Estimating row 38 out of 48 for hessian
Estimating row 39 out of 48 for hessian
Estimating row 40 out of 48 for hessian
Estimating row 41 out of 48 for hessian
Estimating row 42 out of 48 for hessian
Estimating row 43 out of 48 for hessian
Estimating row 44 out of 48 for hessian
Estimating row 45 out of 48 for hessian
Estimating row 46 out of 48 for hessian
Estimating row 47 out of 48 for hessian
Estimating row 48 out of 48 for hessian
size of file gradfil1.tmp = 0
size of file gradfil2.tmp = 0
size of file varssave.tmp = 0
size of file cmpdiff.tmp = 0
